q21#####[{"Plan": {"Node Type": "Limit", "Parallel Aware": false, "Startup Cost": 44878.58, "Total Cost": 44878.58, "Plan Rows": 1, "Plan Width": 34, "Actual Startup Time": 0.055, "Actual Total Time": 0.056, "Actual Rows": 0, "Actual Loops": 1, "Output": ["supplier.s_name", "(count(*))"], "Plans": [{"Node Type": "Sort", "Parent Relationship": "Outer", "Parallel Aware": false, "Startup Cost": 44878.58, "Total Cost": 44878.58, "Plan Rows": 1, "Plan Width": 34, "Actual Startup Time": 0.054, "Actual Total Time": 0.054, "Actual Rows": 0, "Actual Loops": 1, "Output": ["supplier.s_name", "(count(*))"], "Sort Key": ["(count(*)) DESC", "supplier.s_name"], "Sort Method": "quicksort", "Sort Space Used": 25, "Sort Space Type": "Memory", "Plans": [{"Node Type": "Aggregate", "Strategy": "Sorted", "Partial Mode": "Simple", "Parent Relationship": "Outer", "Parallel Aware": false, "Startup Cost": 44878.55, "Total Cost": 44878.57, "Plan Rows": 1, "Plan Width": 34, "Actual Startup Time": 0.017, "Actual Total Time": 0.017, "Actual Rows": 0, "Actual Loops": 1, "Output": ["supplier.s_name", "count(*)"], "Group Key": ["supplier.s_name"], "Plans": [{"Node Type": "Sort", "Parent Relationship": "Outer", "Parallel Aware": false, "Startup Cost": 44878.55, "Total Cost": 44878.55, "Plan Rows": 1, "Plan Width": 26, "Actual Startup Time": 0.016, "Actual Total Time": 0.017, "Actual Rows": 0, "Actual Loops": 1, "Output": ["supplier.s_name"], "Sort Key": ["supplier.s_name"], "Sort Method": "quicksort", "Sort Space Used": 25, "Sort Space Type": "Memory", "Plans": [{"Node Type": "Nested Loop", "Parent Relationship": "Outer", "Parallel Aware": false, "Join Type": "Inner", "Startup Cost": 1.58, "Total Cost": 44878.54, "Plan Rows": 1, "Plan Width": 26, "Actual Startup Time": 0.015, "Actual Total Time": 0.015, "Actual Rows": 0, "Actual Loops": 1, "Output": ["supplier.s_name"], "Inner Unique": false, "Join Filter": "(supplier.s_nationkey = nation.n_nationkey)", "Rows Removed by Join Filter": 0, "Plans": [{"Node Type": "Seq Scan", "Parent Relationship": "Outer", "Parallel Aware": false, "Relation Name": "nation", "Schema": "public", "Alias": "nation", "Startup Cost": 0.0, "Total Cost": 16.38, "Plan Rows": 3, "Plan Width": 4, "Actual Startup Time": 0.014, "Actual Total Time": 0.014, "Actual Rows": 0, "Actual Loops": 1, "Output": ["nation.n_nationkey", "nation.n_name", "nation.n_regionkey", "nation.n_comment"], "Filter": "(nation.n_name = 'algeria'::bpchar)", "Rows Removed by Filter": 25}, {"Node Type": "Materialize", "Parent Relationship": "Inner", "Parallel Aware": false, "Startup Cost": 1.58, "Total Cost": 44862.12, "Plan Rows": 1, "Plan Width": 30, "Actual Startup Time": 0.0, "Actual Total Time": 0.0, "Actual Rows": 0, "Actual Loops": 0, "Output": ["supplier.s_name", "supplier.s_nationkey"], "Plans": [{"Node Type": "Nested Loop", "Parent Relationship": "Outer", "Parallel Aware": false, "Join Type": "Anti", "Startup Cost": 1.58, "Total Cost": 44862.11, "Plan Rows": 1, "Plan Width": 30, "Actual Startup Time": 0.0, "Actual Total Time": 0.0, "Actual Rows": 0, "Actual Loops": 0, "Output": ["supplier.s_name", "supplier.s_nationkey"], "Inner Unique": false, "Plans": [{"Node Type": "Nested Loop", "Parent Relationship": "Outer", "Parallel Aware": false, "Join Type": "Semi", "Startup Cost": 1.15, "Total Cost": 44861.36, "Plan Rows": 1, "Plan Width": 38, "Actual Startup Time": 0.0, "Actual Total Time": 0.0, "Actual Rows": 0, "Actual Loops": 0, "Output": ["supplier.s_name", "supplier.s_nationkey", "l1.l_suppkey", "l1.l_orderkey"], "Inner Unique": false, "Join Filter": "(orders.o_orderkey = l2.l_orderkey)", "Rows Removed by Join Filter": 0, "Plans": [{"Node Type": "Nested Loop", "Parent Relationship": "Outer", "Parallel Aware": false, "Join Type": "Inner", "Startup Cost": 0.72, "Total Cost": 44860.61, "Plan Rows": 1, "Plan Width": 42, "Actual Startup Time": 0.0, "Actual Total Time": 0.0, "Actual Rows": 0, "Actual Loops": 0, "Output": ["supplier.s_name", "supplier.s_nationkey", "l1.l_suppkey", "l1.l_orderkey", "orders.o_orderkey"], "Inner Unique": false, "Plans": [{"Node Type": "Nested Loop", "Parent Relationship": "Outer", "Parallel Aware": false, "Join Type": "Inner", "Startup Cost": 0.43, "Total Cost": 44857.48, "Plan Rows": 10, "Plan Width": 12, "Actual Startup Time": 0.0, "Actual Total Time": 0.0, "Actual Rows": 0, "Actual Loops": 0, "Output": ["l1.l_suppkey", "l1.l_orderkey", "orders.o_orderkey"], "Inner Unique": false, "Plans": [{"Node Type": "Seq Scan", "Parent Relationship": "Outer", "Parallel Aware": false, "Relation Name": "orders", "Schema": "public", "Alias": "orders", "Startup Cost": 0.0, "Total Cost": 44845.0, "Plan Rows": 1, "Plan Width": 4, "Actual Startup Time": 0.0, "Actual Total Time": 0.0, "Actual Rows": 0, "Actual Loops": 0, "Output": ["orders.o_orderkey", "orders.o_custkey", "orders.o_orderstatus", "orders.o_totalprice", "orders.o_orderdate", "orders.o_orderpriority", "orders.o_clerk", "orders.o_shippriority", "orders.o_comment"], "Filter": "(orders.o_orderstatus = 'f'::bpchar)", "Rows Removed by Filter": 0}, {"Node Type": "Index Scan", "Parent Relationship": "Inner", "Parallel Aware": false, "Scan Direction": "Forward", "Index Name": "idx_lineitem_orderkey", "Relation Name": "lineitem", "Schema": "public", "Alias": "l1", "Startup Cost": 0.43, "Total Cost": 12.47, "Plan Rows": 1, "Plan Width": 8, "Actual Startup Time": 0.0, "Actual Total Time": 0.0, "Actual Rows": 0, "Actual Loops": 0, "Output": ["l1.l_orderkey", "l1.l_partkey", "l1.l_suppkey", "l1.l_linenumber", "l1.l_quantity", "l1.l_extendedprice", "l1.l_discount", "l1.l_tax", "l1.l_returnflag", "l1.l_linestatus", "l1.l_shipdate", "l1.l_commitdate", "l1.l_receiptdate", "l1.l_shipinstruct", "l1.l_shipmode", "l1.l_comment"], "Index Cond": "(l1.l_orderkey = orders.o_orderkey)", "Rows Removed by Index Recheck": 0, "Filter": "(l1.l_receiptdate > l1.l_commitdate)", "Rows Removed by Filter": 0}]}, {"Node Type": "Index Scan", "Parent Relationship": "Inner", "Parallel Aware": false, "Scan Direction": "Forward", "Index Name": "idx_supplier_suppkey", "Relation Name": "supplier", "Schema": "public", "Alias": "supplier", "Startup Cost": 0.29, "Total Cost": 0.3, "Plan Rows": 1, "Plan Width": 34, "Actual Startup Time": 0.0, "Actual Total Time": 0.0, "Actual Rows": 0, "Actual Loops": 0, "Output": ["supplier.s_suppkey", "supplier.s_name", "supplier.s_address", "supplier.s_nationkey", "supplier.s_phone", "supplier.s_acctbal", "supplier.s_comment"], "Index Cond": "(supplier.s_suppkey = l1.l_suppkey)", "Rows Removed by Index Recheck": 0}]}, {"Node Type": "Index Scan", "Parent Relationship": "Inner", "Parallel Aware": false, "Scan Direction": "Forward", "Index Name": "idx_lineitem_orderkey", "Relation Name": "lineitem", "Schema": "public", "Alias": "l2", "Startup Cost": 0.43, "Total Cost": 0.73, "Plan Rows": 2, "Plan Width": 8, "Actual Startup Time": 0.0, "Actual Total Time": 0.0, "Actual Rows": 0, "Actual Loops": 0, "Output": ["l2.l_orderkey", "l2.l_partkey", "l2.l_suppkey", "l2.l_linenumber", "l2.l_quantity", "l2.l_extendedprice", "l2.l_discount", "l2.l_tax", "l2.l_returnflag", "l2.l_linestatus", "l2.l_shipdate", "l2.l_commitdate", "l2.l_receiptdate", "l2.l_shipinstruct", "l2.l_shipmode", "l2.l_comment"], "Index Cond": "(l2.l_orderkey = l1.l_orderkey)", "Rows Removed by Index Recheck": 0, "Filter": "(l2.l_suppkey <> l1.l_suppkey)", "Rows Removed by Filter": 0}]}, {"Node Type": "Index Scan", "Parent Relationship": "Inner", "Parallel Aware": false, "Scan Direction": "Forward", "Index Name": "idx_lineitem_orderkey", "Relation Name": "lineitem", "Schema": "public", "Alias": "l3", "Startup Cost": 0.43, "Total Cost": 0.74, "Plan Rows": 1, "Plan Width": 8, "Actual Startup Time": 0.0, "Actual Total Time": 0.0, "Actual Rows": 0, "Actual Loops": 0, "Output": ["l3.l_orderkey", "l3.l_partkey", "l3.l_suppkey", "l3.l_linenumber", "l3.l_quantity", "l3.l_extendedprice", "l3.l_discount", "l3.l_tax", "l3.l_returnflag", "l3.l_linestatus", "l3.l_shipdate", "l3.l_commitdate", "l3.l_receiptdate", "l3.l_shipinstruct", "l3.l_shipmode", "l3.l_comment"], "Index Cond": "(l3.l_orderkey = l1.l_orderkey)", "Rows Removed by Index Recheck": 0, "Filter": "((l3.l_receiptdate > l3.l_commitdate) AND (l3.l_suppkey <> l1.l_suppkey))", "Rows Removed by Filter": 0}]}]}]}]}]}]}]}, "Planning Time": 235.764, "Triggers": [], "Execution Time": 0.209}]
q22#####[{"Plan": {"Node Type": "Sort", "Parallel Aware": false, "Startup Cost": 17004.45, "Total Cost": 17008.83, "Plan Rows": 1750, "Plan Width": 72, "Actual Startup Time": 131.542, "Actual Total Time": 131.543, "Actual Rows": 2, "Actual Loops": 1, "Output": ["(\"substring\"((customer.c_phone)::text, 1, 2))", "(count(*))", "(sum(customer.c_acctbal))"], "Sort Key": ["(\"substring\"((customer.c_phone)::text, 1, 2))"], "Sort Method": "quicksort", "Sort Space Used": 25, "Sort Space Type": "Memory", "Plans": [{"Node Type": "Aggregate", "Strategy": "Plain", "Partial Mode": "Simple", "Parent Relationship": "InitPlan", "Subplan Name": "InitPlan 1 (returns $0)", "Parallel Aware": false, "Startup Cost": 7534.55, "Total Cost": 7534.56, "Plan Rows": 1, "Plan Width": 32, "Actual Startup Time": 64.22, "Actual Total Time": 64.221, "Actual Rows": 1, "Actual Loops": 1, "Output": ["avg(customer_1.c_acctbal)"], "Plans": [{"Node Type": "Seq Scan", "Parent Relationship": "Outer", "Parallel Aware": false, "Relation Name": "customer", "Schema": "public", "Alias": "customer_1", "Startup Cost": 0.0, "Total Cost": 7522.5, "Plan Rows": 4821, "Plan Width": 6, "Actual Startup Time": 0.005, "Actual Total Time": 61.174, "Actual Rows": 38415, "Actual Loops": 1, "Output": ["customer_1.c_custkey", "customer_1.c_name", "customer_1.c_address", "customer_1.c_nationkey", "customer_1.c_phone", "customer_1.c_acctbal", "customer_1.c_mktsegment", "customer_1.c_comment"], "Filter": "((customer_1.c_acctbal > 0.00) AND (\"substring\"((customer_1.c_phone)::text, 1, 2) = ANY ('{12,15,26,24,16,25,34}'::text[])))", "Rows Removed by Filter": 111585}]}, {"Node Type": "Aggregate", "Strategy": "Hashed", "Partial Mode": "Simple", "Parent Relationship": "Outer", "Parallel Aware": false, "Startup Cost": 9345.0, "Total Cost": 9375.62, "Plan Rows": 1750, "Plan Width": 72, "Actual Startup Time": 131.52, "Actual Total Time": 131.526, "Actual Rows": 2, "Actual Loops": 1, "Output": ["(\"substring\"((customer.c_phone)::text, 1, 2))", "count(*)", "sum(customer.c_acctbal)"], "Group Key": ["\"substring\"((customer.c_phone)::text, 1, 2)"], "Planned Partitions": 0, "HashAgg Batches": 1, "Peak Memory Usage": 73, "Disk Usage": 0, "Plans": [{"Node Type": "Nested Loop", "Parent Relationship": "Outer", "Parallel Aware": false, "Join Type": "Anti", "Startup Cost": 0.43, "Total Cost": 9241.5, "Plan Rows": 13800, "Plan Width": 38, "Actual Startup Time": 74.533, "Actual Total Time": 131.51, "Actual Rows": 3, "Actual Loops": 1, "Output": ["\"substring\"((customer.c_phone)::text, 1, 2)", "customer.c_acctbal"], "Inner Unique": false, "Plans": [{"Node Type": "Seq Scan", "Parent Relationship": "Outer", "Parallel Aware": false, "Relation Name": "customer", "Schema": "public", "Alias": "customer", "Startup Cost": 0.0, "Total Cost": 7522.5, "Plan Rows": 1750, "Plan Width": 26, "Actual Startup Time": 64.256, "Actual Total Time": 104.861, "Actual Rows": 19168, "Actual Loops": 1, "Output": ["customer.c_custkey", "customer.c_name", "customer.c_address", "customer.c_nationkey", "customer.c_phone", "customer.c_acctbal", "customer.c_mktsegment", "customer.c_comment"], "Filter": "((customer.c_acctbal > $0) AND (\"substring\"((customer.c_phone)::text, 1, 2) = ANY ('{12,15,26,24,16,25,34}'::text[])))", "Rows Removed by Filter": 130832}, {"Node Type": "Index Only Scan", "Parent Relationship": "Inner", "Parallel Aware": false, "Scan Direction": "Forward", "Index Name": "idx_orders_custkey", "Relation Name": "orders", "Schema": "public", "Alias": "orders", "Startup Cost": 0.43, "Total Cost": 3.49, "Plan Rows": 11, "Plan Width": 4, "Actual Startup Time": 0.001, "Actual Total Time": 0.001, "Actual Rows": 1, "Actual Loops": 19168, "Output": ["orders.o_custkey"], "Index Cond": "(orders.o_custkey = customer.c_custkey)", "Rows Removed by Index Recheck": 0, "Heap Fetches": 0}]}]}]}, "Planning Time": 79.281, "Triggers": [], "Execution Time": 131.629}]
q19#####[{"Plan": {"Node Type": "Aggregate", "Strategy": "Plain", "Partial Mode": "Simple", "Parallel Aware": false, "Startup Cost": 12730.55, "Total Cost": 12730.56, "Plan Rows": 1, "Plan Width": 32, "Actual Startup Time": 67.718, "Actual Total Time": 67.719, "Actual Rows": 1, "Actual Loops": 1, "Output": ["sum((lineitem.l_extendedprice * ('1'::numeric - lineitem.l_discount)))"], "Plans": [{"Node Type": "Nested Loop", "Parent Relationship": "Outer", "Parallel Aware": false, "Join Type": "Inner", "Startup Cost": 4.67, "Total Cost": 12730.54, "Plan Rows": 1, "Plan Width": 12, "Actual Startup Time": 67.715, "Actual Total Time": 67.716, "Actual Rows": 0, "Actual Loops": 1, "Output": ["lineitem.l_extendedprice", "lineitem.l_discount"], "Inner Unique": false, "Plans": [{"Node Type": "Seq Scan", "Parent Relationship": "Outer", "Parallel Aware": false, "Relation Name": "part", "Schema": "public", "Alias": "part", "Startup Cost": 0.0, "Total Cost": 12597.0, "Plan Rows": 1, "Plan Width": 30, "Actual Startup Time": 67.714, "Actual Total Time": 67.714, "Actual Rows": 0, "Actual Loops": 1, "Output": ["part.p_partkey", "part.p_name", "part.p_mfgr", "part.p_brand", "part.p_type", "part.p_size", "part.p_container", "part.p_retailprice", "part.p_comment"], "Filter": "((part.p_size >= 1) AND (((part.p_brand = 'brand#25'::bpchar) AND (part.p_container = ANY ('{\"sm case\",\"sm box\",\"sm pack\",\"sm pkg\"}'::bpchar[])) AND (part.p_size <= 5)) OR ((part.p_brand = 'brand#11'::bpchar) AND (part.p_container = ANY ('{\"med bag\",\"med box\",\"med pkg\",\"med pack\"}'::bpchar[])) AND (part.p_size <= 10)) OR ((part.p_brand = 'brand#24'::bpchar) AND (part.p_container = ANY ('{\"lg case\",\"lg box\",\"lg pack\",\"lg pkg\"}'::bpchar[])) AND (part.p_size <= 15))))", "Rows Removed by Filter": 200000}, {"Node Type": "Bitmap Heap Scan", "Parent Relationship": "Inner", "Parallel Aware": false, "Relation Name": "lineitem", "Schema": "public", "Alias": "lineitem", "Startup Cost": 4.67, "Total Cost": 133.53, "Plan Rows": 1, "Plan Width": 20, "Actual Startup Time": 0.0, "Actual Total Time": 0.0, "Actual Rows": 0, "Actual Loops": 0, "Output": ["lineitem.l_orderkey", "lineitem.l_partkey", "lineitem.l_suppkey", "lineitem.l_linenumber", "lineitem.l_quantity", "lineitem.l_extendedprice", "lineitem.l_discount", "lineitem.l_tax", "lineitem.l_returnflag", "lineitem.l_linestatus", "lineitem.l_shipdate", "lineitem.l_commitdate", "lineitem.l_receiptdate", "lineitem.l_shipinstruct", "lineitem.l_shipmode", "lineitem.l_comment"], "Recheck Cond": "(lineitem.l_partkey = part.p_partkey)", "Rows Removed by Index Recheck": 0, "Filter": "((lineitem.l_shipmode = ANY ('{air,\"air reg\"}'::bpchar[])) AND (lineitem.l_shipinstruct = 'deliver in person'::bpchar) AND (((lineitem.l_quantity >= '6'::numeric) AND (lineitem.l_quantity <= '16'::numeric)) OR ((lineitem.l_quantity >= '11'::numeric) AND (lineitem.l_quantity <= '21'::numeric)) OR ((lineitem.l_quantity >= '25'::numeric) AND (lineitem.l_quantity <= '35'::numeric))) AND (((part.p_brand = 'brand#25'::bpchar) AND (part.p_container = ANY ('{\"sm case\",\"sm box\",\"sm pack\",\"sm pkg\"}'::bpchar[])) AND (lineitem.l_quantity >= '6'::numeric) AND (lineitem.l_quantity <= '16'::numeric) AND (part.p_size <= 5)) OR ((part.p_brand = 'brand#11'::bpchar) AND (part.p_container = ANY ('{\"med bag\",\"med box\",\"med pkg\",\"med pack\"}'::bpchar[])) AND (lineitem.l_quantity >= '11'::numeric) AND (lineitem.l_quantity <= '21'::numeric) AND (part.p_size <= 10)) OR ((part.p_brand = 'brand#24'::bpchar) AND (part.p_container = ANY ('{\"lg case\",\"lg box\",\"lg pack\",\"lg pkg\"}'::bpchar[])) AND (lineitem.l_quantity >= '25'::numeric) AND (lineitem.l_quantity <= '35'::numeric) AND (part.p_size <= 15))))", "Rows Removed by Filter": 0, "Exact Heap Blocks": 0, "Lossy Heap Blocks": 0, "Plans": [{"Node Type": "Bitmap Index Scan", "Parent Relationship": "Outer", "Parallel Aware": false, "Index Name": "idx_lineitem_partkey_suppkey", "Startup Cost": 0.0, "Total Cost": 4.67, "Plan Rows": 32, "Plan Width": 0, "Actual Startup Time": 0.0, "Actual Total Time": 0.0, "Actual Rows": 0, "Actual Loops": 0, "Index Cond": "(lineitem.l_partkey = part.p_partkey)"}]}]}]}, "Planning Time": 52.313, "Triggers": [], "Execution Time": 67.875}]
q4#####[{"Plan": {"Node Type": "Aggregate", "Strategy": "Sorted", "Partial Mode": "Simple", "Parallel Aware": false, "Startup Cost": 261793.98, "Total Cost": 261796.93, "Plan Rows": 5, "Plan Width": 24, "Actual Startup Time": 2229.319, "Actual Total Time": 2231.401, "Actual Rows": 5, "Actual Loops": 1, "Output": ["orders.o_orderpriority", "count(*)"], "Group Key": ["orders.o_orderpriority"], "Plans": [{"Node Type": "Sort", "Parent Relationship": "Outer", "Parallel Aware": false, "Startup Cost": 261793.98, "Total Cost": 261794.95, "Plan Rows": 387, "Plan Width": 16, "Actual Startup Time": 2228.88, "Actual Total Time": 2229.588, "Actual Rows": 22799, "Actual Loops": 1, "Output": ["orders.o_orderpriority"], "Sort Key": ["orders.o_orderpriority"], "Sort Method": "quicksort", "Sort Space Used": 1837, "Sort Space Type": "Memory", "Plans": [{"Node Type": "Hash Join", "Parent Relationship": "Outer", "Parallel Aware": false, "Join Type": "Semi", "Startup Cost": 212544.46, "Total Cost": 261777.34, "Plan Rows": 387, "Plan Width": 16, "Actual Startup Time": 1960.704, "Actual Total Time": 2223.669, "Actual Rows": 22799, "Actual Loops": 1, "Output": ["orders.o_orderpriority"], "Inner Unique": false, "Hash Cond": "(orders.o_orderkey = lineitem.l_orderkey)", "Plans": [{"Node Type": "Seq Scan", "Parent Relationship": "Outer", "Parallel Aware": false, "Relation Name": "orders", "Schema": "public", "Alias": "orders", "Startup Cost": 0.0, "Total Cost": 48595.0, "Plan Rows": 60178, "Plan Width": 20, "Actual Startup Time": 0.028, "Actual Total Time": 241.997, "Actual Rows": 57739, "Actual Loops": 1, "Output": ["orders.o_orderkey", "orders.o_custkey", "orders.o_orderstatus", "orders.o_totalprice", "orders.o_orderdate", "orders.o_orderpriority", "orders.o_clerk", "orders.o_shippriority", "orders.o_comment"], "Filter": "((orders.o_orderdate >= '1994-07-01'::date) AND (orders.o_orderdate < '1994-10-01 00:00:00'::timestamp without time zone))", "Rows Removed by Filter": 1442261}, {"Node Type": "Hash", "Parent Relationship": "Inner", "Parallel Aware": false, "Startup Cost": 187540.6, "Total Cost": 187540.6, "Plan Rows": 2000309, "Plan Width": 4, "Actual Startup Time": 1952.833, "Actual Total Time": 1952.833, "Actual Rows": 3044373, "Actual Loops": 1, "Output": ["lineitem.l_orderkey"], "Hash Buckets": 4194304, "Original Hash Buckets": 2097152, "Hash Batches": 1, "Original Hash Batches": 1, "Peak Memory Usage": 139797, "Plans": [{"Node Type": "Seq Scan", "Parent Relationship": "Outer", "Parallel Aware": false, "Relation Name": "lineitem", "Schema": "public", "Alias": "lineitem", "Startup Cost": 0.0, "Total Cost": 187540.6, "Plan Rows": 2000309, "Plan Width": 4, "Actual Startup Time": 0.02, "Actual Total Time": 1336.124, "Actual Rows": 3044373, "Actual Loops": 1, "Output": ["lineitem.l_orderkey"], "Filter": "(lineitem.l_commitdate < lineitem.l_receiptdate)", "Rows Removed by Filter": 2956842}]}]}]}]}, "Planning Time": 48.119, "Triggers": [], "Execution Time": 2234.119}]
q5#####[{"Plan": {"Node Type": "Sort", "Parallel Aware": false, "Startup Cost": 77620.17, "Total Cost": 77620.67, "Plan Rows": 200, "Plan Width": 61, "Actual Startup Time": 3.92, "Actual Total Time": 3.922, "Actual Rows": 0, "Actual Loops": 1, "Output": ["nation.n_name", "(sum((lineitem.l_extendedprice * ('1'::numeric - lineitem.l_discount))))"], "Sort Key": ["(sum((lineitem.l_extendedprice * ('1'::numeric - lineitem.l_discount)))) DESC"], "Sort Method": "quicksort", "Sort Space Used": 25, "Sort Space Type": "Memory", "Plans": [{"Node Type": "Aggregate", "Strategy": "Sorted", "Partial Mode": "Simple", "Parent Relationship": "Outer", "Parallel Aware": false, "Startup Cost": 77601.66, "Total Cost": 77612.52, "Plan Rows": 200, "Plan Width": 61, "Actual Startup Time": 3.862, "Actual Total Time": 3.864, "Actual Rows": 0, "Actual Loops": 1, "Output": ["nation.n_name", "sum((lineitem.l_extendedprice * ('1'::numeric - lineitem.l_discount)))"], "Group Key": ["nation.n_name"], "Plans": [{"Node Type": "Sort", "Parent Relationship": "Outer", "Parallel Aware": false, "Startup Cost": 77601.66, "Total Cost": 77603.33, "Plan Rows": 669, "Plan Width": 41, "Actual Startup Time": 3.861, "Actual Total Time": 3.863, "Actual Rows": 0, "Actual Loops": 1, "Output": ["nation.n_name", "lineitem.l_extendedprice", "lineitem.l_discount"], "Sort Key": ["nation.n_name"], "Sort Method": "quicksort", "Sort Space Used": 25, "Sort Space Type": "Memory", "Plans": [{"Node Type": "Hash Join", "Parent Relationship": "Outer", "Parallel Aware": false, "Join Type": "Inner", "Startup Cost": 2779.08, "Total Cost": 77570.27, "Plan Rows": 669, "Plan Width": 41, "Actual Startup Time": 3.836, "Actual Total Time": 3.838, "Actual Rows": 0, "Actual Loops": 1, "Output": ["nation.n_name", "lineitem.l_extendedprice", "lineitem.l_discount"], "Inner Unique": false, "Hash Cond": "((lineitem.l_suppkey = supplier.s_suppkey) AND (customer.c_nationkey = supplier.s_nationkey))", "Plans": [{"Node Type": "Nested Loop", "Parent Relationship": "Outer", "Parallel Aware": false, "Join Type": "Inner", "Startup Cost": 2307.08, "Total Cost": 76965.03, "Plan Rows": 16873, "Plan Width": 53, "Actual Startup Time": 0.281, "Actual Total Time": 0.283, "Actual Rows": 0, "Actual Loops": 1, "Output": ["customer.c_nationkey", "lineitem.l_extendedprice", "lineitem.l_discount", "lineitem.l_suppkey", "nation.n_name", "nation.n_nationkey"], "Inner Unique": false, "Plans": [{"Node Type": "Hash Join", "Parent Relationship": "Outer", "Parallel Aware": false, "Join Type": "Inner", "Startup Cost": 2306.65, "Total Cost": 52630.14, "Plan Rows": 8728, "Plan Width": 41, "Actual Startup Time": 0.28, "Actual Total Time": 0.282, "Actual Rows": 0, "Actual Loops": 1, "Output": ["customer.c_nationkey", "orders.o_orderkey", "nation.n_name", "nation.n_nationkey"], "Inner Unique": false, "Hash Cond": "(orders.o_custkey = customer.c_custkey)", "Plans": [{"Node Type": "Seq Scan", "Parent Relationship": "Outer", "Parallel Aware": false, "Relation Name": "orders", "Schema": "public", "Alias": "orders", "Startup Cost": 0.0, "Total Cost": 48595.0, "Plan Rows": 228173, "Plan Width": 8, "Actual Startup Time": 0.013, "Actual Total Time": 0.014, "Actual Rows": 1, "Actual Loops": 1, "Output": ["orders.o_orderkey", "orders.o_custkey", "orders.o_orderstatus", "orders.o_totalprice", "orders.o_orderdate", "orders.o_orderpriority", "orders.o_clerk", "orders.o_shippriority", "orders.o_comment"], "Filter": "((orders.o_orderdate >= '1994-01-01'::date) AND (orders.o_orderdate < '1995-01-01 00:00:00'::timestamp without time zone))", "Rows Removed by Filter": 6}, {"Node Type": "Hash", "Parent Relationship": "Inner", "Parallel Aware": false, "Startup Cost": 1589.4, "Total Cost": 1589.4, "Plan Rows": 57380, "Plan Width": 41, "Actual Startup Time": 0.026, "Actual Total Time": 0.028, "Actual Rows": 0, "Actual Loops": 1, "Output": ["customer.c_custkey", "customer.c_nationkey", "nation.n_name", "nation.n_nationkey"], "Hash Buckets": 65536, "Original Hash Buckets": 65536, "Hash Batches": 1, "Original Hash Batches": 1, "Peak Memory Usage": 512, "Plans": [{"Node Type": "Nested Loop", "Parent Relationship": "Outer", "Parallel Aware": false, "Join Type": "Inner", "Startup Cost": 16.83, "Total Cost": 1589.4, "Plan Rows": 57380, "Plan Width": 41, "Actual Startup Time": 0.026, "Actual Total Time": 0.027, "Actual Rows": 0, "Actual Loops": 1, "Output": ["customer.c_custkey", "customer.c_nationkey", "nation.n_name", "nation.n_nationkey"], "Inner Unique": false, "Plans": [{"Node Type": "Hash Join", "Parent Relationship": "Outer", "Parallel Aware": false, "Join Type": "Inner", "Startup Cost": 16.54, "Total Cost": 33.63, "Plan Rows": 8, "Plan Width": 33, "Actual Startup Time": 0.026, "Actual Total Time": 0.027, "Actual Rows": 0, "Actual Loops": 1, "Output": ["nation.n_name", "nation.n_nationkey"], "Inner Unique": false, "Hash Cond": "(nation.n_regionkey = region.r_regionkey)", "Plans": [{"Node Type": "Seq Scan", "Parent Relationship": "Outer", "Parallel Aware": false, "Relation Name": "nation", "Schema": "public", "Alias": "nation", "Startup Cost": 0.0, "Total Cost": 15.1, "Plan Rows": 510, "Plan Width": 37, "Actual Startup Time": 0.007, "Actual Total Time": 0.007, "Actual Rows": 1, "Actual Loops": 1, "Output": ["nation.n_nationkey", "nation.n_name", "nation.n_regionkey", "nation.n_comment"]}, {"Node Type": "Hash", "Parent Relationship": "Inner", "Parallel Aware": false, "Startup Cost": 16.5, "Total Cost": 16.5, "Plan Rows": 3, "Plan Width": 4, "Actual Startup Time": 0.008, "Actual Total Time": 0.008, "Actual Rows": 0, "Actual Loops": 1, "Output": ["region.r_regionkey"], "Hash Buckets": 1024, "Original Hash Buckets": 1024, "Hash Batches": 1, "Original Hash Batches": 1, "Peak Memory Usage": 8, "Plans": [{"Node Type": "Seq Scan", "Parent Relationship": "Outer", "Parallel Aware": false, "Relation Name": "region", "Schema": "public", "Alias": "region", "Startup Cost": 0.0, "Total Cost": 16.5, "Plan Rows": 3, "Plan Width": 4, "Actual Startup Time": 0.008, "Actual Total Time": 0.008, "Actual Rows": 0, "Actual Loops": 1, "Output": ["region.r_regionkey"], "Filter": "(region.r_name = 'africa'::bpchar)", "Rows Removed by Filter": 5}]}]}, {"Node Type": "Index Scan", "Parent Relationship": "Inner", "Parallel Aware": false, "Scan Direction": "Forward", "Index Name": "idx_customer_nationkey", "Relation Name": "customer", "Schema": "public", "Alias": "customer", "Startup Cost": 0.29, "Total Cost": 134.47, "Plan Rows": 6000, "Plan Width": 8, "Actual Startup Time": 0.0, "Actual Total Time": 0.0, "Actual Rows": 0, "Actual Loops": 0, "Output": ["customer.c_custkey", "customer.c_name", "customer.c_address", "customer.c_nationkey", "customer.c_phone", "customer.c_acctbal", "customer.c_mktsegment", "customer.c_comment"], "Index Cond": "(customer.c_nationkey = nation.n_nationkey)", "Rows Removed by Index Recheck": 0}]}]}]}, {"Node Type": "Index Scan", "Parent Relationship": "Inner", "Parallel Aware": false, "Scan Direction": "Forward", "Index Name": "idx_lineitem_orderkey", "Relation Name": "lineitem", "Schema": "public", "Alias": "lineitem", "Startup Cost": 0.43, "Total Cost": 2.77, "Plan Rows": 2, "Plan Width": 20, "Actual Startup Time": 0.0, "Actual Total Time": 0.0, "Actual Rows": 0, "Actual Loops": 0, "Output": ["lineitem.l_orderkey", "lineitem.l_partkey", "lineitem.l_suppkey", "lineitem.l_linenumber", "lineitem.l_quantity", "lineitem.l_extendedprice", "lineitem.l_discount", "lineitem.l_tax", "lineitem.l_returnflag", "lineitem.l_linestatus", "lineitem.l_shipdate", "lineitem.l_commitdate", "lineitem.l_receiptdate", "lineitem.l_shipinstruct", "lineitem.l_shipmode", "lineitem.l_comment"], "Index Cond": "(lineitem.l_orderkey = orders.o_orderkey)", "Rows Removed by Index Recheck": 0}]}, {"Node Type": "Hash", "Parent Relationship": "Inner", "Parallel Aware": false, "Startup Cost": 322.0, "Total Cost": 322.0, "Plan Rows": 10000, "Plan Width": 8, "Actual Startup Time": 3.528, "Actual Total Time": 3.529, "Actual Rows": 10000, "Actual Loops": 1, "Output": ["supplier.s_suppkey", "supplier.s_nationkey"], "Hash Buckets": 16384, "Original Hash Buckets": 16384, "Hash Batches": 1, "Original Hash Batches": 1, "Peak Memory Usage": 519, "Plans": [{"Node Type": "Seq Scan", "Parent Relationship": "Outer", "Parallel Aware": false, "Relation Name": "supplier", "Schema": "public", "Alias": "supplier", "Startup Cost": 0.0, "Total Cost": 322.0, "Plan Rows": 10000, "Plan Width": 8, "Actual Startup Time": 0.029, "Actual Total Time": 2.28, "Actual Rows": 10000, "Actual Loops": 1, "Output": ["supplier.s_suppkey", "supplier.s_nationkey"]}]}]}]}]}]}, "Planning Time": 150.885, "Triggers": [], "Execution Time": 4.06}]
q7#####[{"Plan": {"Node Type": "Aggregate", "Strategy": "Sorted", "Partial Mode": "Simple", "Parallel Aware": false, "Startup Cost": 43154.83, "Total Cost": 43154.9, "Plan Rows": 2, "Plan Width": 98, "Actual Startup Time": 0.16, "Actual Total Time": 0.164, "Actual Rows": 0, "Actual Loops": 1, "Output": ["n1.n_name", "n2.n_name", "(date_part('year'::text, (lineitem.l_shipdate)::timestamp without time zone))", "sum((lineitem.l_extendedprice * ('1'::numeric - lineitem.l_discount)))"], "Group Key": ["n1.n_name", "n2.n_name", "(date_part('year'::text, (lineitem.l_shipdate)::timestamp without time zone))"], "Plans": [{"Node Type": "Sort", "Parent Relationship": "Outer", "Parallel Aware": false, "Startup Cost": 43154.83, "Total Cost": 43154.84, "Plan Rows": 2, "Plan Width": 78, "Actual Startup Time": 0.158, "Actual Total Time": 0.162, "Actual Rows": 0, "Actual Loops": 1, "Output": ["n1.n_name", "n2.n_name", "(date_part('year'::text, (lineitem.l_shipdate)::timestamp without time zone))", "lineitem.l_extendedprice", "lineitem.l_discount"], "Sort Key": ["n1.n_name", "n2.n_name", "(date_part('year'::text, (lineitem.l_shipdate)::timestamp without time zone))"], "Sort Method": "quicksort", "Sort Space Used": 25, "Sort Space Type": "Memory", "Plans": [{"Node Type": "Hash Join", "Parent Relationship": "Outer", "Parallel Aware": false, "Join Type": "Inner", "Startup Cost": 401.41, "Total Cost": 43154.82, "Plan Rows": 2, "Plan Width": 78, "Actual Startup Time": 0.093, "Actual Total Time": 0.097, "Actual Rows": 0, "Actual Loops": 1, "Output": ["n1.n_name", "n2.n_name", "date_part('year'::text, (lineitem.l_shipdate)::timestamp without time zone)", "lineitem.l_extendedprice", "lineitem.l_discount"], "Inner Unique": false, "Hash Cond": "(lineitem.l_suppkey = supplier.s_suppkey)", "Join Filter": "(((n1.n_name = 'algeria'::bpchar) AND (n2.n_name = 'russia'::bpchar)) OR ((n1.n_name = 'russia'::bpchar) AND (n2.n_name = 'algeria'::bpchar)))", "Rows Removed by Join Filter": 0, "Plans": [{"Node Type": "Nested Loop", "Parent Relationship": "Outer", "Parallel Aware": false, "Join Type": "Inner", "Startup Cost": 18.57, "Total Cost": 42677.46, "Plan Rows": 22238, "Plan Width": 49, "Actual Startup Time": 0.092, "Actual Total Time": 0.095, "Actual Rows": 0, "Actual Loops": 1, "Output": ["lineitem.l_shipdate", "lineitem.l_extendedprice", "lineitem.l_discount", "lineitem.l_suppkey", "n2.n_name"], "Inner Unique": false, "Plans": [{"Node Type": "Nested Loop", "Parent Relationship": "Outer", "Parallel Aware": false, "Join Type": "Inner", "Startup Cost": 18.14, "Total Cost": 11272.61, "Plan Rows": 37500, "Plan Width": 33, "Actual Startup Time": 0.092, "Actual Total Time": 0.094, "Actual Rows": 0, "Actual Loops": 1, "Output": ["orders.o_orderkey", "n2.n_name"], "Inner Unique": false, "Plans": [{"Node Type": "Hash Join", "Parent Relationship": "Outer", "Parallel Aware": false, "Join Type": "Inner", "Startup Cost": 17.71, "Total Cost": 5702.71, "Plan Rows": 3750, "Plan Width": 33, "Actual Startup Time": 0.092, "Actual Total Time": 0.094, "Actual Rows": 0, "Actual Loops": 1, "Output": ["customer.c_custkey", "n2.n_name"], "Inner Unique": false, "Hash Cond": "(customer.c_nationkey = n2.n_nationkey)", "Plans": [{"Node Type": "Seq Scan", "Parent Relationship": "Outer", "Parallel Aware": false, "Relation Name": "customer", "Schema": "public", "Alias": "customer", "Startup Cost": 0.0, "Total Cost": 5085.0, "Plan Rows": 150000, "Plan Width": 8, "Actual Startup Time": 0.042, "Actual Total Time": 0.042, "Actual Rows": 1, "Actual Loops": 1, "Output": ["customer.c_custkey", "customer.c_name", "customer.c_address", "customer.c_nationkey", "customer.c_phone", "customer.c_acctbal", "customer.c_mktsegment", "customer.c_comment"]}, {"Node Type": "Hash", "Parent Relationship": "Inner", "Parallel Aware": false, "Startup Cost": 17.65, "Total Cost": 17.65, "Plan Rows": 5, "Plan Width": 33, "Actual Startup Time": 0.031, "Actual Total Time": 0.032, "Actual Rows": 0, "Actual Loops": 1, "Output": ["n2.n_name", "n2.n_nationkey"], "Hash Buckets": 1024, "Original Hash Buckets": 1024, "Hash Batches": 1, "Original Hash Batches": 1, "Peak Memory Usage": 8, "Plans": [{"Node Type": "Seq Scan", "Parent Relationship": "Outer", "Parallel Aware": false, "Relation Name": "nation", "Schema": "public", "Alias": "n2", "Startup Cost": 0.0, "Total Cost": 17.65, "Plan Rows": 5, "Plan Width": 33, "Actual Startup Time": 0.031, "Actual Total Time": 0.031, "Actual Rows": 0, "Actual Loops": 1, "Output": ["n2.n_name", "n2.n_nationkey"], "Filter": "((n2.n_name = 'russia'::bpchar) OR (n2.n_name = 'algeria'::bpchar))", "Rows Removed by Filter": 25}]}]}, {"Node Type": "Index Scan", "Parent Relationship": "Inner", "Parallel Aware": false, "Scan Direction": "Forward", "Index Name": "idx_orders_custkey", "Relation Name": "orders", "Schema": "public", "Alias": "orders", "Startup Cost": 0.43, "Total Cost": 1.38, "Plan Rows": 11, "Plan Width": 8, "Actual Startup Time": 0.0, "Actual Total Time": 0.0, "Actual Rows": 0, "Actual Loops": 0, "Output": ["orders.o_orderkey", "orders.o_custkey", "orders.o_orderstatus", "orders.o_totalprice", "orders.o_orderdate", "orders.o_orderpriority", "orders.o_clerk", "orders.o_shippriority", "orders.o_comment"], "Index Cond": "(orders.o_custkey = customer.c_custkey)", "Rows Removed by Index Recheck": 0}]}, {"Node Type": "Index Scan", "Parent Relationship": "Inner", "Parallel Aware": false, "Scan Direction": "Forward", "Index Name": "idx_lineitem_orderkey", "Relation Name": "lineitem", "Schema": "public", "Alias": "lineitem", "Startup Cost": 0.43, "Total Cost": 0.83, "Plan Rows": 1, "Plan Width": 24, "Actual Startup Time": 0.0, "Actual Total Time": 0.0, "Actual Rows": 0, "Actual Loops": 0, "Output": ["lineitem.l_orderkey", "lineitem.l_partkey", "lineitem.l_suppkey", "lineitem.l_linenumber", "lineitem.l_quantity", "lineitem.l_extendedprice", "lineitem.l_discount", "lineitem.l_tax", "lineitem.l_returnflag", "lineitem.l_linestatus", "lineitem.l_shipdate", "lineitem.l_commitdate", "lineitem.l_receiptdate", "lineitem.l_shipinstruct", "lineitem.l_shipmode", "lineitem.l_comment"], "Index Cond": "(lineitem.l_orderkey = orders.o_orderkey)", "Rows Removed by Index Recheck": 0, "Filter": "((lineitem.l_shipdate >= '1995-01-01'::date) AND (lineitem.l_shipdate <= '1996-12-31'::date))", "Rows Removed by Filter": 0}]}, {"Node Type": "Hash", "Parent Relationship": "Inner", "Parallel Aware": false, "Startup Cost": 379.71, "Total Cost": 379.71, "Plan Rows": 250, "Plan Width": 33, "Actual Startup Time": 0.0, "Actual Total Time": 0.0, "Actual Rows": 0, "Actual Loops": 0, "Output": ["supplier.s_suppkey", "n1.n_name"], "Plans": [{"Node Type": "Hash Join", "Parent Relationship": "Outer", "Parallel Aware": false, "Join Type": "Inner", "Startup Cost": 17.71, "Total Cost": 379.71, "Plan Rows": 250, "Plan Width": 33, "Actual Startup Time": 0.0, "Actual Total Time": 0.0, "Actual Rows": 0, "Actual Loops": 0, "Output": ["supplier.s_suppkey", "n1.n_name"], "Inner Unique": false, "Hash Cond": "(supplier.s_nationkey = n1.n_nationkey)", "Plans": [{"Node Type": "Seq Scan", "Parent Relationship": "Outer", "Parallel Aware": false, "Relation Name": "supplier", "Schema": "public", "Alias": "supplier", "Startup Cost": 0.0, "Total Cost": 322.0, "Plan Rows": 10000, "Plan Width": 8, "Actual Startup Time": 0.0, "Actual Total Time": 0.0, "Actual Rows": 0, "Actual Loops": 0, "Output": ["supplier.s_suppkey", "supplier.s_name", "supplier.s_address", "supplier.s_nationkey", "supplier.s_phone", "supplier.s_acctbal", "supplier.s_comment"]}, {"Node Type": "Hash", "Parent Relationship": "Inner", "Parallel Aware": false, "Startup Cost": 17.65, "Total Cost": 17.65, "Plan Rows": 5, "Plan Width": 33, "Actual Startup Time": 0.0, "Actual Total Time": 0.0, "Actual Rows": 0, "Actual Loops": 0, "Output": ["n1.n_name", "n1.n_nationkey"], "Plans": [{"Node Type": "Seq Scan", "Parent Relationship": "Outer", "Parallel Aware": false, "Relation Name": "nation", "Schema": "public", "Alias": "n1", "Startup Cost": 0.0, "Total Cost": 17.65, "Plan Rows": 5, "Plan Width": 33, "Actual Startup Time": 0.0, "Actual Total Time": 0.0, "Actual Rows": 0, "Actual Loops": 0, "Output": ["n1.n_name", "n1.n_nationkey"], "Filter": "((n1.n_name = 'algeria'::bpchar) OR (n1.n_name = 'russia'::bpchar))", "Rows Removed by Filter": 0}]}]}]}]}]}]}, "Planning Time": 155.559, "Triggers": [], "Execution Time": 0.331}]
q2#####[{"Plan": {"Node Type": "Limit", "Parallel Aware": false, "Startup Cost": 7516.7, "Total Cost": 7516.71, "Plan Rows": 1, "Plan Width": 195, "Actual Startup Time": 48.609, "Actual Total Time": 48.613, "Actual Rows": 0, "Actual Loops": 1, "Output": ["supplier.s_acctbal", "supplier.s_name", "nation.n_name", "part.p_partkey", "part.p_mfgr", "supplier.s_address", "supplier.s_phone", "supplier.s_comment"], "Plans": [{"Node Type": "Sort", "Parent Relationship": "Outer", "Parallel Aware": false, "Startup Cost": 7516.7, "Total Cost": 7516.71, "Plan Rows": 1, "Plan Width": 195, "Actual Startup Time": 48.607, "Actual Total Time": 48.611, "Actual Rows": 0, "Actual Loops": 1, "Output": ["supplier.s_acctbal", "supplier.s_name", "nation.n_name", "part.p_partkey", "part.p_mfgr", "supplier.s_address", "supplier.s_phone", "supplier.s_comment"], "Sort Key": ["supplier.s_acctbal DESC", "nation.n_name", "supplier.s_name", "part.p_partkey"], "Sort Method": "quicksort", "Sort Space Used": 25, "Sort Space Type": "Memory", "Plans": [{"Node Type": "Nested Loop", "Parent Relationship": "Outer", "Parallel Aware": false, "Join Type": "Inner", "Startup Cost": 0.71, "Total Cost": 7516.69, "Plan Rows": 1, "Plan Width": 195, "Actual Startup Time": 48.518, "Actual Total Time": 48.522, "Actual Rows": 0, "Actual Loops": 1, "Output": ["supplier.s_acctbal", "supplier.s_name", "nation.n_name", "part.p_partkey", "part.p_mfgr", "supplier.s_address", "supplier.s_phone", "supplier.s_comment"], "Inner Unique": false, "Join Filter": "(nation.n_regionkey = region.r_regionkey)", "Rows Removed by Join Filter": 0, "Plans": [{"Node Type": "Nested Loop", "Parent Relationship": "Outer", "Parallel Aware": false, "Join Type": "Inner", "Startup Cost": 0.71, "Total Cost": 7500.05, "Plan Rows": 3, "Plan Width": 199, "Actual Startup Time": 48.518, "Actual Total Time": 48.521, "Actual Rows": 0, "Actual Loops": 1, "Output": ["part.p_partkey", "part.p_mfgr", "supplier.s_acctbal", "supplier.s_name", "supplier.s_address", "supplier.s_phone", "supplier.s_comment", "nation.n_name", "nation.n_regionkey"], "Inner Unique": false, "Join Filter": "(supplier.s_nationkey = nation.n_nationkey)", "Rows Removed by Join Filter": 0, "Plans": [{"Node Type": "Nested Loop", "Parent Relationship": "Outer", "Parallel Aware": false, "Join Type": "Inner", "Startup Cost": 0.71, "Total Cost": 7478.57, "Plan Rows": 1, "Plan Width": 170, "Actual Startup Time": 48.517, "Actual Total Time": 48.52, "Actual Rows": 0, "Actual Loops": 1, "Output": ["part.p_partkey", "part.p_mfgr", "supplier.s_acctbal", "supplier.s_name", "supplier.s_address", "supplier.s_phone", "supplier.s_comment", "supplier.s_nationkey"], "Inner Unique": false, "Plans": [{"Node Type": "Nested Loop", "Parent Relationship": "Outer", "Parallel Aware": false, "Join Type": "Inner", "Startup Cost": 0.42, "Total Cost": 7478.26, "Plan Rows": 1, "Plan Width": 34, "Actual Startup Time": 48.517, "Actual Total Time": 48.52, "Actual Rows": 0, "Actual Loops": 1, "Output": ["part.p_partkey", "part.p_mfgr", "partsupp.ps_suppkey"], "Inner Unique": false, "Plans": [{"Node Type": "Seq Scan", "Parent Relationship": "Outer", "Parallel Aware": false, "Relation Name": "part", "Schema": "public", "Alias": "part", "Startup Cost": 0.0, "Total Cost": 7097.0, "Plan Rows": 1, "Plan Width": 30, "Actual Startup Time": 48.517, "Actual Total Time": 48.517, "Actual Rows": 0, "Actual Loops": 1, "Output": ["part.p_partkey", "part.p_name", "part.p_mfgr", "part.p_brand", "part.p_type", "part.p_size", "part.p_container", "part.p_retailprice", "part.p_comment"], "Filter": "(((part.p_type)::text ~~ '%nickel'::text) AND (part.p_size = 18))", "Rows Removed by Filter": 200000}, {"Node Type": "Index Scan", "Parent Relationship": "Inner", "Parallel Aware": false, "Scan Direction": "Forward", "Index Name": "idx_partsupp_partkey", "Relation Name": "partsupp", "Schema": "public", "Alias": "partsupp", "Startup Cost": 0.42, "Total Cost": 381.25, "Plan Rows": 1, "Plan Width": 14, "Actual Startup Time": 0.0, "Actual Total Time": 0.0, "Actual Rows": 0, "Actual Loops": 0, "Output": ["partsupp.ps_partkey", "partsupp.ps_suppkey", "partsupp.ps_availqty", "partsupp.ps_supplycost", "partsupp.ps_comment"], "Index Cond": "(partsupp.ps_partkey = part.p_partkey)", "Rows Removed by Index Recheck": 0, "Filter": "((SubPlan 1) = partsupp.ps_supplycost)", "Rows Removed by Filter": 0, "Plans": [{"Node Type": "Aggregate", "Strategy": "Plain", "Partial Mode": "Simple", "Parent Relationship": "SubPlan", "Subplan Name": "SubPlan 1", "Parallel Aware": false, "Startup Cost": 71.33, "Total Cost": 71.34, "Plan Rows": 1, "Plan Width": 32, "Actual Startup Time": 0.0, "Actual Total Time": 0.0, "Actual Rows": 0, "Actual Loops": 0, "Output": ["min(partsupp_1.ps_supplycost)"], "Plans": [{"Node Type": "Nested Loop", "Parent Relationship": "Outer", "Parallel Aware": false, "Join Type": "Inner", "Startup Cost": 1.01, "Total Cost": 71.33, "Plan Rows": 1, "Plan Width": 6, "Actual Startup Time": 0.0, "Actual Total Time": 0.0, "Actual Rows": 0, "Actual Loops": 0, "Output": ["partsupp_1.ps_supplycost"], "Inner Unique": false, "Plans": [{"Node Type": "Nested Loop", "Parent Relationship": "Outer", "Parallel Aware": false, "Join Type": "Inner", "Startup Cost": 0.86, "Total Cost": 67.25, "Plan Rows": 13, "Plan Width": 10, "Actual Startup Time": 0.0, "Actual Total Time": 0.0, "Actual Rows": 0, "Actual Loops": 0, "Output": ["partsupp_1.ps_supplycost", "nation_1.n_regionkey"], "Inner Unique": false, "Plans": [{"Node Type": "Nested Loop", "Parent Relationship": "Outer", "Parallel Aware": false, "Join Type": "Inner", "Startup Cost": 0.71, "Total Cost": 66.07, "Plan Rows": 5, "Plan Width": 10, "Actual Startup Time": 0.0, "Actual Total Time": 0.0, "Actual Rows": 0, "Actual Loops": 0, "Output": ["partsupp_1.ps_supplycost", "supplier_1.s_nationkey"], "Inner Unique": false, "Plans": [{"Node Type": "Index Scan", "Parent Relationship": "Outer", "Parallel Aware": false, "Scan Direction": "Forward", "Index Name": "idx_partsupp_partkey_suppkey", "Relation Name": "partsupp", "Schema": "public", "Alias": "partsupp_1", "Startup Cost": 0.42, "Total Cost": 24.51, "Plan Rows": 5, "Plan Width": 10, "Actual Startup Time": 0.0, "Actual Total Time": 0.0, "Actual Rows": 0, "Actual Loops": 0, "Output": ["partsupp_1.ps_partkey", "partsupp_1.ps_suppkey", "partsupp_1.ps_availqty", "partsupp_1.ps_supplycost", "partsupp_1.ps_comment"], "Index Cond": "(partsupp_1.ps_partkey = part.p_partkey)", "Rows Removed by Index Recheck": 0}, {"Node Type": "Index Scan", "Parent Relationship": "Inner", "Parallel Aware": false, "Scan Direction": "Forward", "Index Name": "idx_supplier_suppkey", "Relation Name": "supplier", "Schema": "public", "Alias": "supplier_1", "Startup Cost": 0.29, "Total Cost": 8.3, "Plan Rows": 1, "Plan Width": 8, "Actual Startup Time": 0.0, "Actual Total Time": 0.0, "Actual Rows": 0, "Actual Loops": 0, "Output": ["supplier_1.s_suppkey", "supplier_1.s_name", "supplier_1.s_address", "supplier_1.s_nationkey", "supplier_1.s_phone", "supplier_1.s_acctbal", "supplier_1.s_comment"], "Index Cond": "(supplier_1.s_suppkey = partsupp_1.ps_suppkey)", "Rows Removed by Index Recheck": 0}]}, {"Node Type": "Index Scan", "Parent Relationship": "Inner", "Parallel Aware": false, "Scan Direction": "Forward", "Index Name": "idx_nation_nationkey", "Relation Name": "nation", "Schema": "public", "Alias": "nation_1", "Startup Cost": 0.15, "Total Cost": 0.2, "Plan Rows": 3, "Plan Width": 8, "Actual Startup Time": 0.0, "Actual Total Time": 0.0, "Actual Rows": 0, "Actual Loops": 0, "Output": ["nation_1.n_nationkey", "nation_1.n_name", "nation_1.n_regionkey", "nation_1.n_comment"], "Index Cond": "(nation_1.n_nationkey = supplier_1.s_nationkey)", "Rows Removed by Index Recheck": 0}]}, {"Node Type": "Index Scan", "Parent Relationship": "Inner", "Parallel Aware": false, "Scan Direction": "Forward", "Index Name": "idx_region_regionkey", "Relation Name": "region", "Schema": "public", "Alias": "region_1", "Startup Cost": 0.15, "Total Cost": 0.3, "Plan Rows": 1, "Plan Width": 4, "Actual Startup Time": 0.0, "Actual Total Time": 0.0, "Actual Rows": 0, "Actual Loops": 0, "Output": ["region_1.r_regionkey", "region_1.r_name", "region_1.r_comment"], "Index Cond": "(region_1.r_regionkey = nation_1.n_regionkey)", "Rows Removed by Index Recheck": 0, "Filter": "(region_1.r_name = 'america'::bpchar)", "Rows Removed by Filter": 0}]}]}]}]}, {"Node Type": "Index Scan", "Parent Relationship": "Inner", "Parallel Aware": false, "Scan Direction": "Forward", "Index Name": "idx_supplier_suppkey", "Relation Name": "supplier", "Schema": "public", "Alias": "supplier", "Startup Cost": 0.29, "Total Cost": 0.3, "Plan Rows": 1, "Plan Width": 144, "Actual Startup Time": 0.0, "Actual Total Time": 0.0, "Actual Rows": 0, "Actual Loops": 0, "Output": ["supplier.s_suppkey", "supplier.s_name", "supplier.s_address", "supplier.s_nationkey", "supplier.s_phone", "supplier.s_acctbal", "supplier.s_comment"], "Index Cond": "(supplier.s_suppkey = partsupp.ps_suppkey)", "Rows Removed by Index Recheck": 0}]}, {"Node Type": "Seq Scan", "Parent Relationship": "Inner", "Parallel Aware": false, "Relation Name": "nation", "Schema": "public", "Alias": "nation", "Startup Cost": 0.0, "Total Cost": 15.1, "Plan Rows": 510, "Plan Width": 37, "Actual Startup Time": 0.0, "Actual Total Time": 0.0, "Actual Rows": 0, "Actual Loops": 0, "Output": ["nation.n_nationkey", "nation.n_name", "nation.n_regionkey", "nation.n_comment"]}]}, {"Node Type": "Materialize", "Parent Relationship": "Inner", "Parallel Aware": false, "Startup Cost": 0.0, "Total Cost": 16.52, "Plan Rows": 3, "Plan Width": 4, "Actual Startup Time": 0.0, "Actual Total Time": 0.0, "Actual Rows": 0, "Actual Loops": 0, "Output": ["region.r_regionkey"], "Plans": [{"Node Type": "Seq Scan", "Parent Relationship": "Outer", "Parallel Aware": false, "Relation Name": "region", "Schema": "public", "Alias": "region", "Startup Cost": 0.0, "Total Cost": 16.5, "Plan Rows": 3, "Plan Width": 4, "Actual Startup Time": 0.0, "Actual Total Time": 0.0, "Actual Rows": 0, "Actual Loops": 0, "Output": ["region.r_regionkey"], "Filter": "(region.r_name = 'america'::bpchar)", "Rows Removed by Filter": 0}]}]}]}]}, "Planning Time": 154.036, "Triggers": [], "Execution Time": 48.813}]
q3#####[{"Plan": {"Node Type": "Limit", "Parallel Aware": false, "Startup Cost": 5514.12, "Total Cost": 5514.12, "Plan Rows": 1, "Plan Width": 44, "Actual Startup Time": 30.001, "Actual Total Time": 30.002, "Actual Rows": 0, "Actual Loops": 1, "Output": ["lineitem.l_orderkey", "(sum((lineitem.l_extendedprice * ('1'::numeric - lineitem.l_discount))))", "orders.o_orderdate", "orders.o_shippriority"], "Plans": [{"Node Type": "Sort", "Parent Relationship": "Outer", "Parallel Aware": false, "Startup Cost": 5514.12, "Total Cost": 5514.12, "Plan Rows": 1, "Plan Width": 44, "Actual Startup Time": 29.999, "Actual Total Time": 30.001, "Actual Rows": 0, "Actual Loops": 1, "Output": ["lineitem.l_orderkey", "(sum((lineitem.l_extendedprice * ('1'::numeric - lineitem.l_discount))))", "orders.o_orderdate", "orders.o_shippriority"], "Sort Key": ["(sum((lineitem.l_extendedprice * ('1'::numeric - lineitem.l_discount)))) DESC", "orders.o_orderdate"], "Sort Method": "quicksort", "Sort Space Used": 25, "Sort Space Type": "Memory", "Plans": [{"Node Type": "Aggregate", "Strategy": "Sorted", "Partial Mode": "Simple", "Parent Relationship": "Outer", "Parallel Aware": false, "Startup Cost": 5514.09, "Total Cost": 5514.11, "Plan Rows": 1, "Plan Width": 44, "Actual Startup Time": 29.952, "Actual Total Time": 29.953, "Actual Rows": 0, "Actual Loops": 1, "Output": ["lineitem.l_orderkey", "sum((lineitem.l_extendedprice * ('1'::numeric - lineitem.l_discount)))", "orders.o_orderdate", "orders.o_shippriority"], "Group Key": ["lineitem.l_orderkey", "orders.o_orderdate", "orders.o_shippriority"], "Plans": [{"Node Type": "Sort", "Parent Relationship": "Outer", "Parallel Aware": false, "Startup Cost": 5514.09, "Total Cost": 5514.1, "Plan Rows": 0, "Plan Width": 24, "Actual Startup Time": 29.951, "Actual Total Time": 29.952, "Actual Rows": 0, "Actual Loops": 1, "Output": ["lineitem.l_orderkey", "orders.o_orderdate", "orders.o_shippriority", "lineitem.l_extendedprice", "lineitem.l_discount"], "Sort Key": ["lineitem.l_orderkey", "orders.o_orderdate", "orders.o_shippriority"], "Sort Method": "quicksort", "Sort Space Used": 25, "Sort Space Type": "Memory", "Plans": [{"Node Type": "Nested Loop", "Parent Relationship": "Outer", "Parallel Aware": false, "Join Type": "Inner", "Startup Cost": 4.94, "Total Cost": 5514.08, "Plan Rows": 0, "Plan Width": 24, "Actual Startup Time": 29.947, "Actual Total Time": 29.948, "Actual Rows": 0, "Actual Loops": 1, "Output": ["lineitem.l_orderkey", "orders.o_orderdate", "orders.o_shippriority", "lineitem.l_extendedprice", "lineitem.l_discount"], "Inner Unique": false, "Plans": [{"Node Type": "Nested Loop", "Parent Relationship": "Outer", "Parallel Aware": false, "Join Type": "Inner", "Startup Cost": 4.51, "Total Cost": 5508.05, "Plan Rows": 5, "Plan Width": 12, "Actual Startup Time": 29.946, "Actual Total Time": 29.947, "Actual Rows": 0, "Actual Loops": 1, "Output": ["orders.o_orderdate", "orders.o_shippriority", "orders.o_orderkey"], "Inner Unique": false, "Plans": [{"Node Type": "Seq Scan", "Parent Relationship": "Outer", "Parallel Aware": false, "Relation Name": "customer", "Schema": "public", "Alias": "customer", "Startup Cost": 0.0, "Total Cost": 5460.0, "Plan Rows": 1, "Plan Width": 4, "Actual Startup Time": 29.946, "Actual Total Time": 29.946, "Actual Rows": 0, "Actual Loops": 1, "Output": ["customer.c_custkey", "customer.c_name", "customer.c_address", "customer.c_nationkey", "customer.c_phone", "customer.c_acctbal", "customer.c_mktsegment", "customer.c_comment"], "Filter": "(customer.c_mktsegment = 'building'::bpchar)", "Rows Removed by Filter": 150000}, {"Node Type": "Bitmap Heap Scan", "Parent Relationship": "Inner", "Parallel Aware": false, "Relation Name": "orders", "Schema": "public", "Alias": "orders", "Startup Cost": 4.51, "Total Cost": 48.0, "Plan Rows": 5, "Plan Width": 16, "Actual Startup Time": 0.0, "Actual Total Time": 0.0, "Actual Rows": 0, "Actual Loops": 0, "Output": ["orders.o_orderkey", "orders.o_custkey", "orders.o_orderstatus", "orders.o_totalprice", "orders.o_orderdate", "orders.o_orderpriority", "orders.o_clerk", "orders.o_shippriority", "orders.o_comment"], "Recheck Cond": "(orders.o_custkey = customer.c_custkey)", "Rows Removed by Index Recheck": 0, "Filter": "(orders.o_orderdate < '1995-03-10'::date)", "Rows Removed by Filter": 0, "Exact Heap Blocks": 0, "Lossy Heap Blocks": 0, "Plans": [{"Node Type": "Bitmap Index Scan", "Parent Relationship": "Outer", "Parallel Aware": false, "Index Name": "idx_orders_custkey", "Startup Cost": 0.0, "Total Cost": 4.51, "Plan Rows": 11, "Plan Width": 0, "Actual Startup Time": 0.0, "Actual Total Time": 0.0, "Actual Rows": 0, "Actual Loops": 0, "Index Cond": "(orders.o_custkey = customer.c_custkey)"}]}]}, {"Node Type": "Index Scan", "Parent Relationship": "Inner", "Parallel Aware": false, "Scan Direction": "Forward", "Index Name": "idx_lineitem_orderkey", "Relation Name": "lineitem", "Schema": "public", "Alias": "lineitem", "Startup Cost": 0.43, "Total Cost": 1.2, "Plan Rows": 1, "Plan Width": 16, "Actual Startup Time": 0.0, "Actual Total Time": 0.0, "Actual Rows": 0, "Actual Loops": 0, "Output": ["lineitem.l_orderkey", "lineitem.l_partkey", "lineitem.l_suppkey", "lineitem.l_linenumber", "lineitem.l_quantity", "lineitem.l_extendedprice", "lineitem.l_discount", "lineitem.l_tax", "lineitem.l_returnflag", "lineitem.l_linestatus", "lineitem.l_shipdate", "lineitem.l_commitdate", "lineitem.l_receiptdate", "lineitem.l_shipinstruct", "lineitem.l_shipmode", "lineitem.l_comment"], "Index Cond": "(lineitem.l_orderkey = orders.o_orderkey)", "Rows Removed by Index Recheck": 0, "Filter": "(lineitem.l_shipdate > '1995-03-10'::date)", "Rows Removed by Filter": 0}]}]}]}]}]}, "Planning Time": 101.643, "Triggers": [], "Execution Time": 30.144}]
q8#####[{"Plan": {"Node Type": "Aggregate", "Strategy": "Sorted", "Partial Mode": "Simple", "Parallel Aware": false, "Startup Cost": 40988.08, "Total Cost": 41011.84, "Plan Rows": 528, "Plan Width": 40, "Actual Startup Time": 0.054, "Actual Total Time": 0.057, "Actual Rows": 0, "Actual Loops": 1, "Output": ["(date_part('year'::text, (orders.o_orderdate)::timestamp without time zone))", "(sum(CASE WHEN (n2.n_name = 'russia'::bpchar) THEN (lineitem.l_extendedprice * ('1'::numeric - lineitem.l_discount)) ELSE '0'::numeric END) / sum((lineitem.l_extendedprice * ('1'::numeric - lineitem.l_discount))))"], "Group Key": ["(date_part('year'::text, (orders.o_orderdate)::timestamp without time zone))"], "Plans": [{"Node Type": "Sort", "Parent Relationship": "Outer", "Parallel Aware": false, "Startup Cost": 40988.08, "Total Cost": 40989.4, "Plan Rows": 528, "Plan Width": 49, "Actual Startup Time": 0.054, "Actual Total Time": 0.056, "Actual Rows": 0, "Actual Loops": 1, "Output": ["(date_part('year'::text, (orders.o_orderdate)::timestamp without time zone))", "n2.n_name", "lineitem.l_extendedprice", "lineitem.l_discount"], "Sort Key": ["(date_part('year'::text, (orders.o_orderdate)::timestamp without time zone))"], "Sort Method": "quicksort", "Sort Space Used": 25, "Sort Space Type": "Memory", "Plans": [{"Node Type": "Nested Loop", "Parent Relationship": "Outer", "Parallel Aware": false, "Join Type": "Inner", "Startup Cost": 465.26, "Total Cost": 40964.2, "Plan Rows": 528, "Plan Width": 49, "Actual Startup Time": 0.027, "Actual Total Time": 0.029, "Actual Rows": 0, "Actual Loops": 1, "Output": ["date_part('year'::text, (orders.o_orderdate)::timestamp without time zone)", "n2.n_name", "lineitem.l_extendedprice", "lineitem.l_discount"], "Inner Unique": false, "Plans": [{"Node Type": "Nested Loop", "Parent Relationship": "Outer", "Parallel Aware": false, "Join Type": "Inner", "Startup Cost": 465.11, "Total Cost": 40912.96, "Plan Rows": 207, "Plan Width": 20, "Actual Startup Time": 0.027, "Actual Total Time": 0.029, "Actual Rows": 0, "Actual Loops": 1, "Output": ["lineitem.l_extendedprice", "lineitem.l_discount", "supplier.s_nationkey", "orders.o_orderdate"], "Inner Unique": false, "Plans": [{"Node Type": "Hash Join", "Parent Relationship": "Outer", "Parallel Aware": false, "Join Type": "Inner", "Startup Cost": 464.69, "Total Cost": 39396.44, "Plan Rows": 3347, "Plan Width": 24, "Actual Startup Time": 0.027, "Actual Total Time": 0.029, "Actual Rows": 0, "Actual Loops": 1, "Output": ["supplier.s_nationkey", "lineitem.l_extendedprice", "lineitem.l_discount", "lineitem.l_partkey", "orders.o_orderdate"], "Inner Unique": false, "Hash Cond": "(lineitem.l_suppkey = supplier.s_suppkey)", "Plans": [{"Node Type": "Nested Loop", "Parent Relationship": "Outer", "Parallel Aware": false, "Join Type": "Inner", "Startup Cost": 17.69, "Total Cost": 38489.12, "Plan Rows": 33478, "Plan Width": 24, "Actual Startup Time": 0.027, "Actual Total Time": 0.028, "Actual Rows": 0, "Actual Loops": 1, "Output": ["lineitem.l_extendedprice", "lineitem.l_discount", "lineitem.l_partkey", "lineitem.l_suppkey", "orders.o_orderdate"], "Inner Unique": false, "Plans": [{"Node Type": "Nested Loop", "Parent Relationship": "Outer", "Parallel Aware": false, "Join Type": "Inner", "Startup Cost": 17.26, "Total Cost": 9968.64, "Plan Rows": 17316, "Plan Width": 8, "Actual Startup Time": 0.027, "Actual Total Time": 0.028, "Actual Rows": 0, "Actual Loops": 1, "Output": ["orders.o_orderdate", "orders.o_orderkey"], "Inner Unique": false, "Plans": [{"Node Type": "Nested Loop", "Parent Relationship": "Outer", "Parallel Aware": false, "Join Type": "Inner", "Startup Cost": 16.83, "Total Cost": 1589.4, "Plan Rows": 5738, "Plan Width": 4, "Actual Startup Time": 0.026, "Actual Total Time": 0.028, "Actual Rows": 0, "Actual Loops": 1, "Output": ["customer.c_custkey"], "Inner Unique": false, "Plans": [{"Node Type": "Hash Join", "Parent Relationship": "Outer", "Parallel Aware": false, "Join Type": "Inner", "Startup Cost": 16.54, "Total Cost": 33.63, "Plan Rows": 8, "Plan Width": 4, "Actual Startup Time": 0.026, "Actual Total Time": 0.027, "Actual Rows": 0, "Actual Loops": 1, "Output": ["n1.n_nationkey"], "Inner Unique": false, "Hash Cond": "(n1.n_regionkey = region.r_regionkey)", "Plans": [{"Node Type": "Seq Scan", "Parent Relationship": "Outer", "Parallel Aware": false, "Relation Name": "nation", "Schema": "public", "Alias": "n1", "Startup Cost": 0.0, "Total Cost": 15.1, "Plan Rows": 510, "Plan Width": 8, "Actual Startup Time": 0.01, "Actual Total Time": 0.011, "Actual Rows": 1, "Actual Loops": 1, "Output": ["n1.n_nationkey", "n1.n_name", "n1.n_regionkey", "n1.n_comment"]}, {"Node Type": "Hash", "Parent Relationship": "Inner", "Parallel Aware": false, "Startup Cost": 16.5, "Total Cost": 16.5, "Plan Rows": 3, "Plan Width": 4, "Actual Startup Time": 0.009, "Actual Total Time": 0.009, "Actual Rows": 0, "Actual Loops": 1, "Output": ["region.r_regionkey"], "Hash Buckets": 1024, "Original Hash Buckets": 1024, "Hash Batches": 1, "Original Hash Batches": 1, "Peak Memory Usage": 8, "Plans": [{"Node Type": "Seq Scan", "Parent Relationship": "Outer", "Parallel Aware": false, "Relation Name": "region", "Schema": "public", "Alias": "region", "Startup Cost": 0.0, "Total Cost": 16.5, "Plan Rows": 3, "Plan Width": 4, "Actual Startup Time": 0.009, "Actual Total Time": 0.009, "Actual Rows": 0, "Actual Loops": 1, "Output": ["region.r_regionkey"], "Filter": "(region.r_name = 'europe'::bpchar)", "Rows Removed by Filter": 5}]}]}, {"Node Type": "Index Scan", "Parent Relationship": "Inner", "Parallel Aware": false, "Scan Direction": "Forward", "Index Name": "idx_customer_nationkey", "Relation Name": "customer", "Schema": "public", "Alias": "customer", "Startup Cost": 0.29, "Total Cost": 134.47, "Plan Rows": 6000, "Plan Width": 8, "Actual Startup Time": 0.0, "Actual Total Time": 0.0, "Actual Rows": 0, "Actual Loops": 0, "Output": ["customer.c_custkey", "customer.c_name", "customer.c_address", "customer.c_nationkey", "customer.c_phone", "customer.c_acctbal", "customer.c_mktsegment", "customer.c_comment"], "Index Cond": "(customer.c_nationkey = n1.n_nationkey)", "Rows Removed by Index Recheck": 0}]}, {"Node Type": "Index Scan", "Parent Relationship": "Inner", "Parallel Aware": false, "Scan Direction": "Forward", "Index Name": "idx_orders_custkey", "Relation Name": "orders", "Schema": "public", "Alias": "orders", "Startup Cost": 0.43, "Total Cost": 1.43, "Plan Rows": 3, "Plan Width": 12, "Actual Startup Time": 0.0, "Actual Total Time": 0.0, "Actual Rows": 0, "Actual Loops": 0, "Output": ["orders.o_orderkey", "orders.o_custkey", "orders.o_orderstatus", "orders.o_totalprice", "orders.o_orderdate", "orders.o_orderpriority", "orders.o_clerk", "orders.o_shippriority", "orders.o_comment"], "Index Cond": "(orders.o_custkey = customer.c_custkey)", "Rows Removed by Index Recheck": 0, "Filter": "((orders.o_orderdate >= '1995-01-01'::date) AND (orders.o_orderdate <= '1996-12-31'::date))", "Rows Removed by Filter": 0}]}, {"Node Type": "Index Scan", "Parent Relationship": "Inner", "Parallel Aware": false, "Scan Direction": "Forward", "Index Name": "idx_lineitem_orderkey", "Relation Name": "lineitem", "Schema": "public", "Alias": "lineitem", "Startup Cost": 0.43, "Total Cost": 1.63, "Plan Rows": 2, "Plan Width": 24, "Actual Startup Time": 0.0, "Actual Total Time": 0.0, "Actual Rows": 0, "Actual Loops": 0, "Output": ["lineitem.l_orderkey", "lineitem.l_partkey", "lineitem.l_suppkey", "lineitem.l_linenumber", "lineitem.l_quantity", "lineitem.l_extendedprice", "lineitem.l_discount", "lineitem.l_tax", "lineitem.l_returnflag", "lineitem.l_linestatus", "lineitem.l_shipdate", "lineitem.l_commitdate", "lineitem.l_receiptdate", "lineitem.l_shipinstruct", "lineitem.l_shipmode", "lineitem.l_comment"], "Index Cond": "(lineitem.l_orderkey = orders.o_orderkey)", "Rows Removed by Index Recheck": 0}]}, {"Node Type": "Hash", "Parent Relationship": "Inner", "Parallel Aware": false, "Startup Cost": 322.0, "Total Cost": 322.0, "Plan Rows": 10000, "Plan Width": 8, "Actual Startup Time": 0.0, "Actual Total Time": 0.0, "Actual Rows": 0, "Actual Loops": 0, "Output": ["supplier.s_suppkey", "supplier.s_nationkey"], "Plans": [{"Node Type": "Seq Scan", "Parent Relationship": "Outer", "Parallel Aware": false, "Relation Name": "supplier", "Schema": "public", "Alias": "supplier", "Startup Cost": 0.0, "Total Cost": 322.0, "Plan Rows": 10000, "Plan Width": 8, "Actual Startup Time": 0.0, "Actual Total Time": 0.0, "Actual Rows": 0, "Actual Loops": 0, "Output": ["supplier.s_suppkey", "supplier.s_nationkey"]}]}]}, {"Node Type": "Index Scan", "Parent Relationship": "Inner", "Parallel Aware": false, "Scan Direction": "Forward", "Index Name": "idx_part_partkey", "Relation Name": "part", "Schema": "public", "Alias": "part", "Startup Cost": 0.42, "Total Cost": 0.44, "Plan Rows": 1, "Plan Width": 4, "Actual Startup Time": 0.0, "Actual Total Time": 0.0, "Actual Rows": 0, "Actual Loops": 0, "Output": ["part.p_partkey", "part.p_name", "part.p_mfgr", "part.p_brand", "part.p_type", "part.p_size", "part.p_container", "part.p_retailprice", "part.p_comment"], "Index Cond": "(part.p_partkey = lineitem.l_partkey)", "Rows Removed by Index Recheck": 0, "Filter": "((part.p_type)::text = 'economy brushed brass'::text)", "Rows Removed by Filter": 0}]}, {"Node Type": "Index Scan", "Parent Relationship": "Inner", "Parallel Aware": false, "Scan Direction": "Forward", "Index Name": "idx_nation_nationkey", "Relation Name": "nation", "Schema": "public", "Alias": "n2", "Startup Cost": 0.15, "Total Cost": 0.2, "Plan Rows": 3, "Plan Width": 33, "Actual Startup Time": 0.0, "Actual Total Time": 0.0, "Actual Rows": 0, "Actual Loops": 0, "Output": ["n2.n_nationkey", "n2.n_name", "n2.n_regionkey", "n2.n_comment"], "Index Cond": "(n2.n_nationkey = supplier.s_nationkey)", "Rows Removed by Index Recheck": 0}]}]}]}, "Planning Time": 222.225, "Triggers": [], "Execution Time": 0.145}]
q9#####[{"Plan": {"Node Type": "Aggregate", "Strategy": "Sorted", "Partial Mode": "Simple", "Parallel Aware": false, "Startup Cost": 100161.54, "Total Cost": 100169.87, "Plan Rows": 222, "Plan Width": 69, "Actual Startup Time": 377.764, "Actual Total Time": 377.791, "Actual Rows": 20, "Actual Loops": 1, "Output": ["nation.n_name", "(date_part('year'::text, (orders.o_orderdate)::timestamp without time zone))", "sum(((lineitem.l_extendedprice * ('1'::numeric - lineitem.l_discount)) - (partsupp.ps_supplycost * lineitem.l_quantity)))"], "Group Key": ["nation.n_name", "(date_part('year'::text, (orders.o_orderdate)::timestamp without time zone))"], "Plans": [{"Node Type": "Sort", "Parent Relationship": "Outer", "Parallel Aware": false, "Startup Cost": 100161.54, "Total Cost": 100162.1, "Plan Rows": 222, "Plan Width": 59, "Actual Startup Time": 377.751, "Actual Total Time": 377.755, "Actual Rows": 25, "Actual Loops": 1, "Output": ["nation.n_name", "(date_part('year'::text, (orders.o_orderdate)::timestamp without time zone))", "lineitem.l_extendedprice", "lineitem.l_discount", "partsupp.ps_supplycost", "lineitem.l_quantity"], "Sort Key": ["nation.n_name", "(date_part('year'::text, (orders.o_orderdate)::timestamp without time zone)) DESC"], "Sort Method": "quicksort", "Sort Space Used": 28, "Sort Space Type": "Memory", "Plans": [{"Node Type": "Nested Loop", "Parent Relationship": "Outer", "Parallel Aware": false, "Join Type": "Inner", "Startup Cost": 7221.77, "Total Cost": 100152.89, "Plan Rows": 222, "Plan Width": 59, "Actual Startup Time": 76.497, "Actual Total Time": 377.663, "Actual Rows": 25, "Actual Loops": 1, "Output": ["nation.n_name", "date_part('year'::text, (orders.o_orderdate)::timestamp without time zone)", "lineitem.l_extendedprice", "lineitem.l_discount", "partsupp.ps_supplycost", "lineitem.l_quantity"], "Inner Unique": false, "Plans": [{"Node Type": "Hash Join", "Parent Relationship": "Outer", "Parallel Aware": false, "Join Type": "Inner", "Startup Cost": 7221.62, "Total Cost": 100131.35, "Plan Rows": 87, "Plan Width": 30, "Actual Startup Time": 76.48, "Actual Total Time": 377.572, "Actual Rows": 26, "Actual Loops": 1, "Output": ["lineitem.l_extendedprice", "lineitem.l_discount", "lineitem.l_quantity", "supplier.s_nationkey", "partsupp.ps_supplycost", "orders.o_orderdate"], "Inner Unique": false, "Hash Cond": "(lineitem.l_suppkey = supplier.s_suppkey)", "Plans": [{"Node Type": "Nested Loop", "Parent Relationship": "Outer", "Parallel Aware": false, "Join Type": "Inner", "Startup Cost": 6774.62, "Total Cost": 99564.73, "Plan Rows": 8700, "Plan Width": 34, "Actual Startup Time": 68.46, "Actual Total Time": 369.529, "Actual Rows": 26, "Actual Loops": 1, "Output": ["lineitem.l_extendedprice", "lineitem.l_discount", "lineitem.l_quantity", "lineitem.l_suppkey", "partsupp.ps_supplycost", "partsupp.ps_suppkey", "orders.o_orderdate"], "Inner Unique": false, "Plans": [{"Node Type": "Nested Loop", "Parent Relationship": "Outer", "Parallel Aware": false, "Join Type": "Inner", "Startup Cost": 6774.19, "Total Cost": 99479.2, "Plan Rows": 180, "Plan Width": 34, "Actual Startup Time": 62.472, "Actual Total Time": 368.436, "Actual Rows": 107, "Actual Loops": 1, "Output": ["lineitem.l_extendedprice", "lineitem.l_discount", "lineitem.l_quantity", "lineitem.l_suppkey", "lineitem.l_orderkey", "partsupp.ps_supplycost", "partsupp.ps_suppkey"], "Inner Unique": false, "Plans": [{"Node Type": "Hash Join", "Parent Relationship": "Outer", "Parallel Aware": false, "Join Type": "Inner", "Startup Cost": 6773.76, "Total Cost": 35790.4, "Plan Rows": 56564, "Plan Width": 18, "Actual Startup Time": 51.478, "Actual Total Time": 247.659, "Actual Rows": 43899, "Actual Loops": 1, "Output": ["part.p_partkey", "partsupp.ps_supplycost", "partsupp.ps_suppkey", "partsupp.ps_partkey"], "Inner Unique": false, "Hash Cond": "(partsupp.ps_partkey = part.p_partkey)", "Plans": [{"Node Type": "Seq Scan", "Parent Relationship": "Outer", "Parallel Aware": false, "Relation Name": "partsupp", "Schema": "public", "Alias": "partsupp", "Startup Cost": 0.0, "Total Cost": 25451.0, "Plan Rows": 800000, "Plan Width": 14, "Actual Startup Time": 0.029, "Actual Total Time": 42.459, "Actual Rows": 800000, "Actual Loops": 1, "Output": ["partsupp.ps_partkey", "partsupp.ps_suppkey", "partsupp.ps_availqty", "partsupp.ps_supplycost", "partsupp.ps_comment"]}, {"Node Type": "Hash", "Parent Relationship": "Inner", "Parallel Aware": false, "Startup Cost": 6597.0, "Total Cost": 6597.0, "Plan Rows": 14141, "Plan Width": 4, "Actual Startup Time": 51.255, "Actual Total Time": 51.255, "Actual Rows": 10887, "Actual Loops": 1, "Output": ["part.p_partkey"], "Hash Buckets": 16384, "Original Hash Buckets": 16384, "Hash Batches": 1, "Original Hash Batches": 1, "Peak Memory Usage": 511, "Plans": [{"Node Type": "Seq Scan", "Parent Relationship": "Outer", "Parallel Aware": false, "Relation Name": "part", "Schema": "public", "Alias": "part", "Startup Cost": 0.0, "Total Cost": 6597.0, "Plan Rows": 14141, "Plan Width": 4, "Actual Startup Time": 0.052, "Actual Total Time": 49.688, "Actual Rows": 10887, "Actual Loops": 1, "Output": ["part.p_partkey"], "Filter": "((part.p_name)::text ~~ '%sandy%'::text)", "Rows Removed by Filter": 189113}]}]}, {"Node Type": "Index Scan", "Parent Relationship": "Inner", "Parallel Aware": false, "Scan Direction": "Forward", "Index Name": "idx_lineitem_partkey_suppkey", "Relation Name": "lineitem", "Schema": "public", "Alias": "lineitem", "Startup Cost": 0.43, "Total Cost": 1.12, "Plan Rows": 1, "Plan Width": 28, "Actual Startup Time": 0.003, "Actual Total Time": 0.003, "Actual Rows": 0, "Actual Loops": 43899, "Output": ["lineitem.l_orderkey", "lineitem.l_partkey", "lineitem.l_suppkey", "lineitem.l_linenumber", "lineitem.l_quantity", "lineitem.l_extendedprice", "lineitem.l_discount", "lineitem.l_tax", "lineitem.l_returnflag", "lineitem.l_linestatus", "lineitem.l_shipdate", "lineitem.l_commitdate", "lineitem.l_receiptdate", "lineitem.l_shipinstruct", "lineitem.l_shipmode", "lineitem.l_comment"], "Index Cond": "((lineitem.l_partkey = partsupp.ps_partkey) AND (lineitem.l_suppkey = partsupp.ps_suppkey))", "Rows Removed by Index Recheck": 0}]}, {"Node Type": "Index Scan", "Parent Relationship": "Inner", "Parallel Aware": false, "Scan Direction": "Forward", "Index Name": "idx_orders_orderkey", "Relation Name": "orders", "Schema": "public", "Alias": "orders", "Startup Cost": 0.43, "Total Cost": 0.47, "Plan Rows": 1, "Plan Width": 8, "Actual Startup Time": 0.01, "Actual Total Time": 0.01, "Actual Rows": 0, "Actual Loops": 107, "Output": ["orders.o_orderkey", "orders.o_custkey", "orders.o_orderstatus", "orders.o_totalprice", "orders.o_orderdate", "orders.o_orderpriority", "orders.o_clerk", "orders.o_shippriority", "orders.o_comment"], "Index Cond": "(orders.o_orderkey = lineitem.l_orderkey)", "Rows Removed by Index Recheck": 0}]}, {"Node Type": "Hash", "Parent Relationship": "Inner", "Parallel Aware": false, "Startup Cost": 322.0, "Total Cost": 322.0, "Plan Rows": 10000, "Plan Width": 8, "Actual Startup Time": 7.993, "Actual Total Time": 7.994, "Actual Rows": 10000, "Actual Loops": 1, "Output": ["supplier.s_suppkey", "supplier.s_nationkey"], "Hash Buckets": 16384, "Original Hash Buckets": 16384, "Hash Batches": 1, "Original Hash Batches": 1, "Peak Memory Usage": 519, "Plans": [{"Node Type": "Seq Scan", "Parent Relationship": "Outer", "Parallel Aware": false, "Relation Name": "supplier", "Schema": "public", "Alias": "supplier", "Startup Cost": 0.0, "Total Cost": 322.0, "Plan Rows": 10000, "Plan Width": 8, "Actual Startup Time": 0.03, "Actual Total Time": 4.724, "Actual Rows": 10000, "Actual Loops": 1, "Output": ["supplier.s_suppkey", "supplier.s_nationkey"]}]}]}, {"Node Type": "Index Scan", "Parent Relationship": "Inner", "Parallel Aware": false, "Scan Direction": "Forward", "Index Name": "idx_nation_nationkey", "Relation Name": "nation", "Schema": "public", "Alias": "nation", "Startup Cost": 0.15, "Total Cost": 0.2, "Plan Rows": 3, "Plan Width": 33, "Actual Startup Time": 0.002, "Actual Total Time": 0.002, "Actual Rows": 1, "Actual Loops": 26, "Output": ["nation.n_nationkey", "nation.n_name", "nation.n_regionkey", "nation.n_comment"], "Index Cond": "(nation.n_nationkey = supplier.s_nationkey)", "Rows Removed by Index Recheck": 0}]}]}]}, "Planning Time": 159.97, "Triggers": [], "Execution Time": 377.978}]
q14#####[{"Plan": {"Node Type": "Aggregate", "Strategy": "Plain", "Partial Mode": "Simple", "Parallel Aware": false, "Startup Cost": 213441.08, "Total Cost": 213441.1, "Plan Rows": 1, "Plan Width": 32, "Actual Startup Time": 1194.528, "Actual Total Time": 1194.53, "Actual Rows": 1, "Actual Loops": 1, "Output": ["((100.00 * sum(CASE WHEN ((part.p_type)::text ~~ 'promo%'::text) THEN (lineitem.l_extendedprice * ('1'::numeric - lineitem.l_discount)) ELSE '0'::numeric END)) / sum((lineitem.l_extendedprice * ('1'::numeric - lineitem.l_discount))))"], "Plans": [{"Node Type": "Hash Join", "Parent Relationship": "Outer", "Parallel Aware": false, "Join Type": "Inner", "Startup Cost": 8597.0, "Total Cost": 212152.43, "Plan Rows": 73637, "Plan Width": 33, "Actual Startup Time": 84.463, "Actual Total Time": 1171.561, "Actual Rows": 75174, "Actual Loops": 1, "Output": ["part.p_type", "lineitem.l_extendedprice", "lineitem.l_discount"], "Inner Unique": false, "Hash Cond": "(lineitem.l_partkey = part.p_partkey)", "Plans": [{"Node Type": "Seq Scan", "Parent Relationship": "Outer", "Parallel Aware": false, "Relation Name": "lineitem", "Schema": "public", "Alias": "lineitem", "Startup Cost": 0.0, "Total Cost": 202542.92, "Plan Rows": 73637, "Plan Width": 16, "Actual Startup Time": 0.041, "Actual Total Time": 1056.349, "Actual Rows": 75174, "Actual Loops": 1, "Output": ["lineitem.l_orderkey", "lineitem.l_partkey", "lineitem.l_suppkey", "lineitem.l_linenumber", "lineitem.l_quantity", "lineitem.l_extendedprice", "lineitem.l_discount", "lineitem.l_tax", "lineitem.l_returnflag", "lineitem.l_linestatus", "lineitem.l_shipdate", "lineitem.l_commitdate", "lineitem.l_receiptdate", "lineitem.l_shipinstruct", "lineitem.l_shipmode", "lineitem.l_comment"], "Filter": "((lineitem.l_shipdate >= '1994-01-01'::date) AND (lineitem.l_shipdate < '1994-02-01 00:00:00'::timestamp without time zone))", "Rows Removed by Filter": 5926041}, {"Node Type": "Hash", "Parent Relationship": "Inner", "Parallel Aware": false, "Startup Cost": 6097.0, "Total Cost": 6097.0, "Plan Rows": 200000, "Plan Width": 25, "Actual Startup Time": 82.131, "Actual Total Time": 82.131, "Actual Rows": 200000, "Actual Loops": 1, "Output": ["part.p_type", "part.p_partkey"], "Hash Buckets": 262144, "Original Hash Buckets": 262144, "Hash Batches": 1, "Original Hash Batches": 1, "Peak Memory Usage": 13600, "Plans": [{"Node Type": "Seq Scan", "Parent Relationship": "Outer", "Parallel Aware": false, "Relation Name": "part", "Schema": "public", "Alias": "part", "Startup Cost": 0.0, "Total Cost": 6097.0, "Plan Rows": 200000, "Plan Width": 25, "Actual Startup Time": 0.05, "Actual Total Time": 47.044, "Actual Rows": 200000, "Actual Loops": 1, "Output": ["part.p_type", "part.p_partkey"]}]}]}]}, "Planning Time": 51.241, "Triggers": [], "Execution Time": 1194.771}]
q17#####[{"Plan": {"Node Type": "Aggregate", "Strategy": "Plain", "Partial Mode": "Simple", "Parallel Aware": false, "Startup Cost": 11440.02, "Total Cost": 11440.03, "Plan Rows": 1, "Plan Width": 32, "Actual Startup Time": 41.123, "Actual Total Time": 41.124, "Actual Rows": 1, "Actual Loops": 1, "Output": ["(sum(lineitem.l_extendedprice) / 7.0)"], "Plans": [{"Node Type": "Nested Loop", "Parent Relationship": "Outer", "Parallel Aware": false, "Join Type": "Inner", "Startup Cost": 0.43, "Total Cost": 11439.99, "Plan Rows": 10, "Plan Width": 8, "Actual Startup Time": 41.119, "Actual Total Time": 41.12, "Actual Rows": 0, "Actual Loops": 1, "Output": ["lineitem.l_extendedprice"], "Inner Unique": false, "Plans": [{"Node Type": "Seq Scan", "Parent Relationship": "Outer", "Parallel Aware": false, "Relation Name": "part", "Schema": "public", "Alias": "part", "Startup Cost": 0.0, "Total Cost": 7097.0, "Plan Rows": 1, "Plan Width": 4, "Actual Startup Time": 41.118, "Actual Total Time": 41.118, "Actual Rows": 0, "Actual Loops": 1, "Output": ["part.p_partkey", "part.p_name", "part.p_mfgr", "part.p_brand", "part.p_type", "part.p_size", "part.p_container", "part.p_retailprice", "part.p_comment"], "Filter": "((part.p_brand = 'brand#31'::bpchar) AND (part.p_container = 'lg jar'::bpchar))", "Rows Removed by Filter": 200000}, {"Node Type": "Index Scan", "Parent Relationship": "Inner", "Parallel Aware": false, "Scan Direction": "Forward", "Index Name": "idx_lineitem_partkey_suppkey", "Relation Name": "lineitem", "Schema": "public", "Alias": "lineitem", "Startup Cost": 0.43, "Total Cost": 4342.88, "Plan Rows": 11, "Plan Width": 16, "Actual Startup Time": 0.0, "Actual Total Time": 0.0, "Actual Rows": 0, "Actual Loops": 0, "Output": ["lineitem.l_orderkey", "lineitem.l_partkey", "lineitem.l_suppkey", "lineitem.l_linenumber", "lineitem.l_quantity", "lineitem.l_extendedprice", "lineitem.l_discount", "lineitem.l_tax", "lineitem.l_returnflag", "lineitem.l_linestatus", "lineitem.l_shipdate", "lineitem.l_commitdate", "lineitem.l_receiptdate", "lineitem.l_shipinstruct", "lineitem.l_shipmode", "lineitem.l_comment"], "Index Cond": "(lineitem.l_partkey = part.p_partkey)", "Rows Removed by Index Recheck": 0, "Filter": "(lineitem.l_quantity < (SubPlan 1))", "Rows Removed by Filter": 0, "Plans": [{"Node Type": "Aggregate", "Strategy": "Plain", "Partial Mode": "Simple", "Parent Relationship": "SubPlan", "Subplan Name": "SubPlan 1", "Parallel Aware": false, "Startup Cost": 131.54, "Total Cost": 131.56, "Plan Rows": 1, "Plan Width": 32, "Actual Startup Time": 0.0, "Actual Total Time": 0.0, "Actual Rows": 0, "Actual Loops": 0, "Output": ["(0.2 * avg(lineitem_1.l_quantity))"], "Plans": [{"Node Type": "Bitmap Heap Scan", "Parent Relationship": "Outer", "Parallel Aware": false, "Relation Name": "lineitem", "Schema": "public", "Alias": "lineitem_1", "Startup Cost": 4.68, "Total Cost": 131.46, "Plan Rows": 32, "Plan Width": 4, "Actual Startup Time": 0.0, "Actual Total Time": 0.0, "Actual Rows": 0, "Actual Loops": 0, "Output": ["lineitem_1.l_orderkey", "lineitem_1.l_partkey", "lineitem_1.l_suppkey", "lineitem_1.l_linenumber", "lineitem_1.l_quantity", "lineitem_1.l_extendedprice", "lineitem_1.l_discount", "lineitem_1.l_tax", "lineitem_1.l_returnflag", "lineitem_1.l_linestatus", "lineitem_1.l_shipdate", "lineitem_1.l_commitdate", "lineitem_1.l_receiptdate", "lineitem_1.l_shipinstruct", "lineitem_1.l_shipmode", "lineitem_1.l_comment"], "Recheck Cond": "(lineitem_1.l_partkey = part.p_partkey)", "Rows Removed by Index Recheck": 0, "Exact Heap Blocks": 0, "Lossy Heap Blocks": 0, "Plans": [{"Node Type": "Bitmap Index Scan", "Parent Relationship": "Outer", "Parallel Aware": false, "Index Name": "idx_lineitem_partkey_suppkey", "Startup Cost": 0.0, "Total Cost": 4.67, "Plan Rows": 32, "Plan Width": 0, "Actual Startup Time": 0.0, "Actual Total Time": 0.0, "Actual Rows": 0, "Actual Loops": 0, "Index Cond": "(lineitem_1.l_partkey = part.p_partkey)"}]}]}]}]}]}, "Planning Time": 68.76, "Triggers": [], "Execution Time": 41.329}]
q16#####[{"Plan": {"Node Type": "Sort", "Parallel Aware": false, "Startup Cost": 36379.83, "Total Cost": 36381.1, "Plan Rows": 508, "Plan Width": 44, "Actual Startup Time": 345.456, "Actual Total Time": 346.065, "Actual Rows": 16074, "Actual Loops": 1, "Output": ["part.p_brand", "part.p_type", "part.p_size", "(count(DISTINCT partsupp.ps_suppkey))"], "Sort Key": ["(count(DISTINCT partsupp.ps_suppkey)) DESC", "part.p_brand", "part.p_type", "part.p_size"], "Sort Method": "quicksort", "Sort Space Used": 1653, "Sort Space Type": "Memory", "Plans": [{"Node Type": "Aggregate", "Strategy": "Sorted", "Partial Mode": "Simple", "Parent Relationship": "Outer", "Parallel Aware": false, "Startup Cost": 36345.57, "Total Cost": 36357.0, "Plan Rows": 508, "Plan Width": 44, "Actual Startup Time": 299.885, "Actual Total Time": 333.141, "Actual Rows": 16074, "Actual Loops": 1, "Output": ["part.p_brand", "part.p_type", "part.p_size", "count(DISTINCT partsupp.ps_suppkey)"], "Group Key": ["part.p_brand", "part.p_type", "part.p_size"], "Plans": [{"Node Type": "Sort", "Parent Relationship": "Outer", "Parallel Aware": false, "Startup Cost": 36345.57, "Total Cost": 36346.84, "Plan Rows": 508, "Plan Width": 40, "Actual Startup Time": 299.868, "Actual Total Time": 305.934, "Actual Rows": 104086, "Actual Loops": 1, "Output": ["part.p_brand", "part.p_type", "part.p_size", "partsupp.ps_suppkey"], "Sort Key": ["part.p_brand", "part.p_type", "part.p_size"], "Sort Method": "quicksort", "Sort Space Used": 11204, "Sort Space Type": "Memory", "Plans": [{"Node Type": "Hash Join", "Parent Relationship": "Outer", "Parallel Aware": false, "Join Type": "Inner", "Startup Cost": 9762.24, "Total Cost": 36322.74, "Plan Rows": 508, "Plan Width": 40, "Actual Startup Time": 59.971, "Actual Total Time": 203.27, "Actual Rows": 104086, "Actual Loops": 1, "Output": ["part.p_brand", "part.p_type", "part.p_size", "partsupp.ps_suppkey"], "Inner Unique": false, "Hash Cond": "(partsupp.ps_partkey = part.p_partkey)", "Plans": [{"Node Type": "Index Only Scan", "Parent Relationship": "Outer", "Parallel Aware": false, "Scan Direction": "Forward", "Index Name": "idx_partsupp_partkey_suppkey", "Relation Name": "partsupp", "Schema": "public", "Alias": "partsupp", "Startup Cost": 347.43, "Total Cost": 24899.43, "Plan Rows": 400000, "Plan Width": 8, "Actual Startup Time": 3.126, "Actual Total Time": 87.469, "Actual Rows": 800000, "Actual Loops": 1, "Output": ["partsupp.ps_partkey", "partsupp.ps_suppkey"], "Filter": "(NOT (hashed SubPlan 1))", "Rows Removed by Filter": 0, "Heap Fetches": 0, "Plans": [{"Node Type": "Seq Scan", "Parent Relationship": "SubPlan", "Subplan Name": "SubPlan 1", "Parallel Aware": false, "Relation Name": "supplier", "Schema": "public", "Alias": "supplier", "Startup Cost": 0.0, "Total Cost": 347.0, "Plan Rows": 1, "Plan Width": 4, "Actual Startup Time": 3.082, "Actual Total Time": 3.082, "Actual Rows": 0, "Actual Loops": 1, "Output": ["supplier.s_suppkey"], "Filter": "((supplier.s_comment)::text ~~ '%customer%complaints%'::text)", "Rows Removed by Filter": 10000}]}, {"Node Type": "Hash", "Parent Relationship": "Inner", "Parallel Aware": false, "Startup Cost": 9097.0, "Total Cost": 9097.0, "Plan Rows": 25425, "Plan Width": 40, "Actual Startup Time": 56.69, "Actual Total Time": 56.692, "Actual Rows": 26079, "Actual Loops": 1, "Output": ["part.p_brand", "part.p_type", "part.p_size", "part.p_partkey"], "Hash Buckets": 32768, "Original Hash Buckets": 32768, "Hash Batches": 1, "Original Hash Batches": 1, "Peak Memory Usage": 2144, "Plans": [{"Node Type": "Seq Scan", "Parent Relationship": "Outer", "Parallel Aware": false, "Relation Name": "part", "Schema": "public", "Alias": "part", "Startup Cost": 0.0, "Total Cost": 9097.0, "Plan Rows": 25425, "Plan Width": 40, "Actual Startup Time": 0.027, "Actual Total Time": 51.747, "Actual Rows": 26079, "Actual Loops": 1, "Output": ["part.p_brand", "part.p_type", "part.p_size", "part.p_partkey"], "Filter": "((part.p_brand <> 'brand#33'::bpchar) AND ((part.p_type)::text !~~ 'standard anodized%'::text) AND (part.p_size = ANY ('{15,50,4,8,14,34,29,13}'::integer[])))", "Rows Removed by Filter": 173921}]}]}]}]}]}, "Planning Time": 48.835, "Triggers": [], "Execution Time": 347.071}]
q12#####[{"Plan": {"Node Type": "Aggregate", "Strategy": "Sorted", "Partial Mode": "Simple", "Parallel Aware": false, "Startup Cost": 247558.35, "Total Cost": 247558.38, "Plan Rows": 1, "Plan Width": 27, "Actual Startup Time": 1305.658, "Actual Total Time": 1305.659, "Actual Rows": 0, "Actual Loops": 1, "Output": ["lineitem.l_shipmode", "sum(CASE WHEN ((orders.o_orderpriority = '1-urgent'::bpchar) OR (orders.o_orderpriority = '2-high'::bpchar)) THEN 1 ELSE 0 END)", "sum(CASE WHEN ((orders.o_orderpriority <> '1-urgent'::bpchar) AND (orders.o_orderpriority <> '2-high'::bpchar)) THEN 1 ELSE 0 END)"], "Group Key": ["lineitem.l_shipmode"], "Plans": [{"Node Type": "Sort", "Parent Relationship": "Outer", "Parallel Aware": false, "Startup Cost": 247558.35, "Total Cost": 247558.35, "Plan Rows": 1, "Plan Width": 27, "Actual Startup Time": 1305.657, "Actual Total Time": 1305.658, "Actual Rows": 0, "Actual Loops": 1, "Output": ["lineitem.l_shipmode", "orders.o_orderpriority"], "Sort Key": ["lineitem.l_shipmode"], "Sort Method": "quicksort", "Sort Space Used": 25, "Sort Space Type": "Memory", "Plans": [{"Node Type": "Nested Loop", "Parent Relationship": "Outer", "Parallel Aware": false, "Join Type": "Inner", "Startup Cost": 0.43, "Total Cost": 247558.33, "Plan Rows": 1, "Plan Width": 27, "Actual Startup Time": 1305.624, "Actual Total Time": 1305.625, "Actual Rows": 0, "Actual Loops": 1, "Output": ["lineitem.l_shipmode", "orders.o_orderpriority"], "Inner Unique": false, "Plans": [{"Node Type": "Seq Scan", "Parent Relationship": "Outer", "Parallel Aware": false, "Relation Name": "lineitem", "Schema": "public", "Alias": "lineitem", "Startup Cost": 0.0, "Total Cost": 247549.88, "Plan Rows": 1, "Plan Width": 15, "Actual Startup Time": 1305.623, "Actual Total Time": 1305.623, "Actual Rows": 0, "Actual Loops": 1, "Output": ["lineitem.l_orderkey", "lineitem.l_partkey", "lineitem.l_suppkey", "lineitem.l_linenumber", "lineitem.l_quantity", "lineitem.l_extendedprice", "lineitem.l_discount", "lineitem.l_tax", "lineitem.l_returnflag", "lineitem.l_linestatus", "lineitem.l_shipdate", "lineitem.l_commitdate", "lineitem.l_receiptdate", "lineitem.l_shipinstruct", "lineitem.l_shipmode", "lineitem.l_comment"], "Filter": "((lineitem.l_shipmode = ANY ('{ship,air}'::bpchar[])) AND (lineitem.l_commitdate < lineitem.l_receiptdate) AND (lineitem.l_shipdate < lineitem.l_commitdate) AND (lineitem.l_receiptdate >= '1993-01-01'::date) AND (lineitem.l_receiptdate < '1994-01-01 00:00:00'::timestamp without time zone))", "Rows Removed by Filter": 6001215}, {"Node Type": "Index Scan", "Parent Relationship": "Inner", "Parallel Aware": false, "Scan Direction": "Forward", "Index Name": "idx_orders_orderkey", "Relation Name": "orders", "Schema": "public", "Alias": "orders", "Startup Cost": 0.43, "Total Cost": 8.45, "Plan Rows": 1, "Plan Width": 20, "Actual Startup Time": 0.0, "Actual Total Time": 0.0, "Actual Rows": 0, "Actual Loops": 0, "Output": ["orders.o_orderkey", "orders.o_custkey", "orders.o_orderstatus", "orders.o_totalprice", "orders.o_orderdate", "orders.o_orderpriority", "orders.o_clerk", "orders.o_shippriority", "orders.o_comment"], "Index Cond": "(orders.o_orderkey = lineitem.l_orderkey)", "Rows Removed by Index Recheck": 0}]}]}]}, "Planning Time": 49.495, "Triggers": [], "Execution Time": 1305.807}]
q13#####[{"Plan": {"Node Type": "Sort", "Parallel Aware": false, "Startup Cost": 71285.28, "Total Cost": 71285.78, "Plan Rows": 200, "Plan Width": 16, "Actual Startup Time": 1462.549, "Actual Total Time": 1462.553, "Actual Rows": 31, "Actual Loops": 1, "Output": ["(count(orders.o_orderkey))", "(count(*))"], "Sort Key": ["(count(*)) DESC", "(count(orders.o_orderkey)) DESC"], "Sort Method": "quicksort", "Sort Space Used": 26, "Sort Space Type": "Memory", "Plans": [{"Node Type": "Aggregate", "Strategy": "Hashed", "Partial Mode": "Simple", "Parent Relationship": "Outer", "Parallel Aware": false, "Startup Cost": 71275.63, "Total Cost": 71277.63, "Plan Rows": 200, "Plan Width": 16, "Actual Startup Time": 1462.5, "Actual Total Time": 1462.506, "Actual Rows": 31, "Actual Loops": 1, "Output": ["(count(orders.o_orderkey))", "count(*)"], "Group Key": ["count(orders.o_orderkey)"], "Planned Partitions": 0, "HashAgg Batches": 1, "Peak Memory Usage": 40, "Disk Usage": 0, "Plans": [{"Node Type": "Aggregate", "Strategy": "Hashed", "Partial Mode": "Simple", "Parent Relationship": "Outer", "Parallel Aware": false, "Startup Cost": 70908.23, "Total Cost": 71055.19, "Plan Rows": 14696, "Plan Width": 12, "Actual Startup Time": 1418.604, "Actual Total Time": 1447.128, "Actual Rows": 150000, "Actual Loops": 1, "Output": ["customer.c_custkey", "count(orders.o_orderkey)"], "Group Key": ["customer.c_custkey"], "Planned Partitions": 0, "HashAgg Batches": 1, "Peak Memory Usage": 22545, "Disk Usage": 0, "Plans": [{"Node Type": "Hash Join", "Parent Relationship": "Outer", "Parallel Aware": false, "Join Type": "Right", "Startup Cost": 5781.42, "Total Cost": 70834.75, "Plan Rows": 14696, "Plan Width": 8, "Actual Startup Time": 32.959, "Actual Total Time": 1011.678, "Actual Rows": 1483949, "Actual Loops": 1, "Output": ["customer.c_custkey", "orders.o_orderkey"], "Inner Unique": false, "Hash Cond": "(orders.o_custkey = customer.c_custkey)", "Plans": [{"Node Type": "Seq Scan", "Parent Relationship": "Outer", "Parallel Aware": false, "Relation Name": "orders", "Schema": "public", "Alias": "orders", "Startup Cost": 0.0, "Total Cost": 44845.0, "Plan Rows": 1469697, "Plan Width": 8, "Actual Startup Time": 0.025, "Actual Total Time": 532.744, "Actual Rows": 1483941, "Actual Loops": 1, "Output": ["orders.o_orderkey", "orders.o_custkey", "orders.o_orderstatus", "orders.o_totalprice", "orders.o_orderdate", "orders.o_orderpriority", "orders.o_clerk", "orders.o_shippriority", "orders.o_comment"], "Filter": "((orders.o_comment)::text !~~ '%express%packages%'::text)", "Rows Removed by Filter": 16059}, {"Node Type": "Hash", "Parent Relationship": "Inner", "Parallel Aware": false, "Startup Cost": 3906.42, "Total Cost": 3906.42, "Plan Rows": 150000, "Plan Width": 4, "Actual Startup Time": 31.795, "Actual Total Time": 31.796, "Actual Rows": 150000, "Actual Loops": 1, "Output": ["customer.c_custkey"], "Hash Buckets": 262144, "Original Hash Buckets": 262144, "Hash Batches": 1, "Original Hash Batches": 1, "Peak Memory Usage": 7322, "Plans": [{"Node Type": "Index Only Scan", "Parent Relationship": "Outer", "Parallel Aware": false, "Scan Direction": "Forward", "Index Name": "idx_customer_custkey", "Relation Name": "customer", "Schema": "public", "Alias": "customer", "Startup Cost": 0.42, "Total Cost": 3906.42, "Plan Rows": 150000, "Plan Width": 4, "Actual Startup Time": 0.022, "Actual Total Time": 12.887, "Actual Rows": 150000, "Actual Loops": 1, "Output": ["customer.c_custkey"], "Heap Fetches": 0}]}]}]}]}]}, "Planning Time": 73.487, "Triggers": [], "Execution Time": 1463.898}]
q11#####[{"Plan": {"Node Type": "Sort", "Parallel Aware": false, "Startup Cost": 3769.32, "Total Cost": 3769.42, "Plan Rows": 40, "Plan Width": 36, "Actual Startup Time": 0.108, "Actual Total Time": 0.112, "Actual Rows": 0, "Actual Loops": 1, "Output": ["partsupp.ps_partkey", "(sum((partsupp.ps_supplycost * (partsupp.ps_availqty)::numeric)))"], "Sort Key": ["(sum((partsupp.ps_supplycost * (partsupp.ps_availqty)::numeric))) DESC"], "Sort Method": "quicksort", "Sort Space Used": 25, "Sort Space Type": "Memory", "Plans": [{"Node Type": "Aggregate", "Strategy": "Plain", "Partial Mode": "Simple", "Parent Relationship": "InitPlan", "Subplan Name": "InitPlan 1 (returns $1)", "Parallel Aware": false, "Startup Cost": 1880.25, "Total Cost": 1880.26, "Plan Rows": 1, "Plan Width": 32, "Actual Startup Time": 0.0, "Actual Total Time": 0.0, "Actual Rows": 0, "Actual Loops": 0, "Output": ["(sum((partsupp_1.ps_supplycost * (partsupp_1.ps_availqty)::numeric)) * 0.0001000000)"], "Plans": [{"Node Type": "Nested Loop", "Parent Relationship": "Outer", "Parallel Aware": false, "Join Type": "Inner", "Startup Cost": 16.84, "Total Cost": 1879.35, "Plan Rows": 120, "Plan Width": 10, "Actual Startup Time": 0.0, "Actual Total Time": 0.0, "Actual Rows": 0, "Actual Loops": 0, "Output": ["partsupp_1.ps_supplycost", "partsupp_1.ps_availqty"], "Inner Unique": false, "Plans": [{"Node Type": "Hash Join", "Parent Relationship": "Outer", "Parallel Aware": false, "Join Type": "Inner", "Startup Cost": 16.41, "Total Cost": 377.41, "Plan Rows": 150, "Plan Width": 4, "Actual Startup Time": 0.0, "Actual Total Time": 0.0, "Actual Rows": 0, "Actual Loops": 0, "Output": ["supplier_1.s_suppkey"], "Inner Unique": false, "Hash Cond": "(supplier_1.s_nationkey = nation_1.n_nationkey)", "Plans": [{"Node Type": "Seq Scan", "Parent Relationship": "Outer", "Parallel Aware": false, "Relation Name": "supplier", "Schema": "public", "Alias": "supplier_1", "Startup Cost": 0.0, "Total Cost": 322.0, "Plan Rows": 10000, "Plan Width": 8, "Actual Startup Time": 0.0, "Actual Total Time": 0.0, "Actual Rows": 0, "Actual Loops": 0, "Output": ["supplier_1.s_suppkey", "supplier_1.s_name", "supplier_1.s_address", "supplier_1.s_nationkey", "supplier_1.s_phone", "supplier_1.s_acctbal", "supplier_1.s_comment"]}, {"Node Type": "Hash", "Parent Relationship": "Inner", "Parallel Aware": false, "Startup Cost": 16.38, "Total Cost": 16.38, "Plan Rows": 3, "Plan Width": 4, "Actual Startup Time": 0.0, "Actual Total Time": 0.0, "Actual Rows": 0, "Actual Loops": 0, "Output": ["nation_1.n_nationkey"], "Plans": [{"Node Type": "Seq Scan", "Parent Relationship": "Outer", "Parallel Aware": false, "Relation Name": "nation", "Schema": "public", "Alias": "nation_1", "Startup Cost": 0.0, "Total Cost": 16.38, "Plan Rows": 3, "Plan Width": 4, "Actual Startup Time": 0.0, "Actual Total Time": 0.0, "Actual Rows": 0, "Actual Loops": 0, "Output": ["nation_1.n_nationkey"], "Filter": "(nation_1.n_name = 'germany'::bpchar)", "Rows Removed by Filter": 0}]}]}, {"Node Type": "Index Scan", "Parent Relationship": "Inner", "Parallel Aware": false, "Scan Direction": "Forward", "Index Name": "idx_partsupp_suppkey", "Relation Name": "partsupp", "Schema": "public", "Alias": "partsupp_1", "Startup Cost": 0.42, "Total Cost": 9.2, "Plan Rows": 81, "Plan Width": 14, "Actual Startup Time": 0.0, "Actual Total Time": 0.0, "Actual Rows": 0, "Actual Loops": 0, "Output": ["partsupp_1.ps_partkey", "partsupp_1.ps_suppkey", "partsupp_1.ps_availqty", "partsupp_1.ps_supplycost", "partsupp_1.ps_comment"], "Index Cond": "(partsupp_1.ps_suppkey = supplier_1.s_suppkey)", "Rows Removed by Index Recheck": 0}]}]}, {"Node Type": "Aggregate", "Strategy": "Sorted", "Partial Mode": "Simple", "Parent Relationship": "Outer", "Parallel Aware": false, "Startup Cost": 1883.49, "Total Cost": 1887.99, "Plan Rows": 40, "Plan Width": 36, "Actual Startup Time": 0.072, "Actual Total Time": 0.073, "Actual Rows": 0, "Actual Loops": 1, "Output": ["partsupp.ps_partkey", "sum((partsupp.ps_supplycost * (partsupp.ps_availqty)::numeric))"], "Group Key": ["partsupp.ps_partkey"], "Filter": "(sum((partsupp.ps_supplycost * (partsupp.ps_availqty)::numeric)) > $1)", "Rows Removed by Filter": 0, "Plans": [{"Node Type": "Sort", "Parent Relationship": "Outer", "Parallel Aware": false, "Startup Cost": 1883.49, "Total Cost": 1883.79, "Plan Rows": 120, "Plan Width": 14, "Actual Startup Time": 0.07, "Actual Total Time": 0.072, "Actual Rows": 0, "Actual Loops": 1, "Output": ["partsupp.ps_partkey", "partsupp.ps_supplycost", "partsupp.ps_availqty"], "Sort Key": ["partsupp.ps_partkey"], "Sort Method": "quicksort", "Sort Space Used": 25, "Sort Space Type": "Memory", "Plans": [{"Node Type": "Nested Loop", "Parent Relationship": "Outer", "Parallel Aware": false, "Join Type": "Inner", "Startup Cost": 16.84, "Total Cost": 1879.35, "Plan Rows": 120, "Plan Width": 14, "Actual Startup Time": 0.059, "Actual Total Time": 0.061, "Actual Rows": 0, "Actual Loops": 1, "Output": ["partsupp.ps_partkey", "partsupp.ps_supplycost", "partsupp.ps_availqty"], "Inner Unique": false, "Plans": [{"Node Type": "Hash Join", "Parent Relationship": "Outer", "Parallel Aware": false, "Join Type": "Inner", "Startup Cost": 16.41, "Total Cost": 377.41, "Plan Rows": 150, "Plan Width": 4, "Actual Startup Time": 0.059, "Actual Total Time": 0.06, "Actual Rows": 0, "Actual Loops": 1, "Output": ["supplier.s_suppkey"], "Inner Unique": false, "Hash Cond": "(supplier.s_nationkey = nation.n_nationkey)", "Plans": [{"Node Type": "Seq Scan", "Parent Relationship": "Outer", "Parallel Aware": false, "Relation Name": "supplier", "Schema": "public", "Alias": "supplier", "Startup Cost": 0.0, "Total Cost": 322.0, "Plan Rows": 10000, "Plan Width": 8, "Actual Startup Time": 0.028, "Actual Total Time": 0.028, "Actual Rows": 1, "Actual Loops": 1, "Output": ["supplier.s_suppkey", "supplier.s_name", "supplier.s_address", "supplier.s_nationkey", "supplier.s_phone", "supplier.s_acctbal", "supplier.s_comment"]}, {"Node Type": "Hash", "Parent Relationship": "Inner", "Parallel Aware": false, "Startup Cost": 16.38, "Total Cost": 16.38, "Plan Rows": 3, "Plan Width": 4, "Actual Startup Time": 0.026, "Actual Total Time": 0.026, "Actual Rows": 0, "Actual Loops": 1, "Output": ["nation.n_nationkey"], "Hash Buckets": 1024, "Original Hash Buckets": 1024, "Hash Batches": 1, "Original Hash Batches": 1, "Peak Memory Usage": 8, "Plans": [{"Node Type": "Seq Scan", "Parent Relationship": "Outer", "Parallel Aware": false, "Relation Name": "nation", "Schema": "public", "Alias": "nation", "Startup Cost": 0.0, "Total Cost": 16.38, "Plan Rows": 3, "Plan Width": 4, "Actual Startup Time": 0.025, "Actual Total Time": 0.025, "Actual Rows": 0, "Actual Loops": 1, "Output": ["nation.n_nationkey"], "Filter": "(nation.n_name = 'germany'::bpchar)", "Rows Removed by Filter": 25}]}]}, {"Node Type": "Index Scan", "Parent Relationship": "Inner", "Parallel Aware": false, "Scan Direction": "Forward", "Index Name": "idx_partsupp_suppkey", "Relation Name": "partsupp", "Schema": "public", "Alias": "partsupp", "Startup Cost": 0.42, "Total Cost": 9.2, "Plan Rows": 81, "Plan Width": 18, "Actual Startup Time": 0.0, "Actual Total Time": 0.0, "Actual Rows": 0, "Actual Loops": 0, "Output": ["partsupp.ps_partkey", "partsupp.ps_suppkey", "partsupp.ps_availqty", "partsupp.ps_supplycost", "partsupp.ps_comment"], "Index Cond": "(partsupp.ps_suppkey = supplier.s_suppkey)", "Rows Removed by Index Recheck": 0}]}]}]}]}, "Planning Time": 70.609, "Triggers": [], "Execution Time": 0.255}]
q10#####[{"Plan": {"Node Type": "Limit", "Parallel Aware": false, "Startup Cost": 97124.45, "Total Cost": 97124.46, "Plan Rows": 3, "Plan Width": 205, "Actual Startup Time": 700.694, "Actual Total Time": 700.697, "Actual Rows": 0, "Actual Loops": 1, "Output": ["customer.c_custkey", "customer.c_name", "(sum((lineitem.l_extendedprice * ('1'::numeric - lineitem.l_discount))))", "customer.c_acctbal", "nation.n_name", "customer.c_address", "customer.c_phone", "customer.c_comment"], "Plans": [{"Node Type": "Sort", "Parent Relationship": "Outer", "Parallel Aware": false, "Startup Cost": 97124.45, "Total Cost": 97124.46, "Plan Rows": 3, "Plan Width": 205, "Actual Startup Time": 700.692, "Actual Total Time": 700.696, "Actual Rows": 0, "Actual Loops": 1, "Output": ["customer.c_custkey", "customer.c_name", "(sum((lineitem.l_extendedprice * ('1'::numeric - lineitem.l_discount))))", "customer.c_acctbal", "nation.n_name", "customer.c_address", "customer.c_phone", "customer.c_comment"], "Sort Key": ["(sum((lineitem.l_extendedprice * ('1'::numeric - lineitem.l_discount)))) DESC"], "Sort Method": "quicksort", "Sort Space Used": 25, "Sort Space Type": "Memory", "Plans": [{"Node Type": "Aggregate", "Strategy": "Sorted", "Partial Mode": "Simple", "Parent Relationship": "Outer", "Parallel Aware": false, "Startup Cost": 97124.31, "Total Cost": 97124.43, "Plan Rows": 3, "Plan Width": 205, "Actual Startup Time": 700.671, "Actual Total Time": 700.674, "Actual Rows": 0, "Actual Loops": 1, "Output": ["customer.c_custkey", "customer.c_name", "sum((lineitem.l_extendedprice * ('1'::numeric - lineitem.l_discount)))", "customer.c_acctbal", "nation.n_name", "customer.c_address", "customer.c_phone", "customer.c_comment"], "Group Key": ["customer.c_custkey", "customer.c_name", "customer.c_acctbal", "customer.c_phone", "nation.n_name", "customer.c_address", "customer.c_comment"], "Plans": [{"Node Type": "Sort", "Parent Relationship": "Outer", "Parallel Aware": false, "Startup Cost": 97124.31, "Total Cost": 97124.31, "Plan Rows": 3, "Plan Width": 185, "Actual Startup Time": 700.67, "Actual Total Time": 700.673, "Actual Rows": 0, "Actual Loops": 1, "Output": ["customer.c_custkey", "customer.c_name", "customer.c_acctbal", "nation.n_name", "customer.c_address", "customer.c_phone", "customer.c_comment", "lineitem.l_extendedprice", "lineitem.l_discount"], "Sort Key": ["customer.c_custkey", "customer.c_name", "customer.c_acctbal", "customer.c_phone", "nation.n_name", "customer.c_address", "customer.c_comment"], "Sort Method": "quicksort", "Sort Space Used": 25, "Sort Space Type": "Memory", "Plans": [{"Node Type": "Nested Loop", "Parent Relationship": "Outer", "Parallel Aware": false, "Join Type": "Inner", "Startup Cost": 6960.43, "Total Cost": 97124.28, "Plan Rows": 3, "Plan Width": 185, "Actual Startup Time": 700.624, "Actual Total Time": 700.627, "Actual Rows": 0, "Actual Loops": 1, "Output": ["customer.c_custkey", "customer.c_name", "customer.c_acctbal", "nation.n_name", "customer.c_address", "customer.c_phone", "customer.c_comment", "lineitem.l_extendedprice", "lineitem.l_discount"], "Inner Unique": false, "Join Filter": "(customer.c_nationkey = nation.n_nationkey)", "Rows Removed by Join Filter": 0, "Plans": [{"Node Type": "Nested Loop", "Parent Relationship": "Outer", "Parallel Aware": false, "Join Type": "Inner", "Startup Cost": 6960.43, "Total Cost": 97102.81, "Plan Rows": 1, "Plan Width": 160, "Actual Startup Time": 700.623, "Actual Total Time": 700.625, "Actual Rows": 0, "Actual Loops": 1, "Output": ["customer.c_custkey", "customer.c_name", "customer.c_acctbal", "customer.c_address", "customer.c_phone", "customer.c_comment", "customer.c_nationkey", "lineitem.l_extendedprice", "lineitem.l_discount"], "Inner Unique": false, "Plans": [{"Node Type": "Hash Join", "Parent Relationship": "Outer", "Parallel Aware": false, "Join Type": "Inner", "Startup Cost": 6960.0, "Total Cost": 56347.63, "Plan Rows": 5764, "Plan Width": 152, "Actual Startup Time": 99.552, "Actual Total Time": 390.023, "Actual Rows": 56273, "Actual Loops": 1, "Output": ["customer.c_custkey", "customer.c_name", "customer.c_acctbal", "customer.c_address", "customer.c_phone", "customer.c_comment", "customer.c_nationkey", "orders.o_orderkey"], "Inner Unique": false, "Hash Cond": "(orders.o_custkey = customer.c_custkey)", "Plans": [{"Node Type": "Seq Scan", "Parent Relationship": "Outer", "Parallel Aware": false, "Relation Name": "orders", "Schema": "public", "Alias": "orders", "Startup Cost": 0.0, "Total Cost": 48595.0, "Plan Rows": 57646, "Plan Width": 8, "Actual Startup Time": 0.038, "Actual Total Time": 258.872, "Actual Rows": 56274, "Actual Loops": 1, "Output": ["orders.o_orderkey", "orders.o_custkey", "orders.o_orderstatus", "orders.o_totalprice", "orders.o_orderdate", "orders.o_orderpriority", "orders.o_clerk", "orders.o_shippriority", "orders.o_comment"], "Filter": "((orders.o_orderdate >= '1993-06-01'::date) AND (orders.o_orderdate < '1993-09-01 00:00:00'::timestamp without time zone))", "Rows Removed by Filter": 1443726}, {"Node Type": "Hash", "Parent Relationship": "Inner", "Parallel Aware": false, "Startup Cost": 5085.0, "Total Cost": 5085.0, "Plan Rows": 150000, "Plan Width": 148, "Actual Startup Time": 96.939, "Actual Total Time": 96.94, "Actual Rows": 150000, "Actual Loops": 1, "Output": ["customer.c_custkey", "customer.c_name", "customer.c_acctbal", "customer.c_address", "customer.c_phone", "customer.c_comment", "customer.c_nationkey"], "Hash Buckets": 262144, "Original Hash Buckets": 262144, "Hash Batches": 1, "Original Hash Batches": 1, "Peak Memory Usage": 28861, "Plans": [{"Node Type": "Seq Scan", "Parent Relationship": "Outer", "Parallel Aware": false, "Relation Name": "customer", "Schema": "public", "Alias": "customer", "Startup Cost": 0.0, "Total Cost": 5085.0, "Plan Rows": 150000, "Plan Width": 148, "Actual Startup Time": 0.055, "Actual Total Time": 44.555, "Actual Rows": 150000, "Actual Loops": 1, "Output": ["customer.c_custkey", "customer.c_name", "customer.c_acctbal", "customer.c_address", "customer.c_phone", "customer.c_comment", "customer.c_nationkey"]}]}]}, {"Node Type": "Index Scan", "Parent Relationship": "Inner", "Parallel Aware": false, "Scan Direction": "Forward", "Index Name": "idx_lineitem_orderkey", "Relation Name": "lineitem", "Schema": "public", "Alias": "lineitem", "Startup Cost": 0.43, "Total Cost": 7.06, "Plan Rows": 1, "Plan Width": 16, "Actual Startup Time": 0.005, "Actual Total Time": 0.005, "Actual Rows": 0, "Actual Loops": 56273, "Output": ["lineitem.l_orderkey", "lineitem.l_partkey", "lineitem.l_suppkey", "lineitem.l_linenumber", "lineitem.l_quantity", "lineitem.l_extendedprice", "lineitem.l_discount", "lineitem.l_tax", "lineitem.l_returnflag", "lineitem.l_linestatus", "lineitem.l_shipdate", "lineitem.l_commitdate", "lineitem.l_receiptdate", "lineitem.l_shipinstruct", "lineitem.l_shipmode", "lineitem.l_comment"], "Index Cond": "(lineitem.l_orderkey = orders.o_orderkey)", "Rows Removed by Index Recheck": 0, "Filter": "(lineitem.l_returnflag = 'r'::bpchar)", "Rows Removed by Filter": 1}]}, {"Node Type": "Seq Scan", "Parent Relationship": "Inner", "Parallel Aware": false, "Relation Name": "nation", "Schema": "public", "Alias": "nation", "Startup Cost": 0.0, "Total Cost": 15.1, "Plan Rows": 510, "Plan Width": 33, "Actual Startup Time": 0.0, "Actual Total Time": 0.0, "Actual Rows": 0, "Actual Loops": 0, "Output": ["nation.n_nationkey", "nation.n_name", "nation.n_regionkey", "nation.n_comment"]}]}]}]}]}]}, "Planning Time": 105.222, "Triggers": [], "Execution Time": 701.113}]