q77#####[{"Plan": {"Node Type": "Aggregate", "Strategy": "Plain", "Partial Mode": "Simple", "Parallel Aware": false, "Startup Cost": 3293.86, "Total Cost": 3293.87, "Plan Rows": 1, "Plan Width": 8, "Actual Startup Time": 112.44, "Actual Total Time": 112.447, "Actual Rows": 1, "Actual Loops": 1, "Output": ["count(*)"], "Plans": [{"Node Type": "Nested Loop", "Parent Relationship": "Outer", "Parallel Aware": false, "Join Type": "Inner", "Startup Cost": 1528.79, "Total Cost": 3284.33, "Plan Rows": 3812, "Plan Width": 0, "Actual Startup Time": 16.146, "Actual Total Time": 112.368, "Actual Rows": 565, "Actual Loops": 1, "Inner Unique": false, "Join Filter": "(p.id = c.postid)", "Rows Removed by Join Filter": 0, "Plans": [{"Node Type": "Nested Loop", "Parent Relationship": "Outer", "Parallel Aware": false, "Join Type": "Inner", "Startup Cost": 1528.5, "Total Cost": 2855.8, "Plan Rows": 1206, "Plan Width": 16, "Actual Startup Time": 16.127, "Actual Total Time": 110.599, "Actual Rows": 230, "Actual Loops": 1, "Output": ["ph.postid", "pl.postid", "p.id", "v.postid"], "Inner Unique": false, "Join Filter": "(p.id = v.postid)", "Rows Removed by Join Filter": 0, "Plans": [{"Node Type": "Nested Loop", "Parent Relationship": "Outer", "Parallel Aware": false, "Join Type": "Inner", "Startup Cost": 1528.21, "Total Cost": 2649.9, "Plan Rows": 359, "Plan Width": 12, "Actual Startup Time": 14.219, "Actual Total Time": 82.9, "Actual Rows": 191, "Actual Loops": 1, "Output": ["ph.postid", "pl.postid", "p.id"], "Inner Unique": false, "Plans": [{"Node Type": "Hash Join", "Parent Relationship": "Outer", "Parallel Aware": false, "Join Type": "Inner", "Startup Cost": 1527.92, "Total Cost": 1855.34, "Plan Rows": 874, "Plan Width": 8, "Actual Startup Time": 14.016, "Actual Total Time": 17.302, "Actual Rows": 260, "Actual Loops": 1, "Output": ["pl.postid", "p.id"], "Inner Unique": true, "Hash Cond": "(p.owneruserid = u.id)", "Plans": [{"Node Type": "Hash Join", "Parent Relationship": "Outer", "Parallel Aware": false, "Join Type": "Inner", "Startup Cost": 1036.46, "Total Cost": 1133.34, "Plan Rows": 87800, "Plan Width": 12, "Actual Startup Time": 8.008, "Actual Total Time": 10.935, "Actual Rows": 703, "Actual Loops": 1, "Output": ["pl.postid", "p.id", "p.owneruserid"], "Inner Unique": true, "Hash Cond": "(pl.postid = p.id)", "Plans": [{"Node Type": "Seq Scan", "Parent Relationship": "Outer", "Parallel Aware": false, "Relation Name": "postlinks", "Schema": "public", "Alias": "pl", "Startup Cost": 0.0, "Total Cost": 87.14, "Plan Rows": 3711, "Plan Width": 4, "Actual Startup Time": 0.188, "Actual Total Time": 1.55, "Actual Rows": 3716, "Actual Loops": 1, "Output": ["pl.id", "pl.creationdate", "pl.postid", "pl.relatedpostid", "pl.linktypeid"], "Filter": "((pl.creationdate <= 1408605923) AND (pl.creationdate >= 1289842057))", "Rows Removed by Filter": 160}, {"Node Type": "Hash", "Parent Relationship": "Inner", "Parallel Aware": false, "Startup Cost": 941.6, "Total Cost": 941.6, "Plan Rows": 7589, "Plan Width": 8, "Actual Startup Time": 7.763, "Actual Total Time": 7.764, "Actual Rows": 7894, "Actual Loops": 1, "Output": ["p.id", "p.owneruserid"], "Hash Buckets": 8192, "Original Hash Buckets": 8192, "Hash Batches": 1, "Original Hash Batches": 1, "Peak Memory Usage": 373, "Plans": [{"Node Type": "Seq Scan", "Parent Relationship": "Outer", "Parallel Aware": false, "Relation Name": "posts", "Schema": "public", "Alias": "p", "Startup Cost": 0.0, "Total Cost": 941.6, "Plan Rows": 7589, "Plan Width": 8, "Actual Startup Time": 0.226, "Actual Total Time": 6.591, "Actual Rows": 7894, "Actual Loops": 1, "Output": ["p.id", "p.owneruserid"], "Filter": "((p.answercount >= 0) AND (p.creationdate <= 1410449174) AND (p.creationdate >= 1279697033) AND (p.posttypeid = 1))", "Rows Removed by Filter": 24186}]}]}, {"Node Type": "Hash", "Parent Relationship": "Inner", "Parallel Aware": false, "Startup Cost": 315.74, "Total Cost": 315.74, "Plan Rows": 14057, "Plan Width": 4, "Actual Startup Time": 5.967, "Actual Total Time": 5.968, "Actual Rows": 14070, "Actual Loops": 1, "Output": ["u.id"], "Hash Buckets": 16384, "Original Hash Buckets": 16384, "Hash Batches": 1, "Original Hash Batches": 1, "Peak Memory Usage": 623, "Plans": [{"Node Type": "Seq Scan", "Parent Relationship": "Outer", "Parallel Aware": false, "Relation Name": "users", "Schema": "public", "Alias": "u", "Startup Cost": 0.0, "Total Cost": 315.74, "Plan Rows": 14057, "Plan Width": 4, "Actual Startup Time": 0.831, "Actual Total Time": 4.05, "Actual Rows": 14070, "Actual Loops": 1, "Output": ["u.id"], "Filter": "((u.creationdate <= 1410438708) AND (u.upvotes >= 0))", "Rows Removed by Filter": 46}]}]}, {"Node Type": "Index Scan", "Parent Relationship": "Inner", "Parallel Aware": false, "Scan Direction": "Forward", "Index Name": "idx_posthistory_postid", "Relation Name": "posthistory", "Schema": "public", "Alias": "ph", "Startup Cost": 0.29, "Total Cost": 0.9, "Plan Rows": 1, "Plan Width": 4, "Actual Startup Time": 0.185, "Actual Total Time": 0.252, "Actual Rows": 1, "Actual Loops": 260, "Output": ["ph.id", "ph.posthistorytypeid", "ph.postid", "ph.creationdate", "ph.userid"], "Index Cond": "(ph.postid = p.id)", "Rows Removed by Index Recheck": 0, "Filter": "(ph.posthistorytypeid = 5)", "Rows Removed by Filter": 2}]}, {"Node Type": "Index Scan", "Parent Relationship": "Inner", "Parallel Aware": false, "Scan Direction": "Forward", "Index Name": "idx_votes_postid", "Relation Name": "votes", "Schema": "public", "Alias": "v", "Startup Cost": 0.29, "Total Cost": 0.54, "Plan Rows": 3, "Plan Width": 4, "Actual Startup Time": 0.093, "Actual Total Time": 0.144, "Actual Rows": 1, "Actual Loops": 191, "Output": ["v.id", "v.postid", "v.votetypeid", "v.creationdate", "v.userid", "v.bountyamount"], "Index Cond": "(v.postid = ph.postid)", "Rows Removed by Index Recheck": 0, "Filter": "(v.creationdate >= 1279641600)", "Rows Removed by Filter": 0}]}, {"Node Type": "Index Only Scan", "Parent Relationship": "Inner", "Parallel Aware": false, "Scan Direction": "Forward", "Index Name": "idx_comments_postid", "Relation Name": "comments", "Schema": "public", "Alias": "c", "Startup Cost": 0.29, "Total Cost": 0.33, "Plan Rows": 2, "Plan Width": 4, "Actual Startup Time": 0.006, "Actual Total Time": 0.007, "Actual Rows": 2, "Actual Loops": 230, "Output": ["c.postid"], "Index Cond": "(c.postid = v.postid)", "Rows Removed by Index Recheck": 0, "Heap Fetches": 0}]}]}, "Planning Time": 197.971, "Triggers": [], "Execution Time": 112.58}]
q63#####[{"Plan": {"Node Type": "Aggregate", "Strategy": "Plain", "Partial Mode": "Simple", "Parallel Aware": false, "Startup Cost": 10679.27, "Total Cost": 10679.28, "Plan Rows": 1, "Plan Width": 8, "Actual Startup Time": 84.548, "Actual Total Time": 84.554, "Actual Rows": 1, "Actual Loops": 1, "Output": ["count(*)"], "Plans": [{"Node Type": "Hash Join", "Parent Relationship": "Outer", "Parallel Aware": false, "Join Type": "Inner", "Startup Cost": 6333.65, "Total Cost": 10295.03, "Plan Rows": 153696, "Plan Width": 0, "Actual Startup Time": 66.975, "Actual Total Time": 84.289, "Actual Rows": 6978, "Actual Loops": 1, "Inner Unique": false, "Hash Cond": "(c.postid = p.id)", "Plans": [{"Node Type": "Seq Scan", "Parent Relationship": "Outer", "Parallel Aware": false, "Relation Name": "comments", "Schema": "public", "Alias": "c", "Startup Cost": 0.0, "Total Cost": 1366.92, "Plan Rows": 47247, "Plan Width": 4, "Actual Startup Time": 0.834, "Actual Total Time": 9.742, "Actual Rows": 47389, "Actual Loops": 1, "Output": ["c.postid"], "Filter": "((c.creationdate <= 1410288473) AND (c.score = 0))", "Rows Removed by Filter": 13739}, {"Node Type": "Hash", "Parent Relationship": "Inner", "Parallel Aware": false, "Startup Cost": 4635.03, "Total Cost": 4635.03, "Plan Rows": 103489, "Plan Width": 8, "Actual Startup Time": 65.457, "Actual Total Time": 65.461, "Actual Rows": 9317, "Actual Loops": 1, "Output": ["p.id", "v.postid"], "Hash Buckets": 131072, "Original Hash Buckets": 131072, "Hash Batches": 2, "Original Hash Batches": 2, "Peak Memory Usage": 1221, "Plans": [{"Node Type": "Hash Join", "Parent Relationship": "Outer", "Parallel Aware": false, "Join Type": "Inner", "Startup Cost": 1781.19, "Total Cost": 4635.03, "Plan Rows": 103489, "Plan Width": 8, "Actual Startup Time": 16.365, "Actual Total Time": 63.175, "Actual Rows": 9317, "Actual Loops": 1, "Output": ["p.id", "v.postid"], "Inner Unique": true, "Hash Cond": "(p.owneruserid = u.id)", "Plans": [{"Node Type": "Hash Join", "Parent Relationship": "Outer", "Parallel Aware": false, "Join Type": "Inner", "Startup Cost": 1324.29, "Total Cost": 3906.4, "Plan Rows": 103489, "Plan Width": 12, "Actual Startup Time": 12.443, "Actual Total Time": 53.368, "Actual Rows": 34322, "Actual Loops": 1, "Output": ["p.id", "p.owneruserid", "v.postid"], "Inner Unique": true, "Hash Cond": "(v.postid = p.id)", "Plans": [{"Node Type": "Seq Scan", "Parent Relationship": "Outer", "Parallel Aware": false, "Relation Name": "votes", "Schema": "public", "Alias": "v", "Startup Cost": 0.0, "Total Cost": 2280.95, "Plan Rows": 114715, "Plan Width": 4, "Actual Startup Time": 0.228, "Actual Total Time": 20.022, "Actual Rows": 114809, "Actual Loops": 1, "Output": ["v.id", "v.postid", "v.votetypeid", "v.creationdate", "v.userid", "v.bountyamount"], "Filter": "(v.creationdate <= 1410451200)", "Rows Removed by Filter": 67}, {"Node Type": "Hash", "Parent Relationship": "Inner", "Parallel Aware": false, "Startup Cost": 941.6, "Total Cost": 941.6, "Plan Rows": 30615, "Plan Width": 8, "Actual Startup Time": 12.057, "Actual Total Time": 12.058, "Actual Rows": 30962, "Actual Loops": 1, "Output": ["p.id", "p.owneruserid"], "Hash Buckets": 32768, "Original Hash Buckets": 32768, "Hash Batches": 1, "Original Hash Batches": 1, "Peak Memory Usage": 1466, "Plans": [{"Node Type": "Seq Scan", "Parent Relationship": "Outer", "Parallel Aware": false, "Relation Name": "posts", "Schema": "public", "Alias": "p", "Startup Cost": 0.0, "Total Cost": 941.6, "Plan Rows": 30615, "Plan Width": 8, "Actual Startup Time": 0.007, "Actual Total Time": 7.287, "Actual Rows": 30962, "Actual Loops": 1, "Output": ["p.id", "p.owneruserid"], "Filter": "((p.commentcount <= 10) AND (p.creationdate <= 1409203893) AND (p.score <= 19) AND (p.score >= 0))", "Rows Removed by Filter": 1118}]}]}, {"Node Type": "Hash", "Parent Relationship": "Inner", "Parallel Aware": false, "Startup Cost": 280.45, "Total Cost": 280.45, "Plan Rows": 14116, "Plan Width": 4, "Actual Startup Time": 3.902, "Actual Total Time": 3.903, "Actual Rows": 14116, "Actual Loops": 1, "Output": ["u.id"], "Hash Buckets": 16384, "Original Hash Buckets": 16384, "Hash Batches": 1, "Original Hash Batches": 1, "Peak Memory Usage": 625, "Plans": [{"Node Type": "Seq Scan", "Parent Relationship": "Outer", "Parallel Aware": false, "Relation Name": "users", "Schema": "public", "Alias": "u", "Startup Cost": 0.0, "Total Cost": 280.45, "Plan Rows": 14116, "Plan Width": 4, "Actual Startup Time": 0.015, "Actual Total Time": 2.145, "Actual Rows": 14116, "Actual Loops": 1, "Output": ["u.id"], "Filter": "(u.downvotes >= 0)", "Rows Removed by Filter": 0}]}]}]}]}]}, "Planning Time": 92.667, "Triggers": [], "Execution Time": 84.644}]
q88#####[{"Plan": {"Node Type": "Aggregate", "Strategy": "Plain", "Partial Mode": "Simple", "Parallel Aware": false, "Startup Cost": 4168.76, "Total Cost": 4168.77, "Plan Rows": 1, "Plan Width": 8, "Actual Startup Time": 45.547, "Actual Total Time": 45.552, "Actual Rows": 1, "Actual Loops": 1, "Output": ["count(*)"], "Plans": [{"Node Type": "Nested Loop", "Parent Relationship": "Outer", "Parallel Aware": false, "Join Type": "Inner", "Startup Cost": 1354.05, "Total Cost": 4044.6, "Plan Rows": 49665, "Plan Width": 0, "Actual Startup Time": 14.937, "Actual Total Time": 45.467, "Actual Rows": 1229, "Actual Loops": 1, "Inner Unique": false, "Plans": [{"Node Type": "Hash Join", "Parent Relationship": "Outer", "Parallel Aware": false, "Join Type": "Inner", "Startup Cost": 1353.77, "Total Cost": 2496.28, "Plan Rows": 4284, "Plan Width": 8, "Actual Startup Time": 14.755, "Actual Total Time": 37.55, "Actual Rows": 213, "Actual Loops": 1, "Output": ["p.owneruserid", "u.id"], "Inner Unique": true, "Hash Cond": "(p.owneruserid = u.id)", "Plans": [{"Node Type": "Nested Loop", "Parent Relationship": "Outer", "Parallel Aware": false, "Join Type": "Inner", "Startup Cost": 896.87, "Total Cost": 1926.89, "Plan Rows": 42840, "Plan Width": 4, "Actual Startup Time": 9.924, "Actual Total Time": 32.521, "Actual Rows": 777, "Actual Loops": 1, "Output": ["p.owneruserid"], "Inner Unique": false, "Plans": [{"Node Type": "Hash Join", "Parent Relationship": "Outer", "Parallel Aware": false, "Join Type": "Inner", "Startup Cost": 896.58, "Total Cost": 974.51, "Plan Rows": 1890, "Plan Width": 12, "Actual Startup Time": 8.882, "Actual Total Time": 10.614, "Actual Rows": 705, "Actual Loops": 1, "Output": ["pl.relatedpostid", "p.owneruserid", "p.id"], "Inner Unique": true, "Hash Cond": "(pl.relatedpostid = p.id)", "Plans": [{"Node Type": "Seq Scan", "Parent Relationship": "Outer", "Parallel Aware": false, "Relation Name": "postlinks", "Schema": "public", "Alias": "pl", "Startup Cost": 0.0, "Total Cost": 67.76, "Plan Rows": 3876, "Plan Width": 4, "Actual Startup Time": 0.007, "Actual Total Time": 0.441, "Actual Rows": 3876, "Actual Loops": 1, "Output": ["pl.id", "pl.creationdate", "pl.postid", "pl.relatedpostid", "pl.linktypeid"]}, {"Node Type": "Hash", "Parent Relationship": "Inner", "Parallel Aware": false, "Startup Cost": 701.0, "Total Cost": 701.0, "Plan Rows": 15646, "Plan Width": 8, "Actual Startup Time": 8.788, "Actual Total Time": 8.789, "Actual Rows": 15624, "Actual Loops": 1, "Output": ["p.owneruserid", "p.id"], "Hash Buckets": 16384, "Original Hash Buckets": 16384, "Hash Batches": 1, "Original Hash Batches": 1, "Peak Memory Usage": 739, "Plans": [{"Node Type": "Seq Scan", "Parent Relationship": "Outer", "Parallel Aware": false, "Relation Name": "posts", "Schema": "public", "Alias": "p", "Startup Cost": 0.0, "Total Cost": 701.0, "Plan Rows": 15646, "Plan Width": 8, "Actual Startup Time": 0.007, "Actual Total Time": 5.84, "Actual Rows": 15624, "Actual Loops": 1, "Output": ["p.owneruserid", "p.id"], "Filter": "(p.viewcount >= 0)", "Rows Removed by Filter": 16456}]}]}, {"Node Type": "Index Scan", "Parent Relationship": "Inner", "Parallel Aware": false, "Scan Direction": "Forward", "Index Name": "idx_comments_postid", "Relation Name": "comments", "Schema": "public", "Alias": "c", "Startup Cost": 0.29, "Total Cost": 0.48, "Plan Rows": 2, "Plan Width": 4, "Actual Startup Time": 0.03, "Actual Total Time": 0.031, "Actual Rows": 1, "Actual Loops": 705, "Output": ["c.id", "c.postid", "c.score", "c.creationdate", "c.userid"], "Index Cond": "(c.postid = p.id)", "Rows Removed by Index Recheck": 0, "Filter": "(c.creationdate <= 1410163088)", "Rows Removed by Filter": 0}]}, {"Node Type": "Hash", "Parent Relationship": "Inner", "Parallel Aware": false, "Startup Cost": 280.45, "Total Cost": 280.45, "Plan Rows": 14116, "Plan Width": 4, "Actual Startup Time": 4.795, "Actual Total Time": 4.795, "Actual Rows": 14116, "Actual Loops": 1, "Output": ["u.id"], "Hash Buckets": 16384, "Original Hash Buckets": 16384, "Hash Batches": 1, "Original Hash Batches": 1, "Peak Memory Usage": 625, "Plans": [{"Node Type": "Seq Scan", "Parent Relationship": "Outer", "Parallel Aware": false, "Relation Name": "users", "Schema": "public", "Alias": "u", "Startup Cost": 0.0, "Total Cost": 280.45, "Plan Rows": 14116, "Plan Width": 4, "Actual Startup Time": 0.016, "Actual Total Time": 2.488, "Actual Rows": 14116, "Actual Loops": 1, "Output": ["u.id"], "Filter": "(u.reputation >= 1)", "Rows Removed by Filter": 0}]}]}, {"Node Type": "Index Only Scan", "Parent Relationship": "Inner", "Parallel Aware": false, "Scan Direction": "Forward", "Index Name": "idx_badges_userid", "Relation Name": "badges", "Schema": "public", "Alias": "b", "Startup Cost": 0.29, "Total Cost": 0.34, "Plan Rows": 2, "Plan Width": 4, "Actual Startup Time": 0.036, "Actual Total Time": 0.036, "Actual Rows": 6, "Actual Loops": 213, "Output": ["b.userid"], "Index Cond": "(b.userid = p.owneruserid)", "Rows Removed by Index Recheck": 0, "Heap Fetches": 0}]}]}, "Planning Time": 114.84, "Triggers": [], "Execution Time": 45.678}]
q4#####[{"Plan": {"Node Type": "Aggregate", "Strategy": "Plain", "Partial Mode": "Simple", "Parallel Aware": false, "Startup Cost": 29754.26, "Total Cost": 29754.27, "Plan Rows": 1, "Plan Width": 8, "Actual Startup Time": 87.165, "Actual Total Time": 87.172, "Actual Rows": 1, "Actual Loops": 1, "Output": ["count(*)"], "Plans": [{"Node Type": "Hash Join", "Parent Relationship": "Outer", "Parallel Aware": false, "Join Type": "Inner", "Startup Cost": 5046.97, "Total Cost": 28258.22, "Plan Rows": 598417, "Plan Width": 0, "Actual Startup Time": 34.919, "Actual Total Time": 86.646, "Actual Rows": 14746, "Actual Loops": 1, "Inner Unique": false, "Hash Cond": "(p.owneruserid = b.userid)", "Plans": [{"Node Type": "Hash Join", "Parent Relationship": "Outer", "Parallel Aware": false, "Join Type": "Inner", "Startup Cost": 3678.27, "Total Cost": 12948.69, "Plan Rows": 52607, "Plan Width": 4, "Actual Startup Time": 22.982, "Actual Total Time": 73.364, "Actual Rows": 9828, "Actual Loops": 1, "Output": ["p.owneruserid"], "Inner Unique": false, "Hash Cond": "(c.postid = p.id)", "Plans": [{"Node Type": "Merge Join", "Parent Relationship": "Outer", "Parallel Aware": false, "Join Type": "Inner", "Startup Cost": 0.81, "Total Cost": 8031.84, "Plan Rows": 115109, "Plan Width": 8, "Actual Startup Time": 0.048, "Actual Total Time": 45.575, "Actual Rows": 70214, "Actual Loops": 1, "Output": ["c.postid", "ph.postid"], "Inner Unique": false, "Merge Cond": "(c.postid = ph.postid)", "Plans": [{"Node Type": "Index Scan", "Parent Relationship": "Outer", "Parallel Aware": false, "Scan Direction": "Forward", "Index Name": "idx_comments_postid", "Relation Name": "comments", "Schema": "public", "Alias": "c", "Startup Cost": 0.29, "Total Cost": 3477.98, "Plan Rows": 47515, "Plan Width": 4, "Actual Startup Time": 0.021, "Actual Total Time": 23.329, "Actual Rows": 47508, "Actual Loops": 1, "Output": ["c.id", "c.postid", "c.score", "c.creationdate", "c.userid"], "Filter": "(c.score = 0)", "Rows Removed by Filter": 13620}, {"Node Type": "Index Only Scan", "Parent Relationship": "Inner", "Parallel Aware": false, "Scan Direction": "Forward", "Index Name": "idx_posthistory_postid", "Relation Name": "posthistory", "Schema": "public", "Alias": "ph", "Startup Cost": 0.29, "Total Cost": 2766.28, "Plan Rows": 106266, "Plan Width": 4, "Actual Startup Time": 0.022, "Actual Total Time": 10.366, "Actual Rows": 139981, "Actual Loops": 1, "Output": ["ph.postid"], "Heap Fetches": 0}]}, {"Node Type": "Hash", "Parent Relationship": "Inner", "Parallel Aware": false, "Startup Cost": 3496.32, "Total Cost": 3496.32, "Plan Rows": 14491, "Plan Width": 12, "Actual Startup Time": 22.536, "Actual Total Time": 22.539, "Actual Rows": 5792, "Actual Loops": 1, "Output": ["p.owneruserid", "p.id", "v.postid"], "Hash Buckets": 16384, "Original Hash Buckets": 16384, "Hash Batches": 1, "Original Hash Batches": 1, "Peak Memory Usage": 377, "Plans": [{"Node Type": "Hash Join", "Parent Relationship": "Outer", "Parallel Aware": false, "Join Type": "Inner", "Startup Cost": 916.03, "Total Cost": 3496.32, "Plan Rows": 14491, "Plan Width": 12, "Actual Startup Time": 3.907, "Actual Total Time": 21.704, "Actual Rows": 5792, "Actual Loops": 1, "Output": ["p.owneruserid", "p.id", "v.postid"], "Inner Unique": true, "Hash Cond": "(v.postid = p.id)", "Plans": [{"Node Type": "Seq Scan", "Parent Relationship": "Outer", "Parallel Aware": false, "Relation Name": "votes", "Schema": "public", "Alias": "v", "Startup Cost": 0.0, "Total Cost": 2280.95, "Plan Rows": 114024, "Plan Width": 4, "Actual Startup Time": 0.011, "Actual Total Time": 10.881, "Actual Rows": 114866, "Actual Loops": 1, "Output": ["v.id", "v.postid", "v.votetypeid", "v.creationdate", "v.userid", "v.bountyamount"], "Filter": "(v.creationdate >= 1279468800)", "Rows Removed by Filter": 10}, {"Node Type": "Hash", "Parent Relationship": "Inner", "Parallel Aware": false, "Startup Cost": 861.4, "Total Cost": 861.4, "Plan Rows": 4370, "Plan Width": 8, "Actual Startup Time": 3.854, "Actual Total Time": 3.856, "Actual Rows": 4064, "Actual Loops": 1, "Output": ["p.owneruserid", "p.id"], "Hash Buckets": 8192, "Original Hash Buckets": 8192, "Hash Batches": 1, "Original Hash Batches": 1, "Peak Memory Usage": 223, "Plans": [{"Node Type": "Seq Scan", "Parent Relationship": "Outer", "Parallel Aware": false, "Relation Name": "posts", "Schema": "public", "Alias": "p", "Startup Cost": 0.0, "Total Cost": 861.4, "Plan Rows": 4370, "Plan Width": 8, "Actual Startup Time": 0.004, "Actual Total Time": 3.402, "Actual Rows": 4064, "Actual Loops": 1, "Output": ["p.owneruserid", "p.id"], "Filter": "((p.answercount <= 3) AND (p.favoritecount >= 0) AND (p.score <= 21))", "Rows Removed by Filter": 28016}]}]}]}]}, {"Node Type": "Hash", "Parent Relationship": "Inner", "Parallel Aware": false, "Startup Cost": 1028.0, "Total Cost": 1028.0, "Plan Rows": 27256, "Plan Width": 8, "Actual Startup Time": 11.521, "Actual Total Time": 11.523, "Actual Rows": 7783, "Actual Loops": 1, "Output": ["b.userid", "u.id"], "Hash Buckets": 32768, "Original Hash Buckets": 32768, "Hash Batches": 1, "Original Hash Batches": 1, "Peak Memory Usage": 561, "Plans": [{"Node Type": "Hash Join", "Parent Relationship": "Outer", "Parallel Aware": false, "Join Type": "Inner", "Startup Cost": 452.81, "Total Cost": 1028.0, "Plan Rows": 27256, "Plan Width": 8, "Actual Startup Time": 3.842, "Actual Total Time": 10.333, "Actual Rows": 7783, "Actual Loops": 1, "Output": ["b.userid", "u.id"], "Inner Unique": true, "Hash Cond": "(b.userid = u.id)", "Plans": [{"Node Type": "Seq Scan", "Parent Relationship": "Outer", "Parallel Aware": false, "Relation Name": "badges", "Schema": "public", "Alias": "b", "Startup Cost": 0.0, "Total Cost": 501.93, "Plan Rows": 27902, "Plan Width": 4, "Actual Startup Time": 0.022, "Actual Total Time": 3.183, "Actual Rows": 27907, "Actual Loops": 1, "Output": ["b.id", "b.userid", "b.date"], "Filter": "(b.date <= 1410431708)", "Rows Removed by Filter": 87}, {"Node Type": "Hash", "Parent Relationship": "Inner", "Parallel Aware": false, "Startup Cost": 280.45, "Total Cost": 280.45, "Plan Rows": 13789, "Plan Width": 4, "Actual Startup Time": 3.738, "Actual Total Time": 3.738, "Actual Rows": 13790, "Actual Loops": 1, "Output": ["u.id"], "Hash Buckets": 16384, "Original Hash Buckets": 16384, "Hash Batches": 1, "Original Hash Batches": 1, "Peak Memory Usage": 613, "Plans": [{"Node Type": "Seq Scan", "Parent Relationship": "Outer", "Parallel Aware": false, "Relation Name": "users", "Schema": "public", "Alias": "u", "Startup Cost": 0.0, "Total Cost": 280.45, "Plan Rows": 13789, "Plan Width": 4, "Actual Startup Time": 0.01, "Actual Total Time": 1.932, "Actual Rows": 13790, "Actual Loops": 1, "Output": ["u.id"], "Filter": "(u.reputation <= 240)", "Rows Removed by Filter": 326}]}]}]}]}]}, "Planning Time": 154.062, "Triggers": [], "Execution Time": 87.295}]
q5#####[{"Plan": {"Node Type": "Aggregate", "Strategy": "Plain", "Partial Mode": "Simple", "Parallel Aware": false, "Startup Cost": 14942.05, "Total Cost": 14942.06, "Plan Rows": 1, "Plan Width": 8, "Actual Startup Time": 55.905, "Actual Total Time": 55.912, "Actual Rows": 1, "Actual Loops": 1, "Output": ["count(*)"], "Plans": [{"Node Type": "Merge Join", "Parent Relationship": "Outer", "Parallel Aware": false, "Join Type": "Inner", "Startup Cost": 11141.56, "Total Cost": 14480.89, "Plan Rows": 184464, "Plan Width": 0, "Actual Startup Time": 49.914, "Actual Total Time": 55.542, "Actual Rows": 10494, "Actual Loops": 1, "Inner Unique": false, "Merge Cond": "(v.userid = c.userid)", "Plans": [{"Node Type": "Index Scan", "Parent Relationship": "Outer", "Parallel Aware": false, "Scan Direction": "Forward", "Index Name": "idx_votes_userid", "Relation Name": "votes", "Schema": "public", "Alias": "v", "Startup Cost": 0.29, "Total Cost": 4826.79, "Plan Rows": 113832, "Plan Width": 4, "Actual Startup Time": 0.019, "Actual Total Time": 22.865, "Actual Rows": 114008, "Actual Loops": 1, "Output": ["v.id", "v.postid", "v.votetypeid", "v.creationdate", "v.userid", "v.bountyamount"], "Filter": "((v.bountyamount <= 50) AND (v.creationdate <= 1410624000) AND (v.creationdate >= 1279641600))", "Rows Removed by Filter": 241}, {"Node Type": "Sort", "Parent Relationship": "Inner", "Parallel Aware": false, "Startup Cost": 6602.58, "Total Cost": 6616.91, "Plan Rows": 5734, "Plan Width": 8, "Actual Startup Time": 27.383, "Actual Total Time": 27.728, "Actual Rows": 10542, "Actual Loops": 1, "Output": ["c.userid", "u.id"], "Sort Key": ["c.userid"], "Sort Method": "quicksort", "Sort Space Used": 34, "Sort Space Type": "Memory", "Plans": [{"Node Type": "Hash Join", "Parent Relationship": "Outer", "Parallel Aware": false, "Join Type": "Inner", "Startup Cost": 1858.15, "Total Cost": 6244.62, "Plan Rows": 5734, "Plan Width": 8, "Actual Startup Time": 12.219, "Actual Total Time": 27.345, "Actual Rows": 210, "Actual Loops": 1, "Output": ["c.userid", "u.id"], "Inner Unique": true, "Hash Cond": "(c.userid = u.id)", "Plans": [{"Node Type": "Nested Loop", "Parent Relationship": "Outer", "Parallel Aware": false, "Join Type": "Inner", "Startup Cost": 1372.86, "Total Cost": 5743.67, "Plan Rows": 5967, "Plan Width": 4, "Actual Startup Time": 8.986, "Actual Total Time": 24.063, "Actual Rows": 918, "Actual Loops": 1, "Output": ["c.userid"], "Inner Unique": false, "Plans": [{"Node Type": "Hash Join", "Parent Relationship": "Outer", "Parallel Aware": false, "Join Type": "Inner", "Startup Cost": 1372.57, "Total Cost": 4921.35, "Plan Rows": 1907, "Plan Width": 12, "Actual Startup Time": 8.923, "Actual Total Time": 21.922, "Actual Rows": 737, "Actual Loops": 1, "Output": ["ph.postid", "pl.postid", "p.id"], "Inner Unique": true, "Hash Cond": "(ph.postid = p.id)", "Plans": [{"Node Type": "Hash Join", "Parent Relationship": "Outer", "Parallel Aware": false, "Join Type": "Inner", "Startup Cost": 116.21, "Total Cost": 2969.3, "Plan Rows": 265000, "Plan Width": 8, "Actual Startup Time": 0.878, "Actual Total Time": 13.698, "Actual Rows": 1791, "Actual Loops": 1, "Output": ["ph.postid", "pl.postid"], "Inner Unique": false, "Hash Cond": "(ph.postid = pl.postid)", "Plans": [{"Node Type": "Seq Scan", "Parent Relationship": "Outer", "Parallel Aware": false, "Relation Name": "posthistory", "Schema": "public", "Alias": "ph", "Startup Cost": 0.0, "Total Cost": 2375.99, "Plan Rows": 30040, "Plan Width": 4, "Actual Startup Time": 0.009, "Actual Total Time": 10.37, "Actual Rows": 30887, "Actual Loops": 1, "Output": ["ph.id", "ph.posthistorytypeid", "ph.postid", "ph.creationdate", "ph.userid"], "Filter": "((ph.creationdate <= 1407384360) AND (ph.posthistorytypeid = 2))", "Rows Removed by Filter": 75379}, {"Node Type": "Hash", "Parent Relationship": "Inner", "Parallel Aware": false, "Startup Cost": 67.76, "Total Cost": 67.76, "Plan Rows": 3876, "Plan Width": 4, "Actual Startup Time": 0.835, "Actual Total Time": 0.836, "Actual Rows": 3876, "Actual Loops": 1, "Output": ["pl.postid"], "Hash Buckets": 4096, "Original Hash Buckets": 4096, "Hash Batches": 1, "Original Hash Batches": 1, "Peak Memory Usage": 169, "Plans": [{"Node Type": "Seq Scan", "Parent Relationship": "Outer", "Parallel Aware": false, "Relation Name": "postlinks", "Schema": "public", "Alias": "pl", "Startup Cost": 0.0, "Total Cost": 67.76, "Plan Rows": 3876, "Plan Width": 4, "Actual Startup Time": 0.003, "Actual Total Time": 0.465, "Actual Rows": 3876, "Actual Loops": 1, "Output": ["pl.postid"]}]}]}, {"Node Type": "Hash", "Parent Relationship": "Inner", "Parallel Aware": false, "Startup Cost": 861.4, "Total Cost": 861.4, "Plan Rows": 31597, "Plan Width": 4, "Actual Startup Time": 7.794, "Actual Total Time": 7.795, "Actual Rows": 31693, "Actual Loops": 1, "Output": ["p.id"], "Hash Buckets": 32768, "Original Hash Buckets": 32768, "Hash Batches": 1, "Original Hash Batches": 1, "Peak Memory Usage": 1371, "Plans": [{"Node Type": "Seq Scan", "Parent Relationship": "Outer", "Parallel Aware": false, "Relation Name": "posts", "Schema": "public", "Alias": "p", "Startup Cost": 0.0, "Total Cost": 861.4, "Plan Rows": 31597, "Plan Width": 4, "Actual Startup Time": 0.004, "Actual Total Time": 4.606, "Actual Rows": 31693, "Actual Loops": 1, "Output": ["p.id"], "Filter": "((p.commentcount <= 13) AND (p.score <= 19) AND (p.score >= '-1'::integer))", "Rows Removed by Filter": 387}]}]}, {"Node Type": "Index Scan", "Parent Relationship": "Inner", "Parallel Aware": false, "Scan Direction": "Forward", "Index Name": "idx_comments_postid", "Relation Name": "comments", "Schema": "public", "Alias": "c", "Startup Cost": 0.29, "Total Cost": 0.41, "Plan Rows": 2, "Plan Width": 8, "Actual Startup Time": 0.002, "Actual Total Time": 0.003, "Actual Rows": 1, "Actual Loops": 737, "Output": ["c.id", "c.postid", "c.score", "c.creationdate", "c.userid"], "Index Cond": "(c.postid = p.id)", "Rows Removed by Index Recheck": 0, "Filter": "((c.creationdate <= 1410542776) AND (c.creationdate >= 1280146875))", "Rows Removed by Filter": 0}]}, {"Node Type": "Hash", "Parent Relationship": "Inner", "Parallel Aware": false, "Startup Cost": 315.74, "Total Cost": 315.74, "Plan Rows": 13564, "Plan Width": 4, "Actual Startup Time": 3.133, "Actual Total Time": 3.134, "Actual Rows": 13563, "Actual Loops": 1, "Output": ["u.id"], "Hash Buckets": 16384, "Original Hash Buckets": 16384, "Hash Batches": 1, "Original Hash Batches": 1, "Peak Memory Usage": 605, "Plans": [{"Node Type": "Seq Scan", "Parent Relationship": "Outer", "Parallel Aware": false, "Relation Name": "users", "Schema": "public", "Alias": "u", "Startup Cost": 0.0, "Total Cost": 315.74, "Plan Rows": 13564, "Plan Width": 4, "Actual Startup Time": 0.012, "Actual Total Time": 1.802, "Actual Rows": 13563, "Actual Loops": 1, "Output": ["u.id"], "Filter": "((u.creationdate <= 1408455194) AND (u.views >= 0))", "Rows Removed by Filter": 553}]}]}]}]}]}, "Planning Time": 138.745, "Triggers": [], "Execution Time": 56.036}]
q89#####[{"Plan": {"Node Type": "Aggregate", "Strategy": "Plain", "Partial Mode": "Simple", "Parallel Aware": false, "Startup Cost": 7834.95, "Total Cost": 7834.96, "Plan Rows": 1, "Plan Width": 8, "Actual Startup Time": 61.024, "Actual Total Time": 61.029, "Actual Rows": 1, "Actual Loops": 1, "Output": ["count(*)"], "Plans": [{"Node Type": "Hash Join", "Parent Relationship": "Outer", "Parallel Aware": false, "Join Type": "Inner", "Startup Cost": 2096.92, "Total Cost": 4706.29, "Plan Rows": 1251463, "Plan Width": 0, "Actual Startup Time": 20.13, "Actual Total Time": 56.727, "Actual Rows": 115144, "Actual Loops": 1, "Inner Unique": false, "Hash Cond": "(p.owneruserid = b.userid)", "Plans": [{"Node Type": "Hash Join", "Parent Relationship": "Outer", "Parallel Aware": false, "Join Type": "Inner", "Startup Cost": 1099.59, "Total Cost": 3394.93, "Plan Rows": 10794, "Plan Width": 4, "Actual Startup Time": 8.693, "Actual Total Time": 33.768, "Actual Rows": 35780, "Actual Loops": 1, "Output": ["p.owneruserid"], "Inner Unique": true, "Hash Cond": "(v.postid = p.id)", "Plans": [{"Node Type": "Seq Scan", "Parent Relationship": "Outer", "Parallel Aware": false, "Relation Name": "votes", "Schema": "public", "Alias": "v", "Startup Cost": 0.0, "Total Cost": 1993.76, "Plan Rows": 114876, "Plan Width": 4, "Actual Startup Time": 0.015, "Actual Total Time": 6.298, "Actual Rows": 114876, "Actual Loops": 1, "Output": ["v.id", "v.postid", "v.votetypeid", "v.creationdate", "v.userid", "v.bountyamount"]}, {"Node Type": "Hash", "Parent Relationship": "Inner", "Parallel Aware": false, "Startup Cost": 701.0, "Total Cost": 701.0, "Plan Rows": 31887, "Plan Width": 8, "Actual Startup Time": 8.545, "Actual Total Time": 8.546, "Actual Rows": 31884, "Actual Loops": 1, "Output": ["p.owneruserid", "p.id"], "Hash Buckets": 32768, "Original Hash Buckets": 32768, "Hash Batches": 1, "Original Hash Batches": 1, "Peak Memory Usage": 1502, "Plans": [{"Node Type": "Seq Scan", "Parent Relationship": "Outer", "Parallel Aware": false, "Relation Name": "posts", "Schema": "public", "Alias": "p", "Startup Cost": 0.0, "Total Cost": 701.0, "Plan Rows": 31887, "Plan Width": 8, "Actual Startup Time": 0.005, "Actual Total Time": 4.58, "Actual Rows": 31884, "Actual Loops": 1, "Output": ["p.owneruserid", "p.id"], "Filter": "(p.score <= 22)", "Rows Removed by Filter": 196}]}]}, {"Node Type": "Hash", "Parent Relationship": "Inner", "Parallel Aware": false, "Startup Cost": 962.35, "Total Cost": 962.35, "Plan Rows": 2799, "Plan Width": 8, "Actual Startup Time": 11.413, "Actual Total Time": 11.415, "Actual Rows": 8850, "Actual Loops": 1, "Output": ["b.userid", "u.id"], "Hash Buckets": 16384, "Original Hash Buckets": 4096, "Hash Batches": 1, "Original Hash Batches": 1, "Peak Memory Usage": 474, "Plans": [{"Node Type": "Hash Join", "Parent Relationship": "Outer", "Parallel Aware": false, "Join Type": "Inner", "Startup Cost": 456.9, "Total Cost": 962.35, "Plan Rows": 2799, "Plan Width": 8, "Actual Startup Time": 3.846, "Actual Total Time": 10.058, "Actual Rows": 8850, "Actual Loops": 1, "Output": ["b.userid", "u.id"], "Inner Unique": true, "Hash Cond": "(b.userid = u.id)", "Plans": [{"Node Type": "Seq Scan", "Parent Relationship": "Outer", "Parallel Aware": false, "Relation Name": "badges", "Schema": "public", "Alias": "b", "Startup Cost": 0.0, "Total Cost": 431.94, "Plan Rows": 27994, "Plan Width": 4, "Actual Startup Time": 0.025, "Actual Total Time": 1.809, "Actual Rows": 27994, "Actual Loops": 1, "Output": ["b.id", "b.userid", "b.date"]}, {"Node Type": "Hash", "Parent Relationship": "Inner", "Parallel Aware": false, "Startup Cost": 280.45, "Total Cost": 280.45, "Plan Rows": 14116, "Plan Width": 4, "Actual Startup Time": 3.808, "Actual Total Time": 3.808, "Actual Rows": 14116, "Actual Loops": 1, "Output": ["u.id"], "Hash Buckets": 16384, "Original Hash Buckets": 16384, "Hash Batches": 1, "Original Hash Batches": 1, "Peak Memory Usage": 625, "Plans": [{"Node Type": "Seq Scan", "Parent Relationship": "Outer", "Parallel Aware": false, "Relation Name": "users", "Schema": "public", "Alias": "u", "Startup Cost": 0.0, "Total Cost": 280.45, "Plan Rows": 14116, "Plan Width": 4, "Actual Startup Time": 0.012, "Actual Total Time": 2.043, "Actual Rows": 14116, "Actual Loops": 1, "Output": ["u.id"], "Filter": "(u.reputation >= 1)", "Rows Removed by Filter": 0}]}]}]}]}]}, "Planning Time": 89.664, "Triggers": [], "Execution Time": 61.161}]
q62#####[{"Plan": {"Node Type": "Aggregate", "Strategy": "Plain", "Partial Mode": "Simple", "Parallel Aware": false, "Startup Cost": 25145.14, "Total Cost": 25145.15, "Plan Rows": 1, "Plan Width": 8, "Actual Startup Time": 366.472, "Actual Total Time": 366.479, "Actual Rows": 1, "Actual Loops": 1, "Output": ["count(*)"], "Plans": [{"Node Type": "Hash Join", "Parent Relationship": "Outer", "Parallel Aware": false, "Join Type": "Inner", "Startup Cost": 16164.78, "Total Cost": 23455.06, "Plan Rows": 676030, "Plan Width": 0, "Actual Startup Time": 183.067, "Actual Total Time": 333.638, "Actual Rows": 914532, "Actual Loops": 1, "Inner Unique": false, "Hash Cond": "(c.postid = p.id)", "Plans": [{"Node Type": "Seq Scan", "Parent Relationship": "Outer", "Parallel Aware": false, "Relation Name": "comments", "Schema": "public", "Alias": "c", "Startup Cost": 0.0, "Total Cost": 3460.81, "Plan Rows": 173582, "Plan Width": 4, "Actual Startup Time": 0.014, "Actual Total Time": 19.965, "Actual Rows": 173566, "Actual Loops": 1, "Output": ["c.postid"], "Filter": "(c.creationdate <= 1410288155)", "Rows Removed by Filter": 739}, {"Node Type": "Hash", "Parent Relationship": "Inner", "Parallel Aware": false, "Startup Cost": 14991.26, "Total Cost": 14991.26, "Plan Rows": 67482, "Plan Width": 16, "Actual Startup Time": 181.951, "Actual Total Time": 181.956, "Actual Rows": 227018, "Actual Loops": 1, "Output": ["ph.postid", "pl.postid", "p.id", "v.postid"], "Hash Buckets": 131072, "Original Hash Buckets": 131072, "Hash Batches": 4, "Original Hash Batches": 2, "Peak Memory Usage": 3612, "Plans": [{"Node Type": "Hash Join", "Parent Relationship": "Outer", "Parallel Aware": false, "Join Type": "Inner", "Startup Cost": 6821.97, "Total Cost": 14991.26, "Plan Rows": 67482, "Plan Width": 16, "Actual Startup Time": 62.532, "Actual Total Time": 147.922, "Actual Rows": 227018, "Actual Loops": 1, "Output": ["ph.postid", "pl.postid", "p.id", "v.postid"], "Inner Unique": false, "Hash Cond": "(v.postid = p.id)", "Plans": [{"Node Type": "Seq Scan", "Parent Relationship": "Outer", "Parallel Aware": false, "Relation Name": "votes", "Schema": "public", "Alias": "v", "Startup Cost": 0.0, "Total Cost": 6513.8, "Plan Rows": 261511, "Plan Width": 4, "Actual Startup Time": 0.018, "Actual Total Time": 33.261, "Actual Rows": 262116, "Actual Loops": 1, "Output": ["v.id", "v.postid", "v.votetypeid", "v.creationdate", "v.userid", "v.bountyamount"], "Filter": "(v.votetypeid = 2)", "Rows Removed by Filter": 65948}, {"Node Type": "Hash", "Parent Relationship": "Inner", "Parallel Aware": false, "Startup Cost": 6525.3, "Total Cost": 6525.3, "Plan Rows": 23734, "Plan Width": 12, "Actual Startup Time": 61.978, "Actual Total Time": 61.982, "Actual Rows": 60742, "Actual Loops": 1, "Output": ["ph.postid", "pl.postid", "p.id"], "Hash Buckets": 65536, "Original Hash Buckets": 32768, "Hash Batches": 1, "Original Hash Batches": 1, "Peak Memory Usage": 3123, "Plans": [{"Node Type": "Nested Loop", "Parent Relationship": "Outer", "Parallel Aware": false, "Join Type": "Inner", "Startup Cost": 3225.22, "Total Cost": 6525.3, "Plan Rows": 23734, "Plan Width": 12, "Actual Startup Time": 26.98, "Actual Total Time": 53.166, "Actual Rows": 60742, "Actual Loops": 1, "Output": ["ph.postid", "pl.postid", "p.id"], "Inner Unique": false, "Plans": [{"Node Type": "Hash Join", "Parent Relationship": "Outer", "Parallel Aware": false, "Join Type": "Inner", "Startup Cost": 3224.8, "Total Cost": 3446.96, "Plan Rows": 5072, "Plan Width": 8, "Actual Startup Time": 26.945, "Actual Total Time": 31.091, "Actual Rows": 10692, "Actual Loops": 1, "Output": ["pl.postid", "p.id"], "Inner Unique": true, "Hash Cond": "(pl.postid = p.id)", "Plans": [{"Node Type": "Seq Scan", "Parent Relationship": "Outer", "Parallel Aware": false, "Relation Name": "postlinks", "Schema": "public", "Alias": "pl", "Startup Cost": 0.0, "Total Cost": 193.02, "Plan Rows": 11102, "Plan Width": 4, "Actual Startup Time": 0.01, "Actual Total Time": 0.66, "Actual Rows": 11102, "Actual Loops": 1, "Output": ["pl.id", "pl.creationdate", "pl.postid", "pl.relatedpostid", "pl.linktypeid"]}, {"Node Type": "Hash", "Parent Relationship": "Inner", "Parallel Aware": false, "Startup Cost": 2699.52, "Total Cost": 2699.52, "Plan Rows": 42022, "Plan Width": 4, "Actual Startup Time": 26.552, "Actual Total Time": 26.553, "Actual Rows": 42104, "Actual Loops": 1, "Output": ["p.id"], "Hash Buckets": 65536, "Original Hash Buckets": 65536, "Hash Batches": 1, "Original Hash Batches": 1, "Peak Memory Usage": 1993, "Plans": [{"Node Type": "Seq Scan", "Parent Relationship": "Outer", "Parallel Aware": false, "Relation Name": "posts", "Schema": "public", "Alias": "p", "Startup Cost": 0.0, "Total Cost": 2699.52, "Plan Rows": 42022, "Plan Width": 4, "Actual Startup Time": 0.156, "Actual Total Time": 15.411, "Actual Rows": 42104, "Actual Loops": 1, "Output": ["p.id"], "Filter": "((p.answercount >= 0) AND (p.creationdate >= 1280390241) AND (p.score >= '-1'::integer) AND (p.viewcount <= 5896))", "Rows Removed by Filter": 49872}]}]}, {"Node Type": "Index Only Scan", "Parent Relationship": "Inner", "Parallel Aware": false, "Scan Direction": "Forward", "Index Name": "idx_posthistory_postid", "Relation Name": "posthistory", "Schema": "public", "Alias": "ph", "Startup Cost": 0.42, "Total Cost": 0.56, "Plan Rows": 5, "Plan Width": 4, "Actual Startup Time": 0.001, "Actual Total Time": 0.002, "Actual Rows": 6, "Actual Loops": 10692, "Output": ["ph.postid"], "Index Cond": "(ph.postid = p.id)", "Rows Removed by Index Recheck": 0, "Heap Fetches": 0}]}]}]}]}]}]}, "Planning Time": 124.962, "Triggers": [], "Execution Time": 366.613}]
q76#####[{"Plan": {"Node Type": "Aggregate", "Strategy": "Plain", "Partial Mode": "Simple", "Parallel Aware": false, "Startup Cost": 18276.45, "Total Cost": 18276.46, "Plan Rows": 1, "Plan Width": 8, "Actual Startup Time": 77.021, "Actual Total Time": 77.028, "Actual Rows": 1, "Actual Loops": 1, "Output": ["count(*)"], "Plans": [{"Node Type": "Hash Join", "Parent Relationship": "Outer", "Parallel Aware": false, "Join Type": "Inner", "Startup Cost": 8716.66, "Total Cost": 14879.52, "Plan Rows": 1358772, "Plan Width": 0, "Actual Startup Time": 59.975, "Actual Total Time": 75.981, "Actual Rows": 31932, "Actual Loops": 1, "Inner Unique": false, "Hash Cond": "(p.owneruserid = b.userid)", "Plans": [{"Node Type": "Hash Join", "Parent Relationship": "Outer", "Parallel Aware": false, "Join Type": "Inner", "Startup Cost": 7404.39, "Total Cost": 10392.1, "Plan Rows": 11719, "Plan Width": 4, "Actual Startup Time": 48.084, "Actual Total Time": 60.374, "Actual Rows": 20182, "Actual Loops": 1, "Output": ["p.owneruserid"], "Inner Unique": false, "Hash Cond": "(c.postid = p.id)", "Plans": [{"Node Type": "Seq Scan", "Parent Relationship": "Outer", "Parallel Aware": false, "Relation Name": "comments", "Schema": "public", "Alias": "c", "Startup Cost": 0.0, "Total Cost": 1061.28, "Plan Rows": 61128, "Plan Width": 4, "Actual Startup Time": 0.014, "Actual Total Time": 3.418, "Actual Rows": 61128, "Actual Loops": 1, "Output": ["c.id", "c.postid", "c.score", "c.creationdate", "c.userid"]}, {"Node Type": "Hash", "Parent Relationship": "Inner", "Parallel Aware": false, "Startup Cost": 6641.9, "Total Cost": 6641.9, "Plan Rows": 60999, "Plan Width": 16, "Actual Startup Time": 47.769, "Actual Total Time": 47.773, "Actual Rows": 16626, "Actual Loops": 1, "Output": ["ph.postid", "p.owneruserid", "p.id", "v.postid"], "Hash Buckets": 65536, "Original Hash Buckets": 65536, "Hash Batches": 1, "Original Hash Batches": 1, "Peak Memory Usage": 1292, "Plans": [{"Node Type": "Hash Join", "Parent Relationship": "Outer", "Parallel Aware": false, "Join Type": "Inner", "Startup Cost": 3463.77, "Total Cost": 6641.9, "Plan Rows": 60999, "Plan Width": 16, "Actual Startup Time": 26.553, "Actual Total Time": 45.31, "Actual Rows": 16626, "Actual Loops": 1, "Output": ["ph.postid", "p.owneruserid", "p.id", "v.postid"], "Inner Unique": false, "Hash Cond": "(v.postid = p.id)", "Plans": [{"Node Type": "Seq Scan", "Parent Relationship": "Outer", "Parallel Aware": false, "Relation Name": "votes", "Schema": "public", "Alias": "v", "Startup Cost": 0.0, "Total Cost": 1993.76, "Plan Rows": 114876, "Plan Width": 4, "Actual Startup Time": 0.004, "Actual Total Time": 6.042, "Actual Rows": 114876, "Actual Loops": 1, "Output": ["v.id", "v.postid", "v.votetypeid", "v.creationdate", "v.userid", "v.bountyamount"]}, {"Node Type": "Hash", "Parent Relationship": "Inner", "Parallel Aware": false, "Startup Cost": 3238.52, "Total Cost": 3238.52, "Plan Rows": 18020, "Plan Width": 12, "Actual Startup Time": 26.394, "Actual Total Time": 26.396, "Actual Rows": 14653, "Actual Loops": 1, "Output": ["ph.postid", "p.owneruserid", "p.id"], "Hash Buckets": 32768, "Original Hash Buckets": 32768, "Hash Batches": 1, "Original Hash Batches": 1, "Peak Memory Usage": 886, "Plans": [{"Node Type": "Hash Join", "Parent Relationship": "Outer", "Parallel Aware": false, "Join Type": "Inner", "Startup Cost": 1114.89, "Total Cost": 3238.52, "Plan Rows": 18020, "Plan Width": 12, "Actual Startup Time": 5.791, "Actual Total Time": 24.037, "Actual Rows": 14653, "Actual Loops": 1, "Output": ["ph.postid", "p.owneruserid", "p.id"], "Inner Unique": true, "Hash Cond": "(ph.postid = p.id)", "Plans": [{"Node Type": "Seq Scan", "Parent Relationship": "Outer", "Parallel Aware": false, "Relation Name": "posthistory", "Schema": "public", "Alias": "ph", "Startup Cost": 0.0, "Total Cost": 1844.66, "Plan Rows": 106266, "Plan Width": 4, "Actual Startup Time": 0.008, "Actual Total Time": 6.535, "Actual Rows": 106266, "Actual Loops": 1, "Output": ["ph.id", "ph.posthistorytypeid", "ph.postid", "ph.creationdate", "ph.userid"]}, {"Node Type": "Hash", "Parent Relationship": "Inner", "Parallel Aware": false, "Startup Cost": 1021.8, "Total Cost": 1021.8, "Plan Rows": 7447, "Plan Width": 8, "Actual Startup Time": 5.741, "Actual Total Time": 5.742, "Actual Rows": 7670, "Actual Loops": 1, "Output": ["p.owneruserid", "p.id"], "Hash Buckets": 8192, "Original Hash Buckets": 8192, "Hash Batches": 1, "Original Hash Batches": 1, "Peak Memory Usage": 364, "Plans": [{"Node Type": "Seq Scan", "Parent Relationship": "Outer", "Parallel Aware": false, "Relation Name": "posts", "Schema": "public", "Alias": "p", "Startup Cost": 0.0, "Total Cost": 1021.8, "Plan Rows": 7447, "Plan Width": 8, "Actual Startup Time": 0.007, "Actual Total Time": 4.743, "Actual Rows": 7670, "Actual Loops": 1, "Output": ["p.owneruserid", "p.id"], "Filter": "((p.answercount <= 5) AND (p.score <= 192) AND (p.viewcount <= 2772) AND (p.viewcount >= 0) AND (p.posttypeid = 1))", "Rows Removed by Filter": 24410}]}]}]}]}]}]}, {"Node Type": "Hash", "Parent Relationship": "Inner", "Parallel Aware": false, "Startup Cost": 962.35, "Total Cost": 962.35, "Plan Rows": 27994, "Plan Width": 8, "Actual Startup Time": 11.829, "Actual Total Time": 11.831, "Actual Rows": 8850, "Actual Loops": 1, "Output": ["b.userid", "u.id"], "Hash Buckets": 32768, "Original Hash Buckets": 32768, "Hash Batches": 1, "Original Hash Batches": 1, "Peak Memory Usage": 602, "Plans": [{"Node Type": "Hash Join", "Parent Relationship": "Outer", "Parallel Aware": false, "Join Type": "Inner", "Startup Cost": 456.9, "Total Cost": 962.35, "Plan Rows": 27994, "Plan Width": 8, "Actual Startup Time": 3.935, "Actual Total Time": 10.357, "Actual Rows": 8850, "Actual Loops": 1, "Output": ["b.userid", "u.id"], "Inner Unique": true, "Hash Cond": "(b.userid = u.id)", "Plans": [{"Node Type": "Seq Scan", "Parent Relationship": "Outer", "Parallel Aware": false, "Relation Name": "badges", "Schema": "public", "Alias": "b", "Startup Cost": 0.0, "Total Cost": 431.94, "Plan Rows": 27994, "Plan Width": 4, "Actual Startup Time": 0.019, "Actual Total Time": 1.847, "Actual Rows": 27994, "Actual Loops": 1, "Output": ["b.id", "b.userid", "b.date"]}, {"Node Type": "Hash", "Parent Relationship": "Inner", "Parallel Aware": false, "Startup Cost": 280.45, "Total Cost": 280.45, "Plan Rows": 14116, "Plan Width": 4, "Actual Startup Time": 3.847, "Actual Total Time": 3.847, "Actual Rows": 14116, "Actual Loops": 1, "Output": ["u.id"], "Hash Buckets": 16384, "Original Hash Buckets": 16384, "Hash Batches": 1, "Original Hash Batches": 1, "Peak Memory Usage": 625, "Plans": [{"Node Type": "Seq Scan", "Parent Relationship": "Outer", "Parallel Aware": false, "Relation Name": "users", "Schema": "public", "Alias": "u", "Startup Cost": 0.0, "Total Cost": 280.45, "Plan Rows": 14116, "Plan Width": 4, "Actual Startup Time": 0.011, "Actual Total Time": 2.118, "Actual Rows": 14116, "Actual Loops": 1, "Output": ["u.id"], "Filter": "(u.downvotes >= 0)", "Rows Removed by Filter": 0}]}]}]}]}]}, "Planning Time": 155.654, "Triggers": [], "Execution Time": 77.126}]
q60#####[{"Plan": {"Node Type": "Aggregate", "Strategy": "Plain", "Partial Mode": "Simple", "Parallel Aware": false, "Startup Cost": 353862.7, "Total Cost": 353862.71, "Plan Rows": 1, "Plan Width": 8, "Actual Startup Time": 1001.726, "Actual Total Time": 1001.731, "Actual Rows": 1, "Actual Loops": 1, "Output": ["count(*)"], "Plans": [{"Node Type": "Hash Join", "Parent Relationship": "Outer", "Parallel Aware": false, "Join Type": "Inner", "Startup Cost": 9092.56, "Total Cost": 16958.73, "Plan Rows": 134761591, "Plan Width": 0, "Actual Startup Time": 420.782, "Actual Total Time": 967.506, "Actual Rows": 986987, "Actual Loops": 1, "Inner Unique": false, "Hash Cond": "(ph.userid = b.userid)", "Plans": [{"Node Type": "Hash Join", "Parent Relationship": "Outer", "Parallel Aware": false, "Join Type": "Inner", "Startup Cost": 1503.5, "Total Cost": 9058.46, "Plan Rows": 2941, "Plan Width": 8, "Actual Startup Time": 14.631, "Actual Total Time": 91.168, "Actual Rows": 167503, "Actual Loops": 1, "Output": ["ph.userid", "u.id"], "Inner Unique": true, "Hash Cond": "(ph.userid = u.id)", "Plans": [{"Node Type": "Seq Scan", "Parent Relationship": "Outer", "Parallel Aware": false, "Relation Name": "posthistory", "Schema": "public", "Alias": "ph", "Startup Cost": 0.0, "Total Cost": 6777.8, "Plan Rows": 296031, "Plan Width": 4, "Actual Startup Time": 1.147, "Actual Total Time": 37.577, "Actual Rows": 295642, "Actual Loops": 1, "Output": ["ph.id", "ph.posthistorytypeid", "ph.postid", "ph.creationdate", "ph.userid"], "Filter": "((ph.creationdate <= 1409751997) AND (ph.creationdate >= 1282193155))", "Rows Removed by Filter": 7545}, {"Node Type": "Hash", "Parent Relationship": "Inner", "Parallel Aware": false, "Startup Cost": 1002.69, "Total Cost": 1002.69, "Plan Rows": 40065, "Plan Width": 4, "Actual Startup Time": 13.293, "Actual Total Time": 13.294, "Actual Rows": 40068, "Actual Loops": 1, "Output": ["u.id"], "Hash Buckets": 65536, "Original Hash Buckets": 65536, "Hash Batches": 1, "Original Hash Batches": 1, "Peak Memory Usage": 1921, "Plans": [{"Node Type": "Seq Scan", "Parent Relationship": "Outer", "Parallel Aware": false, "Relation Name": "users", "Schema": "public", "Alias": "u", "Startup Cost": 0.0, "Total Cost": 1002.69, "Plan Rows": 40065, "Plan Width": 4, "Actual Startup Time": 0.015, "Actual Total Time": 7.119, "Actual Rows": 40068, "Actual Loops": 1, "Output": ["u.id"], "Filter": "((u.reputation <= 1183) AND (u.reputation >= 1) AND (u.views >= 0))", "Rows Removed by Filter": 257}]}]}, {"Node Type": "Hash", "Parent Relationship": "Inner", "Parallel Aware": false, "Startup Cost": 7497.61, "Total Cost": 7497.61, "Plan Rows": 7316, "Plan Width": 8, "Actual Startup Time": 405.893, "Actual Total Time": 405.895, "Actual Rows": 1331833, "Actual Loops": 1, "Output": ["b.userid", "c.userid"], "Hash Buckets": 131072, "Original Hash Buckets": 8192, "Hash Batches": 512, "Original Hash Batches": 1, "Peak Memory Usage": 25383, "Plans": [{"Node Type": "Nested Loop", "Parent Relationship": "Outer", "Parallel Aware": false, "Join Type": "Inner", "Startup Cost": 0.29, "Total Cost": 7497.61, "Plan Rows": 7316, "Plan Width": 8, "Actual Startup Time": 0.035, "Actual Total Time": 219.519, "Actual Rows": 1331833, "Actual Loops": 1, "Output": ["b.userid", "c.userid"], "Inner Unique": false, "Plans": [{"Node Type": "Seq Scan", "Parent Relationship": "Outer", "Parallel Aware": false, "Relation Name": "comments", "Schema": "public", "Alias": "c", "Startup Cost": 0.0, "Total Cost": 3460.81, "Plan Rows": 8320, "Plan Width": 4, "Actual Startup Time": 0.014, "Actual Total Time": 15.644, "Actual Rows": 8362, "Actual Loops": 1, "Output": ["c.id", "c.postid", "c.score", "c.creationdate", "c.userid"], "Filter": "(c.score = 2)", "Rows Removed by Filter": 165943}, {"Node Type": "Index Only Scan", "Parent Relationship": "Inner", "Parallel Aware": false, "Scan Direction": "Forward", "Index Name": "idx_badges_userid", "Relation Name": "badges", "Schema": "public", "Alias": "b", "Startup Cost": 0.29, "Total Cost": 0.45, "Plan Rows": 4, "Plan Width": 4, "Actual Startup Time": 0.002, "Actual Total Time": 0.012, "Actual Rows": 159, "Actual Loops": 8362, "Output": ["b.userid"], "Index Cond": "(b.userid = c.userid)", "Rows Removed by Index Recheck": 0, "Heap Fetches": 0}]}]}]}]}, "Planning Time": 74.033, "Triggers": [], "Execution Time": 1002.047}]
q74#####[{"Plan": {"Node Type": "Aggregate", "Strategy": "Plain", "Partial Mode": "Simple", "Parallel Aware": false, "Startup Cost": 78139.05, "Total Cost": 78139.06, "Plan Rows": 1, "Plan Width": 8, "Actual Startup Time": 106.597, "Actual Total Time": 106.6, "Actual Rows": 1, "Actual Loops": 1, "Output": ["count(*)"], "Plans": [{"Node Type": "Merge Join", "Parent Relationship": "Outer", "Parallel Aware": false, "Join Type": "Inner", "Startup Cost": 4049.48, "Total Cost": 74048.12, "Plan Rows": 1636372, "Plan Width": 0, "Actual Startup Time": 23.79, "Actual Total Time": 96.805, "Actual Rows": 275377, "Actual Loops": 1, "Inner Unique": false, "Merge Cond": "(c.userid = u.id)", "Plans": [{"Node Type": "Index Only Scan", "Parent Relationship": "Outer", "Parallel Aware": false, "Scan Direction": "Forward", "Index Name": "idx_comments_userid", "Relation Name": "comments", "Schema": "public", "Alias": "c", "Startup Cost": 0.29, "Total Cost": 1285.21, "Plan Rows": 61128, "Plan Width": 4, "Actual Startup Time": 0.009, "Actual Total Time": 15.081, "Actual Rows": 60025, "Actual Loops": 1, "Output": ["c.userid"], "Heap Fetches": 0}, {"Node Type": "Materialize", "Parent Relationship": "Inner", "Parallel Aware": false, "Startup Cost": 4028.25, "Total Cost": 9024.99, "Plan Rows": 1018360, "Plan Width": 8, "Actual Startup Time": 23.482, "Actual Total Time": 55.534, "Actual Rows": 276309, "Actual Loops": 1, "Output": ["u.id", "v.userid"], "Plans": [{"Node Type": "Merge Join", "Parent Relationship": "Outer", "Parallel Aware": false, "Join Type": "Inner", "Startup Cost": 4028.25, "Total Cost": 6479.09, "Plan Rows": 1018360, "Plan Width": 8, "Actual Startup Time": 23.478, "Actual Total Time": 46.595, "Actual Rows": 3087, "Actual Loops": 1, "Output": ["u.id", "v.userid"], "Inner Unique": false, "Merge Cond": "(u.id = v.userid)", "Plans": [{"Node Type": "Index Scan", "Parent Relationship": "Outer", "Parallel Aware": false, "Scan Direction": "Forward", "Index Name": "users_pkey", "Relation Name": "users", "Schema": "public", "Alias": "u", "Startup Cost": 0.29, "Total Cost": 906.6, "Plan Rows": 12540, "Plan Width": 4, "Actual Startup Time": 0.065, "Actual Total Time": 14.217, "Actual Rows": 12524, "Actual Loops": 1, "Output": ["u.id", "u.reputation", "u.creationdate", "u.views", "u.upvotes", "u.downvotes"], "Filter": "((u.creationdate <= 1404909430) AND (u.creationdate >= 1279541508))", "Rows Removed by Filter": 1592}, {"Node Type": "Index Scan", "Parent Relationship": "Inner", "Parallel Aware": false, "Scan Direction": "Forward", "Index Name": "idx_votes_userid", "Relation Name": "votes", "Schema": "public", "Alias": "v", "Startup Cost": 0.29, "Total Cost": 4239.1, "Plan Rows": 114635, "Plan Width": 4, "Actual Startup Time": 0.011, "Actual Total Time": 25.486, "Actual Rows": 114570, "Actual Loops": 1, "Output": ["v.id", "v.postid", "v.votetypeid", "v.creationdate", "v.userid", "v.bountyamount"], "Filter": "(v.creationdate <= 1410364800)", "Rows Removed by Filter": 120}]}]}]}]}, "Planning Time": 71.557, "Triggers": [], "Execution Time": 106.722}]
q48#####[{"Plan": {"Node Type": "Aggregate", "Strategy": "Plain", "Partial Mode": "Simple", "Parallel Aware": false, "Startup Cost": 2445.99, "Total Cost": 2446.0, "Plan Rows": 1, "Plan Width": 8, "Actual Startup Time": 42.453, "Actual Total Time": 42.457, "Actual Rows": 1, "Actual Loops": 1, "Output": ["count(*)"], "Plans": [{"Node Type": "Nested Loop", "Parent Relationship": "Outer", "Parallel Aware": false, "Join Type": "Inner", "Startup Cost": 1070.83, "Total Cost": 2427.34, "Plan Rows": 7460, "Plan Width": 0, "Actual Startup Time": 15.371, "Actual Total Time": 42.183, "Actual Rows": 3223, "Actual Loops": 1, "Inner Unique": false, "Join Filter": "(p.id = c.postid)", "Rows Removed by Join Filter": 0, "Plans": [{"Node Type": "Nested Loop", "Parent Relationship": "Outer", "Parallel Aware": false, "Join Type": "Inner", "Startup Cost": 1070.54, "Total Cost": 1530.57, "Plan Rows": 2385, "Plan Width": 16, "Actual Startup Time": 15.348, "Actual Total Time": 35.993, "Actual Rows": 1526, "Actual Loops": 1, "Output": ["ph.postid", "pl.postid", "p.id", "v.postid"], "Inner Unique": false, "Join Filter": "(p.id = v.postid)", "Rows Removed by Join Filter": 0, "Plans": [{"Node Type": "Nested Loop", "Parent Relationship": "Outer", "Parallel Aware": false, "Join Type": "Inner", "Startup Cost": 1070.24, "Total Cost": 1224.69, "Plan Rows": 706, "Plan Width": 12, "Actual Startup Time": 14.526, "Actual Total Time": 19.247, "Actual Rows": 647, "Actual Loops": 1, "Output": ["ph.postid", "pl.postid", "p.id"], "Inner Unique": false, "Plans": [{"Node Type": "Hash Join", "Parent Relationship": "Outer", "Parallel Aware": false, "Join Type": "Inner", "Startup Cost": 1069.95, "Total Cost": 1165.94, "Plan Rows": 40, "Plan Width": 8, "Actual Startup Time": 14.471, "Actual Total Time": 16.257, "Actual Rows": 278, "Actual Loops": 1, "Output": ["pl.postid", "p.id"], "Inner Unique": true, "Hash Cond": "(pl.postid = p.id)", "Plans": [{"Node Type": "Seq Scan", "Parent Relationship": "Outer", "Parallel Aware": false, "Relation Name": "postlinks", "Schema": "public", "Alias": "pl", "Startup Cost": 0.0, "Total Cost": 87.14, "Plan Rows": 3370, "Plan Width": 4, "Actual Startup Time": 0.035, "Actual Total Time": 0.969, "Actual Rows": 3448, "Actual Loops": 1, "Output": ["pl.id", "pl.creationdate", "pl.postid", "pl.relatedpostid", "pl.linktypeid"], "Filter": "((pl.creationdate <= 1407749191) AND (pl.linktypeid = 1))", "Rows Removed by Filter": 428}, {"Node Type": "Hash", "Parent Relationship": "Inner", "Parallel Aware": false, "Startup Cost": 1021.8, "Total Cost": 1021.8, "Plan Rows": 3852, "Plan Width": 4, "Actual Startup Time": 14.37, "Actual Total Time": 14.371, "Actual Rows": 3914, "Actual Loops": 1, "Output": ["p.id"], "Hash Buckets": 4096, "Original Hash Buckets": 4096, "Hash Batches": 1, "Original Hash Batches": 1, "Peak Memory Usage": 170, "Plans": [{"Node Type": "Seq Scan", "Parent Relationship": "Outer", "Parallel Aware": false, "Relation Name": "posts", "Schema": "public", "Alias": "p", "Startup Cost": 0.0, "Total Cost": 1021.8, "Plan Rows": 3852, "Plan Width": 4, "Actual Startup Time": 0.012, "Actual Total Time": 13.263, "Actual Rows": 3914, "Actual Loops": 1, "Output": ["p.id"], "Filter": "((p.creationdate <= 1409716356) AND (p.creationdate >= 1281506036) AND (p.favoritecount <= 3) AND (p.favoritecount >= 0) AND (p.score <= 44))", "Rows Removed by Filter": 28166}]}]}, {"Node Type": "Index Scan", "Parent Relationship": "Inner", "Parallel Aware": false, "Scan Direction": "Forward", "Index Name": "idx_posthistory_postid", "Relation Name": "posthistory", "Schema": "public", "Alias": "ph", "Startup Cost": 0.29, "Total Cost": 1.45, "Plan Rows": 2, "Plan Width": 4, "Actual Startup Time": 0.006, "Actual Total Time": 0.01, "Actual Rows": 2, "Actual Loops": 278, "Output": ["ph.id", "ph.posthistorytypeid", "ph.postid", "ph.creationdate", "ph.userid"], "Index Cond": "(ph.postid = p.id)", "Rows Removed by Index Recheck": 0, "Filter": "(ph.creationdate >= 1284981105)", "Rows Removed by Filter": 0}]}, {"Node Type": "Index Scan", "Parent Relationship": "Inner", "Parallel Aware": false, "Scan Direction": "Forward", "Index Name": "idx_votes_postid", "Relation Name": "votes", "Schema": "public", "Alias": "v", "Startup Cost": 0.29, "Total Cost": 0.4, "Plan Rows": 3, "Plan Width": 4, "Actual Startup Time": 0.022, "Actual Total Time": 0.025, "Actual Rows": 2, "Actual Loops": 647, "Output": ["v.id", "v.postid", "v.votetypeid", "v.creationdate", "v.userid", "v.bountyamount"], "Index Cond": "(v.postid = ph.postid)", "Rows Removed by Index Recheck": 0, "Filter": "(v.creationdate <= 1410364800)", "Rows Removed by Filter": 0}]}, {"Node Type": "Index Scan", "Parent Relationship": "Inner", "Parallel Aware": false, "Scan Direction": "Forward", "Index Name": "idx_comments_postid", "Relation Name": "comments", "Schema": "public", "Alias": "c", "Startup Cost": 0.29, "Total Cost": 0.35, "Plan Rows": 2, "Plan Width": 4, "Actual Startup Time": 0.002, "Actual Total Time": 0.003, "Actual Rows": 2, "Actual Loops": 1526, "Output": ["c.id", "c.postid", "c.score", "c.creationdate", "c.userid"], "Index Cond": "(c.postid = v.postid)", "Rows Removed by Index Recheck": 0, "Filter": "(c.creationdate >= 1280635961)", "Rows Removed by Filter": 0}]}]}, "Planning Time": 129.256, "Triggers": [], "Execution Time": 42.632}]
q7#####[{"Plan": {"Node Type": "Aggregate", "Strategy": "Plain", "Partial Mode": "Simple", "Parallel Aware": false, "Startup Cost": 8602.65, "Total Cost": 8602.66, "Plan Rows": 1, "Plan Width": 8, "Actual Startup Time": 72.901, "Actual Total Time": 72.904, "Actual Rows": 1, "Actual Loops": 1, "Output": ["count(*)"], "Plans": [{"Node Type": "Hash Join", "Parent Relationship": "Outer", "Parallel Aware": false, "Join Type": "Inner", "Startup Cost": 1182.71, "Total Cost": 8233.0, "Plan Rows": 147860, "Plan Width": 0, "Actual Startup Time": 14.038, "Actual Total Time": 71.511, "Actual Rows": 36573, "Actual Loops": 1, "Inner Unique": true, "Hash Cond": "(c.postid = p.id)", "Plans": [{"Node Type": "Merge Join", "Parent Relationship": "Outer", "Parallel Aware": false, "Join Type": "Inner", "Startup Cost": 0.61, "Total Cost": 6662.61, "Plan Rows": 147897, "Plan Width": 8, "Actual Startup Time": 0.041, "Actual Total Time": 47.549, "Actual Rows": 93092, "Actual Loops": 1, "Output": ["c.postid", "ph.postid"], "Inner Unique": false, "Merge Cond": "(c.postid = ph.postid)", "Plans": [{"Node Type": "Index Only Scan", "Parent Relationship": "Outer", "Parallel Aware": false, "Scan Direction": "Forward", "Index Name": "idx_comments_postid", "Relation Name": "comments", "Schema": "public", "Alias": "c", "Startup Cost": 0.29, "Total Cost": 1525.21, "Plan Rows": 61128, "Plan Width": 4, "Actual Startup Time": 0.018, "Actual Total Time": 4.965, "Actual Rows": 61128, "Actual Loops": 1, "Output": ["c.postid"], "Heap Fetches": 0}, {"Node Type": "Materialize", "Parent Relationship": "Inner", "Parallel Aware": false, "Startup Cost": 0.29, "Total Cost": 3031.95, "Plan Rows": 106266, "Plan Width": 4, "Actual Startup Time": 0.018, "Actual Total Time": 24.011, "Actual Rows": 156183, "Actual Loops": 1, "Output": ["ph.postid"], "Plans": [{"Node Type": "Index Only Scan", "Parent Relationship": "Outer", "Parallel Aware": false, "Scan Direction": "Forward", "Index Name": "idx_posthistory_postid", "Relation Name": "posthistory", "Schema": "public", "Alias": "ph", "Startup Cost": 0.29, "Total Cost": 2766.28, "Plan Rows": 106266, "Plan Width": 4, "Actual Startup Time": 0.016, "Actual Total Time": 9.426, "Actual Rows": 106265, "Actual Loops": 1, "Output": ["ph.postid"], "Heap Fetches": 0}]}]}, {"Node Type": "Hash", "Parent Relationship": "Inner", "Parallel Aware": false, "Startup Cost": 781.2, "Total Cost": 781.2, "Plan Rows": 32072, "Plan Width": 4, "Actual Startup Time": 13.936, "Actual Total Time": 13.937, "Actual Rows": 32073, "Actual Loops": 1, "Output": ["p.id"], "Hash Buckets": 32768, "Original Hash Buckets": 32768, "Hash Batches": 1, "Original Hash Batches": 1, "Peak Memory Usage": 1384, "Plans": [{"Node Type": "Seq Scan", "Parent Relationship": "Outer", "Parallel Aware": false, "Relation Name": "posts", "Schema": "public", "Alias": "p", "Startup Cost": 0.0, "Total Cost": 781.2, "Plan Rows": 32072, "Plan Width": 4, "Actual Startup Time": 0.018, "Actual Total Time": 7.89, "Actual Rows": 32073, "Actual Loops": 1, "Output": ["p.id"], "Filter": "((p.commentcount <= 25) AND (p.commentcount >= 0))", "Rows Removed by Filter": 7}]}]}]}, "Planning Time": 58.316, "Triggers": [], "Execution Time": 73.024}]
q6#####[{"Plan": {"Node Type": "Aggregate", "Strategy": "Plain", "Partial Mode": "Simple", "Parallel Aware": false, "Startup Cost": 250962.06, "Total Cost": 250962.07, "Plan Rows": 1, "Plan Width": 8, "Actual Startup Time": 599.606, "Actual Total Time": 599.609, "Actual Rows": 1, "Actual Loops": 1, "Output": ["count(*)"], "Plans": [{"Node Type": "Nested Loop", "Parent Relationship": "Outer", "Parallel Aware": false, "Join Type": "Inner", "Startup Cost": 484.85, "Total Cost": 157108.56, "Plan Rows": 37541398, "Plan Width": 0, "Actual Startup Time": 10.064, "Actual Total Time": 577.252, "Actual Rows": 601390, "Actual Loops": 1, "Inner Unique": false, "Plans": [{"Node Type": "Nested Loop", "Parent Relationship": "Outer", "Parallel Aware": false, "Join Type": "Inner", "Startup Cost": 484.56, "Total Cost": 7069.11, "Plan Rows": 236505, "Plan Width": 16, "Actual Startup Time": 9.669, "Actual Total Time": 42.184, "Actual Rows": 13995, "Actual Loops": 1, "Output": ["c.userid", "p.owneruserid", "u.id", "v.userid"], "Inner Unique": false, "Plans": [{"Node Type": "Nested Loop", "Parent Relationship": "Outer", "Parallel Aware": false, "Join Type": "Inner", "Startup Cost": 484.27, "Total Cost": 3657.68, "Plan Rows": 8595, "Plan Width": 12, "Actual Startup Time": 8.757, "Actual Total Time": 19.848, "Actual Rows": 1131, "Actual Loops": 1, "Output": ["c.userid", "u.id", "v.userid"], "Inner Unique": false, "Plans": [{"Node Type": "Hash Join", "Parent Relationship": "Outer", "Parallel Aware": false, "Join Type": "Inner", "Startup Cost": 483.98, "Total Cost": 3340.78, "Plan Rows": 535, "Plan Width": 8, "Actual Startup Time": 8.709, "Actual Total Time": 19.271, "Actual Rows": 125, "Actual Loops": 1, "Output": ["u.id", "v.userid"], "Inner Unique": true, "Hash Cond": "(v.userid = u.id)", "Plans": [{"Node Type": "Seq Scan", "Parent Relationship": "Outer", "Parallel Aware": false, "Relation Name": "votes", "Schema": "public", "Alias": "v", "Startup Cost": 0.0, "Total Cost": 2855.33, "Plan Rows": 561, "Plan Width": 4, "Actual Startup Time": 0.047, "Actual Total Time": 10.451, "Actual Rows": 594, "Actual Loops": 1, "Output": ["v.id", "v.postid", "v.votetypeid", "v.creationdate", "v.userid", "v.bountyamount"], "Filter": "((v.bountyamount <= 100) AND (v.bountyamount >= 0) AND (v.creationdate >= 1280073600))", "Rows Removed by Filter": 114282}, {"Node Type": "Hash", "Parent Relationship": "Inner", "Parallel Aware": false, "Startup Cost": 315.74, "Total Cost": 315.74, "Plan Rows": 13459, "Plan Width": 4, "Actual Startup Time": 8.584, "Actual Total Time": 8.585, "Actual Rows": 13459, "Actual Loops": 1, "Output": ["u.id"], "Hash Buckets": 16384, "Original Hash Buckets": 16384, "Hash Batches": 1, "Original Hash Batches": 1, "Peak Memory Usage": 602, "Plans": [{"Node Type": "Seq Scan", "Parent Relationship": "Outer", "Parallel Aware": false, "Relation Name": "users", "Schema": "public", "Alias": "u", "Startup Cost": 0.0, "Total Cost": 315.74, "Plan Rows": 13459, "Plan Width": 4, "Actual Startup Time": 0.018, "Actual Total Time": 4.781, "Actual Rows": 13459, "Actual Loops": 1, "Output": ["u.id"], "Filter": "((u.views <= 13) AND (u.views >= 0))", "Rows Removed by Filter": 657}]}]}, {"Node Type": "Index Only Scan", "Parent Relationship": "Inner", "Parallel Aware": false, "Scan Direction": "Forward", "Index Name": "idx_comments_userid", "Relation Name": "comments", "Schema": "public", "Alias": "c", "Startup Cost": 0.29, "Total Cost": 0.49, "Plan Rows": 10, "Plan Width": 4, "Actual Startup Time": 0.003, "Actual Total Time": 0.003, "Actual Rows": 9, "Actual Loops": 125, "Output": ["c.userid"], "Index Cond": "(c.userid = u.id)", "Rows Removed by Index Recheck": 0, "Heap Fetches": 0}]}, {"Node Type": "Index Scan", "Parent Relationship": "Inner", "Parallel Aware": false, "Scan Direction": "Forward", "Index Name": "idx_posts_owneruserid", "Relation Name": "posts", "Schema": "public", "Alias": "p", "Startup Cost": 0.29, "Total Cost": 0.39, "Plan Rows": 1, "Plan Width": 4, "Actual Startup Time": 0.007, "Actual Total Time": 0.018, "Actual Rows": 12, "Actual Loops": 1131, "Output": ["p.id", "p.posttypeid", "p.creationdate", "p.score", "p.viewcount", "p.owneruserid", "p.answercount", "p.commentcount", "p.favoritecount", "p.lasteditoruserid"], "Index Cond": "(p.owneruserid = c.userid)", "Rows Removed by Index Recheck": 0, "Filter": "((p.answercount <= 5) AND (p.answercount >= 0) AND (p.viewcount >= 0))", "Rows Removed by Filter": 30}]}, {"Node Type": "Index Scan", "Parent Relationship": "Inner", "Parallel Aware": false, "Scan Direction": "Forward", "Index Name": "idx_posthistory_userid", "Relation Name": "posthistory", "Schema": "public", "Alias": "ph", "Startup Cost": 0.29, "Total Cost": 0.6, "Plan Rows": 3, "Plan Width": 4, "Actual Startup Time": 0.003, "Actual Total Time": 0.036, "Actual Rows": 43, "Actual Loops": 13995, "Output": ["ph.id", "ph.posthistorytypeid", "ph.postid", "ph.creationdate", "ph.userid"], "Index Cond": "(ph.userid = c.userid)", "Rows Removed by Index Recheck": 0, "Filter": "((ph.creationdate <= 1410218052) AND (ph.creationdate >= 1288891539) AND (ph.posthistorytypeid = 2))", "Rows Removed by Filter": 82}]}]}, "Planning Time": 133.543, "Triggers": [], "Execution Time": 599.805}]
q49#####[{"Plan": {"Node Type": "Aggregate", "Strategy": "Plain", "Partial Mode": "Simple", "Parallel Aware": false, "Startup Cost": 20977.82, "Total Cost": 20977.83, "Plan Rows": 1, "Plan Width": 8, "Actual Startup Time": 68.568, "Actual Total Time": 68.572, "Actual Rows": 1, "Actual Loops": 1, "Output": ["count(*)"], "Plans": [{"Node Type": "Nested Loop", "Parent Relationship": "Outer", "Parallel Aware": false, "Join Type": "Inner", "Startup Cost": 591.93, "Total Cost": 10932.89, "Plan Rows": 4017974, "Plan Width": 0, "Actual Startup Time": 5.037, "Actual Total Time": 60.906, "Actual Rows": 145041, "Actual Loops": 1, "Inner Unique": false, "Plans": [{"Node Type": "Hash Join", "Parent Relationship": "Outer", "Parallel Aware": false, "Join Type": "Inner", "Startup Cost": 591.64, "Total Cost": 6685.2, "Plan Rows": 7346, "Plan Width": 12, "Actual Startup Time": 5.006, "Actual Total Time": 31.934, "Actual Rows": 1092, "Actual Loops": 1, "Output": ["c.userid", "u.id", "v.userid"], "Inner Unique": true, "Hash Cond": "(c.userid = u.id)", "Plans": [{"Node Type": "Nested Loop", "Parent Relationship": "Outer", "Parallel Aware": false, "Join Type": "Inner", "Startup Cost": 0.29, "Total Cost": 3562.33, "Plan Rows": 964100, "Plan Width": 8, "Actual Startup Time": 0.061, "Actual Total Time": 23.075, "Actual Rows": 47106, "Actual Loops": 1, "Output": ["c.userid", "v.userid"], "Inner Unique": false, "Plans": [{"Node Type": "Seq Scan", "Parent Relationship": "Outer", "Parallel Aware": false, "Relation Name": "votes", "Schema": "public", "Alias": "v", "Startup Cost": 0.0, "Total Cost": 2855.33, "Plan Rows": 600, "Plan Width": 4, "Actual Startup Time": 0.023, "Actual Total Time": 13.435, "Actual Rows": 316, "Actual Loops": 1, "Output": ["v.id", "v.postid", "v.votetypeid", "v.creationdate", "v.userid", "v.bountyamount"], "Filter": "((v.bountyamount >= 0) AND (v.creationdate <= 1410105600) AND (v.creationdate >= 1280073600))", "Rows Removed by Filter": 114560}, {"Node Type": "Index Only Scan", "Parent Relationship": "Inner", "Parallel Aware": false, "Scan Direction": "Forward", "Index Name": "idx_comments_userid", "Relation Name": "comments", "Schema": "public", "Alias": "c", "Startup Cost": 0.29, "Total Cost": 1.08, "Plan Rows": 10, "Plan Width": 4, "Actual Startup Time": 0.003, "Actual Total Time": 0.017, "Actual Rows": 149, "Actual Loops": 316, "Output": ["c.userid"], "Index Cond": "(c.userid = v.userid)", "Rows Removed by Index Recheck": 0, "Heap Fetches": 0}]}, {"Node Type": "Hash", "Parent Relationship": "Inner", "Parallel Aware": false, "Startup Cost": 456.9, "Total Cost": 456.9, "Plan Rows": 10756, "Plan Width": 4, "Actual Startup Time": 4.914, "Actual Total Time": 4.915, "Actual Rows": 11034, "Actual Loops": 1, "Output": ["u.id"], "Hash Buckets": 16384, "Original Hash Buckets": 16384, "Hash Batches": 1, "Original Hash Batches": 1, "Peak Memory Usage": 516, "Plans": [{"Node Type": "Seq Scan", "Parent Relationship": "Outer", "Parallel Aware": false, "Relation Name": "users", "Schema": "public", "Alias": "u", "Startup Cost": 0.0, "Total Cost": 456.9, "Plan Rows": 10756, "Plan Width": 4, "Actual Startup Time": 0.01, "Actual Total Time": 3.172, "Actual Rows": 11034, "Actual Loops": 1, "Output": ["u.id"], "Filter": "((u.creationdate <= 1407965370) AND (u.creationdate >= 1280316551) AND (u.reputation >= 1) AND (u.views <= 110) AND (u.views >= 0) AND (u.upvotes = 0))", "Rows Removed by Filter": 3082}]}]}, {"Node Type": "Index Only Scan", "Parent Relationship": "Inner", "Parallel Aware": false, "Scan Direction": "Forward", "Index Name": "idx_posthistory_userid", "Relation Name": "posthistory", "Schema": "public", "Alias": "ph", "Startup Cost": 0.29, "Total Cost": 0.48, "Plan Rows": 10, "Plan Width": 4, "Actual Startup Time": 0.003, "Actual Total Time": 0.016, "Actual Rows": 133, "Actual Loops": 1092, "Output": ["ph.userid"], "Index Cond": "(ph.userid = c.userid)", "Rows Removed by Index Recheck": 0, "Heap Fetches": 0}]}]}, "Planning Time": 89.508, "Triggers": [], "Execution Time": 68.667}]
q75#####[{"Plan": {"Node Type": "Aggregate", "Strategy": "Plain", "Partial Mode": "Simple", "Parallel Aware": false, "Startup Cost": 26328.87, "Total Cost": 26328.88, "Plan Rows": 1, "Plan Width": 8, "Actual Startup Time": 95.279, "Actual Total Time": 95.287, "Actual Rows": 1, "Actual Loops": 1, "Output": ["count(*)"], "Plans": [{"Node Type": "Hash Join", "Parent Relationship": "Outer", "Parallel Aware": false, "Join Type": "Inner", "Startup Cost": 8150.27, "Total Cost": 24763.44, "Plan Rows": 626173, "Plan Width": 0, "Actual Startup Time": 76.693, "Actual Total Time": 94.333, "Actual Rows": 18279, "Actual Loops": 1, "Inner Unique": false, "Hash Cond": "(p.owneruserid = b.userid)", "Plans": [{"Node Type": "Hash Join", "Parent Relationship": "Outer", "Parallel Aware": false, "Join Type": "Inner", "Startup Cost": 6764.34, "Total Cost": 8701.84, "Plan Rows": 57530, "Plan Width": 4, "Actual Startup Time": 61.648, "Actual Total Time": 76.168, "Actual Rows": 11298, "Actual Loops": 1, "Output": ["p.owneruserid"], "Inner Unique": false, "Hash Cond": "(c.postid = p.id)", "Plans": [{"Node Type": "Seq Scan", "Parent Relationship": "Outer", "Parallel Aware": false, "Relation Name": "comments", "Schema": "public", "Alias": "c", "Startup Cost": 0.0, "Total Cost": 1061.28, "Plan Rows": 61128, "Plan Width": 4, "Actual Startup Time": 0.015, "Actual Total Time": 4.653, "Actual Rows": 61128, "Actual Loops": 1, "Output": ["c.id", "c.postid", "c.score", "c.creationdate", "c.userid"]}, {"Node Type": "Hash", "Parent Relationship": "Inner", "Parallel Aware": false, "Startup Cost": 6390.04, "Total Cost": 6390.04, "Plan Rows": 29944, "Plan Width": 16, "Actual Startup Time": 61.458, "Actual Total Time": 61.462, "Actual Rows": 9982, "Actual Loops": 1, "Output": ["ph.postid", "p.owneruserid", "p.id", "v.postid"], "Hash Buckets": 32768, "Original Hash Buckets": 32768, "Hash Batches": 1, "Original Hash Batches": 1, "Peak Memory Usage": 724, "Plans": [{"Node Type": "Hash Join", "Parent Relationship": "Outer", "Parallel Aware": false, "Join Type": "Inner", "Startup Cost": 3468.71, "Total Cost": 6390.04, "Plan Rows": 29944, "Plan Width": 16, "Actual Startup Time": 30.283, "Actual Total Time": 58.934, "Actual Rows": 9982, "Actual Loops": 1, "Output": ["ph.postid", "p.owneruserid", "p.id", "v.postid"], "Inner Unique": false, "Hash Cond": "(v.postid = p.id)", "Plans": [{"Node Type": "Seq Scan", "Parent Relationship": "Outer", "Parallel Aware": false, "Relation Name": "votes", "Schema": "public", "Alias": "v", "Startup Cost": 0.0, "Total Cost": 2280.95, "Plan Rows": 90917, "Plan Width": 4, "Actual Startup Time": 0.007, "Actual Total Time": 17.154, "Actual Rows": 90874, "Actual Loops": 1, "Output": ["v.id", "v.postid", "v.votetypeid", "v.creationdate", "v.userid", "v.bountyamount"], "Filter": "(v.votetypeid = 2)", "Rows Removed by Filter": 24002}, {"Node Type": "Hash", "Parent Relationship": "Inner", "Parallel Aware": false, "Startup Cost": 3329.0, "Total Cost": 3329.0, "Plan Rows": 11177, "Plan Width": 12, "Actual Startup Time": 30.196, "Actual Total Time": 30.199, "Actual Rows": 8153, "Actual Loops": 1, "Output": ["ph.postid", "p.owneruserid", "p.id"], "Hash Buckets": 16384, "Original Hash Buckets": 16384, "Hash Batches": 1, "Original Hash Batches": 1, "Peak Memory Usage": 479, "Plans": [{"Node Type": "Hash Join", "Parent Relationship": "Outer", "Parallel Aware": false, "Join Type": "Inner", "Startup Cost": 1135.67, "Total Cost": 3329.0, "Plan Rows": 11177, "Plan Width": 12, "Actual Startup Time": 9.509, "Actual Total Time": 28.266, "Actual Rows": 8153, "Actual Loops": 1, "Output": ["ph.postid", "p.owneruserid", "p.id"], "Inner Unique": true, "Hash Cond": "(ph.postid = p.id)", "Plans": [{"Node Type": "Seq Scan", "Parent Relationship": "Outer", "Parallel Aware": false, "Relation Name": "posthistory", "Schema": "public", "Alias": "ph", "Startup Cost": 0.0, "Total Cost": 2110.32, "Plan Rows": 31614, "Plan Width": 4, "Actual Startup Time": 0.01, "Actual Total Time": 12.786, "Actual Rows": 31703, "Actual Loops": 1, "Output": ["ph.id", "ph.posthistorytypeid", "ph.postid", "ph.creationdate", "ph.userid"], "Filter": "(ph.posthistorytypeid = 2)", "Rows Removed by Filter": 74563}, {"Node Type": "Hash", "Parent Relationship": "Inner", "Parallel Aware": false, "Startup Cost": 941.6, "Total Cost": 941.6, "Plan Rows": 15526, "Plan Width": 8, "Actual Startup Time": 9.414, "Actual Total Time": 9.416, "Actual Rows": 15598, "Actual Loops": 1, "Output": ["p.owneruserid", "p.id"], "Hash Buckets": 16384, "Original Hash Buckets": 16384, "Hash Batches": 1, "Original Hash Batches": 1, "Peak Memory Usage": 738, "Plans": [{"Node Type": "Seq Scan", "Parent Relationship": "Outer", "Parallel Aware": false, "Relation Name": "posts", "Schema": "public", "Alias": "p", "Startup Cost": 0.0, "Total Cost": 941.6, "Plan Rows": 15526, "Plan Width": 8, "Actual Startup Time": 0.006, "Actual Total Time": 6.671, "Actual Rows": 15598, "Actual Loops": 1, "Output": ["p.owneruserid", "p.id"], "Filter": "((p.commentcount <= 12) AND (p.commentcount >= 0) AND (p.viewcount <= 4159) AND (p.posttypeid = 1))", "Rows Removed by Filter": 16482}]}]}]}]}]}]}, {"Node Type": "Hash", "Parent Relationship": "Inner", "Parallel Aware": false, "Startup Cost": 1057.42, "Total Cost": 1057.42, "Plan Rows": 26281, "Plan Width": 8, "Actual Startup Time": 14.895, "Actual Total Time": 14.897, "Actual Rows": 7479, "Actual Loops": 1, "Output": ["b.userid", "u.id"], "Hash Buckets": 32768, "Original Hash Buckets": 32768, "Hash Batches": 1, "Original Hash Batches": 1, "Peak Memory Usage": 549, "Plans": [{"Node Type": "Hash Join", "Parent Relationship": "Outer", "Parallel Aware": false, "Join Type": "Inner", "Startup Cost": 551.97, "Total Cost": 1057.42, "Plan Rows": 26281, "Plan Width": 8, "Actual Startup Time": 5.341, "Actual Total Time": 13.301, "Actual Rows": 7479, "Actual Loops": 1, "Output": ["b.userid", "u.id"], "Inner Unique": true, "Hash Cond": "(b.userid = u.id)", "Plans": [{"Node Type": "Seq Scan", "Parent Relationship": "Outer", "Parallel Aware": false, "Relation Name": "badges", "Schema": "public", "Alias": "b", "Startup Cost": 0.0, "Total Cost": 431.94, "Plan Rows": 27994, "Plan Width": 4, "Actual Startup Time": 0.022, "Actual Total Time": 2.224, "Actual Rows": 27994, "Actual Loops": 1, "Output": ["b.id", "b.userid", "b.date"]}, {"Node Type": "Hash", "Parent Relationship": "Inner", "Parallel Aware": false, "Startup Cost": 386.32, "Total Cost": 386.32, "Plan Rows": 13252, "Plan Width": 4, "Actual Startup Time": 5.234, "Actual Total Time": 5.235, "Actual Rows": 13450, "Actual Loops": 1, "Output": ["u.id"], "Hash Buckets": 16384, "Original Hash Buckets": 16384, "Hash Batches": 1, "Original Hash Batches": 1, "Peak Memory Usage": 601, "Plans": [{"Node Type": "Seq Scan", "Parent Relationship": "Outer", "Parallel Aware": false, "Relation Name": "users", "Schema": "public", "Alias": "u", "Startup Cost": 0.0, "Total Cost": 386.32, "Plan Rows": 13252, "Plan Width": 4, "Actual Startup Time": 0.014, "Actual Total Time": 3.032, "Actual Rows": 13450, "Actual Loops": 1, "Output": ["u.id"], "Filter": "((u.downvotes <= 1) AND (u.downvotes >= 0) AND (u.upvotes <= 6) AND (u.views <= 86))", "Rows Removed by Filter": 666}]}]}]}]}]}, "Planning Time": 191.468, "Triggers": [], "Execution Time": 95.389}]
q61#####[{"Plan": {"Node Type": "Aggregate", "Strategy": "Plain", "Partial Mode": "Simple", "Parallel Aware": false, "Startup Cost": 9379.85, "Total Cost": 9379.86, "Plan Rows": 1, "Plan Width": 8, "Actual Startup Time": 66.061, "Actual Total Time": 66.066, "Actual Rows": 1, "Actual Loops": 1, "Output": ["count(*)"], "Plans": [{"Node Type": "Hash Join", "Parent Relationship": "Outer", "Parallel Aware": false, "Join Type": "Inner", "Startup Cost": 7288.18, "Total Cost": 9206.89, "Plan Rows": 69182, "Plan Width": 0, "Actual Startup Time": 53.553, "Actual Total Time": 65.178, "Actual Rows": 27084, "Actual Loops": 1, "Inner Unique": false, "Hash Cond": "(c.postid = ph.postid)", "Plans": [{"Node Type": "Seq Scan", "Parent Relationship": "Outer", "Parallel Aware": false, "Relation Name": "comments", "Schema": "public", "Alias": "c", "Startup Cost": 0.0, "Total Cost": 1061.28, "Plan Rows": 61128, "Plan Width": 4, "Actual Startup Time": 0.021, "Actual Total Time": 3.222, "Actual Rows": 61128, "Actual Loops": 1, "Output": ["c.id", "c.postid", "c.score", "c.creationdate", "c.userid"]}, {"Node Type": "Hash", "Parent Relationship": "Inner", "Parallel Aware": false, "Startup Cost": 6998.48, "Total Cost": 6998.48, "Plan Rows": 23176, "Plan Width": 12, "Actual Startup Time": 53.483, "Actual Total Time": 53.487, "Actual Rows": 16877, "Actual Loops": 1, "Output": ["ph.postid", "pl.postid", "v.postid"], "Hash Buckets": 32768, "Original Hash Buckets": 32768, "Hash Batches": 1, "Original Hash Batches": 1, "Peak Memory Usage": 982, "Plans": [{"Node Type": "Hash Join", "Parent Relationship": "Outer", "Parallel Aware": false, "Join Type": "Inner", "Startup Cost": 4198.58, "Total Cost": 6998.48, "Plan Rows": 23176, "Plan Width": 12, "Actual Startup Time": 32.757, "Actual Total Time": 51.323, "Actual Rows": 16877, "Actual Loops": 1, "Output": ["ph.postid", "pl.postid", "v.postid"], "Inner Unique": false, "Hash Cond": "(v.postid = ph.postid)", "Plans": [{"Node Type": "Seq Scan", "Parent Relationship": "Outer", "Parallel Aware": false, "Relation Name": "votes", "Schema": "public", "Alias": "v", "Startup Cost": 0.0, "Total Cost": 1993.76, "Plan Rows": 114876, "Plan Width": 4, "Actual Startup Time": 0.005, "Actual Total Time": 6.004, "Actual Rows": 114876, "Actual Loops": 1, "Output": ["v.id", "v.postid", "v.votetypeid", "v.creationdate", "v.userid", "v.bountyamount"]}, {"Node Type": "Hash", "Parent Relationship": "Inner", "Parallel Aware": false, "Startup Cost": 4087.81, "Total Cost": 4087.81, "Plan Rows": 8862, "Plan Width": 8, "Actual Startup Time": 32.695, "Actual Total Time": 32.698, "Actual Rows": 8222, "Actual Loops": 1, "Output": ["ph.postid", "pl.postid"], "Hash Buckets": 16384, "Original Hash Buckets": 16384, "Hash Batches": 1, "Original Hash Batches": 1, "Peak Memory Usage": 450, "Plans": [{"Node Type": "Hash Join", "Parent Relationship": "Outer", "Parallel Aware": false, "Join Type": "Inner", "Startup Cost": 116.21, "Total Cost": 4087.81, "Plan Rows": 8862, "Plan Width": 8, "Actual Startup Time": 2.464, "Actual Total Time": 31.121, "Actual Rows": 8222, "Actual Loops": 1, "Output": ["ph.postid", "pl.postid"], "Inner Unique": false, "Hash Cond": "(ph.postid = pl.postid)", "Plans": [{"Node Type": "Seq Scan", "Parent Relationship": "Outer", "Parallel Aware": false, "Relation Name": "posthistory", "Schema": "public", "Alias": "ph", "Startup Cost": 0.0, "Total Cost": 2375.99, "Plan Rows": 100466, "Plan Width": 4, "Actual Startup Time": 0.011, "Actual Total Time": 17.579, "Actual Rows": 100493, "Actual Loops": 1, "Output": ["ph.id", "ph.posthistorytypeid", "ph.postid", "ph.creationdate", "ph.userid"], "Filter": "((ph.creationdate <= 1410326394) AND (ph.creationdate >= 1304776039))", "Rows Removed by Filter": 5773}, {"Node Type": "Hash", "Parent Relationship": "Inner", "Parallel Aware": false, "Startup Cost": 67.76, "Total Cost": 67.76, "Plan Rows": 3876, "Plan Width": 4, "Actual Startup Time": 2.422, "Actual Total Time": 2.423, "Actual Rows": 3876, "Actual Loops": 1, "Output": ["pl.postid"], "Hash Buckets": 4096, "Original Hash Buckets": 4096, "Hash Batches": 1, "Original Hash Batches": 1, "Peak Memory Usage": 169, "Plans": [{"Node Type": "Seq Scan", "Parent Relationship": "Outer", "Parallel Aware": false, "Relation Name": "postlinks", "Schema": "public", "Alias": "pl", "Startup Cost": 0.0, "Total Cost": 67.76, "Plan Rows": 3876, "Plan Width": 4, "Actual Startup Time": 0.011, "Actual Total Time": 1.123, "Actual Rows": 3876, "Actual Loops": 1, "Output": ["pl.postid"]}]}]}]}]}]}]}]}, "Planning Time": 97.735, "Triggers": [], "Execution Time": 66.204}]
q59#####[{"Plan": {"Node Type": "Aggregate", "Strategy": "Plain", "Partial Mode": "Simple", "Parallel Aware": false, "Startup Cost": 124741.32, "Total Cost": 124741.33, "Plan Rows": 1, "Plan Width": 8, "Actual Startup Time": 51.047, "Actual Total Time": 51.05, "Actual Rows": 1, "Actual Loops": 1, "Output": ["count(*)"], "Plans": [{"Node Type": "Hash Join", "Parent Relationship": "Outer", "Parallel Aware": false, "Join Type": "Inner", "Startup Cost": 421.9, "Total Cost": 123611.68, "Plan Rows": 451853, "Plan Width": 0, "Actual Startup Time": 5.9, "Actual Total Time": 49.929, "Actual Rows": 25891, "Actual Loops": 1, "Inner Unique": true, "Hash Cond": "(c.userid = u.id)", "Plans": [{"Node Type": "Nested Loop", "Parent Relationship": "Outer", "Parallel Aware": false, "Join Type": "Inner", "Startup Cost": 0.29, "Total Cost": 4543.05, "Plan Rows": 45185300, "Plan Width": 8, "Actual Startup Time": 0.06, "Actual Total Time": 38.542, "Actual Rows": 63494, "Actual Loops": 1, "Output": ["c.userid", "p.owneruserid"], "Inner Unique": false, "Plans": [{"Node Type": "Seq Scan", "Parent Relationship": "Outer", "Parallel Aware": false, "Relation Name": "posts", "Schema": "public", "Alias": "p", "Startup Cost": 0.0, "Total Cost": 1102.0, "Plan Rows": 2070, "Plan Width": 4, "Actual Startup Time": 0.024, "Actual Total Time": 5.062, "Actual Rows": 4069, "Actual Loops": 1, "Output": ["p.id", "p.posttypeid", "p.creationdate", "p.score", "p.viewcount", "p.owneruserid", "p.answercount", "p.commentcount", "p.favoritecount", "p.lasteditoruserid"], "Filter": "((p.commentcount <= 16) AND (p.commentcount >= 0) AND (p.favoritecount <= 10) AND (p.favoritecount >= 0) AND (p.viewcount <= 2897) AND (p.viewcount >= 0))", "Rows Removed by Filter": 28011}, {"Node Type": "Index Scan", "Parent Relationship": "Inner", "Parallel Aware": false, "Scan Direction": "Forward", "Index Name": "idx_comments_userid", "Relation Name": "comments", "Schema": "public", "Alias": "c", "Startup Cost": 0.29, "Total Cost": 1.56, "Plan Rows": 10, "Plan Width": 4, "Actual Startup Time": 0.001, "Actual Total Time": 0.007, "Actual Rows": 16, "Actual Loops": 4069, "Output": ["c.id", "c.postid", "c.score", "c.creationdate", "c.userid"], "Index Cond": "(c.userid = p.owneruserid)", "Rows Removed by Index Recheck": 0, "Filter": "((c.creationdate <= 1410166249) AND (c.creationdate >= 1280939762))", "Rows Removed by Filter": 0}]}, {"Node Type": "Hash", "Parent Relationship": "Inner", "Parallel Aware": false, "Startup Cost": 245.16, "Total Cost": 245.16, "Plan Rows": 14116, "Plan Width": 4, "Actual Startup Time": 5.052, "Actual Total Time": 5.052, "Actual Rows": 14116, "Actual Loops": 1, "Output": ["u.id"], "Hash Buckets": 16384, "Original Hash Buckets": 16384, "Hash Batches": 1, "Original Hash Batches": 1, "Peak Memory Usage": 625, "Plans": [{"Node Type": "Seq Scan", "Parent Relationship": "Outer", "Parallel Aware": false, "Relation Name": "users", "Schema": "public", "Alias": "u", "Startup Cost": 0.0, "Total Cost": 245.16, "Plan Rows": 14116, "Plan Width": 4, "Actual Startup Time": 0.012, "Actual Total Time": 2.288, "Actual Rows": 14116, "Actual Loops": 1, "Output": ["u.id"]}]}]}]}, "Planning Time": 53.792, "Triggers": [], "Execution Time": 51.194}]
q65#####[{"Plan": {"Node Type": "Aggregate", "Strategy": "Plain", "Partial Mode": "Simple", "Parallel Aware": false, "Startup Cost": 80391.47, "Total Cost": 80391.48, "Plan Rows": 1, "Plan Width": 8, "Actual Startup Time": 58477.328, "Actual Total Time": 58477.331, "Actual Rows": 1, "Actual Loops": 1, "Output": ["count(*)"], "Plans": [{"Node Type": "Merge Join", "Parent Relationship": "Outer", "Parallel Aware": false, "Join Type": "Inner", "Startup Cost": 1170.09, "Total Cost": 35642.8, "Plan Rows": 17899468, "Plan Width": 0, "Actual Startup Time": 64.749, "Actual Total Time": 44232.664, "Actual Rows": 414542380, "Actual Loops": 1, "Inner Unique": false, "Merge Cond": "(b.userid = c.userid)", "Plans": [{"Node Type": "Nested Loop", "Parent Relationship": "Outer", "Parallel Aware": false, "Join Type": "Inner", "Startup Cost": 1042.23, "Total Cost": 5690.0, "Plan Rows": 31332, "Plan Width": 12, "Actual Startup Time": 3.58, "Actual Total Time": 143.676, "Actual Rows": 849654, "Actual Loops": 1, "Output": ["b.userid", "ph.userid", "p.owneruserid"], "Inner Unique": false, "Plans": [{"Node Type": "Merge Join", "Parent Relationship": "Outer", "Parallel Aware": false, "Join Type": "Inner", "Startup Cost": 1041.93, "Total Cost": 2651.52, "Plan Rows": 5139, "Plan Width": 8, "Actual Startup Time": 3.565, "Actual Total Time": 17.882, "Actual Rows": 4158, "Actual Loops": 1, "Output": ["b.userid", "p.owneruserid"], "Inner Unique": false, "Merge Cond": "(b.userid = p.owneruserid)", "Plans": [{"Node Type": "Index Scan", "Parent Relationship": "Outer", "Parallel Aware": false, "Scan Direction": "Forward", "Index Name": "idx_badges_userid", "Relation Name": "badges", "Schema": "public", "Alias": "b", "Startup Cost": 0.29, "Total Cost": 1464.17, "Plan Rows": 27612, "Plan Width": 4, "Actual Startup Time": 0.014, "Actual Total Time": 12.183, "Actual Rows": 27555, "Actual Loops": 1, "Output": ["b.id", "b.userid", "b.date"], "Filter": "((b.date <= 1409996002) AND (b.date >= 1280224725))", "Rows Removed by Filter": 439}, {"Node Type": "Sort", "Parent Relationship": "Inner", "Parallel Aware": false, "Startup Cost": 1041.43, "Total Cost": 1042.54, "Plan Rows": 446, "Plan Width": 4, "Actual Startup Time": 3.495, "Actual Total Time": 3.827, "Actual Rows": 4323, "Actual Loops": 1, "Output": ["p.owneruserid"], "Sort Key": ["p.owneruserid"], "Sort Method": "quicksort", "Sort Space Used": 67, "Sort Space Type": "Memory", "Plans": [{"Node Type": "Seq Scan", "Parent Relationship": "Outer", "Parallel Aware": false, "Relation Name": "posts", "Schema": "public", "Alias": "p", "Startup Cost": 0.0, "Total Cost": 1021.8, "Plan Rows": 446, "Plan Width": 4, "Actual Startup Time": 0.014, "Actual Total Time": 3.368, "Actual Rows": 896, "Actual Loops": 1, "Output": ["p.owneruserid"], "Filter": "((p.commentcount <= 17) AND (p.favoritecount >= 0) AND (p.score <= 35) AND (p.answercount = 1) AND (p.posttypeid = 1))", "Rows Removed by Filter": 31184}]}]}, {"Node Type": "Index Only Scan", "Parent Relationship": "Inner", "Parallel Aware": false, "Scan Direction": "Forward", "Index Name": "idx_posthistory_userid", "Relation Name": "posthistory", "Schema": "public", "Alias": "ph", "Startup Cost": 0.29, "Total Cost": 0.49, "Plan Rows": 10, "Plan Width": 4, "Actual Startup Time": 0.001, "Actual Total Time": 0.015, "Actual Rows": 204, "Actual Loops": 4158, "Output": ["ph.userid"], "Index Cond": "(ph.userid = b.userid)", "Rows Removed by Index Recheck": 0, "Heap Fetches": 0}]}, {"Node Type": "Materialize", "Parent Relationship": "Inner", "Parallel Aware": false, "Startup Cost": 20.71, "Total Cost": 3171.92, "Plan Rows": 57945, "Plan Width": 8, "Actual Startup Time": 1.62, "Actual Total Time": 12465.673, "Actual Rows": 414550590, "Actual Loops": 1, "Output": ["c.userid", "u.id"], "Plans": [{"Node Type": "Merge Join", "Parent Relationship": "Outer", "Parallel Aware": false, "Join Type": "Inner", "Startup Cost": 20.71, "Total Cost": 3027.06, "Plan Rows": 57945, "Plan Width": 8, "Actual Startup Time": 1.618, "Actual Total Time": 14.608, "Actual Rows": 11595, "Actual Loops": 1, "Output": ["c.userid", "u.id"], "Inner Unique": true, "Merge Cond": "(c.userid = u.id)", "Plans": [{"Node Type": "Index Only Scan", "Parent Relationship": "Outer", "Parallel Aware": false, "Scan Direction": "Forward", "Index Name": "idx_comments_userid", "Relation Name": "comments", "Schema": "public", "Alias": "c", "Startup Cost": 0.29, "Total Cost": 1285.21, "Plan Rows": 61128, "Plan Width": 4, "Actual Startup Time": 0.006, "Actual Total Time": 4.183, "Actual Rows": 60895, "Actual Loops": 1, "Output": ["c.userid"], "Heap Fetches": 0}, {"Node Type": "Index Scan", "Parent Relationship": "Inner", "Parallel Aware": false, "Scan Direction": "Forward", "Index Name": "users_pkey", "Relation Name": "users", "Schema": "public", "Alias": "u", "Startup Cost": 0.29, "Total Cost": 977.18, "Plan Rows": 13381, "Plan Width": 4, "Actual Startup Time": 0.21, "Actual Total Time": 6.318, "Actual Rows": 13411, "Actual Loops": 1, "Output": ["u.id", "u.reputation", "u.creationdate", "u.views", "u.upvotes", "u.downvotes"], "Filter": "((u.creationdate <= 1408885922) AND (u.creationdate >= 1284624055) AND (u.downvotes <= 2) AND (u.views <= 233))", "Rows Removed by Filter": 217}]}]}]}]}, "Planning Time": 136.859, "Triggers": [], "Execution Time": 58477.461}]
q71#####[{"Plan": {"Node Type": "Aggregate", "Strategy": "Plain", "Partial Mode": "Simple", "Parallel Aware": false, "Startup Cost": 7818.41, "Total Cost": 7818.42, "Plan Rows": 1, "Plan Width": 8, "Actual Startup Time": 86.611, "Actual Total Time": 86.613, "Actual Rows": 1, "Actual Loops": 1, "Output": ["count(*)"], "Plans": [{"Node Type": "Nested Loop", "Parent Relationship": "Outer", "Parallel Aware": false, "Join Type": "Inner", "Startup Cost": 491.16, "Total Cost": 3281.32, "Plan Rows": 1814836, "Plan Width": 0, "Actual Startup Time": 5.046, "Actual Total Time": 74.468, "Actual Rows": 247705, "Actual Loops": 1, "Inner Unique": false, "Plans": [{"Node Type": "Hash Join", "Parent Relationship": "Outer", "Parallel Aware": false, "Join Type": "Inner", "Startup Cost": 490.87, "Total Cost": 1863.96, "Plan Rows": 600, "Plan Width": 8, "Actual Startup Time": 5.013, "Actual Total Time": 21.762, "Actual Rows": 11666, "Actual Loops": 1, "Output": ["c.userid", "u.id"], "Inner Unique": true, "Hash Cond": "(c.userid = u.id)", "Plans": [{"Node Type": "Seq Scan", "Parent Relationship": "Outer", "Parallel Aware": false, "Relation Name": "comments", "Schema": "public", "Alias": "c", "Startup Cost": 0.0, "Total Cost": 1214.1, "Plan Rows": 60554, "Plan Width": 4, "Actual Startup Time": 0.02, "Actual Total Time": 8.299, "Actual Rows": 60844, "Actual Loops": 1, "Output": ["c.id", "c.postid", "c.score", "c.creationdate", "c.userid"], "Filter": "(c.creationdate >= 1281434145)", "Rows Removed by Filter": 284}, {"Node Type": "Hash", "Parent Relationship": "Inner", "Parallel Aware": false, "Startup Cost": 315.74, "Total Cost": 315.74, "Plan Rows": 14010, "Plan Width": 4, "Actual Startup Time": 4.966, "Actual Total Time": 4.967, "Actual Rows": 14010, "Actual Loops": 1, "Output": ["u.id"], "Hash Buckets": 16384, "Original Hash Buckets": 16384, "Hash Batches": 1, "Original Hash Batches": 1, "Peak Memory Usage": 621, "Plans": [{"Node Type": "Seq Scan", "Parent Relationship": "Outer", "Parallel Aware": false, "Relation Name": "users", "Schema": "public", "Alias": "u", "Startup Cost": 0.0, "Total Cost": 315.74, "Plan Rows": 14010, "Plan Width": 4, "Actual Startup Time": 0.009, "Actual Total Time": 2.599, "Actual Rows": 14010, "Actual Loops": 1, "Output": ["u.id"], "Filter": "((u.reputation <= 691) AND (u.reputation >= 1))", "Rows Removed by Filter": 106}]}]}, {"Node Type": "Index Only Scan", "Parent Relationship": "Inner", "Parallel Aware": false, "Scan Direction": "Forward", "Index Name": "idx_votes_userid", "Relation Name": "votes", "Schema": "public", "Alias": "v", "Startup Cost": 0.29, "Total Cost": 1.61, "Plan Rows": 75, "Plan Width": 4, "Actual Startup Time": 0.001, "Actual Total Time": 0.003, "Actual Rows": 21, "Actual Loops": 11666, "Output": ["v.userid"], "Index Cond": "(v.userid = c.userid)", "Rows Removed by Index Recheck": 0, "Heap Fetches": 0}]}]}, "Planning Time": 73.797, "Triggers": [], "Execution Time": 86.71}]
q2#####[{"Plan": {"Node Type": "Aggregate", "Strategy": "Plain", "Partial Mode": "Simple", "Parallel Aware": false, "Startup Cost": 38569.29, "Total Cost": 38569.3, "Plan Rows": 1, "Plan Width": 8, "Actual Startup Time": 70.287, "Actual Total Time": 70.292, "Actual Rows": 1, "Actual Loops": 1, "Output": ["count(*)"], "Plans": [{"Node Type": "Hash Join", "Parent Relationship": "Outer", "Parallel Aware": false, "Join Type": "Inner", "Startup Cost": 17441.72, "Total Cost": 36483.0, "Plan Rows": 834515, "Plan Width": 0, "Actual Startup Time": 27.943, "Actual Total Time": 62.559, "Actual Rows": 209874, "Actual Loops": 1, "Inner Unique": false, "Hash Cond": "(ph.userid = b.userid)", "Plans": [{"Node Type": "Seq Scan", "Parent Relationship": "Outer", "Parallel Aware": false, "Relation Name": "posthistory", "Schema": "public", "Alias": "ph", "Startup Cost": 0.0, "Total Cost": 2641.66, "Plan Rows": 29970, "Plan Width": 4, "Actual Startup Time": 0.019, "Actual Total Time": 14.485, "Actual Rows": 30699, "Actual Loops": 1, "Output": ["ph.id", "ph.posthistorytypeid", "ph.postid", "ph.creationdate", "ph.userid"], "Filter": "((ph.creationdate <= 1408946683) AND (ph.creationdate >= 1294427028) AND (ph.posthistorytypeid = 2))", "Rows Removed by Filter": 75567}, {"Node Type": "Hash", "Parent Relationship": "Inner", "Parallel Aware": false, "Startup Cost": 16835.62, "Total Cost": 16835.62, "Plan Rows": 48488, "Plan Width": 12, "Actual Startup Time": 27.752, "Actual Total Time": 27.756, "Actual Rows": 2850, "Actual Loops": 1, "Output": ["b.userid", "p.owneruserid", "u.id"], "Hash Buckets": 65536, "Original Hash Buckets": 65536, "Hash Batches": 1, "Original Hash Batches": 1, "Peak Memory Usage": 635, "Plans": [{"Node Type": "Hash Join", "Parent Relationship": "Outer", "Parallel Aware": false, "Join Type": "Inner", "Startup Cost": 1441.48, "Total Cost": 16835.62, "Plan Rows": 48488, "Plan Width": 12, "Actual Startup Time": 15.574, "Actual Total Time": 27.088, "Actual Rows": 2850, "Actual Loops": 1, "Output": ["b.userid", "p.owneruserid", "u.id"], "Inner Unique": true, "Hash Cond": "(b.userid = u.id)", "Plans": [{"Node Type": "Hash Join", "Parent Relationship": "Outer", "Parallel Aware": false, "Join Type": "Inner", "Startup Cost": 919.21, "Total Cost": 3193.86, "Plan Rows": 4996400, "Plan Width": 8, "Actual Startup Time": 10.18, "Actual Total Time": 19.94, "Actual Rows": 13933, "Actual Loops": 1, "Output": ["b.userid", "p.owneruserid"], "Inner Unique": false, "Hash Cond": "(p.owneruserid = b.userid)", "Plans": [{"Node Type": "Seq Scan", "Parent Relationship": "Outer", "Parallel Aware": false, "Relation Name": "posts", "Schema": "public", "Alias": "p", "Startup Cost": 0.0, "Total Cost": 1102.0, "Plan Rows": 4342, "Plan Width": 4, "Actual Startup Time": 0.008, "Actual Total Time": 6.929, "Actual Rows": 4088, "Actual Loops": 1, "Output": ["p.id", "p.posttypeid", "p.creationdate", "p.score", "p.viewcount", "p.owneruserid", "p.answercount", "p.commentcount", "p.favoritecount", "p.lasteditoruserid"], "Filter": "((p.answercount <= 4) AND (p.commentcount <= 12) AND (p.commentcount >= 0) AND (p.creationdate <= 1409624464) AND (p.favoritecount <= 89) AND (p.favoritecount >= 0))", "Rows Removed by Filter": 27992}, {"Node Type": "Hash", "Parent Relationship": "Inner", "Parallel Aware": false, "Startup Cost": 571.91, "Total Cost": 571.91, "Plan Rows": 27784, "Plan Width": 4, "Actual Startup Time": 10.017, "Actual Total Time": 10.019, "Actual Rows": 27719, "Actual Loops": 1, "Output": ["b.userid"], "Hash Buckets": 32768, "Original Hash Buckets": 32768, "Hash Batches": 1, "Original Hash Batches": 1, "Peak Memory Usage": 1231, "Plans": [{"Node Type": "Seq Scan", "Parent Relationship": "Outer", "Parallel Aware": false, "Relation Name": "badges", "Schema": "public", "Alias": "b", "Startup Cost": 0.0, "Total Cost": 571.91, "Plan Rows": 27784, "Plan Width": 4, "Actual Startup Time": 0.016, "Actual Total Time": 5.073, "Actual Rows": 27719, "Actual Loops": 1, "Output": ["b.userid"], "Filter": "((b.date <= 1410240268) AND (b.date >= 1279630047))", "Rows Removed by Filter": 275}]}]}, {"Node Type": "Hash", "Parent Relationship": "Inner", "Parallel Aware": false, "Startup Cost": 351.03, "Total Cost": 351.03, "Plan Rows": 13699, "Plan Width": 4, "Actual Startup Time": 5.227, "Actual Total Time": 5.228, "Actual Rows": 13716, "Actual Loops": 1, "Output": ["u.id"], "Hash Buckets": 16384, "Original Hash Buckets": 16384, "Hash Batches": 1, "Original Hash Batches": 1, "Peak Memory Usage": 611, "Plans": [{"Node Type": "Seq Scan", "Parent Relationship": "Outer", "Parallel Aware": false, "Relation Name": "users", "Schema": "public", "Alias": "u", "Startup Cost": 0.0, "Total Cost": 351.03, "Plan Rows": 13699, "Plan Width": 4, "Actual Startup Time": 0.01, "Actual Total Time": 2.817, "Actual Rows": 13716, "Actual Loops": 1, "Output": ["u.id"], "Filter": "((u.creationdate <= 1409623481) AND (u.creationdate >= 1280332560) AND (u.reputation <= 705))", "Rows Removed by Filter": 400}]}]}]}]}]}, "Planning Time": 112.682, "Triggers": [], "Execution Time": 70.373}]
q3#####[{"Plan": {"Node Type": "Aggregate", "Strategy": "Plain", "Partial Mode": "Simple", "Parallel Aware": false, "Startup Cost": 18031.04, "Total Cost": 18031.05, "Plan Rows": 1, "Plan Width": 8, "Actual Startup Time": 382.264, "Actual Total Time": 382.268, "Actual Rows": 1, "Actual Loops": 1, "Output": ["count(*)"], "Plans": [{"Node Type": "Hash Join", "Parent Relationship": "Outer", "Parallel Aware": false, "Join Type": "Inner", "Startup Cost": 11739.93, "Total Cost": 14647.42, "Plan Rows": 1353445, "Plan Width": 0, "Actual Startup Time": 82.049, "Actual Total Time": 297.685, "Actual Rows": 2515046, "Actual Loops": 1, "Inner Unique": false, "Hash Cond": "(c.userid = u.id)", "Plans": [{"Node Type": "Nested Loop", "Parent Relationship": "Outer", "Parallel Aware": false, "Join Type": "Inner", "Startup Cost": 2560.37, "Total Cost": 5263.54, "Plan Rows": 17299, "Plan Width": 4, "Actual Startup Time": 11.466, "Actual Total Time": 41.321, "Actual Rows": 29119, "Actual Loops": 1, "Output": ["c.userid"], "Inner Unique": false, "Join Filter": "(p.id = c.postid)", "Rows Removed by Join Filter": 0, "Plans": [{"Node Type": "Nested Loop", "Parent Relationship": "Outer", "Parallel Aware": false, "Join Type": "Inner", "Startup Cost": 2559.95, "Total Cost": 2971.41, "Plan Rows": 3780, "Plan Width": 12, "Actual Startup Time": 11.361, "Actual Total Time": 22.497, "Actual Rows": 8821, "Actual Loops": 1, "Output": ["ph.postid", "pl.postid", "p.id"], "Inner Unique": false, "Join Filter": "(p.id = ph.postid)", "Rows Removed by Join Filter": 0, "Plans": [{"Node Type": "Hash Join", "Parent Relationship": "Outer", "Parallel Aware": false, "Join Type": "Inner", "Startup Cost": 2559.53, "Total Cost": 2836.63, "Plan Rows": 85, "Plan Width": 8, "Actual Startup Time": 11.209, "Actual Total Time": 14.504, "Actual Rows": 1625, "Actual Loops": 1, "Output": ["pl.postid", "p.id"], "Inner Unique": true, "Hash Cond": "(pl.postid = p.id)", "Plans": [{"Node Type": "Seq Scan", "Parent Relationship": "Outer", "Parallel Aware": false, "Relation Name": "postlinks", "Schema": "public", "Alias": "pl", "Startup Cost": 0.0, "Total Cost": 248.53, "Plan Rows": 10885, "Plan Width": 4, "Actual Startup Time": 0.012, "Actual Total Time": 1.394, "Actual Rows": 10894, "Actual Loops": 1, "Output": ["pl.id", "pl.creationdate", "pl.postid", "pl.relatedpostid", "pl.linktypeid"], "Filter": "((pl.creationdate <= 1409243225) AND (pl.creationdate >= 1281670928))", "Rows Removed by Filter": 208}, {"Node Type": "Hash", "Parent Relationship": "Inner", "Parallel Aware": false, "Startup Cost": 2469.58, "Total Cost": 2469.58, "Plan Rows": 7196, "Plan Width": 4, "Actual Startup Time": 11.146, "Actual Total Time": 11.147, "Actual Rows": 7004, "Actual Loops": 1, "Output": ["p.id"], "Hash Buckets": 8192, "Original Hash Buckets": 8192, "Hash Batches": 1, "Original Hash Batches": 1, "Peak Memory Usage": 311, "Plans": [{"Node Type": "Seq Scan", "Parent Relationship": "Outer", "Parallel Aware": false, "Relation Name": "posts", "Schema": "public", "Alias": "p", "Startup Cost": 0.0, "Total Cost": 2469.58, "Plan Rows": 7196, "Plan Width": 4, "Actual Startup Time": 0.011, "Actual Total Time": 10.461, "Actual Rows": 7004, "Actual Loops": 1, "Output": ["p.id"], "Filter": "((p.favoritecount <= 12) AND (p.posttypeid = 1) AND (p.score = 2))", "Rows Removed by Filter": 84972}]}]}, {"Node Type": "Index Scan", "Parent Relationship": "Inner", "Parallel Aware": false, "Scan Direction": "Forward", "Index Name": "idx_posthistory_postid", "Relation Name": "posthistory", "Schema": "public", "Alias": "ph", "Startup Cost": 0.42, "Total Cost": 1.54, "Plan Rows": 4, "Plan Width": 4, "Actual Startup Time": 0.003, "Actual Total Time": 0.004, "Actual Rows": 5, "Actual Loops": 1625, "Output": ["ph.id", "ph.posthistorytypeid", "ph.postid", "ph.creationdate", "ph.userid"], "Index Cond": "(ph.postid = pl.postid)", "Rows Removed by Index Recheck": 0, "Filter": "((ph.creationdate <= 1410151716) AND (ph.creationdate >= 1294069655))", "Rows Removed by Filter": 0}]}, {"Node Type": "Index Scan", "Parent Relationship": "Inner", "Parallel Aware": false, "Scan Direction": "Forward", "Index Name": "idx_comments_postid", "Relation Name": "comments", "Schema": "public", "Alias": "c", "Startup Cost": 0.42, "Total Cost": 0.54, "Plan Rows": 5, "Plan Width": 8, "Actual Startup Time": 0.001, "Actual Total Time": 0.002, "Actual Rows": 3, "Actual Loops": 8821, "Output": ["c.id", "c.postid", "c.score", "c.creationdate", "c.userid"], "Index Cond": "(c.postid = ph.postid)", "Rows Removed by Index Recheck": 0, "Filter": "(c.creationdate <= 1410413062)", "Rows Removed by Filter": 0}]}, {"Node Type": "Hash", "Parent Relationship": "Inner", "Parallel Aware": false, "Startup Cost": 8773.19, "Total Cost": 8773.19, "Plan Rows": 32509, "Plan Width": 8, "Actual Startup Time": 70.454, "Actual Total Time": 70.455, "Actual Rows": 34635, "Actual Loops": 1, "Output": ["u.id", "v.userid"], "Hash Buckets": 65536, "Original Hash Buckets": 32768, "Hash Batches": 1, "Original Hash Batches": 1, "Peak Memory Usage": 1865, "Plans": [{"Node Type": "Hash Join", "Parent Relationship": "Outer", "Parallel Aware": false, "Join Type": "Inner", "Startup Cost": 1405.94, "Total Cost": 8773.19, "Plan Rows": 32509, "Plan Width": 8, "Actual Startup Time": 9.646, "Actual Total Time": 65.645, "Actual Rows": 34635, "Actual Loops": 1, "Output": ["u.id", "v.userid"], "Inner Unique": true, "Hash Cond": "(v.userid = u.id)", "Plans": [{"Node Type": "Seq Scan", "Parent Relationship": "Outer", "Parallel Aware": false, "Relation Name": "votes", "Schema": "public", "Alias": "v", "Startup Cost": 0.0, "Total Cost": 6513.8, "Plan Rows": 325091, "Plan Width": 4, "Actual Startup Time": 0.14, "Actual Total Time": 32.578, "Actual Rows": 326124, "Actual Loops": 1, "Output": ["v.id", "v.postid", "v.votetypeid", "v.creationdate", "v.userid", "v.bountyamount"], "Filter": "(v.creationdate >= 1280160000)", "Rows Removed by Filter": 1940}, {"Node Type": "Hash", "Parent Relationship": "Inner", "Parallel Aware": false, "Startup Cost": 901.88, "Total Cost": 901.88, "Plan Rows": 40325, "Plan Width": 4, "Actual Startup Time": 9.262, "Actual Total Time": 9.262, "Actual Rows": 40325, "Actual Loops": 1, "Output": ["u.id"], "Hash Buckets": 65536, "Original Hash Buckets": 65536, "Hash Batches": 1, "Original Hash Batches": 1, "Peak Memory Usage": 1930, "Plans": [{"Node Type": "Seq Scan", "Parent Relationship": "Outer", "Parallel Aware": false, "Relation Name": "users", "Schema": "public", "Alias": "u", "Startup Cost": 0.0, "Total Cost": 901.88, "Plan Rows": 40325, "Plan Width": 4, "Actual Startup Time": 0.004, "Actual Total Time": 5.04, "Actual Rows": 40325, "Actual Loops": 1, "Output": ["u.id"], "Filter": "((u.downvotes >= 0) AND (u.reputation >= 1))", "Rows Removed by Filter": 0}]}]}]}]}]}, "Planning Time": 190.97, "Triggers": [], "Execution Time": 382.622}]
q70#####[{"Plan": {"Node Type": "Aggregate", "Strategy": "Plain", "Partial Mode": "Simple", "Parallel Aware": false, "Startup Cost": 3128.47, "Total Cost": 3128.48, "Plan Rows": 1, "Plan Width": 8, "Actual Startup Time": 17.594, "Actual Total Time": 17.597, "Actual Rows": 1, "Actual Loops": 1, "Output": ["count(*)"], "Plans": [{"Node Type": "Nested Loop", "Parent Relationship": "Outer", "Parallel Aware": false, "Join Type": "Inner", "Startup Cost": 1098.51, "Total Cost": 1982.41, "Plan Rows": 458424, "Plan Width": 0, "Actual Startup Time": 16.341, "Actual Total Time": 17.44, "Actual Rows": 2770, "Actual Loops": 1, "Inner Unique": false, "Plans": [{"Node Type": "Hash Join", "Parent Relationship": "Outer", "Parallel Aware": false, "Join Type": "Inner", "Startup Cost": 1098.21, "Total Cost": 1105.93, "Plan Rows": 370, "Plan Width": 4, "Actual Startup Time": 16.289, "Actual Total Time": 16.671, "Actual Rows": 78, "Actual Loops": 1, "Output": ["p.owneruserid"], "Inner Unique": true, "Hash Cond": "(t.excerptpostid = p.id)", "Plans": [{"Node Type": "Seq Scan", "Parent Relationship": "Outer", "Parallel Aware": false, "Relation Name": "tags", "Schema": "public", "Alias": "t", "Startup Cost": 0.0, "Total Cost": 6.74, "Plan Rows": 374, "Plan Width": 4, "Actual Startup Time": 0.015, "Actual Total Time": 0.312, "Actual Rows": 374, "Actual Loops": 1, "Output": ["t.id", "t.count", "t.excerptpostid"]}, {"Node Type": "Hash", "Parent Relationship": "Inner", "Parallel Aware": false, "Startup Cost": 701.0, "Total Cost": 701.0, "Plan Rows": 31777, "Plan Width": 8, "Actual Startup Time": 16.23, "Actual Total Time": 16.231, "Actual Rows": 32031, "Actual Loops": 1, "Output": ["p.id", "p.owneruserid"], "Hash Buckets": 32768, "Original Hash Buckets": 32768, "Hash Batches": 1, "Original Hash Batches": 1, "Peak Memory Usage": 1508, "Plans": [{"Node Type": "Seq Scan", "Parent Relationship": "Outer", "Parallel Aware": false, "Relation Name": "posts", "Schema": "public", "Alias": "p", "Startup Cost": 0.0, "Total Cost": 701.0, "Plan Rows": 31777, "Plan Width": 8, "Actual Startup Time": 0.019, "Actual Total Time": 8.574, "Actual Rows": 32031, "Actual Loops": 1, "Output": ["p.id", "p.owneruserid"], "Filter": "(p.creationdate >= 1279562465)", "Rows Removed by Filter": 49}]}]}, {"Node Type": "Index Only Scan", "Parent Relationship": "Inner", "Parallel Aware": false, "Scan Direction": "Forward", "Index Name": "idx_votes_userid", "Relation Name": "votes", "Schema": "public", "Alias": "v", "Startup Cost": 0.29, "Total Cost": 1.62, "Plan Rows": 75, "Plan Width": 4, "Actual Startup Time": 0.004, "Actual Total Time": 0.007, "Actual Rows": 36, "Actual Loops": 78, "Output": ["v.userid"], "Index Cond": "(v.userid = p.owneruserid)", "Rows Removed by Index Recheck": 0, "Heap Fetches": 0}]}]}, "Planning Time": 65.161, "Triggers": [], "Execution Time": 17.677}]
q64#####[{"Plan": {"Node Type": "Aggregate", "Strategy": "Plain", "Partial Mode": "Simple", "Parallel Aware": false, "Startup Cost": 14571.34, "Total Cost": 14571.35, "Plan Rows": 1, "Plan Width": 8, "Actual Startup Time": 26.877, "Actual Total Time": 26.879, "Actual Rows": 1, "Actual Loops": 1, "Output": ["count(*)"], "Plans": [{"Node Type": "Nested Loop", "Parent Relationship": "Outer", "Parallel Aware": false, "Join Type": "Inner", "Startup Cost": 1.32, "Total Cost": 14298.99, "Plan Rows": 108939, "Plan Width": 0, "Actual Startup Time": 6.693, "Actual Total Time": 26.87, "Actual Rows": 48, "Actual Loops": 1, "Inner Unique": false, "Join Filter": "(b.userid = ph.userid)", "Rows Removed by Join Filter": 0, "Plans": [{"Node Type": "Merge Join", "Parent Relationship": "Outer", "Parallel Aware": false, "Join Type": "Inner", "Startup Cost": 1.03, "Total Cost": 10919.1, "Plan Rows": 6004, "Plan Width": 12, "Actual Startup Time": 1.677, "Actual Total Time": 26.361, "Actual Rows": 51, "Actual Loops": 1, "Output": ["b.userid", "u.id", "v.userid"], "Inner Unique": false, "Merge Cond": "(b.userid = u.id)", "Plans": [{"Node Type": "Index Scan", "Parent Relationship": "Outer", "Parallel Aware": false, "Scan Direction": "Forward", "Index Name": "idx_badges_userid", "Relation Name": "badges", "Schema": "public", "Alias": "b", "Startup Cost": 0.29, "Total Cost": 1464.17, "Plan Rows": 27653, "Plan Width": 4, "Actual Startup Time": 0.018, "Actual Total Time": 15.388, "Actual Rows": 26622, "Actual Loops": 1, "Output": ["b.id", "b.userid", "b.date"], "Filter": "((b.date <= 1409913468) AND (b.date >= 1279539550))", "Rows Removed by Filter": 92}, {"Node Type": "Materialize", "Parent Relationship": "Inner", "Parallel Aware": false, "Startup Cost": 0.58, "Total Cost": 2778.18, "Plan Rows": 245800, "Plan Width": 8, "Actual Startup Time": 0.208, "Actual Total Time": 9.229, "Actual Rows": 57, "Actual Loops": 1, "Output": ["u.id", "v.userid"], "Plans": [{"Node Type": "Nested Loop", "Parent Relationship": "Outer", "Parallel Aware": false, "Join Type": "Inner", "Startup Cost": 0.58, "Total Cost": 2163.68, "Plan Rows": 245800, "Plan Width": 8, "Actual Startup Time": 0.205, "Actual Total Time": 9.209, "Actual Rows": 35, "Actual Loops": 1, "Output": ["u.id", "v.userid"], "Inner Unique": false, "Plans": [{"Node Type": "Index Scan", "Parent Relationship": "Outer", "Parallel Aware": false, "Scan Direction": "Forward", "Index Name": "users_pkey", "Relation Name": "users", "Schema": "public", "Alias": "u", "Startup Cost": 0.29, "Total Cost": 1012.47, "Plan Rows": 302, "Plan Width": 4, "Actual Startup Time": 0.192, "Actual Total Time": 8.635, "Actual Rows": 308, "Actual Loops": 1, "Output": ["u.id", "u.reputation", "u.creationdate", "u.views", "u.upvotes", "u.downvotes"], "Filter": "((u.creationdate <= 1409776882) AND (u.downvotes >= 0) AND (u.upvotes <= 224) AND (u.upvotes >= 0) AND (u.views = 5))", "Rows Removed by Filter": 13808}, {"Node Type": "Index Only Scan", "Parent Relationship": "Inner", "Parallel Aware": false, "Scan Direction": "Forward", "Index Name": "idx_votes_userid", "Relation Name": "votes", "Schema": "public", "Alias": "v", "Startup Cost": 0.29, "Total Cost": 3.06, "Plan Rows": 75, "Plan Width": 4, "Actual Startup Time": 0.002, "Actual Total Time": 0.002, "Actual Rows": 0, "Actual Loops": 308, "Output": ["v.userid"], "Index Cond": "(v.userid = u.id)", "Rows Removed by Index Recheck": 0, "Heap Fetches": 0}]}]}]}, {"Node Type": "Index Scan", "Parent Relationship": "Inner", "Parallel Aware": false, "Scan Direction": "Forward", "Index Name": "idx_posthistory_userid", "Relation Name": "posthistory", "Schema": "public", "Alias": "ph", "Startup Cost": 0.29, "Total Cost": 0.53, "Plan Rows": 3, "Plan Width": 4, "Actual Startup Time": 0.006, "Actual Total Time": 0.009, "Actual Rows": 1, "Actual Loops": 51, "Output": ["ph.id", "ph.posthistorytypeid", "ph.postid", "ph.creationdate", "ph.userid"], "Index Cond": "(ph.userid = v.userid)", "Rows Removed by Index Recheck": 0, "Filter": "(ph.posthistorytypeid = 2)", "Rows Removed by Filter": 2}]}]}, "Planning Time": 102.465, "Triggers": [], "Execution Time": 26.997}]
q58#####[{"Plan": {"Node Type": "Aggregate", "Strategy": "Plain", "Partial Mode": "Simple", "Parallel Aware": false, "Startup Cost": 480646.56, "Total Cost": 480646.57, "Plan Rows": 1, "Plan Width": 8, "Actual Startup Time": 6504.503, "Actual Total Time": 6504.509, "Actual Rows": 1, "Actual Loops": 1, "Output": ["count(*)"], "Plans": [{"Node Type": "Hash Join", "Parent Relationship": "Outer", "Parallel Aware": false, "Join Type": "Inner", "Startup Cost": 13293.08, "Total Cost": 181773.87, "Plan Rows": 119549076, "Plan Width": 0, "Actual Startup Time": 70.704, "Actual Total Time": 4644.964, "Actual Rows": 56401480, "Actual Loops": 1, "Inner Unique": false, "Hash Cond": "(c.userid = u.id)", "Plans": [{"Node Type": "Nested Loop", "Parent Relationship": "Outer", "Parallel Aware": false, "Join Type": "Inner", "Startup Cost": 0.29, "Total Cost": 12998.89, "Plan Rows": 1527383, "Plan Width": 8, "Actual Startup Time": 0.213, "Actual Total Time": 319.417, "Actual Rows": 785044, "Actual Loops": 1, "Output": ["c.userid", "p.owneruserid"], "Inner Unique": false, "Plans": [{"Node Type": "Seq Scan", "Parent Relationship": "Outer", "Parallel Aware": false, "Relation Name": "posts", "Schema": "public", "Alias": "p", "Startup Cost": 0.0, "Total Cost": 4079.16, "Plan Rows": 2623, "Plan Width": 4, "Actual Startup Time": 0.191, "Actual Total Time": 14.153, "Actual Rows": 12175, "Actual Loops": 1, "Output": ["p.id", "p.posttypeid", "p.creationdate", "p.score", "p.viewcount", "p.owneruserid", "p.answercount", "p.commentcount", "p.favoritecount", "p.lasteditoruserid"], "Filter": "((p.answercount <= 5) AND (p.answercount >= 0) AND (p.creationdate <= 1410547815) AND (p.creationdate >= 1280201360) AND (p.favoritecount <= 8) AND (p.favoritecount >= 0) AND (p.score <= 28) AND (p.score >= 0) AND (p.viewcount <= 6517) AND (p.viewcount >= 0))", "Rows Removed by Filter": 79801}, {"Node Type": "Index Scan", "Parent Relationship": "Inner", "Parallel Aware": false, "Scan Direction": "Forward", "Index Name": "idx_comments_userid", "Relation Name": "comments", "Schema": "public", "Alias": "c", "Startup Cost": 0.29, "Total Cost": 3.14, "Plan Rows": 26, "Plan Width": 4, "Actual Startup Time": 0.002, "Actual Total Time": 0.02, "Actual Rows": 64, "Actual Loops": 12175, "Output": ["c.id", "c.postid", "c.score", "c.creationdate", "c.userid"], "Index Cond": "(c.userid = p.owneruserid)", "Rows Removed by Index Recheck": 0, "Filter": "(c.creationdate >= 1280203420)", "Rows Removed by Filter": 0}]}, {"Node Type": "Hash", "Parent Relationship": "Inner", "Parallel Aware": false, "Startup Cost": 7956.47, "Total Cost": 7956.47, "Plan Rows": 325225, "Plan Width": 8, "Actual Startup Time": 66.439, "Actual Total Time": 66.442, "Actual Rows": 32349, "Actual Loops": 1, "Output": ["u.id", "v.userid"], "Hash Buckets": 131072, "Original Hash Buckets": 131072, "Hash Batches": 8, "Original Hash Batches": 8, "Peak Memory Usage": 1262, "Plans": [{"Node Type": "Hash Join", "Parent Relationship": "Outer", "Parallel Aware": false, "Join Type": "Inner", "Startup Cost": 1401.58, "Total Cost": 7956.47, "Plan Rows": 325225, "Plan Width": 8, "Actual Startup Time": 14.196, "Actual Total Time": 61.934, "Actual Rows": 32349, "Actual Loops": 1, "Output": ["u.id", "v.userid"], "Inner Unique": true, "Hash Cond": "(v.userid = u.id)", "Plans": [{"Node Type": "Seq Scan", "Parent Relationship": "Outer", "Parallel Aware": false, "Relation Name": "votes", "Schema": "public", "Alias": "v", "Startup Cost": 0.0, "Total Cost": 5693.64, "Plan Rows": 328064, "Plan Width": 4, "Actual Startup Time": 0.018, "Actual Total Time": 16.859, "Actual Rows": 328064, "Actual Loops": 1, "Output": ["v.id", "v.postid", "v.votetypeid", "v.creationdate", "v.userid", "v.bountyamount"]}, {"Node Type": "Hash", "Parent Relationship": "Inner", "Parallel Aware": false, "Startup Cost": 901.88, "Total Cost": 901.88, "Plan Rows": 39976, "Plan Width": 4, "Actual Startup Time": 13.748, "Actual Total Time": 13.749, "Actual Rows": 39981, "Actual Loops": 1, "Output": ["u.id"], "Hash Buckets": 65536, "Original Hash Buckets": 65536, "Hash Batches": 1, "Original Hash Batches": 1, "Peak Memory Usage": 1918, "Plans": [{"Node Type": "Seq Scan", "Parent Relationship": "Outer", "Parallel Aware": false, "Relation Name": "users", "Schema": "public", "Alias": "u", "Startup Cost": 0.0, "Total Cost": 901.88, "Plan Rows": 39976, "Plan Width": 4, "Actual Startup Time": 0.064, "Actual Total Time": 7.428, "Actual Rows": 39981, "Actual Loops": 1, "Output": ["u.id"], "Filter": "((u.creationdate >= 1280194685) AND (u.views >= 0))", "Rows Removed by Filter": 344}]}]}]}]}]}, "Planning Time": 102.003, "Triggers": [], "Execution Time": 6504.629}]
q72#####[{"Plan": {"Node Type": "Aggregate", "Strategy": "Plain", "Partial Mode": "Simple", "Parallel Aware": false, "Startup Cost": 7521.69, "Total Cost": 7521.7, "Plan Rows": 1, "Plan Width": 8, "Actual Startup Time": 91.298, "Actual Total Time": 91.302, "Actual Rows": 1, "Actual Loops": 1, "Output": ["count(*)"], "Plans": [{"Node Type": "Nested Loop", "Parent Relationship": "Outer", "Parallel Aware": false, "Join Type": "Inner", "Startup Cost": 2703.75, "Total Cost": 7270.41, "Plan Rows": 100512, "Plan Width": 0, "Actual Startup Time": 24.908, "Actual Total Time": 86.811, "Actual Rows": 78916, "Actual Loops": 1, "Inner Unique": false, "Plans": [{"Node Type": "Nested Loop", "Parent Relationship": "Outer", "Parallel Aware": false, "Join Type": "Inner", "Startup Cost": 2703.46, "Total Cost": 5937.03, "Plan Rows": 3679, "Plan Width": 4, "Actual Startup Time": 24.886, "Actual Total Time": 44.594, "Actual Rows": 2795, "Actual Loops": 1, "Output": ["c.userid"], "Inner Unique": false, "Join Filter": "(c.postid = v.postid)", "Rows Removed by Join Filter": 0, "Plans": [{"Node Type": "Hash Join", "Parent Relationship": "Outer", "Parallel Aware": false, "Join Type": "Inner", "Startup Cost": 2703.17, "Total Cost": 5333.04, "Plan Rows": 1372, "Plan Width": 20, "Actual Startup Time": 24.822, "Actual Total Time": 36.737, "Actual Rows": 591, "Actual Loops": 1, "Output": ["c.userid", "c.postid", "ph.postid", "pl.relatedpostid", "p.id"], "Inner Unique": false, "Hash Cond": "(ph.postid = c.postid)", "Plans": [{"Node Type": "Nested Loop", "Parent Relationship": "Outer", "Parallel Aware": false, "Join Type": "Inner", "Startup Cost": 0.29, "Total Cost": 2586.67, "Plan Rows": 9368, "Plan Width": 8, "Actual Startup Time": 0.05, "Actual Total Time": 10.957, "Actual Rows": 7469, "Actual Loops": 1, "Output": ["ph.postid", "pl.relatedpostid"], "Inner Unique": false, "Plans": [{"Node Type": "Seq Scan", "Parent Relationship": "Outer", "Parallel Aware": false, "Relation Name": "postlinks", "Schema": "public", "Alias": "pl", "Startup Cost": 0.0, "Total Cost": 67.76, "Plan Rows": 3876, "Plan Width": 4, "Actual Startup Time": 0.02, "Actual Total Time": 0.499, "Actual Rows": 3876, "Actual Loops": 1, "Output": ["pl.id", "pl.creationdate", "pl.postid", "pl.relatedpostid", "pl.linktypeid"]}, {"Node Type": "Index Only Scan", "Parent Relationship": "Inner", "Parallel Aware": false, "Scan Direction": "Forward", "Index Name": "idx_posthistory_postid", "Relation Name": "posthistory", "Schema": "public", "Alias": "ph", "Startup Cost": 0.29, "Total Cost": 0.63, "Plan Rows": 2, "Plan Width": 4, "Actual Startup Time": 0.002, "Actual Total Time": 0.002, "Actual Rows": 2, "Actual Loops": 3876, "Output": ["ph.postid"], "Index Cond": "(ph.postid = pl.relatedpostid)", "Rows Removed by Index Recheck": 0, "Heap Fetches": 0}]}, {"Node Type": "Hash", "Parent Relationship": "Inner", "Parallel Aware": false, "Startup Cost": 2653.85, "Total Cost": 2653.85, "Plan Rows": 3922, "Plan Width": 12, "Actual Startup Time": 24.54, "Actual Total Time": 24.542, "Actual Rows": 2525, "Actual Loops": 1, "Output": ["c.userid", "c.postid", "p.id"], "Hash Buckets": 4096, "Original Hash Buckets": 4096, "Hash Batches": 1, "Original Hash Batches": 1, "Peak Memory Usage": 141, "Plans": [{"Node Type": "Hash Join", "Parent Relationship": "Outer", "Parallel Aware": false, "Join Type": "Inner", "Startup Cost": 1127.97, "Total Cost": 2653.85, "Plan Rows": 3922, "Plan Width": 12, "Actual Startup Time": 6.7, "Actual Total Time": 23.933, "Actual Rows": 2525, "Actual Loops": 1, "Output": ["c.userid", "c.postid", "p.id"], "Inner Unique": true, "Hash Cond": "(c.postid = p.id)", "Plans": [{"Node Type": "Seq Scan", "Parent Relationship": "Outer", "Parallel Aware": false, "Relation Name": "comments", "Schema": "public", "Alias": "c", "Startup Cost": 0.0, "Total Cost": 1366.92, "Plan Rows": 60545, "Plan Width": 8, "Actual Startup Time": 0.013, "Actual Total Time": 10.549, "Actual Rows": 60985, "Actual Loops": 1, "Output": ["c.id", "c.postid", "c.score", "c.creationdate", "c.userid"], "Filter": "((c.creationdate <= 1410603130) AND (c.creationdate >= 1280146875))", "Rows Removed by Filter": 143}, {"Node Type": "Hash", "Parent Relationship": "Inner", "Parallel Aware": false, "Startup Cost": 1102.0, "Total Cost": 1102.0, "Plan Rows": 2078, "Plan Width": 4, "Actual Startup Time": 6.673, "Actual Total Time": 6.674, "Actual Rows": 3702, "Actual Loops": 1, "Output": ["p.id"], "Hash Buckets": 4096, "Original Hash Buckets": 4096, "Hash Batches": 1, "Original Hash Batches": 1, "Peak Memory Usage": 163, "Plans": [{"Node Type": "Seq Scan", "Parent Relationship": "Outer", "Parallel Aware": false, "Relation Name": "posts", "Schema": "public", "Alias": "p", "Startup Cost": 0.0, "Total Cost": 1102.0, "Plan Rows": 2078, "Plan Width": 4, "Actual Startup Time": 0.005, "Actual Total Time": 6.061, "Actual Rows": 3702, "Actual Loops": 1, "Output": ["p.id"], "Filter": "((p.answercount <= 5) AND (p.answercount >= 0) AND (p.commentcount <= 8) AND (p.favoritecount >= 0) AND (p.score <= 61) AND (p.viewcount <= 3627))", "Rows Removed by Filter": 28378}]}]}]}]}, {"Node Type": "Index Scan", "Parent Relationship": "Inner", "Parallel Aware": false, "Scan Direction": "Forward", "Index Name": "idx_votes_postid", "Relation Name": "votes", "Schema": "public", "Alias": "v", "Startup Cost": 0.29, "Total Cost": 0.4, "Plan Rows": 3, "Plan Width": 4, "Actual Startup Time": 0.009, "Actual Total Time": 0.012, "Actual Rows": 5, "Actual Loops": 591, "Output": ["v.id", "v.postid", "v.votetypeid", "v.creationdate", "v.userid", "v.bountyamount"], "Index Cond": "(v.postid = ph.postid)", "Rows Removed by Index Recheck": 0, "Filter": "((v.creationdate >= 1280160000) AND (v.votetypeid = 2))", "Rows Removed by Filter": 2}]}, {"Node Type": "Index Scan", "Parent Relationship": "Inner", "Parallel Aware": false, "Scan Direction": "Forward", "Index Name": "idx_badges_userid", "Relation Name": "badges", "Schema": "public", "Alias": "b", "Startup Cost": 0.29, "Total Cost": 0.34, "Plan Rows": 2, "Plan Width": 4, "Actual Startup Time": 0.002, "Actual Total Time": 0.012, "Actual Rows": 28, "Actual Loops": 2795, "Output": ["b.id", "b.userid", "b.date"], "Index Cond": "(b.userid = c.userid)", "Rows Removed by Index Recheck": 0, "Filter": "(b.date >= 1280432964)", "Rows Removed by Filter": 0}]}]}, "Planning Time": 190.801, "Triggers": [], "Execution Time": 91.406}]
q66#####[{"Plan": {"Node Type": "Aggregate", "Strategy": "Plain", "Partial Mode": "Simple", "Parallel Aware": false, "Startup Cost": 1357995.48, "Total Cost": 1357995.49, "Plan Rows": 1, "Plan Width": 8, "Actual Startup Time": 18954.008, "Actual Total Time": 18954.011, "Actual Rows": 1, "Actual Loops": 1, "Output": ["count(*)"], "Plans": [{"Node Type": "Nested Loop", "Parent Relationship": "Outer", "Parallel Aware": false, "Join Type": "Inner", "Startup Cost": 4806.34, "Total Cost": 957932.83, "Plan Rows": 160025061, "Plan Width": 0, "Actual Startup Time": 43.239, "Actual Total Time": 17146.06, "Actual Rows": 52223943, "Actual Loops": 1, "Inner Unique": false, "Join Filter": "(c.userid = p.owneruserid)", "Rows Removed by Join Filter": 0, "Plans": [{"Node Type": "Hash Join", "Parent Relationship": "Outer", "Parallel Aware": false, "Join Type": "Inner", "Startup Cost": 4806.06, "Total Cost": 405423.82, "Plan Rows": 1388128, "Plan Width": 12, "Actual Startup Time": 43.218, "Actual Total Time": 331.892, "Actual Rows": 199217, "Actual Loops": 1, "Output": ["c.userid", "u.id", "v.userid"], "Inner Unique": true, "Hash Cond": "(c.userid = u.id)", "Plans": [{"Node Type": "Merge Join", "Parent Relationship": "Outer", "Parallel Aware": false, "Join Type": "Inner", "Startup Cost": 4283.64, "Total Cost": 29639.26, "Plan Rows": 142914100, "Plan Width": 8, "Actual Startup Time": 36.448, "Actual Total Time": 247.028, "Actual Rows": 1188744, "Actual Loops": 1, "Output": ["c.userid", "v.userid"], "Inner Unique": false, "Merge Cond": "(v.userid = c.userid)", "Plans": [{"Node Type": "Index Scan", "Parent Relationship": "Outer", "Parallel Aware": false, "Scan Direction": "Forward", "Index Name": "idx_votes_userid", "Relation Name": "votes", "Schema": "public", "Alias": "v", "Startup Cost": 0.29, "Total Cost": 4526.29, "Plan Rows": 114553, "Plan Width": 4, "Actual Startup Time": 0.033, "Actual Total Time": 36.762, "Actual Rows": 114689, "Actual Loops": 1, "Output": ["v.id", "v.postid", "v.votetypeid", "v.creationdate", "v.userid", "v.bountyamount"], "Filter": "((v.bountyamount <= 50) AND (v.creationdate <= 1410451200))", "Rows Removed by Filter": 187}, {"Node Type": "Materialize", "Parent Relationship": "Inner", "Parallel Aware": false, "Startup Cost": 0.29, "Total Cost": 3508.96, "Plan Rows": 47460, "Plan Width": 4, "Actual Startup Time": 0.039, "Actual Total Time": 75.105, "Actual Rows": 1206256, "Actual Loops": 1, "Output": ["c.id", "c.postid", "c.score", "c.creationdate", "c.userid"], "Plans": [{"Node Type": "Index Scan", "Parent Relationship": "Outer", "Parallel Aware": false, "Scan Direction": "Forward", "Index Name": "idx_comments_userid", "Relation Name": "comments", "Schema": "public", "Alias": "c", "Startup Cost": 0.29, "Total Cost": 3390.31, "Plan Rows": 47460, "Plan Width": 4, "Actual Startup Time": 0.035, "Actual Total Time": 24.814, "Actual Rows": 47484, "Actual Loops": 1, "Output": ["c.id", "c.postid", "c.score", "c.creationdate", "c.userid"], "Filter": "((c.creationdate <= 1410610335) AND (c.score = 0))", "Rows Removed by Filter": 13618}]}]}, {"Node Type": "Hash", "Parent Relationship": "Inner", "Parallel Aware": false, "Startup Cost": 351.03, "Total Cost": 351.03, "Plan Rows": 13711, "Plan Width": 4, "Actual Startup Time": 5.206, "Actual Total Time": 5.207, "Actual Rows": 13709, "Actual Loops": 1, "Output": ["u.id"], "Hash Buckets": 16384, "Original Hash Buckets": 16384, "Hash Batches": 1, "Original Hash Batches": 1, "Peak Memory Usage": 610, "Plans": [{"Node Type": "Seq Scan", "Parent Relationship": "Outer", "Parallel Aware": false, "Relation Name": "users", "Schema": "public", "Alias": "u", "Startup Cost": 0.0, "Total Cost": 351.03, "Plan Rows": 13711, "Plan Width": 4, "Actual Startup Time": 0.018, "Actual Total Time": 2.926, "Actual Rows": 13709, "Actual Loops": 1, "Output": ["u.id"], "Filter": "((u.creationdate >= 1279537779) AND (u.upvotes <= 12) AND (u.upvotes >= 0))", "Rows Removed by Filter": 407}]}]}, {"Node Type": "Index Scan", "Parent Relationship": "Inner", "Parallel Aware": false, "Scan Direction": "Forward", "Index Name": "idx_posts_owneruserid", "Relation Name": "posts", "Schema": "public", "Alias": "p", "Startup Cost": 0.29, "Total Cost": 0.36, "Plan Rows": 3, "Plan Width": 4, "Actual Startup Time": 0.002, "Actual Total Time": 0.06, "Actual Rows": 262, "Actual Loops": 199217, "Output": ["p.id", "p.posttypeid", "p.creationdate", "p.score", "p.viewcount", "p.owneruserid", "p.answercount", "p.commentcount", "p.favoritecount", "p.lasteditoruserid"], "Index Cond": "(p.owneruserid = v.userid)", "Rows Removed by Index Recheck": 0, "Filter": "(p.creationdate >= 1280166675)", "Rows Removed by Filter": 0}]}]}, "Planning Time": 99.47, "Triggers": [], "Execution Time": 18954.152}]
q99#####[{"Plan": {"Node Type": "Aggregate", "Strategy": "Plain", "Partial Mode": "Simple", "Parallel Aware": false, "Startup Cost": 126214.01, "Total Cost": 126214.01, "Plan Rows": 1, "Plan Width": 8, "Actual Startup Time": 607.588, "Actual Total Time": 607.589, "Actual Rows": 1, "Actual Loops": 1, "Output": ["count(*)"], "Plans": [{"Node Type": "Nested Loop", "Parent Relationship": "Outer", "Parallel Aware": false, "Join Type": "Inner", "Startup Cost": 0.29, "Total Cost": 56403.27, "Plan Rows": 27924293, "Plan Width": 0, "Actual Startup Time": 0.059, "Actual Total Time": 551.563, "Actual Rows": 1458075, "Actual Loops": 1, "Inner Unique": false, "Plans": [{"Node Type": "Seq Scan", "Parent Relationship": "Outer", "Parallel Aware": false, "Relation Name": "posthistory", "Schema": "public", "Alias": "ph", "Startup Cost": 0.0, "Total Cost": 6019.84, "Plan Rows": 43629, "Plan Width": 4, "Actual Startup Time": 0.028, "Actual Total Time": 24.435, "Actual Rows": 42921, "Actual Loops": 1, "Output": ["ph.id", "ph.posthistorytypeid", "ph.postid", "ph.creationdate", "ph.userid"], "Filter": "(ph.posthistorytypeid = 1)", "Rows Removed by Filter": 260266}, {"Node Type": "Index Scan", "Parent Relationship": "Inner", "Parallel Aware": false, "Scan Direction": "Forward", "Index Name": "idx_comments_userid", "Relation Name": "comments", "Schema": "public", "Alias": "c", "Startup Cost": 0.29, "Total Cost": 0.95, "Plan Rows": 20, "Plan Width": 4, "Actual Startup Time": 0.001, "Actual Total Time": 0.01, "Actual Rows": 34, "Actual Loops": 42921, "Output": ["c.id", "c.postid", "c.score", "c.creationdate", "c.userid"], "Index Cond": "(c.userid = ph.userid)", "Rows Removed by Index Recheck": 0, "Filter": "(c.score = 0)", "Rows Removed by Filter": 8}]}]}, "Planning Time": 53.027, "Triggers": [], "Execution Time": 607.657}]
q1#####[{"Plan": {"Node Type": "Aggregate", "Strategy": "Plain", "Partial Mode": "Simple", "Parallel Aware": false, "Startup Cost": 27322.39, "Total Cost": 27322.4, "Plan Rows": 1, "Plan Width": 8, "Actual Startup Time": 477.282, "Actual Total Time": 477.287, "Actual Rows": 1, "Actual Loops": 1, "Output": ["count(*)"], "Plans": [{"Node Type": "Hash Join", "Parent Relationship": "Outer", "Parallel Aware": false, "Join Type": "Inner", "Startup Cost": 5944.25, "Total Cost": 14017.3, "Plan Rows": 5322034, "Plan Width": 0, "Actual Startup Time": 60.532, "Actual Total Time": 376.858, "Actual Rows": 2809424, "Actual Loops": 1, "Inner Unique": false, "Hash Cond": "(p.owneruserid = b.userid)", "Plans": [{"Node Type": "Hash Join", "Parent Relationship": "Outer", "Parallel Aware": false, "Join Type": "Inner", "Startup Cost": 3001.24, "Total Cost": 9556.09, "Plan Rows": 15170, "Plan Width": 4, "Actual Startup Time": 17.301, "Actual Total Time": 95.019, "Actual Rows": 143872, "Actual Loops": 1, "Output": ["p.owneruserid"], "Inner Unique": true, "Hash Cond": "(v.postid = p.id)", "Plans": [{"Node Type": "Seq Scan", "Parent Relationship": "Outer", "Parallel Aware": false, "Relation Name": "votes", "Schema": "public", "Alias": "v", "Startup Cost": 0.0, "Total Cost": 5693.64, "Plan Rows": 328064, "Plan Width": 4, "Actual Startup Time": 0.252, "Actual Total Time": 19.888, "Actual Rows": 328064, "Actual Loops": 1, "Output": ["v.id", "v.postid", "v.votetypeid", "v.creationdate", "v.userid", "v.bountyamount"]}, {"Node Type": "Hash", "Parent Relationship": "Inner", "Parallel Aware": false, "Startup Cost": 2469.58, "Total Cost": 2469.58, "Plan Rows": 42533, "Plan Width": 8, "Actual Startup Time": 17.018, "Actual Total Time": 17.019, "Actual Rows": 42661, "Actual Loops": 1, "Output": ["p.owneruserid", "p.id"], "Hash Buckets": 65536, "Original Hash Buckets": 65536, "Hash Batches": 1, "Original Hash Batches": 1, "Peak Memory Usage": 2179, "Plans": [{"Node Type": "Seq Scan", "Parent Relationship": "Outer", "Parallel Aware": false, "Relation Name": "posts", "Schema": "public", "Alias": "p", "Startup Cost": 0.0, "Total Cost": 2469.58, "Plan Rows": 42533, "Plan Width": 8, "Actual Startup Time": 0.005, "Actual Total Time": 12.407, "Actual Rows": 42661, "Actual Loops": 1, "Output": ["p.owneruserid", "p.id"], "Filter": "((p.answercount <= 7) AND (p.answercount >= 0) AND (p.creationdate <= 1410451412))", "Rows Removed by Filter": 49315}]}]}, {"Node Type": "Hash", "Parent Relationship": "Inner", "Parallel Aware": false, "Startup Cost": 2843.48, "Total Cost": 2843.48, "Plan Rows": 7962, "Plan Width": 8, "Actual Startup Time": 43.204, "Actual Total Time": 43.206, "Actual Rows": 79593, "Actual Loops": 1, "Output": ["b.userid", "u.id"], "Hash Buckets": 131072, "Original Hash Buckets": 8192, "Hash Batches": 2, "Original Hash Batches": 1, "Peak Memory Usage": 3073, "Plans": [{"Node Type": "Hash Join", "Parent Relationship": "Outer", "Parallel Aware": false, "Join Type": "Inner", "Startup Cost": 1204.31, "Total Cost": 2843.48, "Plan Rows": 7962, "Plan Width": 8, "Actual Startup Time": 9.872, "Actual Total Time": 30.648, "Actual Rows": 79593, "Actual Loops": 1, "Output": ["b.userid", "u.id"], "Inner Unique": true, "Hash Cond": "(b.userid = u.id)", "Plans": [{"Node Type": "Seq Scan", "Parent Relationship": "Outer", "Parallel Aware": false, "Relation Name": "badges", "Schema": "public", "Alias": "b", "Startup Cost": 0.0, "Total Cost": 1430.14, "Plan Rows": 79623, "Plan Width": 4, "Actual Startup Time": 0.016, "Actual Total Time": 7.943, "Actual Rows": 79593, "Actual Loops": 1, "Output": ["b.id", "b.userid", "b.date"], "Filter": "(b.date <= 1410391656)", "Rows Removed by Filter": 258}, {"Node Type": "Hash", "Parent Relationship": "Inner", "Parallel Aware": false, "Startup Cost": 700.25, "Total Cost": 700.25, "Plan Rows": 40325, "Plan Width": 4, "Actual Startup Time": 9.678, "Actual Total Time": 9.678, "Actual Rows": 40325, "Actual Loops": 1, "Output": ["u.id"], "Hash Buckets": 65536, "Original Hash Buckets": 65536, "Hash Batches": 1, "Original Hash Batches": 1, "Peak Memory Usage": 1930, "Plans": [{"Node Type": "Seq Scan", "Parent Relationship": "Outer", "Parallel Aware": false, "Relation Name": "users", "Schema": "public", "Alias": "u", "Startup Cost": 0.0, "Total Cost": 700.25, "Plan Rows": 40325, "Plan Width": 4, "Actual Startup Time": 0.009, "Actual Total Time": 4.196, "Actual Rows": 40325, "Actual Loops": 1, "Output": ["u.id"]}]}]}]}]}]}, "Planning Time": 94.383, "Triggers": [], "Execution Time": 477.412}]
q98#####[{"Plan": {"Node Type": "Aggregate", "Strategy": "Plain", "Partial Mode": "Simple", "Parallel Aware": false, "Startup Cost": 678563.18, "Total Cost": 678563.19, "Plan Rows": 1, "Plan Width": 8, "Actual Startup Time": 156.594, "Actual Total Time": 156.597, "Actual Rows": 1, "Actual Loops": 1, "Output": ["count(*)"], "Plans": [{"Node Type": "Hash Join", "Parent Relationship": "Outer", "Parallel Aware": false, "Join Type": "Inner", "Startup Cost": 555.91, "Total Cost": 672530.49, "Plan Rows": 2413076, "Plan Width": 0, "Actual Startup Time": 8.123, "Actual Total Time": 155.371, "Actual Rows": 26241, "Actual Loops": 1, "Inner Unique": true, "Hash Cond": "(c.userid = u.id)", "Plans": [{"Node Type": "Nested Loop", "Parent Relationship": "Outer", "Parallel Aware": false, "Join Type": "Inner", "Startup Cost": 0.29, "Total Cost": 11592.57, "Plan Rows": 251498700, "Plan Width": 8, "Actual Startup Time": 0.062, "Actual Total Time": 133.172, "Actual Rows": 241275, "Actual Loops": 1, "Output": ["c.userid", "p.owneruserid"], "Inner Unique": false, "Plans": [{"Node Type": "Seq Scan", "Parent Relationship": "Outer", "Parallel Aware": false, "Relation Name": "posts", "Schema": "public", "Alias": "p", "Startup Cost": 0.0, "Total Cost": 1102.0, "Plan Rows": 14601, "Plan Width": 4, "Actual Startup Time": 0.022, "Actual Total Time": 6.867, "Actual Rows": 14882, "Actual Loops": 1, "Output": ["p.id", "p.posttypeid", "p.creationdate", "p.score", "p.viewcount", "p.owneruserid", "p.answercount", "p.commentcount", "p.favoritecount", "p.lasteditoruserid"], "Filter": "((p.answercount <= 3) AND (p.commentcount <= 10) AND (p.score <= 15) AND (p.score >= 0) AND (p.viewcount <= 3002) AND (p.viewcount >= 0))", "Rows Removed by Filter": 17198}, {"Node Type": "Index Scan", "Parent Relationship": "Inner", "Parallel Aware": false, "Scan Direction": "Forward", "Index Name": "idx_comments_userid", "Relation Name": "comments", "Schema": "public", "Alias": "c", "Startup Cost": 0.29, "Total Cost": 0.64, "Plan Rows": 8, "Plan Width": 4, "Actual Startup Time": 0.001, "Actual Total Time": 0.007, "Actual Rows": 16, "Actual Loops": 14882, "Output": ["c.id", "c.postid", "c.score", "c.creationdate", "c.userid"], "Index Cond": "(c.userid = p.owneruserid)", "Rows Removed by Index Recheck": 0, "Filter": "(c.score = 0)", "Rows Removed by Filter": 7}]}, {"Node Type": "Hash", "Parent Relationship": "Inner", "Parallel Aware": false, "Startup Cost": 386.32, "Total Cost": 386.32, "Plan Rows": 13544, "Plan Width": 4, "Actual Startup Time": 6.467, "Actual Total Time": 6.467, "Actual Rows": 13604, "Actual Loops": 1, "Output": ["u.id"], "Hash Buckets": 16384, "Original Hash Buckets": 16384, "Hash Batches": 1, "Original Hash Batches": 1, "Peak Memory Usage": 607, "Plans": [{"Node Type": "Seq Scan", "Parent Relationship": "Outer", "Parallel Aware": false, "Relation Name": "users", "Schema": "public", "Alias": "u", "Startup Cost": 0.0, "Total Cost": 386.32, "Plan Rows": 13544, "Plan Width": 4, "Actual Startup Time": 0.011, "Actual Total Time": 3.956, "Actual Rows": 13604, "Actual Loops": 1, "Output": ["u.id"], "Filter": "((u.creationdate <= 1409622606) AND (u.creationdate >= 1282551670) AND (u.downvotes <= 0) AND (u.upvotes >= 0))", "Rows Removed by Filter": 512}]}]}]}, "Planning Time": 70.317, "Triggers": [], "Execution Time": 156.693}]
q67#####[{"Plan": {"Node Type": "Aggregate", "Strategy": "Plain", "Partial Mode": "Simple", "Parallel Aware": false, "Startup Cost": 36216.55, "Total Cost": 36216.56, "Plan Rows": 1, "Plan Width": 8, "Actual Startup Time": 89.692, "Actual Total Time": 89.698, "Actual Rows": 1, "Actual Loops": 1, "Output": ["count(*)"], "Plans": [{"Node Type": "Nested Loop", "Parent Relationship": "Outer", "Parallel Aware": false, "Join Type": "Inner", "Startup Cost": 5064.96, "Total Cost": 31730.62, "Plan Rows": 1794371, "Plan Width": 0, "Actual Startup Time": 42.944, "Actual Total Time": 85.533, "Actual Rows": 64432, "Actual Loops": 1, "Inner Unique": false, "Plans": [{"Node Type": "Hash Join", "Parent Relationship": "Outer", "Parallel Aware": false, "Join Type": "Inner", "Startup Cost": 5064.67, "Total Cost": 9005.05, "Plan Rows": 65427, "Plan Width": 8, "Actual Startup Time": 42.922, "Actual Total Time": 68.521, "Actual Rows": 3038, "Actual Loops": 1, "Output": ["c.userid", "u.id"], "Inner Unique": false, "Hash Cond": "(v.postid = c.postid)", "Plans": [{"Node Type": "Seq Scan", "Parent Relationship": "Outer", "Parallel Aware": false, "Relation Name": "votes", "Schema": "public", "Alias": "v", "Startup Cost": 0.0, "Total Cost": 1993.76, "Plan Rows": 114876, "Plan Width": 4, "Actual Startup Time": 0.019, "Actual Total Time": 10.086, "Actual Rows": 114876, "Actual Loops": 1, "Output": ["v.id", "v.postid", "v.votetypeid", "v.creationdate", "v.userid", "v.bountyamount"]}, {"Node Type": "Hash", "Parent Relationship": "Inner", "Parallel Aware": false, "Startup Cost": 4825.08, "Total Cost": 4825.08, "Plan Rows": 19167, "Plan Width": 24, "Actual Startup Time": 42.638, "Actual Total Time": 42.643, "Actual Rows": 630, "Actual Loops": 1, "Output": ["c.userid", "c.postid", "ph.postid", "pl.relatedpostid", "p.id", "u.id"], "Hash Buckets": 32768, "Original Hash Buckets": 32768, "Hash Batches": 1, "Original Hash Batches": 1, "Peak Memory Usage": 291, "Plans": [{"Node Type": "Hash Join", "Parent Relationship": "Outer", "Parallel Aware": false, "Join Type": "Inner", "Startup Cost": 3257.23, "Total Cost": 4825.08, "Plan Rows": 19167, "Plan Width": 24, "Actual Startup Time": 23.015, "Actual Total Time": 42.458, "Actual Rows": 630, "Actual Loops": 1, "Output": ["c.userid", "c.postid", "ph.postid", "pl.relatedpostid", "p.id", "u.id"], "Inner Unique": false, "Hash Cond": "(c.postid = p.id)", "Plans": [{"Node Type": "Hash Join", "Parent Relationship": "Outer", "Parallel Aware": false, "Join Type": "Inner", "Startup Cost": 421.61, "Total Cost": 1643.4, "Plan Rows": 61128, "Plan Width": 12, "Actual Startup Time": 4.648, "Actual Total Time": 22.509, "Actual Rows": 15310, "Actual Loops": 1, "Output": ["c.userid", "c.postid", "u.id"], "Inner Unique": true, "Hash Cond": "(c.userid = u.id)", "Plans": [{"Node Type": "Seq Scan", "Parent Relationship": "Outer", "Parallel Aware": false, "Relation Name": "comments", "Schema": "public", "Alias": "c", "Startup Cost": 0.0, "Total Cost": 1061.28, "Plan Rows": 61128, "Plan Width": 8, "Actual Startup Time": 0.007, "Actual Total Time": 5.28, "Actual Rows": 61128, "Actual Loops": 1, "Output": ["c.id", "c.postid", "c.score", "c.creationdate", "c.userid"]}, {"Node Type": "Hash", "Parent Relationship": "Inner", "Parallel Aware": false, "Startup Cost": 245.16, "Total Cost": 245.16, "Plan Rows": 14116, "Plan Width": 4, "Actual Startup Time": 4.552, "Actual Total Time": 4.553, "Actual Rows": 14116, "Actual Loops": 1, "Output": ["u.id"], "Hash Buckets": 16384, "Original Hash Buckets": 16384, "Hash Batches": 1, "Original Hash Batches": 1, "Peak Memory Usage": 625, "Plans": [{"Node Type": "Seq Scan", "Parent Relationship": "Outer", "Parallel Aware": false, "Relation Name": "users", "Schema": "public", "Alias": "u", "Startup Cost": 0.0, "Total Cost": 245.16, "Plan Rows": 14116, "Plan Width": 4, "Actual Startup Time": 0.009, "Actual Total Time": 2.053, "Actual Rows": 14116, "Actual Loops": 1, "Output": ["u.id"]}]}]}, {"Node Type": "Hash", "Parent Relationship": "Inner", "Parallel Aware": false, "Startup Cost": 2758.97, "Total Cost": 2758.97, "Plan Rows": 6132, "Plan Width": 12, "Actual Startup Time": 18.284, "Actual Total Time": 18.286, "Actual Rows": 1958, "Actual Loops": 1, "Output": ["ph.postid", "pl.relatedpostid", "p.id"], "Hash Buckets": 8192, "Original Hash Buckets": 8192, "Hash Batches": 1, "Original Hash Batches": 1, "Peak Memory Usage": 149, "Plans": [{"Node Type": "Nested Loop", "Parent Relationship": "Outer", "Parallel Aware": false, "Join Type": "Inner", "Startup Cost": 1336.87, "Total Cost": 2758.97, "Plan Rows": 6132, "Plan Width": 12, "Actual Startup Time": 13.516, "Actual Total Time": 17.823, "Actual Rows": 1958, "Actual Loops": 1, "Output": ["ph.postid", "pl.relatedpostid", "p.id"], "Inner Unique": false, "Plans": [{"Node Type": "Hash Join", "Parent Relationship": "Outer", "Parallel Aware": false, "Join Type": "Inner", "Startup Cost": 1336.58, "Total Cost": 1423.28, "Plan Rows": 3473, "Plan Width": 8, "Actual Startup Time": 13.49, "Actual Total Time": 14.905, "Actual Rows": 934, "Actual Loops": 1, "Output": ["pl.relatedpostid", "p.id"], "Inner Unique": true, "Hash Cond": "(pl.relatedpostid = p.id)", "Plans": [{"Node Type": "Seq Scan", "Parent Relationship": "Outer", "Parallel Aware": false, "Relation Name": "postlinks", "Schema": "public", "Alias": "pl", "Startup Cost": 0.0, "Total Cost": 77.45, "Plan Rows": 3526, "Plan Width": 4, "Actual Startup Time": 0.006, "Actual Total Time": 0.783, "Actual Rows": 3526, "Actual Loops": 1, "Output": ["pl.id", "pl.creationdate", "pl.postid", "pl.relatedpostid", "pl.linktypeid"], "Filter": "(pl.linktypeid = 1)", "Rows Removed by Filter": 350}, {"Node Type": "Hash", "Parent Relationship": "Inner", "Parallel Aware": false, "Startup Cost": 941.6, "Total Cost": 941.6, "Plan Rows": 31598, "Plan Width": 4, "Actual Startup Time": 13.329, "Actual Total Time": 13.33, "Actual Rows": 31760, "Actual Loops": 1, "Output": ["p.id"], "Hash Buckets": 32768, "Original Hash Buckets": 32768, "Hash Batches": 1, "Original Hash Batches": 1, "Peak Memory Usage": 1373, "Plans": [{"Node Type": "Seq Scan", "Parent Relationship": "Outer", "Parallel Aware": false, "Relation Name": "posts", "Schema": "public", "Alias": "p", "Startup Cost": 0.0, "Total Cost": 941.6, "Plan Rows": 31598, "Plan Width": 4, "Actual Startup Time": 0.006, "Actual Total Time": 7.621, "Actual Rows": 31760, "Actual Loops": 1, "Output": ["p.id"], "Filter": "((p.commentcount >= 0) AND (p.creationdate <= 1410380564) AND (p.creationdate >= 1280310056) AND (p.score <= 40))", "Rows Removed by Filter": 320}]}]}, {"Node Type": "Index Only Scan", "Parent Relationship": "Inner", "Parallel Aware": false, "Scan Direction": "Forward", "Index Name": "idx_posthistory_postid", "Relation Name": "posthistory", "Schema": "public", "Alias": "ph", "Startup Cost": 0.29, "Total Cost": 0.36, "Plan Rows": 2, "Plan Width": 4, "Actual Startup Time": 0.002, "Actual Total Time": 0.003, "Actual Rows": 2, "Actual Loops": 934, "Output": ["ph.postid"], "Index Cond": "(ph.postid = p.id)", "Rows Removed by Index Recheck": 0, "Heap Fetches": 0}]}]}]}]}]}, {"Node Type": "Index Only Scan", "Parent Relationship": "Inner", "Parallel Aware": false, "Scan Direction": "Forward", "Index Name": "idx_badges_userid", "Relation Name": "badges", "Schema": "public", "Alias": "b", "Startup Cost": 0.29, "Total Cost": 0.33, "Plan Rows": 2, "Plan Width": 4, "Actual Startup Time": 0.001, "Actual Total Time": 0.003, "Actual Rows": 21, "Actual Loops": 3038, "Output": ["b.userid"], "Index Cond": "(b.userid = c.userid)", "Rows Removed by Index Recheck": 0, "Heap Fetches": 0}]}]}, "Planning Time": 259.007, "Triggers": [], "Execution Time": 89.809}]
q73#####[{"Plan": {"Node Type": "Aggregate", "Strategy": "Plain", "Partial Mode": "Simple", "Parallel Aware": false, "Startup Cost": 332176.64, "Total Cost": 332176.65, "Plan Rows": 1, "Plan Width": 8, "Actual Startup Time": 25217.888, "Actual Total Time": 25217.89, "Actual Rows": 1, "Actual Loops": 1, "Output": ["count(*)"], "Plans": [{"Node Type": "Nested Loop", "Parent Relationship": "Outer", "Parallel Aware": false, "Join Type": "Inner", "Startup Cost": 33.01, "Total Cost": 276700.45, "Plan Rows": 22190478, "Plan Width": 0, "Actual Startup Time": 1.338, "Actual Total Time": 21734.885, "Actual Rows": 88919020, "Actual Loops": 1, "Inner Unique": false, "Plans": [{"Node Type": "Merge Join", "Parent Relationship": "Outer", "Parallel Aware": false, "Join Type": "Inner", "Startup Cost": 32.72, "Total Cost": 9643.43, "Plan Rows": 367002, "Plan Width": 12, "Actual Startup Time": 1.321, "Actual Total Time": 53.909, "Actual Rows": 80005, "Actual Loops": 1, "Output": ["b.userid", "p.owneruserid", "u.id"], "Inner Unique": false, "Merge Cond": "(p.owneruserid = b.userid)", "Plans": [{"Node Type": "Index Scan", "Parent Relationship": "Outer", "Parallel Aware": false, "Scan Direction": "Forward", "Index Name": "idx_posts_owneruserid", "Relation Name": "posts", "Schema": "public", "Alias": "p", "Startup Cost": 0.29, "Total Cost": 2053.69, "Plan Rows": 31944, "Plan Width": 4, "Actual Startup Time": 0.018, "Actual Total Time": 17.09, "Actual Rows": 31906, "Actual Loops": 1, "Output": ["p.id", "p.posttypeid", "p.creationdate", "p.score", "p.viewcount", "p.owneruserid", "p.answercount", "p.commentcount", "p.favoritecount", "p.lasteditoruserid"], "Filter": "(p.score >= 0)", "Rows Removed by Filter": 135}, {"Node Type": "Materialize", "Parent Relationship": "Inner", "Parallel Aware": false, "Startup Cost": 0.64, "Total Cost": 2074.3, "Plan Rows": 27740, "Plan Width": 8, "Actual Startup Time": 0.287, "Actual Total Time": 20.206, "Actual Rows": 83599, "Actual Loops": 1, "Output": ["b.userid", "u.id"], "Plans": [{"Node Type": "Merge Join", "Parent Relationship": "Outer", "Parallel Aware": false, "Join Type": "Inner", "Startup Cost": 0.64, "Total Cost": 2004.95, "Plan Rows": 27740, "Plan Width": 8, "Actual Startup Time": 0.285, "Actual Total Time": 12.299, "Actual Rows": 8640, "Actual Loops": 1, "Output": ["b.userid", "u.id"], "Inner Unique": true, "Merge Cond": "(b.userid = u.id)", "Plans": [{"Node Type": "Index Only Scan", "Parent Relationship": "Outer", "Parallel Aware": false, "Scan Direction": "Forward", "Index Name": "idx_badges_userid", "Relation Name": "badges", "Schema": "public", "Alias": "b", "Startup Cost": 0.29, "Total Cost": 716.2, "Plan Rows": 27994, "Plan Width": 4, "Actual Startup Time": 0.009, "Actual Total Time": 2.56, "Actual Rows": 27946, "Actual Loops": 1, "Output": ["b.userid"], "Heap Fetches": 0}, {"Node Type": "Index Scan", "Parent Relationship": "Inner", "Parallel Aware": false, "Scan Direction": "Forward", "Index Name": "users_pkey", "Relation Name": "users", "Schema": "public", "Alias": "u", "Startup Cost": 0.29, "Total Cost": 906.6, "Plan Rows": 13988, "Plan Width": 4, "Actual Startup Time": 0.147, "Actual Total Time": 6.967, "Actual Rows": 13958, "Actual Loops": 1, "Output": ["u.id", "u.reputation", "u.creationdate", "u.views", "u.upvotes", "u.downvotes"], "Filter": "((u.creationdate <= 1410317040) AND (u.creationdate >= 1280170566))", "Rows Removed by Filter": 158}]}]}]}, {"Node Type": "Index Scan", "Parent Relationship": "Inner", "Parallel Aware": false, "Scan Direction": "Forward", "Index Name": "idx_posthistory_userid", "Relation Name": "posthistory", "Schema": "public", "Alias": "ph", "Startup Cost": 0.29, "Total Cost": 0.63, "Plan Rows": 10, "Plan Width": 4, "Actual Startup Time": 0.002, "Actual Total Time": 0.212, "Actual Rows": 1111, "Actual Loops": 80005, "Output": ["ph.id", "ph.posthistorytypeid", "ph.postid", "ph.creationdate", "ph.userid"], "Index Cond": "(ph.userid = b.userid)", "Rows Removed by Index Recheck": 0, "Filter": "(ph.creationdate >= 1279540351)", "Rows Removed by Filter": 0}]}]}, "Planning Time": 89.459, "Triggers": [], "Execution Time": 25218.014}]
q14#####[{"Plan": {"Node Type": "Aggregate", "Strategy": "Plain", "Partial Mode": "Simple", "Parallel Aware": false, "Startup Cost": 9168.98, "Total Cost": 9168.99, "Plan Rows": 1, "Plan Width": 8, "Actual Startup Time": 78.898, "Actual Total Time": 78.901, "Actual Rows": 1, "Actual Loops": 1, "Output": ["count(*)"], "Plans": [{"Node Type": "Nested Loop", "Parent Relationship": "Outer", "Parallel Aware": false, "Join Type": "Inner", "Startup Cost": 1295.94, "Total Cost": 9151.05, "Plan Rows": 7170, "Plan Width": 0, "Actual Startup Time": 14.753, "Actual Total Time": 78.636, "Actual Rows": 4582, "Actual Loops": 1, "Inner Unique": false, "Plans": [{"Node Type": "Hash Join", "Parent Relationship": "Outer", "Parallel Aware": false, "Join Type": "Inner", "Startup Cost": 1295.65, "Total Cost": 8632.91, "Plan Rows": 1234, "Plan Width": 8, "Actual Startup Time": 14.463, "Actual Total Time": 66.143, "Actual Rows": 433, "Actual Loops": 1, "Output": ["u.id", "v.userid"], "Inner Unique": true, "Hash Cond": "(v.userid = u.id)", "Plans": [{"Node Type": "Seq Scan", "Parent Relationship": "Outer", "Parallel Aware": false, "Relation Name": "votes", "Schema": "public", "Alias": "v", "Startup Cost": 0.0, "Total Cost": 7333.96, "Plan Rows": 1258, "Plan Width": 4, "Actual Startup Time": 0.221, "Actual Total Time": 52.196, "Actual Rows": 1301, "Actual Loops": 1, "Output": ["v.id", "v.postid", "v.votetypeid", "v.creationdate", "v.userid", "v.bountyamount"], "Filter": "((v.bountyamount <= 50) AND (v.bountyamount >= 0))", "Rows Removed by Filter": 326763}, {"Node Type": "Hash", "Parent Relationship": "Inner", "Parallel Aware": false, "Startup Cost": 801.06, "Total Cost": 801.06, "Plan Rows": 39567, "Plan Width": 4, "Actual Startup Time": 13.443, "Actual Total Time": 13.444, "Actual Rows": 39578, "Actual Loops": 1, "Output": ["u.id"], "Hash Buckets": 65536, "Original Hash Buckets": 65536, "Hash Batches": 1, "Original Hash Batches": 1, "Peak Memory Usage": 1904, "Plans": [{"Node Type": "Seq Scan", "Parent Relationship": "Outer", "Parallel Aware": false, "Relation Name": "users", "Schema": "public", "Alias": "u", "Startup Cost": 0.0, "Total Cost": 801.06, "Plan Rows": 39567, "Plan Width": 4, "Actual Startup Time": 0.01, "Actual Total Time": 6.837, "Actual Rows": 39578, "Actual Loops": 1, "Output": ["u.id"], "Filter": "(u.downvotes = 0)", "Rows Removed by Filter": 747}]}]}, {"Node Type": "Index Only Scan", "Parent Relationship": "Inner", "Parallel Aware": false, "Scan Direction": "Forward", "Index Name": "idx_badges_userid", "Relation Name": "badges", "Schema": "public", "Alias": "b", "Startup Cost": 0.29, "Total Cost": 0.38, "Plan Rows": 4, "Plan Width": 4, "Actual Startup Time": 0.027, "Actual Total Time": 0.028, "Actual Rows": 11, "Actual Loops": 433, "Output": ["b.userid"], "Index Cond": "(b.userid = u.id)", "Rows Removed by Index Recheck": 0, "Heap Fetches": 0}]}]}, "Planning Time": 83.304, "Triggers": [], "Execution Time": 78.982}]
q28#####[{"Plan": {"Node Type": "Aggregate", "Strategy": "Plain", "Partial Mode": "Simple", "Parallel Aware": false, "Startup Cost": 65742.71, "Total Cost": 65742.72, "Plan Rows": 1, "Plan Width": 8, "Actual Startup Time": 260.811, "Actual Total Time": 260.813, "Actual Rows": 1, "Actual Loops": 1, "Output": ["count(*)"], "Plans": [{"Node Type": "Nested Loop", "Parent Relationship": "Outer", "Parallel Aware": false, "Join Type": "Inner", "Startup Cost": 4493.78, "Total Cost": 29527.64, "Plan Rows": 14486028, "Plan Width": 0, "Actual Startup Time": 214.198, "Actual Total Time": 260.371, "Actual Rows": 12886, "Actual Loops": 1, "Inner Unique": false, "Join Filter": "(c.userid = ph.userid)", "Rows Removed by Join Filter": 0, "Plans": [{"Node Type": "Hash Join", "Parent Relationship": "Outer", "Parallel Aware": false, "Join Type": "Inner", "Startup Cost": 4493.49, "Total Cost": 5765.9, "Plan Rows": 27356, "Plan Width": 16, "Actual Startup Time": 214.169, "Actual Total Time": 254.888, "Actual Rows": 142, "Actual Loops": 1, "Output": ["c.userid", "p.owneruserid", "u.id", "v.userid"], "Inner Unique": true, "Hash Cond": "(c.userid = u.id)", "Plans": [{"Node Type": "Nested Loop", "Parent Relationship": "Outer", "Parallel Aware": false, "Join Type": "Inner", "Startup Cost": 3976.82, "Total Cost": 4484.02, "Plan Rows": 291420, "Plan Width": 12, "Actual Startup Time": 23.027, "Actual Total Time": 238.606, "Actual Rows": 66088, "Actual Loops": 1, "Output": ["c.userid", "p.owneruserid", "v.userid"], "Inner Unique": false, "Plans": [{"Node Type": "Merge Join", "Parent Relationship": "Outer", "Parallel Aware": false, "Join Type": "Inner", "Startup Cost": 3976.54, "Total Cost": 3996.15, "Plan Rows": 528, "Plan Width": 8, "Actual Startup Time": 22.975, "Actual Total Time": 23.993, "Actual Rows": 3129, "Actual Loops": 1, "Output": ["c.userid", "v.userid"], "Inner Unique": false, "Merge Cond": "(c.userid = v.userid)", "Plans": [{"Node Type": "Sort", "Parent Relationship": "Outer", "Parallel Aware": false, "Startup Cost": 1374.03, "Total Cost": 1381.02, "Plan Rows": 2794, "Plan Width": 4, "Actual Startup Time": 11.7, "Actual Total Time": 11.96, "Actual Rows": 2839, "Actual Loops": 1, "Output": ["c.userid"], "Sort Key": ["c.userid"], "Sort Method": "quicksort", "Sort Space Used": 230, "Sort Space Type": "Memory", "Plans": [{"Node Type": "Seq Scan", "Parent Relationship": "Outer", "Parallel Aware": false, "Relation Name": "comments", "Schema": "public", "Alias": "c", "Startup Cost": 0.0, "Total Cost": 1214.1, "Plan Rows": 2794, "Plan Width": 4, "Actual Startup Time": 0.035, "Actual Total Time": 10.673, "Actual Rows": 2839, "Actual Loops": 1, "Output": ["c.userid"], "Filter": "(c.score = 2)", "Rows Removed by Filter": 58289}]}, {"Node Type": "Sort", "Parent Relationship": "Inner", "Parallel Aware": false, "Startup Cost": 2599.54, "Total Cost": 2601.21, "Plan Rows": 669, "Plan Width": 4, "Actual Startup Time": 11.24, "Actual Total Time": 11.449, "Actual Rows": 3625, "Actual Loops": 1, "Output": ["v.userid"], "Sort Key": ["v.userid"], "Sort Method": "quicksort", "Sort Space Used": 54, "Sort Space Type": "Memory", "Plans": [{"Node Type": "Seq Scan", "Parent Relationship": "Outer", "Parallel Aware": false, "Relation Name": "votes", "Schema": "public", "Alias": "v", "Startup Cost": 0.0, "Total Cost": 2568.14, "Plan Rows": 669, "Plan Width": 4, "Actual Startup Time": 0.013, "Actual Total Time": 11.12, "Actual Rows": 630, "Actual Loops": 1, "Output": ["v.userid"], "Filter": "((v.bountyamount >= 0) AND (v.creationdate >= 1274198400))", "Rows Removed by Filter": 114246}]}]}, {"Node Type": "Index Scan", "Parent Relationship": "Inner", "Parallel Aware": false, "Scan Direction": "Forward", "Index Name": "idx_posts_owneruserid", "Relation Name": "posts", "Schema": "public", "Alias": "p", "Startup Cost": 0.29, "Total Cost": 0.9, "Plan Rows": 2, "Plan Width": 4, "Actual Startup Time": 0.018, "Actual Total Time": 0.067, "Actual Rows": 21, "Actual Loops": 3129, "Output": ["p.id", "p.posttypeid", "p.creationdate", "p.score", "p.viewcount", "p.owneruserid", "p.answercount", "p.commentcount", "p.favoritecount", "p.lasteditoruserid"], "Index Cond": "(p.owneruserid = c.userid)", "Rows Removed by Index Recheck": 0, "Filter": "((p.answercount <= 9) AND (p.answercount >= 0) AND (p.creationdate <= 1409029042) AND (p.creationdate >= 1279621045))", "Rows Removed by Filter": 314}]}, {"Node Type": "Hash", "Parent Relationship": "Inner", "Parallel Aware": false, "Startup Cost": 351.03, "Total Cost": 351.03, "Plan Rows": 13251, "Plan Width": 4, "Actual Startup Time": 12.845, "Actual Total Time": 12.846, "Actual Rows": 13279, "Actual Loops": 1, "Output": ["u.id"], "Hash Buckets": 16384, "Original Hash Buckets": 16384, "Hash Batches": 1, "Original Hash Batches": 1, "Peak Memory Usage": 595, "Plans": [{"Node Type": "Seq Scan", "Parent Relationship": "Outer", "Parallel Aware": false, "Relation Name": "users", "Schema": "public", "Alias": "u", "Startup Cost": 0.0, "Total Cost": 351.03, "Plan Rows": 13251, "Plan Width": 4, "Actual Startup Time": 0.029, "Actual Total Time": 7.735, "Actual Rows": 13279, "Actual Loops": 1, "Output": ["u.id"], "Filter": "((u.creationdate <= 1408053143) AND (u.creationdate >= 1285088830) AND (u.upvotes <= 230))", "Rows Removed by Filter": 837}]}]}, {"Node Type": "Index Scan", "Parent Relationship": "Inner", "Parallel Aware": false, "Scan Direction": "Forward", "Index Name": "idx_posthistory_userid", "Relation Name": "posthistory", "Schema": "public", "Alias": "ph", "Startup Cost": 0.29, "Total Cost": 0.74, "Plan Rows": 10, "Plan Width": 4, "Actual Startup Time": 0.002, "Actual Total Time": 0.03, "Actual Rows": 91, "Actual Loops": 142, "Output": ["ph.id", "ph.posthistorytypeid", "ph.postid", "ph.creationdate", "ph.userid"], "Index Cond": "(ph.userid = p.owneruserid)", "Rows Removed by Index Recheck": 0, "Filter": "(ph.creationdate <= 1409615927)", "Rows Removed by Filter": 0}]}]}, "Planning Time": 133.14, "Triggers": [], "Execution Time": 261.058}]
q115#####[{"Plan": {"Node Type": "Aggregate", "Strategy": "Plain", "Partial Mode": "Simple", "Parallel Aware": false, "Startup Cost": 3764.07, "Total Cost": 3764.08, "Plan Rows": 1, "Plan Width": 8, "Actual Startup Time": 29.201, "Actual Total Time": 29.206, "Actual Rows": 1, "Actual Loops": 1, "Output": ["count(*)"], "Plans": [{"Node Type": "Hash Join", "Parent Relationship": "Outer", "Parallel Aware": false, "Join Type": "Inner", "Startup Cost": 2694.59, "Total Cost": 3668.95, "Plan Rows": 38048, "Plan Width": 0, "Actual Startup Time": 27.407, "Actual Total Time": 29.099, "Actual Rows": 1794, "Actual Loops": 1, "Inner Unique": false, "Hash Cond": "(p.owneruserid = b.userid)", "Plans": [{"Node Type": "Hash Join", "Parent Relationship": "Outer", "Parallel Aware": false, "Join Type": "Inner", "Startup Cost": 1322.89, "Total Cost": 1409.59, "Plan Rows": 3353, "Plan Width": 4, "Actual Startup Time": 13.11, "Actual Total Time": 14.443, "Actual Rows": 950, "Actual Loops": 1, "Output": ["p.owneruserid"], "Inner Unique": true, "Hash Cond": "(pl.relatedpostid = p.id)", "Plans": [{"Node Type": "Seq Scan", "Parent Relationship": "Outer", "Parallel Aware": false, "Relation Name": "postlinks", "Schema": "public", "Alias": "pl", "Startup Cost": 0.0, "Total Cost": 77.45, "Plan Rows": 3526, "Plan Width": 4, "Actual Startup Time": 0.01, "Actual Total Time": 0.768, "Actual Rows": 3526, "Actual Loops": 1, "Output": ["pl.id", "pl.creationdate", "pl.postid", "pl.relatedpostid", "pl.linktypeid"], "Filter": "(pl.linktypeid = 1)", "Rows Removed by Filter": 350}, {"Node Type": "Hash", "Parent Relationship": "Inner", "Parallel Aware": false, "Startup Cost": 941.6, "Total Cost": 941.6, "Plan Rows": 30503, "Plan Width": 8, "Actual Startup Time": 12.939, "Actual Total Time": 12.94, "Actual Rows": 30893, "Actual Loops": 1, "Output": ["p.owneruserid", "p.id"], "Hash Buckets": 32768, "Original Hash Buckets": 32768, "Hash Batches": 1, "Original Hash Batches": 1, "Peak Memory Usage": 1463, "Plans": [{"Node Type": "Seq Scan", "Parent Relationship": "Outer", "Parallel Aware": false, "Relation Name": "posts", "Schema": "public", "Alias": "p", "Startup Cost": 0.0, "Total Cost": 941.6, "Plan Rows": 30503, "Plan Width": 8, "Actual Startup Time": 0.006, "Actual Total Time": 7.377, "Actual Rows": 30893, "Actual Loops": 1, "Output": ["p.owneruserid", "p.id"], "Filter": "((p.commentcount <= 8) AND (p.creationdate <= 1410023463) AND (p.creationdate >= 1279686643) AND (p.score >= '-1'::integer))", "Rows Removed by Filter": 1187}]}]}, {"Node Type": "Hash", "Parent Relationship": "Inner", "Parallel Aware": false, "Startup Cost": 1029.19, "Total Cost": 1029.19, "Plan Rows": 27401, "Plan Width": 8, "Actual Startup Time": 14.25, "Actual Total Time": 14.252, "Actual Rows": 7930, "Actual Loops": 1, "Output": ["b.userid", "u.id"], "Hash Buckets": 32768, "Original Hash Buckets": 32768, "Hash Batches": 1, "Original Hash Batches": 1, "Peak Memory Usage": 566, "Plans": [{"Node Type": "Hash Join", "Parent Relationship": "Outer", "Parallel Aware": false, "Join Type": "Inner", "Startup Cost": 523.74, "Total Cost": 1029.19, "Plan Rows": 27401, "Plan Width": 8, "Actual Startup Time": 4.959, "Actual Total Time": 12.712, "Actual Rows": 7930, "Actual Loops": 1, "Output": ["b.userid", "u.id"], "Inner Unique": true, "Hash Cond": "(b.userid = u.id)", "Plans": [{"Node Type": "Seq Scan", "Parent Relationship": "Outer", "Parallel Aware": false, "Relation Name": "badges", "Schema": "public", "Alias": "b", "Startup Cost": 0.0, "Total Cost": 431.94, "Plan Rows": 27994, "Plan Width": 4, "Actual Startup Time": 0.021, "Actual Total Time": 2.094, "Actual Rows": 27994, "Actual Loops": 1, "Output": ["b.id", "b.userid", "b.date"]}, {"Node Type": "Hash", "Parent Relationship": "Inner", "Parallel Aware": false, "Startup Cost": 351.03, "Total Cost": 351.03, "Plan Rows": 13817, "Plan Width": 4, "Actual Startup Time": 4.893, "Actual Total Time": 4.894, "Actual Rows": 13840, "Actual Loops": 1, "Output": ["u.id"], "Hash Buckets": 16384, "Original Hash Buckets": 16384, "Hash Batches": 1, "Original Hash Batches": 1, "Peak Memory Usage": 615, "Plans": [{"Node Type": "Seq Scan", "Parent Relationship": "Outer", "Parallel Aware": false, "Relation Name": "users", "Schema": "public", "Alias": "u", "Startup Cost": 0.0, "Total Cost": 351.03, "Plan Rows": 13817, "Plan Width": 4, "Actual Startup Time": 0.012, "Actual Total Time": 2.69, "Actual Rows": 13840, "Actual Loops": 1, "Output": ["u.id"], "Filter": "((u.creationdate <= 1410445602) AND (u.creationdate >= 1280142685) AND (u.views <= 40))", "Rows Removed by Filter": 276}]}]}]}]}]}, "Planning Time": 95.321, "Triggers": [], "Execution Time": 29.3}]
q101#####[{"Plan": {"Node Type": "Aggregate", "Strategy": "Plain", "Partial Mode": "Simple", "Parallel Aware": false, "Startup Cost": 24355.34, "Total Cost": 24355.35, "Plan Rows": 1, "Plan Width": 8, "Actual Startup Time": 118.293, "Actual Total Time": 118.3, "Actual Rows": 1, "Actual Loops": 1, "Output": ["count(*)"], "Plans": [{"Node Type": "Merge Join", "Parent Relationship": "Outer", "Parallel Aware": false, "Join Type": "Inner", "Startup Cost": 15542.54, "Total Cost": 19329.03, "Plan Rows": 2010526, "Plan Width": 0, "Actual Startup Time": 111.387, "Actual Total Time": 117.435, "Actual Rows": 25545, "Actual Loops": 1, "Inner Unique": false, "Merge Cond": "(b.userid = p.owneruserid)", "Plans": [{"Node Type": "Index Only Scan", "Parent Relationship": "Outer", "Parallel Aware": false, "Scan Direction": "Forward", "Index Name": "idx_badges_userid", "Relation Name": "badges", "Schema": "public", "Alias": "b", "Startup Cost": 0.29, "Total Cost": 716.2, "Plan Rows": 27994, "Plan Width": 4, "Actual Startup Time": 0.008, "Actual Total Time": 2.119, "Actual Rows": 27851, "Actual Loops": 1, "Output": ["b.userid"], "Heap Fetches": 0}, {"Node Type": "Sort", "Parent Relationship": "Inner", "Parallel Aware": false, "Startup Cost": 15534.1, "Total Cost": 15577.45, "Plan Rows": 17340, "Plan Width": 8, "Actual Startup Time": 111.356, "Actual Total Time": 112.203, "Actual Rows": 26596, "Actual Loops": 1, "Output": ["p.owneruserid", "u.id"], "Sort Key": ["p.owneruserid"], "Sort Method": "quicksort", "Sort Space Used": 502, "Sort Space Type": "Memory", "Plans": [{"Node Type": "Merge Join", "Parent Relationship": "Outer", "Parallel Aware": false, "Join Type": "Inner", "Startup Cost": 4908.8, "Total Cost": 14313.2, "Plan Rows": 17340, "Plan Width": 8, "Actual Startup Time": 45.263, "Actual Total Time": 110.334, "Actual Rows": 6608, "Actual Loops": 1, "Output": ["p.owneruserid", "u.id"], "Inner Unique": false, "Merge Cond": "(c.postid = v.postid)", "Plans": [{"Node Type": "Merge Join", "Parent Relationship": "Outer", "Parallel Aware": false, "Join Type": "Inner", "Startup Cost": 4908.3, "Total Cost": 8701.82, "Plan Rows": 50800, "Plan Width": 20, "Actual Startup Time": 32.383, "Actual Total Time": 47.136, "Actual Rows": 4910, "Actual Loops": 1, "Output": ["c.postid", "ph.postid", "p.owneruserid", "p.id", "u.id"], "Inner Unique": false, "Merge Cond": "(ph.postid = c.postid)", "Plans": [{"Node Type": "Index Only Scan", "Parent Relationship": "Outer", "Parallel Aware": false, "Scan Direction": "Forward", "Index Name": "idx_posthistory_postid", "Relation Name": "posthistory", "Schema": "public", "Alias": "ph", "Startup Cost": 0.29, "Total Cost": 2766.28, "Plan Rows": 106266, "Plan Width": 4, "Actual Startup Time": 0.01, "Actual Total Time": 9.195, "Actual Rows": 105342, "Actual Loops": 1, "Output": ["ph.postid"], "Heap Fetches": 0}, {"Node Type": "Sort", "Parent Relationship": "Inner", "Parallel Aware": false, "Startup Cost": 4907.98, "Total Cost": 4960.48, "Plan Rows": 20997, "Plan Width": 16, "Actual Startup Time": 31.951, "Actual Total Time": 32.312, "Actual Rows": 5389, "Actual Loops": 1, "Output": ["c.postid", "p.owneruserid", "p.id", "u.id"], "Sort Key": ["c.postid"], "Sort Method": "quicksort", "Sort Space Used": 213, "Sort Space Type": "Memory", "Plans": [{"Node Type": "Hash Join", "Parent Relationship": "Outer", "Parallel Aware": false, "Join Type": "Inner", "Startup Cost": 1852.88, "Total Cost": 3400.62, "Plan Rows": 20997, "Plan Width": 16, "Actual Startup Time": 12.602, "Actual Total Time": 31.32, "Actual Rows": 2476, "Actual Loops": 1, "Output": ["c.postid", "p.owneruserid", "p.id", "u.id"], "Inner Unique": true, "Hash Cond": "(p.owneruserid = u.id)", "Plans": [{"Node Type": "Hash Join", "Parent Relationship": "Outer", "Parallel Aware": false, "Join Type": "Inner", "Startup Cost": 1365.95, "Total Cost": 2856.86, "Plan Rows": 21642, "Plan Width": 12, "Actual Startup Time": 8.673, "Actual Total Time": 25.838, "Actual Rows": 8046, "Actual Loops": 1, "Output": ["c.postid", "p.owneruserid", "p.id"], "Inner Unique": true, "Hash Cond": "(c.postid = p.id)", "Plans": [{"Node Type": "Seq Scan", "Parent Relationship": "Outer", "Parallel Aware": false, "Relation Name": "comments", "Schema": "public", "Alias": "c", "Startup Cost": 0.0, "Total Cost": 1366.92, "Plan Rows": 47230, "Plan Width": 4, "Actual Startup Time": 0.014, "Actual Total Time": 10.373, "Actual Rows": 47379, "Actual Loops": 1, "Output": ["c.id", "c.postid", "c.score", "c.creationdate", "c.userid"], "Filter": "((c.creationdate <= 1410263909) AND (c.score = 0))", "Rows Removed by Filter": 13749}, {"Node Type": "Hash", "Parent Relationship": "Inner", "Parallel Aware": false, "Startup Cost": 1182.2, "Total Cost": 1182.2, "Plan Rows": 14700, "Plan Width": 8, "Actual Startup Time": 8.574, "Actual Total Time": 8.576, "Actual Rows": 15132, "Actual Loops": 1, "Output": ["p.owneruserid", "p.id"], "Hash Buckets": 16384, "Original Hash Buckets": 16384, "Hash Batches": 1, "Original Hash Batches": 1, "Peak Memory Usage": 720, "Plans": [{"Node Type": "Seq Scan", "Parent Relationship": "Outer", "Parallel Aware": false, "Relation Name": "posts", "Schema": "public", "Alias": "p", "Startup Cost": 0.0, "Total Cost": 1182.2, "Plan Rows": 14700, "Plan Width": 8, "Actual Startup Time": 0.005, "Actual Total Time": 6.659, "Actual Rows": 15132, "Actual Loops": 1, "Output": ["p.owneruserid", "p.id"], "Filter": "((p.answercount <= 4) AND (p.commentcount <= 11) AND (p.commentcount >= 0) AND (p.creationdate >= 1295915501) AND (p.score >= '-4'::integer) AND (p.viewcount <= 5977) AND (p.viewcount >= 0))", "Rows Removed by Filter": 16948}]}]}, {"Node Type": "Hash", "Parent Relationship": "Inner", "Parallel Aware": false, "Startup Cost": 315.74, "Total Cost": 315.74, "Plan Rows": 13695, "Plan Width": 4, "Actual Startup Time": 3.857, "Actual Total Time": 3.858, "Actual Rows": 13849, "Actual Loops": 1, "Output": ["u.id"], "Hash Buckets": 16384, "Original Hash Buckets": 16384, "Hash Batches": 1, "Original Hash Batches": 1, "Peak Memory Usage": 615, "Plans": [{"Node Type": "Seq Scan", "Parent Relationship": "Outer", "Parallel Aware": false, "Relation Name": "users", "Schema": "public", "Alias": "u", "Startup Cost": 0.0, "Total Cost": 315.74, "Plan Rows": 13695, "Plan Width": 4, "Actual Startup Time": 0.012, "Actual Total Time": 2.184, "Actual Rows": 13849, "Actual Loops": 1, "Output": ["u.id"], "Filter": "((u.downvotes <= 0) AND (u.reputation <= 312))", "Rows Removed by Filter": 267}]}]}]}]}, {"Node Type": "Materialize", "Parent Relationship": "Inner", "Parallel Aware": false, "Startup Cost": 0.29, "Total Cost": 3170.62, "Plan Rows": 114876, "Plan Width": 4, "Actual Startup Time": 0.013, "Actual Total Time": 51.153, "Actual Rows": 119813, "Actual Loops": 1, "Output": ["v.postid"], "Plans": [{"Node Type": "Index Only Scan", "Parent Relationship": "Outer", "Parallel Aware": false, "Scan Direction": "Forward", "Index Name": "idx_votes_postid", "Relation Name": "votes", "Schema": "public", "Alias": "v", "Startup Cost": 0.29, "Total Cost": 2883.43, "Plan Rows": 114876, "Plan Width": 4, "Actual Startup Time": 0.011, "Actual Total Time": 33.323, "Actual Rows": 114406, "Actual Loops": 1, "Output": ["v.postid"], "Heap Fetches": 0}]}]}]}]}]}, "Planning Time": 180.349, "Triggers": [], "Execution Time": 118.417}]
q129#####[{"Plan": {"Node Type": "Aggregate", "Strategy": "Plain", "Partial Mode": "Simple", "Parallel Aware": false, "Startup Cost": 25003.66, "Total Cost": 25003.67, "Plan Rows": 1, "Plan Width": 8, "Actual Startup Time": 2736.023, "Actual Total Time": 2736.025, "Actual Rows": 1, "Actual Loops": 1, "Output": ["count(*)"], "Plans": [{"Node Type": "Nested Loop", "Parent Relationship": "Outer", "Parallel Aware": false, "Join Type": "Inner", "Startup Cost": 1598.93, "Total Cost": 23299.18, "Plan Rows": 681792, "Plan Width": 0, "Actual Startup Time": 14.506, "Actual Total Time": 2533.853, "Actual Rows": 5982882, "Actual Loops": 1, "Inner Unique": false, "Join Filter": "(p.owneruserid = b.userid)", "Rows Removed by Join Filter": 0, "Plans": [{"Node Type": "Nested Loop", "Parent Relationship": "Outer", "Parallel Aware": false, "Join Type": "Inner", "Startup Cost": 1598.64, "Total Cost": 13806.6, "Plan Rows": 19627, "Plan Width": 8, "Actual Startup Time": 13.643, "Actual Total Time": 263.797, "Actual Rows": 375085, "Actual Loops": 1, "Output": ["p.owneruserid", "u.id"], "Inner Unique": false, "Plans": [{"Node Type": "Nested Loop", "Parent Relationship": "Outer", "Parallel Aware": false, "Join Type": "Inner", "Startup Cost": 1598.22, "Total Cost": 11409.94, "Plan Rows": 4195, "Plan Width": 20, "Actual Startup Time": 13.632, "Actual Total Time": 145.896, "Actual Rows": 55797, "Actual Loops": 1, "Output": ["c.postid", "p.owneruserid", "p.id", "u.id", "v.postid"], "Inner Unique": false, "Plans": [{"Node Type": "Hash Join", "Parent Relationship": "Outer", "Parallel Aware": false, "Join Type": "Inner", "Startup Cost": 1597.8, "Total Cost": 7964.1, "Plan Rows": 5190, "Plan Width": 16, "Actual Startup Time": 13.593, "Actual Total Time": 52.786, "Actual Rows": 27503, "Actual Loops": 1, "Output": ["c.postid", "p.owneruserid", "p.id", "u.id"], "Inner Unique": true, "Hash Cond": "(p.owneruserid = u.id)", "Plans": [{"Node Type": "Nested Loop", "Parent Relationship": "Outer", "Parallel Aware": false, "Join Type": "Inner", "Startup Cost": 0.42, "Total Cost": 6227.67, "Plan Rows": 52970, "Plan Width": 12, "Actual Startup Time": 0.027, "Actual Total Time": 32.763, "Actual Rows": 30578, "Actual Loops": 1, "Output": ["c.postid", "p.owneruserid", "p.id"], "Inner Unique": false, "Plans": [{"Node Type": "Seq Scan", "Parent Relationship": "Outer", "Parallel Aware": false, "Relation Name": "posts", "Schema": "public", "Alias": "p", "Startup Cost": 0.0, "Total Cost": 2929.46, "Plan Rows": 2795, "Plan Width": 8, "Actual Startup Time": 0.016, "Actual Total Time": 12.266, "Actual Rows": 12978, "Actual Loops": 1, "Output": ["p.id", "p.posttypeid", "p.creationdate", "p.score", "p.viewcount", "p.owneruserid", "p.answercount", "p.commentcount", "p.favoritecount", "p.lasteditoruserid"], "Filter": "((p.answercount <= 7) AND (p.answercount >= 0) AND (p.favoritecount <= 17) AND (p.favoritecount >= 0) AND (p.viewcount >= 0))", "Rows Removed by Filter": 78998}, {"Node Type": "Index Only Scan", "Parent Relationship": "Inner", "Parallel Aware": false, "Scan Direction": "Forward", "Index Name": "idx_comments_postid", "Relation Name": "comments", "Schema": "public", "Alias": "c", "Startup Cost": 0.42, "Total Cost": 1.13, "Plan Rows": 5, "Plan Width": 4, "Actual Startup Time": 0.001, "Actual Total Time": 0.001, "Actual Rows": 2, "Actual Loops": 12978, "Output": ["c.postid"], "Index Cond": "(c.postid = p.id)", "Rows Removed by Index Recheck": 0, "Heap Fetches": 0}]}, {"Node Type": "Hash", "Parent Relationship": "Inner", "Parallel Aware": false, "Startup Cost": 1103.5, "Total Cost": 1103.5, "Plan Rows": 39510, "Plan Width": 4, "Actual Startup Time": 12.657, "Actual Total Time": 12.657, "Actual Rows": 39438, "Actual Loops": 1, "Output": ["u.id"], "Hash Buckets": 65536, "Original Hash Buckets": 65536, "Hash Batches": 1, "Original Hash Batches": 1, "Peak Memory Usage": 1899, "Plans": [{"Node Type": "Seq Scan", "Parent Relationship": "Outer", "Parallel Aware": false, "Relation Name": "users", "Schema": "public", "Alias": "u", "Startup Cost": 0.0, "Total Cost": 1103.5, "Plan Rows": 39510, "Plan Width": 4, "Actual Startup Time": 0.067, "Actual Total Time": 7.375, "Actual Rows": 39438, "Actual Loops": 1, "Output": ["u.id"], "Filter": "((u.creationdate <= 1410384146) AND (u.creationdate >= 1282170394) AND (u.reputation >= 1) AND (u.views >= 0))", "Rows Removed by Filter": 887}]}]}, {"Node Type": "Index Scan", "Parent Relationship": "Inner", "Parallel Aware": false, "Scan Direction": "Forward", "Index Name": "idx_votes_postid", "Relation Name": "votes", "Schema": "public", "Alias": "v", "Startup Cost": 0.42, "Total Cost": 0.65, "Plan Rows": 1, "Plan Width": 4, "Actual Startup Time": 0.002, "Actual Total Time": 0.003, "Actual Rows": 2, "Actual Loops": 27503, "Output": ["v.id", "v.postid", "v.votetypeid", "v.creationdate", "v.userid", "v.bountyamount"], "Index Cond": "(v.postid = c.postid)", "Rows Removed by Index Recheck": 0, "Filter": "(v.votetypeid = 5)", "Rows Removed by Filter": 5}]}, {"Node Type": "Index Only Scan", "Parent Relationship": "Inner", "Parallel Aware": false, "Scan Direction": "Forward", "Index Name": "idx_posthistory_postid", "Relation Name": "posthistory", "Schema": "public", "Alias": "ph", "Startup Cost": 0.42, "Total Cost": 0.52, "Plan Rows": 5, "Plan Width": 4, "Actual Startup Time": 0.001, "Actual Total Time": 0.001, "Actual Rows": 7, "Actual Loops": 55797, "Output": ["ph.postid"], "Index Cond": "(ph.postid = c.postid)", "Rows Removed by Index Recheck": 0, "Heap Fetches": 0}]}, {"Node Type": "Index Scan", "Parent Relationship": "Inner", "Parallel Aware": false, "Scan Direction": "Forward", "Index Name": "idx_badges_userid", "Relation Name": "badges", "Schema": "public", "Alias": "b", "Startup Cost": 0.29, "Total Cost": 0.43, "Plan Rows": 4, "Plan Width": 4, "Actual Startup Time": 0.001, "Actual Total Time": 0.005, "Actual Rows": 16, "Actual Loops": 375085, "Output": ["b.id", "b.userid", "b.date"], "Index Cond": "(b.userid = u.id)", "Rows Removed by Index Recheck": 0, "Filter": "(b.date >= 1280602493)", "Rows Removed by Filter": 0}]}]}, "Planning Time": 140.777, "Triggers": [], "Execution Time": 2736.102}]
q128#####[{"Plan": {"Node Type": "Aggregate", "Strategy": "Plain", "Partial Mode": "Simple", "Parallel Aware": false, "Startup Cost": 3482.64, "Total Cost": 3482.65, "Plan Rows": 1, "Plan Width": 8, "Actual Startup Time": 24.694, "Actual Total Time": 24.7, "Actual Rows": 1, "Actual Loops": 1, "Output": ["count(*)"], "Plans": [{"Node Type": "Nested Loop", "Parent Relationship": "Outer", "Parallel Aware": false, "Join Type": "Inner", "Startup Cost": 1218.92, "Total Cost": 3468.73, "Plan Rows": 5564, "Plan Width": 0, "Actual Startup Time": 14.974, "Actual Total Time": 24.669, "Actual Rows": 407, "Actual Loops": 1, "Inner Unique": false, "Plans": [{"Node Type": "Nested Loop", "Parent Relationship": "Outer", "Parallel Aware": false, "Join Type": "Inner", "Startup Cost": 1218.63, "Total Cost": 3392.49, "Plan Rows": 208, "Plan Width": 4, "Actual Startup Time": 14.953, "Actual Total Time": 24.167, "Actual Rows": 27, "Actual Loops": 1, "Output": ["c.userid"], "Inner Unique": false, "Plans": [{"Node Type": "Nested Loop", "Parent Relationship": "Outer", "Parallel Aware": false, "Join Type": "Inner", "Startup Cost": 1218.34, "Total Cost": 3368.12, "Plan Rows": 61, "Plan Width": 20, "Actual Startup Time": 14.926, "Actual Total Time": 24.103, "Actual Rows": 12, "Actual Loops": 1, "Output": ["c.userid", "c.postid", "ph.postid", "pl.relatedpostid", "p.id"], "Inner Unique": false, "Plans": [{"Node Type": "Hash Join", "Parent Relationship": "Outer", "Parallel Aware": false, "Join Type": "Inner", "Startup Cost": 1218.05, "Total Cost": 3357.07, "Plan Rows": 26, "Plan Width": 12, "Actual Startup Time": 14.327, "Actual Total Time": 23.945, "Actual Rows": 15, "Actual Loops": 1, "Output": ["ph.postid", "pl.relatedpostid", "p.id"], "Inner Unique": true, "Hash Cond": "(ph.postid = p.id)", "Plans": [{"Node Type": "Hash Join", "Parent Relationship": "Outer", "Parallel Aware": false, "Join Type": "Inner", "Startup Cost": 116.21, "Total Cost": 2246.04, "Plan Rows": 3500, "Plan Width": 8, "Actual Startup Time": 1.688, "Actual Total Time": 11.294, "Actual Rows": 41, "Actual Loops": 1, "Output": ["ph.postid", "pl.relatedpostid"], "Inner Unique": false, "Hash Cond": "(ph.postid = pl.relatedpostid)", "Plans": [{"Node Type": "Seq Scan", "Parent Relationship": "Outer", "Parallel Aware": false, "Relation Name": "posthistory", "Schema": "public", "Alias": "ph", "Startup Cost": 0.0, "Total Cost": 2110.32, "Plan Rows": 393, "Plan Width": 4, "Actual Startup Time": 0.074, "Actual Total Time": 9.897, "Actual Rows": 413, "Actual Loops": 1, "Output": ["ph.id", "ph.posthistorytypeid", "ph.postid", "ph.creationdate", "ph.userid"], "Filter": "(ph.posthistorytypeid = 34)", "Rows Removed by Filter": 105853}, {"Node Type": "Hash", "Parent Relationship": "Inner", "Parallel Aware": false, "Startup Cost": 67.76, "Total Cost": 67.76, "Plan Rows": 3876, "Plan Width": 4, "Actual Startup Time": 1.27, "Actual Total Time": 1.272, "Actual Rows": 3876, "Actual Loops": 1, "Output": ["pl.relatedpostid"], "Hash Buckets": 4096, "Original Hash Buckets": 4096, "Hash Batches": 1, "Original Hash Batches": 1, "Peak Memory Usage": 169, "Plans": [{"Node Type": "Seq Scan", "Parent Relationship": "Outer", "Parallel Aware": false, "Relation Name": "postlinks", "Schema": "public", "Alias": "pl", "Startup Cost": 0.0, "Total Cost": 67.76, "Plan Rows": 3876, "Plan Width": 4, "Actual Startup Time": 0.013, "Actual Total Time": 0.714, "Actual Rows": 3876, "Actual Loops": 1, "Output": ["pl.relatedpostid"]}]}]}, {"Node Type": "Hash", "Parent Relationship": "Inner", "Parallel Aware": false, "Startup Cost": 701.0, "Total Cost": 701.0, "Plan Rows": 32067, "Plan Width": 4, "Actual Startup Time": 12.434, "Actual Total Time": 12.434, "Actual Rows": 32065, "Actual Loops": 1, "Output": ["p.id"], "Hash Buckets": 32768, "Original Hash Buckets": 32768, "Hash Batches": 1, "Original Hash Batches": 1, "Peak Memory Usage": 1384, "Plans": [{"Node Type": "Seq Scan", "Parent Relationship": "Outer", "Parallel Aware": false, "Relation Name": "posts", "Schema": "public", "Alias": "p", "Startup Cost": 0.0, "Total Cost": 701.0, "Plan Rows": 32067, "Plan Width": 4, "Actual Startup Time": 0.006, "Actual Total Time": 6.478, "Actual Rows": 32065, "Actual Loops": 1, "Output": ["p.id"], "Filter": "(p.score <= 67)", "Rows Removed by Filter": 15}]}]}, {"Node Type": "Index Scan", "Parent Relationship": "Inner", "Parallel Aware": false, "Scan Direction": "Forward", "Index Name": "idx_comments_postid", "Relation Name": "comments", "Schema": "public", "Alias": "c", "Startup Cost": 0.29, "Total Cost": 0.41, "Plan Rows": 2, "Plan Width": 8, "Actual Startup Time": 0.008, "Actual Total Time": 0.01, "Actual Rows": 1, "Actual Loops": 15, "Output": ["c.id", "c.postid", "c.score", "c.creationdate", "c.userid"], "Index Cond": "(c.postid = p.id)", "Rows Removed by Index Recheck": 0, "Filter": "(c.score = 0)", "Rows Removed by Filter": 0}]}, {"Node Type": "Index Only Scan", "Parent Relationship": "Inner", "Parallel Aware": false, "Scan Direction": "Forward", "Index Name": "idx_votes_postid", "Relation Name": "votes", "Schema": "public", "Alias": "v", "Startup Cost": 0.29, "Total Cost": 0.37, "Plan Rows": 3, "Plan Width": 4, "Actual Startup Time": 0.004, "Actual Total Time": 0.005, "Actual Rows": 2, "Actual Loops": 12, "Output": ["v.postid"], "Index Cond": "(v.postid = c.postid)", "Rows Removed by Index Recheck": 0, "Heap Fetches": 0}]}, {"Node Type": "Index Scan", "Parent Relationship": "Inner", "Parallel Aware": false, "Scan Direction": "Forward", "Index Name": "idx_badges_userid", "Relation Name": "badges", "Schema": "public", "Alias": "b", "Startup Cost": 0.29, "Total Cost": 0.35, "Plan Rows": 2, "Plan Width": 4, "Actual Startup Time": 0.004, "Actual Total Time": 0.017, "Actual Rows": 15, "Actual Loops": 27, "Output": ["b.id", "b.userid", "b.date"], "Index Cond": "(b.userid = c.userid)", "Rows Removed by Index Recheck": 0, "Filter": "(b.date <= 1408508216)", "Rows Removed by Filter": 0}]}]}, "Planning Time": 171.688, "Triggers": [], "Execution Time": 24.807}]
q100#####[{"Plan": {"Node Type": "Aggregate", "Strategy": "Plain", "Partial Mode": "Simple", "Parallel Aware": false, "Startup Cost": 363930.29, "Total Cost": 363930.3, "Plan Rows": 1, "Plan Width": 8, "Actual Startup Time": 680.713, "Actual Total Time": 680.716, "Actual Rows": 1, "Actual Loops": 1, "Output": ["count(*)"], "Plans": [{"Node Type": "Hash Join", "Parent Relationship": "Outer", "Parallel Aware": false, "Join Type": "Inner", "Startup Cost": 591.75, "Total Cost": 360799.63, "Plan Rows": 1252265, "Plan Width": 0, "Actual Startup Time": 5.042, "Actual Total Time": 673.807, "Actual Rows": 153913, "Actual Loops": 1, "Inner Unique": true, "Hash Cond": "(b.userid = u.id)", "Plans": [{"Node Type": "Nested Loop", "Parent Relationship": "Outer", "Parallel Aware": false, "Join Type": "Inner", "Startup Cost": 0.29, "Total Cost": 18612.83, "Plan Rows": 130092500, "Plan Width": 8, "Actual Startup Time": 0.049, "Actual Total Time": 581.094, "Actual Rows": 1424068, "Actual Loops": 1, "Output": ["b.userid", "c.userid"], "Inner Unique": false, "Plans": [{"Node Type": "Seq Scan", "Parent Relationship": "Outer", "Parallel Aware": false, "Relation Name": "badges", "Schema": "public", "Alias": "b", "Startup Cost": 0.0, "Total Cost": 501.93, "Plan Rows": 27970, "Plan Width": 4, "Actual Startup Time": 0.02, "Actual Total Time": 4.515, "Actual Rows": 27964, "Actual Loops": 1, "Output": ["b.id", "b.userid", "b.date"], "Filter": "(b.date >= 1279544046)", "Rows Removed by Filter": 30}, {"Node Type": "Index Scan", "Parent Relationship": "Inner", "Parallel Aware": false, "Scan Direction": "Forward", "Index Name": "idx_comments_userid", "Relation Name": "comments", "Schema": "public", "Alias": "c", "Startup Cost": 0.29, "Total Cost": 0.57, "Plan Rows": 8, "Plan Width": 4, "Actual Startup Time": 0.002, "Actual Total Time": 0.016, "Actual Rows": 51, "Actual Loops": 27964, "Output": ["c.id", "c.postid", "c.score", "c.creationdate", "c.userid"], "Index Cond": "(c.userid = b.userid)", "Rows Removed by Index Recheck": 0, "Filter": "(c.score = 0)", "Rows Removed by Filter": 12}]}, {"Node Type": "Hash", "Parent Relationship": "Inner", "Parallel Aware": false, "Startup Cost": 421.61, "Total Cost": 421.61, "Plan Rows": 13588, "Plan Width": 4, "Actual Startup Time": 4.96, "Actual Total Time": 4.961, "Actual Rows": 13613, "Actual Loops": 1, "Output": ["u.id"], "Hash Buckets": 16384, "Original Hash Buckets": 16384, "Hash Batches": 1, "Original Hash Batches": 1, "Peak Memory Usage": 607, "Plans": [{"Node Type": "Seq Scan", "Parent Relationship": "Outer", "Parallel Aware": false, "Relation Name": "users", "Schema": "public", "Alias": "u", "Startup Cost": 0.0, "Total Cost": 421.61, "Plan Rows": 13588, "Plan Width": 4, "Actual Startup Time": 0.011, "Actual Total Time": 3.02, "Actual Rows": 13613, "Actual Loops": 1, "Output": ["u.id"], "Filter": "((u.creationdate <= 1410121124) AND (u.creationdate >= 1281049385) AND (u.downvotes >= 0) AND (u.upvotes <= 17) AND (u.upvotes >= 0))", "Rows Removed by Filter": 503}]}]}]}, "Planning Time": 114.207, "Triggers": [], "Execution Time": 680.803}]
q114#####[{"Plan": {"Node Type": "Aggregate", "Strategy": "Plain", "Partial Mode": "Simple", "Parallel Aware": false, "Startup Cost": 7286635.34, "Total Cost": 7286635.35, "Plan Rows": 1, "Plan Width": 8, "Actual Startup Time": 4895.482, "Actual Total Time": 4895.488, "Actual Rows": 1, "Actual Loops": 1, "Output": ["count(*)"], "Plans": [{"Node Type": "Hash Join", "Parent Relationship": "Outer", "Parallel Aware": false, "Join Type": "Inner", "Startup Cost": 14024.02, "Total Cost": 2531452.94, "Plan Rows": 1902072960, "Plan Width": 0, "Actual Startup Time": 99.063, "Actual Total Time": 3572.107, "Actual Rows": 40855663, "Actual Loops": 1, "Inner Unique": false, "Hash Cond": "(c.userid = u.id)", "Plans": [{"Node Type": "Nested Loop", "Parent Relationship": "Outer", "Parallel Aware": false, "Join Type": "Inner", "Startup Cost": 0.29, "Total Cost": 46337.63, "Plan Rows": 25104891, "Plan Width": 8, "Actual Startup Time": 0.867, "Actual Total Time": 299.417, "Actual Rows": 1787527, "Actual Loops": 1, "Output": ["c.userid", "p.owneruserid"], "Inner Unique": false, "Plans": [{"Node Type": "Seq Scan", "Parent Relationship": "Outer", "Parallel Aware": false, "Relation Name": "posts", "Schema": "public", "Alias": "p", "Startup Cost": 0.0, "Total Cost": 2239.64, "Plan Rows": 42699, "Plan Width": 4, "Actual Startup Time": 0.019, "Actual Total Time": 11.323, "Actual Rows": 42871, "Actual Loops": 1, "Output": ["p.id", "p.posttypeid", "p.creationdate", "p.score", "p.viewcount", "p.owneruserid", "p.answercount", "p.commentcount", "p.favoritecount", "p.lasteditoruserid"], "Filter": "((p.answercount >= 0) AND (p.score <= 52))", "Rows Removed by Filter": 49105}, {"Node Type": "Index Only Scan", "Parent Relationship": "Inner", "Parallel Aware": false, "Scan Direction": "Forward", "Index Name": "idx_comments_userid", "Relation Name": "comments", "Schema": "public", "Alias": "c", "Startup Cost": 0.29, "Total Cost": 0.77, "Plan Rows": 26, "Plan Width": 4, "Actual Startup Time": 0.001, "Actual Total Time": 0.004, "Actual Rows": 42, "Actual Loops": 42871, "Output": ["c.userid"], "Index Cond": "(c.userid = p.owneruserid)", "Rows Removed by Index Recheck": 0, "Heap Fetches": 0}]}, {"Node Type": "Hash", "Parent Relationship": "Inner", "Parallel Aware": false, "Startup Cost": 8858.55, "Total Cost": 8858.55, "Plan Rows": 314814, "Plan Width": 8, "Actual Startup Time": 71.371, "Actual Total Time": 71.374, "Actual Rows": 28895, "Actual Loops": 1, "Output": ["u.id", "v.userid"], "Hash Buckets": 131072, "Original Hash Buckets": 131072, "Hash Batches": 8, "Original Hash Batches": 8, "Peak Memory Usage": 1247, "Plans": [{"Node Type": "Hash Join", "Parent Relationship": "Outer", "Parallel Aware": false, "Join Type": "Inner", "Startup Cost": 1490.18, "Total Cost": 8858.55, "Plan Rows": 314814, "Plan Width": 8, "Actual Startup Time": 14.268, "Actual Total Time": 67.324, "Actual Rows": 28895, "Actual Loops": 1, "Output": ["u.id", "v.userid"], "Inner Unique": true, "Hash Cond": "(v.userid = u.id)", "Plans": [{"Node Type": "Seq Scan", "Parent Relationship": "Outer", "Parallel Aware": false, "Relation Name": "votes", "Schema": "public", "Alias": "v", "Startup Cost": 0.0, "Total Cost": 6513.8, "Plan Rows": 325518, "Plan Width": 4, "Actual Startup Time": 0.04, "Actual Total Time": 32.067, "Actual Rows": 327650, "Actual Loops": 1, "Output": ["v.id", "v.postid", "v.votetypeid", "v.creationdate", "v.userid", "v.bountyamount"], "Filter": "(v.creationdate >= 1279555200)", "Rows Removed by Filter": 414}, {"Node Type": "Hash", "Parent Relationship": "Inner", "Parallel Aware": false, "Startup Cost": 1002.69, "Total Cost": 1002.69, "Plan Rows": 38999, "Plan Width": 4, "Actual Startup Time": 12.331, "Actual Total Time": 12.332, "Actual Rows": 38951, "Actual Loops": 1, "Output": ["u.id"], "Hash Buckets": 65536, "Original Hash Buckets": 65536, "Hash Batches": 1, "Original Hash Batches": 1, "Peak Memory Usage": 1882, "Plans": [{"Node Type": "Seq Scan", "Parent Relationship": "Outer", "Parallel Aware": false, "Relation Name": "users", "Schema": "public", "Alias": "u", "Startup Cost": 0.0, "Total Cost": 1002.69, "Plan Rows": 38999, "Plan Width": 4, "Actual Startup Time": 0.112, "Actual Total Time": 7.038, "Actual Rows": 38951, "Actual Loops": 1, "Output": ["u.id"], "Filter": "((u.creationdate <= 1410162902) AND (u.creationdate >= 1286229155) AND (u.upvotes >= 0))", "Rows Removed by Filter": 1374}]}]}]}]}]}, "Planning Time": 103.282, "Triggers": [], "Execution Time": 4895.6}]
q29#####[{"Plan": {"Node Type": "Aggregate", "Strategy": "Plain", "Partial Mode": "Simple", "Parallel Aware": false, "Startup Cost": 5672.82, "Total Cost": 5672.83, "Plan Rows": 1, "Plan Width": 8, "Actual Startup Time": 36.754, "Actual Total Time": 36.758, "Actual Rows": 1, "Actual Loops": 1, "Output": ["count(*)"], "Plans": [{"Node Type": "Nested Loop", "Parent Relationship": "Outer", "Parallel Aware": false, "Join Type": "Inner", "Startup Cost": 2336.77, "Total Cost": 5659.61, "Plan Rows": 5282, "Plan Width": 0, "Actual Startup Time": 22.09, "Actual Total Time": 36.61, "Actual Rows": 2426, "Actual Loops": 1, "Inner Unique": false, "Join Filter": "(c.postid = v.postid)", "Rows Removed by Join Filter": 0, "Plans": [{"Node Type": "Hash Join", "Parent Relationship": "Outer", "Parallel Aware": false, "Join Type": "Inner", "Startup Cost": 2336.47, "Total Cost": 4813.64, "Plan Rows": 1955, "Plan Width": 16, "Actual Startup Time": 22.065, "Actual Total Time": 32.347, "Actual Rows": 932, "Actual Loops": 1, "Output": ["c.postid", "ph.postid", "pl.postid", "p.id"], "Inner Unique": false, "Hash Cond": "(ph.postid = c.postid)", "Plans": [{"Node Type": "Nested Loop", "Parent Relationship": "Outer", "Parallel Aware": false, "Join Type": "Inner", "Startup Cost": 0.29, "Total Cost": 2415.27, "Plan Rows": 8046, "Plan Width": 8, "Actual Startup Time": 0.045, "Actual Total Time": 9.581, "Actual Rows": 7397, "Actual Loops": 1, "Output": ["ph.postid", "pl.postid"], "Inner Unique": false, "Plans": [{"Node Type": "Seq Scan", "Parent Relationship": "Outer", "Parallel Aware": false, "Relation Name": "postlinks", "Schema": "public", "Alias": "pl", "Startup Cost": 0.0, "Total Cost": 87.14, "Plan Rows": 3327, "Plan Width": 4, "Actual Startup Time": 0.02, "Actual Total Time": 0.969, "Actual Rows": 3305, "Actual Loops": 1, "Output": ["pl.id", "pl.creationdate", "pl.postid", "pl.relatedpostid", "pl.linktypeid"], "Filter": "((pl.creationdate >= 1317908486) AND (pl.linktypeid = 1))", "Rows Removed by Filter": 571}, {"Node Type": "Index Only Scan", "Parent Relationship": "Inner", "Parallel Aware": false, "Scan Direction": "Forward", "Index Name": "idx_posthistory_postid", "Relation Name": "posthistory", "Schema": "public", "Alias": "ph", "Startup Cost": 0.29, "Total Cost": 0.68, "Plan Rows": 2, "Plan Width": 4, "Actual Startup Time": 0.002, "Actual Total Time": 0.002, "Actual Rows": 2, "Actual Loops": 3305, "Output": ["ph.postid"], "Index Cond": "(ph.postid = pl.postid)", "Rows Removed by Index Recheck": 0, "Heap Fetches": 0}]}, {"Node Type": "Hash", "Parent Relationship": "Inner", "Parallel Aware": false, "Startup Cost": 2254.99, "Total Cost": 2254.99, "Plan Rows": 6495, "Plan Width": 8, "Actual Startup Time": 21.784, "Actual Total Time": 21.786, "Actual Rows": 2043, "Actual Loops": 1, "Output": ["c.postid", "p.id"], "Hash Buckets": 8192, "Original Hash Buckets": 8192, "Hash Batches": 1, "Original Hash Batches": 1, "Peak Memory Usage": 144, "Plans": [{"Node Type": "Hash Join", "Parent Relationship": "Outer", "Parallel Aware": false, "Join Type": "Inner", "Startup Cost": 916.26, "Total Cost": 2254.99, "Plan Rows": 6495, "Plan Width": 8, "Actual Startup Time": 6.504, "Actual Total Time": 21.337, "Actual Rows": 2043, "Actual Loops": 1, "Output": ["c.postid", "p.id"], "Inner Unique": true, "Hash Cond": "(c.postid = p.id)", "Plans": [{"Node Type": "Seq Scan", "Parent Relationship": "Outer", "Parallel Aware": false, "Relation Name": "comments", "Schema": "public", "Alias": "c", "Startup Cost": 0.0, "Total Cost": 1214.1, "Plan Rows": 47474, "Plan Width": 4, "Actual Startup Time": 0.015, "Actual Total Time": 9.475, "Actual Rows": 47508, "Actual Loops": 1, "Output": ["c.id", "c.postid", "c.score", "c.creationdate", "c.userid"], "Filter": "(c.score = 0)", "Rows Removed by Filter": 13620}, {"Node Type": "Hash", "Parent Relationship": "Inner", "Parallel Aware": false, "Startup Cost": 861.4, "Total Cost": 861.4, "Plan Rows": 4389, "Plan Width": 4, "Actual Startup Time": 6.476, "Actual Total Time": 6.476, "Actual Rows": 4303, "Actual Loops": 1, "Output": ["p.id"], "Hash Buckets": 8192, "Original Hash Buckets": 8192, "Hash Batches": 1, "Original Hash Batches": 1, "Peak Memory Usage": 216, "Plans": [{"Node Type": "Seq Scan", "Parent Relationship": "Outer", "Parallel Aware": false, "Relation Name": "posts", "Schema": "public", "Alias": "p", "Startup Cost": 0.0, "Total Cost": 861.4, "Plan Rows": 4389, "Plan Width": 4, "Actual Startup Time": 0.005, "Actual Total Time": 5.79, "Actual Rows": 4303, "Actual Loops": 1, "Output": ["p.id"], "Filter": "((p.creationdate <= 1410155561) AND (p.creationdate >= 1279821612) AND (p.favoritecount >= 0))", "Rows Removed by Filter": 27777}]}]}]}]}, {"Node Type": "Index Scan", "Parent Relationship": "Inner", "Parallel Aware": false, "Scan Direction": "Forward", "Index Name": "idx_votes_postid", "Relation Name": "votes", "Schema": "public", "Alias": "v", "Startup Cost": 0.29, "Total Cost": 0.4, "Plan Rows": 3, "Plan Width": 4, "Actual Startup Time": 0.002, "Actual Total Time": 0.004, "Actual Rows": 3, "Actual Loops": 932, "Output": ["v.id", "v.postid", "v.votetypeid", "v.creationdate", "v.userid", "v.bountyamount"], "Index Cond": "(v.postid = ph.postid)", "Rows Removed by Index Recheck": 0, "Filter": "(v.votetypeid = 2)", "Rows Removed by Filter": 1}]}]}, "Planning Time": 125.813, "Triggers": [], "Execution Time": 36.85}]
q15#####[{"Plan": {"Node Type": "Aggregate", "Strategy": "Plain", "Partial Mode": "Simple", "Parallel Aware": false, "Startup Cost": 30649.45, "Total Cost": 30649.46, "Plan Rows": 1, "Plan Width": 8, "Actual Startup Time": 168.933, "Actual Total Time": 168.939, "Actual Rows": 1, "Actual Loops": 1, "Output": ["count(*)"], "Plans": [{"Node Type": "Nested Loop", "Parent Relationship": "Outer", "Parallel Aware": false, "Join Type": "Inner", "Startup Cost": 7743.89, "Total Cost": 27164.93, "Plan Rows": 1393809, "Plan Width": 0, "Actual Startup Time": 63.337, "Actual Total Time": 146.781, "Actual Rows": 607855, "Actual Loops": 1, "Inner Unique": false, "Plans": [{"Node Type": "Hash Join", "Parent Relationship": "Outer", "Parallel Aware": false, "Join Type": "Inner", "Startup Cost": 7743.6, "Total Cost": 9442.92, "Plan Rows": 50818, "Plan Width": 4, "Actual Startup Time": 63.31, "Actual Total Time": 73.533, "Actual Rows": 11573, "Actual Loops": 1, "Output": ["c.userid"], "Inner Unique": false, "Hash Cond": "(c.postid = p.id)", "Plans": [{"Node Type": "Seq Scan", "Parent Relationship": "Outer", "Parallel Aware": false, "Relation Name": "comments", "Schema": "public", "Alias": "c", "Startup Cost": 0.0, "Total Cost": 1214.1, "Plan Rows": 47474, "Plan Width": 8, "Actual Startup Time": 0.024, "Actual Total Time": 5.203, "Actual Rows": 47508, "Actual Loops": 1, "Output": ["c.id", "c.postid", "c.score", "c.creationdate", "c.userid"], "Filter": "(c.score = 0)", "Rows Removed by Filter": 13620}, {"Node Type": "Hash", "Parent Relationship": "Inner", "Parallel Aware": false, "Startup Cost": 7484.12, "Total Cost": 7484.12, "Plan Rows": 20758, "Plan Width": 16, "Actual Startup Time": 63.204, "Actual Total Time": 63.209, "Actual Rows": 11455, "Actual Loops": 1, "Output": ["ph.postid", "pl.relatedpostid", "p.id", "v.postid"], "Hash Buckets": 32768, "Original Hash Buckets": 32768, "Hash Batches": 1, "Original Hash Batches": 1, "Peak Memory Usage": 793, "Plans": [{"Node Type": "Hash Join", "Parent Relationship": "Outer", "Parallel Aware": false, "Join Type": "Inner", "Startup Cost": 3759.22, "Total Cost": 7484.12, "Plan Rows": 20758, "Plan Width": 16, "Actual Startup Time": 23.469, "Actual Total Time": 61.352, "Actual Rows": 11455, "Actual Loops": 1, "Output": ["ph.postid", "pl.relatedpostid", "p.id", "v.postid"], "Inner Unique": false, "Hash Cond": "(p.id = ph.postid)", "Plans": [{"Node Type": "Hash Join", "Parent Relationship": "Outer", "Parallel Aware": false, "Join Type": "Inner", "Startup Cost": 1177.96, "Total Cost": 3759.19, "Plan Rows": 106980, "Plan Width": 8, "Actual Startup Time": 12.026, "Actual Total Time": 45.245, "Actual Rows": 35675, "Actual Loops": 1, "Output": ["p.id", "v.postid"], "Inner Unique": true, "Hash Cond": "(v.postid = p.id)", "Plans": [{"Node Type": "Seq Scan", "Parent Relationship": "Outer", "Parallel Aware": false, "Relation Name": "votes", "Schema": "public", "Alias": "v", "Startup Cost": 0.0, "Total Cost": 2280.95, "Plan Rows": 114378, "Plan Width": 4, "Actual Startup Time": 0.006, "Actual Total Time": 14.733, "Actual Rows": 114520, "Actual Loops": 1, "Output": ["v.id", "v.postid", "v.votetypeid", "v.creationdate", "v.userid", "v.bountyamount"], "Filter": "(v.creationdate <= 1410278400)", "Rows Removed by Filter": 356}, {"Node Type": "Hash", "Parent Relationship": "Inner", "Parallel Aware": false, "Startup Cost": 781.2, "Total Cost": 781.2, "Plan Rows": 31741, "Plan Width": 4, "Actual Startup Time": 11.867, "Actual Total Time": 11.868, "Actual Rows": 31803, "Actual Loops": 1, "Output": ["p.id"], "Hash Buckets": 32768, "Original Hash Buckets": 32768, "Hash Batches": 1, "Original Hash Batches": 1, "Peak Memory Usage": 1375, "Plans": [{"Node Type": "Seq Scan", "Parent Relationship": "Outer", "Parallel Aware": false, "Relation Name": "posts", "Schema": "public", "Alias": "p", "Startup Cost": 0.0, "Total Cost": 781.2, "Plan Rows": 31741, "Plan Width": 4, "Actual Startup Time": 0.011, "Actual Total Time": 6.415, "Actual Rows": 31803, "Actual Loops": 1, "Output": ["p.id"], "Filter": "((p.score <= 32) AND (p.viewcount <= 4146))", "Rows Removed by Filter": 277}]}]}, {"Node Type": "Hash", "Parent Relationship": "Inner", "Parallel Aware": false, "Startup Cost": 2474.74, "Total Cost": 2474.74, "Plan Rows": 8522, "Plan Width": 8, "Actual Startup Time": 11.316, "Actual Total Time": 11.318, "Actual Rows": 6688, "Actual Loops": 1, "Output": ["ph.postid", "pl.relatedpostid"], "Hash Buckets": 16384, "Original Hash Buckets": 16384, "Hash Batches": 1, "Original Hash Batches": 1, "Peak Memory Usage": 390, "Plans": [{"Node Type": "Nested Loop", "Parent Relationship": "Outer", "Parallel Aware": false, "Join Type": "Inner", "Startup Cost": 0.29, "Total Cost": 2474.74, "Plan Rows": 8522, "Plan Width": 8, "Actual Startup Time": 0.046, "Actual Total Time": 10.007, "Actual Rows": 6688, "Actual Loops": 1, "Output": ["ph.postid", "pl.relatedpostid"], "Inner Unique": false, "Plans": [{"Node Type": "Seq Scan", "Parent Relationship": "Outer", "Parallel Aware": false, "Relation Name": "postlinks", "Schema": "public", "Alias": "pl", "Startup Cost": 0.0, "Total Cost": 77.45, "Plan Rows": 3526, "Plan Width": 4, "Actual Startup Time": 0.01, "Actual Total Time": 0.992, "Actual Rows": 3526, "Actual Loops": 1, "Output": ["pl.id", "pl.creationdate", "pl.postid", "pl.relatedpostid", "pl.linktypeid"], "Filter": "(pl.linktypeid = 1)", "Rows Removed by Filter": 350}, {"Node Type": "Index Only Scan", "Parent Relationship": "Inner", "Parallel Aware": false, "Scan Direction": "Forward", "Index Name": "idx_posthistory_postid", "Relation Name": "posthistory", "Schema": "public", "Alias": "ph", "Startup Cost": 0.29, "Total Cost": 0.66, "Plan Rows": 2, "Plan Width": 4, "Actual Startup Time": 0.002, "Actual Total Time": 0.002, "Actual Rows": 2, "Actual Loops": 3526, "Output": ["ph.postid"], "Index Cond": "(ph.postid = pl.relatedpostid)", "Rows Removed by Index Recheck": 0, "Heap Fetches": 0}]}]}]}]}]}, {"Node Type": "Index Only Scan", "Parent Relationship": "Inner", "Parallel Aware": false, "Scan Direction": "Forward", "Index Name": "idx_badges_userid", "Relation Name": "badges", "Schema": "public", "Alias": "b", "Startup Cost": 0.29, "Total Cost": 0.33, "Plan Rows": 2, "Plan Width": 4, "Actual Startup Time": 0.001, "Actual Total Time": 0.004, "Actual Rows": 53, "Actual Loops": 11573, "Output": ["b.userid"], "Index Cond": "(b.userid = c.userid)", "Rows Removed by Index Recheck": 0, "Heap Fetches": 0}]}]}, "Planning Time": 166.321, "Triggers": [], "Execution Time": 169.043}]
q17#####[{"Plan": {"Node Type": "Aggregate", "Strategy": "Plain", "Partial Mode": "Simple", "Parallel Aware": false, "Startup Cost": 7521.66, "Total Cost": 7521.67, "Plan Rows": 1, "Plan Width": 8, "Actual Startup Time": 160.573, "Actual Total Time": 160.577, "Actual Rows": 1, "Actual Loops": 1, "Output": ["count(*)"], "Plans": [{"Node Type": "Hash Join", "Parent Relationship": "Outer", "Parallel Aware": false, "Join Type": "Inner", "Startup Cost": 965.75, "Total Cost": 3732.07, "Plan Rows": 1515839, "Plan Width": 0, "Actual Startup Time": 12.108, "Actual Total Time": 137.42, "Actual Rows": 708605, "Actual Loops": 1, "Inner Unique": false, "Hash Cond": "(p.owneruserid = b.userid)", "Plans": [{"Node Type": "Nested Loop", "Parent Relationship": "Outer", "Parallel Aware": false, "Join Type": "Inner", "Startup Cost": 0.29, "Total Cost": 2735.82, "Plan Rows": 6276, "Plan Width": 8, "Actual Startup Time": 0.034, "Actual Total Time": 54.194, "Actual Rows": 376231, "Actual Loops": 1, "Output": ["ph.userid", "p.owneruserid"], "Inner Unique": false, "Plans": [{"Node Type": "Seq Scan", "Parent Relationship": "Outer", "Parallel Aware": false, "Relation Name": "posts", "Schema": "public", "Alias": "p", "Startup Cost": 0.0, "Total Cost": 861.4, "Plan Rows": 2147, "Plan Width": 4, "Actual Startup Time": 0.016, "Actual Total Time": 3.733, "Actual Rows": 4201, "Actual Loops": 1, "Output": ["p.id", "p.posttypeid", "p.creationdate", "p.score", "p.viewcount", "p.owneruserid", "p.answercount", "p.commentcount", "p.favoritecount", "p.lasteditoruserid"], "Filter": "((p.answercount >= 0) AND (p.creationdate <= 1409686355) AND (p.favoritecount >= 0))", "Rows Removed by Filter": 27879}, {"Node Type": "Index Only Scan", "Parent Relationship": "Inner", "Parallel Aware": false, "Scan Direction": "Forward", "Index Name": "idx_posthistory_userid", "Relation Name": "posthistory", "Schema": "public", "Alias": "ph", "Startup Cost": 0.29, "Total Cost": 0.77, "Plan Rows": 10, "Plan Width": 4, "Actual Startup Time": 0.001, "Actual Total Time": 0.006, "Actual Rows": 90, "Actual Loops": 4201, "Output": ["ph.userid"], "Index Cond": "(ph.userid = p.owneruserid)", "Rows Removed by Index Recheck": 0, "Heap Fetches": 0}]}, {"Node Type": "Hash", "Parent Relationship": "Inner", "Parallel Aware": false, "Startup Cost": 961.97, "Total Cost": 961.97, "Plan Rows": 279, "Plan Width": 8, "Actual Startup Time": 11.825, "Actual Total Time": 11.827, "Actual Rows": 8848, "Actual Loops": 1, "Output": ["b.userid", "u.id"], "Hash Buckets": 16384, "Original Hash Buckets": 1024, "Hash Batches": 1, "Original Hash Batches": 1, "Peak Memory Usage": 474, "Plans": [{"Node Type": "Hash Join", "Parent Relationship": "Outer", "Parallel Aware": false, "Join Type": "Inner", "Startup Cost": 456.53, "Total Cost": 961.97, "Plan Rows": 279, "Plan Width": 8, "Actual Startup Time": 4.427, "Actual Total Time": 10.537, "Actual Rows": 8848, "Actual Loops": 1, "Output": ["b.userid", "u.id"], "Inner Unique": true, "Hash Cond": "(b.userid = u.id)", "Plans": [{"Node Type": "Seq Scan", "Parent Relationship": "Outer", "Parallel Aware": false, "Relation Name": "badges", "Schema": "public", "Alias": "b", "Startup Cost": 0.0, "Total Cost": 431.94, "Plan Rows": 27994, "Plan Width": 4, "Actual Startup Time": 0.015, "Actual Total Time": 1.844, "Actual Rows": 27994, "Actual Loops": 1, "Output": ["b.id", "b.userid", "b.date"]}, {"Node Type": "Hash", "Parent Relationship": "Inner", "Parallel Aware": false, "Startup Cost": 280.45, "Total Cost": 280.45, "Plan Rows": 14086, "Plan Width": 4, "Actual Startup Time": 4.401, "Actual Total Time": 4.402, "Actual Rows": 14105, "Actual Loops": 1, "Output": ["u.id"], "Hash Buckets": 16384, "Original Hash Buckets": 16384, "Hash Batches": 1, "Original Hash Batches": 1, "Peak Memory Usage": 624, "Plans": [{"Node Type": "Seq Scan", "Parent Relationship": "Outer", "Parallel Aware": false, "Relation Name": "users", "Schema": "public", "Alias": "u", "Startup Cost": 0.0, "Total Cost": 280.45, "Plan Rows": 14086, "Plan Width": 4, "Actual Startup Time": 0.008, "Actual Total Time": 2.345, "Actual Rows": 14105, "Actual Loops": 1, "Output": ["u.id"], "Filter": "(u.creationdate <= 1410531709)", "Rows Removed by Filter": 11}]}]}]}]}]}, "Planning Time": 87.969, "Triggers": [], "Execution Time": 160.689}]
q102#####[{"Plan": {"Node Type": "Aggregate", "Strategy": "Plain", "Partial Mode": "Simple", "Parallel Aware": false, "Startup Cost": 39782.85, "Total Cost": 39782.86, "Plan Rows": 1, "Plan Width": 8, "Actual Startup Time": 207.895, "Actual Total Time": 207.902, "Actual Rows": 1, "Actual Loops": 1, "Output": ["count(*)"], "Plans": [{"Node Type": "Nested Loop", "Parent Relationship": "Outer", "Parallel Aware": false, "Join Type": "Inner", "Startup Cost": 8046.1, "Total Cost": 34835.33, "Plan Rows": 1979007, "Plan Width": 0, "Actual Startup Time": 56.673, "Actual Total Time": 178.556, "Actual Rows": 881811, "Actual Loops": 1, "Inner Unique": false, "Plans": [{"Node Type": "Hash Join", "Parent Relationship": "Outer", "Parallel Aware": false, "Join Type": "Inner", "Startup Cost": 8045.81, "Total Cost": 9772.5, "Plan Rows": 72156, "Plan Width": 4, "Actual Startup Time": 56.646, "Actual Total Time": 68.805, "Actual Rows": 20733, "Actual Loops": 1, "Output": ["c.userid"], "Inner Unique": false, "Hash Cond": "(c.postid = p.id)", "Plans": [{"Node Type": "Seq Scan", "Parent Relationship": "Outer", "Parallel Aware": false, "Relation Name": "comments", "Schema": "public", "Alias": "c", "Startup Cost": 0.0, "Total Cost": 1061.28, "Plan Rows": 61128, "Plan Width": 8, "Actual Startup Time": 0.022, "Actual Total Time": 3.028, "Actual Rows": 61128, "Actual Loops": 1, "Output": ["c.id", "c.postid", "c.score", "c.creationdate", "c.userid"]}, {"Node Type": "Hash", "Parent Relationship": "Inner", "Parallel Aware": false, "Startup Cost": 7759.67, "Total Cost": 7759.67, "Plan Rows": 22891, "Plan Width": 16, "Actual Startup Time": 56.558, "Actual Total Time": 56.564, "Actual Rows": 18597, "Actual Loops": 1, "Output": ["ph.postid", "pl.relatedpostid", "p.id", "v.postid"], "Hash Buckets": 32768, "Original Hash Buckets": 32768, "Hash Batches": 1, "Original Hash Batches": 1, "Peak Memory Usage": 1128, "Plans": [{"Node Type": "Hash Join", "Parent Relationship": "Outer", "Parallel Aware": false, "Join Type": "Inner", "Startup Cost": 3725.57, "Total Cost": 7759.67, "Plan Rows": 22891, "Plan Width": 16, "Actual Startup Time": 20.057, "Actual Total Time": 54.121, "Actual Rows": 18597, "Actual Loops": 1, "Output": ["ph.postid", "pl.relatedpostid", "p.id", "v.postid"], "Inner Unique": false, "Hash Cond": "(p.id = ph.postid)", "Plans": [{"Node Type": "Hash Join", "Parent Relationship": "Outer", "Parallel Aware": false, "Join Type": "Inner", "Startup Cost": 1021.8, "Total Cost": 3887.97, "Plan Rows": 107315, "Plan Width": 8, "Actual Startup Time": 9.804, "Actual Total Time": 39.061, "Actual Rows": 37535, "Actual Loops": 1, "Output": ["p.id", "v.postid"], "Inner Unique": true, "Hash Cond": "(v.postid = p.id)", "Plans": [{"Node Type": "Seq Scan", "Parent Relationship": "Outer", "Parallel Aware": false, "Relation Name": "votes", "Schema": "public", "Alias": "v", "Startup Cost": 0.0, "Total Cost": 2568.14, "Plan Rows": 113524, "Plan Width": 4, "Actual Startup Time": 0.007, "Actual Total Time": 13.625, "Actual Rows": 114510, "Actual Loops": 1, "Output": ["v.id", "v.postid", "v.votetypeid", "v.creationdate", "v.userid", "v.bountyamount"], "Filter": "((v.creationdate <= 1410278400) AND (v.creationdate >= 1279468800))", "Rows Removed by Filter": 366}, {"Node Type": "Hash", "Parent Relationship": "Inner", "Parallel Aware": false, "Startup Cost": 620.8, "Total Cost": 620.8, "Plan Rows": 32080, "Plan Width": 4, "Actual Startup Time": 9.633, "Actual Total Time": 9.634, "Actual Rows": 32080, "Actual Loops": 1, "Output": ["p.id"], "Hash Buckets": 32768, "Original Hash Buckets": 32768, "Hash Batches": 1, "Original Hash Batches": 1, "Peak Memory Usage": 1384, "Plans": [{"Node Type": "Seq Scan", "Parent Relationship": "Outer", "Parallel Aware": false, "Relation Name": "posts", "Schema": "public", "Alias": "p", "Startup Cost": 0.0, "Total Cost": 620.8, "Plan Rows": 32080, "Plan Width": 4, "Actual Startup Time": 0.011, "Actual Total Time": 4.605, "Actual Rows": 32080, "Actual Loops": 1, "Output": ["p.id"]}]}]}, {"Node Type": "Hash", "Parent Relationship": "Inner", "Parallel Aware": false, "Startup Cost": 2586.67, "Total Cost": 2586.67, "Plan Rows": 9368, "Plan Width": 8, "Actual Startup Time": 10.108, "Actual Total Time": 10.109, "Actual Rows": 7469, "Actual Loops": 1, "Output": ["ph.postid", "pl.relatedpostid"], "Hash Buckets": 16384, "Original Hash Buckets": 16384, "Hash Batches": 1, "Original Hash Batches": 1, "Peak Memory Usage": 420, "Plans": [{"Node Type": "Nested Loop", "Parent Relationship": "Outer", "Parallel Aware": false, "Join Type": "Inner", "Startup Cost": 0.29, "Total Cost": 2586.67, "Plan Rows": 9368, "Plan Width": 8, "Actual Startup Time": 0.049, "Actual Total Time": 8.885, "Actual Rows": 7469, "Actual Loops": 1, "Output": ["ph.postid", "pl.relatedpostid"], "Inner Unique": false, "Plans": [{"Node Type": "Seq Scan", "Parent Relationship": "Outer", "Parallel Aware": false, "Relation Name": "postlinks", "Schema": "public", "Alias": "pl", "Startup Cost": 0.0, "Total Cost": 67.76, "Plan Rows": 3876, "Plan Width": 4, "Actual Startup Time": 0.01, "Actual Total Time": 0.422, "Actual Rows": 3876, "Actual Loops": 1, "Output": ["pl.id", "pl.creationdate", "pl.postid", "pl.relatedpostid", "pl.linktypeid"]}, {"Node Type": "Index Only Scan", "Parent Relationship": "Inner", "Parallel Aware": false, "Scan Direction": "Forward", "Index Name": "idx_posthistory_postid", "Relation Name": "posthistory", "Schema": "public", "Alias": "ph", "Startup Cost": 0.29, "Total Cost": 0.63, "Plan Rows": 2, "Plan Width": 4, "Actual Startup Time": 0.002, "Actual Total Time": 0.002, "Actual Rows": 2, "Actual Loops": 3876, "Output": ["ph.postid"], "Index Cond": "(ph.postid = pl.relatedpostid)", "Rows Removed by Index Recheck": 0, "Heap Fetches": 0}]}]}]}]}]}, {"Node Type": "Index Only Scan", "Parent Relationship": "Inner", "Parallel Aware": false, "Scan Direction": "Forward", "Index Name": "idx_badges_userid", "Relation Name": "badges", "Schema": "public", "Alias": "b", "Startup Cost": 0.29, "Total Cost": 0.33, "Plan Rows": 2, "Plan Width": 4, "Actual Startup Time": 0.001, "Actual Total Time": 0.003, "Actual Rows": 43, "Actual Loops": 20733, "Output": ["b.userid"], "Index Cond": "(b.userid = c.userid)", "Rows Removed by Index Recheck": 0, "Heap Fetches": 0}]}]}, "Planning Time": 212.327, "Triggers": [], "Execution Time": 208.061}]
q116#####[{"Plan": {"Node Type": "Aggregate", "Strategy": "Plain", "Partial Mode": "Simple", "Parallel Aware": false, "Startup Cost": 5644.29, "Total Cost": 5644.3, "Plan Rows": 1, "Plan Width": 8, "Actual Startup Time": 36.872, "Actual Total Time": 36.875, "Actual Rows": 1, "Actual Loops": 1, "Output": ["count(*)"], "Plans": [{"Node Type": "Nested Loop", "Parent Relationship": "Outer", "Parallel Aware": false, "Join Type": "Inner", "Startup Cost": 1255.95, "Total Cost": 3531.28, "Plan Rows": 845206, "Plan Width": 0, "Actual Startup Time": 10.474, "Actual Total Time": 31.367, "Actual Rows": 170395, "Actual Loops": 1, "Inner Unique": false, "Plans": [{"Node Type": "Hash Join", "Parent Relationship": "Outer", "Parallel Aware": false, "Join Type": "Inner", "Startup Cost": 1255.66, "Total Cost": 1333.6, "Plan Rows": 3811, "Plan Width": 4, "Actual Startup Time": 10.422, "Actual Total Time": 11.597, "Actual Rows": 1508, "Actual Loops": 1, "Output": ["p.owneruserid"], "Inner Unique": true, "Hash Cond": "(pl.postid = p.id)", "Plans": [{"Node Type": "Seq Scan", "Parent Relationship": "Outer", "Parallel Aware": false, "Relation Name": "postlinks", "Schema": "public", "Alias": "pl", "Startup Cost": 0.0, "Total Cost": 67.76, "Plan Rows": 3876, "Plan Width": 4, "Actual Startup Time": 0.019, "Actual Total Time": 0.329, "Actual Rows": 3876, "Actual Loops": 1, "Output": ["pl.id", "pl.creationdate", "pl.postid", "pl.relatedpostid", "pl.linktypeid"]}, {"Node Type": "Hash", "Parent Relationship": "Inner", "Parallel Aware": false, "Startup Cost": 861.4, "Total Cost": 861.4, "Plan Rows": 31541, "Plan Width": 8, "Actual Startup Time": 10.366, "Actual Total Time": 10.367, "Actual Rows": 31745, "Actual Loops": 1, "Output": ["p.owneruserid", "p.id"], "Hash Buckets": 32768, "Original Hash Buckets": 32768, "Hash Batches": 1, "Original Hash Batches": 1, "Peak Memory Usage": 1497, "Plans": [{"Node Type": "Seq Scan", "Parent Relationship": "Outer", "Parallel Aware": false, "Relation Name": "posts", "Schema": "public", "Alias": "p", "Startup Cost": 0.0, "Total Cost": 861.4, "Plan Rows": 31541, "Plan Width": 8, "Actual Startup Time": 0.006, "Actual Total Time": 6.051, "Actual Rows": 31745, "Actual Loops": 1, "Output": ["p.owneruserid", "p.id"], "Filter": "((p.commentcount <= 18) AND (p.creationdate <= 1410198180) AND (p.creationdate >= 1279841251))", "Rows Removed by Filter": 335}]}]}, {"Node Type": "Index Only Scan", "Parent Relationship": "Inner", "Parallel Aware": false, "Scan Direction": "Forward", "Index Name": "idx_comments_userid", "Relation Name": "comments", "Schema": "public", "Alias": "c", "Startup Cost": 0.29, "Total Cost": 0.48, "Plan Rows": 10, "Plan Width": 4, "Actual Startup Time": 0.001, "Actual Total Time": 0.007, "Actual Rows": 113, "Actual Loops": 1508, "Output": ["c.userid"], "Index Cond": "(c.userid = p.owneruserid)", "Rows Removed by Index Recheck": 0, "Heap Fetches": 0}]}]}, "Planning Time": 67.997, "Triggers": [], "Execution Time": 36.982}]
q117#####[{"Plan": {"Node Type": "Aggregate", "Strategy": "Plain", "Partial Mode": "Simple", "Parallel Aware": false, "Startup Cost": 29689.52, "Total Cost": 29689.53, "Plan Rows": 1, "Plan Width": 8, "Actual Startup Time": 404.654, "Actual Total Time": 404.658, "Actual Rows": 1, "Actual Loops": 1, "Output": ["count(*)"], "Plans": [{"Node Type": "Hash Join", "Parent Relationship": "Outer", "Parallel Aware": false, "Join Type": "Inner", "Startup Cost": 6542.21, "Total Cost": 25776.11, "Plan Rows": 1565364, "Plan Width": 0, "Actual Startup Time": 42.12, "Actual Total Time": 307.169, "Actual Rows": 2930705, "Actual Loops": 1, "Inner Unique": false, "Hash Cond": "(b.userid = u.id)", "Plans": [{"Node Type": "Merge Join", "Parent Relationship": "Outer", "Parallel Aware": false, "Join Type": "Inner", "Startup Cost": 1940.25, "Total Cost": 5029.71, "Plan Rows": 154340, "Plan Width": 8, "Actual Startup Time": 17.863, "Actual Total Time": 55.207, "Actual Rows": 260456, "Actual Loops": 1, "Output": ["b.userid", "p.owneruserid"], "Inner Unique": false, "Merge Cond": "(b.userid = p.owneruserid)", "Plans": [{"Node Type": "Index Only Scan", "Parent Relationship": "Outer", "Parallel Aware": false, "Scan Direction": "Forward", "Index Name": "idx_badges_userid", "Relation Name": "badges", "Schema": "public", "Alias": "b", "Startup Cost": 0.29, "Total Cost": 716.2, "Plan Rows": 27994, "Plan Width": 4, "Actual Startup Time": 0.018, "Actual Total Time": 2.307, "Actual Rows": 27877, "Actual Loops": 1, "Output": ["b.userid"], "Heap Fetches": 0}, {"Node Type": "Sort", "Parent Relationship": "Inner", "Parallel Aware": false, "Startup Cost": 1933.7, "Total Cost": 1966.98, "Plan Rows": 13312, "Plan Width": 4, "Actual Startup Time": 17.782, "Actual Total Time": 27.195, "Actual Rows": 262147, "Actual Loops": 1, "Output": ["p.owneruserid"], "Sort Key": ["p.owneruserid"], "Sort Method": "quicksort", "Sort Space Used": 1017, "Sort Space Type": "Memory", "Plans": [{"Node Type": "Seq Scan", "Parent Relationship": "Outer", "Parallel Aware": false, "Relation Name": "posts", "Schema": "public", "Alias": "p", "Startup Cost": 0.0, "Total Cost": 1021.8, "Plan Rows": 13312, "Plan Width": 4, "Actual Startup Time": 0.03, "Actual Total Time": 12.554, "Actual Rows": 13492, "Actual Loops": 1, "Output": ["p.owneruserid"], "Filter": "((p.creationdate <= 1409823910) AND (p.creationdate >= 1280215831) AND (p.score <= 30) AND (p.score >= 0) AND (p.commentcount = 0))", "Rows Removed by Filter": 18588}]}]}, {"Node Type": "Hash", "Parent Relationship": "Inner", "Parallel Aware": false, "Startup Cost": 2717.01, "Total Cost": 2717.01, "Plan Rows": 114876, "Plan Width": 8, "Actual Startup Time": 22.91, "Actual Total Time": 22.913, "Actual Rows": 3198, "Actual Loops": 1, "Output": ["u.id", "v.userid"], "Hash Buckets": 131072, "Original Hash Buckets": 131072, "Hash Batches": 2, "Original Hash Batches": 2, "Peak Memory Usage": 1100, "Plans": [{"Node Type": "Hash Join", "Parent Relationship": "Outer", "Parallel Aware": false, "Join Type": "Inner", "Startup Cost": 421.61, "Total Cost": 2717.01, "Plan Rows": 114876, "Plan Width": 8, "Actual Startup Time": 4.109, "Actual Total Time": 22.246, "Actual Rows": 3198, "Actual Loops": 1, "Output": ["u.id", "v.userid"], "Inner Unique": true, "Hash Cond": "(v.userid = u.id)", "Plans": [{"Node Type": "Seq Scan", "Parent Relationship": "Outer", "Parallel Aware": false, "Relation Name": "votes", "Schema": "public", "Alias": "v", "Startup Cost": 0.0, "Total Cost": 1993.76, "Plan Rows": 114876, "Plan Width": 4, "Actual Startup Time": 0.029, "Actual Total Time": 6.959, "Actual Rows": 114876, "Actual Loops": 1, "Output": ["v.id", "v.postid", "v.votetypeid", "v.creationdate", "v.userid", "v.bountyamount"]}, {"Node Type": "Hash", "Parent Relationship": "Inner", "Parallel Aware": false, "Startup Cost": 245.16, "Total Cost": 245.16, "Plan Rows": 14116, "Plan Width": 4, "Actual Startup Time": 4.056, "Actual Total Time": 4.056, "Actual Rows": 14116, "Actual Loops": 1, "Output": ["u.id"], "Hash Buckets": 16384, "Original Hash Buckets": 16384, "Hash Batches": 1, "Original Hash Batches": 1, "Peak Memory Usage": 625, "Plans": [{"Node Type": "Seq Scan", "Parent Relationship": "Outer", "Parallel Aware": false, "Relation Name": "users", "Schema": "public", "Alias": "u", "Startup Cost": 0.0, "Total Cost": 245.16, "Plan Rows": 14116, "Plan Width": 4, "Actual Startup Time": 0.011, "Actual Total Time": 1.849, "Actual Rows": 14116, "Actual Loops": 1, "Output": ["u.id"]}]}]}]}]}]}, "Planning Time": 104.31, "Triggers": [], "Execution Time": 405.005}]
q103#####[{"Plan": {"Node Type": "Aggregate", "Strategy": "Plain", "Partial Mode": "Simple", "Parallel Aware": false, "Startup Cost": 20354.46, "Total Cost": 20354.47, "Plan Rows": 1, "Plan Width": 8, "Actual Startup Time": 84.59, "Actual Total Time": 84.597, "Actual Rows": 1, "Actual Loops": 1, "Output": ["count(*)"], "Plans": [{"Node Type": "Hash Join", "Parent Relationship": "Outer", "Parallel Aware": false, "Join Type": "Inner", "Startup Cost": 8542.37, "Total Cost": 14937.25, "Plan Rows": 2166886, "Plan Width": 0, "Actual Startup Time": 59.987, "Actual Total Time": 82.791, "Actual Rows": 32501, "Actual Loops": 1, "Inner Unique": false, "Hash Cond": "(ph.userid = b.userid)", "Plans": [{"Node Type": "Seq Scan", "Parent Relationship": "Outer", "Parallel Aware": false, "Relation Name": "posthistory", "Schema": "public", "Alias": "ph", "Startup Cost": 0.0, "Total Cost": 2110.32, "Plan Rows": 15263, "Plan Width": 4, "Actual Startup Time": 0.017, "Actual Total Time": 16.06, "Actual Rows": 15494, "Actual Loops": 1, "Output": ["ph.id", "ph.posthistorytypeid", "ph.postid", "ph.creationdate", "ph.userid"], "Filter": "(ph.posthistorytypeid = 1)", "Rows Removed by Filter": 90772}, {"Node Type": "Hash", "Parent Relationship": "Inner", "Parallel Aware": false, "Startup Cost": 8233.36, "Total Cost": 8233.36, "Plan Rows": 24721, "Plan Width": 12, "Actual Startup Time": 59.919, "Actual Total Time": 59.924, "Actual Rows": 20103, "Actual Loops": 1, "Output": ["b.userid", "u.id", "v.userid"], "Hash Buckets": 32768, "Original Hash Buckets": 32768, "Hash Batches": 1, "Original Hash Batches": 1, "Peak Memory Usage": 1120, "Plans": [{"Node Type": "Hash Join", "Parent Relationship": "Outer", "Parallel Aware": false, "Join Type": "Inner", "Startup Cost": 4789.81, "Total Cost": 8233.36, "Plan Rows": 24721, "Plan Width": 12, "Actual Startup Time": 40.455, "Actual Total Time": 55.652, "Actual Rows": 20103, "Actual Loops": 1, "Output": ["b.userid", "u.id", "v.userid"], "Inner Unique": false, "Hash Cond": "(b.userid = u.id)", "Plans": [{"Node Type": "Seq Scan", "Parent Relationship": "Outer", "Parallel Aware": false, "Relation Name": "badges", "Schema": "public", "Alias": "b", "Startup Cost": 0.0, "Total Cost": 501.93, "Plan Rows": 27598, "Plan Width": 4, "Actual Startup Time": 0.012, "Actual Total Time": 4.759, "Actual Rows": 27589, "Actual Loops": 1, "Output": ["b.userid"], "Filter": "(b.date <= 1409731992)", "Rows Removed by Filter": 405}, {"Node Type": "Hash", "Parent Relationship": "Inner", "Parallel Aware": false, "Startup Cost": 3124.55, "Total Cost": 3124.55, "Plan Rows": 101461, "Plan Width": 8, "Actual Startup Time": 39.864, "Actual Total Time": 39.867, "Actual Rows": 2459, "Actual Loops": 1, "Output": ["u.id", "v.userid"], "Hash Buckets": 131072, "Original Hash Buckets": 131072, "Hash Batches": 2, "Original Hash Batches": 2, "Peak Memory Usage": 1083, "Plans": [{"Node Type": "Hash Join", "Parent Relationship": "Outer", "Parallel Aware": false, "Join Type": "Inner", "Startup Cost": 542.38, "Total Cost": 3124.55, "Plan Rows": 101461, "Plan Width": 8, "Actual Startup Time": 5.406, "Actual Total Time": 39.061, "Actual Rows": 2459, "Actual Loops": 1, "Output": ["u.id", "v.userid"], "Inner Unique": true, "Hash Cond": "(v.userid = u.id)", "Plans": [{"Node Type": "Seq Scan", "Parent Relationship": "Outer", "Parallel Aware": false, "Relation Name": "votes", "Schema": "public", "Alias": "v", "Startup Cost": 0.0, "Total Cost": 2280.95, "Plan Rows": 114715, "Plan Width": 4, "Actual Startup Time": 0.012, "Actual Total Time": 19.503, "Actual Rows": 114809, "Actual Loops": 1, "Output": ["v.id", "v.postid", "v.votetypeid", "v.creationdate", "v.userid", "v.bountyamount"], "Filter": "(v.creationdate <= 1410451200)", "Rows Removed by Filter": 67}, {"Node Type": "Hash", "Parent Relationship": "Inner", "Parallel Aware": false, "Startup Cost": 386.32, "Total Cost": 386.32, "Plan Rows": 12485, "Plan Width": 4, "Actual Startup Time": 5.318, "Actual Total Time": 5.319, "Actual Rows": 13054, "Actual Loops": 1, "Output": ["u.id"], "Hash Buckets": 16384, "Original Hash Buckets": 16384, "Hash Batches": 1, "Original Hash Batches": 1, "Peak Memory Usage": 587, "Plans": [{"Node Type": "Seq Scan", "Parent Relationship": "Outer", "Parallel Aware": false, "Relation Name": "users", "Schema": "public", "Alias": "u", "Startup Cost": 0.0, "Total Cost": 386.32, "Plan Rows": 12485, "Plan Width": 4, "Actual Startup Time": 0.009, "Actual Total Time": 3.013, "Actual Rows": 13054, "Actual Loops": 1, "Output": ["u.id"], "Filter": "((u.creationdate <= 1410452190) AND (u.creationdate >= 1280737078) AND (u.reputation <= 126) AND (u.views <= 11))", "Rows Removed by Filter": 1062}]}]}]}]}]}]}]}, "Planning Time": 101.677, "Triggers": [], "Execution Time": 84.699}]
q16#####[{"Plan": {"Node Type": "Aggregate", "Strategy": "Plain", "Partial Mode": "Simple", "Parallel Aware": false, "Startup Cost": 10156.2, "Total Cost": 10156.21, "Plan Rows": 1, "Plan Width": 8, "Actual Startup Time": 47.002, "Actual Total Time": 47.008, "Actual Rows": 1, "Actual Loops": 1, "Output": ["count(*)"], "Plans": [{"Node Type": "Hash Join", "Parent Relationship": "Outer", "Parallel Aware": false, "Join Type": "Inner", "Startup Cost": 8378.03, "Total Cost": 10012.02, "Plan Rows": 57669, "Plan Width": 0, "Actual Startup Time": 37.312, "Actual Total Time": 46.692, "Actual Rows": 9424, "Actual Loops": 1, "Inner Unique": false, "Hash Cond": "(c.postid = p.id)", "Plans": [{"Node Type": "Seq Scan", "Parent Relationship": "Outer", "Parallel Aware": false, "Relation Name": "comments", "Schema": "public", "Alias": "c", "Startup Cost": 0.0, "Total Cost": 1061.28, "Plan Rows": 61128, "Plan Width": 4, "Actual Startup Time": 0.022, "Actual Total Time": 2.995, "Actual Rows": 61128, "Actual Loops": 1, "Output": ["c.id", "c.postid", "c.score", "c.creationdate", "c.userid"]}, {"Node Type": "Hash", "Parent Relationship": "Inner", "Parallel Aware": false, "Startup Cost": 8152.71, "Total Cost": 8152.71, "Plan Rows": 18026, "Plan Width": 16, "Actual Startup Time": 37.238, "Actual Total Time": 37.244, "Actual Rows": 6042, "Actual Loops": 1, "Output": ["ph.postid", "pl.postid", "p.id", "v.postid"], "Hash Buckets": 32768, "Original Hash Buckets": 32768, "Hash Batches": 1, "Original Hash Batches": 1, "Peak Memory Usage": 540, "Plans": [{"Node Type": "Hash Join", "Parent Relationship": "Outer", "Parallel Aware": false, "Join Type": "Inner", "Startup Cost": 3499.05, "Total Cost": 8152.71, "Plan Rows": 18026, "Plan Width": 16, "Actual Startup Time": 17.831, "Actual Total Time": 36.378, "Actual Rows": 6042, "Actual Loops": 1, "Output": ["ph.postid", "pl.postid", "p.id", "v.postid"], "Inner Unique": false, "Hash Cond": "(v.postid = p.id)", "Plans": [{"Node Type": "Seq Scan", "Parent Relationship": "Outer", "Parallel Aware": false, "Relation Name": "votes", "Schema": "public", "Alias": "v", "Startup Cost": 0.0, "Total Cost": 2280.95, "Plan Rows": 114022, "Plan Width": 4, "Actual Startup Time": 0.006, "Actual Total Time": 10.561, "Actual Rows": 114808, "Actual Loops": 1, "Output": ["v.id", "v.postid", "v.votetypeid", "v.creationdate", "v.userid", "v.bountyamount"], "Filter": "(v.creationdate >= 1279555200)", "Rows Removed by Filter": 68}, {"Node Type": "Hash", "Parent Relationship": "Inner", "Parallel Aware": false, "Startup Cost": 2819.55, "Total Cost": 2819.55, "Plan Rows": 54360, "Plan Width": 12, "Actual Startup Time": 17.506, "Actual Total Time": 17.511, "Actual Rows": 2992, "Actual Loops": 1, "Output": ["ph.postid", "pl.postid", "p.id"], "Hash Buckets": 65536, "Original Hash Buckets": 65536, "Hash Batches": 1, "Original Hash Batches": 1, "Peak Memory Usage": 641, "Plans": [{"Node Type": "Nested Loop", "Parent Relationship": "Outer", "Parallel Aware": false, "Join Type": "Inner", "Startup Cost": 1022.09, "Total Cost": 2819.55, "Plan Rows": 54360, "Plan Width": 12, "Actual Startup Time": 8.912, "Actual Total Time": 16.901, "Actual Rows": 2992, "Actual Loops": 1, "Output": ["ph.postid", "pl.postid", "p.id"], "Inner Unique": false, "Plans": [{"Node Type": "Hash Join", "Parent Relationship": "Outer", "Parallel Aware": false, "Join Type": "Inner", "Startup Cost": 1021.8, "Total Cost": 1118.12, "Plan Rows": 3497, "Plan Width": 8, "Actual Startup Time": 8.875, "Actual Total Time": 10.419, "Actual Rows": 1365, "Actual Loops": 1, "Output": ["pl.postid", "p.id"], "Inner Unique": true, "Hash Cond": "(pl.postid = p.id)", "Plans": [{"Node Type": "Seq Scan", "Parent Relationship": "Outer", "Parallel Aware": false, "Relation Name": "postlinks", "Schema": "public", "Alias": "pl", "Startup Cost": 0.0, "Total Cost": 87.14, "Plan Rows": 3497, "Plan Width": 4, "Actual Startup Time": 0.01, "Actual Total Time": 0.728, "Actual Rows": 3493, "Actual Loops": 1, "Output": ["pl.id", "pl.creationdate", "pl.postid", "pl.relatedpostid", "pl.linktypeid"], "Filter": "((pl.creationdate >= 1287471762) AND (pl.linktypeid = 1))", "Rows Removed by Filter": 383}, {"Node Type": "Hash", "Parent Relationship": "Inner", "Parallel Aware": false, "Startup Cost": 620.8, "Total Cost": 620.8, "Plan Rows": 32080, "Plan Width": 4, "Actual Startup Time": 8.704, "Actual Total Time": 8.706, "Actual Rows": 32080, "Actual Loops": 1, "Output": ["p.id"], "Hash Buckets": 32768, "Original Hash Buckets": 32768, "Hash Batches": 1, "Original Hash Batches": 1, "Peak Memory Usage": 1384, "Plans": [{"Node Type": "Seq Scan", "Parent Relationship": "Outer", "Parallel Aware": false, "Relation Name": "posts", "Schema": "public", "Alias": "p", "Startup Cost": 0.0, "Total Cost": 620.8, "Plan Rows": 32080, "Plan Width": 4, "Actual Startup Time": 0.004, "Actual Total Time": 4.168, "Actual Rows": 32080, "Actual Loops": 1, "Output": ["p.id"]}]}]}, {"Node Type": "Index Scan", "Parent Relationship": "Inner", "Parallel Aware": false, "Scan Direction": "Forward", "Index Name": "idx_posthistory_postid", "Relation Name": "posthistory", "Schema": "public", "Alias": "ph", "Startup Cost": 0.29, "Total Cost": 0.47, "Plan Rows": 2, "Plan Width": 4, "Actual Startup Time": 0.003, "Actual Total Time": 0.004, "Actual Rows": 2, "Actual Loops": 1365, "Output": ["ph.id", "ph.posthistorytypeid", "ph.postid", "ph.creationdate", "ph.userid"], "Index Cond": "(ph.postid = p.id)", "Rows Removed by Index Recheck": 0, "Filter": "(ph.creationdate <= 1403082847)", "Rows Removed by Filter": 0}]}]}]}]}]}]}, "Planning Time": 119.66, "Triggers": [], "Execution Time": 47.108}]
q12#####[{"Plan": {"Node Type": "Aggregate", "Strategy": "Plain", "Partial Mode": "Simple", "Parallel Aware": false, "Startup Cost": 23577.7, "Total Cost": 23577.71, "Plan Rows": 1, "Plan Width": 8, "Actual Startup Time": 357.513, "Actual Total Time": 357.52, "Actual Rows": 1, "Actual Loops": 1, "Output": ["count(*)"], "Plans": [{"Node Type": "Hash Join", "Parent Relationship": "Outer", "Parallel Aware": false, "Join Type": "Inner", "Startup Cost": 11731.32, "Total Cost": 23078.42, "Plan Rows": 199712, "Plan Width": 0, "Actual Startup Time": 164.322, "Actual Total Time": 339.238, "Actual Rows": 554302, "Actual Loops": 1, "Inner Unique": false, "Hash Cond": "(v.postid = p.id)", "Plans": [{"Node Type": "Seq Scan", "Parent Relationship": "Outer", "Parallel Aware": false, "Relation Name": "votes", "Schema": "public", "Alias": "v", "Startup Cost": 0.0, "Total Cost": 7333.96, "Plan Rows": 322563, "Plan Width": 4, "Actual Startup Time": 0.07, "Actual Total Time": 36.156, "Actual Rows": 324656, "Actual Loops": 1, "Output": ["v.id", "v.postid", "v.votetypeid", "v.creationdate", "v.userid", "v.bountyamount"], "Filter": "((v.creationdate <= 1409673600) AND (v.creationdate >= 1279555200))", "Rows Removed by Filter": 3408}, {"Node Type": "Hash", "Parent Relationship": "Inner", "Parallel Aware": false, "Startup Cost": 11019.5, "Total Cost": 11019.5, "Plan Rows": 56946, "Plan Width": 8, "Actual Startup Time": 164.0, "Actual Total Time": 164.005, "Actual Rows": 167333, "Actual Loops": 1, "Output": ["ph.postid", "p.id"], "Hash Buckets": 131072, "Original Hash Buckets": 65536, "Hash Batches": 4, "Original Hash Batches": 1, "Peak Memory Usage": 3073, "Plans": [{"Node Type": "Hash Join", "Parent Relationship": "Outer", "Parallel Aware": false, "Join Type": "Inner", "Startup Cost": 4086.18, "Total Cost": 11019.5, "Plan Rows": 56946, "Plan Width": 8, "Actual Startup Time": 31.247, "Actual Total Time": 138.65, "Actual Rows": 167333, "Actual Loops": 1, "Output": ["ph.postid", "p.id"], "Inner Unique": true, "Hash Cond": "(p.owneruserid = u.id)", "Plans": [{"Node Type": "Hash Join", "Parent Relationship": "Outer", "Parallel Aware": false, "Join Type": "Inner", "Startup Cost": 2714.36, "Total Cost": 9487.31, "Plan Rows": 61080, "Plan Width": 12, "Actual Startup Time": 19.005, "Actual Total Time": 96.674, "Actual Rows": 200802, "Actual Loops": 1, "Output": ["ph.postid", "p.id", "p.owneruserid"], "Inner Unique": true, "Hash Cond": "(ph.postid = p.id)", "Plans": [{"Node Type": "Seq Scan", "Parent Relationship": "Outer", "Parallel Aware": false, "Relation Name": "posthistory", "Schema": "public", "Alias": "ph", "Startup Cost": 0.0, "Total Cost": 6019.84, "Plan Rows": 286891, "Plan Width": 4, "Actual Startup Time": 0.016, "Actual Total Time": 31.779, "Actual Rows": 286515, "Actual Loops": 1, "Output": ["ph.id", "ph.posthistorytypeid", "ph.postid", "ph.creationdate", "ph.userid"], "Filter": "(ph.creationdate <= 1406525135)", "Rows Removed by Filter": 16672}, {"Node Type": "Hash", "Parent Relationship": "Inner", "Parallel Aware": false, "Startup Cost": 2469.58, "Total Cost": 2469.58, "Plan Rows": 19582, "Plan Width": 8, "Actual Startup Time": 18.84, "Actual Total Time": 18.842, "Actual Rows": 42238, "Actual Loops": 1, "Output": ["p.id", "p.owneruserid"], "Hash Buckets": 65536, "Original Hash Buckets": 32768, "Hash Batches": 1, "Original Hash Batches": 1, "Peak Memory Usage": 2162, "Plans": [{"Node Type": "Seq Scan", "Parent Relationship": "Outer", "Parallel Aware": false, "Relation Name": "posts", "Schema": "public", "Alias": "p", "Startup Cost": 0.0, "Total Cost": 2469.58, "Plan Rows": 19582, "Plan Width": 8, "Actual Startup Time": 0.01, "Actual Total Time": 12.63, "Actual Rows": 42238, "Actual Loops": 1, "Output": ["p.id", "p.owneruserid"], "Filter": "((p.answercount <= 4) AND (p.answercount >= 0) AND (p.posttypeid = 1))", "Rows Removed by Filter": 49738}]}]}, {"Node Type": "Hash", "Parent Relationship": "Inner", "Parallel Aware": false, "Startup Cost": 901.88, "Total Cost": 901.88, "Plan Rows": 37596, "Plan Width": 4, "Actual Startup Time": 11.934, "Actual Total Time": 11.935, "Actual Rows": 37542, "Actual Loops": 1, "Output": ["u.id"], "Hash Buckets": 65536, "Original Hash Buckets": 65536, "Hash Batches": 1, "Original Hash Batches": 1, "Peak Memory Usage": 1832, "Plans": [{"Node Type": "Seq Scan", "Parent Relationship": "Outer", "Parallel Aware": false, "Relation Name": "users", "Schema": "public", "Alias": "u", "Startup Cost": 0.0, "Total Cost": 901.88, "Plan Rows": 37596, "Plan Width": 4, "Actual Startup Time": 0.011, "Actual Total Time": 6.662, "Actual Rows": 37542, "Actual Loops": 1, "Output": ["u.id"], "Filter": "((u.creationdate <= 1407452609) AND (u.downvotes = 0))", "Rows Removed by Filter": 2783}]}]}]}]}]}, "Planning Time": 102.514, "Triggers": [], "Execution Time": 357.909}]
q107#####[{"Plan": {"Node Type": "Aggregate", "Strategy": "Plain", "Partial Mode": "Simple", "Parallel Aware": false, "Startup Cost": 13306.74, "Total Cost": 13306.75, "Plan Rows": 1, "Plan Width": 8, "Actual Startup Time": 100.59, "Actual Total Time": 100.596, "Actual Rows": 1, "Actual Loops": 1, "Output": ["count(*)"], "Plans": [{"Node Type": "Hash Join", "Parent Relationship": "Outer", "Parallel Aware": false, "Join Type": "Inner", "Startup Cost": 8257.56, "Total Cost": 12046.39, "Plan Rows": 504142, "Plan Width": 0, "Actual Startup Time": 73.244, "Actual Total Time": 98.01, "Actual Rows": 70020, "Actual Loops": 1, "Inner Unique": false, "Hash Cond": "(v.postid = c.postid)", "Plans": [{"Node Type": "Seq Scan", "Parent Relationship": "Outer", "Parallel Aware": false, "Relation Name": "votes", "Schema": "public", "Alias": "v", "Startup Cost": 0.0, "Total Cost": 2280.95, "Plan Rows": 114715, "Plan Width": 4, "Actual Startup Time": 0.015, "Actual Total Time": 10.833, "Actual Rows": 114809, "Actual Loops": 1, "Output": ["v.id", "v.postid", "v.votetypeid", "v.creationdate", "v.userid", "v.bountyamount"], "Filter": "(v.creationdate <= 1410451200)", "Rows Removed by Filter": 67}, {"Node Type": "Hash", "Parent Relationship": "Inner", "Parallel Aware": false, "Startup Cost": 8072.7, "Total Cost": 8072.7, "Plan Rows": 14789, "Plan Width": 12, "Actual Startup Time": 73.208, "Actual Total Time": 73.213, "Actual Rows": 36667, "Actual Loops": 1, "Output": ["c.postid", "ph.postid", "p.id"], "Hash Buckets": 65536, "Original Hash Buckets": 16384, "Hash Batches": 1, "Original Hash Batches": 1, "Peak Memory Usage": 2088, "Plans": [{"Node Type": "Hash Join", "Parent Relationship": "Outer", "Parallel Aware": false, "Join Type": "Inner", "Startup Cost": 1022.41, "Total Cost": 8072.7, "Plan Rows": 14789, "Plan Width": 12, "Actual Startup Time": 11.667, "Actual Total Time": 67.941, "Actual Rows": 36667, "Actual Loops": 1, "Output": ["c.postid", "ph.postid", "p.id"], "Inner Unique": true, "Hash Cond": "(c.postid = p.id)", "Plans": [{"Node Type": "Merge Join", "Parent Relationship": "Outer", "Parallel Aware": false, "Join Type": "Inner", "Startup Cost": 0.61, "Total Cost": 6662.61, "Plan Rows": 147897, "Plan Width": 8, "Actual Startup Time": 0.031, "Actual Total Time": 45.862, "Actual Rows": 93092, "Actual Loops": 1, "Output": ["c.postid", "ph.postid"], "Inner Unique": false, "Merge Cond": "(c.postid = ph.postid)", "Plans": [{"Node Type": "Index Only Scan", "Parent Relationship": "Outer", "Parallel Aware": false, "Scan Direction": "Forward", "Index Name": "idx_comments_postid", "Relation Name": "comments", "Schema": "public", "Alias": "c", "Startup Cost": 0.29, "Total Cost": 1525.21, "Plan Rows": 61128, "Plan Width": 4, "Actual Startup Time": 0.014, "Actual Total Time": 4.815, "Actual Rows": 61128, "Actual Loops": 1, "Output": ["c.postid"], "Heap Fetches": 0}, {"Node Type": "Materialize", "Parent Relationship": "Inner", "Parallel Aware": false, "Startup Cost": 0.29, "Total Cost": 3031.95, "Plan Rows": 106266, "Plan Width": 4, "Actual Startup Time": 0.013, "Actual Total Time": 22.782, "Actual Rows": 156183, "Actual Loops": 1, "Output": ["ph.postid"], "Plans": [{"Node Type": "Index Only Scan", "Parent Relationship": "Outer", "Parallel Aware": false, "Scan Direction": "Forward", "Index Name": "idx_posthistory_postid", "Relation Name": "posthistory", "Schema": "public", "Alias": "ph", "Startup Cost": 0.29, "Total Cost": 2766.28, "Plan Rows": 106266, "Plan Width": 4, "Actual Startup Time": 0.012, "Actual Total Time": 8.486, "Actual Rows": 106265, "Actual Loops": 1, "Output": ["ph.postid"], "Heap Fetches": 0}]}]}, {"Node Type": "Hash", "Parent Relationship": "Inner", "Parallel Aware": false, "Startup Cost": 620.8, "Total Cost": 620.8, "Plan Rows": 32080, "Plan Width": 4, "Actual Startup Time": 11.518, "Actual Total Time": 11.519, "Actual Rows": 32080, "Actual Loops": 1, "Output": ["p.id"], "Hash Buckets": 32768, "Original Hash Buckets": 32768, "Hash Batches": 1, "Original Hash Batches": 1, "Peak Memory Usage": 1384, "Plans": [{"Node Type": "Seq Scan", "Parent Relationship": "Outer", "Parallel Aware": false, "Relation Name": "posts", "Schema": "public", "Alias": "p", "Startup Cost": 0.0, "Total Cost": 620.8, "Plan Rows": 32080, "Plan Width": 4, "Actual Startup Time": 0.009, "Actual Total Time": 5.364, "Actual Rows": 32080, "Actual Loops": 1, "Output": ["p.id"]}]}]}]}]}]}, "Planning Time": 121.281, "Triggers": [], "Execution Time": 100.916}]
q113#####[{"Plan": {"Node Type": "Aggregate", "Strategy": "Plain", "Partial Mode": "Simple", "Parallel Aware": false, "Startup Cost": 2112223.73, "Total Cost": 2112223.74, "Plan Rows": 1, "Plan Width": 8, "Actual Startup Time": 1715.146, "Actual Total Time": 1715.148, "Actual Rows": 1, "Actual Loops": 1, "Output": ["count(*)"], "Plans": [{"Node Type": "Merge Join", "Parent Relationship": "Outer", "Parallel Aware": false, "Join Type": "Inner", "Startup Cost": 11930.25, "Total Cost": 2079033.62, "Plan Rows": 13276046, "Plan Width": 0, "Actual Startup Time": 66.966, "Actual Total Time": 1357.427, "Actual Rows": 10993951, "Actual Loops": 1, "Inner Unique": false, "Merge Cond": "(c.userid = u.id)", "Plans": [{"Node Type": "Index Scan", "Parent Relationship": "Outer", "Parallel Aware": false, "Scan Direction": "Forward", "Index Name": "idx_comments_userid", "Relation Name": "comments", "Schema": "public", "Alias": "c", "Startup Cost": 0.29, "Total Cost": 8711.25, "Plan Rows": 172314, "Plan Width": 4, "Actual Startup Time": 0.031, "Actual Total Time": 60.521, "Actual Rows": 173246, "Actual Loops": 1, "Output": ["c.id", "c.postid", "c.score", "c.creationdate", "c.userid"], "Filter": "((c.creationdate <= 1410480914) AND (c.creationdate >= 1280216794))", "Rows Removed by Filter": 843}, {"Node Type": "Materialize", "Parent Relationship": "Inner", "Parallel Aware": false, "Startup Cost": 11771.49, "Total Cost": 97961.22, "Plan Rows": 32013500, "Plan Width": 8, "Actual Startup Time": 65.166, "Actual Total Time": 441.803, "Actual Rows": 11000504, "Actual Loops": 1, "Output": ["u.id", "v.userid"], "Plans": [{"Node Type": "Merge Join", "Parent Relationship": "Outer", "Parallel Aware": false, "Join Type": "Inner", "Startup Cost": 11771.49, "Total Cost": 17927.47, "Plan Rows": 32013500, "Plan Width": 8, "Actual Startup Time": 65.161, "Actual Total Time": 95.923, "Actual Rows": 34664, "Actual Loops": 1, "Output": ["u.id", "v.userid"], "Inner Unique": false, "Merge Cond": "(u.id = v.userid)", "Plans": [{"Node Type": "Index Scan", "Parent Relationship": "Outer", "Parallel Aware": false, "Scan Direction": "Forward", "Index Name": "users_pkey", "Relation Name": "users", "Schema": "public", "Alias": "u", "Startup Cost": 0.29, "Total Cost": 1457.98, "Plan Rows": 39750, "Plan Width": 4, "Actual Startup Time": 0.013, "Actual Total Time": 6.785, "Actual Rows": 39728, "Actual Loops": 1, "Output": ["u.id", "u.reputation", "u.creationdate", "u.views", "u.upvotes", "u.downvotes"], "Filter": "(u.creationdate <= 1409677601)", "Rows Removed by Filter": 597}, {"Node Type": "Index Scan", "Parent Relationship": "Inner", "Parallel Aware": false, "Scan Direction": "Forward", "Index Name": "idx_votes_userid", "Relation Name": "votes", "Schema": "public", "Alias": "v", "Startup Cost": 0.3, "Total Cost": 12362.69, "Plan Rows": 324766, "Plan Width": 4, "Actual Startup Time": 0.015, "Actual Total Time": 68.63, "Actual Rows": 327120, "Actual Loops": 1, "Output": ["v.id", "v.postid", "v.votetypeid", "v.creationdate", "v.userid", "v.bountyamount"], "Filter": "((v.creationdate <= 1410278400) AND (v.creationdate >= 1279468800))", "Rows Removed by Filter": 902}]}]}]}]}, "Planning Time": 127.414, "Triggers": [], "Execution Time": 1715.302}]
q112#####[{"Plan": {"Node Type": "Aggregate", "Strategy": "Plain", "Partial Mode": "Simple", "Parallel Aware": false, "Startup Cost": 4280.04, "Total Cost": 4280.05, "Plan Rows": 1, "Plan Width": 8, "Actual Startup Time": 22.396, "Actual Total Time": 22.4, "Actual Rows": 1, "Actual Loops": 1, "Output": ["count(*)"], "Plans": [{"Node Type": "Nested Loop", "Parent Relationship": "Outer", "Parallel Aware": false, "Join Type": "Inner", "Startup Cost": 1562.91, "Total Cost": 4021.92, "Plan Rows": 103250, "Plan Width": 0, "Actual Startup Time": 17.878, "Actual Total Time": 22.198, "Actual Rows": 4262, "Actual Loops": 1, "Inner Unique": false, "Plans": [{"Node Type": "Nested Loop", "Parent Relationship": "Outer", "Parallel Aware": false, "Join Type": "Inner", "Startup Cost": 1562.62, "Total Cost": 3700.03, "Plan Rows": 890, "Plan Width": 8, "Actual Startup Time": 17.859, "Actual Total Time": 21.072, "Actual Rows": 334, "Actual Loops": 1, "Output": ["p.owneruserid", "u.id"], "Inner Unique": false, "Plans": [{"Node Type": "Nested Loop", "Parent Relationship": "Outer", "Parallel Aware": false, "Join Type": "Inner", "Startup Cost": 1562.33, "Total Cost": 2410.0, "Plan Rows": 2616, "Plan Width": 20, "Actual Startup Time": 17.818, "Actual Total Time": 20.217, "Actual Rows": 118, "Actual Loops": 1, "Output": ["c.postid", "pl.relatedpostid", "p.owneruserid", "p.id", "u.id"], "Inner Unique": false, "Plans": [{"Node Type": "Hash Join", "Parent Relationship": "Outer", "Parallel Aware": false, "Join Type": "Inner", "Startup Cost": 1562.04, "Total Cost": 1662.62, "Plan Rows": 1477, "Plan Width": 16, "Actual Startup Time": 17.782, "Actual Total Time": 19.125, "Actual Rows": 145, "Actual Loops": 1, "Output": ["pl.relatedpostid", "p.owneruserid", "p.id", "u.id"], "Inner Unique": true, "Hash Cond": "(p.owneruserid = u.id)", "Plans": [{"Node Type": "Hash Join", "Parent Relationship": "Outer", "Parallel Aware": false, "Join Type": "Inner", "Startup Cost": 1054.34, "Total Cost": 1150.55, "Plan Rows": 1663, "Plan Width": 12, "Actual Startup Time": 10.935, "Actual Total Time": 12.163, "Actual Rows": 524, "Actual Loops": 1, "Output": ["pl.relatedpostid", "p.owneruserid", "p.id"], "Inner Unique": true, "Hash Cond": "(pl.relatedpostid = p.id)", "Plans": [{"Node Type": "Seq Scan", "Parent Relationship": "Outer", "Parallel Aware": false, "Relation Name": "postlinks", "Schema": "public", "Alias": "pl", "Startup Cost": 0.0, "Total Cost": 87.14, "Plan Rows": 3456, "Plan Width": 4, "Actual Startup Time": 0.01, "Actual Total Time": 0.723, "Actual Rows": 3448, "Actual Loops": 1, "Output": ["pl.id", "pl.creationdate", "pl.postid", "pl.relatedpostid", "pl.linktypeid"], "Filter": "((pl.creationdate >= 1299485124) AND (pl.linktypeid = 1))", "Rows Removed by Filter": 428}, {"Node Type": "Hash", "Parent Relationship": "Inner", "Parallel Aware": false, "Startup Cost": 861.4, "Total Cost": 861.4, "Plan Rows": 15435, "Plan Width": 8, "Actual Startup Time": 10.772, "Actual Total Time": 10.772, "Actual Rows": 15431, "Actual Loops": 1, "Output": ["p.owneruserid", "p.id"], "Hash Buckets": 16384, "Original Hash Buckets": 16384, "Hash Batches": 1, "Original Hash Batches": 1, "Peak Memory Usage": 731, "Plans": [{"Node Type": "Seq Scan", "Parent Relationship": "Outer", "Parallel Aware": false, "Relation Name": "posts", "Schema": "public", "Alias": "p", "Startup Cost": 0.0, "Total Cost": 861.4, "Plan Rows": 15435, "Plan Width": 8, "Actual Startup Time": 0.007, "Actual Total Time": 7.546, "Actual Rows": 15431, "Actual Loops": 1, "Output": ["p.owneruserid", "p.id"], "Filter": "((p.answercount <= 4) AND (p.answercount >= 0) AND (p.creationdate <= 1410508579))", "Rows Removed by Filter": 16649}]}]}, {"Node Type": "Hash", "Parent Relationship": "Inner", "Parallel Aware": false, "Startup Cost": 351.03, "Total Cost": 351.03, "Plan Rows": 12534, "Plan Width": 4, "Actual Startup Time": 6.803, "Actual Total Time": 6.804, "Actual Rows": 12524, "Actual Loops": 1, "Output": ["u.id"], "Hash Buckets": 16384, "Original Hash Buckets": 16384, "Hash Batches": 1, "Original Hash Batches": 1, "Peak Memory Usage": 569, "Plans": [{"Node Type": "Seq Scan", "Parent Relationship": "Outer", "Parallel Aware": false, "Relation Name": "users", "Schema": "public", "Alias": "u", "Startup Cost": 0.0, "Total Cost": 351.03, "Plan Rows": 12534, "Plan Width": 4, "Actual Startup Time": 0.017, "Actual Total Time": 3.981, "Actual Rows": 12524, "Actual Loops": 1, "Output": ["u.id"], "Filter": "((u.creationdate <= 1405166887) AND (u.creationdate >= 1280206710) AND (u.views <= 160))", "Rows Removed by Filter": 1592}]}]}, {"Node Type": "Index Scan", "Parent Relationship": "Inner", "Parallel Aware": false, "Scan Direction": "Forward", "Index Name": "idx_comments_postid", "Relation Name": "comments", "Schema": "public", "Alias": "c", "Startup Cost": 0.29, "Total Cost": 0.49, "Plan Rows": 2, "Plan Width": 4, "Actual Startup Time": 0.005, "Actual Total Time": 0.007, "Actual Rows": 1, "Actual Loops": 145, "Output": ["c.id", "c.postid", "c.score", "c.creationdate", "c.userid"], "Index Cond": "(c.postid = p.id)", "Rows Removed by Index Recheck": 0, "Filter": "(c.score = 0)", "Rows Removed by Filter": 0}]}, {"Node Type": "Index Scan", "Parent Relationship": "Inner", "Parallel Aware": false, "Scan Direction": "Forward", "Index Name": "idx_votes_postid", "Relation Name": "votes", "Schema": "public", "Alias": "v", "Startup Cost": 0.29, "Total Cost": 0.46, "Plan Rows": 3, "Plan Width": 4, "Actual Startup Time": 0.004, "Actual Total Time": 0.007, "Actual Rows": 3, "Actual Loops": 118, "Output": ["v.id", "v.postid", "v.votetypeid", "v.creationdate", "v.userid", "v.bountyamount"], "Index Cond": "(v.postid = c.postid)", "Rows Removed by Index Recheck": 0, "Filter": "((v.bountyamount <= 100) AND (v.creationdate <= 1410364800) AND (v.creationdate >= 1233590400))", "Rows Removed by Filter": 0}]}, {"Node Type": "Index Only Scan", "Parent Relationship": "Inner", "Parallel Aware": false, "Scan Direction": "Forward", "Index Name": "idx_badges_userid", "Relation Name": "badges", "Schema": "public", "Alias": "b", "Startup Cost": 0.29, "Total Cost": 0.34, "Plan Rows": 2, "Plan Width": 4, "Actual Startup Time": 0.001, "Actual Total Time": 0.002, "Actual Rows": 13, "Actual Loops": 334, "Output": ["b.userid"], "Index Cond": "(b.userid = p.owneruserid)", "Rows Removed by Index Recheck": 0, "Heap Fetches": 0}]}]}, "Planning Time": 185.307, "Triggers": [], "Execution Time": 22.501}]
q106#####[{"Plan": {"Node Type": "Aggregate", "Strategy": "Plain", "Partial Mode": "Simple", "Parallel Aware": false, "Startup Cost": 5871.97, "Total Cost": 5871.98, "Plan Rows": 1, "Plan Width": 8, "Actual Startup Time": 67.484, "Actual Total Time": 67.491, "Actual Rows": 1, "Actual Loops": 1, "Output": ["count(*)"], "Plans": [{"Node Type": "Merge Join", "Parent Relationship": "Outer", "Parallel Aware": false, "Join Type": "Inner", "Startup Cost": 4832.99, "Total Cost": 5762.03, "Plan Rows": 43977, "Plan Width": 0, "Actual Startup Time": 46.412, "Actual Total Time": 62.947, "Actual Rows": 61067, "Actual Loops": 1, "Inner Unique": false, "Merge Cond": "(v.userid = b.userid)", "Plans": [{"Node Type": "Index Only Scan", "Parent Relationship": "Outer", "Parallel Aware": false, "Scan Direction": "Forward", "Index Name": "idx_votes_userid", "Relation Name": "votes", "Schema": "public", "Alias": "v", "Startup Cost": 0.29, "Total Cost": 2163.43, "Plan Rows": 114876, "Plan Width": 4, "Actual Startup Time": 0.011, "Actual Total Time": 13.231, "Actual Rows": 114580, "Actual Loops": 1, "Output": ["v.userid"], "Heap Fetches": 0}, {"Node Type": "Sort", "Parent Relationship": "Inner", "Parallel Aware": false, "Startup Cost": 2651.77, "Total Cost": 2662.61, "Plan Rows": 4336, "Plan Width": 12, "Actual Startup Time": 26.9, "Actual Total Time": 30.999, "Actual Rows": 61160, "Actual Loops": 1, "Output": ["b.userid", "p.owneruserid", "u.id"], "Sort Key": ["b.userid"], "Sort Method": "quicksort", "Sort Space Used": 52, "Sort Space Type": "Memory", "Plans": [{"Node Type": "Hash Join", "Parent Relationship": "Outer", "Parallel Aware": false, "Join Type": "Inner", "Startup Cost": 1491.1, "Total Cost": 2389.83, "Plan Rows": 4336, "Plan Width": 12, "Actual Startup Time": 17.621, "Actual Total Time": 26.783, "Actual Rows": 588, "Actual Loops": 1, "Output": ["b.userid", "p.owneruserid", "u.id"], "Inner Unique": false, "Hash Cond": "(b.userid = p.owneruserid)", "Plans": [{"Node Type": "Hash Join", "Parent Relationship": "Outer", "Parallel Aware": false, "Join Type": "Inner", "Startup Cost": 456.9, "Total Cost": 962.35, "Plan Rows": 27994, "Plan Width": 8, "Actual Startup Time": 5.178, "Actual Total Time": 13.552, "Actual Rows": 8850, "Actual Loops": 1, "Output": ["b.userid", "u.id"], "Inner Unique": true, "Hash Cond": "(b.userid = u.id)", "Plans": [{"Node Type": "Seq Scan", "Parent Relationship": "Outer", "Parallel Aware": false, "Relation Name": "badges", "Schema": "public", "Alias": "b", "Startup Cost": 0.0, "Total Cost": 431.94, "Plan Rows": 27994, "Plan Width": 4, "Actual Startup Time": 0.02, "Actual Total Time": 2.43, "Actual Rows": 27994, "Actual Loops": 1, "Output": ["b.id", "b.userid", "b.date"]}, {"Node Type": "Hash", "Parent Relationship": "Inner", "Parallel Aware": false, "Startup Cost": 280.45, "Total Cost": 280.45, "Plan Rows": 14116, "Plan Width": 4, "Actual Startup Time": 5.139, "Actual Total Time": 5.14, "Actual Rows": 14116, "Actual Loops": 1, "Output": ["u.id"], "Hash Buckets": 16384, "Original Hash Buckets": 16384, "Hash Batches": 1, "Original Hash Batches": 1, "Peak Memory Usage": 625, "Plans": [{"Node Type": "Seq Scan", "Parent Relationship": "Outer", "Parallel Aware": false, "Relation Name": "users", "Schema": "public", "Alias": "u", "Startup Cost": 0.0, "Total Cost": 280.45, "Plan Rows": 14116, "Plan Width": 4, "Actual Startup Time": 0.011, "Actual Total Time": 2.726, "Actual Rows": 14116, "Actual Loops": 1, "Output": ["u.id"], "Filter": "(u.downvotes >= 0)", "Rows Removed by Filter": 0}]}]}, {"Node Type": "Hash", "Parent Relationship": "Inner", "Parallel Aware": false, "Startup Cost": 1029.52, "Total Cost": 1029.52, "Plan Rows": 374, "Plan Width": 4, "Actual Startup Time": 12.333, "Actual Total Time": 12.335, "Actual Rows": 78, "Actual Loops": 1, "Output": ["p.owneruserid"], "Hash Buckets": 1024, "Original Hash Buckets": 1024, "Hash Batches": 1, "Original Hash Batches": 1, "Peak Memory Usage": 11, "Plans": [{"Node Type": "Hash Join", "Parent Relationship": "Outer", "Parallel Aware": false, "Join Type": "Inner", "Startup Cost": 1021.8, "Total Cost": 1029.52, "Plan Rows": 374, "Plan Width": 4, "Actual Startup Time": 12.202, "Actual Total Time": 12.315, "Actual Rows": 78, "Actual Loops": 1, "Output": ["p.owneruserid"], "Inner Unique": true, "Hash Cond": "(t.excerptpostid = p.id)", "Plans": [{"Node Type": "Seq Scan", "Parent Relationship": "Outer", "Parallel Aware": false, "Relation Name": "tags", "Schema": "public", "Alias": "t", "Startup Cost": 0.0, "Total Cost": 6.74, "Plan Rows": 374, "Plan Width": 4, "Actual Startup Time": 0.011, "Actual Total Time": 0.051, "Actual Rows": 374, "Actual Loops": 1, "Output": ["t.id", "t.count", "t.excerptpostid"]}, {"Node Type": "Hash", "Parent Relationship": "Inner", "Parallel Aware": false, "Startup Cost": 620.8, "Total Cost": 620.8, "Plan Rows": 32080, "Plan Width": 8, "Actual Startup Time": 12.044, "Actual Total Time": 12.045, "Actual Rows": 32080, "Actual Loops": 1, "Output": ["p.owneruserid", "p.id"], "Hash Buckets": 32768, "Original Hash Buckets": 32768, "Hash Batches": 1, "Original Hash Batches": 1, "Peak Memory Usage": 1510, "Plans": [{"Node Type": "Seq Scan", "Parent Relationship": "Outer", "Parallel Aware": false, "Relation Name": "posts", "Schema": "public", "Alias": "p", "Startup Cost": 0.0, "Total Cost": 620.8, "Plan Rows": 32080, "Plan Width": 8, "Actual Startup Time": 0.005, "Actual Total Time": 5.862, "Actual Rows": 32080, "Actual Loops": 1, "Output": ["p.owneruserid", "p.id"]}]}]}]}]}]}]}]}, "Planning Time": 126.384, "Triggers": [], "Execution Time": 67.631}]
q13#####[{"Plan": {"Node Type": "Aggregate", "Strategy": "Plain", "Partial Mode": "Simple", "Parallel Aware": false, "Startup Cost": 1639901.87, "Total Cost": 1639901.88, "Plan Rows": 1, "Plan Width": 8, "Actual Startup Time": 58698.717, "Actual Total Time": 58698.721, "Actual Rows": 1, "Actual Loops": 1, "Output": ["count(*)"], "Plans": [{"Node Type": "Nested Loop", "Parent Relationship": "Outer", "Parallel Aware": false, "Join Type": "Inner", "Startup Cost": 562.09, "Total Cost": 1394724.9, "Plan Rows": 98070786, "Plan Width": 0, "Actual Startup Time": 5.649, "Actual Total Time": 45062.731, "Actual Rows": 414980465, "Actual Loops": 1, "Inner Unique": false, "Plans": [{"Node Type": "Hash Join", "Parent Relationship": "Outer", "Parallel Aware": false, "Join Type": "Inner", "Startup Cost": 561.8, "Total Cost": 444540.92, "Plan Rows": 1607053, "Plan Width": 12, "Actual Startup Time": 5.616, "Actual Total Time": 806.468, "Actual Rows": 193354, "Actual Loops": 1, "Output": ["b.userid", "c.userid", "u.id"], "Inner Unique": true, "Hash Cond": "(b.userid = u.id)", "Plans": [{"Node Type": "Nested Loop", "Parent Relationship": "Outer", "Parallel Aware": false, "Join Type": "Inner", "Startup Cost": 0.29, "Total Cost": 18960.41, "Plan Rows": 161863400, "Plan Width": 8, "Actual Startup Time": 0.037, "Actual Total Time": 687.161, "Actual Rows": 1740263, "Actual Loops": 1, "Output": ["b.userid", "c.userid"], "Inner Unique": false, "Plans": [{"Node Type": "Seq Scan", "Parent Relationship": "Outer", "Parallel Aware": false, "Relation Name": "badges", "Schema": "public", "Alias": "b", "Startup Cost": 0.0, "Total Cost": 501.93, "Plan Rows": 27611, "Plan Width": 4, "Actual Startup Time": 0.016, "Actual Total Time": 4.651, "Actual Rows": 27616, "Actual Loops": 1, "Output": ["b.id", "b.userid", "b.date"], "Filter": "(b.date >= 1284490248)", "Rows Removed by Filter": 378}, {"Node Type": "Index Scan", "Parent Relationship": "Inner", "Parallel Aware": false, "Scan Direction": "Forward", "Index Name": "idx_comments_userid", "Relation Name": "comments", "Schema": "public", "Alias": "c", "Startup Cost": 0.29, "Total Cost": 0.57, "Plan Rows": 10, "Plan Width": 4, "Actual Startup Time": 0.002, "Actual Total Time": 0.02, "Actual Rows": 63, "Actual Loops": 27616, "Output": ["c.id", "c.postid", "c.score", "c.creationdate", "c.userid"], "Index Cond": "(c.userid = b.userid)", "Rows Removed by Index Recheck": 0, "Filter": "(c.creationdate <= 1409156304)", "Rows Removed by Filter": 1}]}, {"Node Type": "Hash", "Parent Relationship": "Inner", "Parallel Aware": false, "Startup Cost": 386.32, "Total Cost": 386.32, "Plan Rows": 14015, "Plan Width": 4, "Actual Startup Time": 5.55, "Actual Total Time": 5.55, "Actual Rows": 14047, "Actual Loops": 1, "Output": ["u.id"], "Hash Buckets": 16384, "Original Hash Buckets": 16384, "Hash Batches": 1, "Original Hash Batches": 1, "Peak Memory Usage": 622, "Plans": [{"Node Type": "Seq Scan", "Parent Relationship": "Outer", "Parallel Aware": false, "Relation Name": "users", "Schema": "public", "Alias": "u", "Startup Cost": 0.0, "Total Cost": 386.32, "Plan Rows": 14015, "Plan Width": 4, "Actual Startup Time": 0.011, "Actual Total Time": 3.197, "Actual Rows": 14047, "Actual Loops": 1, "Output": ["u.id"], "Filter": "((u.downvotes <= 3) AND (u.downvotes >= 0) AND (u.reputation <= 1443) AND (u.reputation >= 1))", "Rows Removed by Filter": 69}]}]}, {"Node Type": "Index Only Scan", "Parent Relationship": "Inner", "Parallel Aware": false, "Scan Direction": "Forward", "Index Name": "idx_posthistory_userid", "Relation Name": "posthistory", "Schema": "public", "Alias": "ph", "Startup Cost": 0.29, "Total Cost": 0.49, "Plan Rows": 10, "Plan Width": 4, "Actual Startup Time": 0.002, "Actual Total Time": 0.119, "Actual Rows": 2146, "Actual Loops": 193354, "Output": ["ph.userid"], "Index Cond": "(ph.userid = b.userid)", "Rows Removed by Index Recheck": 0, "Heap Fetches": 0}]}]}, "Planning Time": 95.993, "Triggers": [], "Execution Time": 58698.839}]
q39#####[{"Plan": {"Node Type": "Aggregate", "Strategy": "Plain", "Partial Mode": "Simple", "Parallel Aware": false, "Startup Cost": 814046.0, "Total Cost": 814046.01, "Plan Rows": 1, "Plan Width": 8, "Actual Startup Time": 371.277, "Actual Total Time": 371.279, "Actual Rows": 1, "Actual Loops": 1, "Output": ["count(*)"], "Plans": [{"Node Type": "Nested Loop", "Parent Relationship": "Outer", "Parallel Aware": false, "Join Type": "Inner", "Startup Cost": 1596.28, "Total Cost": 207809.45, "Plan Rows": 242494621, "Plan Width": 0, "Actual Startup Time": 12.132, "Actual Total Time": 312.184, "Actual Rows": 1771584, "Actual Loops": 1, "Inner Unique": false, "Plans": [{"Node Type": "Hash Join", "Parent Relationship": "Outer", "Parallel Aware": false, "Join Type": "Inner", "Startup Cost": 1595.86, "Total Cost": 5943.66, "Plan Rows": 167887, "Plan Width": 8, "Actual Startup Time": 12.107, "Actual Total Time": 53.452, "Actual Rows": 62423, "Actual Loops": 1, "Output": ["c.userid", "u.id"], "Inner Unique": true, "Hash Cond": "(c.userid = u.id)", "Plans": [{"Node Type": "Seq Scan", "Parent Relationship": "Outer", "Parallel Aware": false, "Relation Name": "comments", "Schema": "public", "Alias": "c", "Startup Cost": 0.0, "Total Cost": 3896.57, "Plan Rows": 171876, "Plan Width": 4, "Actual Startup Time": 0.135, "Actual Total Time": 20.166, "Actual Rows": 172293, "Actual Loops": 1, "Output": ["c.id", "c.postid", "c.score", "c.creationdate", "c.userid"], "Filter": "((c.creationdate <= 1410291962) AND (c.creationdate >= 1281309890))", "Rows Removed by Filter": 2012}, {"Node Type": "Hash", "Parent Relationship": "Inner", "Parallel Aware": false, "Startup Cost": 1103.5, "Total Cost": 1103.5, "Plan Rows": 39389, "Plan Width": 4, "Actual Startup Time": 11.841, "Actual Total Time": 11.842, "Actual Rows": 39444, "Actual Loops": 1, "Output": ["u.id"], "Hash Buckets": 65536, "Original Hash Buckets": 65536, "Hash Batches": 1, "Original Hash Batches": 1, "Peak Memory Usage": 1899, "Plans": [{"Node Type": "Seq Scan", "Parent Relationship": "Outer", "Parallel Aware": false, "Relation Name": "users", "Schema": "public", "Alias": "u", "Startup Cost": 0.0, "Total Cost": 1103.5, "Plan Rows": 39389, "Plan Width": 4, "Actual Startup Time": 0.045, "Actual Total Time": 6.917, "Actual Rows": 39444, "Actual Loops": 1, "Output": ["u.id"], "Filter": "((u.creationdate >= 1280752272) AND (u.reputation >= 1) AND (u.upvotes >= 0) AND (u.views <= 80))", "Rows Removed by Filter": 881}]}]}, {"Node Type": "Index Only Scan", "Parent Relationship": "Inner", "Parallel Aware": false, "Scan Direction": "Forward", "Index Name": "idx_posthistory_userid", "Relation Name": "posthistory", "Schema": "public", "Alias": "ph", "Startup Cost": 0.42, "Total Cost": 0.92, "Plan Rows": 28, "Plan Width": 4, "Actual Startup Time": 0.001, "Actual Total Time": 0.003, "Actual Rows": 28, "Actual Loops": 62423, "Output": ["ph.userid"], "Index Cond": "(ph.userid = c.userid)", "Rows Removed by Index Recheck": 0, "Heap Fetches": 0}]}]}, "Planning Time": 60.003, "Triggers": [], "Execution Time": 371.381}]
q11#####[{"Plan": {"Node Type": "Aggregate", "Strategy": "Plain", "Partial Mode": "Simple", "Parallel Aware": false, "Startup Cost": 219199.62, "Total Cost": 219199.63, "Plan Rows": 1, "Plan Width": 8, "Actual Startup Time": 5525.603, "Actual Total Time": 5525.604, "Actual Rows": 1, "Actual Loops": 1, "Output": ["count(*)"], "Plans": [{"Node Type": "Nested Loop", "Parent Relationship": "Outer", "Parallel Aware": false, "Join Type": "Inner", "Startup Cost": 2558.31, "Total Cost": 175883.31, "Plan Rows": 17326524, "Plan Width": 0, "Actual Startup Time": 9.24, "Actual Total Time": 4237.961, "Actual Rows": 37326007, "Actual Loops": 1, "Inner Unique": false, "Plans": [{"Node Type": "Merge Join", "Parent Relationship": "Outer", "Parallel Aware": false, "Join Type": "Inner", "Startup Cost": 2558.01, "Total Cost": 8103.08, "Plan Rows": 283924, "Plan Width": 12, "Actual Startup Time": 9.225, "Actual Total Time": 26.664, "Actual Rows": 25634, "Actual Loops": 1, "Output": ["b.userid", "u.id", "v.userid"], "Inner Unique": false, "Merge Cond": "(b.userid = v.userid)", "Plans": [{"Node Type": "Merge Join", "Parent Relationship": "Outer", "Parallel Aware": false, "Join Type": "Inner", "Startup Cost": 0.64, "Total Cost": 1972.53, "Plan Rows": 27994, "Plan Width": 8, "Actual Startup Time": 0.047, "Actual Total Time": 10.864, "Actual Rows": 8845, "Actual Loops": 1, "Output": ["b.userid", "u.id"], "Inner Unique": true, "Merge Cond": "(b.userid = u.id)", "Plans": [{"Node Type": "Index Only Scan", "Parent Relationship": "Outer", "Parallel Aware": false, "Scan Direction": "Forward", "Index Name": "idx_badges_userid", "Relation Name": "badges", "Schema": "public", "Alias": "b", "Startup Cost": 0.29, "Total Cost": 716.2, "Plan Rows": 27994, "Plan Width": 4, "Actual Startup Time": 0.01, "Actual Total Time": 2.313, "Actual Rows": 27977, "Actual Loops": 1, "Output": ["b.userid"], "Heap Fetches": 0}, {"Node Type": "Index Scan", "Parent Relationship": "Inner", "Parallel Aware": false, "Scan Direction": "Forward", "Index Name": "users_pkey", "Relation Name": "users", "Schema": "public", "Alias": "u", "Startup Cost": 0.29, "Total Cost": 871.31, "Plan Rows": 14116, "Plan Width": 4, "Actual Startup Time": 0.014, "Actual Total Time": 5.871, "Actual Rows": 14083, "Actual Loops": 1, "Output": ["u.id", "u.reputation", "u.creationdate", "u.views", "u.upvotes", "u.downvotes"], "Filter": "(u.views >= 0)", "Rows Removed by Filter": 0}]}, {"Node Type": "Index Only Scan", "Parent Relationship": "Inner", "Parallel Aware": false, "Scan Direction": "Forward", "Index Name": "idx_votes_userid", "Relation Name": "votes", "Schema": "public", "Alias": "v", "Startup Cost": 0.29, "Total Cost": 2163.43, "Plan Rows": 114876, "Plan Width": 4, "Actual Startup Time": 0.007, "Actual Total Time": 8.356, "Actual Rows": 138071, "Actual Loops": 1, "Output": ["v.userid"], "Heap Fetches": 0}]}, {"Node Type": "Index Only Scan", "Parent Relationship": "Inner", "Parallel Aware": false, "Scan Direction": "Forward", "Index Name": "idx_posthistory_userid", "Relation Name": "posthistory", "Schema": "public", "Alias": "ph", "Startup Cost": 0.29, "Total Cost": 0.49, "Plan Rows": 10, "Plan Width": 4, "Actual Startup Time": 0.002, "Actual Total Time": 0.087, "Actual Rows": 1456, "Actual Loops": 25634, "Output": ["ph.userid"], "Index Cond": "(ph.userid = b.userid)", "Rows Removed by Index Recheck": 0, "Heap Fetches": 0}]}]}, "Planning Time": 95.061, "Triggers": [], "Execution Time": 5525.714}]
q138#####[{"Plan": {"Node Type": "Aggregate", "Strategy": "Plain", "Partial Mode": "Simple", "Parallel Aware": false, "Startup Cost": 21333428.02, "Total Cost": 21333428.03, "Plan Rows": 1, "Plan Width": 8, "Actual Startup Time": 468.063, "Actual Total Time": 468.064, "Actual Rows": 1, "Actual Loops": 1, "Output": ["count(*)"], "Plans": [{"Node Type": "Nested Loop", "Parent Relationship": "Outer", "Parallel Aware": false, "Join Type": "Inner", "Startup Cost": 70.74, "Total Cost": 20711584.52, "Plan Rows": 248737401, "Plan Width": 0, "Actual Startup Time": 1.573, "Actual Total Time": 385.676, "Actual Rows": 2323452, "Actual Loops": 1, "Inner Unique": false, "Plans": [{"Node Type": "Merge Join", "Parent Relationship": "Outer", "Parallel Aware": false, "Join Type": "Inner", "Startup Cost": 70.32, "Total Cost": 7705.5, "Plan Rows": 17220900, "Plan Width": 8, "Actual Startup Time": 1.426, "Actual Total Time": 36.661, "Actual Rows": 69018, "Actual Loops": 1, "Output": ["c.userid", "u.id"], "Inner Unique": true, "Merge Cond": "(c.userid = u.id)", "Plans": [{"Node Type": "Index Only Scan", "Parent Relationship": "Outer", "Parallel Aware": false, "Scan Direction": "Forward", "Index Name": "idx_comments_userid", "Relation Name": "comments", "Schema": "public", "Alias": "c", "Startup Cost": 0.29, "Total Cost": 3586.87, "Plan Rows": 174305, "Plan Width": 4, "Actual Startup Time": 0.01, "Actual Total Time": 13.941, "Actual Rows": 174292, "Actual Loops": 1, "Output": ["c.userid"], "Heap Fetches": 0}, {"Node Type": "Index Scan", "Parent Relationship": "Inner", "Parallel Aware": false, "Scan Direction": "Forward", "Index Name": "users_pkey", "Relation Name": "users", "Schema": "public", "Alias": "u", "Startup Cost": 0.29, "Total Cost": 1861.23, "Plan Rows": 39840, "Plan Width": 4, "Actual Startup Time": 0.02, "Actual Total Time": 8.975, "Actual Rows": 39903, "Actual Loops": 1, "Output": ["u.id", "u.reputation", "u.creationdate", "u.views", "u.upvotes", "u.downvotes"], "Filter": "((u.creationdate <= 1410498776) AND (u.downvotes >= 0) AND (u.reputation <= 7931) AND (u.reputation >= 1) AND (u.views <= 109))", "Rows Removed by Filter": 422}]}, {"Node Type": "Index Only Scan", "Parent Relationship": "Inner", "Parallel Aware": false, "Scan Direction": "Forward", "Index Name": "idx_posthistory_userid", "Relation Name": "posthistory", "Schema": "public", "Alias": "ph", "Startup Cost": 0.42, "Total Cost": 0.92, "Plan Rows": 28, "Plan Width": 4, "Actual Startup Time": 0.001, "Actual Total Time": 0.003, "Actual Rows": 34, "Actual Loops": 69018, "Output": ["ph.userid"], "Index Cond": "(ph.userid = c.userid)", "Rows Removed by Index Recheck": 0, "Heap Fetches": 0}]}]}, "Planning Time": 69.608, "Triggers": [], "Execution Time": 468.2}]
q110#####[{"Plan": {"Node Type": "Aggregate", "Strategy": "Plain", "Partial Mode": "Simple", "Parallel Aware": false, "Startup Cost": 21814.35, "Total Cost": 21814.36, "Plan Rows": 1, "Plan Width": 8, "Actual Startup Time": 636.548, "Actual Total Time": 636.549, "Actual Rows": 1, "Actual Loops": 1, "Output": ["count(*)"], "Plans": [{"Node Type": "Nested Loop", "Parent Relationship": "Outer", "Parallel Aware": false, "Join Type": "Inner", "Startup Cost": 0.29, "Total Cost": 18570.65, "Plan Rows": 1297483, "Plan Width": 0, "Actual Startup Time": 0.06, "Actual Total Time": 578.664, "Actual Rows": 1424130, "Actual Loops": 1, "Inner Unique": false, "Plans": [{"Node Type": "Seq Scan", "Parent Relationship": "Outer", "Parallel Aware": false, "Relation Name": "badges", "Schema": "public", "Alias": "b", "Startup Cost": 0.0, "Total Cost": 501.93, "Plan Rows": 27896, "Plan Width": 4, "Actual Startup Time": 0.023, "Actual Total Time": 4.657, "Actual Rows": 27894, "Actual Loops": 1, "Output": ["b.id", "b.userid", "b.date"], "Filter": "(b.date <= 1410417186)", "Rows Removed by Filter": 100}, {"Node Type": "Index Scan", "Parent Relationship": "Inner", "Parallel Aware": false, "Scan Direction": "Forward", "Index Name": "idx_comments_userid", "Relation Name": "comments", "Schema": "public", "Alias": "c", "Startup Cost": 0.29, "Total Cost": 0.57, "Plan Rows": 8, "Plan Width": 4, "Actual Startup Time": 0.002, "Actual Total Time": 0.017, "Actual Rows": 51, "Actual Loops": 27894, "Output": ["c.id", "c.postid", "c.score", "c.creationdate", "c.userid"], "Index Cond": "(c.userid = b.userid)", "Rows Removed by Index Recheck": 0, "Filter": "(c.score = 0)", "Rows Removed by Filter": 12}]}]}, "Planning Time": 79.252, "Triggers": [], "Execution Time": 636.616}]
q104#####[{"Plan": {"Node Type": "Aggregate", "Strategy": "Plain", "Partial Mode": "Simple", "Parallel Aware": false, "Startup Cost": 4833.6, "Total Cost": 4833.61, "Plan Rows": 1, "Plan Width": 8, "Actual Startup Time": 91.962, "Actual Total Time": 91.965, "Actual Rows": 1, "Actual Loops": 1, "Output": ["count(*)"], "Plans": [{"Node Type": "Nested Loop", "Parent Relationship": "Outer", "Parallel Aware": false, "Join Type": "Inner", "Startup Cost": 1176.29, "Total Cost": 3399.34, "Plan Rows": 573704, "Plan Width": 0, "Actual Startup Time": 13.806, "Actual Total Time": 85.344, "Actual Rows": 130381, "Actual Loops": 1, "Inner Unique": false, "Plans": [{"Node Type": "Hash Join", "Parent Relationship": "Outer", "Parallel Aware": false, "Join Type": "Inner", "Startup Cost": 1176.0, "Total Cost": 1272.02, "Plan Rows": 3331, "Plan Width": 4, "Actual Startup Time": 13.737, "Actual Total Time": 15.888, "Actual Rows": 1346, "Actual Loops": 1, "Output": ["p.owneruserid"], "Inner Unique": true, "Hash Cond": "(pl.postid = p.id)", "Plans": [{"Node Type": "Seq Scan", "Parent Relationship": "Outer", "Parallel Aware": false, "Relation Name": "postlinks", "Schema": "public", "Alias": "pl", "Startup Cost": 0.0, "Total Cost": 87.14, "Plan Rows": 3383, "Plan Width": 4, "Actual Startup Time": 0.021, "Actual Total Time": 0.989, "Actual Rows": 3369, "Actual Loops": 1, "Output": ["pl.id", "pl.creationdate", "pl.postid", "pl.relatedpostid", "pl.linktypeid"], "Filter": "((pl.creationdate >= 1310222144) AND (pl.linktypeid = 1))", "Rows Removed by Filter": 507}, {"Node Type": "Hash", "Parent Relationship": "Inner", "Parallel Aware": false, "Startup Cost": 781.2, "Total Cost": 781.2, "Plan Rows": 31584, "Plan Width": 8, "Actual Startup Time": 13.667, "Actual Total Time": 13.668, "Actual Rows": 31581, "Actual Loops": 1, "Output": ["p.owneruserid", "p.id"], "Hash Buckets": 32768, "Original Hash Buckets": 32768, "Hash Batches": 1, "Original Hash Batches": 1, "Peak Memory Usage": 1490, "Plans": [{"Node Type": "Seq Scan", "Parent Relationship": "Outer", "Parallel Aware": false, "Relation Name": "posts", "Schema": "public", "Alias": "p", "Startup Cost": 0.0, "Total Cost": 781.2, "Plan Rows": 31584, "Plan Width": 8, "Actual Startup Time": 0.005, "Actual Total Time": 7.358, "Actual Rows": 31581, "Actual Loops": 1, "Output": ["p.owneruserid", "p.id"], "Filter": "((p.creationdate <= 1410487341) AND (p.creationdate >= 1283705901))", "Rows Removed by Filter": 499}]}]}, {"Node Type": "Index Scan", "Parent Relationship": "Inner", "Parallel Aware": false, "Scan Direction": "Forward", "Index Name": "idx_comments_userid", "Relation Name": "comments", "Schema": "public", "Alias": "c", "Startup Cost": 0.29, "Total Cost": 0.56, "Plan Rows": 8, "Plan Width": 4, "Actual Startup Time": 0.003, "Actual Total Time": 0.044, "Actual Rows": 97, "Actual Loops": 1346, "Output": ["c.id", "c.postid", "c.score", "c.creationdate", "c.userid"], "Index Cond": "(c.userid = p.owneruserid)", "Rows Removed by Index Recheck": 0, "Filter": "(c.score = 0)", "Rows Removed by Filter": 23}]}]}, "Planning Time": 71.125, "Triggers": [], "Execution Time": 92.048}]
q105#####[{"Plan": {"Node Type": "Aggregate", "Strategy": "Plain", "Partial Mode": "Simple", "Parallel Aware": false, "Startup Cost": 24383.02, "Total Cost": 24383.03, "Plan Rows": 1, "Plan Width": 8, "Actual Startup Time": 338.023, "Actual Total Time": 338.029, "Actual Rows": 1, "Actual Loops": 1, "Output": ["count(*)"], "Plans": [{"Node Type": "Hash Join", "Parent Relationship": "Outer", "Parallel Aware": false, "Join Type": "Inner", "Startup Cost": 14057.44, "Total Cost": 22868.15, "Plan Rows": 605948, "Plan Width": 0, "Actual Startup Time": 233.997, "Actual Total Time": 325.308, "Actual Rows": 304974, "Actual Loops": 1, "Inner Unique": false, "Hash Cond": "(c.postid = p.id)", "Plans": [{"Node Type": "Seq Scan", "Parent Relationship": "Outer", "Parallel Aware": false, "Relation Name": "comments", "Schema": "public", "Alias": "c", "Startup Cost": 0.0, "Total Cost": 3025.05, "Plan Rows": 174305, "Plan Width": 4, "Actual Startup Time": 0.01, "Actual Total Time": 18.962, "Actual Rows": 174305, "Actual Loops": 1, "Output": ["c.postid"]}, {"Node Type": "Hash", "Parent Relationship": "Inner", "Parallel Aware": false, "Startup Cost": 11664.17, "Total Cost": 11664.17, "Plan Rows": 145862, "Plan Width": 8, "Actual Startup Time": 233.157, "Actual Total Time": 233.162, "Actual Rows": 122922, "Actual Loops": 1, "Output": ["p.id", "v.postid"], "Hash Buckets": 131072, "Original Hash Buckets": 131072, "Hash Batches": 2, "Original Hash Batches": 2, "Peak Memory Usage": 3440, "Plans": [{"Node Type": "Hash Join", "Parent Relationship": "Outer", "Parallel Aware": false, "Join Type": "Inner", "Startup Cost": 4717.85, "Total Cost": 11664.17, "Plan Rows": 145862, "Plan Width": 8, "Actual Startup Time": 37.191, "Actual Total Time": 201.24, "Actual Rows": 122922, "Actual Loops": 1, "Output": ["p.id", "v.postid"], "Inner Unique": true, "Hash Cond": "(p.owneruserid = u.id)", "Plans": [{"Node Type": "Hash Join", "Parent Relationship": "Outer", "Parallel Aware": false, "Join Type": "Inner", "Startup Cost": 3222.1, "Total Cost": 9776.95, "Plan Rows": 149115, "Plan Width": 12, "Actual Startup Time": 26.517, "Actual Total Time": 151.531, "Actual Rows": 125986, "Actual Loops": 1, "Output": ["p.id", "p.owneruserid", "v.postid"], "Inner Unique": true, "Hash Cond": "(v.postid = p.id)", "Plans": [{"Node Type": "Seq Scan", "Parent Relationship": "Outer", "Parallel Aware": false, "Relation Name": "votes", "Schema": "public", "Alias": "v", "Startup Cost": 0.0, "Total Cost": 5693.64, "Plan Rows": 328064, "Plan Width": 4, "Actual Startup Time": 0.015, "Actual Total Time": 29.199, "Actual Rows": 328064, "Actual Loops": 1, "Output": ["v.id", "v.postid", "v.votetypeid", "v.creationdate", "v.userid", "v.bountyamount"]}, {"Node Type": "Hash", "Parent Relationship": "Inner", "Parallel Aware": false, "Startup Cost": 2699.52, "Total Cost": 2699.52, "Plan Rows": 41806, "Plan Width": 8, "Actual Startup Time": 26.245, "Actual Total Time": 26.246, "Actual Rows": 41900, "Actual Loops": 1, "Output": ["p.id", "p.owneruserid"], "Hash Buckets": 65536, "Original Hash Buckets": 65536, "Hash Batches": 1, "Original Hash Batches": 1, "Peak Memory Usage": 2149, "Plans": [{"Node Type": "Seq Scan", "Parent Relationship": "Outer", "Parallel Aware": false, "Relation Name": "posts", "Schema": "public", "Alias": "p", "Startup Cost": 0.0, "Total Cost": 2699.52, "Plan Rows": 41806, "Plan Width": 8, "Actual Startup Time": 0.01, "Actual Total Time": 19.009, "Actual Rows": 41900, "Actual Loops": 1, "Output": ["p.id", "p.owneruserid"], "Filter": "((p.creationdate <= 1410235250) AND (p.score <= 16) AND (p.score >= 0) AND (p.viewcount >= 0))", "Rows Removed by Filter": 50076}]}]}, {"Node Type": "Hash", "Parent Relationship": "Inner", "Parallel Aware": false, "Startup Cost": 1002.69, "Total Cost": 1002.69, "Plan Rows": 39445, "Plan Width": 4, "Actual Startup Time": 10.563, "Actual Total Time": 10.564, "Actual Rows": 39426, "Actual Loops": 1, "Output": ["u.id"], "Hash Buckets": 65536, "Original Hash Buckets": 65536, "Hash Batches": 1, "Original Hash Batches": 1, "Peak Memory Usage": 1899, "Plans": [{"Node Type": "Seq Scan", "Parent Relationship": "Outer", "Parallel Aware": false, "Relation Name": "users", "Schema": "public", "Alias": "u", "Startup Cost": 0.0, "Total Cost": 1002.69, "Plan Rows": 39445, "Plan Width": 4, "Actual Startup Time": 0.017, "Actual Total Time": 5.895, "Actual Rows": 39426, "Actual Loops": 1, "Output": ["u.id"], "Filter": "((u.creationdate <= 1409199356) AND (u.creationdate >= 1279537729) AND (u.reputation >= 1))", "Rows Removed by Filter": 899}]}]}]}]}]}, "Planning Time": 126.446, "Triggers": [], "Execution Time": 338.161}]
q111#####[{"Plan": {"Node Type": "Aggregate", "Strategy": "Plain", "Partial Mode": "Simple", "Parallel Aware": false, "Startup Cost": 16087.24, "Total Cost": 16087.25, "Plan Rows": 1, "Plan Width": 8, "Actual Startup Time": 197.905, "Actual Total Time": 197.909, "Actual Rows": 1, "Actual Loops": 1, "Output": ["count(*)"], "Plans": [{"Node Type": "Hash Join", "Parent Relationship": "Outer", "Parallel Aware": false, "Join Type": "Inner", "Startup Cost": 5201.57, "Total Cost": 15379.68, "Plan Rows": 283021, "Plan Width": 0, "Actual Startup Time": 41.047, "Actual Total Time": 189.24, "Actual Rows": 251068, "Actual Loops": 1, "Inner Unique": true, "Hash Cond": "(p.owneruserid = u.id)", "Plans": [{"Node Type": "Hash Join", "Parent Relationship": "Outer", "Parallel Aware": false, "Join Type": "Inner", "Startup Cost": 3695.45, "Total Cost": 13129.62, "Plan Rows": 283379, "Plan Width": 4, "Actual Startup Time": 27.683, "Actual Total Time": 133.833, "Actual Rows": 291926, "Actual Loops": 1, "Output": ["p.owneruserid"], "Inner Unique": true, "Hash Cond": "(ph.postid = p.id)", "Plans": [{"Node Type": "Seq Scan", "Parent Relationship": "Outer", "Parallel Aware": false, "Relation Name": "posthistory", "Schema": "public", "Alias": "ph", "Startup Cost": 0.0, "Total Cost": 6019.84, "Plan Rows": 293829, "Plan Width": 4, "Actual Startup Time": 0.015, "Actual Total Time": 35.36, "Actual Rows": 293788, "Actual Loops": 1, "Output": ["ph.postid"], "Filter": "(ph.creationdate <= 1408281851)", "Rows Removed by Filter": 9399}, {"Node Type": "Hash", "Parent Relationship": "Inner", "Parallel Aware": false, "Startup Cost": 2239.64, "Total Cost": 2239.64, "Plan Rows": 88705, "Plan Width": 8, "Actual Startup Time": 26.624, "Actual Total Time": 26.625, "Actual Rows": 89117, "Actual Loops": 1, "Output": ["p.id", "p.owneruserid"], "Hash Buckets": 131072, "Original Hash Buckets": 131072, "Hash Batches": 2, "Original Hash Batches": 2, "Peak Memory Usage": 2764, "Plans": [{"Node Type": "Seq Scan", "Parent Relationship": "Outer", "Parallel Aware": false, "Relation Name": "posts", "Schema": "public", "Alias": "p", "Startup Cost": 0.0, "Total Cost": 2239.64, "Plan Rows": 88705, "Plan Width": 8, "Actual Startup Time": 0.058, "Actual Total Time": 13.171, "Actual Rows": 89117, "Actual Loops": 1, "Output": ["p.id", "p.owneruserid"], "Filter": "((p.creationdate <= 1408689819) AND (p.creationdate >= 1280143597))", "Rows Removed by Filter": 2859}]}]}, {"Node Type": "Hash", "Parent Relationship": "Inner", "Parallel Aware": false, "Startup Cost": 1002.69, "Total Cost": 1002.69, "Plan Rows": 40274, "Plan Width": 4, "Actual Startup Time": 13.202, "Actual Total Time": 13.202, "Actual Rows": 40277, "Actual Loops": 1, "Output": ["u.id"], "Hash Buckets": 65536, "Original Hash Buckets": 65536, "Hash Batches": 1, "Original Hash Batches": 1, "Peak Memory Usage": 1928, "Plans": [{"Node Type": "Seq Scan", "Parent Relationship": "Outer", "Parallel Aware": false, "Relation Name": "users", "Schema": "public", "Alias": "u", "Startup Cost": 0.0, "Total Cost": 1002.69, "Plan Rows": 40274, "Plan Width": 4, "Actual Startup Time": 0.035, "Actual Total Time": 7.295, "Actual Rows": 40277, "Actual Loops": 1, "Output": ["u.id"], "Filter": "((u.reputation <= 6524) AND (u.reputation >= 1) AND (u.views >= 0))", "Rows Removed by Filter": 48}]}]}]}, "Planning Time": 99.499, "Triggers": [], "Execution Time": 197.996}]
q139#####[{"Plan": {"Node Type": "Aggregate", "Strategy": "Plain", "Partial Mode": "Simple", "Parallel Aware": false, "Startup Cost": 562593.84, "Total Cost": 562593.85, "Plan Rows": 1, "Plan Width": 8, "Actual Startup Time": 28689.136, "Actual Total Time": 28689.144, "Actual Rows": 1, "Actual Loops": 1, "Output": ["count(*)"], "Plans": [{"Node Type": "Hash Join", "Parent Relationship": "Outer", "Parallel Aware": false, "Join Type": "Inner", "Startup Cost": 59449.02, "Total Cost": 90713.54, "Plan Rows": 188752118, "Plan Width": 0, "Actual Startup Time": 862.333, "Actual Total Time": 20437.439, "Actual Rows": 242295975, "Actual Loops": 1, "Inner Unique": false, "Hash Cond": "(c.userid = b.userid)", "Plans": [{"Node Type": "Hash Join", "Parent Relationship": "Outer", "Parallel Aware": false, "Join Type": "Inner", "Startup Cost": 490.74, "Total Cost": 2016.35, "Plan Rows": 59939, "Plan Width": 8, "Actual Startup Time": 5.012, "Actual Total Time": 19.49, "Actual Rows": 11658, "Actual Loops": 1, "Output": ["c.userid", "u.id"], "Inner Unique": true, "Hash Cond": "(c.userid = u.id)", "Plans": [{"Node Type": "Seq Scan", "Parent Relationship": "Outer", "Parallel Aware": false, "Relation Name": "comments", "Schema": "public", "Alias": "c", "Startup Cost": 0.0, "Total Cost": 1366.92, "Plan Rows": 60436, "Plan Width": 4, "Actual Startup Time": 0.023, "Actual Total Time": 7.037, "Actual Rows": 60815, "Actual Loops": 1, "Output": ["c.id", "c.postid", "c.score", "c.creationdate", "c.userid"], "Filter": "((c.creationdate <= 1410479953) AND (c.creationdate >= 1280524739))", "Rows Removed by Filter": 313}, {"Node Type": "Hash", "Parent Relationship": "Inner", "Parallel Aware": false, "Startup Cost": 315.74, "Total Cost": 315.74, "Plan Rows": 14000, "Plan Width": 4, "Actual Startup Time": 4.965, "Actual Total Time": 4.966, "Actual Rows": 14000, "Actual Loops": 1, "Output": ["u.id"], "Hash Buckets": 16384, "Original Hash Buckets": 16384, "Hash Batches": 1, "Original Hash Batches": 1, "Peak Memory Usage": 621, "Plans": [{"Node Type": "Seq Scan", "Parent Relationship": "Outer", "Parallel Aware": false, "Relation Name": "users", "Schema": "public", "Alias": "u", "Startup Cost": 0.0, "Total Cost": 315.74, "Plan Rows": 14000, "Plan Width": 4, "Actual Startup Time": 0.012, "Actual Total Time": 2.804, "Actual Rows": 14000, "Actual Loops": 1, "Output": ["u.id"], "Filter": "((u.views <= 75) AND (u.views >= 0))", "Rows Removed by Filter": 116}]}]}, {"Node Type": "Hash", "Parent Relationship": "Inner", "Parallel Aware": false, "Startup Cost": 58556.51, "Total Cost": 58556.51, "Plan Rows": 32142, "Plan Width": 12, "Actual Startup Time": 755.37, "Actual Total Time": 755.375, "Actual Rows": 2585336, "Actual Loops": 1, "Output": ["b.userid", "ph.userid", "p.owneruserid"], "Hash Buckets": 131072, "Original Hash Buckets": 32768, "Hash Batches": 4096, "Original Hash Batches": 1, "Peak Memory Usage": 17981, "Plans": [{"Node Type": "Merge Join", "Parent Relationship": "Outer", "Parallel Aware": false, "Join Type": "Inner", "Startup Cost": 7067.47, "Total Cost": 58556.51, "Plan Rows": 32142, "Plan Width": 12, "Actual Startup Time": 23.204, "Actual Total Time": 398.074, "Actual Rows": 2585336, "Actual Loops": 1, "Output": ["b.userid", "ph.userid", "p.owneruserid"], "Inner Unique": false, "Merge Cond": "(b.userid = ph.userid)", "Plans": [{"Node Type": "Merge Join", "Parent Relationship": "Outer", "Parallel Aware": false, "Join Type": "Inner", "Startup Cost": 1952.05, "Total Cost": 6057.09, "Plan Rows": 177044, "Plan Width": 8, "Actual Startup Time": 8.892, "Actual Total Time": 35.686, "Actual Rows": 55337, "Actual Loops": 1, "Output": ["b.userid", "p.owneruserid"], "Inner Unique": false, "Merge Cond": "(b.userid = p.owneruserid)", "Plans": [{"Node Type": "Index Scan", "Parent Relationship": "Outer", "Parallel Aware": false, "Scan Direction": "Forward", "Index Name": "idx_badges_userid", "Relation Name": "badges", "Schema": "public", "Alias": "b", "Startup Cost": 0.29, "Total Cost": 1394.18, "Plan Rows": 27478, "Plan Width": 4, "Actual Startup Time": 0.028, "Actual Total Time": 14.476, "Actual Rows": 27489, "Actual Loops": 1, "Output": ["b.id", "b.userid", "b.date"], "Filter": "(b.date >= 1287534824)", "Rows Removed by Filter": 505}, {"Node Type": "Sort", "Parent Relationship": "Inner", "Parallel Aware": false, "Startup Cost": 1944.58, "Total Cost": 1983.47, "Plan Rows": 15557, "Plan Width": 4, "Actual Startup Time": 8.838, "Actual Total Time": 12.792, "Actual Rows": 59532, "Actual Loops": 1, "Output": ["p.owneruserid"], "Sort Key": ["p.owneruserid"], "Sort Method": "quicksort", "Sort Space Used": 1115, "Sort Space Type": "Memory", "Plans": [{"Node Type": "Seq Scan", "Parent Relationship": "Outer", "Parallel Aware": false, "Relation Name": "posts", "Schema": "public", "Alias": "p", "Startup Cost": 0.0, "Total Cost": 861.4, "Plan Rows": 15557, "Plan Width": 4, "Actual Startup Time": 0.009, "Actual Total Time": 5.409, "Actual Rows": 15593, "Actual Loops": 1, "Output": ["p.owneruserid"], "Filter": "((p.score >= '-2'::integer) AND (p.viewcount <= 18281) AND (p.viewcount >= 0))", "Rows Removed by Filter": 16487}]}]}, {"Node Type": "Sort", "Parent Relationship": "Inner", "Parallel Aware": false, "Startup Cost": 4473.2, "Total Cost": 4552.23, "Plan Rows": 31614, "Plan Width": 4, "Actual Startup Time": 14.248, "Actual Total Time": 104.092, "Actual Rows": 2598205, "Actual Loops": 1, "Output": ["ph.userid"], "Sort Key": ["ph.userid"], "Sort Method": "quicksort", "Sort Space Used": 2255, "Sort Space Type": "Memory", "Plans": [{"Node Type": "Seq Scan", "Parent Relationship": "Outer", "Parallel Aware": false, "Relation Name": "posthistory", "Schema": "public", "Alias": "ph", "Startup Cost": 0.0, "Total Cost": 2110.32, "Plan Rows": 31614, "Plan Width": 4, "Actual Startup Time": 0.012, "Actual Total Time": 9.075, "Actual Rows": 31703, "Actual Loops": 1, "Output": ["ph.userid"], "Filter": "(ph.posthistorytypeid = 2)", "Rows Removed by Filter": 74563}]}]}]}]}]}, "Planning Time": 194.731, "Triggers": [], "Execution Time": 28689.412}]
q10#####[{"Plan": {"Node Type": "Aggregate", "Strategy": "Plain", "Partial Mode": "Simple", "Parallel Aware": false, "Startup Cost": 2445.99, "Total Cost": 2446.0, "Plan Rows": 1, "Plan Width": 8, "Actual Startup Time": 42.453, "Actual Total Time": 42.457, "Actual Rows": 1, "Actual Loops": 1, "Output": ["count(*)"], "Plans": [{"Node Type": "Nested Loop", "Parent Relationship": "Outer", "Parallel Aware": false, "Join Type": "Inner", "Startup Cost": 1070.83, "Total Cost": 2427.34, "Plan Rows": 7460, "Plan Width": 0, "Actual Startup Time": 15.371, "Actual Total Time": 42.183, "Actual Rows": 3223, "Actual Loops": 1, "Inner Unique": false, "Join Filter": "(p.id = c.postid)", "Rows Removed by Join Filter": 0, "Plans": [{"Node Type": "Nested Loop", "Parent Relationship": "Outer", "Parallel Aware": false, "Join Type": "Inner", "Startup Cost": 1070.54, "Total Cost": 1530.57, "Plan Rows": 2385, "Plan Width": 16, "Actual Startup Time": 15.348, "Actual Total Time": 35.993, "Actual Rows": 1526, "Actual Loops": 1, "Output": ["ph.postid", "pl.postid", "p.id", "v.postid"], "Inner Unique": false, "Join Filter": "(p.id = v.postid)", "Rows Removed by Join Filter": 0, "Plans": [{"Node Type": "Nested Loop", "Parent Relationship": "Outer", "Parallel Aware": false, "Join Type": "Inner", "Startup Cost": 1070.24, "Total Cost": 1224.69, "Plan Rows": 706, "Plan Width": 12, "Actual Startup Time": 14.526, "Actual Total Time": 19.247, "Actual Rows": 647, "Actual Loops": 1, "Output": ["ph.postid", "pl.postid", "p.id"], "Inner Unique": false, "Plans": [{"Node Type": "Hash Join", "Parent Relationship": "Outer", "Parallel Aware": false, "Join Type": "Inner", "Startup Cost": 1069.95, "Total Cost": 1165.94, "Plan Rows": 40, "Plan Width": 8, "Actual Startup Time": 14.471, "Actual Total Time": 16.257, "Actual Rows": 278, "Actual Loops": 1, "Output": ["pl.postid", "p.id"], "Inner Unique": true, "Hash Cond": "(pl.postid = p.id)", "Plans": [{"Node Type": "Seq Scan", "Parent Relationship": "Outer", "Parallel Aware": false, "Relation Name": "postlinks", "Schema": "public", "Alias": "pl", "Startup Cost": 0.0, "Total Cost": 87.14, "Plan Rows": 3370, "Plan Width": 4, "Actual Startup Time": 0.035, "Actual Total Time": 0.969, "Actual Rows": 3448, "Actual Loops": 1, "Output": ["pl.id", "pl.creationdate", "pl.postid", "pl.relatedpostid", "pl.linktypeid"], "Filter": "((pl.creationdate <= 1407749191) AND (pl.linktypeid = 1))", "Rows Removed by Filter": 428}, {"Node Type": "Hash", "Parent Relationship": "Inner", "Parallel Aware": false, "Startup Cost": 1021.8, "Total Cost": 1021.8, "Plan Rows": 3852, "Plan Width": 4, "Actual Startup Time": 14.37, "Actual Total Time": 14.371, "Actual Rows": 3914, "Actual Loops": 1, "Output": ["p.id"], "Hash Buckets": 4096, "Original Hash Buckets": 4096, "Hash Batches": 1, "Original Hash Batches": 1, "Peak Memory Usage": 170, "Plans": [{"Node Type": "Seq Scan", "Parent Relationship": "Outer", "Parallel Aware": false, "Relation Name": "posts", "Schema": "public", "Alias": "p", "Startup Cost": 0.0, "Total Cost": 1021.8, "Plan Rows": 3852, "Plan Width": 4, "Actual Startup Time": 0.012, "Actual Total Time": 13.263, "Actual Rows": 3914, "Actual Loops": 1, "Output": ["p.id"], "Filter": "((p.creationdate <= 1409716356) AND (p.creationdate >= 1281506036) AND (p.favoritecount <= 3) AND (p.favoritecount >= 0) AND (p.score <= 44))", "Rows Removed by Filter": 28166}]}]}, {"Node Type": "Index Scan", "Parent Relationship": "Inner", "Parallel Aware": false, "Scan Direction": "Forward", "Index Name": "idx_posthistory_postid", "Relation Name": "posthistory", "Schema": "public", "Alias": "ph", "Startup Cost": 0.29, "Total Cost": 1.45, "Plan Rows": 2, "Plan Width": 4, "Actual Startup Time": 0.006, "Actual Total Time": 0.01, "Actual Rows": 2, "Actual Loops": 278, "Output": ["ph.id", "ph.posthistorytypeid", "ph.postid", "ph.creationdate", "ph.userid"], "Index Cond": "(ph.postid = p.id)", "Rows Removed by Index Recheck": 0, "Filter": "(ph.creationdate >= 1284981105)", "Rows Removed by Filter": 0}]}, {"Node Type": "Index Scan", "Parent Relationship": "Inner", "Parallel Aware": false, "Scan Direction": "Forward", "Index Name": "idx_votes_postid", "Relation Name": "votes", "Schema": "public", "Alias": "v", "Startup Cost": 0.29, "Total Cost": 0.4, "Plan Rows": 3, "Plan Width": 4, "Actual Startup Time": 0.022, "Actual Total Time": 0.025, "Actual Rows": 2, "Actual Loops": 647, "Output": ["v.id", "v.postid", "v.votetypeid", "v.creationdate", "v.userid", "v.bountyamount"], "Index Cond": "(v.postid = ph.postid)", "Rows Removed by Index Recheck": 0, "Filter": "(v.creationdate <= 1410364800)", "Rows Removed by Filter": 0}]}, {"Node Type": "Index Scan", "Parent Relationship": "Inner", "Parallel Aware": false, "Scan Direction": "Forward", "Index Name": "idx_comments_postid", "Relation Name": "comments", "Schema": "public", "Alias": "c", "Startup Cost": 0.29, "Total Cost": 0.35, "Plan Rows": 2, "Plan Width": 4, "Actual Startup Time": 0.002, "Actual Total Time": 0.003, "Actual Rows": 2, "Actual Loops": 1526, "Output": ["c.id", "c.postid", "c.score", "c.creationdate", "c.userid"], "Index Cond": "(c.postid = v.postid)", "Rows Removed by Index Recheck": 0, "Filter": "(c.creationdate >= 1280635961)", "Rows Removed by Filter": 0}]}]}, "Planning Time": 169.038, "Triggers": [], "Execution Time": 42.632}]
q38#####[{"Plan": {"Node Type": "Aggregate", "Strategy": "Plain", "Partial Mode": "Simple", "Parallel Aware": false, "Startup Cost": 12344.0, "Total Cost": 12344.01, "Plan Rows": 1, "Plan Width": 8, "Actual Startup Time": 94.127, "Actual Total Time": 94.134, "Actual Rows": 1, "Actual Loops": 1, "Output": ["count(*)"], "Plans": [{"Node Type": "Hash Join", "Parent Relationship": "Outer", "Parallel Aware": false, "Join Type": "Inner", "Startup Cost": 8203.66, "Total Cost": 11584.1, "Plan Rows": 303960, "Plan Width": 0, "Actual Startup Time": 70.484, "Actual Total Time": 92.513, "Actual Rows": 41789, "Actual Loops": 1, "Inner Unique": false, "Hash Cond": "(v.postid = c.postid)", "Plans": [{"Node Type": "Seq Scan", "Parent Relationship": "Outer", "Parallel Aware": false, "Relation Name": "votes", "Schema": "public", "Alias": "v", "Startup Cost": 0.0, "Total Cost": 2280.95, "Plan Rows": 90917, "Plan Width": 4, "Actual Startup Time": 0.022, "Actual Total Time": 10.738, "Actual Rows": 90874, "Actual Loops": 1, "Output": ["v.id", "v.postid", "v.votetypeid", "v.creationdate", "v.userid", "v.bountyamount"], "Filter": "(v.votetypeid = 2)", "Rows Removed by Filter": 24002}, {"Node Type": "Hash", "Parent Relationship": "Inner", "Parallel Aware": false, "Startup Cost": 8063.03, "Total Cost": 8063.03, "Plan Rows": 11251, "Plan Width": 12, "Actual Startup Time": 70.415, "Actual Total Time": 70.42, "Actual Rows": 27464, "Actual Loops": 1, "Output": ["c.postid", "ph.postid", "p.id"], "Hash Buckets": 32768, "Original Hash Buckets": 16384, "Hash Batches": 1, "Original Hash Batches": 1, "Peak Memory Usage": 1437, "Plans": [{"Node Type": "Hash Join", "Parent Relationship": "Outer", "Parallel Aware": false, "Join Type": "Inner", "Startup Cost": 4667.78, "Total Cost": 8063.03, "Plan Rows": 11251, "Plan Width": 12, "Actual Startup Time": 45.263, "Actual Total Time": 66.432, "Actual Rows": 27464, "Actual Loops": 1, "Output": ["c.postid", "ph.postid", "p.id"], "Inner Unique": false, "Hash Cond": "(c.postid = p.id)", "Plans": [{"Node Type": "Seq Scan", "Parent Relationship": "Outer", "Parallel Aware": false, "Relation Name": "comments", "Schema": "public", "Alias": "c", "Startup Cost": 0.0, "Total Cost": 1366.92, "Plan Rows": 47016, "Plan Width": 4, "Actual Startup Time": 0.008, "Actual Total Time": 7.472, "Actual Rows": 47157, "Actual Loops": 1, "Output": ["c.postid"], "Filter": "((c.creationdate >= 1282776911) AND (c.score = 0))", "Rows Removed by Filter": 13971}, {"Node Type": "Hash", "Parent Relationship": "Inner", "Parallel Aware": false, "Startup Cost": 3408.05, "Total Cost": 3408.05, "Plan Rows": 76778, "Plan Width": 8, "Actual Startup Time": 44.661, "Actual Total Time": 44.665, "Actual Rows": 39611, "Actual Loops": 1, "Output": ["ph.postid", "p.id"], "Hash Buckets": 131072, "Original Hash Buckets": 131072, "Hash Batches": 2, "Original Hash Batches": 2, "Peak Memory Usage": 1808, "Plans": [{"Node Type": "Hash Join", "Parent Relationship": "Outer", "Parallel Aware": false, "Join Type": "Inner", "Startup Cost": 1021.8, "Total Cost": 3408.05, "Plan Rows": 76778, "Plan Width": 8, "Actual Startup Time": 9.38, "Actual Total Time": 38.027, "Actual Rows": 39611, "Actual Loops": 1, "Output": ["ph.postid", "p.id"], "Inner Unique": true, "Hash Cond": "(ph.postid = p.id)", "Plans": [{"Node Type": "Seq Scan", "Parent Relationship": "Outer", "Parallel Aware": false, "Relation Name": "posthistory", "Schema": "public", "Alias": "ph", "Startup Cost": 0.0, "Total Cost": 2110.32, "Plan Rows": 105106, "Plan Width": 4, "Actual Startup Time": 0.009, "Actual Total Time": 12.108, "Actual Rows": 105014, "Actual Loops": 1, "Output": ["ph.id", "ph.posthistorytypeid", "ph.postid", "ph.creationdate", "ph.userid"], "Filter": "(ph.creationdate <= 1409870365)", "Rows Removed by Filter": 1252}, {"Node Type": "Hash", "Parent Relationship": "Inner", "Parallel Aware": false, "Startup Cost": 620.8, "Total Cost": 620.8, "Plan Rows": 32080, "Plan Width": 4, "Actual Startup Time": 9.315, "Actual Total Time": 9.317, "Actual Rows": 32080, "Actual Loops": 1, "Output": ["p.id"], "Hash Buckets": 32768, "Original Hash Buckets": 32768, "Hash Batches": 1, "Original Hash Batches": 1, "Peak Memory Usage": 1384, "Plans": [{"Node Type": "Seq Scan", "Parent Relationship": "Outer", "Parallel Aware": false, "Relation Name": "posts", "Schema": "public", "Alias": "p", "Startup Cost": 0.0, "Total Cost": 620.8, "Plan Rows": 32080, "Plan Width": 4, "Actual Startup Time": 0.008, "Actual Total Time": 4.421, "Actual Rows": 32080, "Actual Loops": 1, "Output": ["p.id"]}]}]}]}]}]}]}]}, "Planning Time": 120.733, "Triggers": [], "Execution Time": 94.452}]
q35#####[{"Plan": {"Node Type": "Aggregate", "Strategy": "Plain", "Partial Mode": "Simple", "Parallel Aware": false, "Startup Cost": 310191.62, "Total Cost": 310191.63, "Plan Rows": 1, "Plan Width": 8, "Actual Startup Time": 12841.012, "Actual Total Time": 12841.014, "Actual Rows": 1, "Actual Loops": 1, "Output": ["count(*)"], "Plans": [{"Node Type": "Merge Join", "Parent Relationship": "Outer", "Parallel Aware": false, "Join Type": "Inner", "Startup Cost": 4329.95, "Total Cost": 268124.9, "Plan Rows": 16826688, "Plan Width": 0, "Actual Startup Time": 25.208, "Actual Total Time": 9905.837, "Actual Rows": 89422232, "Actual Loops": 1, "Inner Unique": false, "Merge Cond": "(c.userid = b.userid)", "Plans": [{"Node Type": "Merge Join", "Parent Relationship": "Outer", "Parallel Aware": false, "Join Type": "Inner", "Startup Cost": 51.65, "Total Cost": 4996.59, "Plan Rows": 44522, "Plan Width": 8, "Actual Startup Time": 1.782, "Actual Total Time": 39.79, "Actual Rows": 8024, "Actual Loops": 1, "Output": ["c.userid", "u.id"], "Inner Unique": true, "Merge Cond": "(c.userid = u.id)", "Plans": [{"Node Type": "Index Scan", "Parent Relationship": "Outer", "Parallel Aware": false, "Scan Direction": "Forward", "Index Name": "idx_comments_userid", "Relation Name": "comments", "Schema": "public", "Alias": "c", "Startup Cost": 0.29, "Total Cost": 3390.31, "Plan Rows": 47045, "Plan Width": 4, "Actual Startup Time": 0.027, "Actual Total Time": 28.534, "Actual Rows": 47361, "Actual Loops": 1, "Output": ["c.id", "c.postid", "c.score", "c.creationdate", "c.userid"], "Filter": "((c.creationdate >= 1279594377) AND (c.score = 0))", "Rows Removed by Filter": 13506}, {"Node Type": "Index Scan", "Parent Relationship": "Inner", "Parallel Aware": false, "Scan Direction": "Forward", "Index Name": "users_pkey", "Relation Name": "users", "Schema": "public", "Alias": "u", "Startup Cost": 0.29, "Total Cost": 1012.47, "Plan Rows": 13359, "Plan Width": 4, "Actual Startup Time": 0.081, "Actual Total Time": 6.645, "Actual Rows": 13451, "Actual Loops": 1, "Output": ["u.id", "u.reputation", "u.creationdate", "u.views", "u.upvotes", "u.downvotes"], "Filter": "((u.creationdate <= 1408516306) AND (u.creationdate >= 1279546169) AND (u.downvotes <= 34) AND (u.reputation <= 356) AND (u.reputation >= 1))", "Rows Removed by Filter": 665}]}, {"Node Type": "Materialize", "Parent Relationship": "Inner", "Parallel Aware": false, "Startup Cost": 4203.12, "Total Cost": 11587.2, "Plan Rows": 385762, "Plan Width": 8, "Actual Startup Time": 18.42, "Actual Total Time": 2913.004, "Actual Rows": 89772972, "Actual Loops": 1, "Output": ["b.userid", "ph.userid"], "Plans": [{"Node Type": "Merge Join", "Parent Relationship": "Outer", "Parallel Aware": false, "Join Type": "Inner", "Startup Cost": 4203.12, "Total Cost": 10622.79, "Plan Rows": 385762, "Plan Width": 8, "Actual Startup Time": 18.416, "Actual Total Time": 85.291, "Actual Rows": 445109, "Actual Loops": 1, "Output": ["b.userid", "ph.userid"], "Inner Unique": false, "Merge Cond": "(b.userid = ph.userid)", "Plans": [{"Node Type": "Index Only Scan", "Parent Relationship": "Outer", "Parallel Aware": false, "Scan Direction": "Forward", "Index Name": "idx_badges_userid", "Relation Name": "badges", "Schema": "public", "Alias": "b", "Startup Cost": 0.29, "Total Cost": 716.2, "Plan Rows": 27994, "Plan Width": 4, "Actual Startup Time": 0.011, "Actual Total Time": 2.337, "Actual Rows": 27640, "Actual Loops": 1, "Output": ["b.userid"], "Heap Fetches": 0}, {"Node Type": "Sort", "Parent Relationship": "Inner", "Parallel Aware": false, "Startup Cost": 4121.76, "Total Cost": 4181.75, "Plan Rows": 23996, "Plan Width": 4, "Actual Startup Time": 18.362, "Actual Total Time": 36.772, "Actual Rows": 448339, "Actual Loops": 1, "Output": ["ph.userid"], "Sort Key": ["ph.userid"], "Sort Method": "quicksort", "Sort Space Used": 1906, "Sort Space Type": "Memory", "Plans": [{"Node Type": "Seq Scan", "Parent Relationship": "Outer", "Parallel Aware": false, "Relation Name": "posthistory", "Schema": "public", "Alias": "ph", "Startup Cost": 0.0, "Total Cost": 2375.99, "Plan Rows": 23996, "Plan Width": 4, "Actual Startup Time": 0.016, "Actual Total Time": 13.543, "Actual Rows": 24257, "Actual Loops": 1, "Output": ["ph.userid"], "Filter": "((ph.creationdate >= 1296459337) AND (ph.posthistorytypeid = 5))", "Rows Removed by Filter": 82009}]}]}]}]}]}, "Planning Time": 130.585, "Triggers": [], "Execution Time": 12841.377}]
q21#####[{"Plan": {"Node Type": "Aggregate", "Strategy": "Plain", "Partial Mode": "Simple", "Parallel Aware": false, "Startup Cost": 1669387.79, "Total Cost": 1669387.8, "Plan Rows": 1, "Plan Width": 8, "Actual Startup Time": 60751.71, "Actual Total Time": 60751.713, "Actual Rows": 1, "Actual Loops": 1, "Output": ["count(*)"], "Plans": [{"Node Type": "Nested Loop", "Parent Relationship": "Outer", "Parallel Aware": false, "Join Type": "Inner", "Startup Cost": 488.7, "Total Cost": 1420745.79, "Plan Rows": 99456801, "Plan Width": 0, "Actual Startup Time": 6.951, "Actual Total Time": 46126.81, "Actual Rows": 419726368, "Actual Loops": 1, "Inner Unique": false, "Plans": [{"Node Type": "Hash Join", "Parent Relationship": "Outer", "Parallel Aware": false, "Join Type": "Inner", "Startup Cost": 488.41, "Total Cost": 457662.9, "Plan Rows": 1629765, "Plan Width": 12, "Actual Startup Time": 6.928, "Actual Total Time": 839.894, "Actual Rows": 191831, "Actual Loops": 1, "Output": ["b.userid", "c.userid", "u.id"], "Inner Unique": true, "Hash Cond": "(b.userid = u.id)", "Plans": [{"Node Type": "Nested Loop", "Parent Relationship": "Outer", "Parallel Aware": false, "Join Type": "Inner", "Startup Cost": 0.29, "Total Cost": 19116.4, "Plan Rows": 166829300, "Plan Width": 8, "Actual Startup Time": 0.034, "Actual Total Time": 714.258, "Actual Rows": 1765652, "Actual Loops": 1, "Output": ["b.userid", "c.userid"], "Inner Unique": false, "Plans": [{"Node Type": "Seq Scan", "Parent Relationship": "Outer", "Parallel Aware": false, "Relation Name": "badges", "Schema": "public", "Alias": "b", "Startup Cost": 0.0, "Total Cost": 431.94, "Plan Rows": 27994, "Plan Width": 4, "Actual Startup Time": 0.015, "Actual Total Time": 2.311, "Actual Rows": 27994, "Actual Loops": 1, "Output": ["b.id", "b.userid", "b.date"]}, {"Node Type": "Index Scan", "Parent Relationship": "Inner", "Parallel Aware": false, "Scan Direction": "Forward", "Index Name": "idx_comments_userid", "Relation Name": "comments", "Schema": "public", "Alias": "c", "Startup Cost": 0.29, "Total Cost": 0.57, "Plan Rows": 10, "Plan Width": 4, "Actual Startup Time": 0.002, "Actual Total Time": 0.02, "Actual Rows": 63, "Actual Loops": 27994, "Output": ["c.id", "c.postid", "c.score", "c.creationdate", "c.userid"], "Index Cond": "(c.userid = b.userid)", "Rows Removed by Index Recheck": 0, "Filter": "(c.creationdate <= 1410280410)", "Rows Removed by Filter": 0}]}, {"Node Type": "Hash", "Parent Relationship": "Inner", "Parallel Aware": false, "Startup Cost": 315.74, "Total Cost": 315.74, "Plan Rows": 13790, "Plan Width": 4, "Actual Startup Time": 6.872, "Actual Total Time": 6.873, "Actual Rows": 13904, "Actual Loops": 1, "Output": ["u.id"], "Hash Buckets": 16384, "Original Hash Buckets": 16384, "Hash Batches": 1, "Original Hash Batches": 1, "Peak Memory Usage": 617, "Plans": [{"Node Type": "Seq Scan", "Parent Relationship": "Outer", "Parallel Aware": false, "Relation Name": "users", "Schema": "public", "Alias": "u", "Startup Cost": 0.0, "Total Cost": 315.74, "Plan Rows": 13790, "Plan Width": 4, "Actual Startup Time": 0.009, "Actual Total Time": 4.045, "Actual Rows": 13904, "Actual Loops": 1, "Output": ["u.id"], "Filter": "((u.downvotes <= 0) AND (u.upvotes <= 47))", "Rows Removed by Filter": 212}]}]}, {"Node Type": "Index Only Scan", "Parent Relationship": "Inner", "Parallel Aware": false, "Scan Direction": "Forward", "Index Name": "idx_posthistory_userid", "Relation Name": "posthistory", "Schema": "public", "Alias": "ph", "Startup Cost": 0.29, "Total Cost": 0.49, "Plan Rows": 10, "Plan Width": 4, "Actual Startup Time": 0.002, "Actual Total Time": 0.121, "Actual Rows": 2188, "Actual Loops": 191831, "Output": ["ph.userid"], "Index Cond": "(ph.userid = b.userid)", "Rows Removed by Index Recheck": 0, "Heap Fetches": 0}]}]}, "Planning Time": 99.262, "Triggers": [], "Execution Time": 60751.824}]
q134#####[{"Plan": {"Node Type": "Aggregate", "Strategy": "Plain", "Partial Mode": "Simple", "Parallel Aware": false, "Startup Cost": 20627.91, "Total Cost": 20627.92, "Plan Rows": 1, "Plan Width": 8, "Actual Startup Time": 142.002, "Actual Total Time": 142.006, "Actual Rows": 1, "Actual Loops": 1, "Output": ["count(*)"], "Plans": [{"Node Type": "Hash Join", "Parent Relationship": "Outer", "Parallel Aware": false, "Join Type": "Inner", "Startup Cost": 4581.9, "Total Cost": 8219.64, "Plan Rows": 4963311, "Plan Width": 0, "Actual Startup Time": 40.937, "Actual Total Time": 119.814, "Actual Rows": 679880, "Actual Loops": 1, "Inner Unique": false, "Hash Cond": "(ph.userid = b.userid)", "Plans": [{"Node Type": "Hash Join", "Parent Relationship": "Outer", "Parallel Aware": false, "Join Type": "Inner", "Startup Cost": 593.56, "Total Cost": 3242.01, "Plan Rows": 10112, "Plan Width": 8, "Actual Startup Time": 8.368, "Actual Total Time": 33.021, "Actual Rows": 25946, "Actual Loops": 1, "Output": ["ph.userid", "u.id"], "Inner Unique": true, "Hash Cond": "(ph.userid = u.id)", "Plans": [{"Node Type": "Seq Scan", "Parent Relationship": "Outer", "Parallel Aware": false, "Relation Name": "posthistory", "Schema": "public", "Alias": "ph", "Startup Cost": 0.0, "Total Cost": 2375.99, "Plan Rows": 103766, "Plan Width": 4, "Actual Startup Time": 0.018, "Actual Total Time": 11.948, "Actual Rows": 103667, "Actual Loops": 1, "Output": ["ph.id", "ph.posthistorytypeid", "ph.postid", "ph.creationdate", "ph.userid"], "Filter": "((ph.creationdate <= 1409733678) AND (ph.creationdate >= 1283744503))", "Rows Removed by Filter": 2599}, {"Node Type": "Hash", "Parent Relationship": "Inner", "Parallel Aware": false, "Startup Cost": 421.61, "Total Cost": 421.61, "Plan Rows": 13756, "Plan Width": 4, "Actual Startup Time": 8.33, "Actual Total Time": 8.331, "Actual Rows": 13891, "Actual Loops": 1, "Output": ["u.id"], "Hash Buckets": 16384, "Original Hash Buckets": 16384, "Hash Batches": 1, "Original Hash Batches": 1, "Peak Memory Usage": 617, "Plans": [{"Node Type": "Seq Scan", "Parent Relationship": "Outer", "Parallel Aware": false, "Relation Name": "users", "Schema": "public", "Alias": "u", "Startup Cost": 0.0, "Total Cost": 421.61, "Plan Rows": 13756, "Plan Width": 4, "Actual Startup Time": 0.012, "Actual Total Time": 5.245, "Actual Rows": 13891, "Actual Loops": 1, "Output": ["u.id"], "Filter": "((u.downvotes <= 0) AND (u.downvotes >= 0) AND (u.upvotes <= 37) AND (u.upvotes >= 0) AND (u.views >= 0))", "Rows Removed by Filter": 225}]}]}, {"Node Type": "Hash", "Parent Relationship": "Inner", "Parallel Aware": false, "Startup Cost": 3881.51, "Total Cost": 3881.51, "Plan Rows": 8547, "Plan Width": 8, "Actual Startup Time": 32.422, "Actual Total Time": 32.424, "Actual Rows": 54676, "Actual Loops": 1, "Output": ["b.userid", "p.owneruserid"], "Hash Buckets": 65536, "Original Hash Buckets": 16384, "Hash Batches": 1, "Original Hash Batches": 1, "Peak Memory Usage": 2648, "Plans": [{"Node Type": "Merge Join", "Parent Relationship": "Outer", "Parallel Aware": false, "Join Type": "Inner", "Startup Cost": 1819.92, "Total Cost": 3881.51, "Plan Rows": 8547, "Plan Width": 8, "Actual Startup Time": 13.297, "Actual Total Time": 25.664, "Actual Rows": 54676, "Actual Loops": 1, "Output": ["b.userid", "p.owneruserid"], "Inner Unique": false, "Merge Cond": "(b.userid = p.owneruserid)", "Plans": [{"Node Type": "Index Only Scan", "Parent Relationship": "Outer", "Parallel Aware": false, "Scan Direction": "Forward", "Index Name": "idx_badges_userid", "Relation Name": "badges", "Schema": "public", "Alias": "b", "Startup Cost": 0.29, "Total Cost": 716.2, "Plan Rows": 27994, "Plan Width": 4, "Actual Startup Time": 0.03, "Actual Total Time": 2.331, "Actual Rows": 27927, "Actual Loops": 1, "Output": ["b.userid"], "Heap Fetches": 0}, {"Node Type": "Sort", "Parent Relationship": "Inner", "Parallel Aware": false, "Startup Cost": 1816.17, "Total Cost": 1834.6, "Plan Rows": 7372, "Plan Width": 4, "Actual Startup Time": 13.246, "Actual Total Time": 15.94, "Actual Rows": 58718, "Actual Loops": 1, "Output": ["p.owneruserid"], "Sort Key": ["p.owneruserid"], "Sort Method": "quicksort", "Sort Space Used": 1099, "Sort Space Type": "Memory", "Plans": [{"Node Type": "Seq Scan", "Parent Relationship": "Outer", "Parallel Aware": false, "Relation Name": "posts", "Schema": "public", "Alias": "p", "Startup Cost": 0.0, "Total Cost": 1342.6, "Plan Rows": 7372, "Plan Width": 4, "Actual Startup Time": 0.01, "Actual Total Time": 8.785, "Actual Rows": 15238, "Actual Loops": 1, "Output": ["p.owneruserid"], "Filter": "((p.answercount >= 0) AND (p.commentcount <= 11) AND (p.commentcount >= 0) AND (p.creationdate <= 1410229227) AND (p.creationdate >= 1281637089) AND (p.favoritecount <= 10) AND (p.score >= '-1'::integer) AND (p.viewcount <= 39097) AND (p.viewcount >= 0))", "Rows Removed by Filter": 16842}]}]}]}]}]}, "Planning Time": 105.876, "Triggers": [], "Execution Time": 142.386}]
q120#####[{"Plan": {"Node Type": "Aggregate", "Strategy": "Plain", "Partial Mode": "Simple", "Parallel Aware": false, "Startup Cost": 1466905.11, "Total Cost": 1466905.12, "Plan Rows": 1, "Plan Width": 8, "Actual Startup Time": 2284.809, "Actual Total Time": 2284.812, "Actual Rows": 1, "Actual Loops": 1, "Output": ["count(*)"], "Plans": [{"Node Type": "Hash Join", "Parent Relationship": "Outer", "Parallel Aware": false, "Join Type": "Inner", "Startup Cost": 457.19, "Total Cost": 1453274.3, "Plan Rows": 5452325, "Plan Width": 0, "Actual Startup Time": 10.04, "Actual Total Time": 2259.389, "Actual Rows": 619025, "Actual Loops": 1, "Inner Unique": true, "Hash Cond": "(c.userid = u.id)", "Plans": [{"Node Type": "Nested Loop", "Parent Relationship": "Outer", "Parallel Aware": false, "Join Type": "Inner", "Startup Cost": 0.29, "Total Cost": 21152.38, "Plan Rows": 545232500, "Plan Width": 8, "Actual Startup Time": 0.078, "Actual Total Time": 1925.706, "Actual Rows": 5938402, "Actual Loops": 1, "Output": ["c.userid", "p.owneruserid"], "Inner Unique": false, "Plans": [{"Node Type": "Seq Scan", "Parent Relationship": "Outer", "Parallel Aware": false, "Relation Name": "posts", "Schema": "public", "Alias": "p", "Startup Cost": 0.0, "Total Cost": 941.6, "Plan Rows": 31654, "Plan Width": 4, "Actual Startup Time": 0.03, "Actual Total Time": 8.278, "Actual Rows": 31724, "Actual Loops": 1, "Output": ["p.id", "p.posttypeid", "p.creationdate", "p.score", "p.viewcount", "p.owneruserid", "p.answercount", "p.commentcount", "p.favoritecount", "p.lasteditoruserid"], "Filter": "((p.answercount <= 5) AND (p.commentcount <= 11) AND (p.commentcount >= 0) AND (p.favoritecount <= 27))", "Rows Removed by Filter": 356}, {"Node Type": "Index Scan", "Parent Relationship": "Inner", "Parallel Aware": false, "Scan Direction": "Forward", "Index Name": "idx_comments_userid", "Relation Name": "comments", "Schema": "public", "Alias": "c", "Startup Cost": 0.29, "Total Cost": 0.56, "Plan Rows": 8, "Plan Width": 4, "Actual Startup Time": 0.002, "Actual Total Time": 0.046, "Actual Rows": 187, "Actual Loops": 31724, "Output": ["c.id", "c.postid", "c.score", "c.creationdate", "c.userid"], "Index Cond": "(c.userid = p.owneruserid)", "Rows Removed by Index Recheck": 0, "Filter": "(c.score = 0)", "Rows Removed by Filter": 42}]}, {"Node Type": "Hash", "Parent Relationship": "Inner", "Parallel Aware": false, "Startup Cost": 280.45, "Total Cost": 280.45, "Plan Rows": 14116, "Plan Width": 4, "Actual Startup Time": 4.127, "Actual Total Time": 4.128, "Actual Rows": 14116, "Actual Loops": 1, "Output": ["u.id"], "Hash Buckets": 16384, "Original Hash Buckets": 16384, "Hash Batches": 1, "Original Hash Batches": 1, "Peak Memory Usage": 625, "Plans": [{"Node Type": "Seq Scan", "Parent Relationship": "Outer", "Parallel Aware": false, "Relation Name": "users", "Schema": "public", "Alias": "u", "Startup Cost": 0.0, "Total Cost": 280.45, "Plan Rows": 14116, "Plan Width": 4, "Actual Startup Time": 0.01, "Actual Total Time": 2.164, "Actual Rows": 14116, "Actual Loops": 1, "Output": ["u.id"], "Filter": "(u.reputation >= 1)", "Rows Removed by Filter": 0}]}]}]}, "Planning Time": 79.978, "Triggers": [], "Execution Time": 2284.908}]
q108#####[{"Plan": {"Node Type": "Aggregate", "Strategy": "Plain", "Partial Mode": "Simple", "Parallel Aware": false, "Startup Cost": 313342.81, "Total Cost": 313342.82, "Plan Rows": 1, "Plan Width": 8, "Actual Startup Time": 285.644, "Actual Total Time": 285.647, "Actual Rows": 1, "Actual Loops": 1, "Output": ["count(*)"], "Plans": [{"Node Type": "Nested Loop", "Parent Relationship": "Outer", "Parallel Aware": false, "Join Type": "Inner", "Startup Cost": 1495.81, "Total Cost": 112886.2, "Plan Rows": 80182645, "Plan Width": 0, "Actual Startup Time": 12.636, "Actual Total Time": 239.878, "Actual Rows": 1359217, "Actual Loops": 1, "Inner Unique": false, "Plans": [{"Node Type": "Hash Join", "Parent Relationship": "Outer", "Parallel Aware": false, "Join Type": "Inner", "Startup Cost": 1495.39, "Total Cost": 4206.0, "Plan Rows": 89743, "Plan Width": 8, "Actual Startup Time": 12.612, "Actual Total Time": 40.032, "Actual Rows": 49330, "Actual Loops": 1, "Output": ["p.owneruserid", "u.id"], "Inner Unique": true, "Hash Cond": "(p.owneruserid = u.id)", "Plans": [{"Node Type": "Seq Scan", "Parent Relationship": "Outer", "Parallel Aware": false, "Relation Name": "posts", "Schema": "public", "Alias": "p", "Startup Cost": 0.0, "Total Cost": 2469.58, "Plan Rows": 91813, "Plan Width": 4, "Actual Startup Time": 0.018, "Actual Total Time": 14.139, "Actual Rows": 91779, "Actual Loops": 1, "Output": ["p.id", "p.posttypeid", "p.creationdate", "p.score", "p.viewcount", "p.owneruserid", "p.answercount", "p.commentcount", "p.favoritecount", "p.lasteditoruserid"], "Filter": "((p.commentcount <= 23) AND (p.commentcount >= 0) AND (p.score >= '-1'::integer))", "Rows Removed by Filter": 197}, {"Node Type": "Hash", "Parent Relationship": "Inner", "Parallel Aware": false, "Startup Cost": 1002.69, "Total Cost": 1002.69, "Plan Rows": 39416, "Plan Width": 4, "Actual Startup Time": 12.484, "Actual Total Time": 12.485, "Actual Rows": 39563, "Actual Loops": 1, "Output": ["u.id"], "Hash Buckets": 65536, "Original Hash Buckets": 65536, "Hash Batches": 1, "Original Hash Batches": 1, "Peak Memory Usage": 1903, "Plans": [{"Node Type": "Seq Scan", "Parent Relationship": "Outer", "Parallel Aware": false, "Relation Name": "users", "Schema": "public", "Alias": "u", "Startup Cost": 0.0, "Total Cost": 1002.69, "Plan Rows": 39416, "Plan Width": 4, "Actual Startup Time": 0.009, "Actual Total Time": 7.348, "Actual Rows": 39563, "Actual Loops": 1, "Output": ["u.id"], "Filter": "((u.upvotes <= 244) AND (u.upvotes >= 0) AND (u.downvotes = 0))", "Rows Removed by Filter": 762}]}]}, {"Node Type": "Index Only Scan", "Parent Relationship": "Inner", "Parallel Aware": false, "Scan Direction": "Forward", "Index Name": "idx_posthistory_userid", "Relation Name": "posthistory", "Schema": "public", "Alias": "ph", "Startup Cost": 0.42, "Total Cost": 0.93, "Plan Rows": 28, "Plan Width": 4, "Actual Startup Time": 0.001, "Actual Total Time": 0.003, "Actual Rows": 28, "Actual Loops": 49330, "Output": ["ph.userid"], "Index Cond": "(ph.userid = p.owneruserid)", "Rows Removed by Index Recheck": 0, "Heap Fetches": 0}]}]}, "Planning Time": 67.433, "Triggers": [], "Execution Time": 285.737}]
q109#####[{"Plan": {"Node Type": "Aggregate", "Strategy": "Plain", "Partial Mode": "Simple", "Parallel Aware": false, "Startup Cost": 242359.37, "Total Cost": 242359.38, "Plan Rows": 1, "Plan Width": 8, "Actual Startup Time": 1021.301, "Actual Total Time": 1021.305, "Actual Rows": 1, "Actual Loops": 1, "Output": ["count(*)"], "Plans": [{"Node Type": "Hash Join", "Parent Relationship": "Outer", "Parallel Aware": false, "Join Type": "Inner", "Startup Cost": 3766.02, "Total Cost": 28202.51, "Plan Rows": 85662743, "Plan Width": 0, "Actual Startup Time": 56.63, "Actual Total Time": 772.57, "Actual Rows": 7661811, "Actual Loops": 1, "Inner Unique": false, "Hash Cond": "(b.userid = p.owneruserid)", "Plans": [{"Node Type": "Nested Loop", "Parent Relationship": "Outer", "Parallel Aware": false, "Join Type": "Inner", "Startup Cost": 0.29, "Total Cost": 23845.48, "Plan Rows": 21291, "Plan Width": 8, "Actual Startup Time": 0.063, "Actual Total Time": 122.623, "Actual Rows": 452527, "Actual Loops": 1, "Output": ["b.userid", "ph.userid"], "Inner Unique": false, "Plans": [{"Node Type": "Seq Scan", "Parent Relationship": "Outer", "Parallel Aware": false, "Relation Name": "posthistory", "Schema": "public", "Alias": "ph", "Startup Cost": 0.0, "Total Cost": 6019.84, "Plan Rows": 42578, "Plan Width": 4, "Actual Startup Time": 0.041, "Actual Total Time": 23.435, "Actual Rows": 42921, "Actual Loops": 1, "Output": ["ph.id", "ph.posthistorytypeid", "ph.postid", "ph.creationdate", "ph.userid"], "Filter": "(ph.posthistorytypeid = 3)", "Rows Removed by Filter": 260266}, {"Node Type": "Index Only Scan", "Parent Relationship": "Inner", "Parallel Aware": false, "Scan Direction": "Forward", "Index Name": "idx_badges_userid", "Relation Name": "badges", "Schema": "public", "Alias": "b", "Startup Cost": 0.29, "Total Cost": 0.38, "Plan Rows": 4, "Plan Width": 4, "Actual Startup Time": 0.001, "Actual Total Time": 0.001, "Actual Rows": 11, "Actual Loops": 42921, "Output": ["b.userid"], "Index Cond": "(b.userid = ph.userid)", "Rows Removed by Index Recheck": 0, "Heap Fetches": 0}]}, {"Node Type": "Hash", "Parent Relationship": "Inner", "Parallel Aware": false, "Startup Cost": 3754.31, "Total Cost": 3754.31, "Plan Rows": 913, "Plan Width": 8, "Actual Startup Time": 56.491, "Actual Total Time": 56.494, "Actual Rows": 60144, "Actual Loops": 1, "Output": ["p.owneruserid", "u.id"], "Hash Buckets": 65536, "Original Hash Buckets": 1024, "Hash Batches": 1, "Original Hash Batches": 1, "Peak Memory Usage": 2862, "Plans": [{"Node Type": "Hash Join", "Parent Relationship": "Outer", "Parallel Aware": false, "Join Type": "Inner", "Startup Cost": 1503.16, "Total Cost": 3754.31, "Plan Rows": 913, "Plan Width": 8, "Actual Startup Time": 23.359, "Actual Total Time": 48.853, "Actual Rows": 60144, "Actual Loops": 1, "Output": ["p.owneruserid", "u.id"], "Inner Unique": true, "Hash Cond": "(p.owneruserid = u.id)", "Plans": [{"Node Type": "Seq Scan", "Parent Relationship": "Outer", "Parallel Aware": false, "Relation Name": "posts", "Schema": "public", "Alias": "p", "Startup Cost": 0.0, "Total Cost": 2009.7, "Plan Rows": 91972, "Plan Width": 4, "Actual Startup Time": 0.029, "Actual Total Time": 10.863, "Actual Rows": 91970, "Actual Loops": 1, "Output": ["p.id", "p.posttypeid", "p.creationdate", "p.score", "p.viewcount", "p.owneruserid", "p.answercount", "p.commentcount", "p.favoritecount", "p.lasteditoruserid"], "Filter": "(p.score >= '-7'::integer)", "Rows Removed by Filter": 6}, {"Node Type": "Hash", "Parent Relationship": "Inner", "Parallel Aware": false, "Startup Cost": 1002.69, "Total Cost": 1002.69, "Plan Rows": 40038, "Plan Width": 4, "Actual Startup Time": 23.151, "Actual Total Time": 23.152, "Actual Rows": 40047, "Actual Loops": 1, "Output": ["u.id"], "Hash Buckets": 65536, "Original Hash Buckets": 65536, "Hash Batches": 1, "Original Hash Batches": 1, "Peak Memory Usage": 1920, "Plans": [{"Node Type": "Seq Scan", "Parent Relationship": "Outer", "Parallel Aware": false, "Relation Name": "users", "Schema": "public", "Alias": "u", "Startup Cost": 0.0, "Total Cost": 1002.69, "Plan Rows": 40038, "Plan Width": 4, "Actual Startup Time": 0.018, "Actual Total Time": 13.101, "Actual Rows": 40047, "Actual Loops": 1, "Output": ["u.id"], "Filter": "((u.reputation >= 1) AND (u.upvotes <= 117) AND (u.upvotes >= 0))", "Rows Removed by Filter": 278}]}]}]}]}]}, "Planning Time": 96.642, "Triggers": [], "Execution Time": 1021.458}]
q121#####[{"Plan": {"Node Type": "Aggregate", "Strategy": "Plain", "Partial Mode": "Simple", "Parallel Aware": false, "Startup Cost": 6415.32, "Total Cost": 6415.33, "Plan Rows": 1, "Plan Width": 8, "Actual Startup Time": 29.689, "Actual Total Time": 29.692, "Actual Rows": 1, "Actual Loops": 1, "Output": ["count(*)"], "Plans": [{"Node Type": "Hash Join", "Parent Relationship": "Outer", "Parallel Aware": false, "Join Type": "Inner", "Startup Cost": 850.51, "Total Cost": 5969.41, "Plan Rows": 178363, "Plan Width": 0, "Actual Startup Time": 9.664, "Actual Total Time": 26.405, "Actual Rows": 55033, "Actual Loops": 1, "Inner Unique": false, "Hash Cond": "(p.owneruserid = b.userid)", "Plans": [{"Node Type": "Seq Scan", "Parent Relationship": "Outer", "Parallel Aware": false, "Relation Name": "posts", "Schema": "public", "Alias": "p", "Startup Cost": 0.0, "Total Cost": 941.6, "Plan Rows": 15443, "Plan Width": 4, "Actual Startup Time": 0.016, "Actual Total Time": 6.576, "Actual Rows": 15430, "Actual Loops": 1, "Output": ["p.id", "p.posttypeid", "p.creationdate", "p.score", "p.viewcount", "p.owneruserid", "p.answercount", "p.commentcount", "p.favoritecount", "p.lasteditoruserid"], "Filter": "((p.answercount <= 4) AND (p.answercount >= 0) AND (p.commentcount <= 17) AND (p.commentcount >= 0))", "Rows Removed by Filter": 16650}, {"Node Type": "Hash", "Parent Relationship": "Inner", "Parallel Aware": false, "Startup Cost": 501.93, "Total Cost": 501.93, "Plan Rows": 27887, "Plan Width": 4, "Actual Startup Time": 9.615, "Actual Total Time": 9.616, "Actual Rows": 27878, "Actual Loops": 1, "Output": ["b.userid"], "Hash Buckets": 32768, "Original Hash Buckets": 32768, "Hash Batches": 1, "Original Hash Batches": 1, "Peak Memory Usage": 1237, "Plans": [{"Node Type": "Seq Scan", "Parent Relationship": "Outer", "Parallel Aware": false, "Relation Name": "badges", "Schema": "public", "Alias": "b", "Startup Cost": 0.0, "Total Cost": 501.93, "Plan Rows": 27887, "Plan Width": 4, "Actual Startup Time": 0.014, "Actual Total Time": 4.732, "Actual Rows": 27878, "Actual Loops": 1, "Output": ["b.userid"], "Filter": "(b.date <= 1410396952)", "Rows Removed by Filter": 116}]}]}]}, "Planning Time": 30.326, "Triggers": [], "Execution Time": 29.782}]
q135#####[{"Plan": {"Node Type": "Aggregate", "Strategy": "Plain", "Partial Mode": "Simple", "Parallel Aware": false, "Startup Cost": 139814.81, "Total Cost": 139814.82, "Plan Rows": 1, "Plan Width": 8, "Actual Startup Time": 302.642, "Actual Total Time": 302.643, "Actual Rows": 1, "Actual Loops": 1, "Output": ["count(*)"], "Plans": [{"Node Type": "Nested Loop", "Parent Relationship": "Outer", "Parallel Aware": false, "Join Type": "Inner", "Startup Cost": 0.29, "Total Cost": 50972.75, "Plan Rows": 35536823, "Plan Width": 0, "Actual Startup Time": 0.689, "Actual Total Time": 244.594, "Actual Rows": 1709781, "Actual Loops": 1, "Inner Unique": false, "Plans": [{"Node Type": "Seq Scan", "Parent Relationship": "Outer", "Parallel Aware": false, "Relation Name": "posthistory", "Schema": "public", "Alias": "ph", "Startup Cost": 0.0, "Total Cost": 6777.8, "Plan Rows": 42795, "Plan Width": 4, "Actual Startup Time": 0.669, "Actual Total Time": 28.83, "Actual Rows": 42308, "Actual Loops": 1, "Output": ["ph.id", "ph.posthistorytypeid", "ph.postid", "ph.creationdate", "ph.userid"], "Filter": "((ph.creationdate >= 1284436747) AND (ph.posthistorytypeid = 1))", "Rows Removed by Filter": 260879}, {"Node Type": "Index Only Scan", "Parent Relationship": "Inner", "Parallel Aware": false, "Scan Direction": "Forward", "Index Name": "idx_comments_userid", "Relation Name": "comments", "Schema": "public", "Alias": "c", "Startup Cost": 0.29, "Total Cost": 0.77, "Plan Rows": 26, "Plan Width": 4, "Actual Startup Time": 0.001, "Actual Total Time": 0.003, "Actual Rows": 40, "Actual Loops": 42308, "Output": ["c.userid"], "Index Cond": "(c.userid = ph.userid)", "Rows Removed by Index Recheck": 0, "Heap Fetches": 0}]}]}, "Planning Time": 39.612, "Triggers": [], "Execution Time": 302.713}]
q20#####[{"Plan": {"Node Type": "Aggregate", "Strategy": "Plain", "Partial Mode": "Simple", "Parallel Aware": false, "Startup Cost": 330384.14, "Total Cost": 330384.15, "Plan Rows": 1, "Plan Width": 8, "Actual Startup Time": 1502.627, "Actual Total Time": 1502.63, "Actual Rows": 1, "Actual Loops": 1, "Output": ["count(*)"], "Plans": [{"Node Type": "Nested Loop", "Parent Relationship": "Outer", "Parallel Aware": false, "Join Type": "Inner", "Startup Cost": 1504.54, "Total Cost": 129400.78, "Plan Rows": 80393344, "Plan Width": 0, "Actual Startup Time": 26.445, "Actual Total Time": 1352.447, "Actual Rows": 4230153, "Actual Loops": 1, "Inner Unique": false, "Plans": [{"Node Type": "Hash Join", "Parent Relationship": "Outer", "Parallel Aware": false, "Join Type": "Inner", "Startup Cost": 1504.11, "Total Cost": 3754.37, "Plan Rows": 91154, "Plan Width": 8, "Actual Startup Time": 26.371, "Actual Total Time": 63.509, "Actual Rows": 64212, "Actual Loops": 1, "Output": ["p.owneruserid", "u.id"], "Inner Unique": true, "Hash Cond": "(p.owneruserid = u.id)", "Plans": [{"Node Type": "Seq Scan", "Parent Relationship": "Outer", "Parallel Aware": false, "Relation Name": "posts", "Schema": "public", "Alias": "p", "Startup Cost": 0.0, "Total Cost": 2009.7, "Plan Rows": 91633, "Plan Width": 4, "Actual Startup Time": 0.044, "Actual Total Time": 15.059, "Actual Rows": 91624, "Actual Loops": 1, "Output": ["p.id", "p.posttypeid", "p.creationdate", "p.score", "p.viewcount", "p.owneruserid", "p.answercount", "p.commentcount", "p.favoritecount", "p.lasteditoruserid"], "Filter": "(p.score >= 0)", "Rows Removed by Filter": 352}, {"Node Type": "Hash", "Parent Relationship": "Inner", "Parallel Aware": false, "Startup Cost": 1002.69, "Total Cost": 1002.69, "Plan Rows": 40114, "Plan Width": 4, "Actual Startup Time": 26.014, "Actual Total Time": 26.015, "Actual Rows": 40051, "Actual Loops": 1, "Output": ["u.id"], "Hash Buckets": 65536, "Original Hash Buckets": 65536, "Hash Batches": 1, "Original Hash Batches": 1, "Peak Memory Usage": 1921, "Plans": [{"Node Type": "Seq Scan", "Parent Relationship": "Outer", "Parallel Aware": false, "Relation Name": "users", "Schema": "public", "Alias": "u", "Startup Cost": 0.0, "Total Cost": 1002.69, "Plan Rows": 40114, "Plan Width": 4, "Actual Startup Time": 0.078, "Actual Total Time": 14.727, "Actual Rows": 40051, "Actual Loops": 1, "Output": ["u.id"], "Filter": "((u.creationdate >= 1279543745) AND (u.reputation >= 1) AND (u.upvotes <= 198))", "Rows Removed by Filter": 274}]}]}, {"Node Type": "Index Scan", "Parent Relationship": "Inner", "Parallel Aware": false, "Scan Direction": "Forward", "Index Name": "idx_posthistory_userid", "Relation Name": "posthistory", "Schema": "public", "Alias": "ph", "Startup Cost": 0.42, "Total Cost": 1.1, "Plan Rows": 28, "Plan Width": 4, "Actual Startup Time": 0.002, "Actual Total Time": 0.016, "Actual Rows": 66, "Actual Loops": 64212, "Output": ["ph.id", "ph.posthistorytypeid", "ph.postid", "ph.creationdate", "ph.userid"], "Index Cond": "(ph.userid = p.owneruserid)", "Rows Removed by Index Recheck": 0, "Filter": "(ph.creationdate >= 1282339840)", "Rows Removed by Filter": 0}]}]}, "Planning Time": 67.585, "Triggers": [], "Execution Time": 1502.835}]
q34#####[{"Plan": {"Node Type": "Aggregate", "Strategy": "Plain", "Partial Mode": "Simple", "Parallel Aware": false, "Startup Cost": 19499.99, "Total Cost": 19500.0, "Plan Rows": 1, "Plan Width": 8, "Actual Startup Time": 76.061, "Actual Total Time": 76.066, "Actual Rows": 1, "Actual Loops": 1, "Output": ["count(*)"], "Plans": [{"Node Type": "Hash Join", "Parent Relationship": "Outer", "Parallel Aware": false, "Join Type": "Inner", "Startup Cost": 6419.18, "Total Cost": 13364.37, "Plan Rows": 2454249, "Plan Width": 0, "Actual Startup Time": 29.106, "Actual Total Time": 65.567, "Actual Rows": 250314, "Actual Loops": 1, "Inner Unique": false, "Hash Cond": "(ph.userid = b.userid)", "Plans": [{"Node Type": "Seq Scan", "Parent Relationship": "Outer", "Parallel Aware": false, "Relation Name": "posthistory", "Schema": "public", "Alias": "ph", "Startup Cost": 0.0, "Total Cost": 2110.32, "Plan Rows": 24735, "Plan Width": 4, "Actual Startup Time": 0.019, "Actual Total Time": 10.357, "Actual Rows": 24637, "Actual Loops": 1, "Output": ["ph.id", "ph.posthistorytypeid", "ph.postid", "ph.creationdate", "ph.userid"], "Filter": "(ph.posthistorytypeid = 5)", "Rows Removed by Filter": 81629}, {"Node Type": "Hash", "Parent Relationship": "Inner", "Parallel Aware": false, "Startup Cost": 6203.22, "Total Cost": 6203.22, "Plan Rows": 17277, "Plan Width": 12, "Actual Startup Time": 29.042, "Actual Total Time": 29.046, "Actual Rows": 11199, "Actual Loops": 1, "Output": ["b.userid", "p.owneruserid", "u.id"], "Hash Buckets": 32768, "Original Hash Buckets": 32768, "Hash Batches": 1, "Original Hash Batches": 1, "Peak Memory Usage": 738, "Plans": [{"Node Type": "Hash Join", "Parent Relationship": "Outer", "Parallel Aware": false, "Join Type": "Inner", "Startup Cost": 1342.48, "Total Cost": 6203.22, "Plan Rows": 17277, "Plan Width": 12, "Actual Startup Time": 14.826, "Actual Total Time": 26.564, "Actual Rows": 11199, "Actual Loops": 1, "Output": ["b.userid", "p.owneruserid", "u.id"], "Inner Unique": false, "Hash Cond": "(p.owneruserid = b.userid)", "Plans": [{"Node Type": "Hash Join", "Parent Relationship": "Outer", "Parallel Aware": false, "Join Type": "Inner", "Startup Cost": 490.99, "Total Cost": 1311.63, "Plan Rows": 14918, "Plan Width": 8, "Actual Startup Time": 5.12, "Actual Total Time": 14.186, "Actual Rows": 5061, "Actual Loops": 1, "Output": ["p.owneruserid", "u.id"], "Inner Unique": true, "Hash Cond": "(p.owneruserid = u.id)", "Plans": [{"Node Type": "Seq Scan", "Parent Relationship": "Outer", "Parallel Aware": false, "Relation Name": "posts", "Schema": "public", "Alias": "p", "Startup Cost": 0.0, "Total Cost": 781.2, "Plan Rows": 15020, "Plan Width": 4, "Actual Startup Time": 0.013, "Actual Total Time": 5.699, "Actual Rows": 15002, "Actual Loops": 1, "Output": ["p.id", "p.posttypeid", "p.creationdate", "p.score", "p.viewcount", "p.owneruserid", "p.answercount", "p.commentcount", "p.favoritecount", "p.lasteditoruserid"], "Filter": "((p.viewcount <= 2024) AND (p.viewcount >= 0))", "Rows Removed by Filter": 17078}, {"Node Type": "Hash", "Parent Relationship": "Inner", "Parallel Aware": false, "Startup Cost": 315.74, "Total Cost": 315.74, "Plan Rows": 14020, "Plan Width": 4, "Actual Startup Time": 5.053, "Actual Total Time": 5.054, "Actual Rows": 14019, "Actual Loops": 1, "Output": ["u.id"], "Hash Buckets": 16384, "Original Hash Buckets": 16384, "Hash Batches": 1, "Original Hash Batches": 1, "Peak Memory Usage": 621, "Plans": [{"Node Type": "Seq Scan", "Parent Relationship": "Outer", "Parallel Aware": false, "Relation Name": "users", "Schema": "public", "Alias": "u", "Startup Cost": 0.0, "Total Cost": 315.74, "Plan Rows": 14020, "Plan Width": 4, "Actual Startup Time": 0.009, "Actual Total Time": 2.586, "Actual Rows": 14019, "Actual Loops": 1, "Output": ["u.id"], "Filter": "((u.reputation <= 750) AND (u.reputation >= 1))", "Rows Removed by Filter": 97}]}]}, {"Node Type": "Hash", "Parent Relationship": "Inner", "Parallel Aware": false, "Startup Cost": 501.93, "Total Cost": 501.93, "Plan Rows": 27965, "Plan Width": 4, "Actual Startup Time": 9.546, "Actual Total Time": 9.547, "Actual Rows": 27921, "Actual Loops": 1, "Output": ["b.userid"], "Hash Buckets": 32768, "Original Hash Buckets": 32768, "Hash Batches": 1, "Original Hash Batches": 1, "Peak Memory Usage": 1238, "Plans": [{"Node Type": "Seq Scan", "Parent Relationship": "Outer", "Parallel Aware": false, "Relation Name": "badges", "Schema": "public", "Alias": "b", "Startup Cost": 0.0, "Total Cost": 501.93, "Plan Rows": 27965, "Plan Width": 4, "Actual Startup Time": 0.019, "Actual Total Time": 4.645, "Actual Rows": 27921, "Actual Loops": 1, "Output": ["b.userid"], "Filter": "(b.date >= 1279593250)", "Rows Removed by Filter": 73}]}]}]}]}]}, "Planning Time": 104.414, "Triggers": [], "Execution Time": 76.167}]
q22#####[{"Plan": {"Node Type": "Aggregate", "Strategy": "Plain", "Partial Mode": "Simple", "Parallel Aware": false, "Startup Cost": 9518.98, "Total Cost": 9518.99, "Plan Rows": 1, "Plan Width": 8, "Actual Startup Time": 91.708, "Actual Total Time": 91.714, "Actual Rows": 1, "Actual Loops": 1, "Output": ["count(*)"], "Plans": [{"Node Type": "Hash Join", "Parent Relationship": "Outer", "Parallel Aware": false, "Join Type": "Inner", "Startup Cost": 7687.34, "Total Cost": 9360.49, "Plan Rows": 63395, "Plan Width": 0, "Actual Startup Time": 81.955, "Actual Total Time": 91.366, "Actual Rows": 10413, "Actual Loops": 1, "Inner Unique": false, "Hash Cond": "(c.postid = p.id)", "Plans": [{"Node Type": "Seq Scan", "Parent Relationship": "Outer", "Parallel Aware": false, "Relation Name": "comments", "Schema": "public", "Alias": "c", "Startup Cost": 0.0, "Total Cost": 1061.28, "Plan Rows": 61128, "Plan Width": 4, "Actual Startup Time": 0.021, "Actual Total Time": 2.974, "Actual Rows": 61128, "Actual Loops": 1, "Output": ["c.id", "c.postid", "c.score", "c.creationdate", "c.userid"]}, {"Node Type": "Hash", "Parent Relationship": "Inner", "Parallel Aware": false, "Startup Cost": 7436.33, "Total Cost": 7436.33, "Plan Rows": 20081, "Plan Width": 16, "Actual Startup Time": 81.88, "Actual Total Time": 81.885, "Actual Rows": 6344, "Actual Loops": 1, "Output": ["ph.postid", "pl.postid", "p.id", "v.postid"], "Hash Buckets": 32768, "Original Hash Buckets": 32768, "Hash Batches": 1, "Original Hash Batches": 1, "Peak Memory Usage": 554, "Plans": [{"Node Type": "Hash Join", "Parent Relationship": "Outer", "Parallel Aware": false, "Join Type": "Inner", "Startup Cost": 3564.47, "Total Cost": 7436.33, "Plan Rows": 20081, "Plan Width": 16, "Actual Startup Time": 22.491, "Actual Total Time": 80.156, "Actual Rows": 6344, "Actual Loops": 1, "Output": ["ph.postid", "pl.postid", "p.id", "v.postid"], "Inner Unique": false, "Hash Cond": "(p.id = ph.postid)", "Plans": [{"Node Type": "Hash Join", "Parent Relationship": "Outer", "Parallel Aware": false, "Join Type": "Inner", "Startup Cost": 1021.8, "Total Cost": 3887.97, "Plan Rows": 107315, "Plan Width": 8, "Actual Startup Time": 10.839, "Actual Total Time": 62.081, "Actual Rows": 37535, "Actual Loops": 1, "Output": ["p.id", "v.postid"], "Inner Unique": true, "Hash Cond": "(v.postid = p.id)", "Plans": [{"Node Type": "Seq Scan", "Parent Relationship": "Outer", "Parallel Aware": false, "Relation Name": "votes", "Schema": "public", "Alias": "v", "Startup Cost": 0.0, "Total Cost": 2568.14, "Plan Rows": 113524, "Plan Width": 4, "Actual Startup Time": 0.006, "Actual Total Time": 24.471, "Actual Rows": 114510, "Actual Loops": 1, "Output": ["v.id", "v.postid", "v.votetypeid", "v.creationdate", "v.userid", "v.bountyamount"], "Filter": "((v.creationdate <= 1410278400) AND (v.creationdate >= 1279468800))", "Rows Removed by Filter": 366}, {"Node Type": "Hash", "Parent Relationship": "Inner", "Parallel Aware": false, "Startup Cost": 620.8, "Total Cost": 620.8, "Plan Rows": 32080, "Plan Width": 4, "Actual Startup Time": 10.697, "Actual Total Time": 10.699, "Actual Rows": 32080, "Actual Loops": 1, "Output": ["p.id"], "Hash Buckets": 32768, "Original Hash Buckets": 32768, "Hash Batches": 1, "Original Hash Batches": 1, "Peak Memory Usage": 1384, "Plans": [{"Node Type": "Seq Scan", "Parent Relationship": "Outer", "Parallel Aware": false, "Relation Name": "posts", "Schema": "public", "Alias": "p", "Startup Cost": 0.0, "Total Cost": 620.8, "Plan Rows": 32080, "Plan Width": 4, "Actual Startup Time": 0.009, "Actual Total Time": 4.987, "Actual Rows": 32080, "Actual Loops": 1, "Output": ["p.id"]}]}]}, {"Node Type": "Hash", "Parent Relationship": "Inner", "Parallel Aware": false, "Startup Cost": 2439.95, "Total Cost": 2439.95, "Plan Rows": 8218, "Plan Width": 8, "Actual Startup Time": 11.497, "Actual Total Time": 11.499, "Actual Rows": 7509, "Actual Loops": 1, "Output": ["ph.postid", "pl.postid"], "Hash Buckets": 16384, "Original Hash Buckets": 16384, "Hash Batches": 1, "Original Hash Batches": 1, "Peak Memory Usage": 422, "Plans": [{"Node Type": "Nested Loop", "Parent Relationship": "Outer", "Parallel Aware": false, "Join Type": "Inner", "Startup Cost": 0.29, "Total Cost": 2439.95, "Plan Rows": 8218, "Plan Width": 8, "Actual Startup Time": 0.037, "Actual Total Time": 9.961, "Actual Rows": 7509, "Actual Loops": 1, "Output": ["ph.postid", "pl.postid"], "Inner Unique": false, "Plans": [{"Node Type": "Seq Scan", "Parent Relationship": "Outer", "Parallel Aware": false, "Relation Name": "postlinks", "Schema": "public", "Alias": "pl", "Startup Cost": 0.0, "Total Cost": 87.14, "Plan Rows": 3398, "Plan Width": 4, "Actual Startup Time": 0.009, "Actual Total Time": 0.987, "Actual Rows": 3384, "Actual Loops": 1, "Output": ["pl.id", "pl.creationdate", "pl.postid", "pl.relatedpostid", "pl.linktypeid"], "Filter": "((pl.creationdate >= 1308029495) AND (pl.linktypeid = 1))", "Rows Removed by Filter": 492}, {"Node Type": "Index Only Scan", "Parent Relationship": "Inner", "Parallel Aware": false, "Scan Direction": "Forward", "Index Name": "idx_posthistory_postid", "Relation Name": "posthistory", "Schema": "public", "Alias": "ph", "Startup Cost": 0.29, "Total Cost": 0.67, "Plan Rows": 2, "Plan Width": 4, "Actual Startup Time": 0.002, "Actual Total Time": 0.002, "Actual Rows": 2, "Actual Loops": 3384, "Output": ["ph.postid"], "Index Cond": "(ph.postid = pl.postid)", "Rows Removed by Index Recheck": 0, "Heap Fetches": 0}]}]}]}]}]}]}, "Planning Time": 158.593, "Triggers": [], "Execution Time": 91.821}]
q36#####[{"Plan": {"Node Type": "Aggregate", "Strategy": "Plain", "Partial Mode": "Simple", "Parallel Aware": false, "Startup Cost": 39831.62, "Total Cost": 39831.63, "Plan Rows": 1, "Plan Width": 8, "Actual Startup Time": 148.262, "Actual Total Time": 148.267, "Actual Rows": 1, "Actual Loops": 1, "Output": ["count(*)"], "Plans": [{"Node Type": "Hash Join", "Parent Relationship": "Outer", "Parallel Aware": false, "Join Type": "Inner", "Startup Cost": 8950.26, "Total Cost": 12325.5, "Plan Rows": 11002445, "Plan Width": 0, "Actual Startup Time": 53.139, "Actual Total Time": 125.956, "Actual Rows": 687135, "Actual Loops": 1, "Inner Unique": false, "Hash Cond": "(c.userid = b.userid)", "Plans": [{"Node Type": "Hash Join", "Parent Relationship": "Outer", "Parallel Aware": false, "Join Type": "Inner", "Startup Cost": 421.61, "Total Cost": 2064.34, "Plan Rows": 4684, "Plan Width": 8, "Actual Startup Time": 2.631, "Actual Total Time": 15.399, "Actual Rows": 10995, "Actual Loops": 1, "Output": ["c.userid", "u.id"], "Inner Unique": true, "Hash Cond": "(c.userid = u.id)", "Plans": [{"Node Type": "Seq Scan", "Parent Relationship": "Outer", "Parallel Aware": false, "Relation Name": "comments", "Schema": "public", "Alias": "c", "Startup Cost": 0.0, "Total Cost": 1519.74, "Plan Rows": 46842, "Plan Width": 4, "Actual Startup Time": 0.025, "Actual Total Time": 7.468, "Actual Rows": 47014, "Actual Loops": 1, "Output": ["c.id", "c.postid", "c.score", "c.creationdate", "c.userid"], "Filter": "((c.creationdate <= 1410381336) AND (c.creationdate >= 1283673875) AND (c.score = 0))", "Rows Removed by Filter": 14114}, {"Node Type": "Hash", "Parent Relationship": "Inner", "Parallel Aware": false, "Startup Cost": 245.16, "Total Cost": 245.16, "Plan Rows": 14116, "Plan Width": 4, "Actual Startup Time": 2.569, "Actual Total Time": 2.57, "Actual Rows": 14116, "Actual Loops": 1, "Output": ["u.id"], "Hash Buckets": 16384, "Original Hash Buckets": 16384, "Hash Batches": 1, "Original Hash Batches": 1, "Peak Memory Usage": 625, "Plans": [{"Node Type": "Seq Scan", "Parent Relationship": "Outer", "Parallel Aware": false, "Relation Name": "users", "Schema": "public", "Alias": "u", "Startup Cost": 0.0, "Total Cost": 245.16, "Plan Rows": 14116, "Plan Width": 4, "Actual Startup Time": 0.008, "Actual Total Time": 1.237, "Actual Rows": 14116, "Actual Loops": 1, "Output": ["u.id"]}]}]}, {"Node Type": "Hash", "Parent Relationship": "Inner", "Parallel Aware": false, "Startup Cost": 8228.98, "Total Cost": 8228.98, "Plan Rows": 23974, "Plan Width": 8, "Actual Startup Time": 50.346, "Actual Total Time": 50.348, "Actual Rows": 126625, "Actual Loops": 1, "Output": ["b.userid", "ph.userid"], "Hash Buckets": 131072, "Original Hash Buckets": 32768, "Hash Batches": 4, "Original Hash Batches": 1, "Peak Memory Usage": 3073, "Plans": [{"Node Type": "Hash Join", "Parent Relationship": "Outer", "Parallel Aware": false, "Join Type": "Inner", "Startup Cost": 847.2, "Total Cost": 8228.98, "Plan Rows": 23974, "Plan Width": 8, "Actual Startup Time": 7.701, "Actual Total Time": 32.962, "Actual Rows": 126625, "Actual Loops": 1, "Output": ["b.userid", "ph.userid"], "Inner Unique": false, "Hash Cond": "(ph.userid = b.userid)", "Plans": [{"Node Type": "Seq Scan", "Parent Relationship": "Outer", "Parallel Aware": false, "Relation Name": "posthistory", "Schema": "public", "Alias": "ph", "Startup Cost": 0.0, "Total Cost": 2641.66, "Plan Rows": 15114, "Plan Width": 4, "Actual Startup Time": 0.01, "Actual Total Time": 11.565, "Actual Rows": 15337, "Actual Loops": 1, "Output": ["ph.id", "ph.posthistorytypeid", "ph.postid", "ph.creationdate", "ph.userid"], "Filter": "((ph.creationdate <= 1410600563) AND (ph.creationdate >= 1280145718) AND (ph.posthistorytypeid = 1))", "Rows Removed by Filter": 90929}, {"Node Type": "Hash", "Parent Relationship": "Inner", "Parallel Aware": false, "Startup Cost": 501.93, "Total Cost": 501.93, "Plan Rows": 27622, "Plan Width": 4, "Actual Startup Time": 7.529, "Actual Total Time": 7.53, "Actual Rows": 27622, "Actual Loops": 1, "Output": ["b.userid"], "Hash Buckets": 32768, "Original Hash Buckets": 32768, "Hash Batches": 1, "Original Hash Batches": 1, "Peak Memory Usage": 1228, "Plans": [{"Node Type": "Seq Scan", "Parent Relationship": "Outer", "Parallel Aware": false, "Relation Name": "badges", "Schema": "public", "Alias": "b", "Startup Cost": 0.0, "Total Cost": 501.93, "Plan Rows": 27622, "Plan Width": 4, "Actual Startup Time": 0.01, "Actual Total Time": 3.784, "Actual Rows": 27622, "Actual Loops": 1, "Output": ["b.userid"], "Filter": "(b.date <= 1409792096)", "Rows Removed by Filter": 372}]}]}]}]}]}, "Planning Time": 96.888, "Triggers": [], "Execution Time": 148.356}]
q123#####[{"Plan": {"Node Type": "Aggregate", "Strategy": "Plain", "Partial Mode": "Simple", "Parallel Aware": false, "Startup Cost": 7823.51, "Total Cost": 7823.52, "Plan Rows": 1, "Plan Width": 8, "Actual Startup Time": 293.594, "Actual Total Time": 293.6, "Actual Rows": 1, "Actual Loops": 1, "Output": ["count(*)"], "Plans": [{"Node Type": "Hash Join", "Parent Relationship": "Outer", "Parallel Aware": false, "Join Type": "Inner", "Startup Cost": 6756.54, "Total Cost": 7211.43, "Plan Rows": 244831, "Plan Width": 0, "Actual Startup Time": 32.075, "Actual Total Time": 220.908, "Actual Rows": 2147527, "Actual Loops": 1, "Inner Unique": false, "Hash Cond": "(c.userid = b.userid)", "Plans": [{"Node Type": "Merge Join", "Parent Relationship": "Outer", "Parallel Aware": false, "Join Type": "Inner", "Startup Cost": 5692.86, "Total Cost": 6026.75, "Plan Rows": 2750, "Plan Width": 8, "Actual Startup Time": 21.095, "Actual Total Time": 42.873, "Actual Rows": 149610, "Actual Loops": 1, "Output": ["c.userid", "v.userid"], "Inner Unique": false, "Merge Cond": "(c.userid = v.userid)", "Plans": [{"Node Type": "Sort", "Parent Relationship": "Outer", "Parallel Aware": false, "Startup Cost": 1939.68, "Total Cost": 1961.55, "Plan Rows": 8748, "Plan Width": 4, "Actual Startup Time": 7.236, "Actual Total Time": 7.998, "Actual Rows": 8731, "Actual Loops": 1, "Output": ["c.userid"], "Sort Key": ["c.userid"], "Sort Method": "quicksort", "Sort Space Used": 794, "Sort Space Type": "Memory", "Plans": [{"Node Type": "Seq Scan", "Parent Relationship": "Outer", "Parallel Aware": false, "Relation Name": "comments", "Schema": "public", "Alias": "c", "Startup Cost": 0.0, "Total Cost": 1366.92, "Plan Rows": 8748, "Plan Width": 4, "Actual Startup Time": 0.015, "Actual Total Time": 5.685, "Actual Rows": 8731, "Actual Loops": 1, "Output": ["c.userid"], "Filter": "((c.creationdate >= 1282889527) AND (c.score = 1))", "Rows Removed by Filter": 52397}]}, {"Node Type": "Sort", "Parent Relationship": "Inner", "Parallel Aware": false, "Startup Cost": 3665.38, "Total Cost": 3695.28, "Plan Rows": 11960, "Plan Width": 4, "Actual Startup Time": 13.666, "Actual Total Time": 19.548, "Actual Rows": 157116, "Actual Loops": 1, "Output": ["v.userid"], "Sort Key": ["v.userid"], "Sort Method": "quicksort", "Sort Space Used": 948, "Sort Space Type": "Memory", "Plans": [{"Node Type": "Seq Scan", "Parent Relationship": "Outer", "Parallel Aware": false, "Relation Name": "votes", "Schema": "public", "Alias": "v", "Startup Cost": 0.0, "Total Cost": 2855.33, "Plan Rows": 11960, "Plan Width": 4, "Actual Startup Time": 0.009, "Actual Total Time": 11.714, "Actual Rows": 12022, "Actual Loops": 1, "Output": ["v.userid"], "Filter": "((v.creationdate <= 1410537600) AND (v.creationdate >= 1279468800) AND (v.votetypeid = 5))", "Rows Removed by Filter": 102854}]}]}, {"Node Type": "Hash", "Parent Relationship": "Inner", "Parallel Aware": false, "Startup Cost": 1029.86, "Total Cost": 1029.86, "Plan Rows": 2705, "Plan Width": 8, "Actual Startup Time": 10.822, "Actual Total Time": 10.824, "Actual Rows": 8458, "Actual Loops": 1, "Output": ["b.userid", "u.id"], "Hash Buckets": 16384, "Original Hash Buckets": 4096, "Hash Batches": 1, "Original Hash Batches": 1, "Peak Memory Usage": 459, "Plans": [{"Node Type": "Hash Join", "Parent Relationship": "Outer", "Parallel Aware": false, "Join Type": "Inner", "Startup Cost": 456.9, "Total Cost": 1029.86, "Plan Rows": 2705, "Plan Width": 8, "Actual Startup Time": 3.48, "Actual Total Time": 9.637, "Actual Rows": 8458, "Actual Loops": 1, "Output": ["b.userid", "u.id"], "Inner Unique": true, "Hash Cond": "(b.userid = u.id)", "Plans": [{"Node Type": "Seq Scan", "Parent Relationship": "Outer", "Parallel Aware": false, "Relation Name": "badges", "Schema": "public", "Alias": "b", "Startup Cost": 0.0, "Total Cost": 501.93, "Plan Rows": 27053, "Plan Width": 4, "Actual Startup Time": 0.02, "Actual Total Time": 2.96, "Actual Rows": 27030, "Actual Loops": 1, "Output": ["b.id", "b.userid", "b.date"], "Filter": "(b.date <= 1408415533)", "Rows Removed by Filter": 964}, {"Node Type": "Hash", "Parent Relationship": "Inner", "Parallel Aware": false, "Startup Cost": 280.45, "Total Cost": 280.45, "Plan Rows": 14116, "Plan Width": 4, "Actual Startup Time": 3.451, "Actual Total Time": 3.452, "Actual Rows": 14116, "Actual Loops": 1, "Output": ["u.id"], "Hash Buckets": 16384, "Original Hash Buckets": 16384, "Hash Batches": 1, "Original Hash Batches": 1, "Peak Memory Usage": 625, "Plans": [{"Node Type": "Seq Scan", "Parent Relationship": "Outer", "Parallel Aware": false, "Relation Name": "users", "Schema": "public", "Alias": "u", "Startup Cost": 0.0, "Total Cost": 280.45, "Plan Rows": 14116, "Plan Width": 4, "Actual Startup Time": 0.01, "Actual Total Time": 1.832, "Actual Rows": 14116, "Actual Loops": 1, "Output": ["u.id"], "Filter": "(u.reputation >= 1)", "Rows Removed by Filter": 0}]}]}]}]}]}, "Planning Time": 103.094, "Triggers": [], "Execution Time": 293.793}]
q137#####[{"Plan": {"Node Type": "Aggregate", "Strategy": "Plain", "Partial Mode": "Simple", "Parallel Aware": false, "Startup Cost": 12695.42, "Total Cost": 12695.43, "Plan Rows": 1, "Plan Width": 8, "Actual Startup Time": 184.472, "Actual Total Time": 184.478, "Actual Rows": 1, "Actual Loops": 1, "Output": ["count(*)"], "Plans": [{"Node Type": "Hash Join", "Parent Relationship": "Outer", "Parallel Aware": false, "Join Type": "Inner", "Startup Cost": 5928.45, "Total Cost": 9454.02, "Plan Rows": 1296562, "Plan Width": 0, "Actual Startup Time": 92.108, "Actual Total Time": 161.187, "Actual Rows": 364768, "Actual Loops": 1, "Inner Unique": false, "Hash Cond": "(c.userid = b.userid)", "Plans": [{"Node Type": "Hash Join", "Parent Relationship": "Outer", "Parallel Aware": false, "Join Type": "Inner", "Startup Cost": 422.88, "Total Cost": 1796.03, "Plan Rows": 48895, "Plan Width": 8, "Actual Startup Time": 12.722, "Actual Total Time": 29.432, "Actual Rows": 9060, "Actual Loops": 1, "Output": ["c.userid", "u.id"], "Inner Unique": true, "Hash Cond": "(c.userid = u.id)", "Plans": [{"Node Type": "Seq Scan", "Parent Relationship": "Outer", "Parallel Aware": false, "Relation Name": "comments", "Schema": "public", "Alias": "c", "Startup Cost": 0.0, "Total Cost": 1214.1, "Plan Rows": 60576, "Plan Width": 4, "Actual Startup Time": 0.034, "Actual Total Time": 8.412, "Actual Rows": 61081, "Actual Loops": 1, "Output": ["c.id", "c.postid", "c.score", "c.creationdate", "c.userid"], "Filter": "(c.creationdate >= 1279633051)", "Rows Removed by Filter": 47}, {"Node Type": "Hash", "Parent Relationship": "Inner", "Parallel Aware": false, "Startup Cost": 280.45, "Total Cost": 280.45, "Plan Rows": 11394, "Plan Width": 4, "Actual Startup Time": 12.645, "Actual Total Time": 12.646, "Actual Rows": 11394, "Actual Loops": 1, "Output": ["u.id"], "Hash Buckets": 16384, "Original Hash Buckets": 16384, "Hash Batches": 1, "Original Hash Batches": 1, "Peak Memory Usage": 529, "Plans": [{"Node Type": "Seq Scan", "Parent Relationship": "Outer", "Parallel Aware": false, "Relation Name": "users", "Schema": "public", "Alias": "u", "Startup Cost": 0.0, "Total Cost": 280.45, "Plan Rows": 11394, "Plan Width": 4, "Actual Startup Time": 0.02, "Actual Total Time": 7.155, "Actual Rows": 11394, "Actual Loops": 1, "Output": ["u.id"], "Filter": "(u.upvotes = 0)", "Rows Removed by Filter": 2722}]}]}, {"Node Type": "Hash", "Parent Relationship": "Inner", "Parallel Aware": false, "Startup Cost": 5471.74, "Total Cost": 5471.74, "Plan Rows": 2707, "Plan Width": 12, "Actual Startup Time": 79.259, "Actual Total Time": 79.261, "Actual Rows": 126435, "Actual Loops": 1, "Output": ["b.userid", "ph.userid", "v.userid"], "Hash Buckets": 131072, "Original Hash Buckets": 4096, "Hash Batches": 2, "Original Hash Batches": 1, "Peak Memory Usage": 6312, "Plans": [{"Node Type": "Merge Join", "Parent Relationship": "Outer", "Parallel Aware": false, "Join Type": "Inner", "Startup Cost": 4796.3, "Total Cost": 5471.74, "Plan Rows": 2707, "Plan Width": 12, "Actual Startup Time": 34.479, "Actual Total Time": 59.623, "Actual Rows": 126435, "Actual Loops": 1, "Output": ["b.userid", "ph.userid", "v.userid"], "Inner Unique": false, "Merge Cond": "(v.userid = b.userid)", "Plans": [{"Node Type": "Index Only Scan", "Parent Relationship": "Outer", "Parallel Aware": false, "Scan Direction": "Forward", "Index Name": "idx_votes_userid", "Relation Name": "votes", "Schema": "public", "Alias": "v", "Startup Cost": 0.29, "Total Cost": 2163.43, "Plan Rows": 114876, "Plan Width": 4, "Actual Startup Time": 0.041, "Actual Total Time": 10.077, "Actual Rows": 114872, "Actual Loops": 1, "Output": ["v.userid"], "Heap Fetches": 0}, {"Node Type": "Sort", "Parent Relationship": "Inner", "Parallel Aware": false, "Startup Cost": 2615.07, "Total Cost": 2621.75, "Plan Rows": 2669, "Plan Width": 8, "Actual Startup Time": 20.201, "Actual Total Time": 25.135, "Actual Rows": 126645, "Actual Loops": 1, "Output": ["b.userid", "ph.userid"], "Sort Key": ["b.userid"], "Sort Method": "quicksort", "Sort Space Used": 128, "Sort Space Type": "Memory", "Plans": [{"Node Type": "Nested Loop", "Parent Relationship": "Outer", "Parallel Aware": false, "Join Type": "Inner", "Startup Cost": 0.29, "Total Cost": 2463.18, "Plan Rows": 2669, "Plan Width": 8, "Actual Startup Time": 0.197, "Actual Total Time": 19.618, "Actual Rows": 1697, "Actual Loops": 1, "Output": ["b.userid", "ph.userid"], "Inner Unique": false, "Plans": [{"Node Type": "Seq Scan", "Parent Relationship": "Outer", "Parallel Aware": false, "Relation Name": "posthistory", "Schema": "public", "Alias": "ph", "Startup Cost": 0.0, "Total Cost": 2110.32, "Plan Rows": 166, "Plan Width": 4, "Actual Startup Time": 0.16, "Actual Total Time": 18.363, "Actual Rows": 166, "Actual Loops": 1, "Output": ["ph.id", "ph.posthistorytypeid", "ph.postid", "ph.creationdate", "ph.userid"], "Filter": "(ph.posthistorytypeid = 12)", "Rows Removed by Filter": 106100}, {"Node Type": "Index Only Scan", "Parent Relationship": "Inner", "Parallel Aware": false, "Scan Direction": "Forward", "Index Name": "idx_badges_userid", "Relation Name": "badges", "Schema": "public", "Alias": "b", "Startup Cost": 0.29, "Total Cost": 2.11, "Plan Rows": 2, "Plan Width": 4, "Actual Startup Time": 0.004, "Actual Total Time": 0.005, "Actual Rows": 10, "Actual Loops": 166, "Output": ["b.userid"], "Index Cond": "(b.userid = ph.userid)", "Rows Removed by Index Recheck": 0, "Heap Fetches": 0}]}]}]}]}]}]}, "Planning Time": 181.306, "Triggers": [], "Execution Time": 184.731}]
q136#####[{"Plan": {"Node Type": "Aggregate", "Strategy": "Plain", "Partial Mode": "Simple", "Parallel Aware": false, "Startup Cost": 232066.04, "Total Cost": 232066.05, "Plan Rows": 1, "Plan Width": 8, "Actual Startup Time": 37938.112, "Actual Total Time": 37938.118, "Actual Rows": 1, "Actual Loops": 1, "Output": ["count(*)"], "Plans": [{"Node Type": "Hash Join", "Parent Relationship": "Outer", "Parallel Aware": false, "Join Type": "Inner", "Startup Cost": 35139.81, "Total Cost": 51709.77, "Plan Rows": 72142509, "Plan Width": 0, "Actual Startup Time": 732.032, "Actual Total Time": 26128.442, "Actual Rows": 337679987, "Actual Loops": 1, "Inner Unique": false, "Hash Cond": "(ph.userid = b.userid)", "Plans": [{"Node Type": "Hash Join", "Parent Relationship": "Outer", "Parallel Aware": false, "Join Type": "Inner", "Startup Cost": 446.08, "Total Cost": 2825.75, "Plan Rows": 55256, "Plan Width": 8, "Actual Startup Time": 4.053, "Actual Total Time": 28.412, "Actual Rows": 15841, "Actual Loops": 1, "Output": ["ph.userid", "u.id"], "Inner Unique": true, "Hash Cond": "(ph.userid = u.id)", "Plans": [{"Node Type": "Seq Scan", "Parent Relationship": "Outer", "Parallel Aware": false, "Relation Name": "posthistory", "Schema": "public", "Alias": "ph", "Startup Cost": 0.0, "Total Cost": 2110.32, "Plan Rows": 102577, "Plan Width": 4, "Actual Startup Time": 0.017, "Actual Total Time": 12.652, "Actual Rows": 102338, "Actual Loops": 1, "Output": ["ph.id", "ph.posthistorytypeid", "ph.postid", "ph.creationdate", "ph.userid"], "Filter": "(ph.creationdate <= 1408323252)", "Rows Removed by Filter": 3928}, {"Node Type": "Hash", "Parent Relationship": "Inner", "Parallel Aware": false, "Startup Cost": 351.03, "Total Cost": 351.03, "Plan Rows": 7604, "Plan Width": 4, "Actual Startup Time": 3.994, "Actual Total Time": 3.995, "Actual Rows": 7606, "Actual Loops": 1, "Output": ["u.id"], "Hash Buckets": 8192, "Original Hash Buckets": 8192, "Hash Batches": 1, "Original Hash Batches": 1, "Peak Memory Usage": 332, "Plans": [{"Node Type": "Seq Scan", "Parent Relationship": "Outer", "Parallel Aware": false, "Relation Name": "users", "Schema": "public", "Alias": "u", "Startup Cost": 0.0, "Total Cost": 351.03, "Plan Rows": 7604, "Plan Width": 4, "Actual Startup Time": 0.011, "Actual Total Time": 2.788, "Actual Rows": 7606, "Actual Loops": 1, "Output": ["u.id"], "Filter": "((u.downvotes <= 60) AND (u.downvotes >= 0) AND (u.views = 0))", "Rows Removed by Filter": 6510}]}]}, {"Node Type": "Hash", "Parent Relationship": "Inner", "Parallel Aware": false, "Startup Cost": 34409.55, "Total Cost": 34409.55, "Plan Rows": 22735, "Plan Width": 12, "Actual Startup Time": 727.649, "Actual Total Time": 727.652, "Actual Rows": 1287344, "Actual Loops": 1, "Output": ["b.userid", "c.userid", "p.owneruserid"], "Hash Buckets": 131072, "Original Hash Buckets": 32768, "Hash Batches": 1024, "Original Hash Batches": 1, "Peak Memory Usage": 16131, "Plans": [{"Node Type": "Nested Loop", "Parent Relationship": "Outer", "Parallel Aware": false, "Join Type": "Inner", "Startup Cost": 0.58, "Total Cost": 34409.55, "Plan Rows": 22735, "Plan Width": 12, "Actual Startup Time": 0.065, "Actual Total Time": 537.064, "Actual Rows": 1287344, "Actual Loops": 1, "Output": ["b.userid", "c.userid", "p.owneruserid"], "Inner Unique": false, "Plans": [{"Node Type": "Nested Loop", "Parent Relationship": "Outer", "Parallel Aware": false, "Join Type": "Inner", "Startup Cost": 0.29, "Total Cost": 2761.78, "Plan Rows": 48881, "Plan Width": 8, "Actual Startup Time": 0.041, "Actual Total Time": 12.927, "Actual Rows": 13845, "Actual Loops": 1, "Output": ["b.userid", "p.owneruserid"], "Inner Unique": false, "Plans": [{"Node Type": "Seq Scan", "Parent Relationship": "Outer", "Parallel Aware": false, "Relation Name": "posts", "Schema": "public", "Alias": "p", "Startup Cost": 0.0, "Total Cost": 1021.8, "Plan Rows": 4216, "Plan Width": 4, "Actual Startup Time": 0.007, "Actual Total Time": 4.751, "Actual Rows": 4217, "Actual Loops": 1, "Output": ["p.id", "p.posttypeid", "p.creationdate", "p.score", "p.viewcount", "p.owneruserid", "p.answercount", "p.commentcount", "p.favoritecount", "p.lasteditoruserid"], "Filter": "((p.commentcount <= 12) AND (p.commentcount >= 0) AND (p.favoritecount <= 6) AND (p.favoritecount >= 0) AND (p.score >= '-2'::integer))", "Rows Removed by Filter": 27863}, {"Node Type": "Index Only Scan", "Parent Relationship": "Inner", "Parallel Aware": false, "Scan Direction": "Forward", "Index Name": "idx_badges_userid", "Relation Name": "badges", "Schema": "public", "Alias": "b", "Startup Cost": 0.29, "Total Cost": 0.39, "Plan Rows": 2, "Plan Width": 4, "Actual Startup Time": 0.001, "Actual Total Time": 0.002, "Actual Rows": 3, "Actual Loops": 4217, "Output": ["b.userid"], "Index Cond": "(b.userid = p.owneruserid)", "Rows Removed by Index Recheck": 0, "Heap Fetches": 0}]}, {"Node Type": "Index Scan", "Parent Relationship": "Inner", "Parallel Aware": false, "Scan Direction": "Forward", "Index Name": "idx_comments_userid", "Relation Name": "comments", "Schema": "public", "Alias": "c", "Startup Cost": 0.29, "Total Cost": 0.57, "Plan Rows": 8, "Plan Width": 4, "Actual Startup Time": 0.001, "Actual Total Time": 0.029, "Actual Rows": 93, "Actual Loops": 13845, "Output": ["c.id", "c.postid", "c.score", "c.creationdate", "c.userid"], "Index Cond": "(c.userid = b.userid)", "Rows Removed by Index Recheck": 0, "Filter": "(c.score = 0)", "Rows Removed by Filter": 28}]}]}]}]}, "Planning Time": 144.223, "Triggers": [], "Execution Time": 37938.237}]
q122#####[{"Plan": {"Node Type": "Aggregate", "Strategy": "Plain", "Partial Mode": "Simple", "Parallel Aware": false, "Startup Cost": 20661.39, "Total Cost": 20661.4, "Plan Rows": 1, "Plan Width": 8, "Actual Startup Time": 54.413, "Actual Total Time": 54.419, "Actual Rows": 1, "Actual Loops": 1, "Output": ["count(*)"], "Plans": [{"Node Type": "Merge Join", "Parent Relationship": "Outer", "Parallel Aware": false, "Join Type": "Inner", "Startup Cost": 12966.82, "Total Cost": 19670.2, "Plan Rows": 396477, "Plan Width": 0, "Actual Startup Time": 47.481, "Actual Total Time": 53.472, "Actual Rows": 27200, "Actual Loops": 1, "Inner Unique": false, "Merge Cond": "(b.userid = p.owneruserid)", "Plans": [{"Node Type": "Index Only Scan", "Parent Relationship": "Outer", "Parallel Aware": false, "Scan Direction": "Forward", "Index Name": "idx_badges_userid", "Relation Name": "badges", "Schema": "public", "Alias": "b", "Startup Cost": 0.29, "Total Cost": 716.2, "Plan Rows": 27994, "Plan Width": 4, "Actual Startup Time": 0.011, "Actual Total Time": 2.074, "Actual Rows": 27851, "Actual Loops": 1, "Output": ["b.userid"], "Heap Fetches": 0}, {"Node Type": "Sort", "Parent Relationship": "Inner", "Parallel Aware": false, "Startup Cost": 12950.48, "Total Cost": 13035.97, "Plan Rows": 34196, "Plan Width": 8, "Actual Startup Time": 47.445, "Actual Total Time": 48.326, "Actual Rows": 27498, "Actual Loops": 1, "Output": ["p.owneruserid", "u.id"], "Sort Key": ["p.owneruserid"], "Sort Method": "quicksort", "Sort Space Used": 278, "Sort Space Type": "Memory", "Plans": [{"Node Type": "Hash Join", "Parent Relationship": "Outer", "Parallel Aware": false, "Join Type": "Inner", "Startup Cost": 6891.99, "Total Cost": 10375.25, "Plan Rows": 34196, "Plan Width": 8, "Actual Startup Time": 28.521, "Actual Total Time": 46.893, "Actual Rows": 3876, "Actual Loops": 1, "Output": ["p.owneruserid", "u.id"], "Inner Unique": false, "Hash Cond": "(v.postid = c.postid)", "Plans": [{"Node Type": "Seq Scan", "Parent Relationship": "Outer", "Parallel Aware": false, "Relation Name": "votes", "Schema": "public", "Alias": "v", "Startup Cost": 0.0, "Total Cost": 2280.95, "Plan Rows": 114714, "Plan Width": 4, "Actual Startup Time": 0.017, "Actual Total Time": 12.218, "Actual Rows": 114720, "Actual Loops": 1, "Output": ["v.id", "v.postid", "v.votetypeid", "v.creationdate", "v.userid", "v.bountyamount"], "Filter": "(v.bountyamount <= 50)", "Rows Removed by Filter": 156}, {"Node Type": "Hash", "Parent Relationship": "Inner", "Parallel Aware": false, "Startup Cost": 6766.59, "Total Cost": 6766.59, "Plan Rows": 10032, "Plan Width": 20, "Actual Startup Time": 28.472, "Actual Total Time": 28.476, "Actual Rows": 1322, "Actual Loops": 1, "Output": ["c.postid", "ph.postid", "p.owneruserid", "p.id", "u.id"], "Hash Buckets": 16384, "Original Hash Buckets": 16384, "Hash Batches": 1, "Original Hash Batches": 1, "Peak Memory Usage": 196, "Plans": [{"Node Type": "Hash Join", "Parent Relationship": "Outer", "Parallel Aware": false, "Join Type": "Inner", "Startup Cost": 1390.7, "Total Cost": 6766.59, "Plan Rows": 10032, "Plan Width": 20, "Actual Startup Time": 13.657, "Actual Total Time": 28.211, "Actual Rows": 1322, "Actual Loops": 1, "Output": ["c.postid", "ph.postid", "p.owneruserid", "p.id", "u.id"], "Inner Unique": true, "Hash Cond": "(p.owneruserid = u.id)", "Plans": [{"Node Type": "Nested Loop", "Parent Relationship": "Outer", "Parallel Aware": false, "Join Type": "Inner", "Startup Cost": 969.09, "Total Cost": 3710.79, "Plan Rows": 1003200, "Plan Width": 16, "Actual Startup Time": 6.778, "Actual Total Time": 20.775, "Actual Rows": 4077, "Actual Loops": 1, "Output": ["c.postid", "ph.postid", "p.owneruserid", "p.id"], "Inner Unique": false, "Plans": [{"Node Type": "Hash Join", "Parent Relationship": "Outer", "Parallel Aware": false, "Join Type": "Inner", "Startup Cost": 968.8, "Total Cost": 2190.56, "Plan Rows": 4146, "Plan Width": 12, "Actual Startup Time": 6.747, "Actual Total Time": 16.587, "Actual Rows": 1785, "Actual Loops": 1, "Output": ["c.postid", "p.owneruserid", "p.id"], "Inner Unique": true, "Hash Cond": "(c.postid = p.id)", "Plans": [{"Node Type": "Seq Scan", "Parent Relationship": "Outer", "Parallel Aware": false, "Relation Name": "comments", "Schema": "public", "Alias": "c", "Startup Cost": 0.0, "Total Cost": 1061.28, "Plan Rows": 61128, "Plan Width": 4, "Actual Startup Time": 0.01, "Actual Total Time": 3.533, "Actual Rows": 61128, "Actual Loops": 1, "Output": ["c.id", "c.postid", "c.score", "c.creationdate", "c.userid"]}, {"Node Type": "Hash", "Parent Relationship": "Inner", "Parallel Aware": false, "Startup Cost": 941.6, "Total Cost": 941.6, "Plan Rows": 2176, "Plan Width": 8, "Actual Startup Time": 6.692, "Actual Total Time": 6.693, "Actual Rows": 2219, "Actual Loops": 1, "Output": ["p.owneruserid", "p.id"], "Hash Buckets": 4096, "Original Hash Buckets": 4096, "Hash Batches": 1, "Original Hash Batches": 1, "Peak Memory Usage": 119, "Plans": [{"Node Type": "Seq Scan", "Parent Relationship": "Outer", "Parallel Aware": false, "Relation Name": "posts", "Schema": "public", "Alias": "p", "Startup Cost": 0.0, "Total Cost": 941.6, "Plan Rows": 2176, "Plan Width": 8, "Actual Startup Time": 0.007, "Actual Total Time": 6.263, "Actual Rows": 2219, "Actual Loops": 1, "Output": ["p.owneruserid", "p.id"], "Filter": "((p.commentcount <= 12) AND (p.commentcount >= 0) AND (p.favoritecount >= 0) AND (p.posttypeid = 1))", "Rows Removed by Filter": 29861}]}]}, {"Node Type": "Index Only Scan", "Parent Relationship": "Inner", "Parallel Aware": false, "Scan Direction": "Forward", "Index Name": "idx_posthistory_postid", "Relation Name": "posthistory", "Schema": "public", "Alias": "ph", "Startup Cost": 0.29, "Total Cost": 0.35, "Plan Rows": 2, "Plan Width": 4, "Actual Startup Time": 0.002, "Actual Total Time": 0.002, "Actual Rows": 2, "Actual Loops": 1785, "Output": ["ph.postid"], "Index Cond": "(ph.postid = c.postid)", "Rows Removed by Index Recheck": 0, "Heap Fetches": 0}]}, {"Node Type": "Hash", "Parent Relationship": "Inner", "Parallel Aware": false, "Startup Cost": 245.16, "Total Cost": 245.16, "Plan Rows": 14116, "Plan Width": 4, "Actual Startup Time": 6.789, "Actual Total Time": 6.79, "Actual Rows": 14116, "Actual Loops": 1, "Output": ["u.id"], "Hash Buckets": 16384, "Original Hash Buckets": 16384, "Hash Batches": 1, "Original Hash Batches": 1, "Peak Memory Usage": 625, "Plans": [{"Node Type": "Seq Scan", "Parent Relationship": "Outer", "Parallel Aware": false, "Relation Name": "users", "Schema": "public", "Alias": "u", "Startup Cost": 0.0, "Total Cost": 245.16, "Plan Rows": 14116, "Plan Width": 4, "Actual Startup Time": 0.009, "Actual Total Time": 2.991, "Actual Rows": 14116, "Actual Loops": 1, "Output": ["u.id"]}]}]}]}]}]}]}]}, "Planning Time": 150.195, "Triggers": [], "Execution Time": 54.589}]
q37#####[{"Plan": {"Node Type": "Aggregate", "Strategy": "Plain", "Partial Mode": "Simple", "Parallel Aware": false, "Startup Cost": 23244.63, "Total Cost": 23244.64, "Plan Rows": 1, "Plan Width": 8, "Actual Startup Time": 71.163, "Actual Total Time": 71.169, "Actual Rows": 1, "Actual Loops": 1, "Output": ["count(*)"], "Plans": [{"Node Type": "Hash Join", "Parent Relationship": "Outer", "Parallel Aware": false, "Join Type": "Inner", "Startup Cost": 15796.29, "Total Cost": 22842.97, "Plan Rows": 160664, "Plan Width": 0, "Actual Startup Time": 37.046, "Actual Total Time": 70.66, "Actual Rows": 4929, "Actual Loops": 1, "Inner Unique": false, "Hash Cond": "(v.postid = c.postid)", "Plans": [{"Node Type": "Seq Scan", "Parent Relationship": "Outer", "Parallel Aware": false, "Relation Name": "votes", "Schema": "public", "Alias": "v", "Startup Cost": 0.0, "Total Cost": 1993.76, "Plan Rows": 114876, "Plan Width": 4, "Actual Startup Time": 0.019, "Actual Total Time": 12.699, "Actual Rows": 114876, "Actual Loops": 1, "Output": ["v.id", "v.postid", "v.votetypeid", "v.creationdate", "v.userid", "v.bountyamount"]}, {"Node Type": "Hash", "Parent Relationship": "Inner", "Parallel Aware": false, "Startup Cost": 15207.95, "Total Cost": 15207.95, "Plan Rows": 47067, "Plan Width": 8, "Actual Startup Time": 36.866, "Actual Total Time": 36.871, "Actual Rows": 3437, "Actual Loops": 1, "Output": ["c.postid", "p.id"], "Hash Buckets": 65536, "Original Hash Buckets": 65536, "Hash Batches": 1, "Original Hash Batches": 1, "Peak Memory Usage": 647, "Plans": [{"Node Type": "Hash Join", "Parent Relationship": "Outer", "Parallel Aware": false, "Join Type": "Inner", "Startup Cost": 1512.48, "Total Cost": 15207.95, "Plan Rows": 47067, "Plan Width": 8, "Actual Startup Time": 16.254, "Actual Total Time": 35.948, "Actual Rows": 3437, "Actual Loops": 1, "Output": ["c.postid", "p.id"], "Inner Unique": true, "Hash Cond": "(c.postid = p.id)", "Plans": [{"Node Type": "Hash Join", "Parent Relationship": "Outer", "Parallel Aware": false, "Join Type": "Inner", "Startup Cost": 490.68, "Total Cost": 1829.43, "Plan Rows": 4706700, "Plan Width": 4, "Actual Startup Time": 5.323, "Actual Total Time": 22.896, "Actual Rows": 8512, "Actual Loops": 1, "Output": ["c.postid"], "Inner Unique": true, "Hash Cond": "(c.userid = u.id)", "Plans": [{"Node Type": "Seq Scan", "Parent Relationship": "Outer", "Parallel Aware": false, "Relation Name": "comments", "Schema": "public", "Alias": "c", "Startup Cost": 0.0, "Total Cost": 1214.1, "Plan Rows": 47474, "Plan Width": 8, "Actual Startup Time": 0.009, "Actual Total Time": 9.456, "Actual Rows": 47508, "Actual Loops": 1, "Output": ["c.id", "c.postid", "c.score", "c.creationdate", "c.userid"], "Filter": "(c.score = 0)", "Rows Removed by Filter": 13620}, {"Node Type": "Hash", "Parent Relationship": "Inner", "Parallel Aware": false, "Startup Cost": 315.74, "Total Cost": 315.74, "Plan Rows": 13995, "Plan Width": 4, "Actual Startup Time": 5.237, "Actual Total Time": 5.239, "Actual Rows": 13996, "Actual Loops": 1, "Output": ["u.id"], "Hash Buckets": 16384, "Original Hash Buckets": 16384, "Hash Batches": 1, "Original Hash Batches": 1, "Peak Memory Usage": 621, "Plans": [{"Node Type": "Seq Scan", "Parent Relationship": "Outer", "Parallel Aware": false, "Relation Name": "users", "Schema": "public", "Alias": "u", "Startup Cost": 0.0, "Total Cost": 315.74, "Plan Rows": 13995, "Plan Width": 4, "Actual Startup Time": 0.01, "Actual Total Time": 2.78, "Actual Rows": 13996, "Actual Loops": 1, "Output": ["u.id"], "Filter": "((u.views <= 74) AND (u.views >= 0))", "Rows Removed by Filter": 120}]}]}, {"Node Type": "Hash", "Parent Relationship": "Inner", "Parallel Aware": false, "Startup Cost": 620.8, "Total Cost": 620.8, "Plan Rows": 32080, "Plan Width": 4, "Actual Startup Time": 10.774, "Actual Total Time": 10.775, "Actual Rows": 32080, "Actual Loops": 1, "Output": ["p.id"], "Hash Buckets": 32768, "Original Hash Buckets": 32768, "Hash Batches": 1, "Original Hash Batches": 1, "Peak Memory Usage": 1384, "Plans": [{"Node Type": "Seq Scan", "Parent Relationship": "Outer", "Parallel Aware": false, "Relation Name": "posts", "Schema": "public", "Alias": "p", "Startup Cost": 0.0, "Total Cost": 620.8, "Plan Rows": 32080, "Plan Width": 4, "Actual Startup Time": 0.007, "Actual Total Time": 5.047, "Actual Rows": 32080, "Actual Loops": 1, "Output": ["p.id"]}]}]}]}]}]}, "Planning Time": 94.317, "Triggers": [], "Execution Time": 71.266}]
q23#####[{"Plan": {"Node Type": "Aggregate", "Strategy": "Plain", "Partial Mode": "Simple", "Parallel Aware": false, "Startup Cost": 79276.62, "Total Cost": 79276.63, "Plan Rows": 1, "Plan Width": 8, "Actual Startup Time": 26062.264, "Actual Total Time": 26062.27, "Actual Rows": 1, "Actual Loops": 1, "Output": ["count(*)"], "Plans": [{"Node Type": "Hash Join", "Parent Relationship": "Outer", "Parallel Aware": false, "Join Type": "Inner", "Startup Cost": 13234.45, "Total Cost": 14498.21, "Plan Rows": 25911363, "Plan Width": 0, "Actual Startup Time": 232.612, "Actual Total Time": 17965.522, "Actual Rows": 232921546, "Actual Loops": 1, "Inner Unique": false, "Hash Cond": "(c.userid = b.userid)", "Plans": [{"Node Type": "Hash Join", "Parent Relationship": "Outer", "Parallel Aware": false, "Join Type": "Inner", "Startup Cost": 618.75, "Total Cost": 1840.54, "Plan Rows": 560, "Plan Width": 8, "Actual Startup Time": 5.739, "Actual Total Time": 16.731, "Actual Rows": 11644, "Actual Loops": 1, "Output": ["c.userid", "u.id"], "Inner Unique": true, "Hash Cond": "(c.userid = u.id)", "Plans": [{"Node Type": "Seq Scan", "Parent Relationship": "Outer", "Parallel Aware": false, "Relation Name": "comments", "Schema": "public", "Alias": "c", "Startup Cost": 0.0, "Total Cost": 1061.28, "Plan Rows": 61128, "Plan Width": 4, "Actual Startup Time": 0.023, "Actual Total Time": 3.243, "Actual Rows": 61128, "Actual Loops": 1, "Output": ["c.id", "c.postid", "c.score", "c.creationdate", "c.userid"]}, {"Node Type": "Hash", "Parent Relationship": "Inner", "Parallel Aware": false, "Startup Cost": 456.9, "Total Cost": 456.9, "Plan Rows": 12948, "Plan Width": 4, "Actual Startup Time": 5.674, "Actual Total Time": 5.675, "Actual Rows": 12993, "Actual Loops": 1, "Output": ["u.id"], "Hash Buckets": 16384, "Original Hash Buckets": 16384, "Hash Batches": 1, "Original Hash Batches": 1, "Peak Memory Usage": 585, "Plans": [{"Node Type": "Seq Scan", "Parent Relationship": "Outer", "Parallel Aware": false, "Relation Name": "users", "Schema": "public", "Alias": "u", "Startup Cost": 0.0, "Total Cost": 456.9, "Plan Rows": 12948, "Plan Width": 4, "Actual Startup Time": 0.011, "Actual Total Time": 3.474, "Actual Rows": 12993, "Actual Loops": 1, "Output": ["u.id"], "Filter": "((u.creationdate <= 1406803716) AND (u.creationdate >= 1280221830) AND (u.downvotes >= 0) AND (u.upvotes <= 62) AND (u.upvotes >= 0) AND (u.views >= 0))", "Rows Removed by Filter": 1123}]}]}, {"Node Type": "Hash", "Parent Relationship": "Inner", "Parallel Aware": false, "Startup Cost": 12556.75, "Total Cost": 12556.75, "Plan Rows": 4716, "Plan Width": 8, "Actual Startup Time": 226.735, "Actual Total Time": 226.737, "Actual Rows": 838198, "Actual Loops": 1, "Output": ["b.userid", "ph.userid"], "Hash Buckets": 131072, "Original Hash Buckets": 8192, "Hash Batches": 1024, "Original Hash Batches": 1, "Peak Memory Usage": 8046, "Plans": [{"Node Type": "Hash Join", "Parent Relationship": "Outer", "Parallel Aware": false, "Join Type": "Inner", "Startup Cost": 846.59, "Total Cost": 12556.75, "Plan Rows": 4716, "Plan Width": 8, "Actual Startup Time": 9.811, "Actual Total Time": 116.733, "Actual Rows": 838198, "Actual Loops": 1, "Output": ["b.userid", "ph.userid"], "Inner Unique": false, "Hash Cond": "(ph.userid = b.userid)", "Plans": [{"Node Type": "Seq Scan", "Parent Relationship": "Outer", "Parallel Aware": false, "Relation Name": "posthistory", "Schema": "public", "Alias": "ph", "Startup Cost": 0.0, "Total Cost": 2375.99, "Plan Rows": 29789, "Plan Width": 4, "Actual Startup Time": 0.012, "Actual Total Time": 13.71, "Actual Rows": 30764, "Actual Loops": 1, "Output": ["ph.id", "ph.posthistorytypeid", "ph.postid", "ph.creationdate", "ph.userid"], "Filter": "((ph.creationdate <= 1406872582) AND (ph.posthistorytypeid = 2))", "Rows Removed by Filter": 75502}, {"Node Type": "Hash", "Parent Relationship": "Inner", "Parallel Aware": false, "Startup Cost": 501.93, "Total Cost": 501.93, "Plan Rows": 27573, "Plan Width": 4, "Actual Startup Time": 9.65, "Actual Total Time": 9.65, "Actual Rows": 27562, "Actual Loops": 1, "Output": ["b.userid"], "Hash Buckets": 32768, "Original Hash Buckets": 32768, "Hash Batches": 1, "Original Hash Batches": 1, "Peak Memory Usage": 1225, "Plans": [{"Node Type": "Seq Scan", "Parent Relationship": "Outer", "Parallel Aware": false, "Relation Name": "badges", "Schema": "public", "Alias": "b", "Startup Cost": 0.0, "Total Cost": 501.93, "Plan Rows": 27573, "Plan Width": 4, "Actual Startup Time": 0.012, "Actual Total Time": 4.708, "Actual Rows": 27562, "Actual Loops": 1, "Output": ["b.userid"], "Filter": "(b.date <= 1409671996)", "Rows Removed by Filter": 432}]}]}]}]}]}, "Planning Time": 109.023, "Triggers": [], "Execution Time": 26062.649}]
q27#####[{"Plan": {"Node Type": "Aggregate", "Strategy": "Plain", "Partial Mode": "Simple", "Parallel Aware": false, "Startup Cost": 14105.2, "Total Cost": 14105.21, "Plan Rows": 1, "Plan Width": 8, "Actual Startup Time": 350.761, "Actual Total Time": 350.765, "Actual Rows": 1, "Actual Loops": 1, "Output": ["count(*)"], "Plans": [{"Node Type": "Merge Join", "Parent Relationship": "Outer", "Parallel Aware": false, "Join Type": "Inner", "Startup Cost": 7386.45, "Total Cost": 8020.81, "Plan Rows": 2433759, "Plan Width": 0, "Actual Startup Time": 42.519, "Actual Total Time": 275.862, "Actual Rows": 2201555, "Actual Loops": 1, "Inner Unique": false, "Merge Cond": "(v.userid = b.userid)", "Plans": [{"Node Type": "Index Only Scan", "Parent Relationship": "Outer", "Parallel Aware": false, "Scan Direction": "Forward", "Index Name": "idx_votes_userid", "Relation Name": "votes", "Schema": "public", "Alias": "v", "Startup Cost": 0.29, "Total Cost": 2163.43, "Plan Rows": 114876, "Plan Width": 4, "Actual Startup Time": 0.009, "Actual Total Time": 6.445, "Actual Rows": 114843, "Actual Loops": 1, "Output": ["v.userid"], "Heap Fetches": 0}, {"Node Type": "Sort", "Parent Relationship": "Inner", "Parallel Aware": false, "Startup Cost": 5205.23, "Total Cost": 5211.23, "Plan Rows": 2399, "Plan Width": 12, "Actual Startup Time": 33.235, "Actual Total Time": 99.943, "Actual Rows": 2212204, "Actual Loops": 1, "Output": ["b.userid", "c.userid", "u.id"], "Sort Key": ["b.userid"], "Sort Method": "quicksort", "Sort Space Used": 3219, "Sort Space Type": "Memory", "Plans": [{"Node Type": "Nested Loop", "Parent Relationship": "Outer", "Parallel Aware": false, "Join Type": "Inner", "Startup Cost": 457.11, "Total Cost": 5070.55, "Plan Rows": 2399, "Plan Width": 12, "Actual Startup Time": 9.894, "Actual Total Time": 27.323, "Actual Rows": 39527, "Actual Loops": 1, "Output": ["b.userid", "c.userid", "u.id"], "Inner Unique": false, "Join Filter": "(c.userid = b.userid)", "Rows Removed by Join Filter": 0, "Plans": [{"Node Type": "Hash Join", "Parent Relationship": "Outer", "Parallel Aware": false, "Join Type": "Inner", "Startup Cost": 456.83, "Total Cost": 1846.73, "Plan Rows": 8749, "Plan Width": 8, "Actual Startup Time": 9.842, "Actual Total Time": 17.312, "Actual Rows": 2742, "Actual Loops": 1, "Output": ["c.userid", "u.id"], "Inner Unique": true, "Hash Cond": "(c.userid = u.id)", "Plans": [{"Node Type": "Seq Scan", "Parent Relationship": "Outer", "Parallel Aware": false, "Relation Name": "comments", "Schema": "public", "Alias": "c", "Startup Cost": 0.0, "Total Cost": 1366.92, "Plan Rows": 8753, "Plan Width": 4, "Actual Startup Time": 0.023, "Actual Total Time": 6.203, "Actual Rows": 8762, "Actual Loops": 1, "Output": ["c.id", "c.postid", "c.score", "c.creationdate", "c.userid"], "Filter": "((c.creationdate >= 1279639048) AND (c.score = 1))", "Rows Removed by Filter": 52366}, {"Node Type": "Hash", "Parent Relationship": "Inner", "Parallel Aware": false, "Startup Cost": 280.45, "Total Cost": 280.45, "Plan Rows": 14110, "Plan Width": 4, "Actual Startup Time": 9.8, "Actual Total Time": 9.801, "Actual Rows": 14093, "Actual Loops": 1, "Output": ["u.id"], "Hash Buckets": 16384, "Original Hash Buckets": 16384, "Hash Batches": 1, "Original Hash Batches": 1, "Peak Memory Usage": 624, "Plans": [{"Node Type": "Seq Scan", "Parent Relationship": "Outer", "Parallel Aware": false, "Relation Name": "users", "Schema": "public", "Alias": "u", "Startup Cost": 0.0, "Total Cost": 280.45, "Plan Rows": 14110, "Plan Width": 4, "Actual Startup Time": 0.01, "Actual Total Time": 5.117, "Actual Rows": 14093, "Actual Loops": 1, "Output": ["u.id"], "Filter": "(u.creationdate >= 1279560449)", "Rows Removed by Filter": 23}]}]}, {"Node Type": "Index Only Scan", "Parent Relationship": "Inner", "Parallel Aware": false, "Scan Direction": "Forward", "Index Name": "idx_badges_userid", "Relation Name": "badges", "Schema": "public", "Alias": "b", "Startup Cost": 0.29, "Total Cost": 0.34, "Plan Rows": 2, "Plan Width": 4, "Actual Startup Time": 0.001, "Actual Total Time": 0.002, "Actual Rows": 14, "Actual Loops": 2742, "Output": ["b.userid"], "Index Cond": "(b.userid = u.id)", "Rows Removed by Index Recheck": 0, "Heap Fetches": 0}]}]}]}]}, "Planning Time": 97.906, "Triggers": [], "Execution Time": 351.008}]
q33#####[{"Plan": {"Node Type": "Aggregate", "Strategy": "Plain", "Partial Mode": "Simple", "Parallel Aware": false, "Startup Cost": 5216.72, "Total Cost": 5216.73, "Plan Rows": 1, "Plan Width": 8, "Actual Startup Time": 31.903, "Actual Total Time": 31.906, "Actual Rows": 1, "Actual Loops": 1, "Output": ["count(*)"], "Plans": [{"Node Type": "Hash Join", "Parent Relationship": "Outer", "Parallel Aware": false, "Join Type": "Inner", "Startup Cost": 3369.22, "Total Cost": 5157.54, "Plan Rows": 23673, "Plan Width": 0, "Actual Startup Time": 22.861, "Actual Total Time": 31.807, "Actual Rows": 2749, "Actual Loops": 1, "Inner Unique": false, "Hash Cond": "(c.postid = p.id)", "Plans": [{"Node Type": "Seq Scan", "Parent Relationship": "Outer", "Parallel Aware": false, "Relation Name": "comments", "Schema": "public", "Alias": "c", "Startup Cost": 0.0, "Total Cost": 1214.1, "Plan Rows": 60562, "Plan Width": 4, "Actual Startup Time": 0.023, "Actual Total Time": 5.652, "Actual Rows": 60922, "Actual Loops": 1, "Output": ["c.id", "c.postid", "c.score", "c.creationdate", "c.userid"], "Filter": "(c.creationdate >= 1280764330)", "Rows Removed by Filter": 206}, {"Node Type": "Hash", "Parent Relationship": "Inner", "Parallel Aware": false, "Startup Cost": 3239.63, "Total Cost": 3239.63, "Plan Rows": 10367, "Plan Width": 12, "Actual Startup Time": 22.79, "Actual Total Time": 22.793, "Actual Rows": 1923, "Actual Loops": 1, "Output": ["pl.postid", "p.id", "v.postid"], "Hash Buckets": 16384, "Original Hash Buckets": 16384, "Hash Batches": 1, "Original Hash Batches": 1, "Peak Memory Usage": 211, "Plans": [{"Node Type": "Nested Loop", "Parent Relationship": "Outer", "Parallel Aware": false, "Join Type": "Inner", "Startup Cost": 1102.15, "Total Cost": 3239.63, "Plan Rows": 10367, "Plan Width": 12, "Actual Startup Time": 16.035, "Actual Total Time": 22.461, "Actual Rows": 1923, "Actual Loops": 1, "Output": ["pl.postid", "p.id", "v.postid"], "Inner Unique": false, "Plans": [{"Node Type": "Hash Join", "Parent Relationship": "Outer", "Parallel Aware": false, "Join Type": "Inner", "Startup Cost": 1101.86, "Total Cost": 1179.8, "Plan Rows": 3875, "Plan Width": 8, "Actual Startup Time": 16.003, "Actual Total Time": 17.289, "Actual Rows": 1521, "Actual Loops": 1, "Output": ["pl.postid", "p.id"], "Inner Unique": true, "Hash Cond": "(pl.postid = p.id)", "Plans": [{"Node Type": "Seq Scan", "Parent Relationship": "Outer", "Parallel Aware": false, "Relation Name": "postlinks", "Schema": "public", "Alias": "pl", "Startup Cost": 0.0, "Total Cost": 67.76, "Plan Rows": 3876, "Plan Width": 4, "Actual Startup Time": 0.01, "Actual Total Time": 0.303, "Actual Rows": 3876, "Actual Loops": 1, "Output": ["pl.id", "pl.creationdate", "pl.postid", "pl.relatedpostid", "pl.linktypeid"]}, {"Node Type": "Hash", "Parent Relationship": "Inner", "Parallel Aware": false, "Startup Cost": 701.0, "Total Cost": 701.0, "Plan Rows": 32069, "Plan Width": 4, "Actual Startup Time": 15.941, "Actual Total Time": 15.942, "Actual Rows": 32068, "Actual Loops": 1, "Output": ["p.id"], "Hash Buckets": 32768, "Original Hash Buckets": 32768, "Hash Batches": 1, "Original Hash Batches": 1, "Peak Memory Usage": 1384, "Plans": [{"Node Type": "Seq Scan", "Parent Relationship": "Outer", "Parallel Aware": false, "Relation Name": "posts", "Schema": "public", "Alias": "p", "Startup Cost": 0.0, "Total Cost": 701.0, "Plan Rows": 32069, "Plan Width": 4, "Actual Startup Time": 0.005, "Actual Total Time": 8.234, "Actual Rows": 32068, "Actual Loops": 1, "Output": ["p.id"], "Filter": "(p.score >= '-3'::integer)", "Rows Removed by Filter": 12}]}]}, {"Node Type": "Index Scan", "Parent Relationship": "Inner", "Parallel Aware": false, "Scan Direction": "Forward", "Index Name": "idx_votes_postid", "Relation Name": "votes", "Schema": "public", "Alias": "v", "Startup Cost": 0.29, "Total Cost": 0.5, "Plan Rows": 3, "Plan Width": 4, "Actual Startup Time": 0.002, "Actual Total Time": 0.003, "Actual Rows": 1, "Actual Loops": 1521, "Output": ["v.id", "v.postid", "v.votetypeid", "v.creationdate", "v.userid", "v.bountyamount"], "Index Cond": "(v.postid = p.id)", "Rows Removed by Index Recheck": 0, "Filter": "((v.creationdate <= 1410451200) AND (v.votetypeid = 2))", "Rows Removed by Filter": 1}]}]}]}]}, "Planning Time": 95.884, "Triggers": [], "Execution Time": 32.007}]
q126#####[{"Plan": {"Node Type": "Aggregate", "Strategy": "Plain", "Partial Mode": "Simple", "Parallel Aware": false, "Startup Cost": 29079.2, "Total Cost": 29079.21, "Plan Rows": 1, "Plan Width": 8, "Actual Startup Time": 112.612, "Actual Total Time": 112.618, "Actual Rows": 1, "Actual Loops": 1, "Output": ["count(*)"], "Plans": [{"Node Type": "Hash Join", "Parent Relationship": "Outer", "Parallel Aware": false, "Join Type": "Inner", "Startup Cost": 5382.22, "Total Cost": 22019.72, "Plan Rows": 2823790, "Plan Width": 0, "Actual Startup Time": 44.003, "Actual Total Time": 109.525, "Actual Rows": 66603, "Actual Loops": 1, "Inner Unique": false, "Hash Cond": "(p.owneruserid = b.userid)", "Plans": [{"Node Type": "Hash Join", "Parent Relationship": "Outer", "Parallel Aware": false, "Join Type": "Inner", "Startup Cost": 3934.77, "Total Cost": 13962.85, "Plan Rows": 24622, "Plan Width": 4, "Actual Startup Time": 27.738, "Actual Total Time": 83.815, "Actual Rows": 42478, "Actual Loops": 1, "Output": ["p.owneruserid"], "Inner Unique": false, "Hash Cond": "(c.postid = p.id)", "Plans": [{"Node Type": "Merge Join", "Parent Relationship": "Outer", "Parallel Aware": false, "Join Type": "Inner", "Startup Cost": 0.61, "Total Cost": 6662.61, "Plan Rows": 147897, "Plan Width": 8, "Actual Startup Time": 0.053, "Actual Total Time": 45.731, "Actual Rows": 93092, "Actual Loops": 1, "Output": ["c.postid", "ph.postid"], "Inner Unique": false, "Merge Cond": "(c.postid = ph.postid)", "Plans": [{"Node Type": "Index Only Scan", "Parent Relationship": "Outer", "Parallel Aware": false, "Scan Direction": "Forward", "Index Name": "idx_comments_postid", "Relation Name": "comments", "Schema": "public", "Alias": "c", "Startup Cost": 0.29, "Total Cost": 1525.21, "Plan Rows": 61128, "Plan Width": 4, "Actual Startup Time": 0.026, "Actual Total Time": 4.713, "Actual Rows": 61128, "Actual Loops": 1, "Output": ["c.postid"], "Heap Fetches": 0}, {"Node Type": "Materialize", "Parent Relationship": "Inner", "Parallel Aware": false, "Startup Cost": 0.29, "Total Cost": 3031.95, "Plan Rows": 106266, "Plan Width": 4, "Actual Startup Time": 0.022, "Actual Total Time": 22.87, "Actual Rows": 156183, "Actual Loops": 1, "Output": ["ph.postid"], "Plans": [{"Node Type": "Index Only Scan", "Parent Relationship": "Outer", "Parallel Aware": false, "Scan Direction": "Forward", "Index Name": "idx_posthistory_postid", "Relation Name": "posthistory", "Schema": "public", "Alias": "ph", "Startup Cost": 0.29, "Total Cost": 2766.28, "Plan Rows": 106266, "Plan Width": 4, "Actual Startup Time": 0.019, "Actual Total Time": 8.306, "Actual Rows": 106265, "Actual Loops": 1, "Output": ["ph.postid"], "Heap Fetches": 0}]}]}, {"Node Type": "Hash", "Parent Relationship": "Inner", "Parallel Aware": false, "Startup Cost": 3272.12, "Total Cost": 3272.12, "Plan Rows": 52963, "Plan Width": 12, "Actual Startup Time": 27.364, "Actual Total Time": 27.366, "Actual Rows": 16082, "Actual Loops": 1, "Output": ["p.owneruserid", "p.id", "v.postid"], "Hash Buckets": 65536, "Original Hash Buckets": 65536, "Hash Batches": 1, "Original Hash Batches": 1, "Peak Memory Usage": 1204, "Plans": [{"Node Type": "Hash Join", "Parent Relationship": "Outer", "Parallel Aware": false, "Join Type": "Inner", "Startup Cost": 976.78, "Total Cost": 3272.12, "Plan Rows": 52963, "Plan Width": 12, "Actual Startup Time": 5.593, "Actual Total Time": 24.671, "Actual Rows": 16082, "Actual Loops": 1, "Output": ["p.owneruserid", "p.id", "v.postid"], "Inner Unique": true, "Hash Cond": "(v.postid = p.id)", "Plans": [{"Node Type": "Seq Scan", "Parent Relationship": "Outer", "Parallel Aware": false, "Relation Name": "votes", "Schema": "public", "Alias": "v", "Startup Cost": 0.0, "Total Cost": 1993.76, "Plan Rows": 114876, "Plan Width": 4, "Actual Startup Time": 0.011, "Actual Total Time": 6.118, "Actual Rows": 114876, "Actual Loops": 1, "Output": ["v.id", "v.postid", "v.votetypeid", "v.creationdate", "v.userid", "v.bountyamount"]}, {"Node Type": "Hash", "Parent Relationship": "Inner", "Parallel Aware": false, "Startup Cost": 781.2, "Total Cost": 781.2, "Plan Rows": 15646, "Plan Width": 8, "Actual Startup Time": 5.514, "Actual Total Time": 5.514, "Actual Rows": 15624, "Actual Loops": 1, "Output": ["p.owneruserid", "p.id"], "Hash Buckets": 16384, "Original Hash Buckets": 16384, "Hash Batches": 1, "Original Hash Batches": 1, "Peak Memory Usage": 739, "Plans": [{"Node Type": "Seq Scan", "Parent Relationship": "Outer", "Parallel Aware": false, "Relation Name": "posts", "Schema": "public", "Alias": "p", "Startup Cost": 0.0, "Total Cost": 781.2, "Plan Rows": 15646, "Plan Width": 8, "Actual Startup Time": 0.005, "Actual Total Time": 3.794, "Actual Rows": 15624, "Actual Loops": 1, "Output": ["p.owneruserid", "p.id"], "Filter": "((p.answercount >= 0) AND (p.commentcount >= 0))", "Rows Removed by Filter": 16456}]}]}]}]}, {"Node Type": "Hash", "Parent Relationship": "Inner", "Parallel Aware": false, "Startup Cost": 1101.31, "Total Cost": 1101.31, "Plan Rows": 27691, "Plan Width": 8, "Actual Startup Time": 16.022, "Actual Total Time": 16.024, "Actual Rows": 8254, "Actual Loops": 1, "Output": ["b.userid", "u.id"], "Hash Buckets": 32768, "Original Hash Buckets": 32768, "Hash Batches": 1, "Original Hash Batches": 1, "Peak Memory Usage": 579, "Plans": [{"Node Type": "Hash Join", "Parent Relationship": "Outer", "Parallel Aware": false, "Join Type": "Inner", "Startup Cost": 526.11, "Total Cost": 1101.31, "Plan Rows": 27691, "Plan Width": 8, "Actual Startup Time": 8.779, "Actual Total Time": 14.791, "Actual Rows": 8254, "Actual Loops": 1, "Output": ["b.userid", "u.id"], "Inner Unique": true, "Hash Cond": "(b.userid = u.id)", "Plans": [{"Node Type": "Seq Scan", "Parent Relationship": "Outer", "Parallel Aware": false, "Relation Name": "badges", "Schema": "public", "Alias": "b", "Startup Cost": 0.0, "Total Cost": 501.93, "Plan Rows": 27908, "Plan Width": 4, "Actual Startup Time": 0.019, "Actual Total Time": 2.886, "Actual Rows": 27918, "Actual Loops": 1, "Output": ["b.id", "b.userid", "b.date"], "Filter": "(b.date <= 1410443162)", "Rows Removed by Filter": 76}, {"Node Type": "Hash", "Parent Relationship": "Inner", "Parallel Aware": false, "Startup Cost": 351.03, "Total Cost": 351.03, "Plan Rows": 14006, "Plan Width": 4, "Actual Startup Time": 8.687, "Actual Total Time": 8.687, "Actual Rows": 14005, "Actual Loops": 1, "Output": ["u.id"], "Hash Buckets": 16384, "Original Hash Buckets": 16384, "Hash Batches": 1, "Original Hash Batches": 1, "Peak Memory Usage": 621, "Plans": [{"Node Type": "Seq Scan", "Parent Relationship": "Outer", "Parallel Aware": false, "Relation Name": "users", "Schema": "public", "Alias": "u", "Startup Cost": 0.0, "Total Cost": 351.03, "Plan Rows": 14006, "Plan Width": 4, "Actual Startup Time": 0.01, "Actual Total Time": 5.272, "Actual Rows": 14005, "Actual Loops": 1, "Output": ["u.id"], "Filter": "((u.downvotes >= 0) AND (u.reputation <= 642) AND (u.reputation >= 1))", "Rows Removed by Filter": 111}]}]}]}]}]}, "Planning Time": 172.804, "Triggers": [], "Execution Time": 112.771}]
q132#####[{"Plan": {"Node Type": "Aggregate", "Strategy": "Plain", "Partial Mode": "Simple", "Parallel Aware": false, "Startup Cost": 6509.47, "Total Cost": 6509.48, "Plan Rows": 1, "Plan Width": 8, "Actual Startup Time": 58.453, "Actual Total Time": 58.457, "Actual Rows": 1, "Actual Loops": 1, "Output": ["count(*)"], "Plans": [{"Node Type": "Nested Loop", "Parent Relationship": "Outer", "Parallel Aware": false, "Join Type": "Inner", "Startup Cost": 3075.75, "Total Cost": 6300.22, "Plan Rows": 83701, "Plan Width": 0, "Actual Startup Time": 18.567, "Actual Total Time": 54.409, "Actual Rows": 109961, "Actual Loops": 1, "Inner Unique": false, "Join Filter": "(p.owneruserid = b.userid)", "Rows Removed by Join Filter": 0, "Plans": [{"Node Type": "Nested Loop", "Parent Relationship": "Outer", "Parallel Aware": false, "Join Type": "Inner", "Startup Cost": 3075.46, "Total Cost": 5279.16, "Plan Rows": 2377, "Plan Width": 8, "Actual Startup Time": 18.548, "Actual Total Time": 34.994, "Actual Rows": 5706, "Actual Loops": 1, "Output": ["p.owneruserid", "u.id"], "Inner Unique": false, "Join Filter": "(c.postid = v.postid)", "Rows Removed by Join Filter": 0, "Plans": [{"Node Type": "Nested Loop", "Parent Relationship": "Outer", "Parallel Aware": false, "Join Type": "Inner", "Startup Cost": 3075.03, "Total Cost": 5004.31, "Plan Rows": 304, "Plan Width": 20, "Actual Startup Time": 18.532, "Actual Total Time": 32.712, "Actual Rows": 626, "Actual Loops": 1, "Output": ["c.postid", "pl.relatedpostid", "p.owneruserid", "p.id", "u.id"], "Inner Unique": true, "Plans": [{"Node Type": "Nested Loop", "Parent Relationship": "Outer", "Parallel Aware": false, "Join Type": "Inner", "Startup Cost": 3074.74, "Total Cost": 4867.05, "Plan Rows": 304, "Plan Width": 16, "Actual Startup Time": 18.516, "Actual Total Time": 31.282, "Actual Rows": 640, "Actual Loops": 1, "Output": ["c.postid", "pl.relatedpostid", "p.owneruserid", "p.id"], "Inner Unique": false, "Plans": [{"Node Type": "Hash Join", "Parent Relationship": "Outer", "Parallel Aware": false, "Join Type": "Inner", "Startup Cost": 3074.32, "Total Cost": 3296.49, "Plan Rows": 1399, "Plan Width": 12, "Actual Startup Time": 18.48, "Actual Total Time": 21.432, "Actual Rows": 3847, "Actual Loops": 1, "Output": ["pl.relatedpostid", "p.owneruserid", "p.id"], "Inner Unique": true, "Hash Cond": "(pl.relatedpostid = p.id)", "Plans": [{"Node Type": "Seq Scan", "Parent Relationship": "Outer", "Parallel Aware": false, "Relation Name": "postlinks", "Schema": "public", "Alias": "pl", "Startup Cost": 0.0, "Total Cost": 193.02, "Plan Rows": 11102, "Plan Width": 4, "Actual Startup Time": 0.009, "Actual Total Time": 0.62, "Actual Rows": 11102, "Actual Loops": 1, "Output": ["pl.id", "pl.creationdate", "pl.postid", "pl.relatedpostid", "pl.linktypeid"]}, {"Node Type": "Hash", "Parent Relationship": "Inner", "Parallel Aware": false, "Startup Cost": 2929.46, "Total Cost": 2929.46, "Plan Rows": 11589, "Plan Width": 8, "Actual Startup Time": 18.424, "Actual Total Time": 18.425, "Actual Rows": 11546, "Actual Loops": 1, "Output": ["p.owneruserid", "p.id"], "Hash Buckets": 16384, "Original Hash Buckets": 16384, "Hash Batches": 1, "Original Hash Batches": 1, "Peak Memory Usage": 580, "Plans": [{"Node Type": "Seq Scan", "Parent Relationship": "Outer", "Parallel Aware": false, "Relation Name": "posts", "Schema": "public", "Alias": "p", "Startup Cost": 0.0, "Total Cost": 2929.46, "Plan Rows": 11589, "Plan Width": 8, "Actual Startup Time": 0.102, "Actual Total Time": 16.58, "Actual Rows": 11546, "Actual Loops": 1, "Output": ["p.owneruserid", "p.id"], "Filter": "((p.commentcount <= 12) AND (p.creationdate >= 1280174302) AND (p.favoritecount <= 4) AND (p.favoritecount >= 0) AND (p.viewcount <= 7710))", "Rows Removed by Filter": 80430}]}]}, {"Node Type": "Index Scan", "Parent Relationship": "Inner", "Parallel Aware": false, "Scan Direction": "Forward", "Index Name": "idx_comments_postid", "Relation Name": "comments", "Schema": "public", "Alias": "c", "Startup Cost": 0.42, "Total Cost": 1.11, "Plan Rows": 1, "Plan Width": 4, "Actual Startup Time": 0.002, "Actual Total Time": 0.002, "Actual Rows": 0, "Actual Loops": 3847, "Output": ["c.id", "c.postid", "c.score", "c.creationdate", "c.userid"], "Index Cond": "(c.postid = p.id)", "Rows Removed by Index Recheck": 0, "Filter": "(c.score = 2)", "Rows Removed by Filter": 2}]}, {"Node Type": "Index Scan", "Parent Relationship": "Inner", "Parallel Aware": false, "Scan Direction": "Forward", "Index Name": "users_pkey", "Relation Name": "users", "Schema": "public", "Alias": "u", "Startup Cost": 0.29, "Total Cost": 0.45, "Plan Rows": 1, "Plan Width": 4, "Actual Startup Time": 0.002, "Actual Total Time": 0.002, "Actual Rows": 1, "Actual Loops": 640, "Output": ["u.id", "u.reputation", "u.creationdate", "u.views", "u.upvotes", "u.downvotes"], "Index Cond": "(u.id = p.owneruserid)", "Rows Removed by Index Recheck": 0, "Filter": "(u.upvotes >= 0)", "Rows Removed by Filter": 0}]}, {"Node Type": "Index Only Scan", "Parent Relationship": "Inner", "Parallel Aware": false, "Scan Direction": "Forward", "Index Name": "idx_votes_postid", "Relation Name": "votes", "Schema": "public", "Alias": "v", "Startup Cost": 0.42, "Total Cost": 0.8, "Plan Rows": 8, "Plan Width": 4, "Actual Startup Time": 0.002, "Actual Total Time": 0.003, "Actual Rows": 9, "Actual Loops": 626, "Output": ["v.postid"], "Index Cond": "(v.postid = p.id)", "Rows Removed by Index Recheck": 0, "Heap Fetches": 0}]}, {"Node Type": "Index Only Scan", "Parent Relationship": "Inner", "Parallel Aware": false, "Scan Direction": "Forward", "Index Name": "idx_badges_userid", "Relation Name": "badges", "Schema": "public", "Alias": "b", "Startup Cost": 0.29, "Total Cost": 0.38, "Plan Rows": 4, "Plan Width": 4, "Actual Startup Time": 0.001, "Actual Total Time": 0.002, "Actual Rows": 19, "Actual Loops": 5706, "Output": ["b.userid"], "Index Cond": "(b.userid = u.id)", "Rows Removed by Index Recheck": 0, "Heap Fetches": 0}]}]}, "Planning Time": 151.045, "Triggers": [], "Execution Time": 58.547}]
q133#####[{"Plan": {"Node Type": "Aggregate", "Strategy": "Plain", "Partial Mode": "Simple", "Parallel Aware": false, "Startup Cost": 3306.51, "Total Cost": 3306.52, "Plan Rows": 1, "Plan Width": 8, "Actual Startup Time": 185.707, "Actual Total Time": 185.712, "Actual Rows": 1, "Actual Loops": 1, "Output": ["count(*)"], "Plans": [{"Node Type": "Hash Join", "Parent Relationship": "Outer", "Parallel Aware": false, "Join Type": "Inner", "Startup Cost": 2133.38, "Total Cost": 2673.5, "Plan Rows": 253202, "Plan Width": 0, "Actual Startup Time": 29.388, "Actual Total Time": 139.842, "Actual Rows": 1335307, "Actual Loops": 1, "Inner Unique": false, "Hash Cond": "(p.owneruserid = b.userid)", "Plans": [{"Node Type": "Nested Loop", "Parent Relationship": "Outer", "Parallel Aware": false, "Join Type": "Inner", "Startup Cost": 1102.29, "Total Cost": 1111.49, "Plan Rows": 109340, "Plan Width": 8, "Actual Startup Time": 13.172, "Actual Total Time": 19.515, "Actual Rows": 46696, "Actual Loops": 1, "Output": ["ph.userid", "p.owneruserid"], "Inner Unique": false, "Plans": [{"Node Type": "Hash Join", "Parent Relationship": "Outer", "Parallel Aware": false, "Join Type": "Inner", "Startup Cost": 1102.0, "Total Cost": 1109.72, "Plan Rows": 3, "Plan Width": 4, "Actual Startup Time": 13.14, "Actual Total Time": 13.258, "Actual Rows": 78, "Actual Loops": 1, "Output": ["p.owneruserid"], "Inner Unique": true, "Hash Cond": "(t.excerptpostid = p.id)", "Plans": [{"Node Type": "Seq Scan", "Parent Relationship": "Outer", "Parallel Aware": false, "Relation Name": "tags", "Schema": "public", "Alias": "t", "Startup Cost": 0.0, "Total Cost": 6.74, "Plan Rows": 374, "Plan Width": 4, "Actual Startup Time": 0.013, "Actual Total Time": 0.045, "Actual Rows": 374, "Actual Loops": 1, "Output": ["t.id", "t.count", "t.excerptpostid"]}, {"Node Type": "Hash", "Parent Relationship": "Inner", "Parallel Aware": false, "Startup Cost": 701.0, "Total Cost": 701.0, "Plan Rows": 32080, "Plan Width": 8, "Actual Startup Time": 12.969, "Actual Total Time": 12.97, "Actual Rows": 32080, "Actual Loops": 1, "Output": ["p.owneruserid", "p.id"], "Hash Buckets": 32768, "Original Hash Buckets": 32768, "Hash Batches": 1, "Original Hash Batches": 1, "Peak Memory Usage": 1510, "Plans": [{"Node Type": "Seq Scan", "Parent Relationship": "Outer", "Parallel Aware": false, "Relation Name": "posts", "Schema": "public", "Alias": "p", "Startup Cost": 0.0, "Total Cost": 701.0, "Plan Rows": 32080, "Plan Width": 8, "Actual Startup Time": 0.007, "Actual Total Time": 6.799, "Actual Rows": 32080, "Actual Loops": 1, "Output": ["p.owneruserid", "p.id"], "Filter": "(p.commentcount >= 0)", "Rows Removed by Filter": 0}]}]}, {"Node Type": "Index Only Scan", "Parent Relationship": "Inner", "Parallel Aware": false, "Scan Direction": "Forward", "Index Name": "idx_posthistory_userid", "Relation Name": "posthistory", "Schema": "public", "Alias": "ph", "Startup Cost": 0.29, "Total Cost": 0.49, "Plan Rows": 10, "Plan Width": 4, "Actual Startup Time": 0.004, "Actual Total Time": 0.04, "Actual Rows": 599, "Actual Loops": 78, "Output": ["ph.userid"], "Index Cond": "(ph.userid = p.owneruserid)", "Rows Removed by Index Recheck": 0, "Heap Fetches": 0}]}, {"Node Type": "Hash", "Parent Relationship": "Inner", "Parallel Aware": false, "Startup Cost": 1027.75, "Total Cost": 1027.75, "Plan Rows": 267, "Plan Width": 8, "Actual Startup Time": 15.451, "Actual Total Time": 15.453, "Actual Rows": 7817, "Actual Loops": 1, "Output": ["b.userid", "u.id"], "Hash Buckets": 8192, "Original Hash Buckets": 1024, "Hash Batches": 1, "Original Hash Batches": 1, "Peak Memory Usage": 370, "Plans": [{"Node Type": "Hash Join", "Parent Relationship": "Outer", "Parallel Aware": false, "Join Type": "Inner", "Startup Cost": 454.53, "Total Cost": 1027.75, "Plan Rows": 267, "Plan Width": 8, "Actual Startup Time": 5.135, "Actual Total Time": 13.839, "Actual Rows": 7817, "Actual Loops": 1, "Output": ["b.userid", "u.id"], "Inner Unique": true, "Hash Cond": "(b.userid = u.id)", "Plans": [{"Node Type": "Seq Scan", "Parent Relationship": "Outer", "Parallel Aware": false, "Relation Name": "badges", "Schema": "public", "Alias": "b", "Startup Cost": 0.0, "Total Cost": 501.93, "Plan Rows": 27152, "Plan Width": 4, "Actual Startup Time": 0.021, "Actual Total Time": 4.479, "Actual Rows": 27159, "Actual Loops": 1, "Output": ["b.id", "b.userid", "b.date"], "Filter": "(b.date <= 1408645315)", "Rows Removed by Filter": 835}, {"Node Type": "Hash", "Parent Relationship": "Inner", "Parallel Aware": false, "Startup Cost": 280.45, "Total Cost": 280.45, "Plan Rows": 13926, "Plan Width": 4, "Actual Startup Time": 5.103, "Actual Total Time": 5.104, "Actual Rows": 13926, "Actual Loops": 1, "Output": ["u.id"], "Hash Buckets": 16384, "Original Hash Buckets": 16384, "Hash Batches": 1, "Original Hash Batches": 1, "Peak Memory Usage": 618, "Plans": [{"Node Type": "Seq Scan", "Parent Relationship": "Outer", "Parallel Aware": false, "Relation Name": "users", "Schema": "public", "Alias": "u", "Startup Cost": 0.0, "Total Cost": 280.45, "Plan Rows": 13926, "Plan Width": 4, "Actual Startup Time": 0.011, "Actual Total Time": 2.749, "Actual Rows": 13926, "Actual Loops": 1, "Output": ["u.id"], "Filter": "(u.downvotes <= 0)", "Rows Removed by Filter": 190}]}]}]}]}]}, "Planning Time": 139.107, "Triggers": [], "Execution Time": 185.813}]
q127#####[{"Plan": {"Node Type": "Aggregate", "Strategy": "Plain", "Partial Mode": "Simple", "Parallel Aware": false, "Startup Cost": 289637.36, "Total Cost": 289637.37, "Plan Rows": 1, "Plan Width": 8, "Actual Startup Time": 5902.329, "Actual Total Time": 5902.331, "Actual Rows": 1, "Actual Loops": 1, "Output": ["count(*)"], "Plans": [{"Node Type": "Nested Loop", "Parent Relationship": "Outer", "Parallel Aware": false, "Join Type": "Inner", "Startup Cost": 1572.47, "Total Cost": 117978.03, "Plan Rows": 68663730, "Plan Width": 0, "Actual Startup Time": 22.862, "Actual Total Time": 5228.674, "Actual Rows": 18258741, "Actual Loops": 1, "Inner Unique": false, "Plans": [{"Node Type": "Hash Join", "Parent Relationship": "Outer", "Parallel Aware": false, "Join Type": "Inner", "Startup Cost": 1572.05, "Total Cost": 3820.72, "Plan Rows": 84613, "Plan Width": 8, "Actual Startup Time": 22.816, "Actual Total Time": 66.983, "Actual Rows": 71090, "Actual Loops": 1, "Output": ["p.owneruserid", "u.id"], "Inner Unique": true, "Hash Cond": "(p.owneruserid = u.id)", "Plans": [{"Node Type": "Seq Scan", "Parent Relationship": "Outer", "Parallel Aware": false, "Relation Name": "posts", "Schema": "public", "Alias": "p", "Startup Cost": 0.0, "Total Cost": 2009.7, "Plan Rows": 91026, "Plan Width": 4, "Actual Startup Time": 0.039, "Actual Total Time": 17.885, "Actual Rows": 90920, "Actual Loops": 1, "Output": ["p.id", "p.posttypeid", "p.creationdate", "p.score", "p.viewcount", "p.owneruserid", "p.answercount", "p.commentcount", "p.favoritecount", "p.lasteditoruserid"], "Filter": "(p.favoritecount <= 5)", "Rows Removed by Filter": 1056}, {"Node Type": "Hash", "Parent Relationship": "Inner", "Parallel Aware": false, "Startup Cost": 1103.5, "Total Cost": 1103.5, "Plan Rows": 37484, "Plan Width": 4, "Actual Startup Time": 22.343, "Actual Total Time": 22.344, "Actual Rows": 37426, "Actual Loops": 1, "Output": ["u.id"], "Hash Buckets": 65536, "Original Hash Buckets": 65536, "Hash Batches": 1, "Original Hash Batches": 1, "Peak Memory Usage": 1828, "Plans": [{"Node Type": "Seq Scan", "Parent Relationship": "Outer", "Parallel Aware": false, "Relation Name": "users", "Schema": "public", "Alias": "u", "Startup Cost": 0.0, "Total Cost": 1103.5, "Plan Rows": 37484, "Plan Width": 4, "Actual Startup Time": 0.35, "Actual Total Time": 13.15, "Actual Rows": 37426, "Actual Loops": 1, "Output": ["u.id"], "Filter": "((u.creationdate <= 1408338022) AND (u.creationdate >= 1290865609) AND (u.upvotes >= 0) AND (u.views >= 0))", "Rows Removed by Filter": 2899}]}]}, {"Node Type": "Index Scan", "Parent Relationship": "Inner", "Parallel Aware": false, "Scan Direction": "Forward", "Index Name": "idx_posthistory_userid", "Relation Name": "posthistory", "Schema": "public", "Alias": "ph", "Startup Cost": 0.42, "Total Cost": 1.1, "Plan Rows": 25, "Plan Width": 4, "Actual Startup Time": 0.003, "Actual Total Time": 0.059, "Actual Rows": 257, "Actual Loops": 71090, "Output": ["ph.id", "ph.posthistorytypeid", "ph.postid", "ph.creationdate", "ph.userid"], "Index Cond": "(ph.userid = p.owneruserid)", "Rows Removed by Index Recheck": 0, "Filter": "(ph.creationdate >= 1305888183)", "Rows Removed by Filter": 5}]}]}, "Planning Time": 78.212, "Triggers": [], "Execution Time": 5902.514}]
q32#####[{"Plan": {"Node Type": "Aggregate", "Strategy": "Plain", "Partial Mode": "Simple", "Parallel Aware": false, "Startup Cost": 2944.89, "Total Cost": 2944.9, "Plan Rows": 1, "Plan Width": 8, "Actual Startup Time": 31.747, "Actual Total Time": 31.751, "Actual Rows": 1, "Actual Loops": 1, "Output": ["count(*)"], "Plans": [{"Node Type": "Hash Join", "Parent Relationship": "Outer", "Parallel Aware": false, "Join Type": "Inner", "Startup Cost": 1305.12, "Total Cost": 2745.27, "Plan Rows": 79851, "Plan Width": 0, "Actual Startup Time": 10.449, "Actual Total Time": 28.867, "Actual Rows": 79851, "Actual Loops": 1, "Inner Unique": true, "Hash Cond": "(b.userid = u.id)", "Plans": [{"Node Type": "Seq Scan", "Parent Relationship": "Outer", "Parallel Aware": false, "Relation Name": "badges", "Schema": "public", "Alias": "b", "Startup Cost": 0.0, "Total Cost": 1230.51, "Plan Rows": 79851, "Plan Width": 4, "Actual Startup Time": 0.021, "Actual Total Time": 4.088, "Actual Rows": 79851, "Actual Loops": 1, "Output": ["b.id", "b.userid", "b.date"]}, {"Node Type": "Hash", "Parent Relationship": "Inner", "Parallel Aware": false, "Startup Cost": 801.06, "Total Cost": 801.06, "Plan Rows": 40325, "Plan Width": 4, "Actual Startup Time": 10.329, "Actual Total Time": 10.331, "Actual Rows": 40325, "Actual Loops": 1, "Output": ["u.id"], "Hash Buckets": 65536, "Original Hash Buckets": 65536, "Hash Batches": 1, "Original Hash Batches": 1, "Peak Memory Usage": 1930, "Plans": [{"Node Type": "Seq Scan", "Parent Relationship": "Outer", "Parallel Aware": false, "Relation Name": "users", "Schema": "public", "Alias": "u", "Startup Cost": 0.0, "Total Cost": 801.06, "Plan Rows": 40325, "Plan Width": 4, "Actual Startup Time": 0.01, "Actual Total Time": 5.366, "Actual Rows": 40325, "Actual Loops": 1, "Output": ["u.id"], "Filter": "(u.upvotes >= 0)", "Rows Removed by Filter": 0}]}]}]}, "Planning Time": 43.688, "Triggers": [], "Execution Time": 31.813}]
q26#####[{"Plan": {"Node Type": "Aggregate", "Strategy": "Plain", "Partial Mode": "Simple", "Parallel Aware": false, "Startup Cost": 9976.59, "Total Cost": 9976.6, "Plan Rows": 1, "Plan Width": 8, "Actual Startup Time": 29.788, "Actual Total Time": 29.793, "Actual Rows": 1, "Actual Loops": 1, "Output": ["count(*)"], "Plans": [{"Node Type": "Nested Loop", "Parent Relationship": "Outer", "Parallel Aware": false, "Join Type": "Inner", "Startup Cost": 1460.06, "Total Cost": 9086.46, "Plan Rows": 356050, "Plan Width": 0, "Actual Startup Time": 12.005, "Actual Total Time": 27.703, "Actual Rows": 32740, "Actual Loops": 1, "Inner Unique": false, "Plans": [{"Node Type": "Nested Loop", "Parent Relationship": "Outer", "Parallel Aware": false, "Join Type": "Inner", "Startup Cost": 1459.77, "Total Cost": 4558.44, "Plan Rows": 12982, "Plan Width": 8, "Actual Startup Time": 11.985, "Actual Total Time": 18.997, "Actual Rows": 1360, "Actual Loops": 1, "Output": ["c.userid", "u.id"], "Inner Unique": false, "Join Filter": "(c.postid = v.postid)", "Rows Removed by Join Filter": 0, "Plans": [{"Node Type": "Nested Loop", "Parent Relationship": "Outer", "Parallel Aware": false, "Join Type": "Inner", "Startup Cost": 1459.48, "Total Cost": 2871.05, "Plan Rows": 3832, "Plan Width": 24, "Actual Startup Time": 11.952, "Actual Total Time": 17.045, "Actual Rows": 291, "Actual Loops": 1, "Output": ["c.userid", "c.postid", "ph.postid", "pl.relatedpostid", "p.id", "u.id"], "Inner Unique": false, "Plans": [{"Node Type": "Hash Join", "Parent Relationship": "Outer", "Parallel Aware": false, "Join Type": "Inner", "Startup Cost": 1459.19, "Total Cost": 2166.12, "Plan Rows": 1588, "Plan Width": 20, "Actual Startup Time": 11.926, "Actual Total Time": 16.028, "Actual Rows": 107, "Actual Loops": 1, "Output": ["c.userid", "c.postid", "pl.relatedpostid", "p.id", "u.id"], "Inner Unique": true, "Hash Cond": "(c.userid = u.id)", "Plans": [{"Node Type": "Nested Loop", "Parent Relationship": "Outer", "Parallel Aware": false, "Join Type": "Inner", "Startup Cost": 1037.58, "Total Cost": 1740.34, "Plan Rows": 1588, "Plan Width": 16, "Actual Startup Time": 7.28, "Actual Total Time": 11.313, "Actual Rows": 478, "Actual Loops": 1, "Output": ["c.userid", "c.postid", "pl.relatedpostid", "p.id"], "Inner Unique": false, "Plans": [{"Node Type": "Hash Join", "Parent Relationship": "Outer", "Parallel Aware": false, "Join Type": "Inner", "Startup Cost": 1037.29, "Total Cost": 1134.38, "Plan Rows": 905, "Plan Width": 8, "Actual Startup Time": 7.23, "Actual Total Time": 8.793, "Actual Rows": 547, "Actual Loops": 1, "Output": ["pl.relatedpostid", "p.id"], "Inner Unique": true, "Hash Cond": "(pl.relatedpostid = p.id)", "Plans": [{"Node Type": "Seq Scan", "Parent Relationship": "Outer", "Parallel Aware": false, "Relation Name": "postlinks", "Schema": "public", "Alias": "pl", "Startup Cost": 0.0, "Total Cost": 87.14, "Plan Rows": 3792, "Plan Width": 4, "Actual Startup Time": 0.008, "Actual Total Time": 0.81, "Actual Rows": 3790, "Actual Loops": 1, "Output": ["pl.id", "pl.creationdate", "pl.postid", "pl.relatedpostid", "pl.linktypeid"], "Filter": "((pl.creationdate <= 1409822630) AND (pl.creationdate >= 1288144977))", "Rows Removed by Filter": 86}, {"Node Type": "Hash", "Parent Relationship": "Inner", "Parallel Aware": false, "Startup Cost": 941.6, "Total Cost": 941.6, "Plan Rows": 7655, "Plan Width": 4, "Actual Startup Time": 7.17, "Actual Total Time": 7.17, "Actual Rows": 7898, "Actual Loops": 1, "Output": ["p.id"], "Hash Buckets": 8192, "Original Hash Buckets": 8192, "Hash Batches": 1, "Original Hash Batches": 1, "Peak Memory Usage": 342, "Plans": [{"Node Type": "Seq Scan", "Parent Relationship": "Outer", "Parallel Aware": false, "Relation Name": "posts", "Schema": "public", "Alias": "p", "Startup Cost": 0.0, "Total Cost": 941.6, "Plan Rows": 7655, "Plan Width": 4, "Actual Startup Time": 0.006, "Actual Total Time": 5.764, "Actual Rows": 7898, "Actual Loops": 1, "Output": ["p.id"], "Filter": "((p.answercount >= 0) AND (p.commentcount <= 14) AND (p.commentcount >= 0) AND (p.posttypeid = 1))", "Rows Removed by Filter": 24182}]}]}, {"Node Type": "Index Scan", "Parent Relationship": "Inner", "Parallel Aware": false, "Scan Direction": "Forward", "Index Name": "idx_comments_postid", "Relation Name": "comments", "Schema": "public", "Alias": "c", "Startup Cost": 0.29, "Total Cost": 0.65, "Plan Rows": 2, "Plan Width": 8, "Actual Startup Time": 0.003, "Actual Total Time": 0.004, "Actual Rows": 1, "Actual Loops": 547, "Output": ["c.id", "c.postid", "c.score", "c.creationdate", "c.userid"], "Index Cond": "(c.postid = p.id)", "Rows Removed by Index Recheck": 0, "Filter": "((c.creationdate >= 1280135388) AND (c.score = 0))", "Rows Removed by Filter": 0}]}, {"Node Type": "Hash", "Parent Relationship": "Inner", "Parallel Aware": false, "Startup Cost": 245.16, "Total Cost": 245.16, "Plan Rows": 14116, "Plan Width": 4, "Actual Startup Time": 4.575, "Actual Total Time": 4.575, "Actual Rows": 14116, "Actual Loops": 1, "Output": ["u.id"], "Hash Buckets": 16384, "Original Hash Buckets": 16384, "Hash Batches": 1, "Original Hash Batches": 1, "Peak Memory Usage": 625, "Plans": [{"Node Type": "Seq Scan", "Parent Relationship": "Outer", "Parallel Aware": false, "Relation Name": "users", "Schema": "public", "Alias": "u", "Startup Cost": 0.0, "Total Cost": 245.16, "Plan Rows": 14116, "Plan Width": 4, "Actual Startup Time": 0.015, "Actual Total Time": 2.102, "Actual Rows": 14116, "Actual Loops": 1, "Output": ["u.id"]}]}]}, {"Node Type": "Index Scan", "Parent Relationship": "Inner", "Parallel Aware": false, "Scan Direction": "Forward", "Index Name": "idx_posthistory_postid", "Relation Name": "posthistory", "Schema": "public", "Alias": "ph", "Startup Cost": 0.29, "Total Cost": 0.42, "Plan Rows": 2, "Plan Width": 4, "Actual Startup Time": 0.005, "Actual Total Time": 0.009, "Actual Rows": 3, "Actual Loops": 107, "Output": ["ph.id", "ph.posthistorytypeid", "ph.postid", "ph.creationdate", "ph.userid"], "Index Cond": "(ph.postid = c.postid)", "Rows Removed by Index Recheck": 0, "Filter": "(ph.creationdate <= 1410437381)", "Rows Removed by Filter": 0}]}, {"Node Type": "Index Scan", "Parent Relationship": "Inner", "Parallel Aware": false, "Scan Direction": "Forward", "Index Name": "idx_votes_postid", "Relation Name": "votes", "Schema": "public", "Alias": "v", "Startup Cost": 0.29, "Total Cost": 0.4, "Plan Rows": 3, "Plan Width": 4, "Actual Startup Time": 0.003, "Actual Total Time": 0.006, "Actual Rows": 5, "Actual Loops": 291, "Output": ["v.id", "v.postid", "v.votetypeid", "v.creationdate", "v.userid", "v.bountyamount"], "Index Cond": "(v.postid = ph.postid)", "Rows Removed by Index Recheck": 0, "Filter": "((v.creationdate <= 1410624000) AND (v.creationdate >= 1279641600))", "Rows Removed by Filter": 0}]}, {"Node Type": "Index Only Scan", "Parent Relationship": "Inner", "Parallel Aware": false, "Scan Direction": "Forward", "Index Name": "idx_badges_userid", "Relation Name": "badges", "Schema": "public", "Alias": "b", "Startup Cost": 0.29, "Total Cost": 0.33, "Plan Rows": 2, "Plan Width": 4, "Actual Startup Time": 0.002, "Actual Total Time": 0.004, "Actual Rows": 24, "Actual Loops": 1360, "Output": ["b.userid"], "Index Cond": "(b.userid = c.userid)", "Rows Removed by Index Recheck": 0, "Heap Fetches": 0}]}]}, "Planning Time": 261.828, "Triggers": [], "Execution Time": 29.903}]
q18#####[{"Plan": {"Node Type": "Aggregate", "Strategy": "Plain", "Partial Mode": "Simple", "Parallel Aware": false, "Startup Cost": 15322.78, "Total Cost": 15322.79, "Plan Rows": 1, "Plan Width": 8, "Actual Startup Time": 176.278, "Actual Total Time": 176.282, "Actual Rows": 1, "Actual Loops": 1, "Output": ["count(*)"], "Plans": [{"Node Type": "Hash Join", "Parent Relationship": "Outer", "Parallel Aware": false, "Join Type": "Inner", "Startup Cost": 5080.51, "Total Cost": 14626.21, "Plan Rows": 278628, "Plan Width": 0, "Actual Startup Time": 39.365, "Actual Total Time": 170.963, "Actual Rows": 155561, "Actual Loops": 1, "Inner Unique": true, "Hash Cond": "(p.owneruserid = u.id)", "Plans": [{"Node Type": "Hash Join", "Parent Relationship": "Outer", "Parallel Aware": false, "Join Type": "Inner", "Startup Cost": 3699.75, "Total Cost": 12475.52, "Plan Rows": 293275, "Plan Width": 4, "Actual Startup Time": 27.272, "Actual Total Time": 124.102, "Actual Rows": 293859, "Actual Loops": 1, "Output": ["p.owneruserid"], "Inner Unique": true, "Hash Cond": "(ph.postid = p.id)", "Plans": [{"Node Type": "Seq Scan", "Parent Relationship": "Outer", "Parallel Aware": false, "Relation Name": "posthistory", "Schema": "public", "Alias": "ph", "Startup Cost": 0.0, "Total Cost": 5261.87, "Plan Rows": 303187, "Plan Width": 4, "Actual Startup Time": 0.016, "Actual Total Time": 27.482, "Actual Rows": 303187, "Actual Loops": 1, "Output": ["ph.postid"]}, {"Node Type": "Hash", "Parent Relationship": "Inner", "Parallel Aware": false, "Startup Cost": 2239.64, "Total Cost": 2239.64, "Plan Rows": 88969, "Plan Width": 8, "Actual Startup Time": 26.019, "Actual Total Time": 26.02, "Actual Rows": 88880, "Actual Loops": 1, "Output": ["p.id", "p.owneruserid"], "Hash Buckets": 131072, "Original Hash Buckets": 131072, "Hash Batches": 2, "Original Hash Batches": 2, "Peak Memory Usage": 2759, "Plans": [{"Node Type": "Seq Scan", "Parent Relationship": "Outer", "Parallel Aware": false, "Relation Name": "posts", "Schema": "public", "Alias": "p", "Startup Cost": 0.0, "Total Cost": 2239.64, "Plan Rows": 88969, "Plan Width": 8, "Actual Startup Time": 0.159, "Actual Total Time": 13.603, "Actual Rows": 88880, "Actual Loops": 1, "Output": ["p.id", "p.owneruserid"], "Filter": "((p.creationdate <= 1409439492) AND (p.creationdate >= 1282043285))", "Rows Removed by Filter": 3096}]}]}, {"Node Type": "Hash", "Parent Relationship": "Inner", "Parallel Aware": false, "Startup Cost": 901.88, "Total Cost": 901.88, "Plan Rows": 38311, "Plan Width": 4, "Actual Startup Time": 11.929, "Actual Total Time": 11.93, "Actual Rows": 38341, "Actual Loops": 1, "Output": ["u.id"], "Hash Buckets": 65536, "Original Hash Buckets": 65536, "Hash Batches": 1, "Original Hash Batches": 1, "Peak Memory Usage": 1860, "Plans": [{"Node Type": "Seq Scan", "Parent Relationship": "Outer", "Parallel Aware": false, "Relation Name": "users", "Schema": "public", "Alias": "u", "Startup Cost": 0.0, "Total Cost": 901.88, "Plan Rows": 38311, "Plan Width": 4, "Actual Startup Time": 0.014, "Actual Total Time": 6.442, "Actual Rows": 38341, "Actual Loops": 1, "Output": ["u.id"], "Filter": "((u.upvotes <= 9) AND (u.upvotes >= 0))", "Rows Removed by Filter": 1984}]}]}]}, "Planning Time": 54.945, "Triggers": [], "Execution Time": 176.358}]
q30#####[{"Plan": {"Node Type": "Aggregate", "Strategy": "Plain", "Partial Mode": "Simple", "Parallel Aware": false, "Startup Cost": 6255.7, "Total Cost": 6255.71, "Plan Rows": 1, "Plan Width": 8, "Actual Startup Time": 29.819, "Actual Total Time": 29.825, "Actual Rows": 1, "Actual Loops": 1, "Output": ["count(*)"], "Plans": [{"Node Type": "Nested Loop", "Parent Relationship": "Outer", "Parallel Aware": false, "Join Type": "Inner", "Startup Cost": 3768.98, "Total Cost": 6090.37, "Plan Rows": 66134, "Plan Width": 0, "Actual Startup Time": 19.004, "Actual Total Time": 29.665, "Actual Rows": 3992, "Actual Loops": 1, "Inner Unique": false, "Join Filter": "(c.postid = v.postid)", "Rows Removed by Join Filter": 0, "Plans": [{"Node Type": "Hash Join", "Parent Relationship": "Outer", "Parallel Aware": false, "Join Type": "Inner", "Startup Cost": 3768.69, "Total Cost": 5327.86, "Plan Rows": 1937, "Plan Width": 16, "Actual Startup Time": 18.986, "Actual Total Time": 27.451, "Actual Rows": 1738, "Actual Loops": 1, "Output": ["c.postid", "ph.postid", "pl.postid", "p.id"], "Inner Unique": false, "Hash Cond": "(c.postid = p.id)", "Plans": [{"Node Type": "Seq Scan", "Parent Relationship": "Outer", "Parallel Aware": false, "Relation Name": "comments", "Schema": "public", "Alias": "c", "Startup Cost": 0.0, "Total Cost": 1214.1, "Plan Rows": 60570, "Plan Width": 4, "Actual Startup Time": 0.018, "Actual Total Time": 5.351, "Actual Rows": 61024, "Actual Loops": 1, "Output": ["c.id", "c.postid", "c.score", "c.creationdate", "c.userid"], "Filter": "(c.creationdate >= 1280144223)", "Rows Removed by Filter": 104}, {"Node Type": "Hash", "Parent Relationship": "Inner", "Parallel Aware": false, "Startup Cost": 3690.61, "Total Cost": 3690.61, "Plan Rows": 6246, "Plan Width": 12, "Actual Startup Time": 18.907, "Actual Total Time": 18.911, "Actual Rows": 1150, "Actual Loops": 1, "Output": ["ph.postid", "pl.postid", "p.id"], "Hash Buckets": 8192, "Original Hash Buckets": 8192, "Hash Batches": 1, "Original Hash Batches": 1, "Peak Memory Usage": 114, "Plans": [{"Node Type": "Nested Loop", "Parent Relationship": "Outer", "Parallel Aware": false, "Join Type": "Inner", "Startup Cost": 1828.95, "Total Cost": 3690.61, "Plan Rows": 6246, "Plan Width": 12, "Actual Startup Time": 14.753, "Actual Total Time": 18.748, "Actual Rows": 1150, "Actual Loops": 1, "Output": ["ph.postid", "pl.postid", "p.id"], "Inner Unique": false, "Plans": [{"Node Type": "Hash Join", "Parent Relationship": "Outer", "Parallel Aware": false, "Join Type": "Inner", "Startup Cost": 1828.65, "Total Cost": 1925.22, "Plan Rows": 3613, "Plan Width": 8, "Actual Startup Time": 14.721, "Actual Total Time": 16.077, "Actual Rows": 486, "Actual Loops": 1, "Output": ["pl.postid", "p.id"], "Inner Unique": true, "Hash Cond": "(p.owneruserid = u.id)", "Plans": [{"Node Type": "Hash Join", "Parent Relationship": "Outer", "Parallel Aware": false, "Join Type": "Inner", "Startup Cost": 1336.46, "Total Cost": 1423.54, "Plan Rows": 3613, "Plan Width": 12, "Actual Startup Time": 10.346, "Actual Total Time": 11.473, "Actual Rows": 1425, "Actual Loops": 1, "Output": ["pl.postid", "p.id", "p.owneruserid"], "Inner Unique": true, "Hash Cond": "(pl.postid = p.id)", "Plans": [{"Node Type": "Seq Scan", "Parent Relationship": "Outer", "Parallel Aware": false, "Relation Name": "postlinks", "Schema": "public", "Alias": "pl", "Startup Cost": 0.0, "Total Cost": 77.45, "Plan Rows": 3669, "Plan Width": 4, "Actual Startup Time": 0.007, "Actual Total Time": 0.51, "Actual Rows": 3670, "Actual Loops": 1, "Output": ["pl.id", "pl.creationdate", "pl.postid", "pl.relatedpostid", "pl.linktypeid"], "Filter": "(pl.creationdate <= 1407234471)", "Rows Removed by Filter": 206}, {"Node Type": "Hash", "Parent Relationship": "Inner", "Parallel Aware": false, "Startup Cost": 941.6, "Total Cost": 941.6, "Plan Rows": 31589, "Plan Width": 8, "Actual Startup Time": 10.177, "Actual Total Time": 10.178, "Actual Rows": 31850, "Actual Loops": 1, "Output": ["p.id", "p.owneruserid"], "Hash Buckets": 32768, "Original Hash Buckets": 32768, "Hash Batches": 1, "Original Hash Batches": 1, "Peak Memory Usage": 1501, "Plans": [{"Node Type": "Seq Scan", "Parent Relationship": "Outer", "Parallel Aware": false, "Relation Name": "posts", "Schema": "public", "Alias": "p", "Startup Cost": 0.0, "Total Cost": 941.6, "Plan Rows": 31589, "Plan Width": 8, "Actual Startup Time": 0.005, "Actual Total Time": 6.116, "Actual Rows": 31850, "Actual Loops": 1, "Output": ["p.id", "p.owneruserid"], "Filter": "((p.commentcount <= 18) AND (p.creationdate <= 1410367990) AND (p.creationdate >= 1279691408) AND (p.score >= '-2'::integer))", "Rows Removed by Filter": 230}]}]}, {"Node Type": "Hash", "Parent Relationship": "Inner", "Parallel Aware": false, "Startup Cost": 315.74, "Total Cost": 315.74, "Plan Rows": 14116, "Plan Width": 4, "Actual Startup Time": 4.313, "Actual Total Time": 4.314, "Actual Rows": 14116, "Actual Loops": 1, "Output": ["u.id"], "Hash Buckets": 16384, "Original Hash Buckets": 16384, "Hash Batches": 1, "Original Hash Batches": 1, "Peak Memory Usage": 625, "Plans": [{"Node Type": "Seq Scan", "Parent Relationship": "Outer", "Parallel Aware": false, "Relation Name": "users", "Schema": "public", "Alias": "u", "Startup Cost": 0.0, "Total Cost": 315.74, "Plan Rows": 14116, "Plan Width": 4, "Actual Startup Time": 0.009, "Actual Total Time": 2.408, "Actual Rows": 14116, "Actual Loops": 1, "Output": ["u.id"], "Filter": "((u.downvotes >= 0) AND (u.upvotes >= 0))", "Rows Removed by Filter": 0}]}]}, {"Node Type": "Index Scan", "Parent Relationship": "Inner", "Parallel Aware": false, "Scan Direction": "Forward", "Index Name": "idx_posthistory_postid", "Relation Name": "posthistory", "Schema": "public", "Alias": "ph", "Startup Cost": 0.29, "Total Cost": 0.47, "Plan Rows": 2, "Plan Width": 4, "Actual Startup Time": 0.003, "Actual Total Time": 0.005, "Actual Rows": 2, "Actual Loops": 486, "Output": ["ph.id", "ph.posthistorytypeid", "ph.postid", "ph.creationdate", "ph.userid"], "Index Cond": "(ph.postid = p.id)", "Rows Removed by Index Recheck": 0, "Filter": "(ph.creationdate >= 1290800325)", "Rows Removed by Filter": 0}]}]}]}, {"Node Type": "Index Only Scan", "Parent Relationship": "Inner", "Parallel Aware": false, "Scan Direction": "Forward", "Index Name": "idx_votes_postid", "Relation Name": "votes", "Schema": "public", "Alias": "v", "Startup Cost": 0.29, "Total Cost": 0.36, "Plan Rows": 3, "Plan Width": 4, "Actual Startup Time": 0.001, "Actual Total Time": 0.001, "Actual Rows": 2, "Actual Loops": 1738, "Output": ["v.postid"], "Index Cond": "(v.postid = ph.postid)", "Rows Removed by Index Recheck": 0, "Heap Fetches": 0}]}]}, "Planning Time": 224.87, "Triggers": [], "Execution Time": 29.931}]
q24#####[{"Plan": {"Node Type": "Aggregate", "Strategy": "Plain", "Partial Mode": "Simple", "Parallel Aware": false, "Startup Cost": 3782.65, "Total Cost": 3782.66, "Plan Rows": 1, "Plan Width": 8, "Actual Startup Time": 18.736, "Actual Total Time": 18.738, "Actual Rows": 1, "Actual Loops": 1, "Output": ["count(*)"], "Plans": [{"Node Type": "Nested Loop", "Parent Relationship": "Outer", "Parallel Aware": false, "Join Type": "Inner", "Startup Cost": 3180.64, "Total Cost": 3767.33, "Plan Rows": 6126, "Plan Width": 0, "Actual Startup Time": 13.618, "Actual Total Time": 18.658, "Actual Rows": 1717, "Actual Loops": 1, "Inner Unique": false, "Join Filter": "(p.owneruserid = b.userid)", "Rows Removed by Join Filter": 0, "Plans": [{"Node Type": "Nested Loop", "Parent Relationship": "Outer", "Parallel Aware": false, "Join Type": "Inner", "Startup Cost": 3180.35, "Total Cost": 3681.8, "Plan Rows": 175, "Plan Width": 8, "Actual Startup Time": 13.591, "Actual Total Time": 16.773, "Actual Rows": 332, "Actual Loops": 1, "Output": ["p.owneruserid", "u.id"], "Inner Unique": true, "Plans": [{"Node Type": "Hash Join", "Parent Relationship": "Outer", "Parallel Aware": false, "Join Type": "Inner", "Startup Cost": 3180.06, "Total Cost": 3429.04, "Plan Rows": 193, "Plan Width": 4, "Actual Startup Time": 13.535, "Actual Total Time": 15.564, "Actual Rows": 561, "Actual Loops": 1, "Output": ["p.owneruserid"], "Inner Unique": true, "Hash Cond": "(pl.relatedpostid = p.id)", "Plans": [{"Node Type": "Seq Scan", "Parent Relationship": "Outer", "Parallel Aware": false, "Relation Name": "postlinks", "Schema": "public", "Alias": "pl", "Startup Cost": 0.0, "Total Cost": 220.78, "Plan Rows": 10745, "Plan Width": 4, "Actual Startup Time": 0.01, "Actual Total Time": 1.133, "Actual Rows": 10739, "Actual Loops": 1, "Output": ["pl.id", "pl.creationdate", "pl.postid", "pl.relatedpostid", "pl.linktypeid"], "Filter": "(pl.creationdate <= 1408209830)", "Rows Removed by Filter": 363}, {"Node Type": "Hash", "Parent Relationship": "Inner", "Parallel Aware": false, "Startup Cost": 3159.4, "Total Cost": 3159.4, "Plan Rows": 1653, "Plan Width": 8, "Actual Startup Time": 13.496, "Actual Total Time": 13.497, "Actual Rows": 1658, "Actual Loops": 1, "Output": ["p.owneruserid", "p.id"], "Hash Buckets": 2048, "Original Hash Buckets": 2048, "Hash Batches": 1, "Original Hash Batches": 1, "Peak Memory Usage": 81, "Plans": [{"Node Type": "Seq Scan", "Parent Relationship": "Outer", "Parallel Aware": false, "Relation Name": "posts", "Schema": "public", "Alias": "p", "Startup Cost": 0.0, "Total Cost": 3159.4, "Plan Rows": 1653, "Plan Width": 8, "Actual Startup Time": 0.013, "Actual Total Time": 13.274, "Actual Rows": 1658, "Actual Loops": 1, "Output": ["p.owneruserid", "p.id"], "Filter": "((p.answercount <= 5) AND (p.favoritecount <= 6) AND (p.favoritecount >= 0) AND (p.score <= 10) AND (p.score >= '-1'::integer) AND (p.commentcount = 2))", "Rows Removed by Filter": 90318}]}]}, {"Node Type": "Index Scan", "Parent Relationship": "Inner", "Parallel Aware": false, "Scan Direction": "Forward", "Index Name": "users_pkey", "Relation Name": "users", "Schema": "public", "Alias": "u", "Startup Cost": 0.29, "Total Cost": 1.31, "Plan Rows": 1, "Plan Width": 4, "Actual Startup Time": 0.002, "Actual Total Time": 0.002, "Actual Rows": 1, "Actual Loops": 561, "Output": ["u.id", "u.reputation", "u.creationdate", "u.views", "u.upvotes", "u.downvotes"], "Index Cond": "(u.id = p.owneruserid)", "Rows Removed by Index Recheck": 0, "Filter": "((u.creationdate <= 1407280992) AND (u.creationdate >= 1282210296) AND (u.downvotes >= 0) AND (u.views <= 33))", "Rows Removed by Filter": 0}]}, {"Node Type": "Index Scan", "Parent Relationship": "Inner", "Parallel Aware": false, "Scan Direction": "Forward", "Index Name": "idx_badges_userid", "Relation Name": "badges", "Schema": "public", "Alias": "b", "Startup Cost": 0.29, "Total Cost": 0.44, "Plan Rows": 4, "Plan Width": 4, "Actual Startup Time": 0.003, "Actual Total Time": 0.005, "Actual Rows": 5, "Actual Loops": 332, "Output": ["b.id", "b.userid", "b.date"], "Index Cond": "(b.userid = u.id)", "Rows Removed by Index Recheck": 0, "Filter": "(b.date <= 1410360606)", "Rows Removed by Filter": 0}]}]}, "Planning Time": 86.418, "Triggers": [], "Execution Time": 18.839}]
q119#####[{"Plan": {"Node Type": "Aggregate", "Strategy": "Plain", "Partial Mode": "Simple", "Parallel Aware": false, "Startup Cost": 38485.29, "Total Cost": 38485.3, "Plan Rows": 1, "Plan Width": 8, "Actual Startup Time": 5739.773, "Actual Total Time": 5739.778, "Actual Rows": 1, "Actual Loops": 1, "Output": ["count(*)"], "Plans": [{"Node Type": "Merge Join", "Parent Relationship": "Outer", "Parallel Aware": false, "Join Type": "Inner", "Startup Cost": 5612.3, "Total Cost": 10807.01, "Plan Rows": 11071313, "Plan Width": 0, "Actual Startup Time": 60.678, "Actual Total Time": 4399.933, "Actual Rows": 38292901, "Actual Loops": 1, "Inner Unique": false, "Merge Cond": "(b.userid = ph.userid)", "Plans": [{"Node Type": "Merge Join", "Parent Relationship": "Outer", "Parallel Aware": false, "Join Type": "Inner", "Startup Cost": 1815.92, "Total Cost": 5347.86, "Plan Rows": 18398, "Plan Width": 8, "Actual Startup Time": 9.607, "Actual Total Time": 41.693, "Actual Rows": 198947, "Actual Loops": 1, "Output": ["b.userid", "p.owneruserid"], "Inner Unique": false, "Merge Cond": "(b.userid = p.owneruserid)", "Plans": [{"Node Type": "Index Only Scan", "Parent Relationship": "Outer", "Parallel Aware": false, "Scan Direction": "Forward", "Index Name": "idx_badges_userid", "Relation Name": "badges", "Schema": "public", "Alias": "b", "Startup Cost": 0.29, "Total Cost": 716.2, "Plan Rows": 27994, "Plan Width": 4, "Actual Startup Time": 0.009, "Actual Total Time": 2.56, "Actual Rows": 27966, "Actual Loops": 1, "Output": ["b.userid"], "Heap Fetches": 0}, {"Node Type": "Sort", "Parent Relationship": "Inner", "Parallel Aware": false, "Startup Cost": 1808.17, "Total Cost": 1847.85, "Plan Rows": 15869, "Plan Width": 4, "Actual Startup Time": 9.58, "Actual Total Time": 18.525, "Actual Rows": 201617, "Actual Loops": 1, "Output": ["p.owneruserid"], "Sort Key": ["p.owneruserid"], "Sort Method": "quicksort", "Sort Space Used": 1127, "Sort Space Type": "Memory", "Plans": [{"Node Type": "Seq Scan", "Parent Relationship": "Outer", "Parallel Aware": false, "Relation Name": "posts", "Schema": "public", "Alias": "p", "Startup Cost": 0.0, "Total Cost": 701.0, "Plan Rows": 15869, "Plan Width": 4, "Actual Startup Time": 0.016, "Actual Total Time": 5.408, "Actual Rows": 15850, "Actual Loops": 1, "Output": ["p.owneruserid"], "Filter": "(p.posttypeid = 2)", "Rows Removed by Filter": 16230}]}]}, {"Node Type": "Sort", "Parent Relationship": "Inner", "Parallel Aware": false, "Startup Cost": 3772.41, "Total Cost": 3798.61, "Plan Rows": 10478, "Plan Width": 8, "Actual Startup Time": 50.675, "Actual Total Time": 1312.343, "Actual Rows": 38305871, "Actual Loops": 1, "Output": ["ph.userid", "u.id"], "Sort Key": ["ph.userid"], "Sort Method": "quicksort", "Sort Space Used": 2220, "Sort Space Type": "Memory", "Plans": [{"Node Type": "Hash Join", "Parent Relationship": "Outer", "Parallel Aware": false, "Join Type": "Inner", "Startup Cost": 421.61, "Total Cost": 3072.74, "Plan Rows": 10478, "Plan Width": 8, "Actual Startup Time": 4.516, "Actual Total Time": 42.522, "Actual Rows": 30974, "Actual Loops": 1, "Output": ["ph.userid", "u.id"], "Inner Unique": true, "Hash Cond": "(ph.userid = u.id)", "Plans": [{"Node Type": "Seq Scan", "Parent Relationship": "Outer", "Parallel Aware": false, "Relation Name": "posthistory", "Schema": "public", "Alias": "ph", "Startup Cost": 0.0, "Total Cost": 2375.99, "Plan Rows": 104785, "Plan Width": 4, "Actual Startup Time": 0.013, "Actual Total Time": 19.07, "Actual Rows": 105384, "Actual Loops": 1, "Output": ["ph.id", "ph.posthistorytypeid", "ph.postid", "ph.creationdate", "ph.userid"], "Filter": "((ph.creationdate <= 1410308563) AND (ph.creationdate >= 1280225299))", "Rows Removed by Filter": 882}, {"Node Type": "Hash", "Parent Relationship": "Inner", "Parallel Aware": false, "Startup Cost": 245.16, "Total Cost": 245.16, "Plan Rows": 14116, "Plan Width": 4, "Actual Startup Time": 4.474, "Actual Total Time": 4.475, "Actual Rows": 14116, "Actual Loops": 1, "Output": ["u.id"], "Hash Buckets": 16384, "Original Hash Buckets": 16384, "Hash Batches": 1, "Original Hash Batches": 1, "Peak Memory Usage": 625, "Plans": [{"Node Type": "Seq Scan", "Parent Relationship": "Outer", "Parallel Aware": false, "Relation Name": "users", "Schema": "public", "Alias": "u", "Startup Cost": 0.0, "Total Cost": 245.16, "Plan Rows": 14116, "Plan Width": 4, "Actual Startup Time": 0.009, "Actual Total Time": 2.015, "Actual Rows": 14116, "Actual Loops": 1, "Output": ["u.id"]}]}]}]}]}]}, "Planning Time": 96.016, "Triggers": [], "Execution Time": 5739.967}]
q131#####[{"Plan": {"Node Type": "Aggregate", "Strategy": "Plain", "Partial Mode": "Simple", "Parallel Aware": false, "Startup Cost": 4958.33, "Total Cost": 4958.34, "Plan Rows": 1, "Plan Width": 8, "Actual Startup Time": 15.462, "Actual Total Time": 15.466, "Actual Rows": 1, "Actual Loops": 1, "Output": ["count(*)"], "Plans": [{"Node Type": "Nested Loop", "Parent Relationship": "Outer", "Parallel Aware": false, "Join Type": "Inner", "Startup Cost": 1950.58, "Total Cost": 4862.55, "Plan Rows": 38314, "Plan Width": 0, "Actual Startup Time": 12.886, "Actual Total Time": 15.446, "Actual Rows": 402, "Actual Loops": 1, "Inner Unique": false, "Plans": [{"Node Type": "Hash Join", "Parent Relationship": "Outer", "Parallel Aware": false, "Join Type": "Inner", "Startup Cost": 1950.29, "Total Cost": 3664.76, "Plan Rows": 3305, "Plan Width": 8, "Actual Startup Time": 12.873, "Actual Total Time": 15.2, "Actual Rows": 100, "Actual Loops": 1, "Output": ["p.owneruserid", "u.id"], "Inner Unique": true, "Hash Cond": "(p.owneruserid = u.id)", "Plans": [{"Node Type": "Nested Loop", "Parent Relationship": "Outer", "Parallel Aware": false, "Join Type": "Inner", "Startup Cost": 1528.68, "Total Cost": 2375.34, "Plan Rows": 330500, "Plan Width": 4, "Actual Startup Time": 8.804, "Actual Total Time": 11.205, "Actual Rows": 442, "Actual Loops": 1, "Output": ["p.owneruserid"], "Inner Unique": false, "Plans": [{"Node Type": "Hash Join", "Parent Relationship": "Outer", "Parallel Aware": false, "Join Type": "Inner", "Startup Cost": 1528.39, "Total Cost": 1633.43, "Plan Rows": 1449, "Plan Width": 12, "Actual Startup Time": 8.764, "Actual Total Time": 9.674, "Actual Rows": 442, "Actual Loops": 1, "Output": ["pl.relatedpostid", "p.owneruserid", "p.id"], "Inner Unique": true, "Hash Cond": "(pl.relatedpostid = p.id)", "Plans": [{"Node Type": "Seq Scan", "Parent Relationship": "Outer", "Parallel Aware": false, "Relation Name": "postlinks", "Schema": "public", "Alias": "pl", "Startup Cost": 0.0, "Total Cost": 96.83, "Plan Rows": 3128, "Plan Width": 4, "Actual Startup Time": 0.009, "Actual Total Time": 0.55, "Actual Rows": 3210, "Actual Loops": 1, "Output": ["pl.id", "pl.creationdate", "pl.postid", "pl.relatedpostid", "pl.linktypeid"], "Filter": "((pl.creationdate <= 1406726992) AND (pl.creationdate >= 1315054810) AND (pl.linktypeid = 1))", "Rows Removed by Filter": 666}, {"Node Type": "Hash", "Parent Relationship": "Inner", "Parallel Aware": false, "Startup Cost": 1342.6, "Total Cost": 1342.6, "Plan Rows": 14863, "Plan Width": 8, "Actual Startup Time": 8.656, "Actual Total Time": 8.657, "Actual Rows": 15118, "Actual Loops": 1, "Output": ["p.owneruserid", "p.id"], "Hash Buckets": 16384, "Original Hash Buckets": 16384, "Hash Batches": 1, "Original Hash Batches": 1, "Peak Memory Usage": 719, "Plans": [{"Node Type": "Seq Scan", "Parent Relationship": "Outer", "Parallel Aware": false, "Relation Name": "posts", "Schema": "public", "Alias": "p", "Startup Cost": 0.0, "Total Cost": 1342.6, "Plan Rows": 14863, "Plan Width": 8, "Actual Startup Time": 0.007, "Actual Total Time": 6.608, "Actual Rows": 15118, "Actual Loops": 1, "Output": ["p.owneruserid", "p.id"], "Filter": "((p.answercount <= 4) AND (p.answercount >= 0) AND (p.commentcount <= 10) AND (p.commentcount >= 0) AND (p.creationdate <= 1410452832) AND (p.creationdate >= 1279772240) AND (p.favoritecount <= 9) AND (p.score <= 23) AND (p.score >= 0))", "Rows Removed by Filter": 16962}]}]}, {"Node Type": "Index Scan", "Parent Relationship": "Inner", "Parallel Aware": false, "Scan Direction": "Forward", "Index Name": "idx_comments_postid", "Relation Name": "comments", "Schema": "public", "Alias": "c", "Startup Cost": 0.29, "Total Cost": 0.49, "Plan Rows": 2, "Plan Width": 4, "Actual Startup Time": 0.003, "Actual Total Time": 0.003, "Actual Rows": 1, "Actual Loops": 442, "Output": ["c.id", "c.postid", "c.score", "c.creationdate", "c.userid"], "Index Cond": "(c.postid = p.id)", "Rows Removed by Index Recheck": 0, "Filter": "(c.creationdate <= 1410610335)", "Rows Removed by Filter": 0}]}, {"Node Type": "Hash", "Parent Relationship": "Inner", "Parallel Aware": false, "Startup Cost": 245.16, "Total Cost": 245.16, "Plan Rows": 14116, "Plan Width": 4, "Actual Startup Time": 3.876, "Actual Total Time": 3.876, "Actual Rows": 14116, "Actual Loops": 1, "Output": ["u.id"], "Hash Buckets": 16384, "Original Hash Buckets": 16384, "Hash Batches": 1, "Original Hash Batches": 1, "Peak Memory Usage": 625, "Plans": [{"Node Type": "Seq Scan", "Parent Relationship": "Outer", "Parallel Aware": false, "Relation Name": "users", "Schema": "public", "Alias": "u", "Startup Cost": 0.0, "Total Cost": 245.16, "Plan Rows": 14116, "Plan Width": 4, "Actual Startup Time": 0.016, "Actual Total Time": 1.831, "Actual Rows": 14116, "Actual Loops": 1, "Output": ["u.id"]}]}]}, {"Node Type": "Index Only Scan", "Parent Relationship": "Inner", "Parallel Aware": false, "Scan Direction": "Forward", "Index Name": "idx_badges_userid", "Relation Name": "badges", "Schema": "public", "Alias": "b", "Startup Cost": 0.29, "Total Cost": 0.34, "Plan Rows": 2, "Plan Width": 4, "Actual Startup Time": 0.002, "Actual Total Time": 0.002, "Actual Rows": 4, "Actual Loops": 100, "Output": ["b.userid"], "Index Cond": "(b.userid = p.owneruserid)", "Rows Removed by Index Recheck": 0, "Heap Fetches": 0}]}]}, "Planning Time": 158.569, "Triggers": [], "Execution Time": 15.566}]
q125#####[{"Plan": {"Node Type": "Aggregate", "Strategy": "Plain", "Partial Mode": "Simple", "Parallel Aware": false, "Startup Cost": 459705.35, "Total Cost": 459705.36, "Plan Rows": 1, "Plan Width": 8, "Actual Startup Time": 734.273, "Actual Total Time": 734.275, "Actual Rows": 1, "Actual Loops": 1, "Output": ["count(*)"], "Plans": [{"Node Type": "Hash Join", "Parent Relationship": "Outer", "Parallel Aware": false, "Join Type": "Inner", "Startup Cost": 526.76, "Total Cost": 455585.21, "Plan Rows": 1648058, "Plan Width": 0, "Actual Startup Time": 3.435, "Actual Total Time": 726.658, "Actual Rows": 196685, "Actual Loops": 1, "Inner Unique": true, "Hash Cond": "(b.userid = u.id)", "Plans": [{"Node Type": "Nested Loop", "Parent Relationship": "Outer", "Parallel Aware": false, "Join Type": "Inner", "Startup Cost": 0.29, "Total Cost": 19816.25, "Plan Rows": 165756900, "Plan Width": 8, "Actual Startup Time": 0.037, "Actual Total Time": 614.0, "Actual Rows": 1766038, "Actual Loops": 1, "Output": ["b.userid", "c.userid"], "Inner Unique": false, "Plans": [{"Node Type": "Seq Scan", "Parent Relationship": "Outer", "Parallel Aware": false, "Relation Name": "badges", "Schema": "public", "Alias": "b", "Startup Cost": 0.0, "Total Cost": 431.94, "Plan Rows": 27994, "Plan Width": 4, "Actual Startup Time": 0.014, "Actual Total Time": 2.005, "Actual Rows": 27994, "Actual Loops": 1, "Output": ["b.id", "b.userid", "b.date"]}, {"Node Type": "Index Scan", "Parent Relationship": "Inner", "Parallel Aware": false, "Scan Direction": "Forward", "Index Name": "idx_comments_userid", "Relation Name": "comments", "Schema": "public", "Alias": "c", "Startup Cost": 0.29, "Total Cost": 0.59, "Plan Rows": 10, "Plan Width": 4, "Actual Startup Time": 0.001, "Actual Total Time": 0.017, "Actual Rows": 63, "Actual Loops": 27994, "Output": ["c.id", "c.postid", "c.score", "c.creationdate", "c.userid"], "Index Cond": "(c.userid = b.userid)", "Rows Removed by Index Recheck": 0, "Filter": "((c.creationdate <= 1410497359) AND (c.creationdate >= 1281616050))", "Rows Removed by Filter": 0}]}, {"Node Type": "Hash", "Parent Relationship": "Inner", "Parallel Aware": false, "Startup Cost": 351.03, "Total Cost": 351.03, "Plan Rows": 14035, "Plan Width": 4, "Actual Startup Time": 3.372, "Actual Total Time": 3.373, "Actual Rows": 14035, "Actual Loops": 1, "Output": ["u.id"], "Hash Buckets": 16384, "Original Hash Buckets": 16384, "Hash Batches": 1, "Original Hash Batches": 1, "Peak Memory Usage": 622, "Plans": [{"Node Type": "Seq Scan", "Parent Relationship": "Outer", "Parallel Aware": false, "Relation Name": "users", "Schema": "public", "Alias": "u", "Startup Cost": 0.0, "Total Cost": 351.03, "Plan Rows": 14035, "Plan Width": 4, "Actual Startup Time": 0.009, "Actual Total Time": 2.0, "Actual Rows": 14035, "Actual Loops": 1, "Output": ["u.id"], "Filter": "((u.downvotes <= 2) AND (u.downvotes >= 0) AND (u.views >= 0))", "Rows Removed by Filter": 81}]}]}]}, "Planning Time": 57.774, "Triggers": [], "Execution Time": 734.378}]
q124#####[{"Plan": {"Node Type": "Aggregate", "Strategy": "Plain", "Partial Mode": "Simple", "Parallel Aware": false, "Startup Cost": 50306352.39, "Total Cost": 50306352.4, "Plan Rows": 1, "Plan Width": 8, "Actual Startup Time": 28225.832, "Actual Total Time": 28225.834, "Actual Rows": 1, "Actual Loops": 1, "Output": ["count(*)"], "Plans": [{"Node Type": "Nested Loop", "Parent Relationship": "Outer", "Parallel Aware": false, "Join Type": "Inner", "Startup Cost": 6331.61, "Total Cost": 12617609.33, "Plan Rows": 15075497225, "Plan Width": 0, "Actual Startup Time": 34.535, "Actual Total Time": 21933.099, "Actual Rows": 183537163, "Actual Loops": 1, "Inner Unique": false, "Plans": [{"Node Type": "Merge Join", "Parent Relationship": "Outer", "Parallel Aware": false, "Join Type": "Inner", "Startup Cost": 6331.19, "Total Cost": 37532.95, "Plan Rows": 10437225, "Plan Width": 12, "Actual Startup Time": 34.516, "Actual Total Time": 286.768, "Actual Rows": 949319, "Actual Loops": 1, "Output": ["c.userid", "u.id", "v.userid"], "Inner Unique": false, "Merge Cond": "(c.userid = u.id)", "Plans": [{"Node Type": "Index Scan", "Parent Relationship": "Outer", "Parallel Aware": false, "Scan Direction": "Forward", "Index Name": "idx_comments_userid", "Relation Name": "comments", "Schema": "public", "Alias": "c", "Startup Cost": 0.29, "Total Cost": 9147.01, "Plan Rows": 132724, "Plan Width": 4, "Actual Startup Time": 0.022, "Actual Total Time": 65.116, "Actual Rows": 134490, "Actual Loops": 1, "Output": ["c.id", "c.postid", "c.score", "c.creationdate", "c.userid"], "Filter": "((c.creationdate <= 1410413772) AND (c.creationdate >= 1279540581) AND (c.score = 0))", "Rows Removed by Filter": 39815}, {"Node Type": "Materialize", "Parent Relationship": "Inner", "Parallel Aware": false, "Startup Cost": 6166.57, "Total Cost": 12739.24, "Plan Rows": 326754, "Plan Width": 8, "Actual Startup Time": 32.728, "Actual Total Time": 93.945, "Actual Rows": 956291, "Actual Loops": 1, "Output": ["u.id", "v.userid"], "Plans": [{"Node Type": "Merge Join", "Parent Relationship": "Outer", "Parallel Aware": false, "Join Type": "Inner", "Startup Cost": 6166.57, "Total Cost": 11922.35, "Plan Rows": 326754, "Plan Width": 8, "Actual Startup Time": 32.723, "Actual Total Time": 48.223, "Actual Rows": 29896, "Actual Loops": 1, "Output": ["u.id", "v.userid"], "Inner Unique": false, "Merge Cond": "(u.id = v.userid)", "Plans": [{"Node Type": "Index Scan", "Parent Relationship": "Outer", "Parallel Aware": false, "Scan Direction": "Forward", "Index Name": "users_pkey", "Relation Name": "users", "Schema": "public", "Alias": "u", "Startup Cost": 0.29, "Total Cost": 1659.6, "Plan Rows": 40164, "Plan Width": 4, "Actual Startup Time": 0.013, "Actual Total Time": 7.931, "Actual Rows": 40071, "Actual Loops": 1, "Output": ["u.id", "u.reputation", "u.creationdate", "u.views", "u.upvotes", "u.downvotes"], "Filter": "((u.creationdate <= 1410529059) AND (u.downvotes >= 0) AND (u.views <= 433))", "Rows Removed by Filter": 98}, {"Node Type": "Index Only Scan", "Parent Relationship": "Inner", "Parallel Aware": false, "Scan Direction": "Forward", "Index Name": "idx_votes_userid", "Relation Name": "votes", "Schema": "public", "Alias": "v", "Startup Cost": 0.3, "Total Cost": 6081.26, "Plan Rows": 328064, "Plan Width": 4, "Actual Startup Time": 0.01, "Actual Total Time": 22.881, "Actual Rows": 328056, "Actual Loops": 1, "Output": ["v.userid"], "Heap Fetches": 0}]}]}]}, {"Node Type": "Index Only Scan", "Parent Relationship": "Inner", "Parallel Aware": false, "Scan Direction": "Forward", "Index Name": "idx_posthistory_userid", "Relation Name": "posthistory", "Schema": "public", "Alias": "ph", "Startup Cost": 0.42, "Total Cost": 0.93, "Plan Rows": 28, "Plan Width": 4, "Actual Startup Time": 0.002, "Actual Total Time": 0.012, "Actual Rows": 193, "Actual Loops": 949319, "Output": ["ph.userid"], "Index Cond": "(ph.userid = c.userid)", "Rows Removed by Index Recheck": 0, "Heap Fetches": 0}]}]}, "Planning Time": 92.714, "Triggers": [], "Execution Time": 28225.967}]
q130#####[{"Plan": {"Node Type": "Aggregate", "Strategy": "Plain", "Partial Mode": "Simple", "Parallel Aware": false, "Startup Cost": 6739.96, "Total Cost": 6739.97, "Plan Rows": 1, "Plan Width": 8, "Actual Startup Time": 30.297, "Actual Total Time": 30.304, "Actual Rows": 1, "Actual Loops": 1, "Output": ["count(*)"], "Plans": [{"Node Type": "Nested Loop", "Parent Relationship": "Outer", "Parallel Aware": false, "Join Type": "Inner", "Startup Cost": 3333.48, "Total Cost": 5893.12, "Plan Rows": 338737, "Plan Width": 0, "Actual Startup Time": 18.078, "Actual Total Time": 29.815, "Actual Rows": 13751, "Actual Loops": 1, "Inner Unique": false, "Plans": [{"Node Type": "Hash Join", "Parent Relationship": "Outer", "Parallel Aware": false, "Join Type": "Inner", "Startup Cost": 3333.2, "Total Cost": 4865.73, "Plan Rows": 2921, "Plan Width": 8, "Actual Startup Time": 18.061, "Actual Total Time": 26.941, "Actual Rows": 1233, "Actual Loops": 1, "Output": ["p.owneruserid", "u.id"], "Inner Unique": false, "Hash Cond": "(c.postid = p.id)", "Plans": [{"Node Type": "Seq Scan", "Parent Relationship": "Outer", "Parallel Aware": false, "Relation Name": "comments", "Schema": "public", "Alias": "c", "Startup Cost": 0.0, "Total Cost": 1061.28, "Plan Rows": 61128, "Plan Width": 4, "Actual Startup Time": 0.025, "Actual Total Time": 3.466, "Actual Rows": 61128, "Actual Loops": 1, "Output": ["c.id", "c.postid", "c.score", "c.creationdate", "c.userid"]}, {"Node Type": "Hash", "Parent Relationship": "Inner", "Parallel Aware": false, "Startup Cost": 3174.43, "Total Cost": 3174.43, "Plan Rows": 12701, "Plan Width": 20, "Actual Startup Time": 17.933, "Actual Total Time": 17.939, "Actual Rows": 1160, "Actual Loops": 1, "Output": ["pl.relatedpostid", "p.owneruserid", "p.id", "u.id", "v.postid"], "Hash Buckets": 16384, "Original Hash Buckets": 16384, "Hash Batches": 1, "Original Hash Batches": 1, "Peak Memory Usage": 187, "Plans": [{"Node Type": "Nested Loop", "Parent Relationship": "Outer", "Parallel Aware": false, "Join Type": "Inner", "Startup Cost": 1543.95, "Total Cost": 3174.43, "Plan Rows": 12701, "Plan Width": 20, "Actual Startup Time": 15.487, "Actual Total Time": 17.732, "Actual Rows": 1160, "Actual Loops": 1, "Output": ["pl.relatedpostid", "p.owneruserid", "p.id", "u.id", "v.postid"], "Inner Unique": false, "Plans": [{"Node Type": "Hash Join", "Parent Relationship": "Outer", "Parallel Aware": false, "Join Type": "Inner", "Startup Cost": 1543.65, "Total Cost": 1631.76, "Plan Rows": 3752, "Plan Width": 16, "Actual Startup Time": 15.455, "Actual Total Time": 16.777, "Actual Rows": 235, "Actual Loops": 1, "Output": ["pl.relatedpostid", "p.owneruserid", "p.id", "u.id"], "Inner Unique": true, "Hash Cond": "(p.owneruserid = u.id)", "Plans": [{"Node Type": "Hash Join", "Parent Relationship": "Outer", "Parallel Aware": false, "Join Type": "Inner", "Startup Cost": 1021.8, "Total Cost": 1099.73, "Plan Rows": 3876, "Plan Width": 12, "Actual Startup Time": 9.805, "Actual Total Time": 10.934, "Actual Rows": 1134, "Actual Loops": 1, "Output": ["pl.relatedpostid", "p.owneruserid", "p.id"], "Inner Unique": true, "Hash Cond": "(pl.relatedpostid = p.id)", "Plans": [{"Node Type": "Seq Scan", "Parent Relationship": "Outer", "Parallel Aware": false, "Relation Name": "postlinks", "Schema": "public", "Alias": "pl", "Startup Cost": 0.0, "Total Cost": 67.76, "Plan Rows": 3876, "Plan Width": 4, "Actual Startup Time": 0.005, "Actual Total Time": 0.325, "Actual Rows": 3876, "Actual Loops": 1, "Output": ["pl.id", "pl.creationdate", "pl.postid", "pl.relatedpostid", "pl.linktypeid"]}, {"Node Type": "Hash", "Parent Relationship": "Inner", "Parallel Aware": false, "Startup Cost": 620.8, "Total Cost": 620.8, "Plan Rows": 32080, "Plan Width": 8, "Actual Startup Time": 9.634, "Actual Total Time": 9.635, "Actual Rows": 32080, "Actual Loops": 1, "Output": ["p.owneruserid", "p.id"], "Hash Buckets": 32768, "Original Hash Buckets": 32768, "Hash Batches": 1, "Original Hash Batches": 1, "Peak Memory Usage": 1510, "Plans": [{"Node Type": "Seq Scan", "Parent Relationship": "Outer", "Parallel Aware": false, "Relation Name": "posts", "Schema": "public", "Alias": "p", "Startup Cost": 0.0, "Total Cost": 620.8, "Plan Rows": 32080, "Plan Width": 8, "Actual Startup Time": 0.005, "Actual Total Time": 4.65, "Actual Rows": 32080, "Actual Loops": 1, "Output": ["p.owneruserid", "p.id"]}]}]}, {"Node Type": "Hash", "Parent Relationship": "Inner", "Parallel Aware": false, "Startup Cost": 351.03, "Total Cost": 351.03, "Plan Rows": 13666, "Plan Width": 4, "Actual Startup Time": 5.637, "Actual Total Time": 5.638, "Actual Rows": 13668, "Actual Loops": 1, "Output": ["u.id"], "Hash Buckets": 16384, "Original Hash Buckets": 16384, "Hash Batches": 1, "Original Hash Batches": 1, "Peak Memory Usage": 609, "Plans": [{"Node Type": "Seq Scan", "Parent Relationship": "Outer", "Parallel Aware": false, "Relation Name": "users", "Schema": "public", "Alias": "u", "Startup Cost": 0.0, "Total Cost": 351.03, "Plan Rows": 13666, "Plan Width": 4, "Actual Startup Time": 0.017, "Actual Total Time": 3.285, "Actual Rows": 13668, "Actual Loops": 1, "Output": ["u.id"], "Filter": "((u.creationdate <= 1409103088) AND (u.creationdate >= 1279584339) AND (u.views <= 190))", "Rows Removed by Filter": 448}]}]}, {"Node Type": "Index Only Scan", "Parent Relationship": "Inner", "Parallel Aware": false, "Scan Direction": "Forward", "Index Name": "idx_votes_postid", "Relation Name": "votes", "Schema": "public", "Alias": "v", "Startup Cost": 0.29, "Total Cost": 0.38, "Plan Rows": 3, "Plan Width": 4, "Actual Startup Time": 0.003, "Actual Total Time": 0.003, "Actual Rows": 5, "Actual Loops": 235, "Output": ["v.postid"], "Index Cond": "(v.postid = p.id)", "Rows Removed by Index Recheck": 0, "Heap Fetches": 0}]}]}]}, {"Node Type": "Index Only Scan", "Parent Relationship": "Inner", "Parallel Aware": false, "Scan Direction": "Forward", "Index Name": "idx_badges_userid", "Relation Name": "badges", "Schema": "public", "Alias": "b", "Startup Cost": 0.29, "Total Cost": 0.33, "Plan Rows": 2, "Plan Width": 4, "Actual Startup Time": 0.001, "Actual Total Time": 0.002, "Actual Rows": 11, "Actual Loops": 1233, "Output": ["b.userid"], "Index Cond": "(b.userid = p.owneruserid)", "Rows Removed by Index Recheck": 0, "Heap Fetches": 0}]}]}, "Planning Time": 203.562, "Triggers": [], "Execution Time": 30.452}]
q118#####[{"Plan": {"Node Type": "Aggregate", "Strategy": "Plain", "Partial Mode": "Simple", "Parallel Aware": false, "Startup Cost": 59987.42, "Total Cost": 59987.43, "Plan Rows": 1, "Plan Width": 8, "Actual Startup Time": 5432.918, "Actual Total Time": 5432.923, "Actual Rows": 1, "Actual Loops": 1, "Output": ["count(*)"], "Plans": [{"Node Type": "Merge Join", "Parent Relationship": "Outer", "Parallel Aware": false, "Join Type": "Inner", "Startup Cost": 7847.14, "Total Cost": 16133.1, "Plan Rows": 17541728, "Plan Width": 0, "Actual Startup Time": 76.459, "Actual Total Time": 4172.917, "Actual Rows": 36715882, "Actual Loops": 1, "Inner Unique": false, "Merge Cond": "(b.userid = ph.userid)", "Plans": [{"Node Type": "Merge Join", "Parent Relationship": "Outer", "Parallel Aware": false, "Join Type": "Inner", "Startup Cost": 4422.44, "Total Cost": 10076.07, "Plan Rows": 29087, "Plan Width": 8, "Actual Startup Time": 46.99, "Actual Total Time": 84.295, "Actual Rows": 120187, "Actual Loops": 1, "Output": ["b.userid", "v.userid"], "Inner Unique": false, "Merge Cond": "(b.userid = v.userid)", "Plans": [{"Node Type": "Index Scan", "Parent Relationship": "Outer", "Parallel Aware": false, "Scan Direction": "Forward", "Index Name": "idx_badges_userid", "Relation Name": "badges", "Schema": "public", "Alias": "b", "Startup Cost": 0.29, "Total Cost": 1394.18, "Plan Rows": 27967, "Plan Width": 4, "Actual Startup Time": 0.021, "Actual Total Time": 11.099, "Actual Rows": 27908, "Actual Loops": 1, "Output": ["b.id", "b.userid", "b.date"], "Filter": "(b.date >= 1279547646)", "Rows Removed by Filter": 41}, {"Node Type": "Materialize", "Parent Relationship": "Inner", "Parallel Aware": false, "Startup Cost": 0.29, "Total Cost": 4538.32, "Plan Rows": 114364, "Plan Width": 4, "Actual Startup Time": 0.022, "Actual Total Time": 46.838, "Actual Rows": 224885, "Actual Loops": 1, "Output": ["v.id", "v.postid", "v.votetypeid", "v.creationdate", "v.userid", "v.bountyamount"], "Plans": [{"Node Type": "Index Scan", "Parent Relationship": "Outer", "Parallel Aware": false, "Scan Direction": "Forward", "Index Name": "idx_votes_userid", "Relation Name": "votes", "Schema": "public", "Alias": "v", "Startup Cost": 0.29, "Total Cost": 4252.41, "Plan Rows": 114364, "Plan Width": 4, "Actual Startup Time": 0.02, "Actual Total Time": 29.415, "Actual Rows": 114520, "Actual Loops": 1, "Output": ["v.id", "v.postid", "v.votetypeid", "v.creationdate", "v.userid", "v.bountyamount"], "Filter": "(v.creationdate <= 1410278400)", "Rows Removed by Filter": 356}]}]}, {"Node Type": "Sort", "Parent Relationship": "Inner", "Parallel Aware": false, "Startup Cost": 3386.76, "Total Cost": 3413.04, "Plan Rows": 10512, "Plan Width": 8, "Actual Startup Time": 28.636, "Actual Total Time": 1221.732, "Actual Rows": 36733742, "Actual Loops": 1, "Output": ["ph.userid", "u.id"], "Sort Key": ["ph.userid"], "Sort Method": "quicksort", "Sort Space Used": 2062, "Sort Space Type": "Memory", "Plans": [{"Node Type": "Hash Join", "Parent Relationship": "Outer", "Parallel Aware": false, "Join Type": "Inner", "Startup Cost": 560.87, "Total Cost": 2684.57, "Plan Rows": 10512, "Plan Width": 8, "Actual Startup Time": 3.543, "Actual Total Time": 23.566, "Actual Rows": 27588, "Actual Loops": 1, "Output": ["ph.userid", "u.id"], "Inner Unique": true, "Hash Cond": "(ph.userid = u.id)", "Plans": [{"Node Type": "Seq Scan", "Parent Relationship": "Outer", "Parallel Aware": false, "Relation Name": "posthistory", "Schema": "public", "Alias": "ph", "Startup Cost": 0.0, "Total Cost": 1844.66, "Plan Rows": 106266, "Plan Width": 4, "Actual Startup Time": 0.014, "Actual Total Time": 5.975, "Actual Rows": 106266, "Actual Loops": 1, "Output": ["ph.id", "ph.posthistorytypeid", "ph.postid", "ph.creationdate", "ph.userid"]}, {"Node Type": "Hash", "Parent Relationship": "Inner", "Parallel Aware": false, "Startup Cost": 386.32, "Total Cost": 386.32, "Plan Rows": 13964, "Plan Width": 4, "Actual Startup Time": 3.497, "Actual Total Time": 3.498, "Actual Rows": 14016, "Actual Loops": 1, "Output": ["u.id"], "Hash Buckets": 16384, "Original Hash Buckets": 16384, "Hash Batches": 1, "Original Hash Batches": 1, "Peak Memory Usage": 621, "Plans": [{"Node Type": "Seq Scan", "Parent Relationship": "Outer", "Parallel Aware": false, "Relation Name": "users", "Schema": "public", "Alias": "u", "Startup Cost": 0.0, "Total Cost": 386.32, "Plan Rows": 13964, "Plan Width": 4, "Actual Startup Time": 0.009, "Actual Total Time": 2.146, "Actual Rows": 14016, "Actual Loops": 1, "Output": ["u.id"], "Filter": "((u.downvotes <= 3) AND (u.downvotes >= 0) AND (u.upvotes <= 71) AND (u.upvotes >= 0))", "Rows Removed by Filter": 100}]}]}]}]}]}, "Planning Time": 79.922, "Triggers": [], "Execution Time": 5433.143}]
q25#####[{"Plan": {"Node Type": "Aggregate", "Strategy": "Plain", "Partial Mode": "Simple", "Parallel Aware": false, "Startup Cost": 20865426.46, "Total Cost": 20865426.47, "Plan Rows": 1, "Plan Width": 8, "Actual Startup Time": 17613.51, "Actual Total Time": 17613.516, "Actual Rows": 1, "Actual Loops": 1, "Output": ["count(*)"], "Plans": [{"Node Type": "Hash Join", "Parent Relationship": "Outer", "Parallel Aware": false, "Join Type": "Inner", "Startup Cost": 13325.4, "Total Cost": 7266178.62, "Plan Rows": 5439699136, "Plan Width": 0, "Actual Startup Time": 508.662, "Actual Total Time": 17593.339, "Actual Rows": 569476, "Actual Loops": 1, "Inner Unique": false, "Hash Cond": "(c.userid = u.id)", "Plans": [{"Node Type": "Nested Loop", "Parent Relationship": "Outer", "Parallel Aware": false, "Join Type": "Inner", "Startup Cost": 0.29, "Total Cost": 110817.65, "Plan Rows": 75605617, "Plan Width": 8, "Actual Startup Time": 0.049, "Actual Total Time": 14638.625, "Actual Rows": 53580751, "Actual Loops": 1, "Output": ["c.userid", "ph.userid"], "Inner Unique": false, "Plans": [{"Node Type": "Seq Scan", "Parent Relationship": "Outer", "Parallel Aware": false, "Relation Name": "posthistory", "Schema": "public", "Alias": "ph", "Startup Cost": 0.0, "Total Cost": 6019.84, "Plan Rows": 92674, "Plan Width": 4, "Actual Startup Time": 0.025, "Actual Total Time": 36.007, "Actual Rows": 91976, "Actual Loops": 1, "Output": ["ph.id", "ph.posthistorytypeid", "ph.postid", "ph.creationdate", "ph.userid"], "Filter": "(ph.posthistorytypeid = 2)", "Rows Removed by Filter": 211211}, {"Node Type": "Index Scan", "Parent Relationship": "Inner", "Parallel Aware": false, "Scan Direction": "Forward", "Index Name": "idx_comments_userid", "Relation Name": "comments", "Schema": "public", "Alias": "c", "Startup Cost": 0.29, "Total Cost": 0.88, "Plan Rows": 25, "Plan Width": 4, "Actual Startup Time": 0.002, "Actual Total Time": 0.116, "Actual Rows": 583, "Actual Loops": 91976, "Output": ["c.id", "c.postid", "c.score", "c.creationdate", "c.userid"], "Index Cond": "(c.userid = ph.userid)", "Rows Removed by Index Recheck": 0, "Filter": "(c.creationdate <= 1409181955)", "Rows Removed by Filter": 11}]}, {"Node Type": "Hash", "Parent Relationship": "Inner", "Parallel Aware": false, "Startup Cost": 8420.17, "Total Cost": 8420.17, "Plan Rows": 298955, "Plan Width": 8, "Actual Startup Time": 75.499, "Actual Total Time": 75.502, "Actual Rows": 11735, "Actual Loops": 1, "Output": ["u.id", "v.userid"], "Hash Buckets": 131072, "Original Hash Buckets": 131072, "Hash Batches": 4, "Original Hash Batches": 4, "Peak Memory Usage": 1167, "Plans": [{"Node Type": "Hash Join", "Parent Relationship": "Outer", "Parallel Aware": false, "Join Type": "Inner", "Startup Cost": 1865.28, "Total Cost": 8420.17, "Plan Rows": 298955, "Plan Width": 8, "Actual Startup Time": 20.164, "Actual Total Time": 73.375, "Actual Rows": 11735, "Actual Loops": 1, "Output": ["u.id", "v.userid"], "Inner Unique": true, "Hash Cond": "(v.userid = u.id)", "Plans": [{"Node Type": "Seq Scan", "Parent Relationship": "Outer", "Parallel Aware": false, "Relation Name": "votes", "Schema": "public", "Alias": "v", "Startup Cost": 0.0, "Total Cost": 5693.64, "Plan Rows": 328064, "Plan Width": 4, "Actual Startup Time": 0.017, "Actual Total Time": 20.356, "Actual Rows": 328064, "Actual Loops": 1, "Output": ["v.id", "v.postid", "v.votetypeid", "v.creationdate", "v.userid", "v.bountyamount"]}, {"Node Type": "Hash", "Parent Relationship": "Inner", "Parallel Aware": false, "Startup Cost": 1405.94, "Total Cost": 1405.94, "Plan Rows": 36747, "Plan Width": 4, "Actual Startup Time": 18.008, "Actual Total Time": 18.009, "Actual Rows": 36820, "Actual Loops": 1, "Output": ["u.id"], "Hash Buckets": 65536, "Original Hash Buckets": 65536, "Hash Batches": 1, "Original Hash Batches": 1, "Peak Memory Usage": 1807, "Plans": [{"Node Type": "Seq Scan", "Parent Relationship": "Outer", "Parallel Aware": false, "Relation Name": "users", "Schema": "public", "Alias": "u", "Startup Cost": 0.0, "Total Cost": 1405.94, "Plan Rows": 36747, "Plan Width": 4, "Actual Startup Time": 0.121, "Actual Total Time": 10.669, "Actual Rows": 36820, "Actual Loops": 1, "Output": ["u.id"], "Filter": "((u.creationdate <= 1408353593) AND (u.creationdate >= 1283485516) AND (u.downvotes >= 0) AND (u.reputation >= 1) AND (u.upvotes <= 15) AND (u.upvotes >= 0) AND (u.views >= 0))", "Rows Removed by Filter": 3505}]}]}]}]}]}, "Planning Time": 79.015, "Triggers": [], "Execution Time": 17613.628}]
q31#####[{"Plan": {"Node Type": "Aggregate", "Strategy": "Plain", "Partial Mode": "Simple", "Parallel Aware": false, "Startup Cost": 72594214.01, "Total Cost": 72594214.02, "Plan Rows": 1, "Plan Width": 8, "Actual Startup Time": 94135.854, "Actual Total Time": 94135.86, "Actual Rows": 1, "Actual Loops": 1, "Output": ["count(*)"], "Plans": [{"Node Type": "Hash Join", "Parent Relationship": "Outer", "Parallel Aware": false, "Join Type": "Inner", "Startup Cost": 13274.26, "Total Cost": 24948124.54, "Plan Rows": 19058435787, "Plan Width": 0, "Actual Startup Time": 90.401, "Actual Total Time": 93742.569, "Actual Rows": 11075893, "Actual Loops": 1, "Inner Unique": false, "Hash Cond": "(c.userid = u.id)", "Plans": [{"Node Type": "Nested Loop", "Parent Relationship": "Outer", "Parallel Aware": false, "Join Type": "Inner", "Startup Cost": 0.42, "Total Cost": 245906.46, "Plan Rows": 248599982, "Plan Width": 8, "Actual Startup Time": 0.097, "Actual Total Time": 78926.509, "Actual Rows": 260664622, "Actual Loops": 1, "Output": ["c.userid", "ph.userid"], "Inner Unique": false, "Plans": [{"Node Type": "Seq Scan", "Parent Relationship": "Outer", "Parallel Aware": false, "Relation Name": "comments", "Schema": "public", "Alias": "c", "Startup Cost": 0.0, "Total Cost": 3025.05, "Plan Rows": 174305, "Plan Width": 4, "Actual Startup Time": 0.01, "Actual Total Time": 21.13, "Actual Rows": 174305, "Actual Loops": 1, "Output": ["c.id", "c.postid", "c.score", "c.creationdate", "c.userid"]}, {"Node Type": "Index Scan", "Parent Relationship": "Inner", "Parallel Aware": false, "Scan Direction": "Forward", "Index Name": "idx_posthistory_userid", "Relation Name": "posthistory", "Schema": "public", "Alias": "ph", "Startup Cost": 0.42, "Total Cost": 1.11, "Plan Rows": 28, "Plan Width": 4, "Actual Startup Time": 0.003, "Actual Total Time": 0.341, "Actual Rows": 1495, "Actual Loops": 174305, "Output": ["ph.id", "ph.posthistorytypeid", "ph.postid", "ph.creationdate", "ph.userid"], "Index Cond": "(ph.userid = c.userid)", "Rows Removed by Index Recheck": 0, "Filter": "((ph.creationdate <= 1409957513) AND (ph.creationdate >= 1280279494))", "Rows Removed by Filter": 14}]}, {"Node Type": "Hash", "Parent Relationship": "Inner", "Parallel Aware": false, "Startup Cost": 8047.02, "Total Cost": 8047.02, "Plan Rows": 318545, "Plan Width": 8, "Actual Startup Time": 69.724, "Actual Total Time": 69.727, "Actual Rows": 17404, "Actual Loops": 1, "Output": ["u.id", "v.userid"], "Hash Buckets": 131072, "Original Hash Buckets": 131072, "Hash Batches": 8, "Original Hash Batches": 8, "Peak Memory Usage": 1114, "Plans": [{"Node Type": "Hash Join", "Parent Relationship": "Outer", "Parallel Aware": false, "Join Type": "Inner", "Startup Cost": 1492.12, "Total Cost": 8047.02, "Plan Rows": 318545, "Plan Width": 8, "Actual Startup Time": 19.167, "Actual Total Time": 67.097, "Actual Rows": 17404, "Actual Loops": 1, "Output": ["u.id", "v.userid"], "Inner Unique": true, "Hash Cond": "(v.userid = u.id)", "Plans": [{"Node Type": "Seq Scan", "Parent Relationship": "Outer", "Parallel Aware": false, "Relation Name": "votes", "Schema": "public", "Alias": "v", "Startup Cost": 0.0, "Total Cost": 5693.64, "Plan Rows": 328064, "Plan Width": 4, "Actual Startup Time": 0.02, "Actual Total Time": 16.663, "Actual Rows": 328064, "Actual Loops": 1, "Output": ["v.id", "v.postid", "v.votetypeid", "v.creationdate", "v.userid", "v.bountyamount"]}, {"Node Type": "Hash", "Parent Relationship": "Inner", "Parallel Aware": false, "Startup Cost": 1002.69, "Total Cost": 1002.69, "Plan Rows": 39155, "Plan Width": 4, "Actual Startup Time": 18.983, "Actual Total Time": 18.984, "Actual Rows": 39462, "Actual Loops": 1, "Output": ["u.id"], "Hash Buckets": 65536, "Original Hash Buckets": 65536, "Hash Batches": 1, "Original Hash Batches": 1, "Peak Memory Usage": 1900, "Plans": [{"Node Type": "Seq Scan", "Parent Relationship": "Outer", "Parallel Aware": false, "Relation Name": "users", "Schema": "public", "Alias": "u", "Startup Cost": 0.0, "Total Cost": 1002.69, "Plan Rows": 39155, "Plan Width": 4, "Actual Startup Time": 0.016, "Actual Total Time": 11.023, "Actual Rows": 39462, "Actual Loops": 1, "Output": ["u.id"], "Filter": "((u.downvotes <= 0) AND (u.upvotes <= 72) AND (u.upvotes >= 0))", "Rows Removed by Filter": 863}]}]}]}]}]}, "Planning Time": 83.077, "Triggers": [], "Execution Time": 94136.019}]
q19#####[{"Plan": {"Node Type": "Aggregate", "Strategy": "Plain", "Partial Mode": "Simple", "Parallel Aware": false, "Startup Cost": 7216.7, "Total Cost": 7216.71, "Plan Rows": 1, "Plan Width": 8, "Actual Startup Time": 26.711, "Actual Total Time": 26.717, "Actual Rows": 1, "Actual Loops": 1, "Output": ["count(*)"], "Plans": [{"Node Type": "Hash Join", "Parent Relationship": "Outer", "Parallel Aware": false, "Join Type": "Inner", "Startup Cost": 2159.52, "Total Cost": 6755.34, "Plan Rows": 184542, "Plan Width": 0, "Actual Startup Time": 13.284, "Actual Total Time": 25.61, "Actual Rows": 33390, "Actual Loops": 1, "Inner Unique": false, "Hash Cond": "(c.userid = b.userid)", "Plans": [{"Node Type": "Nested Loop", "Parent Relationship": "Outer", "Parallel Aware": false, "Join Type": "Inner", "Startup Cost": 837.54, "Total Cost": 2479.85, "Plan Rows": 7150, "Plan Width": 4, "Actual Startup Time": 3.972, "Actual Total Time": 13.819, "Actual Rows": 4043, "Actual Loops": 1, "Output": ["c.userid"], "Inner Unique": false, "Join Filter": "(p.id = c.postid)", "Rows Removed by Join Filter": 0, "Plans": [{"Node Type": "Nested Loop", "Parent Relationship": "Outer", "Parallel Aware": false, "Join Type": "Inner", "Startup Cost": 837.25, "Total Cost": 1600.88, "Plan Rows": 2297, "Plan Width": 16, "Actual Startup Time": 3.9, "Actual Total Time": 9.188, "Actual Rows": 3071, "Actual Loops": 1, "Output": ["ph.postid", "pl.relatedpostid", "p.id", "v.postid"], "Inner Unique": false, "Join Filter": "(p.id = v.postid)", "Rows Removed by Join Filter": 0, "Plans": [{"Node Type": "Nested Loop", "Parent Relationship": "Outer", "Parallel Aware": false, "Join Type": "Inner", "Startup Cost": 836.96, "Total Cost": 1221.85, "Plan Rows": 861, "Plan Width": 12, "Actual Startup Time": 3.862, "Actual Total Time": 5.621, "Actual Rows": 682, "Actual Loops": 1, "Output": ["ph.postid", "pl.relatedpostid", "p.id"], "Inner Unique": false, "Plans": [{"Node Type": "Hash Join", "Parent Relationship": "Outer", "Parallel Aware": false, "Join Type": "Inner", "Startup Cost": 836.66, "Total Cost": 923.37, "Plan Rows": 488, "Plan Width": 8, "Actual Startup Time": 3.844, "Actual Total Time": 4.709, "Actual Rows": 322, "Actual Loops": 1, "Output": ["pl.relatedpostid", "p.id"], "Inner Unique": true, "Hash Cond": "(pl.relatedpostid = p.id)", "Plans": [{"Node Type": "Seq Scan", "Parent Relationship": "Outer", "Parallel Aware": false, "Relation Name": "postlinks", "Schema": "public", "Alias": "pl", "Startup Cost": 0.0, "Total Cost": 77.45, "Plan Rows": 3526, "Plan Width": 4, "Actual Startup Time": 0.018, "Actual Total Time": 0.464, "Actual Rows": 3526, "Actual Loops": 1, "Output": ["pl.id", "pl.creationdate", "pl.postid", "pl.relatedpostid", "pl.linktypeid"], "Filter": "(pl.linktypeid = 1)", "Rows Removed by Filter": 350}, {"Node Type": "Hash", "Parent Relationship": "Inner", "Parallel Aware": false, "Startup Cost": 781.2, "Total Cost": 781.2, "Plan Rows": 4437, "Plan Width": 4, "Actual Startup Time": 3.79, "Actual Total Time": 3.791, "Actual Rows": 4275, "Actual Loops": 1, "Output": ["p.id"], "Hash Buckets": 8192, "Original Hash Buckets": 8192, "Hash Batches": 1, "Original Hash Batches": 1, "Peak Memory Usage": 215, "Plans": [{"Node Type": "Seq Scan", "Parent Relationship": "Outer", "Parallel Aware": false, "Relation Name": "posts", "Schema": "public", "Alias": "p", "Startup Cost": 0.0, "Total Cost": 781.2, "Plan Rows": 4437, "Plan Width": 4, "Actual Startup Time": 0.004, "Actual Total Time": 3.395, "Actual Rows": 4275, "Actual Loops": 1, "Output": ["p.id"], "Filter": "((p.answercount <= 4) AND (p.favoritecount >= 0))", "Rows Removed by Filter": 27805}]}]}, {"Node Type": "Index Only Scan", "Parent Relationship": "Inner", "Parallel Aware": false, "Scan Direction": "Forward", "Index Name": "idx_posthistory_postid", "Relation Name": "posthistory", "Schema": "public", "Alias": "ph", "Startup Cost": 0.29, "Total Cost": 0.59, "Plan Rows": 2, "Plan Width": 4, "Actual Startup Time": 0.002, "Actual Total Time": 0.002, "Actual Rows": 2, "Actual Loops": 322, "Output": ["ph.postid"], "Index Cond": "(ph.postid = p.id)", "Rows Removed by Index Recheck": 0, "Heap Fetches": 0}]}, {"Node Type": "Index Scan", "Parent Relationship": "Inner", "Parallel Aware": false, "Scan Direction": "Forward", "Index Name": "idx_votes_postid", "Relation Name": "votes", "Schema": "public", "Alias": "v", "Startup Cost": 0.29, "Total Cost": 0.4, "Plan Rows": 3, "Plan Width": 4, "Actual Startup Time": 0.002, "Actual Total Time": 0.005, "Actual Rows": 5, "Actual Loops": 682, "Output": ["v.id", "v.postid", "v.votetypeid", "v.creationdate", "v.userid", "v.bountyamount"], "Index Cond": "(v.postid = ph.postid)", "Rows Removed by Index Recheck": 0, "Filter": "((v.creationdate <= 1410278400) AND (v.votetypeid = 2))", "Rows Removed by Filter": 1}]}, {"Node Type": "Index Scan", "Parent Relationship": "Inner", "Parallel Aware": false, "Scan Direction": "Forward", "Index Name": "idx_comments_postid", "Relation Name": "comments", "Schema": "public", "Alias": "c", "Startup Cost": 0.29, "Total Cost": 0.36, "Plan Rows": 2, "Plan Width": 8, "Actual Startup Time": 0.001, "Actual Total Time": 0.001, "Actual Rows": 1, "Actual Loops": 3071, "Output": ["c.id", "c.postid", "c.score", "c.creationdate", "c.userid"], "Index Cond": "(c.postid = ph.postid)", "Rows Removed by Index Recheck": 0, "Filter": "((c.creationdate <= 1410414171) AND (c.creationdate >= 1280661107))", "Rows Removed by Filter": 0}]}, {"Node Type": "Hash", "Parent Relationship": "Inner", "Parallel Aware": false, "Startup Cost": 992.71, "Total Cost": 992.71, "Plan Rows": 26342, "Plan Width": 8, "Actual Startup Time": 8.935, "Actual Total Time": 8.937, "Actual Rows": 8205, "Actual Loops": 1, "Output": ["b.userid", "u.id"], "Hash Buckets": 32768, "Original Hash Buckets": 32768, "Hash Batches": 1, "Original Hash Batches": 1, "Peak Memory Usage": 577, "Plans": [{"Node Type": "Hash Join", "Parent Relationship": "Outer", "Parallel Aware": false, "Join Type": "Inner", "Startup Cost": 421.61, "Total Cost": 992.71, "Plan Rows": 26342, "Plan Width": 8, "Actual Startup Time": 2.636, "Actual Total Time": 7.902, "Actual Rows": 8205, "Actual Loops": 1, "Output": ["b.userid", "u.id"], "Inner Unique": true, "Hash Cond": "(b.userid = u.id)", "Plans": [{"Node Type": "Seq Scan", "Parent Relationship": "Outer", "Parallel Aware": false, "Relation Name": "badges", "Schema": "public", "Alias": "b", "Startup Cost": 0.0, "Total Cost": 501.93, "Plan Rows": 26342, "Plan Width": 4, "Actual Startup Time": 0.01, "Actual Total Time": 2.601, "Actual Rows": 26344, "Actual Loops": 1, "Output": ["b.id", "b.userid", "b.date"], "Filter": "(b.date <= 1406953469)", "Rows Removed by Filter": 1650}, {"Node Type": "Hash", "Parent Relationship": "Inner", "Parallel Aware": false, "Startup Cost": 245.16, "Total Cost": 245.16, "Plan Rows": 14116, "Plan Width": 4, "Actual Startup Time": 2.558, "Actual Total Time": 2.559, "Actual Rows": 14116, "Actual Loops": 1, "Output": ["u.id"], "Hash Buckets": 16384, "Original Hash Buckets": 16384, "Hash Batches": 1, "Original Hash Batches": 1, "Peak Memory Usage": 625, "Plans": [{"Node Type": "Seq Scan", "Parent Relationship": "Outer", "Parallel Aware": false, "Relation Name": "users", "Schema": "public", "Alias": "u", "Startup Cost": 0.0, "Total Cost": 245.16, "Plan Rows": 14116, "Plan Width": 4, "Actual Startup Time": 0.008, "Actual Total Time": 1.193, "Actual Rows": 14116, "Actual Loops": 1, "Output": ["u.id"]}]}]}]}]}]}, "Planning Time": 250.754, "Triggers": [], "Execution Time": 26.816}]
q56#####[{"Plan": {"Node Type": "Aggregate", "Strategy": "Plain", "Partial Mode": "Simple", "Parallel Aware": false, "Startup Cost": 2563240.08, "Total Cost": 2563240.09, "Plan Rows": 1, "Plan Width": 8, "Actual Startup Time": 2230.707, "Actual Total Time": 2230.71, "Actual Rows": 1, "Actual Loops": 1, "Output": ["count(*)"], "Plans": [{"Node Type": "Nested Loop", "Parent Relationship": "Outer", "Parallel Aware": false, "Join Type": "Inner", "Startup Cost": 1664.25, "Total Cost": 1751342.98, "Plan Rows": 324758837, "Plan Width": 0, "Actual Startup Time": 18.644, "Actual Total Time": 1742.537, "Actual Rows": 13971410, "Actual Loops": 1, "Inner Unique": false, "Plans": [{"Node Type": "Nested Loop", "Parent Relationship": "Outer", "Parallel Aware": false, "Join Type": "Inner", "Startup Cost": 1663.95, "Total Cost": 21398.17, "Plan Rows": 1691844, "Plan Width": 16, "Actual Startup Time": 18.626, "Actual Total Time": 87.635, "Actual Rows": 234941, "Actual Loops": 1, "Output": ["b.userid", "ph.userid", "u.id", "v.userid"], "Inner Unique": false, "Plans": [{"Node Type": "Nested Loop", "Parent Relationship": "Outer", "Parallel Aware": false, "Join Type": "Inner", "Startup Cost": 1663.53, "Total Cost": 10576.67, "Plan Rows": 8911, "Plan Width": 12, "Actual Startup Time": 18.609, "Actual Total Time": 48.927, "Actual Rows": 3780, "Actual Loops": 1, "Output": ["b.userid", "u.id", "v.userid"], "Inner Unique": false, "Plans": [{"Node Type": "Hash Join", "Parent Relationship": "Outer", "Parallel Aware": false, "Join Type": "Inner", "Startup Cost": 1663.24, "Total Cost": 9821.91, "Plan Rows": 1578, "Plan Width": 8, "Actual Startup Time": 18.566, "Actual Total Time": 44.566, "Actual Rows": 427, "Actual Loops": 1, "Output": ["u.id", "v.userid"], "Inner Unique": true, "Hash Cond": "(v.userid = u.id)", "Plans": [{"Node Type": "Seq Scan", "Parent Relationship": "Outer", "Parallel Aware": false, "Relation Name": "votes", "Schema": "public", "Alias": "v", "Startup Cost": 0.0, "Total Cost": 8154.12, "Plan Rows": 1733, "Plan Width": 4, "Actual Startup Time": 0.499, "Actual Total Time": 26.396, "Actual Rows": 1740, "Actual Loops": 1, "Output": ["v.id", "v.postid", "v.votetypeid", "v.creationdate", "v.userid", "v.bountyamount"], "Filter": "((v.bountyamount >= 0) AND (v.creationdate <= 1410364800) AND (v.creationdate >= 1279555200))", "Rows Removed by Filter": 326324}, {"Node Type": "Hash", "Parent Relationship": "Inner", "Parallel Aware": false, "Startup Cost": 1204.31, "Total Cost": 1204.31, "Plan Rows": 36714, "Plan Width": 4, "Actual Startup Time": 17.491, "Actual Total Time": 17.491, "Actual Rows": 37062, "Actual Loops": 1, "Output": ["u.id"], "Hash Buckets": 65536, "Original Hash Buckets": 65536, "Hash Batches": 1, "Original Hash Batches": 1, "Peak Memory Usage": 1815, "Plans": [{"Node Type": "Seq Scan", "Parent Relationship": "Outer", "Parallel Aware": false, "Relation Name": "users", "Schema": "public", "Alias": "u", "Startup Cost": 0.0, "Total Cost": 1204.31, "Plan Rows": 36714, "Plan Width": 4, "Actual Startup Time": 0.013, "Actual Total Time": 10.376, "Actual Rows": 37062, "Actual Loops": 1, "Output": ["u.id"], "Filter": "((u.creationdate <= 1407328732) AND (u.downvotes <= 0) AND (u.downvotes >= 0) AND (u.upvotes <= 31) AND (u.upvotes >= 0))", "Rows Removed by Filter": 3263}]}]}, {"Node Type": "Index Scan", "Parent Relationship": "Inner", "Parallel Aware": false, "Scan Direction": "Forward", "Index Name": "idx_badges_userid", "Relation Name": "badges", "Schema": "public", "Alias": "b", "Startup Cost": 0.29, "Total Cost": 0.44, "Plan Rows": 4, "Plan Width": 4, "Actual Startup Time": 0.003, "Actual Total Time": 0.009, "Actual Rows": 9, "Actual Loops": 427, "Output": ["b.id", "b.userid", "b.date"], "Index Cond": "(b.userid = u.id)", "Rows Removed by Index Recheck": 0, "Filter": "(b.date >= 1285474634)", "Rows Removed by Filter": 0}]}, {"Node Type": "Index Only Scan", "Parent Relationship": "Inner", "Parallel Aware": false, "Scan Direction": "Forward", "Index Name": "idx_posthistory_userid", "Relation Name": "posthistory", "Schema": "public", "Alias": "ph", "Startup Cost": 0.42, "Total Cost": 0.93, "Plan Rows": 28, "Plan Width": 4, "Actual Startup Time": 0.001, "Actual Total Time": 0.005, "Actual Rows": 62, "Actual Loops": 3780, "Output": ["ph.userid"], "Index Cond": "(ph.userid = b.userid)", "Rows Removed by Index Recheck": 0, "Heap Fetches": 0}]}, {"Node Type": "Index Only Scan", "Parent Relationship": "Inner", "Parallel Aware": false, "Scan Direction": "Forward", "Index Name": "idx_comments_userid", "Relation Name": "comments", "Schema": "public", "Alias": "c", "Startup Cost": 0.29, "Total Cost": 0.76, "Plan Rows": 26, "Plan Width": 4, "Actual Startup Time": 0.001, "Actual Total Time": 0.004, "Actual Rows": 59, "Actual Loops": 234941, "Output": ["c.userid"], "Index Cond": "(c.userid = b.userid)", "Rows Removed by Index Recheck": 0, "Heap Fetches": 0}]}]}, "Planning Time": 136.136, "Triggers": [], "Execution Time": 2230.855}]
q42#####[{"Plan": {"Node Type": "Aggregate", "Strategy": "Plain", "Partial Mode": "Simple", "Parallel Aware": false, "Startup Cost": 4504.17, "Total Cost": 4504.18, "Plan Rows": 1, "Plan Width": 8, "Actual Startup Time": 23.353, "Actual Total Time": 23.358, "Actual Rows": 1, "Actual Loops": 1, "Output": ["count(*)"], "Plans": [{"Node Type": "Nested Loop", "Parent Relationship": "Outer", "Parallel Aware": false, "Join Type": "Inner", "Startup Cost": 1229.8, "Total Cost": 4488.62, "Plan Rows": 6221, "Plan Width": 0, "Actual Startup Time": 12.371, "Actual Total Time": 23.342, "Actual Rows": 242, "Actual Loops": 1, "Inner Unique": false, "Plans": [{"Node Type": "Nested Loop", "Parent Relationship": "Outer", "Parallel Aware": false, "Join Type": "Inner", "Startup Cost": 1229.51, "Total Cost": 4001.56, "Plan Rows": 206, "Plan Width": 8, "Actual Startup Time": 12.343, "Actual Total Time": 23.228, "Actual Rows": 30, "Actual Loops": 1, "Output": ["c.userid", "u.id"], "Inner Unique": true, "Plans": [{"Node Type": "Nested Loop", "Parent Relationship": "Outer", "Parallel Aware": false, "Join Type": "Inner", "Startup Cost": 1229.22, "Total Cost": 3933.34, "Plan Rows": 211, "Plan Width": 4, "Actual Startup Time": 9.58, "Actual Total Time": 22.833, "Actual Rows": 203, "Actual Loops": 1, "Output": ["c.userid"], "Inner Unique": false, "Join Filter": "(p.id = c.postid)", "Rows Removed by Join Filter": 0, "Plans": [{"Node Type": "Hash Join", "Parent Relationship": "Outer", "Parallel Aware": false, "Join Type": "Inner", "Startup Cost": 1228.93, "Total Cost": 3892.65, "Plan Rows": 88, "Plan Width": 12, "Actual Startup Time": 9.537, "Actual Total Time": 21.968, "Actual Rows": 143, "Actual Loops": 1, "Output": ["ph.postid", "pl.postid", "p.id"], "Inner Unique": false, "Hash Cond": "(ph.postid = p.id)", "Plans": [{"Node Type": "Seq Scan", "Parent Relationship": "Outer", "Parallel Aware": false, "Relation Name": "posthistory", "Schema": "public", "Alias": "ph", "Startup Cost": 0.0, "Total Cost": 2110.32, "Plan Rows": 24735, "Plan Width": 4, "Actual Startup Time": 0.019, "Actual Total Time": 9.935, "Actual Rows": 24637, "Actual Loops": 1, "Output": ["ph.id", "ph.posthistorytypeid", "ph.postid", "ph.creationdate", "ph.userid"], "Filter": "(ph.posthistorytypeid = 5)", "Rows Removed by Filter": 81629}, {"Node Type": "Hash", "Parent Relationship": "Inner", "Parallel Aware": false, "Startup Cost": 961.43, "Total Cost": 961.43, "Plan Rows": 21400, "Plan Width": 8, "Actual Startup Time": 9.236, "Actual Total Time": 9.239, "Actual Rows": 220, "Actual Loops": 1, "Output": ["pl.postid", "p.id"], "Hash Buckets": 32768, "Original Hash Buckets": 32768, "Hash Batches": 1, "Original Hash Batches": 1, "Peak Memory Usage": 265, "Plans": [{"Node Type": "Hash Join", "Parent Relationship": "Outer", "Parallel Aware": false, "Join Type": "Inner", "Startup Cost": 883.5, "Total Cost": 961.43, "Plan Rows": 21400, "Plan Width": 8, "Actual Startup Time": 8.104, "Actual Total Time": 9.169, "Actual Rows": 220, "Actual Loops": 1, "Output": ["pl.postid", "p.id"], "Inner Unique": true, "Hash Cond": "(pl.postid = p.id)", "Plans": [{"Node Type": "Seq Scan", "Parent Relationship": "Outer", "Parallel Aware": false, "Relation Name": "postlinks", "Schema": "public", "Alias": "pl", "Startup Cost": 0.0, "Total Cost": 67.76, "Plan Rows": 3876, "Plan Width": 4, "Actual Startup Time": 0.011, "Actual Total Time": 0.454, "Actual Rows": 3876, "Actual Loops": 1, "Output": ["pl.id", "pl.creationdate", "pl.postid", "pl.relatedpostid", "pl.linktypeid"]}, {"Node Type": "Hash", "Parent Relationship": "Inner", "Parallel Aware": false, "Startup Cost": 861.4, "Total Cost": 861.4, "Plan Rows": 1768, "Plan Width": 4, "Actual Startup Time": 8.062, "Actual Total Time": 8.063, "Actual Rows": 1821, "Actual Loops": 1, "Output": ["p.id"], "Hash Buckets": 2048, "Original Hash Buckets": 2048, "Hash Batches": 1, "Original Hash Batches": 1, "Peak Memory Usage": 81, "Plans": [{"Node Type": "Seq Scan", "Parent Relationship": "Outer", "Parallel Aware": false, "Relation Name": "posts", "Schema": "public", "Alias": "p", "Startup Cost": 0.0, "Total Cost": 861.4, "Plan Rows": 1768, "Plan Width": 4, "Actual Startup Time": 0.006, "Actual Total Time": 7.545, "Actual Rows": 1821, "Actual Loops": 1, "Output": ["p.id"], "Filter": "((p.favoritecount <= 2) AND (p.favoritecount >= 0) AND (p.posttypeid = 1))", "Rows Removed by Filter": 30259}]}]}]}]}, {"Node Type": "Index Scan", "Parent Relationship": "Inner", "Parallel Aware": false, "Scan Direction": "Forward", "Index Name": "idx_comments_postid", "Relation Name": "comments", "Schema": "public", "Alias": "c", "Startup Cost": 0.29, "Total Cost": 0.44, "Plan Rows": 2, "Plan Width": 8, "Actual Startup Time": 0.004, "Actual Total Time": 0.006, "Actual Rows": 1, "Actual Loops": 143, "Output": ["c.id", "c.postid", "c.score", "c.creationdate", "c.userid"], "Index Cond": "(c.postid = ph.postid)", "Rows Removed by Index Recheck": 0, "Filter": "((c.creationdate <= 1410432309) AND (c.creationdate >= 1279578388) AND (c.score = 0))", "Rows Removed by Filter": 0}]}, {"Node Type": "Index Scan", "Parent Relationship": "Inner", "Parallel Aware": false, "Scan Direction": "Forward", "Index Name": "users_pkey", "Relation Name": "users", "Schema": "public", "Alias": "u", "Startup Cost": 0.29, "Total Cost": 0.32, "Plan Rows": 1, "Plan Width": 4, "Actual Startup Time": 0.002, "Actual Total Time": 0.002, "Actual Rows": 0, "Actual Loops": 203, "Output": ["u.id", "u.reputation", "u.creationdate", "u.views", "u.upvotes", "u.downvotes"], "Index Cond": "(u.id = c.userid)", "Rows Removed by Index Recheck": 0, "Filter": "((u.creationdate >= 1284746321) AND (u.downvotes <= 0) AND (u.upvotes >= 0))", "Rows Removed by Filter": 0}]}, {"Node Type": "Index Only Scan", "Parent Relationship": "Inner", "Parallel Aware": false, "Scan Direction": "Forward", "Index Name": "idx_votes_userid", "Relation Name": "votes", "Schema": "public", "Alias": "v", "Startup Cost": 0.29, "Total Cost": 1.61, "Plan Rows": 75, "Plan Width": 4, "Actual Startup Time": 0.002, "Actual Total Time": 0.003, "Actual Rows": 8, "Actual Loops": 30, "Output": ["v.userid"], "Index Cond": "(v.userid = c.userid)", "Rows Removed by Index Recheck": 0, "Heap Fetches": 0}]}]}, "Planning Time": 161.358, "Triggers": [], "Execution Time": 23.466}]
q95#####[{"Plan": {"Node Type": "Aggregate", "Strategy": "Plain", "Partial Mode": "Simple", "Parallel Aware": false, "Startup Cost": 93369.14, "Total Cost": 93369.15, "Plan Rows": 1, "Plan Width": 8, "Actual Startup Time": 3569.82, "Actual Total Time": 3569.823, "Actual Rows": 1, "Actual Loops": 1, "Output": ["count(*)"], "Plans": [{"Node Type": "Nested Loop", "Parent Relationship": "Outer", "Parallel Aware": false, "Join Type": "Inner", "Startup Cost": 1305.42, "Total Cost": 64187.42, "Plan Rows": 11672689, "Plan Width": 0, "Actual Startup Time": 12.444, "Actual Total Time": 3192.256, "Actual Rows": 10223864, "Actual Loops": 1, "Inner Unique": false, "Plans": [{"Node Type": "Hash Join", "Parent Relationship": "Outer", "Parallel Aware": false, "Join Type": "Inner", "Startup Cost": 1305.12, "Total Cost": 5551.03, "Plan Rows": 133066, "Plan Width": 8, "Actual Startup Time": 12.409, "Actual Total Time": 73.755, "Actual Rows": 132504, "Actual Loops": 1, "Output": ["c.userid", "u.id"], "Inner Unique": true, "Hash Cond": "(c.userid = u.id)", "Plans": [{"Node Type": "Seq Scan", "Parent Relationship": "Outer", "Parallel Aware": false, "Relation Name": "comments", "Schema": "public", "Alias": "c", "Startup Cost": 0.0, "Total Cost": 3896.57, "Plan Rows": 133066, "Plan Width": 4, "Actual Startup Time": 0.054, "Actual Total Time": 28.411, "Actual Rows": 134659, "Actual Loops": 1, "Output": ["c.id", "c.postid", "c.score", "c.creationdate", "c.userid"], "Filter": "((c.creationdate >= 1279925209) AND (c.score = 0))", "Rows Removed by Filter": 39646}, {"Node Type": "Hash", "Parent Relationship": "Inner", "Parallel Aware": false, "Startup Cost": 801.06, "Total Cost": 801.06, "Plan Rows": 40325, "Plan Width": 4, "Actual Startup Time": 12.218, "Actual Total Time": 12.219, "Actual Rows": 40325, "Actual Loops": 1, "Output": ["u.id"], "Hash Buckets": 65536, "Original Hash Buckets": 65536, "Hash Batches": 1, "Original Hash Batches": 1, "Peak Memory Usage": 1930, "Plans": [{"Node Type": "Seq Scan", "Parent Relationship": "Outer", "Parallel Aware": false, "Relation Name": "users", "Schema": "public", "Alias": "u", "Startup Cost": 0.0, "Total Cost": 801.06, "Plan Rows": 40325, "Plan Width": 4, "Actual Startup Time": 0.011, "Actual Total Time": 6.488, "Actual Rows": 40325, "Actual Loops": 1, "Output": ["u.id"], "Filter": "(u.upvotes >= 0)", "Rows Removed by Filter": 0}]}]}, {"Node Type": "Index Scan", "Parent Relationship": "Inner", "Parallel Aware": false, "Scan Direction": "Forward", "Index Name": "idx_badges_userid", "Relation Name": "badges", "Schema": "public", "Alias": "b", "Startup Cost": 0.29, "Total Cost": 0.4, "Plan Rows": 4, "Plan Width": 4, "Actual Startup Time": 0.001, "Actual Total Time": 0.019, "Actual Rows": 77, "Actual Loops": 132504, "Output": ["b.id", "b.userid", "b.date"], "Index Cond": "(b.userid = c.userid)", "Rows Removed by Index Recheck": 0, "Filter": "((b.date <= 1410505896) AND (b.date >= 1279542846))", "Rows Removed by Filter": 0}]}]}, "Planning Time": 62.09, "Triggers": [], "Execution Time": 3569.905}]
q81#####[{"Plan": {"Node Type": "Aggregate", "Strategy": "Plain", "Partial Mode": "Simple", "Parallel Aware": false, "Startup Cost": 9747.12, "Total Cost": 9747.13, "Plan Rows": 1, "Plan Width": 8, "Actual Startup Time": 63.931, "Actual Total Time": 63.937, "Actual Rows": 1, "Actual Loops": 1, "Output": ["count(*)"], "Plans": [{"Node Type": "Hash Join", "Parent Relationship": "Outer", "Parallel Aware": false, "Join Type": "Inner", "Startup Cost": 7912.55, "Total Cost": 9617.54, "Plan Rows": 51832, "Plan Width": 0, "Actual Startup Time": 53.378, "Actual Total Time": 63.645, "Actual Rows": 7702, "Actual Loops": 1, "Inner Unique": false, "Hash Cond": "(c.postid = p.id)", "Plans": [{"Node Type": "Seq Scan", "Parent Relationship": "Outer", "Parallel Aware": false, "Relation Name": "comments", "Schema": "public", "Alias": "c", "Startup Cost": 0.0, "Total Cost": 1214.1, "Plan Rows": 47474, "Plan Width": 4, "Actual Startup Time": 0.022, "Actual Total Time": 6.073, "Actual Rows": 47508, "Actual Loops": 1, "Output": ["c.id", "c.postid", "c.score", "c.creationdate", "c.userid"], "Filter": "(c.score = 0)", "Rows Removed by Filter": 13620}, {"Node Type": "Hash", "Parent Relationship": "Inner", "Parallel Aware": false, "Startup Cost": 7648.29, "Total Cost": 7648.29, "Plan Rows": 21141, "Plan Width": 16, "Actual Startup Time": 53.308, "Actual Total Time": 53.313, "Actual Rows": 6632, "Actual Loops": 1, "Output": ["ph.postid", "pl.postid", "p.id", "v.postid"], "Hash Buckets": 32768, "Original Hash Buckets": 32768, "Hash Batches": 1, "Original Hash Batches": 1, "Peak Memory Usage": 567, "Plans": [{"Node Type": "Hash Join", "Parent Relationship": "Outer", "Parallel Aware": false, "Join Type": "Inner", "Startup Cost": 3626.42, "Total Cost": 7648.29, "Plan Rows": 21141, "Plan Width": 16, "Actual Startup Time": 18.853, "Actual Total Time": 52.343, "Actual Rows": 6632, "Actual Loops": 1, "Output": ["ph.postid", "pl.postid", "p.id", "v.postid"], "Inner Unique": false, "Hash Cond": "(p.id = ph.postid)", "Plans": [{"Node Type": "Hash Join", "Parent Relationship": "Outer", "Parallel Aware": false, "Join Type": "Inner", "Startup Cost": 1021.8, "Total Cost": 3889.24, "Plan Rows": 107772, "Plan Width": 8, "Actual Startup Time": 8.568, "Actual Total Time": 38.3, "Actual Rows": 37656, "Actual Loops": 1, "Output": ["p.id", "v.postid"], "Inner Unique": true, "Hash Cond": "(v.postid = p.id)", "Plans": [{"Node Type": "Seq Scan", "Parent Relationship": "Outer", "Parallel Aware": false, "Relation Name": "votes", "Schema": "public", "Alias": "v", "Startup Cost": 0.0, "Total Cost": 2568.14, "Plan Rows": 114007, "Plan Width": 4, "Actual Startup Time": 0.004, "Actual Total Time": 13.565, "Actual Rows": 114649, "Actual Loops": 1, "Output": ["v.id", "v.postid", "v.votetypeid", "v.creationdate", "v.userid", "v.bountyamount"], "Filter": "((v.creationdate <= 1410624000) AND (v.creationdate >= 1279728000))", "Rows Removed by Filter": 227}, {"Node Type": "Hash", "Parent Relationship": "Inner", "Parallel Aware": false, "Startup Cost": 620.8, "Total Cost": 620.8, "Plan Rows": 32080, "Plan Width": 4, "Actual Startup Time": 8.449, "Actual Total Time": 8.451, "Actual Rows": 32080, "Actual Loops": 1, "Output": ["p.id"], "Hash Buckets": 32768, "Original Hash Buckets": 32768, "Hash Batches": 1, "Original Hash Batches": 1, "Peak Memory Usage": 1384, "Plans": [{"Node Type": "Seq Scan", "Parent Relationship": "Outer", "Parallel Aware": false, "Relation Name": "posts", "Schema": "public", "Alias": "p", "Startup Cost": 0.0, "Total Cost": 620.8, "Plan Rows": 32080, "Plan Width": 4, "Actual Startup Time": 0.009, "Actual Total Time": 4.084, "Actual Rows": 32080, "Actual Loops": 1, "Output": ["p.id"]}]}]}, {"Node Type": "Hash", "Parent Relationship": "Inner", "Parallel Aware": false, "Startup Cost": 2496.93, "Total Cost": 2496.93, "Plan Rows": 8615, "Plan Width": 8, "Actual Startup Time": 10.132, "Actual Total Time": 10.134, "Actual Rows": 7951, "Actual Loops": 1, "Output": ["ph.postid", "pl.postid"], "Hash Buckets": 16384, "Original Hash Buckets": 16384, "Hash Batches": 1, "Original Hash Batches": 1, "Peak Memory Usage": 439, "Plans": [{"Node Type": "Nested Loop", "Parent Relationship": "Outer", "Parallel Aware": false, "Join Type": "Inner", "Startup Cost": 0.29, "Total Cost": 2496.93, "Plan Rows": 8615, "Plan Width": 8, "Actual Startup Time": 0.046, "Actual Total Time": 8.81, "Actual Rows": 7951, "Actual Loops": 1, "Output": ["ph.postid", "pl.postid"], "Inner Unique": false, "Plans": [{"Node Type": "Seq Scan", "Parent Relationship": "Outer", "Parallel Aware": false, "Relation Name": "postlinks", "Schema": "public", "Alias": "pl", "Startup Cost": 0.0, "Total Cost": 87.14, "Plan Rows": 3562, "Plan Width": 4, "Actual Startup Time": 0.01, "Actual Total Time": 0.852, "Actual Rows": 3559, "Actual Loops": 1, "Output": ["pl.id", "pl.creationdate", "pl.postid", "pl.relatedpostid", "pl.linktypeid"], "Filter": "((pl.creationdate <= 1409560196) AND (pl.creationdate >= 1321886381))", "Rows Removed by Filter": 317}, {"Node Type": "Index Only Scan", "Parent Relationship": "Inner", "Parallel Aware": false, "Scan Direction": "Forward", "Index Name": "idx_posthistory_postid", "Relation Name": "posthistory", "Schema": "public", "Alias": "ph", "Startup Cost": 0.29, "Total Cost": 0.66, "Plan Rows": 2, "Plan Width": 4, "Actual Startup Time": 0.002, "Actual Total Time": 0.002, "Actual Rows": 2, "Actual Loops": 3559, "Output": ["ph.postid"], "Index Cond": "(ph.postid = pl.postid)", "Rows Removed by Index Recheck": 0, "Heap Fetches": 0}]}]}]}]}]}]}, "Planning Time": 145.863, "Triggers": [], "Execution Time": 64.035}]
q143#####[{"Plan": {"Node Type": "Aggregate", "Strategy": "Plain", "Partial Mode": "Simple", "Parallel Aware": false, "Startup Cost": 895568.24, "Total Cost": 895568.25, "Plan Rows": 1, "Plan Width": 8, "Actual Startup Time": 208.807, "Actual Total Time": 208.809, "Actual Rows": 1, "Actual Loops": 1, "Output": ["count(*)"], "Plans": [{"Node Type": "Hash Join", "Parent Relationship": "Outer", "Parallel Aware": false, "Join Type": "Inner", "Startup Cost": 526.47, "Total Cost": 887302.9, "Plan Rows": 3306136, "Plan Width": 0, "Actual Startup Time": 6.77, "Actual Total Time": 204.666, "Actual Rows": 104977, "Actual Loops": 1, "Inner Unique": true, "Hash Cond": "(c.userid = u.id)", "Plans": [{"Node Type": "Nested Loop", "Parent Relationship": "Outer", "Parallel Aware": false, "Join Type": "Inner", "Startup Cost": 0.29, "Total Cost": 12212.04, "Plan Rows": 333067500, "Plan Width": 8, "Actual Startup Time": 0.054, "Actual Total Time": 167.573, "Actual Rows": 354031, "Actual Loops": 1, "Output": ["c.userid", "p.owneruserid"], "Inner Unique": false, "Plans": [{"Node Type": "Seq Scan", "Parent Relationship": "Outer", "Parallel Aware": false, "Relation Name": "posts", "Schema": "public", "Alias": "p", "Startup Cost": 0.0, "Total Cost": 1102.0, "Plan Rows": 15156, "Plan Width": 4, "Actual Startup Time": 0.021, "Actual Total Time": 6.57, "Actual Rows": 15291, "Actual Loops": 1, "Output": ["p.id", "p.posttypeid", "p.creationdate", "p.score", "p.viewcount", "p.owneruserid", "p.answercount", "p.commentcount", "p.favoritecount", "p.lasteditoruserid"], "Filter": "((p.answercount <= 4) AND (p.answercount >= 0) AND (p.commentcount <= 11) AND (p.commentcount >= 0) AND (p.creationdate <= 1410574190) AND (p.creationdate >= 1280108808))", "Rows Removed by Filter": 16789}, {"Node Type": "Index Scan", "Parent Relationship": "Inner", "Parallel Aware": false, "Scan Direction": "Forward", "Index Name": "idx_comments_userid", "Relation Name": "comments", "Schema": "public", "Alias": "c", "Startup Cost": 0.29, "Total Cost": 0.63, "Plan Rows": 10, "Plan Width": 4, "Actual Startup Time": 0.001, "Actual Total Time": 0.009, "Actual Rows": 23, "Actual Loops": 15291, "Output": ["c.id", "c.postid", "c.score", "c.creationdate", "c.userid"], "Index Cond": "(c.userid = p.owneruserid)", "Rows Removed by Index Recheck": 0, "Filter": "(c.creationdate >= 1280223998)", "Rows Removed by Filter": 0}]}, {"Node Type": "Hash", "Parent Relationship": "Inner", "Parallel Aware": false, "Startup Cost": 351.03, "Total Cost": 351.03, "Plan Rows": 14012, "Plan Width": 4, "Actual Startup Time": 6.378, "Actual Total Time": 6.379, "Actual Rows": 13991, "Actual Loops": 1, "Output": ["u.id"], "Hash Buckets": 16384, "Original Hash Buckets": 16384, "Hash Batches": 1, "Original Hash Batches": 1, "Peak Memory Usage": 620, "Plans": [{"Node Type": "Seq Scan", "Parent Relationship": "Outer", "Parallel Aware": false, "Relation Name": "users", "Schema": "public", "Alias": "u", "Startup Cost": 0.0, "Total Cost": 351.03, "Plan Rows": 14012, "Plan Width": 4, "Actual Startup Time": 0.011, "Actual Total Time": 3.615, "Actual Rows": 13991, "Actual Loops": 1, "Output": ["u.id"], "Filter": "((u.creationdate <= 1410459603) AND (u.creationdate >= 1280835760) AND (u.reputation >= 1))", "Rows Removed by Filter": 125}]}]}]}, "Planning Time": 66.227, "Triggers": [], "Execution Time": 208.938}]
q142#####[{"Plan": {"Node Type": "Aggregate", "Strategy": "Plain", "Partial Mode": "Simple", "Parallel Aware": false, "Startup Cost": 5723436.71, "Total Cost": 5723436.72, "Plan Rows": 1, "Plan Width": 8, "Actual Startup Time": 1023.905, "Actual Total Time": 1023.911, "Actual Rows": 1, "Actual Loops": 1, "Output": ["count(*)"], "Plans": [{"Node Type": "Hash Join", "Parent Relationship": "Outer", "Parallel Aware": false, "Join Type": "Inner", "Startup Cost": 13193.43, "Total Cost": 1995938.64, "Plan Rows": 1490999227, "Plan Width": 0, "Actual Startup Time": 68.734, "Actual Total Time": 969.174, "Actual Rows": 1490297, "Actual Loops": 1, "Inner Unique": false, "Hash Cond": "(c.userid = u.id)", "Plans": [{"Node Type": "Nested Loop", "Parent Relationship": "Outer", "Parallel Aware": false, "Join Type": "Inner", "Startup Cost": 0.29, "Total Cost": 51514.14, "Plan Rows": 19378946, "Plan Width": 8, "Actual Startup Time": 0.056, "Actual Total Time": 617.905, "Actual Rows": 1458221, "Actual Loops": 1, "Output": ["c.userid", "p.owneruserid"], "Inner Unique": false, "Plans": [{"Node Type": "Seq Scan", "Parent Relationship": "Outer", "Parallel Aware": false, "Relation Name": "posts", "Schema": "public", "Alias": "p", "Startup Cost": 0.0, "Total Cost": 2009.7, "Plan Rows": 42763, "Plan Width": 4, "Actual Startup Time": 0.028, "Actual Total Time": 13.498, "Actual Rows": 42921, "Actual Loops": 1, "Output": ["p.id", "p.posttypeid", "p.creationdate", "p.score", "p.viewcount", "p.owneruserid", "p.answercount", "p.commentcount", "p.favoritecount", "p.lasteditoruserid"], "Filter": "(p.viewcount >= 0)", "Rows Removed by Filter": 49055}, {"Node Type": "Index Scan", "Parent Relationship": "Inner", "Parallel Aware": false, "Scan Direction": "Forward", "Index Name": "idx_comments_userid", "Relation Name": "comments", "Schema": "public", "Alias": "c", "Startup Cost": 0.29, "Total Cost": 0.96, "Plan Rows": 20, "Plan Width": 4, "Actual Startup Time": 0.001, "Actual Total Time": 0.011, "Actual Rows": 34, "Actual Loops": 42921, "Output": ["c.id", "c.postid", "c.score", "c.creationdate", "c.userid"], "Index Cond": "(c.userid = p.owneruserid)", "Rows Removed by Index Recheck": 0, "Filter": "(c.score = 0)", "Rows Removed by Filter": 8}]}, {"Node Type": "Hash", "Parent Relationship": "Inner", "Parallel Aware": false, "Startup Cost": 7947.97, "Total Cost": 7947.97, "Plan Rows": 319693, "Plan Width": 8, "Actual Startup Time": 67.76, "Actual Total Time": 67.764, "Actual Rows": 18280, "Actual Loops": 1, "Output": ["u.id", "v.userid"], "Hash Buckets": 131072, "Original Hash Buckets": 131072, "Hash Batches": 8, "Original Hash Batches": 8, "Peak Memory Usage": 1131, "Plans": [{"Node Type": "Hash Join", "Parent Relationship": "Outer", "Parallel Aware": false, "Join Type": "Inner", "Startup Cost": 1393.08, "Total Cost": 7947.97, "Plan Rows": 319693, "Plan Width": 8, "Actual Startup Time": 16.386, "Actual Total Time": 64.932, "Actual Rows": 18280, "Actual Loops": 1, "Output": ["u.id", "v.userid"], "Inner Unique": true, "Hash Cond": "(v.userid = u.id)", "Plans": [{"Node Type": "Seq Scan", "Parent Relationship": "Outer", "Parallel Aware": false, "Relation Name": "votes", "Schema": "public", "Alias": "v", "Startup Cost": 0.0, "Total Cost": 5693.64, "Plan Rows": 328064, "Plan Width": 4, "Actual Startup Time": 0.013, "Actual Total Time": 16.957, "Actual Rows": 328064, "Actual Loops": 1, "Output": ["v.id", "v.postid", "v.votetypeid", "v.creationdate", "v.userid", "v.bountyamount"]}, {"Node Type": "Hash", "Parent Relationship": "Inner", "Parallel Aware": false, "Startup Cost": 901.88, "Total Cost": 901.88, "Plan Rows": 39296, "Plan Width": 4, "Actual Startup Time": 16.198, "Actual Total Time": 16.199, "Actual Rows": 39321, "Actual Loops": 1, "Output": ["u.id"], "Hash Buckets": 65536, "Original Hash Buckets": 65536, "Hash Batches": 1, "Original Hash Batches": 1, "Peak Memory Usage": 1895, "Plans": [{"Node Type": "Seq Scan", "Parent Relationship": "Outer", "Parallel Aware": false, "Relation Name": "users", "Schema": "public", "Alias": "u", "Startup Cost": 0.0, "Total Cost": 901.88, "Plan Rows": 39296, "Plan Width": 4, "Actual Startup Time": 0.011, "Actual Total Time": 8.971, "Actual Rows": 39321, "Actual Loops": 1, "Output": ["u.id"], "Filter": "((u.reputation <= 306) AND (u.upvotes >= 0))", "Rows Removed by Filter": 1004}]}]}]}]}]}, "Planning Time": 97.939, "Triggers": [], "Execution Time": 1024.042}]
q80#####[{"Plan": {"Node Type": "Aggregate", "Strategy": "Plain", "Partial Mode": "Simple", "Parallel Aware": false, "Startup Cost": 30199.27, "Total Cost": 30199.28, "Plan Rows": 1, "Plan Width": 8, "Actual Startup Time": 392.752, "Actual Total Time": 392.758, "Actual Rows": 1, "Actual Loops": 1, "Output": ["count(*)"], "Plans": [{"Node Type": "Hash Join", "Parent Relationship": "Outer", "Parallel Aware": false, "Join Type": "Inner", "Startup Cost": 13139.49, "Total Cost": 28957.72, "Plan Rows": 496619, "Plan Width": 0, "Actual Startup Time": 171.721, "Actual Total Time": 360.906, "Actual Rows": 897718, "Actual Loops": 1, "Inner Unique": false, "Hash Cond": "(v.postid = p.id)", "Plans": [{"Node Type": "Seq Scan", "Parent Relationship": "Outer", "Parallel Aware": false, "Relation Name": "votes", "Schema": "public", "Alias": "v", "Startup Cost": 0.0, "Total Cost": 5693.64, "Plan Rows": 328064, "Plan Width": 4, "Actual Startup Time": 0.019, "Actual Total Time": 30.706, "Actual Rows": 328064, "Actual Loops": 1, "Output": ["v.postid"]}, {"Node Type": "Hash", "Parent Relationship": "Inner", "Parallel Aware": false, "Startup Cost": 10855.09, "Total Cost": 10855.09, "Plan Rows": 139232, "Plan Width": 8, "Actual Startup Time": 170.908, "Actual Total Time": 170.912, "Actual Rows": 210059, "Actual Loops": 1, "Output": ["ph.postid", "p.id"], "Hash Buckets": 131072, "Original Hash Buckets": 131072, "Hash Batches": 4, "Original Hash Batches": 2, "Peak Memory Usage": 3132, "Plans": [{"Node Type": "Hash Join", "Parent Relationship": "Outer", "Parallel Aware": false, "Join Type": "Inner", "Startup Cost": 4431.81, "Total Cost": 10855.09, "Plan Rows": 139232, "Plan Width": 8, "Actual Startup Time": 31.955, "Actual Total Time": 141.658, "Actual Rows": 210059, "Actual Loops": 1, "Output": ["ph.postid", "p.id"], "Inner Unique": true, "Hash Cond": "(p.owneruserid = u.id)", "Plans": [{"Node Type": "Hash Join", "Parent Relationship": "Outer", "Parallel Aware": false, "Join Type": "Inner", "Startup Cost": 3227.49, "Total Cost": 9285.26, "Plan Rows": 139232, "Plan Width": 12, "Actual Startup Time": 19.814, "Actual Total Time": 95.679, "Actual Rows": 214126, "Actual Loops": 1, "Output": ["ph.postid", "p.id", "p.owneruserid"], "Inner Unique": true, "Hash Cond": "(ph.postid = p.id)", "Plans": [{"Node Type": "Seq Scan", "Parent Relationship": "Outer", "Parallel Aware": false, "Relation Name": "posthistory", "Schema": "public", "Alias": "ph", "Startup Cost": 0.0, "Total Cost": 5261.87, "Plan Rows": 303187, "Plan Width": 4, "Actual Startup Time": 0.016, "Actual Total Time": 18.097, "Actual Rows": 303187, "Actual Loops": 1, "Output": ["ph.id", "ph.posthistorytypeid", "ph.postid", "ph.creationdate", "ph.userid"]}, {"Node Type": "Hash", "Parent Relationship": "Inner", "Parallel Aware": false, "Startup Cost": 2699.52, "Total Cost": 2699.52, "Plan Rows": 42238, "Plan Width": 8, "Actual Startup Time": 19.548, "Actual Total Time": 19.55, "Actual Rows": 42382, "Actual Loops": 1, "Output": ["p.id", "p.owneruserid"], "Hash Buckets": 65536, "Original Hash Buckets": 65536, "Hash Batches": 1, "Original Hash Batches": 1, "Peak Memory Usage": 2168, "Plans": [{"Node Type": "Seq Scan", "Parent Relationship": "Outer", "Parallel Aware": false, "Relation Name": "posts", "Schema": "public", "Alias": "p", "Startup Cost": 0.0, "Total Cost": 2699.52, "Plan Rows": 42238, "Plan Width": 8, "Actual Startup Time": 0.011, "Actual Total Time": 14.014, "Actual Rows": 42382, "Actual Loops": 1, "Output": ["p.id", "p.owneruserid"], "Filter": "((p.commentcount <= 11) AND (p.commentcount >= 0) AND (p.score >= '-1'::integer) AND (p.posttypeid = 1))", "Rows Removed by Filter": 49594}]}]}, {"Node Type": "Hash", "Parent Relationship": "Inner", "Parallel Aware": false, "Startup Cost": 700.25, "Total Cost": 700.25, "Plan Rows": 40325, "Plan Width": 4, "Actual Startup Time": 11.983, "Actual Total Time": 11.984, "Actual Rows": 40325, "Actual Loops": 1, "Output": ["u.id"], "Hash Buckets": 65536, "Original Hash Buckets": 65536, "Hash Batches": 1, "Original Hash Batches": 1, "Peak Memory Usage": 1930, "Plans": [{"Node Type": "Seq Scan", "Parent Relationship": "Outer", "Parallel Aware": false, "Relation Name": "users", "Schema": "public", "Alias": "u", "Startup Cost": 0.0, "Total Cost": 700.25, "Plan Rows": 40325, "Plan Width": 4, "Actual Startup Time": 0.017, "Actual Total Time": 5.311, "Actual Rows": 40325, "Actual Loops": 1, "Output": ["u.id"]}]}]}]}]}]}, "Planning Time": 87.282, "Triggers": [], "Execution Time": 392.864}]
q94#####[{"Plan": {"Node Type": "Aggregate", "Strategy": "Plain", "Partial Mode": "Simple", "Parallel Aware": false, "Startup Cost": 124256.67, "Total Cost": 124256.68, "Plan Rows": 1, "Plan Width": 8, "Actual Startup Time": 47915.861, "Actual Total Time": 47915.867, "Actual Rows": 1, "Actual Loops": 1, "Output": ["count(*)"], "Plans": [{"Node Type": "Hash Join", "Parent Relationship": "Outer", "Parallel Aware": false, "Join Type": "Inner", "Startup Cost": 9597.86, "Total Cost": 17852.26, "Plan Rows": 42561764, "Plan Width": 0, "Actual Startup Time": 703.216, "Actual Total Time": 33326.461, "Actual Rows": 415214745, "Actual Loops": 1, "Inner Unique": false, "Hash Cond": "(c.userid = b.userid)", "Plans": [{"Node Type": "Hash Join", "Parent Relationship": "Outer", "Parallel Aware": false, "Join Type": "Inner", "Startup Cost": 524.44, "Total Cost": 2047.0, "Plan Rows": 58255, "Plan Width": 8, "Actual Startup Time": 5.518, "Actual Total Time": 19.059, "Actual Rows": 11057, "Actual Loops": 1, "Output": ["c.userid", "u.id"], "Inner Unique": true, "Hash Cond": "(c.userid = u.id)", "Plans": [{"Node Type": "Seq Scan", "Parent Relationship": "Outer", "Parallel Aware": false, "Relation Name": "comments", "Schema": "public", "Alias": "c", "Startup Cost": 0.0, "Total Cost": 1366.92, "Plan Rows": 59275, "Plan Width": 4, "Actual Startup Time": 0.026, "Actual Total Time": 6.713, "Actual Rows": 59450, "Actual Loops": 1, "Output": ["c.id", "c.postid", "c.score", "c.creationdate", "c.userid"], "Filter": "((c.creationdate <= 1409180061) AND (c.creationdate >= 1282181629))", "Rows Removed by Filter": 1678}, {"Node Type": "Hash", "Parent Relationship": "Inner", "Parallel Aware": false, "Startup Cost": 351.03, "Total Cost": 351.03, "Plan Rows": 13873, "Plan Width": 4, "Actual Startup Time": 5.439, "Actual Total Time": 5.44, "Actual Rows": 13921, "Actual Loops": 1, "Output": ["u.id"], "Hash Buckets": 16384, "Original Hash Buckets": 16384, "Hash Batches": 1, "Original Hash Batches": 1, "Peak Memory Usage": 618, "Plans": [{"Node Type": "Seq Scan", "Parent Relationship": "Outer", "Parallel Aware": false, "Relation Name": "users", "Schema": "public", "Alias": "u", "Startup Cost": 0.0, "Total Cost": 351.03, "Plan Rows": 13873, "Plan Width": 4, "Actual Startup Time": 0.013, "Actual Total Time": 3.14, "Actual Rows": 13921, "Actual Loops": 1, "Output": ["u.id"], "Filter": "((u.downvotes <= 0) AND (u.upvotes <= 123) AND (u.upvotes >= 0))", "Rows Removed by Filter": 195}]}]}, {"Node Type": "Hash", "Parent Relationship": "Inner", "Parallel Aware": false, "Startup Cost": 8980.2, "Total Cost": 8980.2, "Plan Rows": 7457, "Plan Width": 12, "Actual Startup Time": 697.325, "Actual Total Time": 697.327, "Actual Rows": 2313142, "Actual Loops": 1, "Output": ["b.userid", "ph.userid", "p.owneruserid"], "Hash Buckets": 131072, "Original Hash Buckets": 8192, "Hash Batches": 512, "Original Hash Batches": 1, "Peak Memory Usage": 18283, "Plans": [{"Node Type": "Nested Loop", "Parent Relationship": "Outer", "Parallel Aware": false, "Join Type": "Inner", "Startup Cost": 0.58, "Total Cost": 8980.2, "Plan Rows": 7457, "Plan Width": 12, "Actual Startup Time": 0.077, "Actual Total Time": 361.931, "Actual Rows": 2313142, "Actual Loops": 1, "Output": ["b.userid", "ph.userid", "p.owneruserid"], "Inner Unique": false, "Plans": [{"Node Type": "Nested Loop", "Parent Relationship": "Outer", "Parallel Aware": false, "Join Type": "Inner", "Startup Cost": 0.29, "Total Cost": 1758.99, "Plan Rows": 12220, "Plan Width": 8, "Actual Startup Time": 0.056, "Actual Total Time": 11.019, "Actual Rows": 10920, "Actual Loops": 1, "Output": ["b.userid", "p.owneruserid"], "Inner Unique": false, "Plans": [{"Node Type": "Seq Scan", "Parent Relationship": "Outer", "Parallel Aware": false, "Relation Name": "posts", "Schema": "public", "Alias": "p", "Startup Cost": 0.0, "Total Cost": 1102.0, "Plan Rows": 1054, "Plan Width": 4, "Actual Startup Time": 0.009, "Actual Total Time": 4.741, "Actual Rows": 2209, "Actual Loops": 1, "Output": ["p.id", "p.posttypeid", "p.creationdate", "p.score", "p.viewcount", "p.owneruserid", "p.answercount", "p.commentcount", "p.favoritecount", "p.lasteditoruserid"], "Filter": "((p.commentcount <= 11) AND (p.commentcount >= 0) AND (p.favoritecount >= 0) AND (p.viewcount <= 25597) AND (p.viewcount >= 0) AND (p.posttypeid = 1))", "Rows Removed by Filter": 29871}, {"Node Type": "Index Only Scan", "Parent Relationship": "Inner", "Parallel Aware": false, "Scan Direction": "Forward", "Index Name": "idx_badges_userid", "Relation Name": "badges", "Schema": "public", "Alias": "b", "Startup Cost": 0.29, "Total Cost": 0.6, "Plan Rows": 2, "Plan Width": 4, "Actual Startup Time": 0.002, "Actual Total Time": 0.002, "Actual Rows": 5, "Actual Loops": 2209, "Output": ["b.userid"], "Index Cond": "(b.userid = p.owneruserid)", "Rows Removed by Index Recheck": 0, "Heap Fetches": 0}]}, {"Node Type": "Index Only Scan", "Parent Relationship": "Inner", "Parallel Aware": false, "Scan Direction": "Forward", "Index Name": "idx_posthistory_userid", "Relation Name": "posthistory", "Schema": "public", "Alias": "ph", "Startup Cost": 0.29, "Total Cost": 0.49, "Plan Rows": 10, "Plan Width": 4, "Actual Startup Time": 0.002, "Actual Total Time": 0.015, "Actual Rows": 212, "Actual Loops": 10920, "Output": ["ph.userid"], "Index Cond": "(ph.userid = b.userid)", "Rows Removed by Index Recheck": 0, "Heap Fetches": 0}]}]}]}]}, "Planning Time": 124.446, "Triggers": [], "Execution Time": 47915.991}]
q43#####[{"Plan": {"Node Type": "Aggregate", "Strategy": "Plain", "Partial Mode": "Simple", "Parallel Aware": false, "Startup Cost": 33594.2, "Total Cost": 33594.21, "Plan Rows": 1, "Plan Width": 8, "Actual Startup Time": 278.102, "Actual Total Time": 278.107, "Actual Rows": 1, "Actual Loops": 1, "Output": ["count(*)"], "Plans": [{"Node Type": "Hash Join", "Parent Relationship": "Outer", "Parallel Aware": false, "Join Type": "Inner", "Startup Cost": 6655.99, "Total Cost": 29012.52, "Plan Rows": 1832675, "Plan Width": 0, "Actual Startup Time": 34.876, "Actual Total Time": 215.791, "Actual Rows": 1905111, "Actual Loops": 1, "Inner Unique": false, "Hash Cond": "(b.userid = u.id)", "Plans": [{"Node Type": "Merge Join", "Parent Relationship": "Outer", "Parallel Aware": false, "Join Type": "Inner", "Startup Cost": 1964.07, "Total Cost": 5468.71, "Plan Rows": 182154, "Plan Width": 8, "Actual Startup Time": 10.37, "Actual Total Time": 40.261, "Actual Rows": 207422, "Actual Loops": 1, "Output": ["b.userid", "p.owneruserid"], "Inner Unique": false, "Merge Cond": "(b.userid = p.owneruserid)", "Plans": [{"Node Type": "Index Only Scan", "Parent Relationship": "Outer", "Parallel Aware": false, "Scan Direction": "Forward", "Index Name": "idx_badges_userid", "Relation Name": "badges", "Schema": "public", "Alias": "b", "Startup Cost": 0.29, "Total Cost": 716.2, "Plan Rows": 27994, "Plan Width": 4, "Actual Startup Time": 0.01, "Actual Total Time": 2.254, "Actual Rows": 27994, "Actual Loops": 1, "Output": ["b.userid"], "Heap Fetches": 0}, {"Node Type": "Sort", "Parent Relationship": "Inner", "Parallel Aware": false, "Startup Cost": 1956.42, "Total Cost": 1995.69, "Plan Rows": 15711, "Plan Width": 4, "Actual Startup Time": 10.286, "Actual Total Time": 17.903, "Actual Rows": 210361, "Actual Loops": 1, "Output": ["p.owneruserid"], "Sort Key": ["p.owneruserid"], "Sort Method": "quicksort", "Sort Space Used": 1123, "Sort Space Type": "Memory", "Plans": [{"Node Type": "Seq Scan", "Parent Relationship": "Outer", "Parallel Aware": false, "Relation Name": "posts", "Schema": "public", "Alias": "p", "Startup Cost": 0.0, "Total Cost": 861.4, "Plan Rows": 15711, "Plan Width": 4, "Actual Startup Time": 0.017, "Actual Total Time": 6.05, "Actual Rows": 15758, "Actual Loops": 1, "Output": ["p.owneruserid"], "Filter": "((p.commentcount <= 15) AND (p.commentcount >= 0) AND (p.posttypeid = 1))", "Rows Removed by Filter": 16322}]}]}, {"Node Type": "Hash", "Parent Relationship": "Inner", "Parallel Aware": false, "Startup Cost": 2821.47, "Total Cost": 2821.47, "Plan Rows": 113956, "Plan Width": 8, "Actual Startup Time": 23.292, "Actual Total Time": 23.295, "Actual Rows": 2955, "Actual Loops": 1, "Output": ["u.id", "v.userid"], "Hash Buckets": 131072, "Original Hash Buckets": 131072, "Hash Batches": 2, "Original Hash Batches": 2, "Peak Memory Usage": 1092, "Plans": [{"Node Type": "Hash Join", "Parent Relationship": "Outer", "Parallel Aware": false, "Join Type": "Inner", "Startup Cost": 526.07, "Total Cost": 2821.47, "Plan Rows": 113956, "Plan Width": 8, "Actual Startup Time": 5.35, "Actual Total Time": 22.681, "Actual Rows": 2955, "Actual Loops": 1, "Output": ["u.id", "v.userid"], "Inner Unique": true, "Hash Cond": "(v.userid = u.id)", "Plans": [{"Node Type": "Seq Scan", "Parent Relationship": "Outer", "Parallel Aware": false, "Relation Name": "votes", "Schema": "public", "Alias": "v", "Startup Cost": 0.0, "Total Cost": 1993.76, "Plan Rows": 114876, "Plan Width": 4, "Actual Startup Time": 0.016, "Actual Total Time": 6.549, "Actual Rows": 114876, "Actual Loops": 1, "Output": ["v.id", "v.postid", "v.votetypeid", "v.creationdate", "v.userid", "v.bountyamount"]}, {"Node Type": "Hash", "Parent Relationship": "Inner", "Parallel Aware": false, "Startup Cost": 351.03, "Total Cost": 351.03, "Plan Rows": 14003, "Plan Width": 4, "Actual Startup Time": 5.312, "Actual Total Time": 5.313, "Actual Rows": 14003, "Actual Loops": 1, "Output": ["u.id"], "Hash Buckets": 16384, "Original Hash Buckets": 16384, "Hash Batches": 1, "Original Hash Batches": 1, "Peak Memory Usage": 621, "Plans": [{"Node Type": "Seq Scan", "Parent Relationship": "Outer", "Parallel Aware": false, "Relation Name": "users", "Schema": "public", "Alias": "u", "Startup Cost": 0.0, "Total Cost": 351.03, "Plan Rows": 14003, "Plan Width": 4, "Actual Startup Time": 0.012, "Actual Total Time": 3.134, "Actual Rows": 14003, "Actual Loops": 1, "Output": ["u.id"], "Filter": "((u.downvotes <= 1) AND (u.downvotes >= 0) AND (u.reputation >= 1))", "Rows Removed by Filter": 113}]}]}]}]}]}, "Planning Time": 78.6, "Triggers": [], "Execution Time": 278.217}]
q57#####[{"Plan": {"Node Type": "Aggregate", "Strategy": "Plain", "Partial Mode": "Simple", "Parallel Aware": false, "Startup Cost": 26771.92, "Total Cost": 26771.93, "Plan Rows": 1, "Plan Width": 8, "Actual Startup Time": 474.388, "Actual Total Time": 474.393, "Actual Rows": 1, "Actual Loops": 1, "Output": ["count(*)"], "Plans": [{"Node Type": "Hash Join", "Parent Relationship": "Outer", "Parallel Aware": false, "Join Type": "Inner", "Startup Cost": 8863.25, "Total Cost": 18025.88, "Plan Rows": 3498416, "Plan Width": 0, "Actual Startup Time": 46.018, "Actual Total Time": 343.503, "Actual Rows": 3976993, "Actual Loops": 1, "Inner Unique": false, "Hash Cond": "(p.owneruserid = b.userid)", "Plans": [{"Node Type": "Seq Scan", "Parent Relationship": "Outer", "Parallel Aware": false, "Relation Name": "posts", "Schema": "public", "Alias": "p", "Startup Cost": 0.0, "Total Cost": 781.2, "Plan Rows": 32020, "Plan Width": 4, "Actual Startup Time": 0.042, "Actual Total Time": 4.064, "Actual Rows": 32036, "Actual Loops": 1, "Output": ["p.id", "p.posttypeid", "p.creationdate", "p.score", "p.viewcount", "p.owneruserid", "p.answercount", "p.commentcount", "p.favoritecount", "p.lasteditoruserid"], "Filter": "((p.answercount <= 8) AND (p.score <= 48))", "Rows Removed by Filter": 44}, {"Node Type": "Hash", "Parent Relationship": "Inner", "Parallel Aware": false, "Startup Cost": 8533.5, "Total Cost": 8533.5, "Plan Rows": 26380, "Plan Width": 12, "Actual Startup Time": 45.925, "Actual Total Time": 45.93, "Actual Rows": 23981, "Actual Loops": 1, "Output": ["b.userid", "u.id", "v.userid"], "Hash Buckets": 32768, "Original Hash Buckets": 32768, "Hash Batches": 1, "Original Hash Batches": 1, "Peak Memory Usage": 1287, "Plans": [{"Node Type": "Hash Join", "Parent Relationship": "Outer", "Parallel Aware": false, "Join Type": "Inner", "Startup Cost": 4864.23, "Total Cost": 8533.5, "Plan Rows": 26380, "Plan Width": 12, "Actual Startup Time": 33.248, "Actual Total Time": 43.142, "Actual Rows": 23981, "Actual Loops": 1, "Output": ["b.userid", "u.id", "v.userid"], "Inner Unique": false, "Hash Cond": "(b.userid = u.id)", "Plans": [{"Node Type": "Seq Scan", "Parent Relationship": "Outer", "Parallel Aware": false, "Relation Name": "badges", "Schema": "public", "Alias": "b", "Startup Cost": 0.0, "Total Cost": 571.91, "Plan Rows": 26772, "Plan Width": 4, "Actual Startup Time": 0.017, "Actual Total Time": 3.163, "Actual Rows": 26753, "Actual Loops": 1, "Output": ["b.userid"], "Filter": "((b.date <= 1409643307) AND (b.date >= 1294059019))", "Rows Removed by Filter": 1241}, {"Node Type": "Hash", "Parent Relationship": "Inner", "Parallel Aware": false, "Startup Cost": 3033.15, "Total Cost": 3033.15, "Plan Rows": 111607, "Plan Width": 8, "Actual Startup Time": 32.176, "Actual Total Time": 32.18, "Actual Rows": 2822, "Actual Loops": 1, "Output": ["u.id", "v.userid"], "Hash Buckets": 131072, "Original Hash Buckets": 131072, "Hash Batches": 2, "Original Hash Batches": 2, "Peak Memory Usage": 1091, "Plans": [{"Node Type": "Hash Join", "Parent Relationship": "Outer", "Parallel Aware": false, "Join Type": "Inner", "Startup Cost": 453.66, "Total Cost": 3033.15, "Plan Rows": 111607, "Plan Width": 8, "Actual Startup Time": 7.056, "Actual Total Time": 31.466, "Actual Rows": 2822, "Actual Loops": 1, "Output": ["u.id", "v.userid"], "Inner Unique": true, "Hash Cond": "(v.userid = u.id)", "Plans": [{"Node Type": "Seq Scan", "Parent Relationship": "Outer", "Parallel Aware": false, "Relation Name": "votes", "Schema": "public", "Alias": "v", "Startup Cost": 0.0, "Total Cost": 2280.95, "Plan Rows": 113693, "Plan Width": 4, "Actual Startup Time": 0.017, "Actual Total Time": 13.96, "Actual Rows": 113956, "Actual Loops": 1, "Output": ["v.id", "v.postid", "v.votetypeid", "v.creationdate", "v.userid", "v.bountyamount"], "Filter": "(v.creationdate <= 1409932800)", "Rows Removed by Filter": 920}, {"Node Type": "Hash", "Parent Relationship": "Inner", "Parallel Aware": false, "Startup Cost": 280.45, "Total Cost": 280.45, "Plan Rows": 13857, "Plan Width": 4, "Actual Startup Time": 6.92, "Actual Total Time": 6.922, "Actual Rows": 13853, "Actual Loops": 1, "Output": ["u.id"], "Hash Buckets": 16384, "Original Hash Buckets": 16384, "Hash Batches": 1, "Original Hash Batches": 1, "Peak Memory Usage": 616, "Plans": [{"Node Type": "Seq Scan", "Parent Relationship": "Outer", "Parallel Aware": false, "Relation Name": "users", "Schema": "public", "Alias": "u", "Startup Cost": 0.0, "Total Cost": 280.45, "Plan Rows": 13857, "Plan Width": 4, "Actual Startup Time": 0.013, "Actual Total Time": 3.451, "Actual Rows": 13853, "Actual Loops": 1, "Output": ["u.id"], "Filter": "(u.creationdate >= 1289858584)", "Rows Removed by Filter": 263}]}]}]}]}]}]}]}, "Planning Time": 95.655, "Triggers": [], "Execution Time": 474.537}]
q41#####[{"Plan": {"Node Type": "Aggregate", "Strategy": "Plain", "Partial Mode": "Simple", "Parallel Aware": false, "Startup Cost": 8414.65, "Total Cost": 8414.66, "Plan Rows": 1, "Plan Width": 8, "Actual Startup Time": 72.711, "Actual Total Time": 72.715, "Actual Rows": 1, "Actual Loops": 1, "Output": ["count(*)"], "Plans": [{"Node Type": "Hash Join", "Parent Relationship": "Outer", "Parallel Aware": false, "Join Type": "Inner", "Startup Cost": 4446.34, "Total Cost": 8168.1, "Plan Rows": 98622, "Plan Width": 0, "Actual Startup Time": 56.085, "Actual Total Time": 72.509, "Actual Rows": 5572, "Actual Loops": 1, "Inner Unique": false, "Hash Cond": "(v.postid = p.id)", "Plans": [{"Node Type": "Seq Scan", "Parent Relationship": "Outer", "Parallel Aware": false, "Relation Name": "votes", "Schema": "public", "Alias": "v", "Startup Cost": 0.0, "Total Cost": 2280.95, "Plan Rows": 90917, "Plan Width": 4, "Actual Startup Time": 0.019, "Actual Total Time": 9.916, "Actual Rows": 90874, "Actual Loops": 1, "Output": ["v.id", "v.postid", "v.votetypeid", "v.creationdate", "v.userid", "v.bountyamount"], "Filter": "(v.votetypeid = 2)", "Rows Removed by Filter": 24002}, {"Node Type": "Hash", "Parent Relationship": "Inner", "Parallel Aware": false, "Startup Cost": 3986.19, "Total Cost": 3986.19, "Plan Rows": 36812, "Plan Width": 8, "Actual Startup Time": 55.911, "Actual Total Time": 55.914, "Actual Rows": 8140, "Actual Loops": 1, "Output": ["ph.postid", "p.id"], "Hash Buckets": 65536, "Original Hash Buckets": 65536, "Hash Batches": 1, "Original Hash Batches": 1, "Peak Memory Usage": 830, "Plans": [{"Node Type": "Hash Join", "Parent Relationship": "Outer", "Parallel Aware": false, "Join Type": "Inner", "Startup Cost": 1500.97, "Total Cost": 3986.19, "Plan Rows": 36812, "Plan Width": 8, "Actual Startup Time": 14.786, "Actual Total Time": 54.03, "Actual Rows": 8140, "Actual Loops": 1, "Output": ["ph.postid", "p.id"], "Inner Unique": true, "Hash Cond": "(p.owneruserid = u.id)", "Plans": [{"Node Type": "Hash Join", "Parent Relationship": "Outer", "Parallel Aware": false, "Join Type": "Inner", "Startup Cost": 976.78, "Total Cost": 3363.5, "Plan Rows": 37511, "Plan Width": 12, "Actual Startup Time": 9.376, "Actual Total Time": 44.055, "Actual Rows": 25637, "Actual Loops": 1, "Output": ["ph.postid", "p.id", "p.owneruserid"], "Inner Unique": true, "Hash Cond": "(ph.postid = p.id)", "Plans": [{"Node Type": "Seq Scan", "Parent Relationship": "Outer", "Parallel Aware": false, "Relation Name": "posthistory", "Schema": "public", "Alias": "ph", "Startup Cost": 0.0, "Total Cost": 2110.32, "Plan Rows": 105287, "Plan Width": 4, "Actual Startup Time": 0.011, "Actual Total Time": 18.066, "Actual Rows": 106110, "Actual Loops": 1, "Output": ["ph.id", "ph.posthistorytypeid", "ph.postid", "ph.creationdate", "ph.userid"], "Filter": "(ph.creationdate >= 1279644248)", "Rows Removed by Filter": 156}, {"Node Type": "Hash", "Parent Relationship": "Inner", "Parallel Aware": false, "Startup Cost": 781.2, "Total Cost": 781.2, "Plan Rows": 15646, "Plan Width": 8, "Actual Startup Time": 9.283, "Actual Total Time": 9.284, "Actual Rows": 15624, "Actual Loops": 1, "Output": ["p.id", "p.owneruserid"], "Hash Buckets": 16384, "Original Hash Buckets": 16384, "Hash Batches": 1, "Original Hash Batches": 1, "Peak Memory Usage": 739, "Plans": [{"Node Type": "Seq Scan", "Parent Relationship": "Outer", "Parallel Aware": false, "Relation Name": "posts", "Schema": "public", "Alias": "p", "Startup Cost": 0.0, "Total Cost": 781.2, "Plan Rows": 15646, "Plan Width": 8, "Actual Startup Time": 0.006, "Actual Total Time": 6.305, "Actual Rows": 15624, "Actual Loops": 1, "Output": ["p.id", "p.owneruserid"], "Filter": "((p.commentcount >= 0) AND (p.viewcount >= 0))", "Rows Removed by Filter": 16456}]}]}, {"Node Type": "Hash", "Parent Relationship": "Inner", "Parallel Aware": false, "Startup Cost": 351.03, "Total Cost": 351.03, "Plan Rows": 13853, "Plan Width": 4, "Actual Startup Time": 5.334, "Actual Total Time": 5.335, "Actual Rows": 13853, "Actual Loops": 1, "Output": ["u.id"], "Hash Buckets": 16384, "Original Hash Buckets": 16384, "Hash Batches": 1, "Original Hash Batches": 1, "Peak Memory Usage": 616, "Plans": [{"Node Type": "Seq Scan", "Parent Relationship": "Outer", "Parallel Aware": false, "Relation Name": "users", "Schema": "public", "Alias": "u", "Startup Cost": 0.0, "Total Cost": 351.03, "Plan Rows": 13853, "Plan Width": 4, "Actual Startup Time": 0.011, "Actual Total Time": 2.954, "Actual Rows": 13853, "Actual Loops": 1, "Output": ["u.id"], "Filter": "((u.upvotes >= 0) AND (u.views <= 34) AND (u.views >= 0))", "Rows Removed by Filter": 263}]}]}]}]}]}, "Planning Time": 88.547, "Triggers": [], "Execution Time": 72.798}]
q55#####[{"Plan": {"Node Type": "Aggregate", "Strategy": "Plain", "Partial Mode": "Simple", "Parallel Aware": false, "Startup Cost": 1656551.43, "Total Cost": 1656551.44, "Plan Rows": 1, "Plan Width": 8, "Actual Startup Time": 147.039, "Actual Total Time": 147.041, "Actual Rows": 1, "Actual Loops": 1, "Output": ["count(*)"], "Plans": [{"Node Type": "Merge Join", "Parent Relationship": "Outer", "Parallel Aware": false, "Join Type": "Inner", "Startup Cost": 11204.49, "Total Cost": 1630592.37, "Plan Rows": 10383624, "Plan Width": 0, "Actual Startup Time": 66.428, "Actual Total Time": 146.878, "Actual Rows": 3636, "Actual Loops": 1, "Inner Unique": false, "Merge Cond": "(c.userid = u.id)", "Plans": [{"Node Type": "Index Scan", "Parent Relationship": "Outer", "Parallel Aware": false, "Scan Direction": "Forward", "Index Name": "idx_comments_userid", "Relation Name": "comments", "Schema": "public", "Alias": "c", "Startup Cost": 0.29, "Total Cost": 8711.25, "Plan Rows": 168909, "Plan Width": 4, "Actual Startup Time": 0.11, "Actual Total Time": 54.784, "Actual Rows": 169020, "Actual Loops": 1, "Output": ["c.id", "c.postid", "c.score", "c.creationdate", "c.userid"], "Filter": "((c.creationdate <= 1409892677) AND (c.creationdate >= 1285937126))", "Rows Removed by Filter": 5285}, {"Node Type": "Materialize", "Parent Relationship": "Inner", "Parallel Aware": false, "Startup Cost": 11045.87, "Total Cost": 80406.98, "Plan Rows": 25543600, "Plan Width": 8, "Actual Startup Time": 54.922, "Actual Total Time": 82.584, "Actual Rows": 7745, "Actual Loops": 1, "Output": ["u.id", "v.userid"], "Plans": [{"Node Type": "Merge Join", "Parent Relationship": "Outer", "Parallel Aware": false, "Join Type": "Inner", "Startup Cost": 11045.87, "Total Cost": 16547.98, "Plan Rows": 25543600, "Plan Width": 8, "Actual Startup Time": 54.917, "Actual Total Time": 81.659, "Actual Rows": 5292, "Actual Loops": 1, "Output": ["u.id", "v.userid"], "Inner Unique": false, "Merge Cond": "(u.id = v.userid)", "Plans": [{"Node Type": "Index Scan", "Parent Relationship": "Outer", "Parallel Aware": false, "Scan Direction": "Forward", "Index Name": "users_pkey", "Relation Name": "users", "Schema": "public", "Alias": "u", "Startup Cost": 0.29, "Total Cost": 1558.79, "Plan Rows": 31406, "Plan Width": 4, "Actual Startup Time": 0.012, "Actual Total Time": 7.455, "Actual Rows": 31152, "Actual Loops": 1, "Output": ["u.id", "u.reputation", "u.creationdate", "u.views", "u.upvotes", "u.downvotes"], "Filter": "((u.creationdate <= 1410463534) AND (u.upvotes = 0))", "Rows Removed by Filter": 8765}, {"Node Type": "Index Scan", "Parent Relationship": "Inner", "Parallel Aware": false, "Scan Direction": "Forward", "Index Name": "idx_votes_userid", "Relation Name": "votes", "Schema": "public", "Alias": "v", "Startup Cost": 0.3, "Total Cost": 11542.53, "Plan Rows": 327977, "Plan Width": 4, "Actual Startup Time": 0.014, "Actual Total Time": 60.23, "Actual Rows": 327937, "Actual Loops": 1, "Output": ["v.id", "v.postid", "v.votetypeid", "v.creationdate", "v.userid", "v.bountyamount"], "Filter": "(v.bountyamount <= 100)", "Rows Removed by Filter": 92}]}]}]}]}, "Planning Time": 66.891, "Triggers": [], "Execution Time": 147.149}]
q69#####[{"Plan": {"Node Type": "Aggregate", "Strategy": "Plain", "Partial Mode": "Simple", "Parallel Aware": false, "Startup Cost": 93491.14, "Total Cost": 93491.15, "Plan Rows": 1, "Plan Width": 8, "Actual Startup Time": 13778.186, "Actual Total Time": 13778.192, "Actual Rows": 1, "Actual Loops": 1, "Output": ["count(*)"], "Plans": [{"Node Type": "Hash Join", "Parent Relationship": "Outer", "Parallel Aware": false, "Join Type": "Inner", "Startup Cost": 10534.4, "Total Cost": 79705.76, "Plan Rows": 5514150, "Plan Width": 0, "Actual Startup Time": 529.151, "Actual Total Time": 9878.768, "Actual Rows": 118555332, "Actual Loops": 1, "Inner Unique": false, "Hash Cond": "(b.userid = u.id)", "Plans": [{"Node Type": "Merge Join", "Parent Relationship": "Outer", "Parallel Aware": false, "Join Type": "Inner", "Startup Cost": 5712.13, "Total Cost": 16776.25, "Plan Rows": 604396, "Plan Width": 12, "Actual Startup Time": 23.548, "Actual Total Time": 529.635, "Actual Rows": 3821493, "Actual Loops": 1, "Output": ["b.userid", "ph.userid", "p.owneruserid"], "Inner Unique": false, "Merge Cond": "(b.userid = ph.userid)", "Plans": [{"Node Type": "Merge Join", "Parent Relationship": "Outer", "Parallel Aware": false, "Join Type": "Inner", "Startup Cost": 1489.81, "Total Cost": 3616.1, "Plan Rows": 44410, "Plan Width": 8, "Actual Startup Time": 9.223, "Actual Total Time": 23.348, "Actual Rows": 14613, "Actual Loops": 1, "Output": ["b.userid", "p.owneruserid"], "Inner Unique": false, "Merge Cond": "(b.userid = p.owneruserid)", "Plans": [{"Node Type": "Index Scan", "Parent Relationship": "Outer", "Parallel Aware": false, "Scan Direction": "Forward", "Index Name": "idx_badges_userid", "Relation Name": "badges", "Schema": "public", "Alias": "b", "Startup Cost": 0.29, "Total Cost": 1394.18, "Plan Rows": 27811, "Plan Width": 4, "Actual Startup Time": 0.022, "Actual Total Time": 10.752, "Actual Rows": 27425, "Actual Loops": 1, "Output": ["b.id", "b.userid", "b.date"], "Filter": "(b.date <= 1410229475)", "Rows Removed by Filter": 47}, {"Node Type": "Sort", "Parent Relationship": "Inner", "Parallel Aware": false, "Startup Cost": 1487.7, "Total Cost": 1497.34, "Plan Rows": 3856, "Plan Width": 4, "Actual Startup Time": 9.192, "Actual Total Time": 9.855, "Actual Rows": 14788, "Actual Loops": 1, "Output": ["p.owneruserid"], "Sort Key": ["p.owneruserid"], "Sort Method": "quicksort", "Sort Space Used": 101, "Sort Space Type": "Memory", "Plans": [{"Node Type": "Hash Join", "Parent Relationship": "Outer", "Parallel Aware": false, "Join Type": "Inner", "Startup Cost": 1180.09, "Total Cost": 1258.02, "Plan Rows": 3856, "Plan Width": 4, "Actual Startup Time": 8.188, "Actual Total Time": 8.997, "Actual Rows": 1127, "Actual Loops": 1, "Output": ["p.owneruserid"], "Inner Unique": true, "Hash Cond": "(pl.relatedpostid = p.id)", "Plans": [{"Node Type": "Seq Scan", "Parent Relationship": "Outer", "Parallel Aware": false, "Relation Name": "postlinks", "Schema": "public", "Alias": "pl", "Startup Cost": 0.0, "Total Cost": 67.76, "Plan Rows": 3876, "Plan Width": 4, "Actual Startup Time": 0.005, "Actual Total Time": 0.272, "Actual Rows": 3876, "Actual Loops": 1, "Output": ["pl.id", "pl.creationdate", "pl.postid", "pl.relatedpostid", "pl.linktypeid"]}, {"Node Type": "Hash", "Parent Relationship": "Inner", "Parallel Aware": false, "Startup Cost": 781.2, "Total Cost": 781.2, "Plan Rows": 31911, "Plan Width": 8, "Actual Startup Time": 8.054, "Actual Total Time": 8.055, "Actual Rows": 31915, "Actual Loops": 1, "Output": ["p.owneruserid", "p.id"], "Hash Buckets": 32768, "Original Hash Buckets": 32768, "Hash Batches": 1, "Original Hash Batches": 1, "Peak Memory Usage": 1503, "Plans": [{"Node Type": "Seq Scan", "Parent Relationship": "Outer", "Parallel Aware": false, "Relation Name": "posts", "Schema": "public", "Alias": "p", "Startup Cost": 0.0, "Total Cost": 781.2, "Plan Rows": 31911, "Plan Width": 8, "Actual Startup Time": 0.004, "Actual Total Time": 4.591, "Actual Rows": 31915, "Actual Loops": 1, "Output": ["p.owneruserid", "p.id"], "Filter": "((p.commentcount <= 13) AND (p.commentcount >= 0))", "Rows Removed by Filter": 165}]}]}]}]}, {"Node Type": "Sort", "Parent Relationship": "Inner", "Parallel Aware": false, "Startup Cost": 4098.02, "Total Cost": 4157.27, "Plan Rows": 23699, "Plan Width": 4, "Actual Startup Time": 14.295, "Actual Total Time": 146.105, "Actual Rows": 3838298, "Actual Loops": 1, "Output": ["ph.userid"], "Sort Key": ["ph.userid"], "Sort Method": "quicksort", "Sort Space Used": 1899, "Sort Space Type": "Memory", "Plans": [{"Node Type": "Seq Scan", "Parent Relationship": "Outer", "Parallel Aware": false, "Relation Name": "posthistory", "Schema": "public", "Alias": "ph", "Startup Cost": 0.0, "Total Cost": 2375.99, "Plan Rows": 23699, "Plan Width": 4, "Actual Startup Time": 0.009, "Actual Total Time": 10.179, "Actual Rows": 24125, "Actual Loops": 1, "Output": ["ph.userid"], "Filter": "((ph.creationdate <= 1407892810) AND (ph.posthistorytypeid = 5))", "Rows Removed by Filter": 82141}]}]}, {"Node Type": "Hash", "Parent Relationship": "Inner", "Parallel Aware": false, "Startup Cost": 3126.58, "Total Cost": 3126.58, "Plan Rows": 103335, "Plan Width": 8, "Actual Startup Time": 28.025, "Actual Total Time": 28.026, "Actual Rows": 3020, "Actual Loops": 1, "Output": ["u.id", "v.userid"], "Hash Buckets": 131072, "Original Hash Buckets": 131072, "Hash Batches": 2, "Original Hash Batches": 2, "Peak Memory Usage": 1095, "Plans": [{"Node Type": "Hash Join", "Parent Relationship": "Outer", "Parallel Aware": false, "Join Type": "Inner", "Startup Cost": 546.23, "Total Cost": 3126.58, "Plan Rows": 103335, "Plan Width": 8, "Actual Startup Time": 7.02, "Actual Total Time": 27.43, "Actual Rows": 3020, "Actual Loops": 1, "Output": ["u.id", "v.userid"], "Inner Unique": true, "Hash Cond": "(v.userid = u.id)", "Plans": [{"Node Type": "Seq Scan", "Parent Relationship": "Outer", "Parallel Aware": false, "Relation Name": "votes", "Schema": "public", "Alias": "v", "Startup Cost": 0.0, "Total Cost": 2280.95, "Plan Rows": 114022, "Plan Width": 4, "Actual Startup Time": 0.015, "Actual Total Time": 12.451, "Actual Rows": 114866, "Actual Loops": 1, "Output": ["v.id", "v.postid", "v.votetypeid", "v.creationdate", "v.userid", "v.bountyamount"], "Filter": "(v.creationdate >= 1279468800)", "Rows Removed by Filter": 10}, {"Node Type": "Hash", "Parent Relationship": "Inner", "Parallel Aware": false, "Startup Cost": 386.32, "Total Cost": 386.32, "Plan Rows": 12793, "Plan Width": 4, "Actual Startup Time": 6.982, "Actual Total Time": 6.983, "Actual Rows": 12743, "Actual Loops": 1, "Output": ["u.id"], "Hash Buckets": 16384, "Original Hash Buckets": 16384, "Hash Batches": 1, "Original Hash Batches": 1, "Peak Memory Usage": 576, "Plans": [{"Node Type": "Seq Scan", "Parent Relationship": "Outer", "Parallel Aware": false, "Relation Name": "users", "Schema": "public", "Alias": "u", "Startup Cost": 0.0, "Total Cost": 386.32, "Plan Rows": 12793, "Plan Width": 4, "Actual Startup Time": 0.009, "Actual Total Time": 4.506, "Actual Rows": 12743, "Actual Loops": 1, "Output": ["u.id"], "Filter": "((u.creationdate <= 1406013322) AND (u.creationdate >= 1280912393) AND (u.downvotes >= 0) AND (u.views >= 0))", "Rows Removed by Filter": 1373}]}]}]}]}]}, "Planning Time": 210.908, "Triggers": [], "Execution Time": 13778.506}]
q82#####[{"Plan": {"Node Type": "Aggregate", "Strategy": "Plain", "Partial Mode": "Simple", "Parallel Aware": false, "Startup Cost": 4854.87, "Total Cost": 4854.88, "Plan Rows": 1, "Plan Width": 8, "Actual Startup Time": 36.69, "Actual Total Time": 36.695, "Actual Rows": 1, "Actual Loops": 1, "Output": ["count(*)"], "Plans": [{"Node Type": "Hash Join", "Parent Relationship": "Outer", "Parallel Aware": false, "Join Type": "Inner", "Startup Cost": 2382.79, "Total Cost": 4631.99, "Plan Rows": 89154, "Plan Width": 0, "Actual Startup Time": 22.615, "Actual Total Time": 35.126, "Actual Rows": 28642, "Actual Loops": 1, "Inner Unique": false, "Hash Cond": "(c.userid = b.userid)", "Plans": [{"Node Type": "Nested Loop", "Parent Relationship": "Outer", "Parallel Aware": false, "Join Type": "Inner", "Startup Cost": 969.43, "Total Cost": 1818.67, "Plan Rows": 3279, "Plan Width": 4, "Actual Startup Time": 6.585, "Actual Total Time": 15.612, "Actual Rows": 3541, "Actual Loops": 1, "Output": ["c.userid"], "Inner Unique": false, "Join Filter": "(c.postid = v.postid)", "Rows Removed by Join Filter": 0, "Plans": [{"Node Type": "Nested Loop", "Parent Relationship": "Outer", "Parallel Aware": false, "Join Type": "Inner", "Startup Cost": 969.13, "Total Cost": 1386.38, "Plan Rows": 982, "Plan Width": 20, "Actual Startup Time": 6.552, "Actual Total Time": 11.377, "Actual Rows": 528, "Actual Loops": 1, "Output": ["c.userid", "c.postid", "ph.postid", "pl.relatedpostid", "p.id"], "Inner Unique": false, "Join Filter": "(p.id = c.postid)", "Rows Removed by Join Filter": 0, "Plans": [{"Node Type": "Nested Loop", "Parent Relationship": "Outer", "Parallel Aware": false, "Join Type": "Inner", "Startup Cost": 968.84, "Total Cost": 1233.8, "Plan Rows": 404, "Plan Width": 12, "Actual Startup Time": 6.504, "Actual Total Time": 9.106, "Actual Rows": 686, "Actual Loops": 1, "Output": ["ph.postid", "pl.relatedpostid", "p.id"], "Inner Unique": false, "Join Filter": "(p.id = ph.postid)", "Rows Removed by Join Filter": 0, "Plans": [{"Node Type": "Hash Join", "Parent Relationship": "Outer", "Parallel Aware": false, "Join Type": "Inner", "Startup Cost": 968.55, "Total Cost": 1074.33, "Plan Rows": 229, "Plan Width": 8, "Actual Startup Time": 6.49, "Actual Total Time": 7.868, "Actual Rows": 327, "Actual Loops": 1, "Output": ["pl.relatedpostid", "p.id"], "Inner Unique": true, "Hash Cond": "(pl.relatedpostid = p.id)", "Plans": [{"Node Type": "Seq Scan", "Parent Relationship": "Outer", "Parallel Aware": false, "Relation Name": "postlinks", "Schema": "public", "Alias": "pl", "Startup Cost": 0.0, "Total Cost": 96.83, "Plan Rows": 3408, "Plan Width": 4, "Actual Startup Time": 0.018, "Actual Total Time": 0.907, "Actual Rows": 3431, "Actual Loops": 1, "Output": ["pl.id", "pl.creationdate", "pl.postid", "pl.relatedpostid", "pl.linktypeid"], "Filter": "((pl.creationdate <= 1409561284) AND (pl.creationdate >= 1297857890) AND (pl.linktypeid = 1))", "Rows Removed by Filter": 445}, {"Node Type": "Hash", "Parent Relationship": "Inner", "Parallel Aware": false, "Startup Cost": 941.6, "Total Cost": 941.6, "Plan Rows": 2156, "Plan Width": 4, "Actual Startup Time": 6.436, "Actual Total Time": 6.437, "Actual Rows": 4273, "Actual Loops": 1, "Output": ["p.id"], "Hash Buckets": 8192, "Original Hash Buckets": 4096, "Hash Batches": 1, "Original Hash Batches": 1, "Peak Memory Usage": 215, "Plans": [{"Node Type": "Seq Scan", "Parent Relationship": "Outer", "Parallel Aware": false, "Relation Name": "posts", "Schema": "public", "Alias": "p", "Startup Cost": 0.0, "Total Cost": 941.6, "Plan Rows": 2156, "Plan Width": 4, "Actual Startup Time": 0.005, "Actual Total Time": 5.716, "Actual Rows": 4273, "Actual Loops": 1, "Output": ["p.id"], "Filter": "((p.answercount <= 5) AND (p.commentcount <= 12) AND (p.favoritecount >= 0) AND (p.viewcount >= 0))", "Rows Removed by Filter": 27807}]}]}, {"Node Type": "Index Only Scan", "Parent Relationship": "Inner", "Parallel Aware": false, "Scan Direction": "Forward", "Index Name": "idx_posthistory_postid", "Relation Name": "posthistory", "Schema": "public", "Alias": "ph", "Startup Cost": 0.29, "Total Cost": 0.67, "Plan Rows": 2, "Plan Width": 4, "Actual Startup Time": 0.003, "Actual Total Time": 0.003, "Actual Rows": 2, "Actual Loops": 327, "Output": ["ph.postid"], "Index Cond": "(ph.postid = pl.relatedpostid)", "Rows Removed by Index Recheck": 0, "Heap Fetches": 0}]}, {"Node Type": "Index Scan", "Parent Relationship": "Inner", "Parallel Aware": false, "Scan Direction": "Forward", "Index Name": "idx_comments_postid", "Relation Name": "comments", "Schema": "public", "Alias": "c", "Startup Cost": 0.29, "Total Cost": 0.35, "Plan Rows": 2, "Plan Width": 8, "Actual Startup Time": 0.002, "Actual Total Time": 0.003, "Actual Rows": 1, "Actual Loops": 686, "Output": ["c.id", "c.postid", "c.score", "c.creationdate", "c.userid"], "Index Cond": "(c.postid = ph.postid)", "Rows Removed by Index Recheck": 0, "Filter": "(c.score = 0)", "Rows Removed by Filter": 0}]}, {"Node Type": "Index Scan", "Parent Relationship": "Inner", "Parallel Aware": false, "Scan Direction": "Forward", "Index Name": "idx_votes_postid", "Relation Name": "votes", "Schema": "public", "Alias": "v", "Startup Cost": 0.29, "Total Cost": 0.4, "Plan Rows": 3, "Plan Width": 4, "Actual Startup Time": 0.003, "Actual Total Time": 0.007, "Actual Rows": 7, "Actual Loops": 528, "Output": ["v.id", "v.postid", "v.votetypeid", "v.creationdate", "v.userid", "v.bountyamount"], "Index Cond": "(v.postid = ph.postid)", "Rows Removed by Index Recheck": 0, "Filter": "((v.creationdate <= 1409414400) AND (v.creationdate >= 1279468800))", "Rows Removed by Filter": 0}]}, {"Node Type": "Hash", "Parent Relationship": "Inner", "Parallel Aware": false, "Startup Cost": 1066.4, "Total Cost": 1066.4, "Plan Rows": 27757, "Plan Width": 8, "Actual Startup Time": 15.634, "Actual Total Time": 15.636, "Actual Rows": 8806, "Actual Loops": 1, "Output": ["b.userid", "u.id"], "Hash Buckets": 32768, "Original Hash Buckets": 32768, "Hash Batches": 1, "Original Hash Batches": 1, "Peak Memory Usage": 600, "Plans": [{"Node Type": "Hash Join", "Parent Relationship": "Outer", "Parallel Aware": false, "Join Type": "Inner", "Startup Cost": 421.61, "Total Cost": 1066.4, "Plan Rows": 27757, "Plan Width": 8, "Actual Startup Time": 4.483, "Actual Total Time": 13.876, "Actual Rows": 8806, "Actual Loops": 1, "Output": ["b.userid", "u.id"], "Inner Unique": true, "Hash Cond": "(b.userid = u.id)", "Plans": [{"Node Type": "Seq Scan", "Parent Relationship": "Outer", "Parallel Aware": false, "Relation Name": "badges", "Schema": "public", "Alias": "b", "Startup Cost": 0.0, "Total Cost": 571.91, "Plan Rows": 27757, "Plan Width": 4, "Actual Startup Time": 0.012, "Actual Total Time": 5.075, "Actual Rows": 27716, "Actual Loops": 1, "Output": ["b.id", "b.userid", "b.date"], "Filter": "((b.date <= 1410477575) AND (b.date >= 1281062205))", "Rows Removed by Filter": 278}, {"Node Type": "Hash", "Parent Relationship": "Inner", "Parallel Aware": false, "Startup Cost": 245.16, "Total Cost": 245.16, "Plan Rows": 14116, "Plan Width": 4, "Actual Startup Time": 4.395, "Actual Total Time": 4.396, "Actual Rows": 14116, "Actual Loops": 1, "Output": ["u.id"], "Hash Buckets": 16384, "Original Hash Buckets": 16384, "Hash Batches": 1, "Original Hash Batches": 1, "Peak Memory Usage": 625, "Plans": [{"Node Type": "Seq Scan", "Parent Relationship": "Outer", "Parallel Aware": false, "Relation Name": "users", "Schema": "public", "Alias": "u", "Startup Cost": 0.0, "Total Cost": 245.16, "Plan Rows": 14116, "Plan Width": 4, "Actual Startup Time": 0.01, "Actual Total Time": 1.99, "Actual Rows": 14116, "Actual Loops": 1, "Output": ["u.id"]}]}]}]}]}]}, "Planning Time": 243.312, "Triggers": [], "Execution Time": 36.805}]
q96#####[{"Plan": {"Node Type": "Aggregate", "Strategy": "Plain", "Partial Mode": "Simple", "Parallel Aware": false, "Startup Cost": 20077001.81, "Total Cost": 20077001.82, "Plan Rows": 1, "Plan Width": 8, "Actual Startup Time": 227.007, "Actual Total Time": 227.008, "Actual Rows": 1, "Actual Loops": 1, "Output": ["count(*)"], "Plans": [{"Node Type": "Nested Loop", "Parent Relationship": "Outer", "Parallel Aware": false, "Join Type": "Inner", "Startup Cost": 70.74, "Total Cost": 19491791.51, "Plan Rows": 234084121, "Plan Width": 0, "Actual Startup Time": 6.102, "Actual Total Time": 193.409, "Actual Rows": 1018612, "Actual Loops": 1, "Inner Unique": false, "Plans": [{"Node Type": "Merge Join", "Parent Relationship": "Outer", "Parallel Aware": false, "Join Type": "Inner", "Startup Cost": 70.32, "Total Cost": 7598.18, "Plan Rows": 16206400, "Plan Width": 8, "Actual Startup Time": 6.088, "Actual Total Time": 32.394, "Actual Rows": 49655, "Actual Loops": 1, "Output": ["c.userid", "u.id"], "Inner Unique": true, "Merge Cond": "(c.userid = u.id)", "Plans": [{"Node Type": "Index Only Scan", "Parent Relationship": "Outer", "Parallel Aware": false, "Scan Direction": "Forward", "Index Name": "idx_comments_userid", "Relation Name": "comments", "Schema": "public", "Alias": "c", "Startup Cost": 0.29, "Total Cost": 3586.87, "Plan Rows": 174305, "Plan Width": 4, "Actual Startup Time": 0.008, "Actual Total Time": 11.947, "Actual Rows": 174235, "Actual Loops": 1, "Output": ["c.userid"], "Heap Fetches": 0}, {"Node Type": "Index Scan", "Parent Relationship": "Inner", "Parallel Aware": false, "Scan Direction": "Forward", "Index Name": "users_pkey", "Relation Name": "users", "Schema": "public", "Alias": "u", "Startup Cost": 0.29, "Total Cost": 1861.23, "Plan Rows": 37493, "Plan Width": 4, "Actual Startup Time": 0.174, "Actual Total Time": 8.379, "Actual Rows": 38103, "Actual Loops": 1, "Output": ["u.id", "u.reputation", "u.creationdate", "u.views", "u.upvotes", "u.downvotes"], "Filter": "((u.creationdate <= 1410339691) AND (u.creationdate >= 1287758435) AND (u.reputation <= 487) AND (u.reputation >= 1) AND (u.upvotes <= 27))", "Rows Removed by Filter": 2222}]}, {"Node Type": "Index Only Scan", "Parent Relationship": "Inner", "Parallel Aware": false, "Scan Direction": "Forward", "Index Name": "idx_posthistory_userid", "Relation Name": "posthistory", "Schema": "public", "Alias": "ph", "Startup Cost": 0.42, "Total Cost": 0.92, "Plan Rows": 28, "Plan Width": 4, "Actual Startup Time": 0.001, "Actual Total Time": 0.002, "Actual Rows": 21, "Actual Loops": 49655, "Output": ["ph.userid"], "Index Cond": "(ph.userid = c.userid)", "Rows Removed by Index Recheck": 0, "Heap Fetches": 0}]}]}, "Planning Time": 63.176, "Triggers": [], "Execution Time": 227.114}]
q140#####[{"Plan": {"Node Type": "Aggregate", "Strategy": "Plain", "Partial Mode": "Simple", "Parallel Aware": false, "Startup Cost": 4891.33, "Total Cost": 4891.34, "Plan Rows": 1, "Plan Width": 8, "Actual Startup Time": 52.11, "Actual Total Time": 52.114, "Actual Rows": 1, "Actual Loops": 1, "Output": ["count(*)"], "Plans": [{"Node Type": "Hash Join", "Parent Relationship": "Outer", "Parallel Aware": false, "Join Type": "Inner", "Startup Cost": 1774.74, "Total Cost": 4633.4, "Plan Rows": 103172, "Plan Width": 0, "Actual Startup Time": 17.374, "Actual Total Time": 52.044, "Actual Rows": 1055, "Actual Loops": 1, "Inner Unique": true, "Hash Cond": "(v.userid = u.id)", "Plans": [{"Node Type": "Hash Join", "Parent Relationship": "Outer", "Parallel Aware": false, "Join Type": "Inner", "Startup Cost": 1250.86, "Total Cost": 3832.97, "Plan Rows": 105321, "Plan Width": 4, "Actual Startup Time": 12.058, "Actual Total Time": 43.721, "Actual Rows": 35367, "Actual Loops": 1, "Output": ["v.userid"], "Inner Unique": true, "Hash Cond": "(v.postid = p.id)", "Plans": [{"Node Type": "Seq Scan", "Parent Relationship": "Outer", "Parallel Aware": false, "Relation Name": "votes", "Schema": "public", "Alias": "v", "Startup Cost": 0.0, "Total Cost": 2280.95, "Plan Rows": 114715, "Plan Width": 8, "Actual Startup Time": 0.012, "Actual Total Time": 15.687, "Actual Rows": 114809, "Actual Loops": 1, "Output": ["v.id", "v.postid", "v.votetypeid", "v.creationdate", "v.userid", "v.bountyamount"], "Filter": "(v.creationdate <= 1410451200)", "Rows Removed by Filter": 67}, {"Node Type": "Hash", "Parent Relationship": "Inner", "Parallel Aware": false, "Startup Cost": 861.4, "Total Cost": 861.4, "Plan Rows": 31157, "Plan Width": 4, "Actual Startup Time": 11.897, "Actual Total Time": 11.899, "Actual Rows": 31170, "Actual Loops": 1, "Output": ["p.id"], "Hash Buckets": 32768, "Original Hash Buckets": 32768, "Hash Batches": 1, "Original Hash Batches": 1, "Peak Memory Usage": 1352, "Plans": [{"Node Type": "Seq Scan", "Parent Relationship": "Outer", "Parallel Aware": false, "Relation Name": "posts", "Schema": "public", "Alias": "p", "Startup Cost": 0.0, "Total Cost": 861.4, "Plan Rows": 31157, "Plan Width": 4, "Actual Startup Time": 0.006, "Actual Total Time": 6.463, "Actual Rows": 31170, "Actual Loops": 1, "Output": ["p.id"], "Filter": "((p.creationdate <= 1410246742) AND (p.creationdate >= 1287638484) AND (p.score >= '-1'::integer))", "Rows Removed by Filter": 910}]}]}, {"Node Type": "Hash", "Parent Relationship": "Inner", "Parallel Aware": false, "Startup Cost": 351.03, "Total Cost": 351.03, "Plan Rows": 13828, "Plan Width": 4, "Actual Startup Time": 5.267, "Actual Total Time": 5.268, "Actual Rows": 13804, "Actual Loops": 1, "Output": ["u.id"], "Hash Buckets": 16384, "Original Hash Buckets": 16384, "Hash Batches": 1, "Original Hash Batches": 1, "Peak Memory Usage": 614, "Plans": [{"Node Type": "Seq Scan", "Parent Relationship": "Outer", "Parallel Aware": false, "Relation Name": "users", "Schema": "public", "Alias": "u", "Startup Cost": 0.0, "Total Cost": 351.03, "Plan Rows": 13828, "Plan Width": 4, "Actual Startup Time": 0.016, "Actual Total Time": 3.007, "Actual Rows": 13804, "Actual Loops": 1, "Output": ["u.id"], "Filter": "((u.creationdate <= 1409719662) AND (u.creationdate >= 1280222157) AND (u.upvotes >= 0))", "Rows Removed by Filter": 312}]}]}]}, "Planning Time": 76.375, "Triggers": [], "Execution Time": 52.209}]
q141#####[{"Plan": {"Node Type": "Aggregate", "Strategy": "Plain", "Partial Mode": "Simple", "Parallel Aware": false, "Startup Cost": 1054228.26, "Total Cost": 1054228.27, "Plan Rows": 1, "Plan Width": 8, "Actual Startup Time": 219.202, "Actual Total Time": 219.206, "Actual Rows": 1, "Actual Loops": 1, "Output": ["count(*)"], "Plans": [{"Node Type": "Hash Join", "Parent Relationship": "Outer", "Parallel Aware": false, "Join Type": "Inner", "Startup Cost": 13014.33, "Total Cost": 25318.4, "Plan Rows": 411563942, "Plan Width": 0, "Actual Startup Time": 73.507, "Actual Total Time": 181.817, "Actual Rows": 1100297, "Actual Loops": 1, "Inner Unique": false, "Hash Cond": "(p.owneruserid = u.id)", "Plans": [{"Node Type": "Seq Scan", "Parent Relationship": "Outer", "Parallel Aware": false, "Relation Name": "posts", "Schema": "public", "Alias": "p", "Startup Cost": 0.0, "Total Cost": 2009.7, "Plan Rows": 91976, "Plan Width": 4, "Actual Startup Time": 0.028, "Actual Total Time": 11.701, "Actual Rows": 91976, "Actual Loops": 1, "Output": ["p.owneruserid"], "Filter": "(p.commentcount >= 0)", "Rows Removed by Filter": 0}, {"Node Type": "Hash", "Parent Relationship": "Inner", "Parallel Aware": false, "Startup Cost": 7840.48, "Total Cost": 7840.48, "Plan Rows": 315348, "Plan Width": 8, "Actual Startup Time": 71.383, "Actual Total Time": 71.385, "Actual Rows": 27929, "Actual Loops": 1, "Output": ["u.id", "v.userid"], "Hash Buckets": 131072, "Original Hash Buckets": 131072, "Hash Batches": 8, "Original Hash Batches": 8, "Peak Memory Usage": 1232, "Plans": [{"Node Type": "Hash Join", "Parent Relationship": "Outer", "Parallel Aware": false, "Join Type": "Inner", "Startup Cost": 1285.59, "Total Cost": 7840.48, "Plan Rows": 315348, "Plan Width": 8, "Actual Startup Time": 22.799, "Actual Total Time": 67.393, "Actual Rows": 27929, "Actual Loops": 1, "Output": ["u.id", "v.userid"], "Inner Unique": true, "Hash Cond": "(v.userid = u.id)", "Plans": [{"Node Type": "Seq Scan", "Parent Relationship": "Outer", "Parallel Aware": false, "Relation Name": "votes", "Schema": "public", "Alias": "v", "Startup Cost": 0.0, "Total Cost": 5693.64, "Plan Rows": 328064, "Plan Width": 4, "Actual Startup Time": 0.016, "Actual Total Time": 17.068, "Actual Rows": 328064, "Actual Loops": 1, "Output": ["v.id", "v.postid", "v.votetypeid", "v.creationdate", "v.userid", "v.bountyamount"]}, {"Node Type": "Hash", "Parent Relationship": "Inner", "Parallel Aware": false, "Startup Cost": 801.06, "Total Cost": 801.06, "Plan Rows": 38762, "Plan Width": 4, "Actual Startup Time": 18.724, "Actual Total Time": 18.725, "Actual Rows": 38765, "Actual Loops": 1, "Output": ["u.id"], "Hash Buckets": 65536, "Original Hash Buckets": 65536, "Hash Batches": 1, "Original Hash Batches": 1, "Peak Memory Usage": 1875, "Plans": [{"Node Type": "Seq Scan", "Parent Relationship": "Outer", "Parallel Aware": false, "Relation Name": "users", "Schema": "public", "Alias": "u", "Startup Cost": 0.0, "Total Cost": 801.06, "Plan Rows": 38762, "Plan Width": 4, "Actual Startup Time": 0.46, "Actual Total Time": 9.789, "Actual Rows": 38765, "Actual Loops": 1, "Output": ["u.id"], "Filter": "(u.creationdate >= 1292364024)", "Rows Removed by Filter": 1560}]}]}]}]}]}, "Planning Time": 97.708, "Triggers": [], "Execution Time": 219.35}]
q97#####[{"Plan": {"Node Type": "Aggregate", "Strategy": "Plain", "Partial Mode": "Simple", "Parallel Aware": false, "Startup Cost": 6842.75, "Total Cost": 6842.76, "Plan Rows": 1, "Plan Width": 8, "Actual Startup Time": 42.371, "Actual Total Time": 42.375, "Actual Rows": 1, "Actual Loops": 1, "Output": ["count(*)"], "Plans": [{"Node Type": "Nested Loop", "Parent Relationship": "Outer", "Parallel Aware": false, "Join Type": "Inner", "Startup Cost": 1219.08, "Total Cost": 6686.41, "Plan Rows": 62535, "Plan Width": 0, "Actual Startup Time": 15.514, "Actual Total Time": 40.392, "Actual Rows": 58106, "Actual Loops": 1, "Inner Unique": false, "Plans": [{"Node Type": "Nested Loop", "Parent Relationship": "Outer", "Parallel Aware": false, "Join Type": "Inner", "Startup Cost": 1218.79, "Total Cost": 5894.47, "Plan Rows": 2280, "Plan Width": 4, "Actual Startup Time": 15.498, "Actual Total Time": 32.991, "Actual Rows": 853, "Actual Loops": 1, "Output": ["c.userid"], "Inner Unique": false, "Plans": [{"Node Type": "Nested Loop", "Parent Relationship": "Outer", "Parallel Aware": false, "Join Type": "Inner", "Startup Cost": 1218.5, "Total Cost": 5590.77, "Plan Rows": 723, "Plan Width": 16, "Actual Startup Time": 15.474, "Actual Total Time": 31.44, "Actual Rows": 879, "Actual Loops": 1, "Output": ["ph.postid", "pl.relatedpostid", "p.id", "v.postid"], "Inner Unique": false, "Plans": [{"Node Type": "Hash Join", "Parent Relationship": "Outer", "Parallel Aware": false, "Join Type": "Inner", "Startup Cost": 1218.21, "Total Cost": 4934.57, "Plan Rows": 1377, "Plan Width": 12, "Actual Startup Time": 15.448, "Actual Total Time": 27.134, "Actual Rows": 1736, "Actual Loops": 1, "Output": ["pl.relatedpostid", "p.id", "v.postid"], "Inner Unique": true, "Hash Cond": "(pl.relatedpostid = p.id)", "Plans": [{"Node Type": "Hash Join", "Parent Relationship": "Outer", "Parallel Aware": false, "Join Type": "Inner", "Startup Cost": 116.21, "Total Cost": 3016.09, "Plan Rows": 311000, "Plan Width": 8, "Actual Startup Time": 2.171, "Actual Total Time": 13.119, "Actual Rows": 7730, "Actual Loops": 1, "Output": ["pl.relatedpostid", "v.postid"], "Inner Unique": false, "Hash Cond": "(v.postid = pl.relatedpostid)", "Plans": [{"Node Type": "Seq Scan", "Parent Relationship": "Outer", "Parallel Aware": false, "Relation Name": "votes", "Schema": "public", "Alias": "v", "Startup Cost": 0.0, "Total Cost": 2280.95, "Plan Rows": 12058, "Plan Width": 4, "Actual Startup Time": 0.026, "Actual Total Time": 9.012, "Actual Rows": 12022, "Actual Loops": 1, "Output": ["v.id", "v.postid", "v.votetypeid", "v.creationdate", "v.userid", "v.bountyamount"], "Filter": "(v.votetypeid = 5)", "Rows Removed by Filter": 102854}, {"Node Type": "Hash", "Parent Relationship": "Inner", "Parallel Aware": false, "Startup Cost": 67.76, "Total Cost": 67.76, "Plan Rows": 3876, "Plan Width": 4, "Actual Startup Time": 2.101, "Actual Total Time": 2.102, "Actual Rows": 3876, "Actual Loops": 1, "Output": ["pl.relatedpostid"], "Hash Buckets": 4096, "Original Hash Buckets": 4096, "Hash Batches": 1, "Original Hash Batches": 1, "Peak Memory Usage": 169, "Plans": [{"Node Type": "Seq Scan", "Parent Relationship": "Outer", "Parallel Aware": false, "Relation Name": "postlinks", "Schema": "public", "Alias": "pl", "Startup Cost": 0.0, "Total Cost": 67.76, "Plan Rows": 3876, "Plan Width": 4, "Actual Startup Time": 0.012, "Actual Total Time": 1.037, "Actual Rows": 3876, "Actual Loops": 1, "Output": ["pl.relatedpostid"]}]}]}, {"Node Type": "Hash", "Parent Relationship": "Inner", "Parallel Aware": false, "Startup Cost": 701.0, "Total Cost": 701.0, "Plan Rows": 32080, "Plan Width": 4, "Actual Startup Time": 13.134, "Actual Total Time": 13.134, "Actual Rows": 32080, "Actual Loops": 1, "Output": ["p.id"], "Hash Buckets": 32768, "Original Hash Buckets": 32768, "Hash Batches": 1, "Original Hash Batches": 1, "Peak Memory Usage": 1384, "Plans": [{"Node Type": "Seq Scan", "Parent Relationship": "Outer", "Parallel Aware": false, "Relation Name": "posts", "Schema": "public", "Alias": "p", "Startup Cost": 0.0, "Total Cost": 701.0, "Plan Rows": 32080, "Plan Width": 4, "Actual Startup Time": 0.008, "Actual Total Time": 7.141, "Actual Rows": 32080, "Actual Loops": 1, "Output": ["p.id"], "Filter": "(p.commentcount >= 0)", "Rows Removed by Filter": 0}]}]}, {"Node Type": "Index Scan", "Parent Relationship": "Inner", "Parallel Aware": false, "Scan Direction": "Forward", "Index Name": "idx_posthistory_postid", "Relation Name": "posthistory", "Schema": "public", "Alias": "ph", "Startup Cost": 0.29, "Total Cost": 0.47, "Plan Rows": 1, "Plan Width": 4, "Actual Startup Time": 0.002, "Actual Total Time": 0.002, "Actual Rows": 1, "Actual Loops": 1736, "Output": ["ph.id", "ph.posthistorytypeid", "ph.postid", "ph.creationdate", "ph.userid"], "Index Cond": "(ph.postid = p.id)", "Rows Removed by Index Recheck": 0, "Filter": "(ph.posthistorytypeid = 2)", "Rows Removed by Filter": 2}]}, {"Node Type": "Index Scan", "Parent Relationship": "Inner", "Parallel Aware": false, "Scan Direction": "Forward", "Index Name": "idx_comments_postid", "Relation Name": "comments", "Schema": "public", "Alias": "c", "Startup Cost": 0.29, "Total Cost": 0.4, "Plan Rows": 2, "Plan Width": 8, "Actual Startup Time": 0.001, "Actual Total Time": 0.002, "Actual Rows": 1, "Actual Loops": 879, "Output": ["c.id", "c.postid", "c.score", "c.creationdate", "c.userid"], "Index Cond": "(c.postid = p.id)", "Rows Removed by Index Recheck": 0}]}, {"Node Type": "Index Only Scan", "Parent Relationship": "Inner", "Parallel Aware": false, "Scan Direction": "Forward", "Index Name": "idx_badges_userid", "Relation Name": "badges", "Schema": "public", "Alias": "b", "Startup Cost": 0.29, "Total Cost": 0.33, "Plan Rows": 2, "Plan Width": 4, "Actual Startup Time": 0.001, "Actual Total Time": 0.005, "Actual Rows": 68, "Actual Loops": 853, "Output": ["b.userid"], "Index Cond": "(b.userid = c.userid)", "Rows Removed by Index Recheck": 0, "Heap Fetches": 0}]}]}, "Planning Time": 165.768, "Triggers": [], "Execution Time": 42.483}]
q83#####[{"Plan": {"Node Type": "Aggregate", "Strategy": "Plain", "Partial Mode": "Simple", "Parallel Aware": false, "Startup Cost": 19115.82, "Total Cost": 19115.83, "Plan Rows": 1, "Plan Width": 8, "Actual Startup Time": 117.538, "Actual Total Time": 117.546, "Actual Rows": 1, "Actual Loops": 1, "Output": ["count(*)"], "Plans": [{"Node Type": "Hash Join", "Parent Relationship": "Outer", "Parallel Aware": false, "Join Type": "Inner", "Startup Cost": 6589.78, "Total Cost": 17941.66, "Plan Rows": 469663, "Plan Width": 0, "Actual Startup Time": 45.713, "Actual Total Time": 100.871, "Actual Rows": 370988, "Actual Loops": 1, "Inner Unique": false, "Hash Cond": "(ph.userid = b.userid)", "Plans": [{"Node Type": "Seq Scan", "Parent Relationship": "Outer", "Parallel Aware": false, "Relation Name": "posthistory", "Schema": "public", "Alias": "ph", "Startup Cost": 0.0, "Total Cost": 2110.32, "Plan Rows": 31614, "Plan Width": 4, "Actual Startup Time": 0.018, "Actual Total Time": 13.553, "Actual Rows": 31703, "Actual Loops": 1, "Output": ["ph.id", "ph.posthistorytypeid", "ph.postid", "ph.creationdate", "ph.userid"], "Filter": "(ph.posthistorytypeid = 2)", "Rows Removed by Filter": 74563}, {"Node Type": "Hash", "Parent Relationship": "Inner", "Parallel Aware": false, "Startup Cost": 6266.38, "Total Cost": 6266.38, "Plan Rows": 25872, "Plan Width": 16, "Actual Startup Time": 45.499, "Actual Total Time": 45.506, "Actual Rows": 3813, "Actual Loops": 1, "Output": ["b.userid", "p.owneruserid", "u.id", "v.userid"], "Hash Buckets": 32768, "Original Hash Buckets": 32768, "Hash Batches": 1, "Original Hash Batches": 1, "Peak Memory Usage": 435, "Plans": [{"Node Type": "Hash Join", "Parent Relationship": "Outer", "Parallel Aware": false, "Join Type": "Inner", "Startup Cost": 1629.27, "Total Cost": 6266.38, "Plan Rows": 25872, "Plan Width": 16, "Actual Startup Time": 14.904, "Actual Total Time": 44.683, "Actual Rows": 3813, "Actual Loops": 1, "Output": ["b.userid", "p.owneruserid", "u.id", "v.userid"], "Inner Unique": false, "Hash Cond": "(u.id = b.userid)", "Plans": [{"Node Type": "Hash Join", "Parent Relationship": "Outer", "Parallel Aware": false, "Join Type": "Inner", "Startup Cost": 585.13, "Total Cost": 3165.48, "Plan Rows": 105668, "Plan Width": 8, "Actual Startup Time": 5.225, "Actual Total Time": 34.232, "Actual Rows": 2837, "Actual Loops": 1, "Output": ["u.id", "v.userid"], "Inner Unique": true, "Hash Cond": "(v.userid = u.id)", "Plans": [{"Node Type": "Seq Scan", "Parent Relationship": "Outer", "Parallel Aware": false, "Relation Name": "votes", "Schema": "public", "Alias": "v", "Startup Cost": 0.0, "Total Cost": 2280.95, "Plan Rows": 114020, "Plan Width": 4, "Actual Startup Time": 0.015, "Actual Total Time": 16.824, "Actual Rows": 114808, "Actual Loops": 1, "Output": ["v.id", "v.postid", "v.votetypeid", "v.creationdate", "v.userid", "v.bountyamount"], "Filter": "(v.creationdate >= 1279555200)", "Rows Removed by Filter": 68}, {"Node Type": "Hash", "Parent Relationship": "Inner", "Parallel Aware": false, "Startup Cost": 421.61, "Total Cost": 421.61, "Plan Rows": 13082, "Plan Width": 4, "Actual Startup Time": 5.113, "Actual Total Time": 5.114, "Actual Rows": 13180, "Actual Loops": 1, "Output": ["u.id"], "Hash Buckets": 16384, "Original Hash Buckets": 16384, "Hash Batches": 1, "Original Hash Batches": 1, "Peak Memory Usage": 592, "Plans": [{"Node Type": "Seq Scan", "Parent Relationship": "Outer", "Parallel Aware": false, "Relation Name": "users", "Schema": "public", "Alias": "u", "Startup Cost": 0.0, "Total Cost": 421.61, "Plan Rows": 13082, "Plan Width": 4, "Actual Startup Time": 0.011, "Actual Total Time": 3.075, "Actual Rows": 13180, "Actual Loops": 1, "Output": ["u.id"], "Filter": "((u.creationdate <= 1407381525) AND (u.downvotes <= 0) AND (u.downvotes >= 0) AND (u.reputation >= 1) AND (u.upvotes <= 439))", "Rows Removed by Filter": 936}]}]}, {"Node Type": "Hash", "Parent Relationship": "Inner", "Parallel Aware": false, "Startup Cost": 1009.47, "Total Cost": 1009.47, "Plan Rows": 2773, "Plan Width": 8, "Actual Startup Time": 9.535, "Actual Total Time": 9.539, "Actual Rows": 3886, "Actual Loops": 1, "Output": ["b.userid", "p.owneruserid"], "Hash Buckets": 4096, "Original Hash Buckets": 4096, "Hash Batches": 1, "Original Hash Batches": 1, "Peak Memory Usage": 184, "Plans": [{"Node Type": "Nested Loop", "Parent Relationship": "Outer", "Parallel Aware": false, "Join Type": "Inner", "Startup Cost": 808.69, "Total Cost": 1009.47, "Plan Rows": 2773, "Plan Width": 8, "Actual Startup Time": 5.993, "Actual Total Time": 8.876, "Actual Rows": 3886, "Actual Loops": 1, "Output": ["b.userid", "p.owneruserid"], "Inner Unique": false, "Plans": [{"Node Type": "Hash Join", "Parent Relationship": "Outer", "Parallel Aware": false, "Join Type": "Inner", "Startup Cost": 808.4, "Total Cost": 895.11, "Plan Rows": 239, "Plan Width": 4, "Actual Startup Time": 5.969, "Actual Total Time": 7.168, "Actual Rows": 393, "Actual Loops": 1, "Output": ["p.owneruserid"], "Inner Unique": true, "Hash Cond": "(pl.relatedpostid = p.id)", "Plans": [{"Node Type": "Seq Scan", "Parent Relationship": "Outer", "Parallel Aware": false, "Relation Name": "postlinks", "Schema": "public", "Alias": "pl", "Startup Cost": 0.0, "Total Cost": 77.45, "Plan Rows": 3526, "Plan Width": 4, "Actual Startup Time": 0.007, "Actual Total Time": 0.791, "Actual Rows": 3526, "Actual Loops": 1, "Output": ["pl.id", "pl.creationdate", "pl.postid", "pl.relatedpostid", "pl.linktypeid"], "Filter": "(pl.linktypeid = 1)", "Rows Removed by Filter": 350}, {"Node Type": "Hash", "Parent Relationship": "Inner", "Parallel Aware": false, "Startup Cost": 781.2, "Total Cost": 781.2, "Plan Rows": 2176, "Plan Width": 8, "Actual Startup Time": 5.93, "Actual Total Time": 5.931, "Actual Rows": 4451, "Actual Loops": 1, "Output": ["p.owneruserid", "p.id"], "Hash Buckets": 8192, "Original Hash Buckets": 4096, "Hash Batches": 1, "Original Hash Batches": 1, "Peak Memory Usage": 238, "Plans": [{"Node Type": "Seq Scan", "Parent Relationship": "Outer", "Parallel Aware": false, "Relation Name": "posts", "Schema": "public", "Alias": "p", "Startup Cost": 0.0, "Total Cost": 781.2, "Plan Rows": 2176, "Plan Width": 8, "Actual Startup Time": 0.006, "Actual Total Time": 5.078, "Actual Rows": 4451, "Actual Loops": 1, "Output": ["p.owneruserid", "p.id"], "Filter": "((p.answercount >= 0) AND (p.favoritecount >= 0))", "Rows Removed by Filter": 27629}]}]}, {"Node Type": "Index Only Scan", "Parent Relationship": "Inner", "Parallel Aware": false, "Scan Direction": "Forward", "Index Name": "idx_badges_userid", "Relation Name": "badges", "Schema": "public", "Alias": "b", "Startup Cost": 0.29, "Total Cost": 0.46, "Plan Rows": 2, "Plan Width": 4, "Actual Startup Time": 0.002, "Actual Total Time": 0.003, "Actual Rows": 10, "Actual Loops": 393, "Output": ["b.userid"], "Index Cond": "(b.userid = p.owneruserid)", "Rows Removed by Index Recheck": 0, "Heap Fetches": 0}]}]}]}]}]}]}, "Planning Time": 168.148, "Triggers": [], "Execution Time": 117.648}]
q68#####[{"Plan": {"Node Type": "Aggregate", "Strategy": "Plain", "Partial Mode": "Simple", "Parallel Aware": false, "Startup Cost": 6078.78, "Total Cost": 6078.79, "Plan Rows": 1, "Plan Width": 8, "Actual Startup Time": 52.405, "Actual Total Time": 52.41, "Actual Rows": 1, "Actual Loops": 1, "Output": ["count(*)"], "Plans": [{"Node Type": "Merge Join", "Parent Relationship": "Outer", "Parallel Aware": false, "Join Type": "Inner", "Startup Cost": 5051.69, "Total Cost": 5970.54, "Plan Rows": 43298, "Plan Width": 0, "Actual Startup Time": 42.636, "Actual Total Time": 50.415, "Actual Rows": 61067, "Actual Loops": 1, "Inner Unique": false, "Merge Cond": "(v.userid = b.userid)", "Plans": [{"Node Type": "Index Only Scan", "Parent Relationship": "Outer", "Parallel Aware": false, "Scan Direction": "Forward", "Index Name": "idx_votes_userid", "Relation Name": "votes", "Schema": "public", "Alias": "v", "Startup Cost": 0.29, "Total Cost": 2163.43, "Plan Rows": 114876, "Plan Width": 4, "Actual Startup Time": 0.015, "Actual Total Time": 6.419, "Actual Rows": 114580, "Actual Loops": 1, "Output": ["v.userid"], "Heap Fetches": 0}, {"Node Type": "Sort", "Parent Relationship": "Inner", "Parallel Aware": false, "Startup Cost": 2870.46, "Total Cost": 2881.14, "Plan Rows": 4269, "Plan Width": 12, "Actual Startup Time": 33.188, "Actual Total Time": 35.049, "Actual Rows": 61160, "Actual Loops": 1, "Output": ["b.userid", "p.owneruserid", "u.id"], "Sort Key": ["b.userid"], "Sort Method": "quicksort", "Sort Space Used": 52, "Sort Space Type": "Memory", "Plans": [{"Node Type": "Hash Join", "Parent Relationship": "Outer", "Parallel Aware": false, "Join Type": "Inner", "Startup Cost": 1649.36, "Total Cost": 2613.05, "Plan Rows": 4269, "Plan Width": 12, "Actual Startup Time": 25.042, "Actual Total Time": 33.091, "Actual Rows": 588, "Actual Loops": 1, "Output": ["b.userid", "p.owneruserid", "u.id"], "Inner Unique": false, "Hash Cond": "(b.userid = p.owneruserid)", "Plans": [{"Node Type": "Hash Join", "Parent Relationship": "Outer", "Parallel Aware": false, "Join Type": "Inner", "Startup Cost": 456.9, "Total Cost": 1031.58, "Plan Rows": 27706, "Plan Width": 8, "Actual Startup Time": 8.448, "Actual Total Time": 15.925, "Actual Rows": 8732, "Actual Loops": 1, "Output": ["b.userid", "u.id"], "Inner Unique": true, "Hash Cond": "(b.userid = u.id)", "Plans": [{"Node Type": "Seq Scan", "Parent Relationship": "Outer", "Parallel Aware": false, "Relation Name": "badges", "Schema": "public", "Alias": "b", "Startup Cost": 0.0, "Total Cost": 501.93, "Plan Rows": 27706, "Plan Width": 4, "Actual Startup Time": 0.026, "Actual Total Time": 3.349, "Actual Rows": 27710, "Actual Loops": 1, "Output": ["b.id", "b.userid", "b.date"], "Filter": "(b.date <= 1409996002)", "Rows Removed by Filter": 284}, {"Node Type": "Hash", "Parent Relationship": "Inner", "Parallel Aware": false, "Startup Cost": 280.45, "Total Cost": 280.45, "Plan Rows": 14116, "Plan Width": 4, "Actual Startup Time": 8.392, "Actual Total Time": 8.393, "Actual Rows": 14116, "Actual Loops": 1, "Output": ["u.id"], "Hash Buckets": 16384, "Original Hash Buckets": 16384, "Hash Batches": 1, "Original Hash Batches": 1, "Peak Memory Usage": 625, "Plans": [{"Node Type": "Seq Scan", "Parent Relationship": "Outer", "Parallel Aware": false, "Relation Name": "users", "Schema": "public", "Alias": "u", "Startup Cost": 0.0, "Total Cost": 280.45, "Plan Rows": 14116, "Plan Width": 4, "Actual Startup Time": 0.016, "Actual Total Time": 4.226, "Actual Rows": 14116, "Actual Loops": 1, "Output": ["u.id"], "Filter": "(u.reputation >= 1)", "Rows Removed by Filter": 0}]}]}, {"Node Type": "Hash", "Parent Relationship": "Inner", "Parallel Aware": false, "Startup Cost": 1187.81, "Total Cost": 1187.81, "Plan Rows": 372, "Plan Width": 4, "Actual Startup Time": 16.468, "Actual Total Time": 16.47, "Actual Rows": 78, "Actual Loops": 1, "Output": ["p.owneruserid"], "Hash Buckets": 1024, "Original Hash Buckets": 1024, "Hash Batches": 1, "Original Hash Batches": 1, "Peak Memory Usage": 11, "Plans": [{"Node Type": "Hash Join", "Parent Relationship": "Outer", "Parallel Aware": false, "Join Type": "Inner", "Startup Cost": 1180.09, "Total Cost": 1187.81, "Plan Rows": 372, "Plan Width": 4, "Actual Startup Time": 16.36, "Actual Total Time": 16.454, "Actual Rows": 78, "Actual Loops": 1, "Output": ["p.owneruserid"], "Inner Unique": true, "Hash Cond": "(t.excerptpostid = p.id)", "Plans": [{"Node Type": "Seq Scan", "Parent Relationship": "Outer", "Parallel Aware": false, "Relation Name": "tags", "Schema": "public", "Alias": "t", "Startup Cost": 0.0, "Total Cost": 6.74, "Plan Rows": 374, "Plan Width": 4, "Actual Startup Time": 0.013, "Actual Total Time": 0.047, "Actual Rows": 374, "Actual Loops": 1, "Output": ["t.id", "t.count", "t.excerptpostid"]}, {"Node Type": "Hash", "Parent Relationship": "Inner", "Parallel Aware": false, "Startup Cost": 781.2, "Total Cost": 781.2, "Plan Rows": 31911, "Plan Width": 8, "Actual Startup Time": 16.008, "Actual Total Time": 16.009, "Actual Rows": 31915, "Actual Loops": 1, "Output": ["p.owneruserid", "p.id"], "Hash Buckets": 32768, "Original Hash Buckets": 32768, "Hash Batches": 1, "Original Hash Batches": 1, "Peak Memory Usage": 1503, "Plans": [{"Node Type": "Seq Scan", "Parent Relationship": "Outer", "Parallel Aware": false, "Relation Name": "posts", "Schema": "public", "Alias": "p", "Startup Cost": 0.0, "Total Cost": 781.2, "Plan Rows": 31911, "Plan Width": 8, "Actual Startup Time": 0.008, "Actual Total Time": 8.855, "Actual Rows": 31915, "Actual Loops": 1, "Output": ["p.owneruserid", "p.id"], "Filter": "((p.commentcount <= 13) AND (p.commentcount >= 0))", "Rows Removed by Filter": 165}]}]}]}]}]}]}]}, "Planning Time": 107.122, "Triggers": [], "Execution Time": 52.597}]
q54#####[{"Plan": {"Node Type": "Aggregate", "Strategy": "Plain", "Partial Mode": "Simple", "Parallel Aware": false, "Startup Cost": 526787.65, "Total Cost": 526787.66, "Plan Rows": 1, "Plan Width": 8, "Actual Startup Time": 248702.844, "Actual Total Time": 248702.851, "Actual Rows": 1, "Actual Loops": 1, "Output": ["count(*)"], "Plans": [{"Node Type": "Hash Join", "Parent Relationship": "Outer", "Parallel Aware": false, "Join Type": "Inner", "Startup Cost": 13110.24, "Total Cost": 49936.37, "Plan Rows": 190740510, "Plan Width": 0, "Actual Startup Time": 868.356, "Actual Total Time": 172831.578, "Actual Rows": 2263957167, "Actual Loops": 1, "Inner Unique": false, "Hash Cond": "(c.userid = b.userid)", "Plans": [{"Node Type": "Hash Join", "Parent Relationship": "Outer", "Parallel Aware": false, "Join Type": "Inner", "Startup Cost": 1204.31, "Total Cost": 5017.82, "Plan Rows": 134348, "Plan Width": 8, "Actual Startup Time": 16.004, "Actual Total Time": 86.582, "Actual Rows": 132712, "Actual Loops": 1, "Output": ["c.userid", "u.id"], "Inner Unique": true, "Hash Cond": "(c.userid = u.id)", "Plans": [{"Node Type": "Seq Scan", "Parent Relationship": "Outer", "Parallel Aware": false, "Relation Name": "comments", "Schema": "public", "Alias": "c", "Startup Cost": 0.0, "Total Cost": 3460.81, "Plan Rows": 134348, "Plan Width": 4, "Actual Startup Time": 0.012, "Actual Total Time": 27.451, "Actual Rows": 134887, "Actual Loops": 1, "Output": ["c.id", "c.postid", "c.score", "c.creationdate", "c.userid"], "Filter": "(c.score = 0)", "Rows Removed by Filter": 39418}, {"Node Type": "Hash", "Parent Relationship": "Inner", "Parallel Aware": false, "Startup Cost": 700.25, "Total Cost": 700.25, "Plan Rows": 40325, "Plan Width": 4, "Actual Startup Time": 15.771, "Actual Total Time": 15.773, "Actual Rows": 40325, "Actual Loops": 1, "Output": ["u.id"], "Hash Buckets": 65536, "Original Hash Buckets": 65536, "Hash Batches": 1, "Original Hash Batches": 1, "Peak Memory Usage": 1930, "Plans": [{"Node Type": "Seq Scan", "Parent Relationship": "Outer", "Parallel Aware": false, "Relation Name": "users", "Schema": "public", "Alias": "u", "Startup Cost": 0.0, "Total Cost": 700.25, "Plan Rows": 40325, "Plan Width": 4, "Actual Startup Time": 0.011, "Actual Total Time": 6.977, "Actual Rows": 40325, "Actual Loops": 1, "Output": ["u.id"]}]}]}, {"Node Type": "Hash", "Parent Relationship": "Inner", "Parallel Aware": false, "Startup Cost": 11744.77, "Total Cost": 11744.77, "Plan Rows": 12892, "Plan Width": 12, "Actual Startup Time": 852.141, "Actual Total Time": 852.144, "Actual Rows": 3360391, "Actual Loops": 1, "Output": ["b.userid", "ph.userid", "p.owneruserid"], "Hash Buckets": 131072, "Original Hash Buckets": 16384, "Hash Batches": 4, "Original Hash Batches": 1, "Peak Memory Usage": 71626, "Plans": [{"Node Type": "Nested Loop", "Parent Relationship": "Outer", "Parallel Aware": false, "Join Type": "Inner", "Startup Cost": 0.71, "Total Cost": 11744.77, "Plan Rows": 12892, "Plan Width": 12, "Actual Startup Time": 0.12, "Actual Total Time": 446.347, "Actual Rows": 3360391, "Actual Loops": 1, "Output": ["b.userid", "ph.userid", "p.owneruserid"], "Inner Unique": false, "Plans": [{"Node Type": "Nested Loop", "Parent Relationship": "Outer", "Parallel Aware": false, "Join Type": "Inner", "Startup Cost": 0.29, "Total Cost": 3503.14, "Plan Rows": 6790, "Plan Width": 8, "Actual Startup Time": 0.098, "Actual Total Time": 15.497, "Actual Rows": 8897, "Actual Loops": 1, "Output": ["b.userid", "p.owneruserid"], "Inner Unique": false, "Plans": [{"Node Type": "Seq Scan", "Parent Relationship": "Outer", "Parallel Aware": false, "Relation Name": "posts", "Schema": "public", "Alias": "p", "Startup Cost": 0.0, "Total Cost": 2929.46, "Plan Rows": 193, "Plan Width": 4, "Actual Startup Time": 0.069, "Actual Total Time": 11.914, "Actual Rows": 879, "Actual Loops": 1, "Output": ["p.id", "p.posttypeid", "p.creationdate", "p.score", "p.viewcount", "p.owneruserid", "p.answercount", "p.commentcount", "p.favoritecount", "p.lasteditoruserid"], "Filter": "((p.creationdate <= 1410141496) AND (p.viewcount <= 4157) AND (p.viewcount >= 0) AND (p.favoritecount = 0) AND (p.posttypeid = 1))", "Rows Removed by Filter": 91097}, {"Node Type": "Index Only Scan", "Parent Relationship": "Inner", "Parallel Aware": false, "Scan Direction": "Forward", "Index Name": "idx_badges_userid", "Relation Name": "badges", "Schema": "public", "Alias": "b", "Startup Cost": 0.29, "Total Cost": 2.93, "Plan Rows": 4, "Plan Width": 4, "Actual Startup Time": 0.002, "Actual Total Time": 0.003, "Actual Rows": 10, "Actual Loops": 879, "Output": ["b.userid"], "Index Cond": "(b.userid = p.owneruserid)", "Rows Removed by Index Recheck": 0, "Heap Fetches": 0}]}, {"Node Type": "Index Only Scan", "Parent Relationship": "Inner", "Parallel Aware": false, "Scan Direction": "Forward", "Index Name": "idx_posthistory_userid", "Relation Name": "posthistory", "Schema": "public", "Alias": "ph", "Startup Cost": 0.42, "Total Cost": 0.93, "Plan Rows": 28, "Plan Width": 4, "Actual Startup Time": 0.002, "Actual Total Time": 0.022, "Actual Rows": 378, "Actual Loops": 8897, "Output": ["ph.userid"], "Index Cond": "(ph.userid = b.userid)", "Rows Removed by Index Recheck": 0, "Heap Fetches": 0}]}]}]}]}, "Planning Time": 127.56, "Triggers": [], "Execution Time": 248703.057}]
q40#####[{"Plan": {"Node Type": "Aggregate", "Strategy": "Plain", "Partial Mode": "Simple", "Parallel Aware": false, "Startup Cost": 15559.55, "Total Cost": 15559.56, "Plan Rows": 1, "Plan Width": 8, "Actual Startup Time": 224.707, "Actual Total Time": 224.712, "Actual Rows": 1, "Actual Loops": 1, "Output": ["count(*)"], "Plans": [{"Node Type": "Hash Join", "Parent Relationship": "Outer", "Parallel Aware": false, "Join Type": "Inner", "Startup Cost": 6191.11, "Total Cost": 13771.16, "Plan Rows": 715358, "Plan Width": 0, "Actual Startup Time": 62.998, "Actual Total Time": 200.693, "Actual Rows": 596487, "Actual Loops": 1, "Inner Unique": false, "Hash Cond": "(p.owneruserid = b.userid)", "Plans": [{"Node Type": "Hash Join", "Parent Relationship": "Outer", "Parallel Aware": false, "Join Type": "Inner", "Startup Cost": 2775.03, "Total Cost": 10149.05, "Plan Rows": 2152, "Plan Width": 4, "Actual Startup Time": 16.042, "Actual Total Time": 89.704, "Actual Rows": 93059, "Actual Loops": 1, "Output": ["p.owneruserid"], "Inner Unique": true, "Hash Cond": "(v.postid = p.id)", "Plans": [{"Node Type": "Seq Scan", "Parent Relationship": "Outer", "Parallel Aware": false, "Relation Name": "votes", "Schema": "public", "Alias": "v", "Startup Cost": 0.0, "Total Cost": 6513.8, "Plan Rows": 327686, "Plan Width": 4, "Actual Startup Time": 0.023, "Actual Total Time": 36.575, "Actual Rows": 327888, "Actual Loops": 1, "Output": ["v.id", "v.postid", "v.votetypeid", "v.creationdate", "v.userid", "v.bountyamount"], "Filter": "(v.creationdate <= 1410451200)", "Rows Removed by Filter": 176}, {"Node Type": "Hash", "Parent Relationship": "Inner", "Parallel Aware": false, "Startup Cost": 2699.52, "Total Cost": 2699.52, "Plan Rows": 6041, "Plan Width": 8, "Actual Startup Time": 15.984, "Actual Total Time": 15.985, "Actual Rows": 13093, "Actual Loops": 1, "Output": ["p.owneruserid", "p.id"], "Hash Buckets": 16384, "Original Hash Buckets": 8192, "Hash Batches": 1, "Original Hash Batches": 1, "Peak Memory Usage": 640, "Plans": [{"Node Type": "Seq Scan", "Parent Relationship": "Outer", "Parallel Aware": false, "Relation Name": "posts", "Schema": "public", "Alias": "p", "Startup Cost": 0.0, "Total Cost": 2699.52, "Plan Rows": 6041, "Plan Width": 8, "Actual Startup Time": 0.011, "Actual Total Time": 13.986, "Actual Rows": 13093, "Actual Loops": 1, "Output": ["p.owneruserid", "p.id"], "Filter": "((p.favoritecount <= 20) AND (p.favoritecount >= 0) AND (p.score >= '-1'::integer) AND (p.posttypeid = 1))", "Rows Removed by Filter": 78883}]}]}, {"Node Type": "Hash", "Parent Relationship": "Inner", "Parallel Aware": false, "Startup Cost": 3321.78, "Total Cost": 3321.78, "Plan Rows": 7544, "Plan Width": 8, "Actual Startup Time": 42.635, "Actual Total Time": 42.637, "Actual Rows": 60506, "Actual Loops": 1, "Output": ["b.userid", "u.id"], "Hash Buckets": 65536, "Original Hash Buckets": 8192, "Hash Batches": 1, "Original Hash Batches": 1, "Peak Memory Usage": 2876, "Plans": [{"Node Type": "Hash Join", "Parent Relationship": "Outer", "Parallel Aware": false, "Join Type": "Inner", "Startup Cost": 1485.05, "Total Cost": 3321.78, "Plan Rows": 7544, "Plan Width": 8, "Actual Startup Time": 14.251, "Actual Total Time": 35.086, "Actual Rows": 60506, "Actual Loops": 1, "Output": ["b.userid", "u.id"], "Inner Unique": true, "Hash Cond": "(b.userid = u.id)", "Plans": [{"Node Type": "Seq Scan", "Parent Relationship": "Outer", "Parallel Aware": false, "Relation Name": "badges", "Schema": "public", "Alias": "b", "Startup Cost": 0.0, "Total Cost": 1629.76, "Plan Rows": 78834, "Plan Width": 4, "Actual Startup Time": 0.117, "Actual Total Time": 8.967, "Actual Rows": 78564, "Actual Loops": 1, "Output": ["b.id", "b.userid", "b.date"], "Filter": "((b.date <= 1409758569) AND (b.date >= 1279623742))", "Rows Removed by Filter": 1287}, {"Node Type": "Hash", "Parent Relationship": "Inner", "Parallel Aware": false, "Startup Cost": 1002.69, "Total Cost": 1002.69, "Plan Rows": 38589, "Plan Width": 4, "Actual Startup Time": 13.226, "Actual Total Time": 13.226, "Actual Rows": 38651, "Actual Loops": 1, "Output": ["u.id"], "Hash Buckets": 65536, "Original Hash Buckets": 65536, "Hash Batches": 1, "Original Hash Batches": 1, "Peak Memory Usage": 1871, "Plans": [{"Node Type": "Seq Scan", "Parent Relationship": "Outer", "Parallel Aware": false, "Relation Name": "users", "Schema": "public", "Alias": "u", "Startup Cost": 0.0, "Total Cost": 1002.69, "Plan Rows": 38589, "Plan Width": 4, "Actual Startup Time": 0.297, "Actual Total Time": 7.537, "Actual Rows": 38651, "Actual Loops": 1, "Output": ["u.id"], "Filter": "((u.creationdate >= 1290713651) AND (u.downvotes <= 2) AND (u.upvotes >= 0))", "Rows Removed by Filter": 1674}]}]}]}]}]}, "Planning Time": 128.214, "Triggers": [], "Execution Time": 225.14}]
q78#####[{"Plan": {"Node Type": "Aggregate", "Strategy": "Plain", "Partial Mode": "Simple", "Parallel Aware": false, "Startup Cost": 15065.56, "Total Cost": 15065.57, "Plan Rows": 1, "Plan Width": 8, "Actual Startup Time": 78.176, "Actual Total Time": 78.181, "Actual Rows": 1, "Actual Loops": 1, "Output": ["count(*)"], "Plans": [{"Node Type": "Nested Loop", "Parent Relationship": "Outer", "Parallel Aware": false, "Join Type": "Inner", "Startup Cost": 3142.17, "Total Cost": 14927.78, "Plan Rows": 55110, "Plan Width": 0, "Actual Startup Time": 26.771, "Actual Total Time": 78.126, "Actual Rows": 469, "Actual Loops": 1, "Inner Unique": false, "Plans": [{"Node Type": "Nested Loop", "Parent Relationship": "Outer", "Parallel Aware": false, "Join Type": "Inner", "Startup Cost": 3141.87, "Total Cost": 10414.34, "Plan Rows": 698, "Plan Width": 8, "Actual Startup Time": 22.522, "Actual Total Time": 77.151, "Actual Rows": 365, "Actual Loops": 1, "Output": ["c.userid", "u.id"], "Inner Unique": true, "Plans": [{"Node Type": "Nested Loop", "Parent Relationship": "Outer", "Parallel Aware": false, "Join Type": "Inner", "Startup Cost": 3141.58, "Total Cost": 10172.87, "Plan Rows": 732, "Plan Width": 4, "Actual Startup Time": 20.721, "Actual Total Time": 72.727, "Actual Rows": 1444, "Actual Loops": 1, "Output": ["c.userid"], "Inner Unique": false, "Join Filter": "(p.id = c.postid)", "Rows Removed by Join Filter": 0, "Plans": [{"Node Type": "Hash Join", "Parent Relationship": "Outer", "Parallel Aware": false, "Join Type": "Inner", "Startup Cost": 3141.16, "Total Cost": 10017.49, "Plan Rows": 210, "Plan Width": 12, "Actual Startup Time": 19.91, "Actual Total Time": 67.353, "Actual Rows": 670, "Actual Loops": 1, "Output": ["ph.postid", "pl.postid", "p.id"], "Inner Unique": false, "Hash Cond": "(ph.postid = p.id)", "Plans": [{"Node Type": "Seq Scan", "Parent Relationship": "Outer", "Parallel Aware": false, "Relation Name": "posthistory", "Schema": "public", "Alias": "ph", "Startup Cost": 0.0, "Total Cost": 6019.84, "Plan Rows": 43629, "Plan Width": 4, "Actual Startup Time": 0.028, "Actual Total Time": 40.36, "Actual Rows": 42921, "Actual Loops": 1, "Output": ["ph.id", "ph.posthistorytypeid", "ph.postid", "ph.creationdate", "ph.userid"], "Filter": "(ph.posthistorytypeid = 1)", "Rows Removed by Filter": 260266}, {"Node Type": "Hash", "Parent Relationship": "Inner", "Parallel Aware": false, "Startup Cost": 2752.41, "Total Cost": 2752.41, "Plan Rows": 31100, "Plan Width": 8, "Actual Startup Time": 19.744, "Actual Total Time": 19.746, "Actual Rows": 670, "Actual Loops": 1, "Output": ["pl.postid", "p.id"], "Hash Buckets": 32768, "Original Hash Buckets": 32768, "Hash Batches": 1, "Original Hash Batches": 1, "Peak Memory Usage": 283, "Plans": [{"Node Type": "Hash Join", "Parent Relationship": "Outer", "Parallel Aware": false, "Join Type": "Inner", "Startup Cost": 2505.37, "Total Cost": 2752.41, "Plan Rows": 31100, "Plan Width": 8, "Actual Startup Time": 16.103, "Actual Total Time": 19.562, "Actual Rows": 670, "Actual Loops": 1, "Output": ["pl.postid", "p.id"], "Inner Unique": true, "Hash Cond": "(pl.postid = p.id)", "Plans": [{"Node Type": "Seq Scan", "Parent Relationship": "Outer", "Parallel Aware": false, "Relation Name": "postlinks", "Schema": "public", "Alias": "pl", "Startup Cost": 0.0, "Total Cost": 220.78, "Plan Rows": 10007, "Plan Width": 4, "Actual Startup Time": 0.209, "Actual Total Time": 2.049, "Actual Rows": 10006, "Actual Loops": 1, "Output": ["pl.id", "pl.creationdate", "pl.postid", "pl.relatedpostid", "pl.linktypeid"], "Filter": "(pl.creationdate >= 1320268175)", "Rows Removed by Filter": 1096}, {"Node Type": "Hash", "Parent Relationship": "Inner", "Parallel Aware": false, "Startup Cost": 2469.58, "Total Cost": 2469.58, "Plan Rows": 2863, "Plan Width": 4, "Actual Startup Time": 15.861, "Actual Total Time": 15.862, "Actual Rows": 2637, "Actual Loops": 1, "Output": ["p.id"], "Hash Buckets": 4096, "Original Hash Buckets": 4096, "Hash Batches": 1, "Original Hash Batches": 1, "Peak Memory Usage": 125, "Plans": [{"Node Type": "Seq Scan", "Parent Relationship": "Outer", "Parallel Aware": false, "Relation Name": "posts", "Schema": "public", "Alias": "p", "Startup Cost": 0.0, "Total Cost": 2469.58, "Plan Rows": 2863, "Plan Width": 4, "Actual Startup Time": 0.014, "Actual Total Time": 15.277, "Actual Rows": 2637, "Actual Loops": 1, "Output": ["p.id"], "Filter": "((p.viewcount <= 4937) AND (p.posttypeid = 1) AND (p.score = 4))", "Rows Removed by Filter": 89339}]}]}]}]}, {"Node Type": "Index Scan", "Parent Relationship": "Inner", "Parallel Aware": false, "Scan Direction": "Forward", "Index Name": "idx_comments_postid", "Relation Name": "comments", "Schema": "public", "Alias": "c", "Startup Cost": 0.42, "Total Cost": 0.7, "Plan Rows": 3, "Plan Width": 8, "Actual Startup Time": 0.006, "Actual Total Time": 0.007, "Actual Rows": 2, "Actual Loops": 670, "Output": ["c.id", "c.postid", "c.score", "c.creationdate", "c.userid"], "Index Cond": "(c.postid = ph.postid)", "Rows Removed by Index Recheck": 0, "Filter": "((c.creationdate <= 1410336563) AND (c.creationdate >= 1280752068) AND (c.score = 0))", "Rows Removed by Filter": 1}]}, {"Node Type": "Index Scan", "Parent Relationship": "Inner", "Parallel Aware": false, "Scan Direction": "Forward", "Index Name": "users_pkey", "Relation Name": "users", "Schema": "public", "Alias": "u", "Startup Cost": 0.29, "Total Cost": 0.33, "Plan Rows": 1, "Plan Width": 4, "Actual Startup Time": 0.003, "Actual Total Time": 0.003, "Actual Rows": 0, "Actual Loops": 1444, "Output": ["u.id", "u.reputation", "u.creationdate", "u.views", "u.upvotes", "u.downvotes"], "Index Cond": "(u.id = c.userid)", "Rows Removed by Index Recheck": 0, "Filter": "((u.downvotes >= 0) AND (u.reputation <= 270) AND (u.views <= 51) AND (u.views >= 0))", "Rows Removed by Filter": 1}]}, {"Node Type": "Index Only Scan", "Parent Relationship": "Inner", "Parallel Aware": false, "Scan Direction": "Forward", "Index Name": "idx_votes_userid", "Relation Name": "votes", "Schema": "public", "Alias": "v", "Startup Cost": 0.3, "Total Cost": 4.23, "Plan Rows": 224, "Plan Width": 4, "Actual Startup Time": 0.002, "Actual Total Time": 0.002, "Actual Rows": 1, "Actual Loops": 365, "Output": ["v.userid"], "Index Cond": "(v.userid = c.userid)", "Rows Removed by Index Recheck": 0, "Heap Fetches": 0}]}]}, "Planning Time": 160.188, "Triggers": [], "Execution Time": 78.317}]
q44#####[{"Plan": {"Node Type": "Aggregate", "Strategy": "Plain", "Partial Mode": "Simple", "Parallel Aware": false, "Startup Cost": 119406.06, "Total Cost": 119406.07, "Plan Rows": 1, "Plan Width": 8, "Actual Startup Time": 66985.764, "Actual Total Time": 66985.772, "Actual Rows": 1, "Actual Loops": 1, "Output": ["count(*)"], "Plans": [{"Node Type": "Hash Join", "Parent Relationship": "Outer", "Parallel Aware": false, "Join Type": "Inner", "Startup Cost": 34545.97, "Total Cost": 42763.41, "Plan Rows": 30657062, "Plan Width": 0, "Actual Startup Time": 654.477, "Actual Total Time": 46858.677, "Actual Rows": 612456179, "Actual Loops": 1, "Inner Unique": false, "Hash Cond": "(p.owneruserid = b.userid)", "Plans": [{"Node Type": "Seq Scan", "Parent Relationship": "Outer", "Parallel Aware": false, "Relation Name": "posts", "Schema": "public", "Alias": "p", "Startup Cost": 0.0, "Total Cost": 941.6, "Plan Rows": 31478, "Plan Width": 4, "Actual Startup Time": 0.019, "Actual Total Time": 4.426, "Actual Rows": 31819, "Actual Loops": 1, "Output": ["p.id", "p.posttypeid", "p.creationdate", "p.score", "p.viewcount", "p.owneruserid", "p.answercount", "p.commentcount", "p.favoritecount", "p.lasteditoruserid"], "Filter": "((p.creationdate <= 1410353550) AND (p.creationdate >= 1279543236) AND (p.score <= 29) AND (p.score >= '-1'::integer))", "Rows Removed by Filter": 261}, {"Node Type": "Hash", "Parent Relationship": "Inner", "Parallel Aware": false, "Startup Cost": 34252.04, "Total Cost": 34252.04, "Plan Rows": 23515, "Plan Width": 16, "Actual Startup Time": 654.285, "Actual Total Time": 654.29, "Actual Rows": 2107584, "Actual Loops": 1, "Output": ["b.userid", "c.userid", "u.id", "v.userid"], "Hash Buckets": 131072, "Original Hash Buckets": 32768, "Hash Batches": 16, "Original Hash Batches": 1, "Peak Memory Usage": 95339, "Plans": [{"Node Type": "Hash Join", "Parent Relationship": "Outer", "Parallel Aware": false, "Join Type": "Inner", "Startup Cost": 4958.04, "Total Cost": 34252.04, "Plan Rows": 23515, "Plan Width": 16, "Actual Startup Time": 41.201, "Actual Total Time": 367.889, "Actual Rows": 2107584, "Actual Loops": 1, "Output": ["b.userid", "c.userid", "u.id", "v.userid"], "Inner Unique": false, "Hash Cond": "(b.userid = u.id)", "Plans": [{"Node Type": "Nested Loop", "Parent Relationship": "Outer", "Parallel Aware": false, "Join Type": "Inner", "Startup Cost": 0.29, "Total Cost": 5187.57, "Plan Rows": 236113, "Plan Width": 8, "Actual Startup Time": 0.056, "Actual Total Time": 89.848, "Actual Rows": 212197, "Actual Loops": 1, "Output": ["b.userid", "c.userid"], "Inner Unique": false, "Plans": [{"Node Type": "Seq Scan", "Parent Relationship": "Outer", "Parallel Aware": false, "Relation Name": "comments", "Schema": "public", "Alias": "c", "Startup Cost": 0.0, "Total Cost": 1214.1, "Plan Rows": 8833, "Plan Width": 4, "Actual Startup Time": 0.014, "Actual Total Time": 5.029, "Actual Rows": 8764, "Actual Loops": 1, "Output": ["c.id", "c.postid", "c.score", "c.creationdate", "c.userid"], "Filter": "(c.score = 1)", "Rows Removed by Filter": 52364}, {"Node Type": "Index Scan", "Parent Relationship": "Inner", "Parallel Aware": false, "Scan Direction": "Forward", "Index Name": "idx_badges_userid", "Relation Name": "badges", "Schema": "public", "Alias": "b", "Startup Cost": 0.29, "Total Cost": 0.43, "Plan Rows": 2, "Plan Width": 4, "Actual Startup Time": 0.001, "Actual Total Time": 0.008, "Actual Rows": 24, "Actual Loops": 8764, "Output": ["b.id", "b.userid", "b.date"], "Index Cond": "(b.userid = c.userid)", "Rows Removed by Index Recheck": 0, "Filter": "(b.date <= 1408964746)", "Rows Removed by Filter": 0}]}, {"Node Type": "Hash", "Parent Relationship": "Inner", "Parallel Aware": false, "Startup Cost": 3106.71, "Total Cost": 3106.71, "Plan Rows": 112804, "Plan Width": 8, "Actual Startup Time": 40.352, "Actual Total Time": 40.355, "Actual Rows": 2904, "Actual Loops": 1, "Output": ["u.id", "v.userid"], "Hash Buckets": 131072, "Original Hash Buckets": 131072, "Hash Batches": 2, "Original Hash Batches": 2, "Peak Memory Usage": 1090, "Plans": [{"Node Type": "Hash Join", "Parent Relationship": "Outer", "Parallel Aware": false, "Join Type": "Inner", "Startup Cost": 524.54, "Total Cost": 3106.71, "Plan Rows": 112804, "Plan Width": 8, "Actual Startup Time": 5.639, "Actual Total Time": 39.39, "Actual Rows": 2904, "Actual Loops": 1, "Output": ["u.id", "v.userid"], "Inner Unique": true, "Hash Cond": "(v.userid = u.id)", "Plans": [{"Node Type": "Seq Scan", "Parent Relationship": "Outer", "Parallel Aware": false, "Relation Name": "votes", "Schema": "public", "Alias": "v", "Startup Cost": 0.0, "Total Cost": 2280.95, "Plan Rows": 114714, "Plan Width": 4, "Actual Startup Time": 0.006, "Actual Total Time": 21.506, "Actual Rows": 114720, "Actual Loops": 1, "Output": ["v.id", "v.postid", "v.votetypeid", "v.creationdate", "v.userid", "v.bountyamount"], "Filter": "(v.bountyamount <= 50)", "Rows Removed by Filter": 156}, {"Node Type": "Hash", "Parent Relationship": "Inner", "Parallel Aware": false, "Startup Cost": 351.03, "Total Cost": 351.03, "Plan Rows": 13881, "Plan Width": 4, "Actual Startup Time": 5.536, "Actual Total Time": 5.537, "Actual Rows": 13862, "Actual Loops": 1, "Output": ["u.id"], "Hash Buckets": 16384, "Original Hash Buckets": 16384, "Hash Batches": 1, "Original Hash Batches": 1, "Peak Memory Usage": 616, "Plans": [{"Node Type": "Seq Scan", "Parent Relationship": "Outer", "Parallel Aware": false, "Relation Name": "users", "Schema": "public", "Alias": "u", "Startup Cost": 0.0, "Total Cost": 351.03, "Plan Rows": 13881, "Plan Width": 4, "Actual Startup Time": 0.014, "Actual Total Time": 3.081, "Actual Rows": 13862, "Actual Loops": 1, "Output": ["u.id"], "Filter": "((u.creationdate <= 1410077186) AND (u.creationdate >= 1280568776) AND (u.downvotes <= 11))", "Rows Removed by Filter": 254}]}]}]}]}]}]}]}, "Planning Time": 136.862, "Triggers": [], "Execution Time": 66986.048}]
q50#####[{"Plan": {"Node Type": "Aggregate", "Strategy": "Plain", "Partial Mode": "Simple", "Parallel Aware": false, "Startup Cost": 2775.48, "Total Cost": 2775.49, "Plan Rows": 1, "Plan Width": 8, "Actual Startup Time": 9.761, "Actual Total Time": 9.765, "Actual Rows": 1, "Actual Loops": 1, "Output": ["count(*)"], "Plans": [{"Node Type": "Nested Loop", "Parent Relationship": "Outer", "Parallel Aware": false, "Join Type": "Inner", "Startup Cost": 917.16, "Total Cost": 2696.75, "Plan Rows": 31491, "Plan Width": 0, "Actual Startup Time": 6.622, "Actual Total Time": 9.728, "Actual Rows": 565, "Actual Loops": 1, "Inner Unique": false, "Join Filter": "(p.owneruserid = b.userid)", "Rows Removed by Join Filter": 0, "Plans": [{"Node Type": "Nested Loop", "Parent Relationship": "Outer", "Parallel Aware": false, "Join Type": "Inner", "Startup Cost": 916.87, "Total Cost": 1692.68, "Plan Rows": 2717, "Plan Width": 8, "Actual Startup Time": 6.602, "Actual Total Time": 9.33, "Actual Rows": 133, "Actual Loops": 1, "Output": ["p.owneruserid", "u.id"], "Inner Unique": false, "Join Filter": "(p.id = c.postid)", "Rows Removed by Join Filter": 0, "Plans": [{"Node Type": "Nested Loop", "Parent Relationship": "Outer", "Parallel Aware": false, "Join Type": "Inner", "Startup Cost": 916.58, "Total Cost": 1230.76, "Plan Rows": 1195, "Plan Width": 20, "Actual Startup Time": 6.106, "Actual Total Time": 8.698, "Actual Rows": 145, "Actual Loops": 1, "Output": ["pl.relatedpostid", "p.owneruserid", "p.id", "u.id", "v.postid"], "Inner Unique": false, "Plans": [{"Node Type": "Nested Loop", "Parent Relationship": "Outer", "Parallel Aware": false, "Join Type": "Inner", "Startup Cost": 916.29, "Total Cost": 1225.05, "Plan Rows": 4, "Plan Width": 16, "Actual Startup Time": 6.083, "Actual Total Time": 7.945, "Actual Rows": 56, "Actual Loops": 1, "Output": ["pl.relatedpostid", "p.owneruserid", "p.id", "u.id"], "Inner Unique": true, "Plans": [{"Node Type": "Hash Join", "Parent Relationship": "Outer", "Parallel Aware": false, "Join Type": "Inner", "Startup Cost": 916.0, "Total Cost": 1012.2, "Plan Rows": 470, "Plan Width": 12, "Actual Startup Time": 5.983, "Actual Total Time": 7.209, "Actual Rows": 262, "Actual Loops": 1, "Output": ["pl.relatedpostid", "p.owneruserid", "p.id"], "Inner Unique": true, "Hash Cond": "(pl.relatedpostid = p.id)", "Plans": [{"Node Type": "Seq Scan", "Parent Relationship": "Outer", "Parallel Aware": false, "Relation Name": "postlinks", "Schema": "public", "Alias": "pl", "Startup Cost": 0.0, "Total Cost": 87.14, "Plan Rows": 3453, "Plan Width": 4, "Actual Startup Time": 0.016, "Actual Total Time": 0.811, "Actual Rows": 3447, "Actual Loops": 1, "Output": ["pl.id", "pl.creationdate", "pl.postid", "pl.relatedpostid", "pl.linktypeid"], "Filter": "((pl.creationdate >= 1299840629) AND (pl.linktypeid = 1))", "Rows Removed by Filter": 429}, {"Node Type": "Hash", "Parent Relationship": "Inner", "Parallel Aware": false, "Startup Cost": 861.4, "Total Cost": 861.4, "Plan Rows": 4368, "Plan Width": 8, "Actual Startup Time": 5.921, "Actual Total Time": 5.922, "Actual Rows": 4076, "Actual Loops": 1, "Output": ["p.owneruserid", "p.id"], "Hash Buckets": 8192, "Original Hash Buckets": 8192, "Hash Batches": 1, "Original Hash Batches": 1, "Peak Memory Usage": 224, "Plans": [{"Node Type": "Seq Scan", "Parent Relationship": "Outer", "Parallel Aware": false, "Relation Name": "posts", "Schema": "public", "Alias": "p", "Startup Cost": 0.0, "Total Cost": 861.4, "Plan Rows": 4368, "Plan Width": 8, "Actual Startup Time": 0.005, "Actual Total Time": 5.224, "Actual Rows": 4076, "Actual Loops": 1, "Output": ["p.owneruserid", "p.id"], "Filter": "((p.favoritecount >= 0) AND (p.score <= 13) AND (p.score >= 0))", "Rows Removed by Filter": 28004}]}]}, {"Node Type": "Index Scan", "Parent Relationship": "Inner", "Parallel Aware": false, "Scan Direction": "Forward", "Index Name": "users_pkey", "Relation Name": "users", "Schema": "public", "Alias": "u", "Startup Cost": 0.29, "Total Cost": 0.45, "Plan Rows": 1, "Plan Width": 4, "Actual Startup Time": 0.003, "Actual Total Time": 0.003, "Actual Rows": 0, "Actual Loops": 262, "Output": ["u.id", "u.reputation", "u.creationdate", "u.views", "u.upvotes", "u.downvotes"], "Index Cond": "(u.id = p.owneruserid)", "Rows Removed by Index Recheck": 0, "Filter": "((u.creationdate <= 1409540079) AND (u.creationdate >= 1297885322) AND (u.reputation >= 1))", "Rows Removed by Filter": 0}]}, {"Node Type": "Index Scan", "Parent Relationship": "Inner", "Parallel Aware": false, "Scan Direction": "Forward", "Index Name": "idx_votes_postid", "Relation Name": "votes", "Schema": "public", "Alias": "v", "Startup Cost": 0.29, "Total Cost": 1.4, "Plan Rows": 3, "Plan Width": 4, "Actual Startup Time": 0.008, "Actual Total Time": 0.013, "Actual Rows": 3, "Actual Loops": 56, "Output": ["v.id", "v.postid", "v.votetypeid", "v.creationdate", "v.userid", "v.bountyamount"], "Index Cond": "(v.postid = p.id)", "Rows Removed by Index Recheck": 0, "Filter": "((v.creationdate <= 1410364800) AND (v.votetypeid = 2))", "Rows Removed by Filter": 1}]}, {"Node Type": "Index Scan", "Parent Relationship": "Inner", "Parallel Aware": false, "Scan Direction": "Forward", "Index Name": "idx_comments_postid", "Relation Name": "comments", "Schema": "public", "Alias": "c", "Startup Cost": 0.29, "Total Cost": 0.36, "Plan Rows": 2, "Plan Width": 4, "Actual Startup Time": 0.003, "Actual Total Time": 0.004, "Actual Rows": 1, "Actual Loops": 145, "Output": ["c.id", "c.postid", "c.score", "c.creationdate", "c.userid"], "Index Cond": "(c.postid = v.postid)", "Rows Removed by Index Recheck": 0, "Filter": "((c.creationdate <= 1410440134) AND (c.creationdate >= 1281068499))", "Rows Removed by Filter": 0}]}, {"Node Type": "Index Only Scan", "Parent Relationship": "Inner", "Parallel Aware": false, "Scan Direction": "Forward", "Index Name": "idx_badges_userid", "Relation Name": "badges", "Schema": "public", "Alias": "b", "Startup Cost": 0.29, "Total Cost": 0.34, "Plan Rows": 2, "Plan Width": 4, "Actual Startup Time": 0.002, "Actual Total Time": 0.002, "Actual Rows": 4, "Actual Loops": 133, "Output": ["b.userid"], "Index Cond": "(b.userid = u.id)", "Rows Removed by Index Recheck": 0, "Heap Fetches": 0}]}]}, "Planning Time": 139.527, "Triggers": [], "Execution Time": 9.857}]
q87#####[{"Plan": {"Node Type": "Aggregate", "Strategy": "Plain", "Partial Mode": "Simple", "Parallel Aware": false, "Startup Cost": 93369.14, "Total Cost": 93369.15, "Plan Rows": 1, "Plan Width": 8, "Actual Startup Time": 3569.82, "Actual Total Time": 3569.823, "Actual Rows": 1, "Actual Loops": 1, "Output": ["count(*)"], "Plans": [{"Node Type": "Nested Loop", "Parent Relationship": "Outer", "Parallel Aware": false, "Join Type": "Inner", "Startup Cost": 1305.42, "Total Cost": 64187.42, "Plan Rows": 11672689, "Plan Width": 0, "Actual Startup Time": 12.444, "Actual Total Time": 3192.256, "Actual Rows": 10223864, "Actual Loops": 1, "Inner Unique": false, "Plans": [{"Node Type": "Hash Join", "Parent Relationship": "Outer", "Parallel Aware": false, "Join Type": "Inner", "Startup Cost": 1305.12, "Total Cost": 5551.03, "Plan Rows": 133066, "Plan Width": 8, "Actual Startup Time": 12.409, "Actual Total Time": 73.755, "Actual Rows": 132504, "Actual Loops": 1, "Output": ["c.userid", "u.id"], "Inner Unique": true, "Hash Cond": "(c.userid = u.id)", "Plans": [{"Node Type": "Seq Scan", "Parent Relationship": "Outer", "Parallel Aware": false, "Relation Name": "comments", "Schema": "public", "Alias": "c", "Startup Cost": 0.0, "Total Cost": 3896.57, "Plan Rows": 133066, "Plan Width": 4, "Actual Startup Time": 0.054, "Actual Total Time": 28.411, "Actual Rows": 134659, "Actual Loops": 1, "Output": ["c.id", "c.postid", "c.score", "c.creationdate", "c.userid"], "Filter": "((c.creationdate >= 1279925209) AND (c.score = 0))", "Rows Removed by Filter": 39646}, {"Node Type": "Hash", "Parent Relationship": "Inner", "Parallel Aware": false, "Startup Cost": 801.06, "Total Cost": 801.06, "Plan Rows": 40325, "Plan Width": 4, "Actual Startup Time": 12.218, "Actual Total Time": 12.219, "Actual Rows": 40325, "Actual Loops": 1, "Output": ["u.id"], "Hash Buckets": 65536, "Original Hash Buckets": 65536, "Hash Batches": 1, "Original Hash Batches": 1, "Peak Memory Usage": 1930, "Plans": [{"Node Type": "Seq Scan", "Parent Relationship": "Outer", "Parallel Aware": false, "Relation Name": "users", "Schema": "public", "Alias": "u", "Startup Cost": 0.0, "Total Cost": 801.06, "Plan Rows": 40325, "Plan Width": 4, "Actual Startup Time": 0.011, "Actual Total Time": 6.488, "Actual Rows": 40325, "Actual Loops": 1, "Output": ["u.id"], "Filter": "(u.upvotes >= 0)", "Rows Removed by Filter": 0}]}]}, {"Node Type": "Index Scan", "Parent Relationship": "Inner", "Parallel Aware": false, "Scan Direction": "Forward", "Index Name": "idx_badges_userid", "Relation Name": "badges", "Schema": "public", "Alias": "b", "Startup Cost": 0.29, "Total Cost": 0.4, "Plan Rows": 4, "Plan Width": 4, "Actual Startup Time": 0.001, "Actual Total Time": 0.019, "Actual Rows": 77, "Actual Loops": 132504, "Output": ["b.id", "b.userid", "b.date"], "Index Cond": "(b.userid = c.userid)", "Rows Removed by Index Recheck": 0, "Filter": "((b.date <= 1410505896) AND (b.date >= 1279542846))", "Rows Removed by Filter": 0}]}]}, "Planning Time": 62.791, "Triggers": [], "Execution Time": 3569.905}]
q93#####[{"Plan": {"Node Type": "Aggregate", "Strategy": "Plain", "Partial Mode": "Simple", "Parallel Aware": false, "Startup Cost": 14105.2, "Total Cost": 14105.21, "Plan Rows": 1, "Plan Width": 8, "Actual Startup Time": 350.761, "Actual Total Time": 350.765, "Actual Rows": 1, "Actual Loops": 1, "Output": ["count(*)"], "Plans": [{"Node Type": "Merge Join", "Parent Relationship": "Outer", "Parallel Aware": false, "Join Type": "Inner", "Startup Cost": 7386.45, "Total Cost": 8020.81, "Plan Rows": 2433759, "Plan Width": 0, "Actual Startup Time": 42.519, "Actual Total Time": 275.862, "Actual Rows": 2201555, "Actual Loops": 1, "Inner Unique": false, "Merge Cond": "(v.userid = b.userid)", "Plans": [{"Node Type": "Index Only Scan", "Parent Relationship": "Outer", "Parallel Aware": false, "Scan Direction": "Forward", "Index Name": "idx_votes_userid", "Relation Name": "votes", "Schema": "public", "Alias": "v", "Startup Cost": 0.29, "Total Cost": 2163.43, "Plan Rows": 114876, "Plan Width": 4, "Actual Startup Time": 0.009, "Actual Total Time": 6.445, "Actual Rows": 114843, "Actual Loops": 1, "Output": ["v.userid"], "Heap Fetches": 0}, {"Node Type": "Sort", "Parent Relationship": "Inner", "Parallel Aware": false, "Startup Cost": 5205.23, "Total Cost": 5211.23, "Plan Rows": 2399, "Plan Width": 12, "Actual Startup Time": 33.235, "Actual Total Time": 99.943, "Actual Rows": 2212204, "Actual Loops": 1, "Output": ["b.userid", "c.userid", "u.id"], "Sort Key": ["b.userid"], "Sort Method": "quicksort", "Sort Space Used": 3219, "Sort Space Type": "Memory", "Plans": [{"Node Type": "Nested Loop", "Parent Relationship": "Outer", "Parallel Aware": false, "Join Type": "Inner", "Startup Cost": 457.11, "Total Cost": 5070.55, "Plan Rows": 2399, "Plan Width": 12, "Actual Startup Time": 9.894, "Actual Total Time": 27.323, "Actual Rows": 39527, "Actual Loops": 1, "Output": ["b.userid", "c.userid", "u.id"], "Inner Unique": false, "Join Filter": "(c.userid = b.userid)", "Rows Removed by Join Filter": 0, "Plans": [{"Node Type": "Hash Join", "Parent Relationship": "Outer", "Parallel Aware": false, "Join Type": "Inner", "Startup Cost": 456.83, "Total Cost": 1846.73, "Plan Rows": 8749, "Plan Width": 8, "Actual Startup Time": 9.842, "Actual Total Time": 17.312, "Actual Rows": 2742, "Actual Loops": 1, "Output": ["c.userid", "u.id"], "Inner Unique": true, "Hash Cond": "(c.userid = u.id)", "Plans": [{"Node Type": "Seq Scan", "Parent Relationship": "Outer", "Parallel Aware": false, "Relation Name": "comments", "Schema": "public", "Alias": "c", "Startup Cost": 0.0, "Total Cost": 1366.92, "Plan Rows": 8753, "Plan Width": 4, "Actual Startup Time": 0.023, "Actual Total Time": 6.203, "Actual Rows": 8762, "Actual Loops": 1, "Output": ["c.id", "c.postid", "c.score", "c.creationdate", "c.userid"], "Filter": "((c.creationdate >= 1279639048) AND (c.score = 1))", "Rows Removed by Filter": 52366}, {"Node Type": "Hash", "Parent Relationship": "Inner", "Parallel Aware": false, "Startup Cost": 280.45, "Total Cost": 280.45, "Plan Rows": 14110, "Plan Width": 4, "Actual Startup Time": 9.8, "Actual Total Time": 9.801, "Actual Rows": 14093, "Actual Loops": 1, "Output": ["u.id"], "Hash Buckets": 16384, "Original Hash Buckets": 16384, "Hash Batches": 1, "Original Hash Batches": 1, "Peak Memory Usage": 624, "Plans": [{"Node Type": "Seq Scan", "Parent Relationship": "Outer", "Parallel Aware": false, "Relation Name": "users", "Schema": "public", "Alias": "u", "Startup Cost": 0.0, "Total Cost": 280.45, "Plan Rows": 14110, "Plan Width": 4, "Actual Startup Time": 0.01, "Actual Total Time": 5.117, "Actual Rows": 14093, "Actual Loops": 1, "Output": ["u.id"], "Filter": "(u.creationdate >= 1279560449)", "Rows Removed by Filter": 23}]}]}, {"Node Type": "Index Only Scan", "Parent Relationship": "Inner", "Parallel Aware": false, "Scan Direction": "Forward", "Index Name": "idx_badges_userid", "Relation Name": "badges", "Schema": "public", "Alias": "b", "Startup Cost": 0.29, "Total Cost": 0.34, "Plan Rows": 2, "Plan Width": 4, "Actual Startup Time": 0.001, "Actual Total Time": 0.002, "Actual Rows": 14, "Actual Loops": 2742, "Output": ["b.userid"], "Index Cond": "(b.userid = u.id)", "Rows Removed by Index Recheck": 0, "Heap Fetches": 0}]}]}]}]}, "Planning Time": 96.093, "Triggers": [], "Execution Time": 351.008}]
q145#####[{"Plan": {"Node Type": "Aggregate", "Strategy": "Plain", "Partial Mode": "Simple", "Parallel Aware": false, "Startup Cost": 106694.7, "Total Cost": 106694.71, "Plan Rows": 1, "Plan Width": 8, "Actual Startup Time": 51.678, "Actual Total Time": 51.682, "Actual Rows": 1, "Actual Loops": 1, "Output": ["count(*)"], "Plans": [{"Node Type": "Hash Join", "Parent Relationship": "Outer", "Parallel Aware": false, "Join Type": "Inner", "Startup Cost": 4649.49, "Total Cost": 9087.52, "Plan Rows": 39042872, "Plan Width": 0, "Actual Startup Time": 35.19, "Actual Total Time": 49.2, "Actual Rows": 69695, "Actual Loops": 1, "Inner Unique": false, "Hash Cond": "(p.owneruserid = u.id)", "Plans": [{"Node Type": "Seq Scan", "Parent Relationship": "Outer", "Parallel Aware": false, "Relation Name": "posts", "Schema": "public", "Alias": "p", "Startup Cost": 0.0, "Total Cost": 781.2, "Plan Rows": 31869, "Plan Width": 4, "Actual Startup Time": 0.039, "Actual Total Time": 4.438, "Actual Rows": 31873, "Actual Loops": 1, "Output": ["p.owneruserid"], "Filter": "((p.commentcount <= 12) AND (p.commentcount >= 0))", "Rows Removed by Filter": 207}, {"Node Type": "Hash", "Parent Relationship": "Inner", "Parallel Aware": false, "Startup Cost": 2785.61, "Total Cost": 2785.61, "Plan Rows": 113590, "Plan Width": 8, "Actual Startup Time": 33.728, "Actual Total Time": 33.731, "Actual Rows": 3150, "Actual Loops": 1, "Output": ["u.id", "v.userid"], "Hash Buckets": 131072, "Original Hash Buckets": 131072, "Hash Batches": 2, "Original Hash Batches": 2, "Peak Memory Usage": 1099, "Plans": [{"Node Type": "Hash Join", "Parent Relationship": "Outer", "Parallel Aware": false, "Join Type": "Inner", "Startup Cost": 490.22, "Total Cost": 2785.61, "Plan Rows": 113590, "Plan Width": 8, "Actual Startup Time": 10.227, "Actual Total Time": 32.935, "Actual Rows": 3150, "Actual Loops": 1, "Output": ["u.id", "v.userid"], "Inner Unique": true, "Hash Cond": "(v.userid = u.id)", "Plans": [{"Node Type": "Seq Scan", "Parent Relationship": "Outer", "Parallel Aware": false, "Relation Name": "votes", "Schema": "public", "Alias": "v", "Startup Cost": 0.0, "Total Cost": 1993.76, "Plan Rows": 114876, "Plan Width": 4, "Actual Startup Time": 0.019, "Actual Total Time": 8.87, "Actual Rows": 114876, "Actual Loops": 1, "Output": ["v.id", "v.postid", "v.votetypeid", "v.creationdate", "v.userid", "v.bountyamount"]}, {"Node Type": "Hash", "Parent Relationship": "Inner", "Parallel Aware": false, "Startup Cost": 315.74, "Total Cost": 315.74, "Plan Rows": 13958, "Plan Width": 4, "Actual Startup Time": 10.157, "Actual Total Time": 10.159, "Actual Rows": 13934, "Actual Loops": 1, "Output": ["u.id"], "Hash Buckets": 16384, "Original Hash Buckets": 16384, "Hash Batches": 1, "Original Hash Batches": 1, "Peak Memory Usage": 618, "Plans": [{"Node Type": "Seq Scan", "Parent Relationship": "Outer", "Parallel Aware": false, "Relation Name": "users", "Schema": "public", "Alias": "u", "Startup Cost": 0.0, "Total Cost": 315.74, "Plan Rows": 13958, "Plan Width": 4, "Actual Startup Time": 0.017, "Actual Total Time": 5.558, "Actual Rows": 13934, "Actual Loops": 1, "Output": ["u.id"], "Filter": "((u.creationdate <= 1410162902) AND (u.creationdate >= 1279744686))", "Rows Removed by Filter": 182}]}]}]}]}]}, "Planning Time": 107.044, "Triggers": [], "Execution Time": 51.806}]
q144#####[{"Plan": {"Node Type": "Aggregate", "Strategy": "Plain", "Partial Mode": "Simple", "Parallel Aware": false, "Startup Cost": 6263.21, "Total Cost": 6263.22, "Plan Rows": 1, "Plan Width": 8, "Actual Startup Time": 55.76, "Actual Total Time": 55.765, "Actual Rows": 1, "Actual Loops": 1, "Output": ["count(*)"], "Plans": [{"Node Type": "Hash Join", "Parent Relationship": "Outer", "Parallel Aware": false, "Join Type": "Inner", "Startup Cost": 3607.12, "Total Cost": 6099.78, "Plan Rows": 65369, "Plan Width": 0, "Actual Startup Time": 22.648, "Actual Total Time": 52.455, "Actual Rows": 48489, "Actual Loops": 1, "Inner Unique": false, "Hash Cond": "(c.userid = b.userid)", "Plans": [{"Node Type": "Hash Join", "Parent Relationship": "Outer", "Parallel Aware": false, "Join Type": "Inner", "Startup Cost": 516.33, "Total Cost": 1855.08, "Plan Rows": 44474, "Plan Width": 8, "Actual Startup Time": 5.241, "Actual Total Time": 26.696, "Actual Rows": 9803, "Actual Loops": 1, "Output": ["c.userid", "u.id"], "Inner Unique": true, "Hash Cond": "(c.userid = u.id)", "Plans": [{"Node Type": "Seq Scan", "Parent Relationship": "Outer", "Parallel Aware": false, "Relation Name": "comments", "Schema": "public", "Alias": "c", "Startup Cost": 0.0, "Total Cost": 1214.1, "Plan Rows": 47474, "Plan Width": 4, "Actual Startup Time": 0.018, "Actual Total Time": 11.516, "Actual Rows": 47508, "Actual Loops": 1, "Output": ["c.id", "c.postid", "c.score", "c.creationdate", "c.userid"], "Filter": "(c.score = 0)", "Rows Removed by Filter": 13620}, {"Node Type": "Hash", "Parent Relationship": "Inner", "Parallel Aware": false, "Startup Cost": 351.03, "Total Cost": 351.03, "Plan Rows": 13224, "Plan Width": 4, "Actual Startup Time": 5.191, "Actual Total Time": 5.192, "Actual Rows": 13184, "Actual Loops": 1, "Output": ["u.id"], "Hash Buckets": 16384, "Original Hash Buckets": 16384, "Hash Batches": 1, "Original Hash Batches": 1, "Peak Memory Usage": 592, "Plans": [{"Node Type": "Seq Scan", "Parent Relationship": "Outer", "Parallel Aware": false, "Relation Name": "users", "Schema": "public", "Alias": "u", "Startup Cost": 0.0, "Total Cost": 351.03, "Plan Rows": 13224, "Plan Width": 4, "Actual Startup Time": 0.01, "Actual Total Time": 3.034, "Actual Rows": 13184, "Actual Loops": 1, "Output": ["u.id"], "Filter": "((u.creationdate <= 1407639699) AND (u.creationdate >= 1282784491) AND (u.downvotes <= 57))", "Rows Removed by Filter": 932}]}]}, {"Node Type": "Hash", "Parent Relationship": "Inner", "Parallel Aware": false, "Startup Cost": 3072.04, "Total Cost": 3072.04, "Plan Rows": 1500, "Plan Width": 8, "Actual Startup Time": 17.38, "Actual Total Time": 17.382, "Actual Rows": 3354, "Actual Loops": 1, "Output": ["b.userid", "v.userid"], "Hash Buckets": 4096, "Original Hash Buckets": 2048, "Hash Batches": 1, "Original Hash Batches": 1, "Peak Memory Usage": 164, "Plans": [{"Node Type": "Nested Loop", "Parent Relationship": "Outer", "Parallel Aware": false, "Join Type": "Inner", "Startup Cost": 0.29, "Total Cost": 3072.04, "Plan Rows": 1500, "Plan Width": 8, "Actual Startup Time": 0.047, "Actual Total Time": 16.685, "Actual Rows": 3354, "Actual Loops": 1, "Output": ["b.userid", "v.userid"], "Inner Unique": false, "Plans": [{"Node Type": "Seq Scan", "Parent Relationship": "Outer", "Parallel Aware": false, "Relation Name": "votes", "Schema": "public", "Alias": "v", "Startup Cost": 0.0, "Total Cost": 2568.14, "Plan Rows": 607, "Plan Width": 4, "Actual Startup Time": 0.01, "Actual Total Time": 14.819, "Actual Rows": 523, "Actual Loops": 1, "Output": ["v.id", "v.postid", "v.votetypeid", "v.creationdate", "v.userid", "v.bountyamount"], "Filter": "((v.bountyamount >= 0) AND (v.creationdate <= 1410364800))", "Rows Removed by Filter": 114353}, {"Node Type": "Index Only Scan", "Parent Relationship": "Inner", "Parallel Aware": false, "Scan Direction": "Forward", "Index Name": "idx_badges_userid", "Relation Name": "badges", "Schema": "public", "Alias": "b", "Startup Cost": 0.29, "Total Cost": 0.81, "Plan Rows": 2, "Plan Width": 4, "Actual Startup Time": 0.002, "Actual Total Time": 0.003, "Actual Rows": 6, "Actual Loops": 523, "Output": ["b.userid"], "Index Cond": "(b.userid = v.userid)", "Rows Removed by Index Recheck": 0, "Heap Fetches": 0}]}]}]}]}, "Planning Time": 83.218, "Triggers": [], "Execution Time": 55.847}]
q92#####[{"Plan": {"Node Type": "Aggregate", "Strategy": "Plain", "Partial Mode": "Simple", "Parallel Aware": false, "Startup Cost": 9260.47, "Total Cost": 9260.48, "Plan Rows": 1, "Plan Width": 8, "Actual Startup Time": 85.879, "Actual Total Time": 85.884, "Actual Rows": 1, "Actual Loops": 1, "Output": ["count(*)"], "Plans": [{"Node Type": "Hash Join", "Parent Relationship": "Outer", "Parallel Aware": false, "Join Type": "Inner", "Startup Cost": 7408.56, "Total Cost": 9125.8, "Plan Rows": 53869, "Plan Width": 0, "Actual Startup Time": 75.743, "Actual Total Time": 85.565, "Actual Rows": 7728, "Actual Loops": 1, "Inner Unique": false, "Hash Cond": "(c.postid = p.id)", "Plans": [{"Node Type": "Seq Scan", "Parent Relationship": "Outer", "Parallel Aware": false, "Relation Name": "comments", "Schema": "public", "Alias": "c", "Startup Cost": 0.0, "Total Cost": 1214.1, "Plan Rows": 47474, "Plan Width": 4, "Actual Startup Time": 0.018, "Actual Total Time": 5.86, "Actual Rows": 47508, "Actual Loops": 1, "Output": ["c.id", "c.postid", "c.score", "c.creationdate", "c.userid"], "Filter": "(c.score = 0)", "Rows Removed by Filter": 13620}, {"Node Type": "Hash", "Parent Relationship": "Inner", "Parallel Aware": false, "Startup Cost": 7133.95, "Total Cost": 7133.95, "Plan Rows": 21969, "Plan Width": 16, "Actual Startup Time": 75.681, "Actual Total Time": 75.685, "Actual Rows": 6781, "Actual Loops": 1, "Output": ["ph.postid", "pl.postid", "p.id", "v.postid"], "Hash Buckets": 32768, "Original Hash Buckets": 32768, "Hash Batches": 1, "Original Hash Batches": 1, "Peak Memory Usage": 574, "Plans": [{"Node Type": "Hash Join", "Parent Relationship": "Outer", "Parallel Aware": false, "Join Type": "Inner", "Startup Cost": 3668.72, "Total Cost": 7133.95, "Plan Rows": 21969, "Plan Width": 16, "Actual Startup Time": 22.795, "Actual Total Time": 73.812, "Actual Rows": 6781, "Actual Loops": 1, "Output": ["ph.postid", "pl.postid", "p.id", "v.postid"], "Inner Unique": false, "Hash Cond": "(p.id = ph.postid)", "Plans": [{"Node Type": "Hash Join", "Parent Relationship": "Outer", "Parallel Aware": false, "Join Type": "Inner", "Startup Cost": 1021.8, "Total Cost": 3317.14, "Plan Rows": 108593, "Plan Width": 8, "Actual Startup Time": 10.416, "Actual Total Time": 55.221, "Actual Rows": 37682, "Actual Loops": 1, "Output": ["p.id", "v.postid"], "Inner Unique": true, "Hash Cond": "(v.postid = p.id)", "Plans": [{"Node Type": "Seq Scan", "Parent Relationship": "Outer", "Parallel Aware": false, "Relation Name": "votes", "Schema": "public", "Alias": "v", "Startup Cost": 0.0, "Total Cost": 1993.76, "Plan Rows": 114876, "Plan Width": 4, "Actual Startup Time": 0.004, "Actual Total Time": 12.348, "Actual Rows": 114876, "Actual Loops": 1, "Output": ["v.id", "v.postid", "v.votetypeid", "v.creationdate", "v.userid", "v.bountyamount"]}, {"Node Type": "Hash", "Parent Relationship": "Inner", "Parallel Aware": false, "Startup Cost": 620.8, "Total Cost": 620.8, "Plan Rows": 32080, "Plan Width": 4, "Actual Startup Time": 10.275, "Actual Total Time": 10.276, "Actual Rows": 32080, "Actual Loops": 1, "Output": ["p.id"], "Hash Buckets": 32768, "Original Hash Buckets": 32768, "Hash Batches": 1, "Original Hash Batches": 1, "Peak Memory Usage": 1384, "Plans": [{"Node Type": "Seq Scan", "Parent Relationship": "Outer", "Parallel Aware": false, "Relation Name": "posts", "Schema": "public", "Alias": "p", "Startup Cost": 0.0, "Total Cost": 620.8, "Plan Rows": 32080, "Plan Width": 4, "Actual Startup Time": 0.009, "Actual Total Time": 4.734, "Actual Rows": 32080, "Actual Loops": 1, "Output": ["p.id"]}]}]}, {"Node Type": "Hash", "Parent Relationship": "Inner", "Parallel Aware": false, "Startup Cost": 2535.86, "Total Cost": 2535.86, "Plan Rows": 8885, "Plan Width": 8, "Actual Startup Time": 12.233, "Actual Total Time": 12.235, "Actual Rows": 8065, "Actual Loops": 1, "Output": ["ph.postid", "pl.postid"], "Hash Buckets": 16384, "Original Hash Buckets": 16384, "Hash Batches": 1, "Original Hash Batches": 1, "Peak Memory Usage": 444, "Plans": [{"Node Type": "Nested Loop", "Parent Relationship": "Outer", "Parallel Aware": false, "Join Type": "Inner", "Startup Cost": 0.29, "Total Cost": 2535.86, "Plan Rows": 8885, "Plan Width": 8, "Actual Startup Time": 0.034, "Actual Total Time": 10.607, "Actual Rows": 8065, "Actual Loops": 1, "Output": ["ph.postid", "pl.postid"], "Inner Unique": false, "Plans": [{"Node Type": "Seq Scan", "Parent Relationship": "Outer", "Parallel Aware": false, "Relation Name": "postlinks", "Schema": "public", "Alias": "pl", "Startup Cost": 0.0, "Total Cost": 87.14, "Plan Rows": 3674, "Plan Width": 4, "Actual Startup Time": 0.007, "Actual Total Time": 0.975, "Actual Rows": 3679, "Actual Loops": 1, "Output": ["pl.id", "pl.creationdate", "pl.postid", "pl.relatedpostid", "pl.linktypeid"], "Filter": "((pl.creationdate <= 1408709065) AND (pl.creationdate >= 1300745914))", "Rows Removed by Filter": 197}, {"Node Type": "Index Only Scan", "Parent Relationship": "Inner", "Parallel Aware": false, "Scan Direction": "Forward", "Index Name": "idx_posthistory_postid", "Relation Name": "posthistory", "Schema": "public", "Alias": "ph", "Startup Cost": 0.29, "Total Cost": 0.65, "Plan Rows": 2, "Plan Width": 4, "Actual Startup Time": 0.002, "Actual Total Time": 0.002, "Actual Rows": 2, "Actual Loops": 3679, "Output": ["ph.postid"], "Index Cond": "(ph.postid = pl.postid)", "Rows Removed by Index Recheck": 0, "Heap Fetches": 0}]}]}]}]}]}]}, "Planning Time": 113.78, "Triggers": [], "Execution Time": 85.978}]
q86#####[{"Plan": {"Node Type": "Aggregate", "Strategy": "Plain", "Partial Mode": "Simple", "Parallel Aware": false, "Startup Cost": 3276.91, "Total Cost": 3276.92, "Plan Rows": 1, "Plan Width": 8, "Actual Startup Time": 20.336, "Actual Total Time": 20.339, "Actual Rows": 1, "Actual Loops": 1, "Output": ["count(*)"], "Plans": [{"Node Type": "Nested Loop", "Parent Relationship": "Outer", "Parallel Aware": false, "Join Type": "Inner", "Startup Cost": 1512.99, "Total Cost": 3255.69, "Plan Rows": 8486, "Plan Width": 0, "Actual Startup Time": 17.324, "Actual Total Time": 20.313, "Actual Rows": 252, "Actual Loops": 1, "Inner Unique": false, "Plans": [{"Node Type": "Hash Join", "Parent Relationship": "Outer", "Parallel Aware": false, "Join Type": "Inner", "Startup Cost": 1512.7, "Total Cost": 1600.81, "Plan Rows": 3848, "Plan Width": 8, "Actual Startup Time": 17.244, "Actual Total Time": 18.818, "Actual Rows": 248, "Actual Loops": 1, "Output": ["pl.relatedpostid", "p.id"], "Inner Unique": true, "Hash Cond": "(p.owneruserid = u.id)", "Plans": [{"Node Type": "Hash Join", "Parent Relationship": "Outer", "Parallel Aware": false, "Join Type": "Inner", "Startup Cost": 1021.8, "Total Cost": 1099.73, "Plan Rows": 3876, "Plan Width": 12, "Actual Startup Time": 12.217, "Actual Total Time": 13.581, "Actual Rows": 1134, "Actual Loops": 1, "Output": ["pl.relatedpostid", "p.id", "p.owneruserid"], "Inner Unique": true, "Hash Cond": "(pl.relatedpostid = p.id)", "Plans": [{"Node Type": "Seq Scan", "Parent Relationship": "Outer", "Parallel Aware": false, "Relation Name": "postlinks", "Schema": "public", "Alias": "pl", "Startup Cost": 0.0, "Total Cost": 67.76, "Plan Rows": 3876, "Plan Width": 4, "Actual Startup Time": 0.005, "Actual Total Time": 0.417, "Actual Rows": 3876, "Actual Loops": 1, "Output": ["pl.id", "pl.creationdate", "pl.postid", "pl.relatedpostid", "pl.linktypeid"]}, {"Node Type": "Hash", "Parent Relationship": "Inner", "Parallel Aware": false, "Startup Cost": 620.8, "Total Cost": 620.8, "Plan Rows": 32080, "Plan Width": 8, "Actual Startup Time": 12.056, "Actual Total Time": 12.057, "Actual Rows": 32080, "Actual Loops": 1, "Output": ["p.id", "p.owneruserid"], "Hash Buckets": 32768, "Original Hash Buckets": 32768, "Hash Batches": 1, "Original Hash Batches": 1, "Peak Memory Usage": 1510, "Plans": [{"Node Type": "Seq Scan", "Parent Relationship": "Outer", "Parallel Aware": false, "Relation Name": "posts", "Schema": "public", "Alias": "p", "Startup Cost": 0.0, "Total Cost": 620.8, "Plan Rows": 32080, "Plan Width": 8, "Actual Startup Time": 0.005, "Actual Total Time": 6.069, "Actual Rows": 32080, "Actual Loops": 1, "Output": ["p.id", "p.owneruserid"]}]}]}, {"Node Type": "Hash", "Parent Relationship": "Inner", "Parallel Aware": false, "Startup Cost": 315.74, "Total Cost": 315.74, "Plan Rows": 14013, "Plan Width": 4, "Actual Startup Time": 4.997, "Actual Total Time": 4.998, "Actual Rows": 13972, "Actual Loops": 1, "Output": ["u.id"], "Hash Buckets": 16384, "Original Hash Buckets": 16384, "Hash Batches": 1, "Original Hash Batches": 1, "Peak Memory Usage": 620, "Plans": [{"Node Type": "Seq Scan", "Parent Relationship": "Outer", "Parallel Aware": false, "Relation Name": "users", "Schema": "public", "Alias": "u", "Startup Cost": 0.0, "Total Cost": 315.74, "Plan Rows": 14013, "Plan Width": 4, "Actual Startup Time": 0.015, "Actual Total Time": 2.707, "Actual Rows": 13972, "Actual Loops": 1, "Output": ["u.id"], "Filter": "((u.creationdate >= 1282397258) AND (u.upvotes >= 0))", "Rows Removed by Filter": 144}]}]}, {"Node Type": "Index Scan", "Parent Relationship": "Inner", "Parallel Aware": false, "Scan Direction": "Forward", "Index Name": "idx_comments_postid", "Relation Name": "comments", "Schema": "public", "Alias": "c", "Startup Cost": 0.29, "Total Cost": 0.41, "Plan Rows": 2, "Plan Width": 4, "Actual Startup Time": 0.004, "Actual Total Time": 0.006, "Actual Rows": 1, "Actual Loops": 248, "Output": ["c.id", "c.postid", "c.score", "c.creationdate", "c.userid"], "Index Cond": "(c.postid = p.id)", "Rows Removed by Index Recheck": 0, "Filter": "((c.creationdate <= 1408960765) AND (c.creationdate >= 1279681537))", "Rows Removed by Filter": 0}]}]}, "Planning Time": 89.274, "Triggers": [], "Execution Time": 20.443}]
q51#####[{"Plan": {"Node Type": "Aggregate", "Strategy": "Plain", "Partial Mode": "Simple", "Parallel Aware": false, "Startup Cost": 12578.68, "Total Cost": 12578.69, "Plan Rows": 1, "Plan Width": 8, "Actual Startup Time": 432.872, "Actual Total Time": 432.877, "Actual Rows": 1, "Actual Loops": 1, "Output": ["count(*)"], "Plans": [{"Node Type": "Hash Join", "Parent Relationship": "Outer", "Parallel Aware": false, "Join Type": "Inner", "Startup Cost": 2973.75, "Total Cost": 8262.52, "Plan Rows": 1726465, "Plan Width": 0, "Actual Startup Time": 35.374, "Actual Total Time": 365.185, "Actual Rows": 2061933, "Actual Loops": 1, "Inner Unique": false, "Hash Cond": "(b.userid = u.id)", "Plans": [{"Node Type": "Nested Loop", "Parent Relationship": "Outer", "Parallel Aware": false, "Join Type": "Inner", "Startup Cost": 0.58, "Total Cost": 3203.16, "Plan Rows": 186922, "Plan Width": 12, "Actual Startup Time": 0.153, "Actual Total Time": 177.031, "Actual Rows": 90622, "Actual Loops": 1, "Output": ["b.userid", "c.userid", "p.owneruserid"], "Inner Unique": false, "Plans": [{"Node Type": "Nested Loop", "Parent Relationship": "Outer", "Parallel Aware": false, "Join Type": "Inner", "Startup Cost": 0.29, "Total Cost": 1955.88, "Plan Rows": 2160, "Plan Width": 8, "Actual Startup Time": 0.105, "Actual Total Time": 5.086, "Actual Rows": 3511, "Actual Loops": 1, "Output": ["b.userid", "p.owneruserid"], "Inner Unique": false, "Plans": [{"Node Type": "Seq Scan", "Parent Relationship": "Outer", "Parallel Aware": false, "Relation Name": "posts", "Schema": "public", "Alias": "p", "Startup Cost": 0.0, "Total Cost": 1021.8, "Plan Rows": 1863, "Plan Width": 4, "Actual Startup Time": 0.026, "Actual Total Time": 3.163, "Actual Rows": 717, "Actual Loops": 1, "Output": ["p.id", "p.posttypeid", "p.creationdate", "p.score", "p.viewcount", "p.owneruserid", "p.answercount", "p.commentcount", "p.favoritecount", "p.lasteditoruserid"], "Filter": "((p.favoritecount >= 0) AND (p.score <= 23) AND (p.score >= '-2'::integer) AND (p.viewcount <= 2432) AND (p.commentcount = 0))", "Rows Removed by Filter": 31363}, {"Node Type": "Index Only Scan", "Parent Relationship": "Inner", "Parallel Aware": false, "Scan Direction": "Forward", "Index Name": "idx_badges_userid", "Relation Name": "badges", "Schema": "public", "Alias": "b", "Startup Cost": 0.29, "Total Cost": 0.48, "Plan Rows": 2, "Plan Width": 4, "Actual Startup Time": 0.002, "Actual Total Time": 0.002, "Actual Rows": 5, "Actual Loops": 717, "Output": ["b.userid"], "Index Cond": "(b.userid = p.owneruserid)", "Rows Removed by Index Recheck": 0, "Heap Fetches": 0}]}, {"Node Type": "Index Scan", "Parent Relationship": "Inner", "Parallel Aware": false, "Scan Direction": "Forward", "Index Name": "idx_comments_userid", "Relation Name": "comments", "Schema": "public", "Alias": "c", "Startup Cost": 0.29, "Total Cost": 0.57, "Plan Rows": 1, "Plan Width": 4, "Actual Startup Time": 0.003, "Actual Total Time": 0.047, "Actual Rows": 26, "Actual Loops": 3511, "Output": ["c.id", "c.postid", "c.score", "c.creationdate", "c.userid"], "Index Cond": "(c.userid = b.userid)", "Rows Removed by Index Recheck": 0, "Filter": "(c.score = 1)", "Rows Removed by Filter": 225}]}, {"Node Type": "Hash", "Parent Relationship": "Inner", "Parallel Aware": false, "Startup Cost": 2842.41, "Total Cost": 2842.41, "Plan Rows": 10461, "Plan Width": 8, "Actual Startup Time": 33.736, "Actual Total Time": 33.739, "Actual Rows": 2588, "Actual Loops": 1, "Output": ["u.id", "v.userid"], "Hash Buckets": 16384, "Original Hash Buckets": 16384, "Hash Batches": 1, "Original Hash Batches": 1, "Peak Memory Usage": 230, "Plans": [{"Node Type": "Hash Join", "Parent Relationship": "Outer", "Parallel Aware": false, "Join Type": "Inner", "Startup Cost": 547.01, "Total Cost": 2842.41, "Plan Rows": 10461, "Plan Width": 8, "Actual Startup Time": 9.731, "Actual Total Time": 33.251, "Actual Rows": 2588, "Actual Loops": 1, "Output": ["u.id", "v.userid"], "Inner Unique": true, "Hash Cond": "(v.userid = u.id)", "Plans": [{"Node Type": "Seq Scan", "Parent Relationship": "Outer", "Parallel Aware": false, "Relation Name": "votes", "Schema": "public", "Alias": "v", "Startup Cost": 0.0, "Total Cost": 1993.76, "Plan Rows": 114876, "Plan Width": 4, "Actual Startup Time": 0.017, "Actual Total Time": 9.128, "Actual Rows": 114876, "Actual Loops": 1, "Output": ["v.id", "v.postid", "v.votetypeid", "v.creationdate", "v.userid", "v.bountyamount"]}, {"Node Type": "Hash", "Parent Relationship": "Inner", "Parallel Aware": false, "Startup Cost": 386.32, "Total Cost": 386.32, "Plan Rows": 12855, "Plan Width": 4, "Actual Startup Time": 9.642, "Actual Total Time": 9.643, "Actual Rows": 13010, "Actual Loops": 1, "Output": ["u.id"], "Hash Buckets": 16384, "Original Hash Buckets": 16384, "Hash Batches": 1, "Original Hash Batches": 1, "Peak Memory Usage": 586, "Plans": [{"Node Type": "Seq Scan", "Parent Relationship": "Outer", "Parallel Aware": false, "Relation Name": "users", "Schema": "public", "Alias": "u", "Startup Cost": 0.0, "Total Cost": 386.32, "Plan Rows": 12855, "Plan Width": 4, "Actual Startup Time": 0.015, "Actual Total Time": 5.683, "Actual Rows": 13010, "Actual Loops": 1, "Output": ["u.id"], "Filter": "((u.reputation <= 113) AND (u.reputation >= 1) AND (u.views <= 51) AND (u.views >= 0))", "Rows Removed by Filter": 1106}]}]}]}]}]}, "Planning Time": 163.641, "Triggers": [], "Execution Time": 433.001}]
q45#####[{"Plan": {"Node Type": "Aggregate", "Strategy": "Plain", "Partial Mode": "Simple", "Parallel Aware": false, "Startup Cost": 13905.27, "Total Cost": 13905.28, "Plan Rows": 1, "Plan Width": 8, "Actual Startup Time": 52.689, "Actual Total Time": 52.693, "Actual Rows": 1, "Actual Loops": 1, "Output": ["count(*)"], "Plans": [{"Node Type": "Hash Join", "Parent Relationship": "Outer", "Parallel Aware": false, "Join Type": "Inner", "Startup Cost": 4619.42, "Total Cost": 13162.1, "Plan Rows": 297268, "Plan Width": 0, "Actual Startup Time": 41.38, "Actual Total Time": 51.887, "Actual Rows": 24091, "Actual Loops": 1, "Inner Unique": false, "Hash Cond": "(p.owneruserid = b.userid)", "Plans": [{"Node Type": "Hash Join", "Parent Relationship": "Outer", "Parallel Aware": false, "Join Type": "Inner", "Startup Cost": 3176.3, "Total Cost": 4683.9, "Plan Rows": 26207, "Plan Width": 4, "Actual Startup Time": 17.207, "Actual Total Time": 25.731, "Actual Rows": 5236, "Actual Loops": 1, "Output": ["p.owneruserid"], "Inner Unique": false, "Hash Cond": "(c.postid = p.id)", "Plans": [{"Node Type": "Seq Scan", "Parent Relationship": "Outer", "Parallel Aware": false, "Relation Name": "comments", "Schema": "public", "Alias": "c", "Startup Cost": 0.0, "Total Cost": 1061.28, "Plan Rows": 61128, "Plan Width": 4, "Actual Startup Time": 0.015, "Actual Total Time": 3.383, "Actual Rows": 61128, "Actual Loops": 1, "Output": ["c.id", "c.postid", "c.score", "c.creationdate", "c.userid"]}, {"Node Type": "Hash", "Parent Relationship": "Inner", "Parallel Aware": false, "Startup Cost": 3033.89, "Total Cost": 3033.89, "Plan Rows": 11393, "Plan Width": 16, "Actual Startup Time": 17.063, "Actual Total Time": 17.065, "Actual Rows": 4679, "Actual Loops": 1, "Output": ["pl.relatedpostid", "p.owneruserid", "p.id", "v.postid"], "Hash Buckets": 16384, "Original Hash Buckets": 16384, "Hash Batches": 1, "Original Hash Batches": 1, "Peak Memory Usage": 348, "Plans": [{"Node Type": "Nested Loop", "Parent Relationship": "Outer", "Parallel Aware": false, "Join Type": "Inner", "Startup Cost": 1175.79, "Total Cost": 3033.89, "Plan Rows": 11393, "Plan Width": 16, "Actual Startup Time": 10.747, "Actual Total Time": 16.415, "Actual Rows": 4679, "Actual Loops": 1, "Output": ["pl.relatedpostid", "p.owneruserid", "p.id", "v.postid"], "Inner Unique": false, "Plans": [{"Node Type": "Hash Join", "Parent Relationship": "Outer", "Parallel Aware": false, "Join Type": "Inner", "Startup Cost": 1175.5, "Total Cost": 1261.94, "Plan Rows": 3366, "Plan Width": 12, "Actual Startup Time": 10.714, "Actual Total Time": 11.737, "Actual Rows": 829, "Actual Loops": 1, "Output": ["pl.relatedpostid", "p.owneruserid", "p.id"], "Inner Unique": true, "Hash Cond": "(pl.relatedpostid = p.id)", "Plans": [{"Node Type": "Seq Scan", "Parent Relationship": "Outer", "Parallel Aware": false, "Relation Name": "postlinks", "Schema": "public", "Alias": "pl", "Startup Cost": 0.0, "Total Cost": 77.45, "Plan Rows": 3423, "Plan Width": 4, "Actual Startup Time": 0.006, "Actual Total Time": 0.544, "Actual Rows": 3423, "Actual Loops": 1, "Output": ["pl.id", "pl.creationdate", "pl.postid", "pl.relatedpostid", "pl.linktypeid"], "Filter": "(pl.creationdate <= 1403672706)", "Rows Removed by Filter": 453}, {"Node Type": "Hash", "Parent Relationship": "Inner", "Parallel Aware": false, "Startup Cost": 781.2, "Total Cost": 781.2, "Plan Rows": 31544, "Plan Width": 8, "Actual Startup Time": 10.485, "Actual Total Time": 10.486, "Actual Rows": 31538, "Actual Loops": 1, "Output": ["p.owneruserid", "p.id"], "Hash Buckets": 32768, "Original Hash Buckets": 32768, "Hash Batches": 1, "Original Hash Batches": 1, "Peak Memory Usage": 1488, "Plans": [{"Node Type": "Seq Scan", "Parent Relationship": "Outer", "Parallel Aware": false, "Relation Name": "posts", "Schema": "public", "Alias": "p", "Startup Cost": 0.0, "Total Cost": 781.2, "Plan Rows": 31544, "Plan Width": 8, "Actual Startup Time": 0.006, "Actual Total Time": 5.907, "Actual Rows": 31538, "Actual Loops": 1, "Output": ["p.owneruserid", "p.id"], "Filter": "((p.score <= 14) AND (p.score >= '-1'::integer))", "Rows Removed by Filter": 542}]}]}, {"Node Type": "Index Scan", "Parent Relationship": "Inner", "Parallel Aware": false, "Scan Direction": "Forward", "Index Name": "idx_votes_postid", "Relation Name": "votes", "Schema": "public", "Alias": "v", "Startup Cost": 0.29, "Total Cost": 0.5, "Plan Rows": 3, "Plan Width": 4, "Actual Startup Time": 0.002, "Actual Total Time": 0.005, "Actual Rows": 6, "Actual Loops": 829, "Output": ["v.id", "v.postid", "v.votetypeid", "v.creationdate", "v.userid", "v.bountyamount"], "Index Cond": "(v.postid = p.id)", "Rows Removed by Index Recheck": 0, "Filter": "(v.creationdate >= 1233504000)", "Rows Removed by Filter": 0}]}]}]}, {"Node Type": "Hash", "Parent Relationship": "Inner", "Parallel Aware": false, "Startup Cost": 1100.73, "Total Cost": 1100.73, "Plan Rows": 27391, "Plan Width": 8, "Actual Startup Time": 24.016, "Actual Total Time": 24.017, "Actual Rows": 8635, "Actual Loops": 1, "Output": ["b.userid", "u.id"], "Hash Buckets": 32768, "Original Hash Buckets": 32768, "Hash Batches": 1, "Original Hash Batches": 1, "Peak Memory Usage": 594, "Plans": [{"Node Type": "Hash Join", "Parent Relationship": "Outer", "Parallel Aware": false, "Join Type": "Inner", "Startup Cost": 456.9, "Total Cost": 1100.73, "Plan Rows": 27391, "Plan Width": 8, "Actual Startup Time": 9.132, "Actual Total Time": 21.625, "Actual Rows": 8635, "Actual Loops": 1, "Output": ["b.userid", "u.id"], "Inner Unique": true, "Hash Cond": "(b.userid = u.id)", "Plans": [{"Node Type": "Seq Scan", "Parent Relationship": "Outer", "Parallel Aware": false, "Relation Name": "badges", "Schema": "public", "Alias": "b", "Startup Cost": 0.0, "Total Cost": 571.91, "Plan Rows": 27391, "Plan Width": 4, "Actual Startup Time": 0.038, "Actual Total Time": 6.332, "Actual Rows": 27330, "Actual Loops": 1, "Output": ["b.id", "b.userid", "b.date"], "Filter": "((b.date <= 1409597482) AND (b.date >= 1280883031))", "Rows Removed by Filter": 664}, {"Node Type": "Hash", "Parent Relationship": "Inner", "Parallel Aware": false, "Startup Cost": 280.45, "Total Cost": 280.45, "Plan Rows": 14116, "Plan Width": 4, "Actual Startup Time": 8.897, "Actual Total Time": 8.898, "Actual Rows": 14116, "Actual Loops": 1, "Output": ["u.id"], "Hash Buckets": 16384, "Original Hash Buckets": 16384, "Hash Batches": 1, "Original Hash Batches": 1, "Peak Memory Usage": 625, "Plans": [{"Node Type": "Seq Scan", "Parent Relationship": "Outer", "Parallel Aware": false, "Relation Name": "users", "Schema": "public", "Alias": "u", "Startup Cost": 0.0, "Total Cost": 280.45, "Plan Rows": 14116, "Plan Width": 4, "Actual Startup Time": 0.018, "Actual Total Time": 4.679, "Actual Rows": 14116, "Actual Loops": 1, "Output": ["u.id"], "Filter": "(u.downvotes >= 0)", "Rows Removed by Filter": 0}]}]}]}]}]}, "Planning Time": 180.747, "Triggers": [], "Execution Time": 52.892}]
q79#####[{"Plan": {"Node Type": "Aggregate", "Strategy": "Plain", "Partial Mode": "Simple", "Parallel Aware": false, "Startup Cost": 29753.93, "Total Cost": 29753.94, "Plan Rows": 1, "Plan Width": 8, "Actual Startup Time": 230.251, "Actual Total Time": 230.252, "Actual Rows": 1, "Actual Loops": 1, "Output": ["count(*)"], "Plans": [{"Node Type": "Merge Join", "Parent Relationship": "Outer", "Parallel Aware": false, "Join Type": "Inner", "Startup Cost": 5115.59, "Total Cost": 26169.94, "Plan Rows": 1433593, "Plan Width": 0, "Actual Startup Time": 22.993, "Actual Total Time": 190.323, "Actual Rows": 1206138, "Actual Loops": 1, "Inner Unique": false, "Merge Cond": "(c.userid = v.userid)", "Plans": [{"Node Type": "Index Scan", "Parent Relationship": "Outer", "Parallel Aware": false, "Scan Direction": "Forward", "Index Name": "idx_comments_userid", "Relation Name": "comments", "Schema": "public", "Alias": "c", "Startup Cost": 0.29, "Total Cost": 3237.49, "Plan Rows": 47474, "Plan Width": 4, "Actual Startup Time": 0.04, "Actual Total Time": 22.068, "Actual Rows": 47506, "Actual Loops": 1, "Output": ["c.id", "c.postid", "c.score", "c.creationdate", "c.userid"], "Filter": "(c.score = 0)", "Rows Removed by Filter": 13618}, {"Node Type": "Index Only Scan", "Parent Relationship": "Inner", "Parallel Aware": false, "Scan Direction": "Forward", "Index Name": "idx_votes_userid", "Relation Name": "votes", "Schema": "public", "Alias": "v", "Startup Cost": 0.29, "Total Cost": 2163.43, "Plan Rows": 114876, "Plan Width": 4, "Actual Startup Time": 0.011, "Actual Total Time": 76.085, "Actual Rows": 1312174, "Actual Loops": 1, "Output": ["v.userid"], "Heap Fetches": 0}]}]}, "Planning Time": 45.109, "Triggers": [], "Execution Time": 230.386}]
q53#####[{"Plan": {"Node Type": "Aggregate", "Strategy": "Plain", "Partial Mode": "Simple", "Parallel Aware": false, "Startup Cost": 47798251.7, "Total Cost": 47798251.71, "Plan Rows": 1, "Plan Width": 8, "Actual Startup Time": 2646.714, "Actual Total Time": 2646.72, "Actual Rows": 1, "Actual Loops": 1, "Output": ["count(*)"], "Plans": [{"Node Type": "Hash Join", "Parent Relationship": "Outer", "Parallel Aware": false, "Join Type": "Inner", "Startup Cost": 4922.57, "Total Cost": 27823506.04, "Plan Rows": 7989898262, "Plan Width": 0, "Actual Startup Time": 38.879, "Actual Total Time": 2493.511, "Actual Rows": 3978850, "Actual Loops": 1, "Inner Unique": false, "Hash Cond": "(c.userid = u.id)", "Plans": [{"Node Type": "Nested Loop", "Parent Relationship": "Outer", "Parallel Aware": false, "Join Type": "Inner", "Startup Cost": 0.58, "Total Cost": 386368.65, "Plan Rows": 264962227, "Plan Width": 12, "Actual Startup Time": 0.081, "Actual Total Time": 1532.846, "Actual Rows": 10824587, "Actual Loops": 1, "Output": ["c.userid", "ph.userid", "p.owneruserid"], "Inner Unique": false, "Plans": [{"Node Type": "Nested Loop", "Parent Relationship": "Outer", "Parallel Aware": false, "Join Type": "Inner", "Startup Cost": 0.29, "Total Cost": 9682.98, "Plan Rows": 638582, "Plan Width": 8, "Actual Startup Time": 0.063, "Actual Total Time": 135.892, "Actual Rows": 79359, "Actual Loops": 1, "Output": ["ph.userid", "p.owneruserid"], "Inner Unique": false, "Plans": [{"Node Type": "Seq Scan", "Parent Relationship": "Outer", "Parallel Aware": false, "Relation Name": "posthistory", "Schema": "public", "Alias": "ph", "Startup Cost": 0.0, "Total Cost": 2110.32, "Plan Rows": 15692, "Plan Width": 4, "Actual Startup Time": 0.017, "Actual Total Time": 9.204, "Actual Rows": 15523, "Actual Loops": 1, "Output": ["ph.id", "ph.posthistorytypeid", "ph.postid", "ph.creationdate", "ph.userid"], "Filter": "(ph.posthistorytypeid = 3)", "Rows Removed by Filter": 90743}, {"Node Type": "Index Scan", "Parent Relationship": "Inner", "Parallel Aware": false, "Scan Direction": "Forward", "Index Name": "idx_posts_owneruserid", "Relation Name": "posts", "Schema": "public", "Alias": "p", "Startup Cost": 0.29, "Total Cost": 0.47, "Plan Rows": 1, "Plan Width": 4, "Actual Startup Time": 0.002, "Actual Total Time": 0.008, "Actual Rows": 5, "Actual Loops": 15523, "Output": ["p.id", "p.posttypeid", "p.creationdate", "p.score", "p.viewcount", "p.owneruserid", "p.answercount", "p.commentcount", "p.favoritecount", "p.lasteditoruserid"], "Index Cond": "(p.owneruserid = ph.userid)", "Rows Removed by Index Recheck": 0, "Filter": "((p.answercount <= 4) AND (p.answercount >= 0) AND (p.commentcount >= 0) AND (p.favoritecount <= 2) AND (p.score <= 13))", "Rows Removed by Filter": 14}]}, {"Node Type": "Index Only Scan", "Parent Relationship": "Inner", "Parallel Aware": false, "Scan Direction": "Forward", "Index Name": "idx_comments_userid", "Relation Name": "comments", "Schema": "public", "Alias": "c", "Startup Cost": 0.29, "Total Cost": 0.49, "Plan Rows": 10, "Plan Width": 4, "Actual Startup Time": 0.001, "Actual Total Time": 0.008, "Actual Rows": 136, "Actual Loops": 79359, "Output": ["c.userid"], "Index Cond": "(c.userid = p.owneruserid)", "Rows Removed by Index Recheck": 0, "Heap Fetches": 0}]}, {"Node Type": "Hash", "Parent Relationship": "Inner", "Parallel Aware": false, "Startup Cost": 3039.06, "Total Cost": 3039.06, "Plan Rows": 114714, "Plan Width": 8, "Actual Startup Time": 38.059, "Actual Total Time": 38.062, "Actual Rows": 3144, "Actual Loops": 1, "Output": ["u.id", "v.userid"], "Hash Buckets": 131072, "Original Hash Buckets": 131072, "Hash Batches": 2, "Original Hash Batches": 2, "Peak Memory Usage": 1098, "Plans": [{"Node Type": "Hash Join", "Parent Relationship": "Outer", "Parallel Aware": false, "Join Type": "Inner", "Startup Cost": 456.9, "Total Cost": 3039.06, "Plan Rows": 114714, "Plan Width": 8, "Actual Startup Time": 5.039, "Actual Total Time": 37.12, "Actual Rows": 3144, "Actual Loops": 1, "Output": ["u.id", "v.userid"], "Inner Unique": true, "Hash Cond": "(v.userid = u.id)", "Plans": [{"Node Type": "Seq Scan", "Parent Relationship": "Outer", "Parallel Aware": false, "Relation Name": "votes", "Schema": "public", "Alias": "v", "Startup Cost": 0.0, "Total Cost": 2280.95, "Plan Rows": 114714, "Plan Width": 4, "Actual Startup Time": 0.012, "Actual Total Time": 20.738, "Actual Rows": 114720, "Actual Loops": 1, "Output": ["v.id", "v.postid", "v.votetypeid", "v.creationdate", "v.userid", "v.bountyamount"], "Filter": "(v.bountyamount <= 50)", "Rows Removed by Filter": 156}, {"Node Type": "Hash", "Parent Relationship": "Inner", "Parallel Aware": false, "Startup Cost": 280.45, "Total Cost": 280.45, "Plan Rows": 14116, "Plan Width": 4, "Actual Startup Time": 5.0, "Actual Total Time": 5.001, "Actual Rows": 14116, "Actual Loops": 1, "Output": ["u.id"], "Hash Buckets": 16384, "Original Hash Buckets": 16384, "Hash Batches": 1, "Original Hash Batches": 1, "Peak Memory Usage": 625, "Plans": [{"Node Type": "Seq Scan", "Parent Relationship": "Outer", "Parallel Aware": false, "Relation Name": "users", "Schema": "public", "Alias": "u", "Startup Cost": 0.0, "Total Cost": 280.45, "Plan Rows": 14116, "Plan Width": 4, "Actual Startup Time": 0.009, "Actual Total Time": 2.643, "Actual Rows": 14116, "Actual Loops": 1, "Output": ["u.id"], "Filter": "(u.downvotes >= 0)", "Rows Removed by Filter": 0}]}]}]}]}]}, "Planning Time": 135.965, "Triggers": [], "Execution Time": 2646.839}]
q47#####[{"Plan": {"Node Type": "Aggregate", "Strategy": "Plain", "Partial Mode": "Simple", "Parallel Aware": false, "Startup Cost": 7452.1, "Total Cost": 7452.11, "Plan Rows": 1, "Plan Width": 8, "Actual Startup Time": 44.893, "Actual Total Time": 44.896, "Actual Rows": 1, "Actual Loops": 1, "Output": ["count(*)"], "Plans": [{"Node Type": "Hash Join", "Parent Relationship": "Outer", "Parallel Aware": false, "Join Type": "Inner", "Startup Cost": 1214.42, "Total Cost": 7435.3, "Plan Rows": 6721, "Plan Width": 0, "Actual Startup Time": 12.695, "Actual Total Time": 44.672, "Actual Rows": 3570, "Actual Loops": 1, "Inner Unique": true, "Hash Cond": "(ph.postid = p.id)", "Plans": [{"Node Type": "Hash Join", "Parent Relationship": "Outer", "Parallel Aware": false, "Join Type": "Inner", "Startup Cost": 116.21, "Total Cost": 3898.75, "Plan Rows": 928800, "Plan Width": 8, "Actual Startup Time": 1.311, "Actual Total Time": 31.75, "Actual Rows": 8423, "Actual Loops": 1, "Output": ["ph.postid", "pl.postid"], "Inner Unique": false, "Hash Cond": "(ph.postid = pl.postid)", "Plans": [{"Node Type": "Seq Scan", "Parent Relationship": "Outer", "Parallel Aware": false, "Relation Name": "posthistory", "Schema": "public", "Alias": "ph", "Startup Cost": 0.0, "Total Cost": 2110.32, "Plan Rows": 105289, "Plan Width": 4, "Actual Startup Time": 0.014, "Actual Total Time": 18.183, "Actual Rows": 106183, "Actual Loops": 1, "Output": ["ph.id", "ph.posthistorytypeid", "ph.postid", "ph.creationdate", "ph.userid"], "Filter": "(ph.creationdate >= 1279557000)", "Rows Removed by Filter": 83}, {"Node Type": "Hash", "Parent Relationship": "Inner", "Parallel Aware": false, "Startup Cost": 67.76, "Total Cost": 67.76, "Plan Rows": 3876, "Plan Width": 4, "Actual Startup Time": 1.275, "Actual Total Time": 1.276, "Actual Rows": 3876, "Actual Loops": 1, "Output": ["pl.postid"], "Hash Buckets": 4096, "Original Hash Buckets": 4096, "Hash Batches": 1, "Original Hash Batches": 1, "Peak Memory Usage": 169, "Plans": [{"Node Type": "Seq Scan", "Parent Relationship": "Outer", "Parallel Aware": false, "Relation Name": "postlinks", "Schema": "public", "Alias": "pl", "Startup Cost": 0.0, "Total Cost": 67.76, "Plan Rows": 3876, "Plan Width": 4, "Actual Startup Time": 0.012, "Actual Total Time": 0.696, "Actual Rows": 3876, "Actual Loops": 1, "Output": ["pl.postid"]}]}]}, {"Node Type": "Hash", "Parent Relationship": "Inner", "Parallel Aware": false, "Startup Cost": 701.0, "Total Cost": 701.0, "Plan Rows": 31777, "Plan Width": 4, "Actual Startup Time": 11.287, "Actual Total Time": 11.288, "Actual Rows": 32061, "Actual Loops": 1, "Output": ["p.id"], "Hash Buckets": 32768, "Original Hash Buckets": 32768, "Hash Batches": 1, "Original Hash Batches": 1, "Peak Memory Usage": 1384, "Plans": [{"Node Type": "Seq Scan", "Parent Relationship": "Outer", "Parallel Aware": false, "Relation Name": "posts", "Schema": "public", "Alias": "p", "Startup Cost": 0.0, "Total Cost": 701.0, "Plan Rows": 31777, "Plan Width": 4, "Actual Startup Time": 0.005, "Actual Total Time": 5.777, "Actual Rows": 32061, "Actual Loops": 1, "Output": ["p.id"], "Filter": "(p.creationdate >= 1279541317)", "Rows Removed by Filter": 19}]}]}]}, "Planning Time": 72.009, "Triggers": [], "Execution Time": 44.976}]
q90#####[{"Plan": {"Node Type": "Aggregate", "Strategy": "Plain", "Partial Mode": "Simple", "Parallel Aware": false, "Startup Cost": 55464.8, "Total Cost": 55464.81, "Plan Rows": 1, "Plan Width": 8, "Actual Startup Time": 46.559, "Actual Total Time": 46.562, "Actual Rows": 1, "Actual Loops": 1, "Output": ["count(*)"], "Plans": [{"Node Type": "Hash Join", "Parent Relationship": "Outer", "Parallel Aware": false, "Join Type": "Inner", "Startup Cost": 4637.25, "Total Cost": 7444.87, "Plan Rows": 19207973, "Plan Width": 0, "Actual Startup Time": 34.804, "Actual Total Time": 45.113, "Actual Rows": 34181, "Actual Loops": 1, "Inner Unique": false, "Hash Cond": "(p.owneruserid = u.id)", "Plans": [{"Node Type": "Seq Scan", "Parent Relationship": "Outer", "Parallel Aware": false, "Relation Name": "posts", "Schema": "public", "Alias": "p", "Startup Cost": 0.0, "Total Cost": 781.2, "Plan Rows": 15503, "Plan Width": 4, "Actual Startup Time": 0.02, "Actual Total Time": 4.377, "Actual Rows": 15521, "Actual Loops": 1, "Output": ["p.owneruserid"], "Filter": "((p.creationdate <= 1409064026) AND (p.posttypeid = 2))", "Rows Removed by Filter": 16559}, {"Node Type": "Hash", "Parent Relationship": "Inner", "Parallel Aware": false, "Startup Cost": 2752.3, "Total Cost": 2752.3, "Plan Rows": 114876, "Plan Width": 8, "Actual Startup Time": 34.133, "Actual Total Time": 34.134, "Actual Rows": 3198, "Actual Loops": 1, "Output": ["u.id", "v.userid"], "Hash Buckets": 131072, "Original Hash Buckets": 131072, "Hash Batches": 2, "Original Hash Batches": 2, "Peak Memory Usage": 1100, "Plans": [{"Node Type": "Hash Join", "Parent Relationship": "Outer", "Parallel Aware": false, "Join Type": "Inner", "Startup Cost": 456.9, "Total Cost": 2752.3, "Plan Rows": 114876, "Plan Width": 8, "Actual Startup Time": 4.946, "Actual Total Time": 33.239, "Actual Rows": 3198, "Actual Loops": 1, "Output": ["u.id", "v.userid"], "Inner Unique": true, "Hash Cond": "(v.userid = u.id)", "Plans": [{"Node Type": "Seq Scan", "Parent Relationship": "Outer", "Parallel Aware": false, "Relation Name": "votes", "Schema": "public", "Alias": "v", "Startup Cost": 0.0, "Total Cost": 1993.76, "Plan Rows": 114876, "Plan Width": 4, "Actual Startup Time": 0.01, "Actual Total Time": 10.241, "Actual Rows": 114876, "Actual Loops": 1, "Output": ["v.id", "v.postid", "v.votetypeid", "v.creationdate", "v.userid", "v.bountyamount"]}, {"Node Type": "Hash", "Parent Relationship": "Inner", "Parallel Aware": false, "Startup Cost": 280.45, "Total Cost": 280.45, "Plan Rows": 14116, "Plan Width": 4, "Actual Startup Time": 4.91, "Actual Total Time": 4.911, "Actual Rows": 14116, "Actual Loops": 1, "Output": ["u.id"], "Hash Buckets": 16384, "Original Hash Buckets": 16384, "Hash Batches": 1, "Original Hash Batches": 1, "Peak Memory Usage": 625, "Plans": [{"Node Type": "Seq Scan", "Parent Relationship": "Outer", "Parallel Aware": false, "Relation Name": "users", "Schema": "public", "Alias": "u", "Startup Cost": 0.0, "Total Cost": 280.45, "Plan Rows": 14116, "Plan Width": 4, "Actual Startup Time": 0.01, "Actual Total Time": 2.561, "Actual Rows": 14116, "Actual Loops": 1, "Output": ["u.id"], "Filter": "(u.views >= 0)", "Rows Removed by Filter": 0}]}]}]}]}]}, "Planning Time": 56.747, "Triggers": [], "Execution Time": 46.624}]
q84#####[{"Plan": {"Node Type": "Aggregate", "Strategy": "Plain", "Partial Mode": "Simple", "Parallel Aware": false, "Startup Cost": 1655.55, "Total Cost": 1655.56, "Plan Rows": 1, "Plan Width": 8, "Actual Startup Time": 13.46, "Actual Total Time": 13.463, "Actual Rows": 1, "Actual Loops": 1, "Output": ["count(*)"], "Plans": [{"Node Type": "Hash Join", "Parent Relationship": "Outer", "Parallel Aware": false, "Join Type": "Inner", "Startup Cost": 1557.81, "Total Cost": 1645.91, "Plan Rows": 3858, "Plan Width": 0, "Actual Startup Time": 12.07, "Actual Total Time": 13.434, "Actual Rows": 522, "Actual Loops": 1, "Inner Unique": true, "Hash Cond": "(p.owneruserid = u.id)", "Plans": [{"Node Type": "Hash Join", "Parent Relationship": "Outer", "Parallel Aware": false, "Join Type": "Inner", "Startup Cost": 1101.5, "Total Cost": 1179.43, "Plan Rows": 3871, "Plan Width": 4, "Actual Startup Time": 8.964, "Actual Total Time": 10.078, "Actual Rows": 1519, "Actual Loops": 1, "Output": ["p.owneruserid"], "Inner Unique": true, "Hash Cond": "(pl.postid = p.id)", "Plans": [{"Node Type": "Seq Scan", "Parent Relationship": "Outer", "Parallel Aware": false, "Relation Name": "postlinks", "Schema": "public", "Alias": "pl", "Startup Cost": 0.0, "Total Cost": 67.76, "Plan Rows": 3876, "Plan Width": 4, "Actual Startup Time": 0.004, "Actual Total Time": 0.34, "Actual Rows": 3876, "Actual Loops": 1, "Output": ["pl.id", "pl.creationdate", "pl.postid", "pl.relatedpostid", "pl.linktypeid"]}, {"Node Type": "Hash", "Parent Relationship": "Inner", "Parallel Aware": false, "Startup Cost": 701.0, "Total Cost": 701.0, "Plan Rows": 32040, "Plan Width": 8, "Actual Startup Time": 8.832, "Actual Total Time": 8.833, "Actual Rows": 32042, "Actual Loops": 1, "Output": ["p.id", "p.owneruserid"], "Hash Buckets": 32768, "Original Hash Buckets": 32768, "Hash Batches": 1, "Original Hash Batches": 1, "Peak Memory Usage": 1508, "Plans": [{"Node Type": "Seq Scan", "Parent Relationship": "Outer", "Parallel Aware": false, "Relation Name": "posts", "Schema": "public", "Alias": "p", "Startup Cost": 0.0, "Total Cost": 701.0, "Plan Rows": 32040, "Plan Width": 8, "Actual Startup Time": 0.004, "Actual Total Time": 4.802, "Actual Rows": 32042, "Actual Loops": 1, "Output": ["p.id", "p.owneruserid"], "Filter": "(p.commentcount <= 17)", "Rows Removed by Filter": 38}]}]}, {"Node Type": "Hash", "Parent Relationship": "Inner", "Parallel Aware": false, "Startup Cost": 280.45, "Total Cost": 280.45, "Plan Rows": 14069, "Plan Width": 4, "Actual Startup Time": 3.083, "Actual Total Time": 3.083, "Actual Rows": 14083, "Actual Loops": 1, "Output": ["u.id"], "Hash Buckets": 16384, "Original Hash Buckets": 16384, "Hash Batches": 1, "Original Hash Batches": 1, "Peak Memory Usage": 624, "Plans": [{"Node Type": "Seq Scan", "Parent Relationship": "Outer", "Parallel Aware": false, "Relation Name": "users", "Schema": "public", "Alias": "u", "Startup Cost": 0.0, "Total Cost": 280.45, "Plan Rows": 14069, "Plan Width": 4, "Actual Startup Time": 0.013, "Actual Total Time": 1.671, "Actual Rows": 14083, "Actual Loops": 1, "Output": ["u.id"], "Filter": "(u.creationdate <= 1410477136)", "Rows Removed by Filter": 33}]}]}]}, "Planning Time": 64.718, "Triggers": [], "Execution Time": 13.542}]
q8#####[{"Plan": {"Node Type": "Aggregate", "Strategy": "Plain", "Partial Mode": "Simple", "Parallel Aware": false, "Startup Cost": 4388.79, "Total Cost": 4388.8, "Plan Rows": 1, "Plan Width": 8, "Actual Startup Time": 44.278, "Actual Total Time": 44.281, "Actual Rows": 1, "Actual Loops": 1, "Output": ["count(*)"], "Plans": [{"Node Type": "Hash Join", "Parent Relationship": "Outer", "Parallel Aware": false, "Join Type": "Inner", "Startup Cost": 2926.88, "Total Cost": 3688.54, "Plan Rows": 280100, "Plan Width": 0, "Actual Startup Time": 34.183, "Actual Total Time": 43.068, "Actual Rows": 21678, "Actual Loops": 1, "Inner Unique": false, "Hash Cond": "(b.userid = u.id)", "Plans": [{"Node Type": "Seq Scan", "Parent Relationship": "Outer", "Parallel Aware": false, "Relation Name": "badges", "Schema": "public", "Alias": "b", "Startup Cost": 0.0, "Total Cost": 431.94, "Plan Rows": 27994, "Plan Width": 4, "Actual Startup Time": 0.015, "Actual Total Time": 2.347, "Actual Rows": 27994, "Actual Loops": 1, "Output": ["b.id", "b.userid", "b.date"]}, {"Node Type": "Hash", "Parent Relationship": "Inner", "Parallel Aware": false, "Startup Cost": 2785.21, "Total Cost": 2785.21, "Plan Rows": 11333, "Plan Width": 8, "Actual Startup Time": 34.141, "Actual Total Time": 34.143, "Actual Rows": 2874, "Actual Loops": 1, "Output": ["u.id", "v.userid"], "Hash Buckets": 16384, "Original Hash Buckets": 16384, "Hash Batches": 1, "Original Hash Batches": 1, "Peak Memory Usage": 241, "Plans": [{"Node Type": "Hash Join", "Parent Relationship": "Outer", "Parallel Aware": false, "Join Type": "Inner", "Startup Cost": 489.82, "Total Cost": 2785.21, "Plan Rows": 11333, "Plan Width": 8, "Actual Startup Time": 5.32, "Actual Total Time": 33.562, "Actual Rows": 2874, "Actual Loops": 1, "Output": ["u.id", "v.userid"], "Inner Unique": true, "Hash Cond": "(v.userid = u.id)", "Plans": [{"Node Type": "Seq Scan", "Parent Relationship": "Outer", "Parallel Aware": false, "Relation Name": "votes", "Schema": "public", "Alias": "v", "Startup Cost": 0.0, "Total Cost": 1993.76, "Plan Rows": 114876, "Plan Width": 4, "Actual Startup Time": 0.009, "Actual Total Time": 10.217, "Actual Rows": 114876, "Actual Loops": 1, "Output": ["v.id", "v.postid", "v.votetypeid", "v.creationdate", "v.userid", "v.bountyamount"]}, {"Node Type": "Hash", "Parent Relationship": "Inner", "Parallel Aware": false, "Startup Cost": 315.74, "Total Cost": 315.74, "Plan Rows": 13926, "Plan Width": 4, "Actual Startup Time": 5.285, "Actual Total Time": 5.286, "Actual Rows": 13926, "Actual Loops": 1, "Output": ["u.id"], "Hash Buckets": 16384, "Original Hash Buckets": 16384, "Hash Batches": 1, "Original Hash Batches": 1, "Peak Memory Usage": 618, "Plans": [{"Node Type": "Seq Scan", "Parent Relationship": "Outer", "Parallel Aware": false, "Relation Name": "users", "Schema": "public", "Alias": "u", "Startup Cost": 0.0, "Total Cost": 315.74, "Plan Rows": 13926, "Plan Width": 4, "Actual Startup Time": 0.011, "Actual Total Time": 2.893, "Actual Rows": 13926, "Actual Loops": 1, "Output": ["u.id"], "Filter": "((u.downvotes <= 0) AND (u.downvotes >= 0))", "Rows Removed by Filter": 190}]}]}]}]}]}, "Planning Time": 72.178, "Triggers": [], "Execution Time": 44.367}]
q146#####[{"Plan": {"Node Type": "Aggregate", "Strategy": "Plain", "Partial Mode": "Simple", "Parallel Aware": false, "Startup Cost": 6501.82, "Total Cost": 6501.83, "Plan Rows": 1, "Plan Width": 8, "Actual Startup Time": 43.58, "Actual Total Time": 43.584, "Actual Rows": 1, "Actual Loops": 1, "Output": ["count(*)"], "Plans": [{"Node Type": "Hash Join", "Parent Relationship": "Outer", "Parallel Aware": false, "Join Type": "Inner", "Startup Cost": 3861.88, "Total Cost": 6334.52, "Plan Rows": 66921, "Plan Width": 0, "Actual Startup Time": 24.034, "Actual Total Time": 42.99, "Actual Rows": 10465, "Actual Loops": 1, "Inner Unique": false, "Hash Cond": "(c.userid = b.userid)", "Plans": [{"Node Type": "Hash Join", "Parent Relationship": "Outer", "Parallel Aware": false, "Join Type": "Inner", "Startup Cost": 488.38, "Total Cost": 1827.13, "Plan Rows": 46448, "Plan Width": 8, "Actual Startup Time": 5.125, "Actual Total Time": 22.035, "Actual Rows": 8140, "Actual Loops": 1, "Output": ["c.userid", "u.id"], "Inner Unique": true, "Hash Cond": "(c.userid = u.id)", "Plans": [{"Node Type": "Seq Scan", "Parent Relationship": "Outer", "Parallel Aware": false, "Relation Name": "comments", "Schema": "public", "Alias": "c", "Startup Cost": 0.0, "Total Cost": 1214.1, "Plan Rows": 47474, "Plan Width": 4, "Actual Startup Time": 0.017, "Actual Total Time": 9.16, "Actual Rows": 47508, "Actual Loops": 1, "Output": ["c.id", "c.postid", "c.score", "c.creationdate", "c.userid"], "Filter": "(c.score = 0)", "Rows Removed by Filter": 13620}, {"Node Type": "Hash", "Parent Relationship": "Inner", "Parallel Aware": false, "Startup Cost": 315.74, "Total Cost": 315.74, "Plan Rows": 13811, "Plan Width": 4, "Actual Startup Time": 5.076, "Actual Total Time": 5.078, "Actual Rows": 13811, "Actual Loops": 1, "Output": ["u.id"], "Hash Buckets": 16384, "Original Hash Buckets": 16384, "Hash Batches": 1, "Original Hash Batches": 1, "Peak Memory Usage": 614, "Plans": [{"Node Type": "Seq Scan", "Parent Relationship": "Outer", "Parallel Aware": false, "Relation Name": "users", "Schema": "public", "Alias": "u", "Startup Cost": 0.0, "Total Cost": 315.74, "Plan Rows": 13811, "Plan Width": 4, "Actual Startup Time": 0.01, "Actual Total Time": 2.805, "Actual Rows": 13811, "Actual Loops": 1, "Output": ["u.id"], "Filter": "((u.upvotes <= 18) AND (u.upvotes >= 0))", "Rows Removed by Filter": 305}]}]}, {"Node Type": "Hash", "Parent Relationship": "Inner", "Parallel Aware": false, "Startup Cost": 3355.12, "Total Cost": 3355.12, "Plan Rows": 1471, "Plan Width": 8, "Actual Startup Time": 18.88, "Actual Total Time": 18.881, "Actual Rows": 3468, "Actual Loops": 1, "Output": ["b.userid", "v.userid"], "Hash Buckets": 4096, "Original Hash Buckets": 2048, "Hash Batches": 1, "Original Hash Batches": 1, "Peak Memory Usage": 168, "Plans": [{"Node Type": "Nested Loop", "Parent Relationship": "Outer", "Parallel Aware": false, "Join Type": "Inner", "Startup Cost": 0.29, "Total Cost": 3355.12, "Plan Rows": 1471, "Plan Width": 8, "Actual Startup Time": 0.042, "Actual Total Time": 18.158, "Actual Rows": 3468, "Actual Loops": 1, "Output": ["b.userid", "v.userid"], "Inner Unique": false, "Plans": [{"Node Type": "Seq Scan", "Parent Relationship": "Outer", "Parallel Aware": false, "Relation Name": "votes", "Schema": "public", "Alias": "v", "Startup Cost": 0.0, "Total Cost": 2855.33, "Plan Rows": 595, "Plan Width": 4, "Actual Startup Time": 0.009, "Actual Total Time": 16.079, "Actual Rows": 628, "Actual Loops": 1, "Output": ["v.id", "v.postid", "v.votetypeid", "v.creationdate", "v.userid", "v.bountyamount"], "Filter": "((v.bountyamount <= 300) AND (v.bountyamount >= 0) AND (v.creationdate >= 1280332800))", "Rows Removed by Filter": 114248}, {"Node Type": "Index Only Scan", "Parent Relationship": "Inner", "Parallel Aware": false, "Scan Direction": "Forward", "Index Name": "idx_badges_userid", "Relation Name": "badges", "Schema": "public", "Alias": "b", "Startup Cost": 0.29, "Total Cost": 0.82, "Plan Rows": 2, "Plan Width": 4, "Actual Startup Time": 0.002, "Actual Total Time": 0.003, "Actual Rows": 6, "Actual Loops": 628, "Output": ["b.userid"], "Index Cond": "(b.userid = v.userid)", "Rows Removed by Index Recheck": 0, "Heap Fetches": 0}]}]}]}]}, "Planning Time": 84.654, "Triggers": [], "Execution Time": 43.663}]
q9#####[{"Plan": {"Node Type": "Aggregate", "Strategy": "Plain", "Partial Mode": "Simple", "Parallel Aware": false, "Startup Cost": 3890.03, "Total Cost": 3890.04, "Plan Rows": 1, "Plan Width": 8, "Actual Startup Time": 24.481, "Actual Total Time": 24.484, "Actual Rows": 1, "Actual Loops": 1, "Output": ["count(*)"], "Plans": [{"Node Type": "Nested Loop", "Parent Relationship": "Outer", "Parallel Aware": false, "Join Type": "Inner", "Startup Cost": 3374.33, "Total Cost": 3874.26, "Plan Rows": 6306, "Plan Width": 0, "Actual Startup Time": 24.417, "Actual Total Time": 24.479, "Actual Rows": 2, "Actual Loops": 1, "Inner Unique": false, "Plans": [{"Node Type": "Nested Loop", "Parent Relationship": "Outer", "Parallel Aware": false, "Join Type": "Inner", "Startup Cost": 3374.04, "Total Cost": 3794.36, "Plan Rows": 230, "Plan Width": 4, "Actual Startup Time": 24.392, "Actual Total Time": 24.451, "Actual Rows": 2, "Actual Loops": 1, "Output": ["c.userid"], "Inner Unique": false, "Plans": [{"Node Type": "Hash Join", "Parent Relationship": "Outer", "Parallel Aware": false, "Join Type": "Inner", "Startup Cost": 3373.75, "Total Cost": 3751.09, "Plan Rows": 101, "Plan Width": 20, "Actual Startup Time": 23.576, "Actual Total Time": 24.411, "Actual Rows": 9, "Actual Loops": 1, "Output": ["c.userid", "c.postid", "pl.relatedpostid", "p.id", "v.postid"], "Inner Unique": true, "Hash Cond": "(c.postid = p.id)", "Plans": [{"Node Type": "Nested Loop", "Parent Relationship": "Outer", "Parallel Aware": false, "Join Type": "Inner", "Startup Cost": 2320.98, "Total Cost": 2642.66, "Plan Rows": 21200, "Plan Width": 16, "Actual Startup Time": 12.847, "Actual Total Time": 15.247, "Actual Rows": 75, "Actual Loops": 1, "Output": ["c.userid", "c.postid", "pl.relatedpostid", "v.postid"], "Inner Unique": false, "Plans": [{"Node Type": "Merge Join", "Parent Relationship": "Outer", "Parallel Aware": false, "Join Type": "Inner", "Startup Cost": 2320.69, "Total Cost": 2438.7, "Plan Rows": 210, "Plan Width": 8, "Actual Startup Time": 12.826, "Actual Total Time": 14.919, "Actual Rows": 29, "Actual Loops": 1, "Output": ["pl.relatedpostid", "v.postid"], "Inner Unique": false, "Merge Cond": "(pl.relatedpostid = v.postid)", "Plans": [{"Node Type": "Index Only Scan", "Parent Relationship": "Outer", "Parallel Aware": false, "Scan Direction": "Forward", "Index Name": "idx_postlinks_relatedpostid", "Relation Name": "postlinks", "Schema": "public", "Alias": "pl", "Startup Cost": 0.28, "Total Cost": 102.42, "Plan Rows": 3876, "Plan Width": 4, "Actual Startup Time": 0.029, "Actual Total Time": 1.772, "Actual Rows": 3876, "Actual Loops": 1, "Output": ["pl.relatedpostid"], "Heap Fetches": 0}, {"Node Type": "Sort", "Parent Relationship": "Inner", "Parallel Aware": false, "Startup Cost": 2320.41, "Total Cost": 2322.45, "Plan Rows": 816, "Plan Width": 4, "Actual Startup Time": 12.769, "Actual Total Time": 12.82, "Actual Rows": 823, "Actual Loops": 1, "Output": ["v.postid"], "Sort Key": ["v.postid"], "Sort Method": "quicksort", "Sort Space Used": 63, "Sort Space Type": "Memory", "Plans": [{"Node Type": "Seq Scan", "Parent Relationship": "Outer", "Parallel Aware": false, "Relation Name": "votes", "Schema": "public", "Alias": "v", "Startup Cost": 0.0, "Total Cost": 2280.95, "Plan Rows": 816, "Plan Width": 4, "Actual Startup Time": 0.033, "Actual Total Time": 12.538, "Actual Rows": 813, "Actual Loops": 1, "Output": ["v.postid"], "Filter": "(v.votetypeid = 15)", "Rows Removed by Filter": 114063}]}]}, {"Node Type": "Index Scan", "Parent Relationship": "Inner", "Parallel Aware": false, "Scan Direction": "Forward", "Index Name": "idx_comments_postid", "Relation Name": "comments", "Schema": "public", "Alias": "c", "Startup Cost": 0.29, "Total Cost": 0.95, "Plan Rows": 2, "Plan Width": 8, "Actual Startup Time": 0.006, "Actual Total Time": 0.011, "Actual Rows": 3, "Actual Loops": 29, "Output": ["c.id", "c.postid", "c.score", "c.creationdate", "c.userid"], "Index Cond": "(c.postid = pl.relatedpostid)", "Rows Removed by Index Recheck": 0, "Filter": "(c.creationdate >= 1279732783)", "Rows Removed by Filter": 0}]}, {"Node Type": "Hash", "Parent Relationship": "Inner", "Parallel Aware": false, "Startup Cost": 861.4, "Total Cost": 861.4, "Plan Rows": 15309, "Plan Width": 4, "Actual Startup Time": 9.069, "Actual Total Time": 9.07, "Actual Rows": 15124, "Actual Loops": 1, "Output": ["p.id"], "Hash Buckets": 16384, "Original Hash Buckets": 16384, "Hash Batches": 1, "Original Hash Batches": 1, "Peak Memory Usage": 660, "Plans": [{"Node Type": "Seq Scan", "Parent Relationship": "Outer", "Parallel Aware": false, "Relation Name": "posts", "Schema": "public", "Alias": "p", "Startup Cost": 0.0, "Total Cost": 861.4, "Plan Rows": 15309, "Plan Width": 4, "Actual Startup Time": 0.015, "Actual Total Time": 6.454, "Actual Rows": 15124, "Actual Loops": 1, "Output": ["p.id"], "Filter": "((p.commentcount <= 9) AND (p.score >= '-1'::integer) AND (p.viewcount >= 0))", "Rows Removed by Filter": 16956}]}]}, {"Node Type": "Index Scan", "Parent Relationship": "Inner", "Parallel Aware": false, "Scan Direction": "Forward", "Index Name": "idx_posthistory_postid", "Relation Name": "posthistory", "Schema": "public", "Alias": "ph", "Startup Cost": 0.29, "Total Cost": 0.41, "Plan Rows": 2, "Plan Width": 4, "Actual Startup Time": 0.003, "Actual Total Time": 0.004, "Actual Rows": 0, "Actual Loops": 9, "Output": ["ph.id", "ph.posthistorytypeid", "ph.postid", "ph.creationdate", "ph.userid"], "Index Cond": "(ph.postid = c.postid)", "Rows Removed by Index Recheck": 0, "Filter": "((ph.creationdate <= 1407344445) AND (ph.creationdate >= 1284975915))", "Rows Removed by Filter": 0}]}, {"Node Type": "Index Only Scan", "Parent Relationship": "Inner", "Parallel Aware": false, "Scan Direction": "Forward", "Index Name": "idx_badges_userid", "Relation Name": "badges", "Schema": "public", "Alias": "b", "Startup Cost": 0.29, "Total Cost": 0.33, "Plan Rows": 2, "Plan Width": 4, "Actual Startup Time": 0.012, "Actual Total Time": 0.013, "Actual Rows": 1, "Actual Loops": 2, "Output": ["b.userid"], "Index Cond": "(b.userid = c.userid)", "Rows Removed by Index Recheck": 0, "Heap Fetches": 0}]}]}, "Planning Time": 168.909, "Triggers": [], "Execution Time": 24.657}]
q85#####[{"Plan": {"Node Type": "Aggregate", "Strategy": "Plain", "Partial Mode": "Simple", "Parallel Aware": false, "Startup Cost": 1068.78, "Total Cost": 1068.79, "Plan Rows": 1, "Plan Width": 8, "Actual Startup Time": 6.475, "Actual Total Time": 6.479, "Actual Rows": 1, "Actual Loops": 1, "Output": ["count(*)"], "Plans": [{"Node Type": "Nested Loop", "Parent Relationship": "Outer", "Parallel Aware": false, "Join Type": "Inner", "Startup Cost": 869.36, "Total Cost": 1064.87, "Plan Rows": 1563, "Plan Width": 0, "Actual Startup Time": 6.12, "Actual Total Time": 6.473, "Actual Rows": 18, "Actual Loops": 1, "Inner Unique": false, "Join Filter": "(p.owneruserid = b.userid)", "Rows Removed by Join Filter": 0, "Plans": [{"Node Type": "Nested Loop", "Parent Relationship": "Outer", "Parallel Aware": false, "Join Type": "Inner", "Startup Cost": 869.08, "Total Cost": 1015.05, "Plan Rows": 135, "Plan Width": 8, "Actual Startup Time": 6.112, "Actual Total Time": 6.444, "Actual Rows": 6, "Actual Loops": 1, "Output": ["p.owneruserid", "u.id"], "Inner Unique": true, "Plans": [{"Node Type": "Nested Loop", "Parent Relationship": "Outer", "Parallel Aware": false, "Join Type": "Inner", "Startup Cost": 868.79, "Total Cost": 996.81, "Plan Rows": 13, "Plan Width": 4, "Actual Startup Time": 5.177, "Actual Total Time": 6.373, "Actual Rows": 14, "Actual Loops": 1, "Output": ["p.owneruserid"], "Inner Unique": false, "Join Filter": "(p.id = c.postid)", "Rows Removed by Join Filter": 0, "Plans": [{"Node Type": "Hash Join", "Parent Relationship": "Outer", "Parallel Aware": false, "Join Type": "Inner", "Startup Cost": 868.5, "Total Cost": 964.64, "Plan Rows": 61, "Plan Width": 12, "Actual Startup Time": 5.159, "Actual Total Time": 6.262, "Actual Rows": 14, "Actual Loops": 1, "Output": ["pl.relatedpostid", "p.owneruserid", "p.id"], "Inner Unique": true, "Hash Cond": "(pl.relatedpostid = p.id)", "Plans": [{"Node Type": "Seq Scan", "Parent Relationship": "Outer", "Parallel Aware": false, "Relation Name": "postlinks", "Schema": "public", "Alias": "pl", "Startup Cost": 0.0, "Total Cost": 87.14, "Plan Rows": 3430, "Plan Width": 4, "Actual Startup Time": 0.02, "Actual Total Time": 0.816, "Actual Rows": 3421, "Actual Loops": 1, "Output": ["pl.id", "pl.creationdate", "pl.postid", "pl.relatedpostid", "pl.linktypeid"], "Filter": "((pl.creationdate >= 1302593039) AND (pl.linktypeid = 1))", "Rows Removed by Filter": 455}, {"Node Type": "Hash", "Parent Relationship": "Inner", "Parallel Aware": false, "Startup Cost": 861.4, "Total Cost": 861.4, "Plan Rows": 568, "Plan Width": 8, "Actual Startup Time": 5.087, "Actual Total Time": 5.088, "Actual Rows": 358, "Actual Loops": 1, "Output": ["p.owneruserid", "p.id"], "Hash Buckets": 1024, "Original Hash Buckets": 1024, "Hash Batches": 1, "Original Hash Batches": 1, "Peak Memory Usage": 22, "Plans": [{"Node Type": "Seq Scan", "Parent Relationship": "Outer", "Parallel Aware": false, "Relation Name": "posts", "Schema": "public", "Alias": "p", "Startup Cost": 0.0, "Total Cost": 861.4, "Plan Rows": 568, "Plan Width": 8, "Actual Startup Time": 0.007, "Actual Total Time": 5.024, "Actual Rows": 358, "Actual Loops": 1, "Output": ["p.owneruserid", "p.id"], "Filter": "((p.favoritecount >= 0) AND (p.viewcount >= 0) AND (p.score = 1))", "Rows Removed by Filter": 31722}]}]}, {"Node Type": "Index Only Scan", "Parent Relationship": "Inner", "Parallel Aware": false, "Scan Direction": "Forward", "Index Name": "idx_comments_postid", "Relation Name": "comments", "Schema": "public", "Alias": "c", "Startup Cost": 0.29, "Total Cost": 0.5, "Plan Rows": 2, "Plan Width": 4, "Actual Startup Time": 0.007, "Actual Total Time": 0.007, "Actual Rows": 1, "Actual Loops": 14, "Output": ["c.postid"], "Index Cond": "(c.postid = pl.relatedpostid)", "Rows Removed by Index Recheck": 0, "Heap Fetches": 0}]}, {"Node Type": "Index Scan", "Parent Relationship": "Inner", "Parallel Aware": false, "Scan Direction": "Forward", "Index Name": "users_pkey", "Relation Name": "users", "Schema": "public", "Alias": "u", "Startup Cost": 0.29, "Total Cost": 1.4, "Plan Rows": 1, "Plan Width": 4, "Actual Startup Time": 0.005, "Actual Total Time": 0.005, "Actual Rows": 0, "Actual Loops": 14, "Output": ["u.id", "u.reputation", "u.creationdate", "u.views", "u.upvotes", "u.downvotes"], "Index Cond": "(u.id = p.owneruserid)", "Rows Removed by Index Recheck": 0, "Filter": "(u.creationdate >= 1297159897)", "Rows Removed by Filter": 0}]}, {"Node Type": "Index Only Scan", "Parent Relationship": "Inner", "Parallel Aware": false, "Scan Direction": "Forward", "Index Name": "idx_badges_userid", "Relation Name": "badges", "Schema": "public", "Alias": "b", "Startup Cost": 0.29, "Total Cost": 0.34, "Plan Rows": 2, "Plan Width": 4, "Actual Startup Time": 0.004, "Actual Total Time": 0.004, "Actual Rows": 3, "Actual Loops": 6, "Output": ["b.userid"], "Index Cond": "(b.userid = u.id)", "Rows Removed by Index Recheck": 0, "Heap Fetches": 0}]}]}, "Planning Time": 106.35, "Triggers": [], "Execution Time": 6.559}]
q91#####[{"Plan": {"Node Type": "Aggregate", "Strategy": "Plain", "Partial Mode": "Simple", "Parallel Aware": false, "Startup Cost": 1381.54, "Total Cost": 1381.55, "Plan Rows": 1, "Plan Width": 8, "Actual Startup Time": 43.591, "Actual Total Time": 43.594, "Actual Rows": 1, "Actual Loops": 1, "Output": ["count(*)"], "Plans": [{"Node Type": "Nested Loop", "Parent Relationship": "Outer", "Parallel Aware": false, "Join Type": "Inner", "Startup Cost": 1022.66, "Total Cost": 1380.98, "Plan Rows": 223, "Plan Width": 0, "Actual Startup Time": 30.894, "Actual Total Time": 43.587, "Actual Rows": 28, "Actual Loops": 1, "Inner Unique": false, "Join Filter": "(b.userid = v.userid)", "Rows Removed by Join Filter": 0, "Plans": [{"Node Type": "Nested Loop", "Parent Relationship": "Outer", "Parallel Aware": false, "Join Type": "Inner", "Startup Cost": 1022.37, "Total Cost": 1292.3, "Plan Rows": 42, "Plan Width": 12, "Actual Startup Time": 11.957, "Actual Total Time": 12.952, "Actual Rows": 549, "Actual Loops": 1, "Output": ["b.userid", "p.owneruserid", "u.id"], "Inner Unique": false, "Plans": [{"Node Type": "Nested Loop", "Parent Relationship": "Outer", "Parallel Aware": false, "Join Type": "Inner", "Startup Cost": 1022.08, "Total Cost": 1153.67, "Plan Rows": 369, "Plan Width": 8, "Actual Startup Time": 11.888, "Actual Total Time": 12.297, "Actual Rows": 25, "Actual Loops": 1, "Output": ["p.owneruserid", "u.id"], "Inner Unique": true, "Plans": [{"Node Type": "Hash Join", "Parent Relationship": "Outer", "Parallel Aware": false, "Join Type": "Inner", "Startup Cost": 1021.8, "Total Cost": 1029.52, "Plan Rows": 374, "Plan Width": 4, "Actual Startup Time": 11.858, "Actual Total Time": 11.981, "Actual Rows": 78, "Actual Loops": 1, "Output": ["p.owneruserid"], "Inner Unique": true, "Hash Cond": "(t.excerptpostid = p.id)", "Plans": [{"Node Type": "Seq Scan", "Parent Relationship": "Outer", "Parallel Aware": false, "Relation Name": "tags", "Schema": "public", "Alias": "t", "Startup Cost": 0.0, "Total Cost": 6.74, "Plan Rows": 374, "Plan Width": 4, "Actual Startup Time": 0.01, "Actual Total Time": 0.053, "Actual Rows": 374, "Actual Loops": 1, "Output": ["t.id", "t.count", "t.excerptpostid"]}, {"Node Type": "Hash", "Parent Relationship": "Inner", "Parallel Aware": false, "Startup Cost": 620.8, "Total Cost": 620.8, "Plan Rows": 32080, "Plan Width": 8, "Actual Startup Time": 11.796, "Actual Total Time": 11.797, "Actual Rows": 32080, "Actual Loops": 1, "Output": ["p.owneruserid", "p.id"], "Hash Buckets": 32768, "Original Hash Buckets": 32768, "Hash Batches": 1, "Original Hash Batches": 1, "Peak Memory Usage": 1510, "Plans": [{"Node Type": "Seq Scan", "Parent Relationship": "Outer", "Parallel Aware": false, "Relation Name": "posts", "Schema": "public", "Alias": "p", "Startup Cost": 0.0, "Total Cost": 620.8, "Plan Rows": 32080, "Plan Width": 8, "Actual Startup Time": 0.011, "Actual Total Time": 5.78, "Actual Rows": 32080, "Actual Loops": 1, "Output": ["p.owneruserid", "p.id"]}]}]}, {"Node Type": "Index Scan", "Parent Relationship": "Inner", "Parallel Aware": false, "Scan Direction": "Forward", "Index Name": "users_pkey", "Relation Name": "users", "Schema": "public", "Alias": "u", "Startup Cost": 0.29, "Total Cost": 0.33, "Plan Rows": 1, "Plan Width": 4, "Actual Startup Time": 0.004, "Actual Total Time": 0.004, "Actual Rows": 0, "Actual Loops": 78, "Output": ["u.id", "u.reputation", "u.creationdate", "u.views", "u.upvotes", "u.downvotes"], "Index Cond": "(u.id = p.owneruserid)", "Rows Removed by Index Recheck": 0, "Filter": "((u.creationdate <= 1410068801) AND (u.upvotes >= 0) AND (u.views <= 515) AND (u.views >= 0))", "Rows Removed by Filter": 0}]}, {"Node Type": "Index Scan", "Parent Relationship": "Inner", "Parallel Aware": false, "Scan Direction": "Forward", "Index Name": "idx_badges_userid", "Relation Name": "badges", "Schema": "public", "Alias": "b", "Startup Cost": 0.29, "Total Cost": 0.36, "Plan Rows": 2, "Plan Width": 4, "Actual Startup Time": 0.005, "Actual Total Time": 0.023, "Actual Rows": 22, "Actual Loops": 25, "Output": ["b.id", "b.userid", "b.date"], "Index Cond": "(b.userid = p.owneruserid)", "Rows Removed by Index Recheck": 0, "Filter": "(b.date <= 1410497782)", "Rows Removed by Filter": 0}]}, {"Node Type": "Index Scan", "Parent Relationship": "Inner", "Parallel Aware": false, "Scan Direction": "Forward", "Index Name": "idx_votes_userid", "Relation Name": "votes", "Schema": "public", "Alias": "v", "Startup Cost": 0.29, "Total Cost": 2.1, "Plan Rows": 1, "Plan Width": 4, "Actual Startup Time": 0.055, "Actual Total Time": 0.056, "Actual Rows": 0, "Actual Loops": 549, "Output": ["v.id", "v.postid", "v.votetypeid", "v.creationdate", "v.userid", "v.bountyamount"], "Index Cond": "(v.userid = p.owneruserid)", "Rows Removed by Index Recheck": 0, "Filter": "((v.bountyamount <= 200) AND (v.bountyamount >= 0))", "Rows Removed by Filter": 111}]}]}, "Planning Time": 122.762, "Triggers": [], "Execution Time": 43.672}]
q46#####[{"Plan": {"Node Type": "Aggregate", "Strategy": "Plain", "Partial Mode": "Simple", "Parallel Aware": false, "Startup Cost": 9327.49, "Total Cost": 9327.5, "Plan Rows": 1, "Plan Width": 8, "Actual Startup Time": 58.439, "Actual Total Time": 58.444, "Actual Rows": 1, "Actual Loops": 1, "Output": ["count(*)"], "Plans": [{"Node Type": "Hash Join", "Parent Relationship": "Outer", "Parallel Aware": false, "Join Type": "Inner", "Startup Cost": 6327.72, "Total Cost": 9281.17, "Plan Rows": 18528, "Plan Width": 0, "Actual Startup Time": 43.739, "Actual Total Time": 58.414, "Actual Rows": 493, "Actual Loops": 1, "Inner Unique": false, "Hash Cond": "(ph.postid = c.postid)", "Plans": [{"Node Type": "Seq Scan", "Parent Relationship": "Outer", "Parallel Aware": false, "Relation Name": "posthistory", "Schema": "public", "Alias": "ph", "Startup Cost": 0.0, "Total Cost": 2110.32, "Plan Rows": 105257, "Plan Width": 4, "Actual Startup Time": 0.028, "Actual Total Time": 9.818, "Actual Rows": 105714, "Actual Loops": 1, "Output": ["ph.id", "ph.posthistorytypeid", "ph.postid", "ph.creationdate", "ph.userid"], "Filter": "(ph.creationdate >= 1281035693)", "Rows Removed by Filter": 552}, {"Node Type": "Hash", "Parent Relationship": "Inner", "Parallel Aware": false, "Startup Cost": 6231.08, "Total Cost": 6231.08, "Plan Rows": 7731, "Plan Width": 12, "Actual Startup Time": 43.483, "Actual Total Time": 43.487, "Actual Rows": 168, "Actual Loops": 1, "Output": ["c.postid", "pl.relatedpostid", "p.id"], "Hash Buckets": 8192, "Original Hash Buckets": 8192, "Hash Batches": 1, "Original Hash Batches": 1, "Peak Memory Usage": 72, "Plans": [{"Node Type": "Hash Join", "Parent Relationship": "Outer", "Parallel Aware": false, "Join Type": "Inner", "Startup Cost": 3861.3, "Total Cost": 6231.08, "Plan Rows": 7731, "Plan Width": 12, "Actual Startup Time": 41.85, "Actual Total Time": 43.457, "Actual Rows": 168, "Actual Loops": 1, "Output": ["c.postid", "pl.relatedpostid", "p.id"], "Inner Unique": true, "Hash Cond": "(c.postid = p.id)", "Plans": [{"Node Type": "Hash Join", "Parent Relationship": "Outer", "Parallel Aware": false, "Join Type": "Inner", "Startup Cost": 2680.5, "Total Cost": 5029.91, "Plan Rows": 7758, "Plan Width": 8, "Actual Startup Time": 22.835, "Actual Total Time": 24.376, "Actual Rows": 449, "Actual Loops": 1, "Output": ["c.postid", "pl.relatedpostid"], "Inner Unique": true, "Hash Cond": "(c.userid = u.id)", "Plans": [{"Node Type": "Hash Join", "Parent Relationship": "Outer", "Parallel Aware": false, "Join Type": "Inner", "Startup Cost": 2121.92, "Total Cost": 2384.62, "Plan Rows": 794700, "Plan Width": 12, "Actual Startup Time": 16.948, "Actual Total Time": 18.219, "Actual Rows": 3302, "Actual Loops": 1, "Output": ["c.postid", "c.userid", "pl.relatedpostid"], "Inner Unique": false, "Hash Cond": "(pl.relatedpostid = c.postid)", "Plans": [{"Node Type": "Seq Scan", "Parent Relationship": "Outer", "Parallel Aware": false, "Relation Name": "postlinks", "Schema": "public", "Alias": "pl", "Startup Cost": 0.0, "Total Cost": 77.45, "Plan Rows": 3526, "Plan Width": 4, "Actual Startup Time": 0.005, "Actual Total Time": 0.546, "Actual Rows": 3526, "Actual Loops": 1, "Output": ["pl.id", "pl.creationdate", "pl.postid", "pl.relatedpostid", "pl.linktypeid"], "Filter": "(pl.linktypeid = 1)", "Rows Removed by Filter": 350}, {"Node Type": "Hash", "Parent Relationship": "Inner", "Parallel Aware": false, "Startup Cost": 1366.92, "Total Cost": 1366.92, "Plan Rows": 60400, "Plan Width": 8, "Actual Startup Time": 16.639, "Actual Total Time": 16.639, "Actual Rows": 60938, "Actual Loops": 1, "Output": ["c.postid", "c.userid"], "Hash Buckets": 65536, "Original Hash Buckets": 65536, "Hash Batches": 1, "Original Hash Batches": 1, "Peak Memory Usage": 2893, "Plans": [{"Node Type": "Seq Scan", "Parent Relationship": "Outer", "Parallel Aware": false, "Relation Name": "comments", "Schema": "public", "Alias": "c", "Startup Cost": 0.0, "Total Cost": 1366.92, "Plan Rows": 60400, "Plan Width": 8, "Actual Startup Time": 0.011, "Actual Total Time": 9.031, "Actual Rows": 60938, "Actual Loops": 1, "Output": ["c.postid", "c.userid"], "Filter": "((c.creationdate <= 1410414189) AND (c.creationdate >= 1278822305))", "Rows Removed by Filter": 190}]}]}, {"Node Type": "Hash", "Parent Relationship": "Inner", "Parallel Aware": false, "Startup Cost": 386.32, "Total Cost": 386.32, "Plan Rows": 13781, "Plan Width": 4, "Actual Startup Time": 5.751, "Actual Total Time": 5.751, "Actual Rows": 13898, "Actual Loops": 1, "Output": ["u.id"], "Hash Buckets": 16384, "Original Hash Buckets": 16384, "Hash Batches": 1, "Original Hash Batches": 1, "Peak Memory Usage": 617, "Plans": [{"Node Type": "Seq Scan", "Parent Relationship": "Outer", "Parallel Aware": false, "Relation Name": "users", "Schema": "public", "Alias": "u", "Startup Cost": 0.0, "Total Cost": 386.32, "Plan Rows": 13781, "Plan Width": 4, "Actual Startup Time": 0.014, "Actual Total Time": 3.459, "Actual Rows": 13898, "Actual Loops": 1, "Output": ["u.id"], "Filter": "((u.downvotes <= 0) AND (u.downvotes >= 0) AND (u.reputation <= 491) AND (u.reputation >= 1))", "Rows Removed by Filter": 218}]}]}, {"Node Type": "Hash", "Parent Relationship": "Inner", "Parallel Aware": false, "Startup Cost": 781.2, "Total Cost": 781.2, "Plan Rows": 31968, "Plan Width": 4, "Actual Startup Time": 18.958, "Actual Total Time": 18.958, "Actual Rows": 31971, "Actual Loops": 1, "Output": ["p.id"], "Hash Buckets": 32768, "Original Hash Buckets": 32768, "Hash Batches": 1, "Original Hash Batches": 1, "Peak Memory Usage": 1380, "Plans": [{"Node Type": "Seq Scan", "Parent Relationship": "Outer", "Parallel Aware": false, "Relation Name": "posts", "Schema": "public", "Alias": "p", "Startup Cost": 0.0, "Total Cost": 781.2, "Plan Rows": 31968, "Plan Width": 4, "Actual Startup Time": 0.027, "Actual Total Time": 10.506, "Actual Rows": 31971, "Actual Loops": 1, "Output": ["p.id"], "Filter": "((p.commentcount <= 14) AND (p.commentcount >= 0))", "Rows Removed by Filter": 109}]}]}]}]}]}, "Planning Time": 155.224, "Triggers": [], "Execution Time": 58.616}]
q52#####[{"Plan": {"Node Type": "Aggregate", "Strategy": "Plain", "Partial Mode": "Simple", "Parallel Aware": false, "Startup Cost": 3971754.84, "Total Cost": 3971754.85, "Plan Rows": 1, "Plan Width": 8, "Actual Startup Time": 207843.256, "Actual Total Time": 207843.259, "Actual Rows": 1, "Actual Loops": 1, "Output": ["count(*)"], "Plans": [{"Node Type": "Nested Loop", "Parent Relationship": "Outer", "Parallel Aware": false, "Join Type": "Inner", "Startup Cost": 4878.29, "Total Cost": 1720789.19, "Plan Rows": 900386260, "Plan Width": 0, "Actual Startup Time": 36.313, "Actual Total Time": 185134.188, "Actual Rows": 620755461, "Actual Loops": 1, "Inner Unique": false, "Join Filter": "(c.userid = ph.userid)", "Rows Removed by Join Filter": 0, "Plans": [{"Node Type": "Hash Join", "Parent Relationship": "Outer", "Parallel Aware": false, "Join Type": "Inner", "Startup Cost": 4877.99, "Total Cost": 511649.71, "Plan Rows": 1789364, "Plan Width": 12, "Actual Startup Time": 36.257, "Actual Total Time": 466.815, "Actual Rows": 248952, "Actual Loops": 1, "Output": ["c.userid", "u.id", "v.userid"], "Inner Unique": true, "Hash Cond": "(c.userid = u.id)", "Plans": [{"Node Type": "Merge Join", "Parent Relationship": "Outer", "Parallel Aware": false, "Join Type": "Inner", "Startup Cost": 4282.1, "Total Cost": 35373.92, "Plan Rows": 181157000, "Plan Width": 8, "Actual Startup Time": 26.142, "Actual Total Time": 324.31, "Actual Rows": 1462600, "Actual Loops": 1, "Output": ["c.userid", "v.userid"], "Inner Unique": false, "Merge Cond": "(v.userid = c.userid)", "Plans": [{"Node Type": "Index Scan", "Parent Relationship": "Outer", "Parallel Aware": false, "Scan Direction": "Forward", "Index Name": "idx_votes_userid", "Relation Name": "votes", "Schema": "public", "Alias": "v", "Startup Cost": 0.29, "Total Cost": 4526.29, "Plan Rows": 113849, "Plan Width": 4, "Actual Startup Time": 0.028, "Actual Total Time": 28.122, "Actual Rows": 114466, "Actual Loops": 1, "Output": ["v.id", "v.postid", "v.votetypeid", "v.creationdate", "v.userid", "v.bountyamount"], "Filter": "((v.creationdate <= 1410451200) AND (v.creationdate >= 1280073600))", "Rows Removed by Filter": 410}, {"Node Type": "Materialize", "Parent Relationship": "Inner", "Parallel Aware": false, "Startup Cost": 0.29, "Total Cost": 3541.64, "Plan Rows": 60532, "Plan Width": 4, "Actual Startup Time": 0.035, "Actual Total Time": 108.327, "Actual Rows": 1486015, "Actual Loops": 1, "Output": ["c.id", "c.postid", "c.score", "c.creationdate", "c.userid"], "Plans": [{"Node Type": "Index Scan", "Parent Relationship": "Outer", "Parallel Aware": false, "Scan Direction": "Forward", "Index Name": "idx_comments_userid", "Relation Name": "comments", "Schema": "public", "Alias": "c", "Startup Cost": 0.29, "Total Cost": 3390.31, "Plan Rows": 60532, "Plan Width": 4, "Actual Startup Time": 0.03, "Actual Total Time": 27.506, "Actual Rows": 60773, "Actual Loops": 1, "Output": ["c.id", "c.postid", "c.score", "c.creationdate", "c.userid"], "Filter": "((c.creationdate <= 1410607615) AND (c.creationdate >= 1281616426))", "Rows Removed by Filter": 329}]}]}, {"Node Type": "Hash", "Parent Relationship": "Inner", "Parallel Aware": false, "Startup Cost": 421.61, "Total Cost": 421.61, "Plan Rows": 13943, "Plan Width": 4, "Actual Startup Time": 9.322, "Actual Total Time": 9.322, "Actual Rows": 13997, "Actual Loops": 1, "Output": ["u.id"], "Hash Buckets": 16384, "Original Hash Buckets": 16384, "Hash Batches": 1, "Original Hash Batches": 1, "Peak Memory Usage": 621, "Plans": [{"Node Type": "Seq Scan", "Parent Relationship": "Outer", "Parallel Aware": false, "Relation Name": "users", "Schema": "public", "Alias": "u", "Startup Cost": 0.0, "Total Cost": 421.61, "Plan Rows": 13943, "Plan Width": 4, "Actual Startup Time": 0.019, "Actual Total Time": 6.072, "Actual Rows": 13997, "Actual Loops": 1, "Output": ["u.id"], "Filter": "((u.downvotes <= 1) AND (u.downvotes >= 0) AND (u.upvotes <= 123) AND (u.views <= 783) AND (u.views >= 0))", "Rows Removed by Filter": 119}]}]}, {"Node Type": "Index Scan", "Parent Relationship": "Inner", "Parallel Aware": false, "Scan Direction": "Forward", "Index Name": "idx_posthistory_userid", "Relation Name": "posthistory", "Schema": "public", "Alias": "ph", "Startup Cost": 0.29, "Total Cost": 0.55, "Plan Rows": 10, "Plan Width": 4, "Actual Startup Time": 0.003, "Actual Total Time": 0.519, "Actual Rows": 2493, "Actual Loops": 248952, "Output": ["ph.id", "ph.posthistorytypeid", "ph.postid", "ph.creationdate", "ph.userid"], "Index Cond": "(ph.userid = v.userid)", "Rows Removed by Index Recheck": 0, "Filter": "((ph.creationdate <= 1408264643) AND (ph.creationdate >= 1302504369))", "Rows Removed by Filter": 30}]}]}, "Planning Time": 86.346, "Triggers": [], "Execution Time": 207843.424}]