q77#####[{"Plan": {"Node Type": "Aggregate", "Strategy": "Plain", "Partial Mode": "Simple", "Parallel Aware": false, "Startup Cost": 13911.73, "Total Cost": 13911.74, "Plan Rows": 1, "Plan Width": 8, "Actual Startup Time": 250.197, "Actual Total Time": 250.205, "Actual Rows": 1, "Actual Loops": 1, "Output": ["count(*)"], "Plans": [{"Node Type": "Hash Join", "Parent Relationship": "Outer", "Parallel Aware": false, "Join Type": "Inner", "Startup Cost": 9858.13, "Total Cost": 13697.92, "Plan Rows": 85522, "Plan Width": 0, "Actual Startup Time": 144.003, "Actual Total Time": 234.999, "Actual Rows": 436286, "Actual Loops": 1, "Inner Unique": false, "Hash Cond": "(c.postid = p.id)", "Plans": [{"Node Type": "Seq Scan", "Parent Relationship": "Outer", "Parallel Aware": false, "Relation Name": "comments", "Schema": "public", "Alias": "c", "Startup Cost": 0.0, "Total Cost": 3025.05, "Plan Rows": 174305, "Plan Width": 4, "Actual Startup Time": 0.01, "Actual Total Time": 9.606, "Actual Rows": 174305, "Actual Loops": 1, "Output": ["c.id", "c.postid", "c.score", "c.creationdate", "c.userid"]}, {"Node Type": "Hash", "Parent Relationship": "Inner", "Parallel Aware": false, "Startup Cost": 9751.86, "Total Cost": 9751.86, "Plan Rows": 8501, "Plan Width": 16, "Actual Startup Time": 143.794, "Actual Total Time": 143.801, "Actual Rows": 87188, "Actual Loops": 1, "Output": ["ph.postid", "pl.postid", "p.id", "v.postid"], "Hash Buckets": 131072, "Original Hash Buckets": 16384, "Hash Batches": 2, "Original Hash Batches": 1, "Peak Memory Usage": 3205, "Plans": [{"Node Type": "Nested Loop", "Parent Relationship": "Outer", "Parallel Aware": false, "Join Type": "Inner", "Startup Cost": 4350.39, "Total Cost": 9751.86, "Plan Rows": 8501, "Plan Width": 16, "Actual Startup Time": 28.705, "Actual Total Time": 128.29, "Actual Rows": 87188, "Actual Loops": 1, "Output": ["ph.postid", "pl.postid", "p.id", "v.postid"], "Inner Unique": false, "Join Filter": "(p.id = v.postid)", "Rows Removed by Join Filter": 0, "Plans": [{"Node Type": "Nested Loop", "Parent Relationship": "Outer", "Parallel Aware": false, "Join Type": "Inner", "Startup Cost": 4349.97, "Total Cost": 7676.28, "Plan Rows": 2405, "Plan Width": 12, "Actual Startup Time": 28.679, "Actual Total Time": 71.0, "Actual Rows": 12124, "Actual Loops": 1, "Output": ["ph.postid", "pl.postid", "p.id"], "Inner Unique": false, "Plans": [{"Node Type": "Hash Join", "Parent Relationship": "Outer", "Parallel Aware": false, "Join Type": "Inner", "Startup Cost": 4349.55, "Total Cost": 5220.82, "Plan Rows": 2259, "Plan Width": 8, "Actual Startup Time": 28.571, "Actual Total Time": 37.462, "Actual Rows": 10453, "Actual Loops": 1, "Output": ["pl.postid", "p.id"], "Inner Unique": true, "Hash Cond": "(p.owneruserid = u.id)", "Plans": [{"Node Type": "Hash Join", "Parent Relationship": "Outer", "Parallel Aware": false, "Join Type": "Inner", "Startup Cost": 2945.07, "Total Cost": 3221.45, "Plan Rows": 226600, "Plan Width": 12, "Actual Startup Time": 17.907, "Actual Total Time": 23.555, "Actual Rows": 10581, "Actual Loops": 1, "Output": ["pl.postid", "p.id", "p.owneruserid"], "Inner Unique": true, "Hash Cond": "(pl.postid = p.id)", "Plans": [{"Node Type": "Seq Scan", "Parent Relationship": "Outer", "Parallel Aware": false, "Relation Name": "postlinks", "Schema": "public", "Alias": "pl", "Startup Cost": 0.0, "Total Cost": 248.53, "Plan Rows": 10609, "Plan Width": 4, "Actual Startup Time": 0.023, "Actual Total Time": 2.066, "Actual Rows": 10607, "Actual Loops": 1, "Output": ["pl.id", "pl.creationdate", "pl.postid", "pl.relatedpostid", "pl.linktypeid"], "Filter": "((pl.creationdate <= 1408605923) AND (pl.creationdate >= 1289842057))", "Rows Removed by Filter": 495}, {"Node Type": "Hash", "Parent Relationship": "Inner", "Parallel Aware": false, "Startup Cost": 2699.52, "Total Cost": 2699.52, "Plan Rows": 19644, "Plan Width": 8, "Actual Startup Time": 17.754, "Actual Total Time": 17.756, "Actual Rows": 42703, "Actual Loops": 1, "Output": ["p.id", "p.owneruserid"], "Hash Buckets": 65536, "Original Hash Buckets": 32768, "Hash Batches": 1, "Original Hash Batches": 1, "Peak Memory Usage": 2181, "Plans": [{"Node Type": "Seq Scan", "Parent Relationship": "Outer", "Parallel Aware": false, "Relation Name": "posts", "Schema": "public", "Alias": "p", "Startup Cost": 0.0, "Total Cost": 2699.52, "Plan Rows": 19644, "Plan Width": 8, "Actual Startup Time": 0.052, "Actual Total Time": 12.034, "Actual Rows": 42703, "Actual Loops": 1, "Output": ["p.id", "p.owneruserid"], "Filter": "((p.answercount >= 0) AND (p.creationdate <= 1410449174) AND (p.creationdate >= 1279697033) AND (p.posttypeid = 1))", "Rows Removed by Filter": 49273}]}]}, {"Node Type": "Hash", "Parent Relationship": "Inner", "Parallel Aware": false, "Startup Cost": 901.88, "Total Cost": 901.88, "Plan Rows": 40208, "Plan Width": 4, "Actual Startup Time": 10.445, "Actual Total Time": 10.446, "Actual Rows": 40221, "Actual Loops": 1, "Output": ["u.id"], "Hash Buckets": 65536, "Original Hash Buckets": 65536, "Hash Batches": 1, "Original Hash Batches": 1, "Peak Memory Usage": 1927, "Plans": [{"Node Type": "Seq Scan", "Parent Relationship": "Outer", "Parallel Aware": false, "Relation Name": "users", "Schema": "public", "Alias": "u", "Startup Cost": 0.0, "Total Cost": 901.88, "Plan Rows": 40208, "Plan Width": 4, "Actual Startup Time": 0.007, "Actual Total Time": 5.587, "Actual Rows": 40221, "Actual Loops": 1, "Output": ["u.id"], "Filter": "((u.creationdate <= 1410438708) AND (u.upvotes >= 0))", "Rows Removed by Filter": 104}]}]}, {"Node Type": "Index Scan", "Parent Relationship": "Inner", "Parallel Aware": false, "Scan Direction": "Forward", "Index Name": "idx_posthistory_postid", "Relation Name": "posthistory", "Schema": "public", "Alias": "ph", "Startup Cost": 0.42, "Total Cost": 1.08, "Plan Rows": 1, "Plan Width": 4, "Actual Startup Time": 0.002, "Actual Total Time": 0.003, "Actual Rows": 1, "Actual Loops": 10453, "Output": ["ph.id", "ph.posthistorytypeid", "ph.postid", "ph.creationdate", "ph.userid"], "Index Cond": "(ph.postid = p.id)", "Rows Removed by Index Recheck": 0, "Filter": "(ph.posthistorytypeid = 5)", "Rows Removed by Filter": 5}]}, {"Node Type": "Index Scan", "Parent Relationship": "Inner", "Parallel Aware": false, "Scan Direction": "Forward", "Index Name": "idx_votes_postid", "Relation Name": "votes", "Schema": "public", "Alias": "v", "Startup Cost": 0.42, "Total Cost": 0.76, "Plan Rows": 8, "Plan Width": 4, "Actual Startup Time": 0.002, "Actual Total Time": 0.004, "Actual Rows": 7, "Actual Loops": 12124, "Output": ["v.id", "v.postid", "v.votetypeid", "v.creationdate", "v.userid", "v.bountyamount"], "Index Cond": "(v.postid = ph.postid)", "Rows Removed by Index Recheck": 0, "Filter": "(v.creationdate >= 1279641600)", "Rows Removed by Filter": 0}]}]}]}]}, "Planning Time": 230.087, "Triggers": [], "Execution Time": 250.332}]
q63#####[{"Plan": {"Node Type": "Aggregate", "Strategy": "Plain", "Partial Mode": "Simple", "Parallel Aware": false, "Startup Cost": 66473.36, "Total Cost": 66473.37, "Plan Rows": 1, "Plan Width": 8, "Actual Startup Time": 540.792, "Actual Total Time": 540.795, "Actual Rows": 1, "Actual Loops": 1, "Output": ["count(*)"], "Plans": [{"Node Type": "Merge Join", "Parent Relationship": "Outer", "Parallel Aware": false, "Join Type": "Inner", "Startup Cost": 11432.37, "Total Cost": 63983.78, "Plan Rows": 995829, "Plan Width": 0, "Actual Startup Time": 54.797, "Actual Total Time": 523.058, "Actual Rows": 410411, "Actual Loops": 1, "Inner Unique": false, "Merge Cond": "(p.id = c.postid)", "Plans": [{"Node Type": "Sort", "Parent Relationship": "Outer", "Parallel Aware": false, "Startup Cost": 11431.22, "Total Cost": 11650.37, "Plan Rows": 87657, "Plan Width": 4, "Actual Startup Time": 54.226, "Actual Total Time": 63.112, "Actual Rows": 86478, "Actual Loops": 1, "Output": ["p.id"], "Sort Key": ["p.id"], "Sort Method": "external merge", "Sort Space Used": 1192, "Sort Space Type": "Disk", "Plans": [{"Node Type": "Hash Join", "Parent Relationship": "Outer", "Parallel Aware": false, "Join Type": "Inner", "Startup Cost": 1305.12, "Total Cost": 4234.77, "Plan Rows": 87657, "Plan Width": 4, "Actual Startup Time": 9.552, "Actual Total Time": 40.657, "Actual Rows": 86478, "Actual Loops": 1, "Output": ["p.id"], "Inner Unique": true, "Hash Cond": "(p.owneruserid = u.id)", "Plans": [{"Node Type": "Seq Scan", "Parent Relationship": "Outer", "Parallel Aware": false, "Relation Name": "posts", "Schema": "public", "Alias": "p", "Startup Cost": 0.0, "Total Cost": 2699.52, "Plan Rows": 87657, "Plan Width": 8, "Actual Startup Time": 0.018, "Actual Total Time": 15.181, "Actual Rows": 87807, "Actual Loops": 1, "Output": ["p.id", "p.posttypeid", "p.creationdate", "p.score", "p.viewcount", "p.owneruserid", "p.answercount", "p.commentcount", "p.favoritecount", "p.lasteditoruserid"], "Filter": "((p.commentcount <= 10) AND (p.creationdate <= 1409203893) AND (p.score <= 19) AND (p.score >= 0))", "Rows Removed by Filter": 4169}, {"Node Type": "Hash", "Parent Relationship": "Inner", "Parallel Aware": false, "Startup Cost": 801.06, "Total Cost": 801.06, "Plan Rows": 40325, "Plan Width": 4, "Actual Startup Time": 9.372, "Actual Total Time": 9.373, "Actual Rows": 40325, "Actual Loops": 1, "Output": ["u.id"], "Hash Buckets": 65536, "Original Hash Buckets": 65536, "Hash Batches": 1, "Original Hash Batches": 1, "Peak Memory Usage": 1930, "Plans": [{"Node Type": "Seq Scan", "Parent Relationship": "Outer", "Parallel Aware": false, "Relation Name": "users", "Schema": "public", "Alias": "u", "Startup Cost": 0.0, "Total Cost": 801.06, "Plan Rows": 40325, "Plan Width": 4, "Actual Startup Time": 0.01, "Actual Total Time": 4.729, "Actual Rows": 40325, "Actual Loops": 1, "Output": ["u.id"], "Filter": "(u.downvotes >= 0)", "Rows Removed by Filter": 0}]}]}]}, {"Node Type": "Materialize", "Parent Relationship": "Inner", "Parallel Aware": false, "Startup Cost": 0.84, "Total Cost": 39543.71, "Plan Rows": 1044899, "Plan Width": 8, "Actual Startup Time": 0.284, "Actual Total Time": 397.416, "Actual Rows": 584661, "Actual Loops": 1, "Output": ["c.postid", "v.postid"], "Plans": [{"Node Type": "Merge Join", "Parent Relationship": "Outer", "Parallel Aware": false, "Join Type": "Inner", "Startup Cost": 0.84, "Total Cost": 36931.46, "Plan Rows": 1044899, "Plan Width": 8, "Actual Startup Time": 0.282, "Actual Total Time": 313.261, "Actual Rows": 584661, "Actual Loops": 1, "Output": ["c.postid", "v.postid"], "Inner Unique": false, "Merge Cond": "(c.postid = v.postid)", "Plans": [{"Node Type": "Index Scan", "Parent Relationship": "Outer", "Parallel Aware": false, "Scan Direction": "Forward", "Index Name": "idx_comments_postid", "Relation Name": "comments", "Schema": "public", "Alias": "c", "Startup Cost": 0.42, "Total Cost": 6771.1, "Plan Rows": 133792, "Plan Width": 4, "Actual Startup Time": 0.028, "Actual Total Time": 51.039, "Actual Rows": 132664, "Actual Loops": 1, "Output": ["c.id", "c.postid", "c.score", "c.creationdate", "c.userid"], "Filter": "((c.creationdate <= 1410288473) AND (c.score = 0))", "Rows Removed by Filter": 38892}, {"Node Type": "Materialize", "Parent Relationship": "Inner", "Parallel Aware": false, "Startup Cost": 0.42, "Total Cost": 14971.72, "Plan Rows": 327686, "Plan Width": 4, "Actual Startup Time": 0.015, "Actual Total Time": 170.502, "Actual Rows": 714636, "Actual Loops": 1, "Output": ["v.id", "v.postid", "v.votetypeid", "v.creationdate", "v.userid", "v.bountyamount"], "Plans": [{"Node Type": "Index Scan", "Parent Relationship": "Outer", "Parallel Aware": false, "Scan Direction": "Forward", "Index Name": "idx_votes_postid", "Relation Name": "votes", "Schema": "public", "Alias": "v", "Startup Cost": 0.42, "Total Cost": 14152.5, "Plan Rows": 327686, "Plan Width": 4, "Actual Startup Time": 0.014, "Actual Total Time": 125.212, "Actual Rows": 325244, "Actual Loops": 1, "Output": ["v.id", "v.postid", "v.votetypeid", "v.creationdate", "v.userid", "v.bountyamount"], "Filter": "(v.creationdate <= 1410451200)", "Rows Removed by Filter": 63}]}]}]}]}]}, "Planning Time": 91.793, "Triggers": [], "Execution Time": 541.192}]
q88#####[{"Plan": {"Node Type": "Aggregate", "Strategy": "Plain", "Partial Mode": "Simple", "Parallel Aware": false, "Startup Cost": 19704.44, "Total Cost": 19704.45, "Plan Rows": 1, "Plan Width": 8, "Actual Startup Time": 242.535, "Actual Total Time": 242.539, "Actual Rows": 1, "Actual Loops": 1, "Output": ["count(*)"], "Plans": [{"Node Type": "Nested Loop", "Parent Relationship": "Outer", "Parallel Aware": false, "Join Type": "Inner", "Startup Cost": 3850.08, "Total Cost": 17647.25, "Plan Rows": 822874, "Plan Width": 0, "Actual Startup Time": 27.355, "Actual Total Time": 210.872, "Actual Rows": 913441, "Actual Loops": 1, "Inner Unique": false, "Plans": [{"Node Type": "Nested Loop", "Parent Relationship": "Outer", "Parallel Aware": false, "Join Type": "Inner", "Startup Cost": 3849.78, "Total Cost": 7856.46, "Plan Rows": 23390, "Plan Width": 8, "Actual Startup Time": 27.333, "Actual Total Time": 70.928, "Actual Rows": 32682, "Actual Loops": 1, "Output": ["p.owneruserid", "u.id"], "Inner Unique": false, "Plans": [{"Node Type": "Hash Join", "Parent Relationship": "Outer", "Parallel Aware": false, "Join Type": "Inner", "Startup Cost": 3849.36, "Total Cost": 4085.08, "Plan Rows": 5162, "Plan Width": 16, "Actual Startup Time": 27.291, "Actual Total Time": 36.557, "Actual Rows": 10828, "Actual Loops": 1, "Output": ["pl.relatedpostid", "p.owneruserid", "p.id", "u.id"], "Inner Unique": true, "Hash Cond": "(p.owneruserid = u.id)", "Plans": [{"Node Type": "Hash Join", "Parent Relationship": "Outer", "Parallel Aware": false, "Join Type": "Inner", "Startup Cost": 2544.24, "Total Cost": 2766.4, "Plan Rows": 5162, "Plan Width": 12, "Actual Startup Time": 16.896, "Actual Total Time": 22.637, "Actual Rows": 11097, "Actual Loops": 1, "Output": ["pl.relatedpostid", "p.owneruserid", "p.id"], "Inner Unique": true, "Hash Cond": "(pl.relatedpostid = p.id)", "Plans": [{"Node Type": "Seq Scan", "Parent Relationship": "Outer", "Parallel Aware": false, "Relation Name": "postlinks", "Schema": "public", "Alias": "pl", "Startup Cost": 0.0, "Total Cost": 193.02, "Plan Rows": 11102, "Plan Width": 4, "Actual Startup Time": 0.006, "Actual Total Time": 0.852, "Actual Rows": 11102, "Actual Loops": 1, "Output": ["pl.id", "pl.creationdate", "pl.postid", "pl.relatedpostid", "pl.linktypeid"]}, {"Node Type": "Hash", "Parent Relationship": "Inner", "Parallel Aware": false, "Startup Cost": 2009.7, "Total Cost": 2009.7, "Plan Rows": 42763, "Plan Width": 8, "Actual Startup Time": 16.642, "Actual Total Time": 16.643, "Actual Rows": 42921, "Actual Loops": 1, "Output": ["p.owneruserid", "p.id"], "Hash Buckets": 65536, "Original Hash Buckets": 65536, "Hash Batches": 1, "Original Hash Batches": 1, "Peak Memory Usage": 2189, "Plans": [{"Node Type": "Seq Scan", "Parent Relationship": "Outer", "Parallel Aware": false, "Relation Name": "posts", "Schema": "public", "Alias": "p", "Startup Cost": 0.0, "Total Cost": 2009.7, "Plan Rows": 42763, "Plan Width": 8, "Actual Startup Time": 0.01, "Actual Total Time": 10.884, "Actual Rows": 42921, "Actual Loops": 1, "Output": ["p.owneruserid", "p.id"], "Filter": "(p.viewcount >= 0)", "Rows Removed by Filter": 49055}]}]}, {"Node Type": "Hash", "Parent Relationship": "Inner", "Parallel Aware": false, "Startup Cost": 801.06, "Total Cost": 801.06, "Plan Rows": 40325, "Plan Width": 4, "Actual Startup Time": 10.262, "Actual Total Time": 10.262, "Actual Rows": 40325, "Actual Loops": 1, "Output": ["u.id"], "Hash Buckets": 65536, "Original Hash Buckets": 65536, "Hash Batches": 1, "Original Hash Batches": 1, "Peak Memory Usage": 1930, "Plans": [{"Node Type": "Seq Scan", "Parent Relationship": "Outer", "Parallel Aware": false, "Relation Name": "users", "Schema": "public", "Alias": "u", "Startup Cost": 0.0, "Total Cost": 801.06, "Plan Rows": 40325, "Plan Width": 4, "Actual Startup Time": 0.013, "Actual Total Time": 5.013, "Actual Rows": 40325, "Actual Loops": 1, "Output": ["u.id"], "Filter": "(u.reputation >= 1)", "Rows Removed by Filter": 0}]}]}, {"Node Type": "Index Scan", "Parent Relationship": "Inner", "Parallel Aware": false, "Scan Direction": "Forward", "Index Name": "idx_comments_postid", "Relation Name": "comments", "Schema": "public", "Alias": "c", "Startup Cost": 0.42, "Total Cost": 0.68, "Plan Rows": 5, "Plan Width": 4, "Actual Startup Time": 0.002, "Actual Total Time": 0.003, "Actual Rows": 3, "Actual Loops": 10828, "Output": ["c.id", "c.postid", "c.score", "c.creationdate", "c.userid"], "Index Cond": "(c.postid = p.id)", "Rows Removed by Index Recheck": 0, "Filter": "(c.creationdate <= 1410163088)", "Rows Removed by Filter": 0}]}, {"Node Type": "Index Only Scan", "Parent Relationship": "Inner", "Parallel Aware": false, "Scan Direction": "Forward", "Index Name": "idx_badges_userid", "Relation Name": "badges", "Schema": "public", "Alias": "b", "Startup Cost": 0.29, "Total Cost": 0.38, "Plan Rows": 4, "Plan Width": 4, "Actual Startup Time": 0.001, "Actual Total Time": 0.003, "Actual Rows": 28, "Actual Loops": 32682, "Output": ["b.userid"], "Index Cond": "(b.userid = p.owneruserid)", "Rows Removed by Index Recheck": 0, "Heap Fetches": 0}]}]}, "Planning Time": 191.246, "Triggers": [], "Execution Time": 242.666}]
q4#####[{"Plan": {"Node Type": "Aggregate", "Strategy": "Plain", "Partial Mode": "Simple", "Parallel Aware": false, "Startup Cost": 90364.6, "Total Cost": 90364.61, "Plan Rows": 1, "Plan Width": 8, "Actual Startup Time": 979.336, "Actual Total Time": 979.341, "Actual Rows": 1, "Actual Loops": 1, "Output": ["count(*)"], "Plans": [{"Node Type": "Hash Join", "Parent Relationship": "Outer", "Parallel Aware": false, "Join Type": "Inner", "Startup Cost": 6284.35, "Total Cost": 32568.47, "Plan Rows": 23118449, "Plan Width": 0, "Actual Startup Time": 50.278, "Actual Total Time": 877.586, "Actual Rows": 2870375, "Actual Loops": 1, "Inner Unique": false, "Hash Cond": "(p.owneruserid = b.userid)", "Plans": [{"Node Type": "Merge Join", "Parent Relationship": "Outer", "Parallel Aware": false, "Join Type": "Inner", "Startup Cost": 3346.36, "Total Cost": 21366.25, "Plan Rows": 680358, "Plan Width": 4, "Actual Startup Time": 12.046, "Actual Total Time": 561.081, "Actual Rows": 893715, "Actual Loops": 1, "Output": ["p.owneruserid"], "Inner Unique": false, "Merge Cond": "(c.postid = p.id)", "Plans": [{"Node Type": "Index Scan", "Parent Relationship": "Outer", "Parallel Aware": false, "Scan Direction": "Forward", "Index Name": "idx_comments_postid", "Relation Name": "comments", "Schema": "public", "Alias": "c", "Startup Cost": 0.42, "Total Cost": 6335.34, "Plan Rows": 134348, "Plan Width": 4, "Actual Startup Time": 0.036, "Actual Total Time": 45.744, "Actual Rows": 134874, "Actual Loops": 1, "Output": ["c.id", "c.postid", "c.score", "c.creationdate", "c.userid"], "Filter": "(c.score = 0)", "Rows Removed by Filter": 39417}, {"Node Type": "Materialize", "Parent Relationship": "Inner", "Parallel Aware": false, "Startup Cost": 3345.9, "Total Cost": 11789.86, "Plan Rows": 149681, "Plan Width": 16, "Actual Startup Time": 11.965, "Actual Total Time": 409.473, "Actual Rows": 1058873, "Actual Loops": 1, "Output": ["ph.postid", "p.owneruserid", "p.id", "v.postid"], "Plans": [{"Node Type": "Nested Loop", "Parent Relationship": "Outer", "Parallel Aware": false, "Join Type": "Inner", "Startup Cost": 3345.9, "Total Cost": 11415.66, "Plan Rows": 149681, "Plan Width": 16, "Actual Startup Time": 11.96, "Actual Total Time": 307.525, "Actual Rows": 435449, "Actual Loops": 1, "Output": ["ph.postid", "p.owneruserid", "p.id", "v.postid"], "Inner Unique": false, "Join Filter": "(p.id = v.postid)", "Rows Removed by Join Filter": 0, "Plans": [{"Node Type": "Merge Join", "Parent Relationship": "Outer", "Parallel Aware": false, "Join Type": "Inner", "Startup Cost": 3345.47, "Total Cost": 11110.32, "Plan Rows": 422, "Plan Width": 12, "Actual Startup Time": 11.931, "Actual Total Time": 57.312, "Actual Rows": 67005, "Actual Loops": 1, "Output": ["ph.postid", "p.owneruserid", "p.id"], "Inner Unique": true, "Merge Cond": "(ph.postid = p.id)", "Plans": [{"Node Type": "Index Only Scan", "Parent Relationship": "Outer", "Parallel Aware": false, "Scan Direction": "Forward", "Index Name": "idx_posthistory_postid", "Relation Name": "posthistory", "Schema": "public", "Alias": "ph", "Startup Cost": 0.42, "Total Cost": 6520.23, "Plan Rows": 303187, "Plan Width": 4, "Actual Startup Time": 0.02, "Actual Total Time": 25.233, "Actual Rows": 303156, "Actual Loops": 1, "Output": ["ph.postid"], "Heap Fetches": 0}, {"Node Type": "Sort", "Parent Relationship": "Inner", "Parallel Aware": false, "Startup Cost": 3345.05, "Total Cost": 3377.13, "Plan Rows": 12830, "Plan Width": 8, "Actual Startup Time": 11.898, "Actual Total Time": 12.902, "Actual Rows": 11912, "Actual Loops": 1, "Output": ["p.owneruserid", "p.id"], "Sort Key": ["p.id"], "Sort Method": "quicksort", "Sort Space Used": 943, "Sort Space Type": "Memory", "Plans": [{"Node Type": "Seq Scan", "Parent Relationship": "Outer", "Parallel Aware": false, "Relation Name": "posts", "Schema": "public", "Alias": "p", "Startup Cost": 0.0, "Total Cost": 2469.58, "Plan Rows": 12830, "Plan Width": 8, "Actual Startup Time": 0.011, "Actual Total Time": 10.373, "Actual Rows": 11912, "Actual Loops": 1, "Output": ["p.owneruserid", "p.id"], "Filter": "((p.answercount <= 3) AND (p.favoritecount >= 0) AND (p.score <= 21))", "Rows Removed by Filter": 80064}]}]}, {"Node Type": "Index Scan", "Parent Relationship": "Inner", "Parallel Aware": false, "Scan Direction": "Forward", "Index Name": "idx_votes_postid", "Relation Name": "votes", "Schema": "public", "Alias": "v", "Startup Cost": 0.42, "Total Cost": 0.62, "Plan Rows": 8, "Plan Width": 4, "Actual Startup Time": 0.001, "Actual Total Time": 0.003, "Actual Rows": 6, "Actual Loops": 67005, "Output": ["v.id", "v.postid", "v.votetypeid", "v.creationdate", "v.userid", "v.bountyamount"], "Index Cond": "(v.postid = ph.postid)", "Rows Removed by Index Recheck": 0, "Filter": "(v.creationdate >= 1279468800)", "Rows Removed by Filter": 0}]}]}]}, {"Node Type": "Hash", "Parent Relationship": "Inner", "Parallel Aware": false, "Startup Cost": 2928.34, "Total Cost": 2928.34, "Plan Rows": 771, "Plan Width": 8, "Actual Startup Time": 38.222, "Actual Total Time": 38.224, "Actual Rows": 55147, "Actual Loops": 1, "Output": ["b.userid", "u.id"], "Hash Buckets": 65536, "Original Hash Buckets": 1024, "Hash Batches": 1, "Original Hash Batches": 1, "Peak Memory Usage": 2667, "Plans": [{"Node Type": "Hash Join", "Parent Relationship": "Outer", "Parallel Aware": false, "Join Type": "Inner", "Startup Cost": 1289.08, "Total Cost": 2928.34, "Plan Rows": 771, "Plan Width": 8, "Actual Startup Time": 10.261, "Actual Total Time": 31.147, "Actual Rows": 55147, "Actual Loops": 1, "Output": ["b.userid", "u.id"], "Inner Unique": true, "Hash Cond": "(b.userid = u.id)", "Plans": [{"Node Type": "Seq Scan", "Parent Relationship": "Outer", "Parallel Aware": false, "Relation Name": "badges", "Schema": "public", "Alias": "b", "Startup Cost": 0.0, "Total Cost": 1430.14, "Plan Rows": 79661, "Plan Width": 4, "Actual Startup Time": 0.013, "Actual Total Time": 8.164, "Actual Rows": 79663, "Actual Loops": 1, "Output": ["b.id", "b.userid", "b.date"], "Filter": "(b.date <= 1410431708)", "Rows Removed by Filter": 188}, {"Node Type": "Hash", "Parent Relationship": "Inner", "Parallel Aware": false, "Startup Cost": 801.06, "Total Cost": 801.06, "Plan Rows": 39041, "Plan Width": 4, "Actual Startup Time": 10.066, "Actual Total Time": 10.067, "Actual Rows": 39061, "Actual Loops": 1, "Output": ["u.id"], "Hash Buckets": 65536, "Original Hash Buckets": 65536, "Hash Batches": 1, "Original Hash Batches": 1, "Peak Memory Usage": 1886, "Plans": [{"Node Type": "Seq Scan", "Parent Relationship": "Outer", "Parallel Aware": false, "Relation Name": "users", "Schema": "public", "Alias": "u", "Startup Cost": 0.0, "Total Cost": 801.06, "Plan Rows": 39041, "Plan Width": 4, "Actual Startup Time": 0.004, "Actual Total Time": 4.868, "Actual Rows": 39061, "Actual Loops": 1, "Output": ["u.id"], "Filter": "(u.reputation <= 240)", "Rows Removed by Filter": 1264}]}]}]}]}]}, "Planning Time": 199.379, "Triggers": [], "Execution Time": 979.498}]
q5#####[{"Plan": {"Node Type": "Aggregate", "Strategy": "Plain", "Partial Mode": "Simple", "Parallel Aware": false, "Startup Cost": 145999.41, "Total Cost": 145999.42, "Plan Rows": 1, "Plan Width": 8, "Actual Startup Time": 652.461, "Actual Total Time": 652.467, "Actual Rows": 1, "Actual Loops": 1, "Output": ["count(*)"], "Plans": [{"Node Type": "Merge Join", "Parent Relationship": "Outer", "Parallel Aware": false, "Join Type": "Inner", "Startup Cost": 52092.07, "Total Cost": 133174.89, "Plan Rows": 5129809, "Plan Width": 0, "Actual Startup Time": 183.925, "Actual Total Time": 553.979, "Actual Rows": 2630146, "Actual Loops": 1, "Inner Unique": false, "Merge Cond": "(v.userid = c.userid)", "Plans": [{"Node Type": "Index Scan", "Parent Relationship": "Outer", "Parallel Aware": false, "Scan Direction": "Forward", "Index Name": "idx_votes_userid", "Relation Name": "votes", "Schema": "public", "Alias": "v", "Startup Cost": 0.3, "Total Cost": 13182.85, "Plan Rows": 324603, "Plan Width": 4, "Actual Startup Time": 0.171, "Actual Total Time": 73.056, "Actual Rows": 326551, "Actual Loops": 1, "Output": ["v.id", "v.postid", "v.votetypeid", "v.creationdate", "v.userid", "v.bountyamount"], "Filter": "((v.bountyamount <= 50) AND (v.creationdate <= 1410624000) AND (v.creationdate >= 1279641600))", "Rows Removed by Filter": 1319}, {"Node Type": "Materialize", "Parent Relationship": "Inner", "Parallel Aware": false, "Startup Cost": 39588.5, "Total Cost": 42398.97, "Plan Rows": 65665, "Plan Width": 8, "Actual Startup Time": 120.053, "Actual Total Time": 232.089, "Actual Rows": 2637216, "Actual Loops": 1, "Output": ["c.userid", "u.id"], "Plans": [{"Node Type": "Merge Join", "Parent Relationship": "Outer", "Parallel Aware": false, "Join Type": "Inner", "Startup Cost": 39588.5, "Total Cost": 42234.81, "Plan Rows": 65665, "Plan Width": 8, "Actual Startup Time": 120.05, "Actual Total Time": 136.437, "Actual Rows": 29168, "Actual Loops": 1, "Output": ["c.userid", "u.id"], "Inner Unique": false, "Merge Cond": "(u.id = c.userid)", "Plans": [{"Node Type": "Index Scan", "Parent Relationship": "Outer", "Parallel Aware": false, "Scan Direction": "Forward", "Index Name": "users_pkey", "Relation Name": "users", "Schema": "public", "Alias": "u", "Startup Cost": 0.29, "Total Cost": 1558.79, "Plan Rows": 38983, "Plan Width": 4, "Actual Startup Time": 0.008, "Actual Total Time": 7.392, "Actual Rows": 38951, "Actual Loops": 1, "Output": ["u.id", "u.reputation", "u.creationdate", "u.views", "u.upvotes", "u.downvotes"], "Filter": "((u.creationdate <= 1408455194) AND (u.views >= 0))", "Rows Removed by Filter": 1374}, {"Node Type": "Sort", "Parent Relationship": "Inner", "Parallel Aware": false, "Startup Cost": 39582.32, "Total Cost": 39752.14, "Plan Rows": 67926, "Plan Width": 4, "Actual Startup Time": 119.938, "Actual Total Time": 123.488, "Actual Rows": 29660, "Actual Loops": 1, "Output": ["c.userid"], "Sort Key": ["c.userid"], "Sort Method": "quicksort", "Sort Space Used": 2159, "Sort Space Type": "Memory", "Plans": [{"Node Type": "Hash Join", "Parent Relationship": "Outer", "Parallel Aware": false, "Join Type": "Inner", "Startup Cost": 29306.91, "Total Cost": 34130.69, "Plan Rows": 67926, "Plan Width": 4, "Actual Startup Time": 79.159, "Actual Total Time": 114.918, "Actual Rows": 29662, "Actual Loops": 1, "Output": ["c.userid"], "Inner Unique": false, "Hash Cond": "(c.postid = p.id)", "Plans": [{"Node Type": "Seq Scan", "Parent Relationship": "Outer", "Parallel Aware": false, "Relation Name": "comments", "Schema": "public", "Alias": "c", "Startup Cost": 0.0, "Total Cost": 3896.57, "Plan Rows": 172448, "Plan Width": 8, "Actual Startup Time": 0.065, "Actual Total Time": 20.646, "Actual Rows": 173652, "Actual Loops": 1, "Output": ["c.id", "c.postid", "c.score", "c.creationdate", "c.userid"], "Filter": "((c.creationdate <= 1410542776) AND (c.creationdate >= 1280146875))", "Rows Removed by Filter": 653}, {"Node Type": "Hash", "Parent Relationship": "Inner", "Parallel Aware": false, "Startup Cost": 29119.88, "Total Cost": 29119.88, "Plan Rows": 14962, "Plan Width": 12, "Actual Startup Time": 79.05, "Actual Total Time": 79.053, "Actual Rows": 10170, "Actual Loops": 1, "Output": ["ph.postid", "pl.postid", "p.id"], "Hash Buckets": 16384, "Original Hash Buckets": 16384, "Hash Batches": 1, "Original Hash Batches": 1, "Peak Memory Usage": 565, "Plans": [{"Node Type": "Hash Join", "Parent Relationship": "Outer", "Parallel Aware": false, "Join Type": "Inner", "Startup Cost": 4285.7, "Total Cost": 29119.88, "Plan Rows": 14962, "Plan Width": 12, "Actual Startup Time": 28.918, "Actual Total Time": 77.317, "Actual Rows": 10170, "Actual Loops": 1, "Output": ["ph.postid", "pl.postid", "p.id"], "Inner Unique": true, "Hash Cond": "(ph.postid = p.id)", "Plans": [{"Node Type": "Hash Join", "Parent Relationship": "Outer", "Parallel Aware": false, "Join Type": "Inner", "Startup Cost": 331.79, "Total Cost": 8927.06, "Plan Rows": 1521800, "Plan Width": 8, "Actual Startup Time": 2.354, "Actual Total Time": 42.624, "Actual Rows": 10684, "Actual Loops": 1, "Output": ["ph.postid", "pl.postid"], "Inner Unique": false, "Hash Cond": "(ph.postid = pl.postid)", "Plans": [{"Node Type": "Seq Scan", "Parent Relationship": "Outer", "Parallel Aware": false, "Relation Name": "posthistory", "Schema": "public", "Alias": "ph", "Startup Cost": 0.0, "Total Cost": 6777.8, "Plan Rows": 88815, "Plan Width": 4, "Actual Startup Time": 0.017, "Actual Total Time": 30.824, "Actual Rows": 88076, "Actual Loops": 1, "Output": ["ph.id", "ph.posthistorytypeid", "ph.postid", "ph.creationdate", "ph.userid"], "Filter": "((ph.creationdate <= 1407384360) AND (ph.posthistorytypeid = 2))", "Rows Removed by Filter": 215111}, {"Node Type": "Hash", "Parent Relationship": "Inner", "Parallel Aware": false, "Startup Cost": 193.02, "Total Cost": 193.02, "Plan Rows": 11102, "Plan Width": 4, "Actual Startup Time": 2.252, "Actual Total Time": 2.253, "Actual Rows": 11102, "Actual Loops": 1, "Output": ["pl.postid"], "Hash Buckets": 16384, "Original Hash Buckets": 16384, "Hash Batches": 1, "Original Hash Batches": 1, "Peak Memory Usage": 519, "Plans": [{"Node Type": "Seq Scan", "Parent Relationship": "Outer", "Parallel Aware": false, "Relation Name": "postlinks", "Schema": "public", "Alias": "pl", "Startup Cost": 0.0, "Total Cost": 193.02, "Plan Rows": 11102, "Plan Width": 4, "Actual Startup Time": 0.004, "Actual Total Time": 1.053, "Actual Rows": 11102, "Actual Loops": 1, "Output": ["pl.postid"]}]}]}, {"Node Type": "Hash", "Parent Relationship": "Inner", "Parallel Aware": false, "Startup Cost": 2469.58, "Total Cost": 2469.58, "Plan Rows": 90426, "Plan Width": 4, "Actual Startup Time": 26.071, "Actual Total Time": 26.071, "Actual Rows": 90377, "Actual Loops": 1, "Output": ["p.id"], "Hash Buckets": 131072, "Original Hash Buckets": 131072, "Hash Batches": 2, "Original Hash Batches": 2, "Peak Memory Usage": 2613, "Plans": [{"Node Type": "Seq Scan", "Parent Relationship": "Outer", "Parallel Aware": false, "Relation Name": "posts", "Schema": "public", "Alias": "p", "Startup Cost": 0.0, "Total Cost": 2469.58, "Plan Rows": 90426, "Plan Width": 4, "Actual Startup Time": 0.011, "Actual Total Time": 13.845, "Actual Rows": 90377, "Actual Loops": 1, "Output": ["p.id"], "Filter": "((p.commentcount <= 13) AND (p.score <= 19) AND (p.score >= '-1'::integer))", "Rows Removed by Filter": 1599}]}]}]}]}]}]}]}]}]}, "Planning Time": 192.194, "Triggers": [], "Execution Time": 652.81}]
q89#####[{"Plan": {"Node Type": "Aggregate", "Strategy": "Plain", "Partial Mode": "Simple", "Parallel Aware": false, "Startup Cost": 253265.07, "Total Cost": 253265.08, "Plan Rows": 1, "Plan Width": 8, "Actual Startup Time": 2831.756, "Actual Total Time": 2831.76, "Actual Rows": 1, "Actual Loops": 1, "Output": ["count(*)"], "Plans": [{"Node Type": "Merge Join", "Parent Relationship": "Outer", "Parallel Aware": false, "Join Type": "Inner", "Startup Cost": 47801.49, "Total Cost": 224616.11, "Plan Rows": 11459583, "Plan Width": 0, "Actual Startup Time": 234.501, "Actual Total Time": 2234.924, "Actual Rows": 16049150, "Actual Loops": 1, "Inner Unique": false, "Merge Cond": "(b.userid = p.owneruserid)", "Plans": [{"Node Type": "Merge Join", "Parent Relationship": "Outer", "Parallel Aware": false, "Join Type": "Inner", "Startup Cost": 0.62, "Total Cost": 4442.95, "Plan Rows": 79851, "Plan Width": 8, "Actual Startup Time": 0.023, "Actual Total Time": 27.153, "Actual Rows": 79851, "Actual Loops": 1, "Output": ["b.userid", "u.id"], "Inner Unique": true, "Merge Cond": "(b.userid = u.id)", "Plans": [{"Node Type": "Index Only Scan", "Parent Relationship": "Outer", "Parallel Aware": false, "Scan Direction": "Forward", "Index Name": "idx_badges_userid", "Relation Name": "badges", "Schema": "public", "Alias": "b", "Startup Cost": 0.29, "Total Cost": 1886.06, "Plan Rows": 79851, "Plan Width": 4, "Actual Startup Time": 0.008, "Actual Total Time": 7.907, "Actual Rows": 79851, "Actual Loops": 1, "Output": ["b.userid"], "Heap Fetches": 0}, {"Node Type": "Index Scan", "Parent Relationship": "Inner", "Parallel Aware": false, "Scan Direction": "Forward", "Index Name": "users_pkey", "Relation Name": "users", "Schema": "public", "Alias": "u", "Startup Cost": 0.29, "Total Cost": 1457.98, "Plan Rows": 40325, "Plan Width": 4, "Actual Startup Time": 0.013, "Actual Total Time": 7.73, "Actual Rows": 40324, "Actual Loops": 1, "Output": ["u.id", "u.reputation", "u.creationdate", "u.views", "u.upvotes", "u.downvotes"], "Filter": "(u.reputation >= 1)", "Rows Removed by Filter": 0}]}, {"Node Type": "Materialize", "Parent Relationship": "Inner", "Parallel Aware": false, "Startup Cost": 47265.66, "Total Cost": 48894.32, "Plan Rows": 325731, "Plan Width": 4, "Actual Startup Time": 233.211, "Actual Total Time": 823.274, "Actual Rows": 16055527, "Actual Loops": 1, "Output": ["p.owneruserid"], "Plans": [{"Node Type": "Sort", "Parent Relationship": "Outer", "Parallel Aware": false, "Startup Cost": 47265.66, "Total Cost": 48079.99, "Plan Rows": 325731, "Plan Width": 4, "Actual Startup Time": 233.208, "Actual Total Time": 261.571, "Actual Rows": 289619, "Actual Loops": 1, "Output": ["p.owneruserid"], "Sort Key": ["p.owneruserid"], "Sort Method": "external merge", "Sort Space Used": 4000, "Sort Space Type": "Disk", "Plans": [{"Node Type": "Hash Join", "Parent Relationship": "Outer", "Parallel Aware": false, "Join Type": "Inner", "Startup Cost": 3508.23, "Total Cost": 12984.08, "Plan Rows": 325731, "Plan Width": 4, "Actual Startup Time": 34.671, "Actual Total Time": 157.337, "Actual Rows": 289619, "Actual Loops": 1, "Output": ["p.owneruserid"], "Inner Unique": true, "Hash Cond": "(v.postid = p.id)", "Plans": [{"Node Type": "Seq Scan", "Parent Relationship": "Outer", "Parallel Aware": false, "Relation Name": "votes", "Schema": "public", "Alias": "v", "Startup Cost": 0.0, "Total Cost": 5693.64, "Plan Rows": 328064, "Plan Width": 4, "Actual Startup Time": 0.014, "Actual Total Time": 33.288, "Actual Rows": 328064, "Actual Loops": 1, "Output": ["v.postid"]}, {"Node Type": "Hash", "Parent Relationship": "Inner", "Parallel Aware": false, "Startup Cost": 2009.7, "Total Cost": 2009.7, "Plan Rows": 91322, "Plan Width": 8, "Actual Startup Time": 34.084, "Actual Total Time": 34.084, "Actual Rows": 91231, "Actual Loops": 1, "Output": ["p.owneruserid", "p.id"], "Hash Buckets": 131072, "Original Hash Buckets": 131072, "Hash Batches": 2, "Original Hash Batches": 2, "Peak Memory Usage": 2812, "Plans": [{"Node Type": "Seq Scan", "Parent Relationship": "Outer", "Parallel Aware": false, "Relation Name": "posts", "Schema": "public", "Alias": "p", "Startup Cost": 0.0, "Total Cost": 2009.7, "Plan Rows": 91322, "Plan Width": 8, "Actual Startup Time": 0.009, "Actual Total Time": 14.098, "Actual Rows": 91231, "Actual Loops": 1, "Output": ["p.owneruserid", "p.id"], "Filter": "(p.score <= 22)", "Rows Removed by Filter": 745}]}]}]}]}]}]}, "Planning Time": 146.244, "Triggers": [], "Execution Time": 2832.549}]
q62#####[{"Plan": {"Node Type": "Aggregate", "Strategy": "Plain", "Partial Mode": "Simple", "Parallel Aware": false, "Startup Cost": 25145.14, "Total Cost": 25145.15, "Plan Rows": 1, "Plan Width": 8, "Actual Startup Time": 366.472, "Actual Total Time": 366.479, "Actual Rows": 1, "Actual Loops": 1, "Output": ["count(*)"], "Plans": [{"Node Type": "Hash Join", "Parent Relationship": "Outer", "Parallel Aware": false, "Join Type": "Inner", "Startup Cost": 16164.78, "Total Cost": 23455.06, "Plan Rows": 676030, "Plan Width": 0, "Actual Startup Time": 183.067, "Actual Total Time": 333.638, "Actual Rows": 914532, "Actual Loops": 1, "Inner Unique": false, "Hash Cond": "(c.postid = p.id)", "Plans": [{"Node Type": "Seq Scan", "Parent Relationship": "Outer", "Parallel Aware": false, "Relation Name": "comments", "Schema": "public", "Alias": "c", "Startup Cost": 0.0, "Total Cost": 3460.81, "Plan Rows": 173582, "Plan Width": 4, "Actual Startup Time": 0.014, "Actual Total Time": 19.965, "Actual Rows": 173566, "Actual Loops": 1, "Output": ["c.postid"], "Filter": "(c.creationdate <= 1410288155)", "Rows Removed by Filter": 739}, {"Node Type": "Hash", "Parent Relationship": "Inner", "Parallel Aware": false, "Startup Cost": 14991.26, "Total Cost": 14991.26, "Plan Rows": 67482, "Plan Width": 16, "Actual Startup Time": 181.951, "Actual Total Time": 181.956, "Actual Rows": 227018, "Actual Loops": 1, "Output": ["ph.postid", "pl.postid", "p.id", "v.postid"], "Hash Buckets": 131072, "Original Hash Buckets": 131072, "Hash Batches": 4, "Original Hash Batches": 2, "Peak Memory Usage": 3612, "Plans": [{"Node Type": "Hash Join", "Parent Relationship": "Outer", "Parallel Aware": false, "Join Type": "Inner", "Startup Cost": 6821.97, "Total Cost": 14991.26, "Plan Rows": 67482, "Plan Width": 16, "Actual Startup Time": 62.532, "Actual Total Time": 147.922, "Actual Rows": 227018, "Actual Loops": 1, "Output": ["ph.postid", "pl.postid", "p.id", "v.postid"], "Inner Unique": false, "Hash Cond": "(v.postid = p.id)", "Plans": [{"Node Type": "Seq Scan", "Parent Relationship": "Outer", "Parallel Aware": false, "Relation Name": "votes", "Schema": "public", "Alias": "v", "Startup Cost": 0.0, "Total Cost": 6513.8, "Plan Rows": 261511, "Plan Width": 4, "Actual Startup Time": 0.018, "Actual Total Time": 33.261, "Actual Rows": 262116, "Actual Loops": 1, "Output": ["v.id", "v.postid", "v.votetypeid", "v.creationdate", "v.userid", "v.bountyamount"], "Filter": "(v.votetypeid = 2)", "Rows Removed by Filter": 65948}, {"Node Type": "Hash", "Parent Relationship": "Inner", "Parallel Aware": false, "Startup Cost": 6525.3, "Total Cost": 6525.3, "Plan Rows": 23734, "Plan Width": 12, "Actual Startup Time": 61.978, "Actual Total Time": 61.982, "Actual Rows": 60742, "Actual Loops": 1, "Output": ["ph.postid", "pl.postid", "p.id"], "Hash Buckets": 65536, "Original Hash Buckets": 32768, "Hash Batches": 1, "Original Hash Batches": 1, "Peak Memory Usage": 3123, "Plans": [{"Node Type": "Nested Loop", "Parent Relationship": "Outer", "Parallel Aware": false, "Join Type": "Inner", "Startup Cost": 3225.22, "Total Cost": 6525.3, "Plan Rows": 23734, "Plan Width": 12, "Actual Startup Time": 26.98, "Actual Total Time": 53.166, "Actual Rows": 60742, "Actual Loops": 1, "Output": ["ph.postid", "pl.postid", "p.id"], "Inner Unique": false, "Plans": [{"Node Type": "Hash Join", "Parent Relationship": "Outer", "Parallel Aware": false, "Join Type": "Inner", "Startup Cost": 3224.8, "Total Cost": 3446.96, "Plan Rows": 5072, "Plan Width": 8, "Actual Startup Time": 26.945, "Actual Total Time": 31.091, "Actual Rows": 10692, "Actual Loops": 1, "Output": ["pl.postid", "p.id"], "Inner Unique": true, "Hash Cond": "(pl.postid = p.id)", "Plans": [{"Node Type": "Seq Scan", "Parent Relationship": "Outer", "Parallel Aware": false, "Relation Name": "postlinks", "Schema": "public", "Alias": "pl", "Startup Cost": 0.0, "Total Cost": 193.02, "Plan Rows": 11102, "Plan Width": 4, "Actual Startup Time": 0.01, "Actual Total Time": 0.66, "Actual Rows": 11102, "Actual Loops": 1, "Output": ["pl.id", "pl.creationdate", "pl.postid", "pl.relatedpostid", "pl.linktypeid"]}, {"Node Type": "Hash", "Parent Relationship": "Inner", "Parallel Aware": false, "Startup Cost": 2699.52, "Total Cost": 2699.52, "Plan Rows": 42022, "Plan Width": 4, "Actual Startup Time": 26.552, "Actual Total Time": 26.553, "Actual Rows": 42104, "Actual Loops": 1, "Output": ["p.id"], "Hash Buckets": 65536, "Original Hash Buckets": 65536, "Hash Batches": 1, "Original Hash Batches": 1, "Peak Memory Usage": 1993, "Plans": [{"Node Type": "Seq Scan", "Parent Relationship": "Outer", "Parallel Aware": false, "Relation Name": "posts", "Schema": "public", "Alias": "p", "Startup Cost": 0.0, "Total Cost": 2699.52, "Plan Rows": 42022, "Plan Width": 4, "Actual Startup Time": 0.156, "Actual Total Time": 15.411, "Actual Rows": 42104, "Actual Loops": 1, "Output": ["p.id"], "Filter": "((p.answercount >= 0) AND (p.creationdate >= 1280390241) AND (p.score >= '-1'::integer) AND (p.viewcount <= 5896))", "Rows Removed by Filter": 49872}]}]}, {"Node Type": "Index Only Scan", "Parent Relationship": "Inner", "Parallel Aware": false, "Scan Direction": "Forward", "Index Name": "idx_posthistory_postid", "Relation Name": "posthistory", "Schema": "public", "Alias": "ph", "Startup Cost": 0.42, "Total Cost": 0.56, "Plan Rows": 5, "Plan Width": 4, "Actual Startup Time": 0.001, "Actual Total Time": 0.002, "Actual Rows": 6, "Actual Loops": 10692, "Output": ["ph.postid"], "Index Cond": "(ph.postid = p.id)", "Rows Removed by Index Recheck": 0, "Heap Fetches": 0}]}]}]}]}]}]}, "Planning Time": 168.909, "Triggers": [], "Execution Time": 366.613}]
q76#####[{"Plan": {"Node Type": "Aggregate", "Strategy": "Plain", "Partial Mode": "Simple", "Parallel Aware": false, "Startup Cost": 572951.76, "Total Cost": 572951.77, "Plan Rows": 1, "Plan Width": 8, "Actual Startup Time": 10741.619, "Actual Total Time": 10741.622, "Actual Rows": 1, "Actual Loops": 1, "Output": ["count(*)"], "Plans": [{"Node Type": "Merge Join", "Parent Relationship": "Outer", "Parallel Aware": false, "Join Type": "Inner", "Startup Cost": 3.22, "Total Cost": 456710.05, "Plan Rows": 46496681, "Plan Width": 0, "Actual Startup Time": 0.086, "Actual Total Time": 9341.284, "Actual Rows": 38686327, "Actual Loops": 1, "Inner Unique": false, "Merge Cond": "(c.postid = p.id)", "Plans": [{"Node Type": "Index Only Scan", "Parent Relationship": "Outer", "Parallel Aware": false, "Scan Direction": "Forward", "Index Name": "idx_comments_postid", "Relation Name": "comments", "Schema": "public", "Alias": "c", "Startup Cost": 0.42, "Total Cost": 4354.99, "Plan Rows": 174305, "Plan Width": 4, "Actual Startup Time": 0.015, "Actual Total Time": 15.514, "Actual Rows": 174305, "Actual Loops": 1, "Output": ["c.postid"], "Heap Fetches": 0}, {"Node Type": "Materialize", "Parent Relationship": "Inner", "Parallel Aware": false, "Startup Cost": 2.77, "Total Cost": 247504.98, "Plan Rows": 7884518, "Plan Width": 12, "Actual Startup Time": 0.069, "Actual Total Time": 5779.376, "Actual Rows": 42104236, "Actual Loops": 1, "Output": ["p.id", "ph.postid", "v.postid"], "Plans": [{"Node Type": "Merge Join", "Parent Relationship": "Outer", "Parallel Aware": false, "Join Type": "Inner", "Startup Cost": 2.77, "Total Cost": 227793.68, "Plan Rows": 7884518, "Plan Width": 12, "Actual Startup Time": 0.068, "Actual Total Time": 2577.094, "Actual Rows": 12139474, "Actual Loops": 1, "Output": ["p.id", "ph.postid", "v.postid"], "Inner Unique": false, "Merge Cond": "(p.id = ph.postid)", "Plans": [{"Node Type": "Nested Loop", "Parent Relationship": "Outer", "Parallel Aware": false, "Join Type": "Inner", "Startup Cost": 0.88, "Total Cost": 20145.41, "Plan Rows": 670587, "Plan Width": 4, "Actual Startup Time": 0.03, "Actual Total Time": 231.059, "Actual Rows": 409126, "Actual Loops": 1, "Output": ["p.id"], "Inner Unique": false, "Join Filter": "(p.owneruserid = b.userid)", "Rows Removed by Join Filter": 0, "Plans": [{"Node Type": "Nested Loop", "Parent Relationship": "Outer", "Parallel Aware": false, "Join Type": "Inner", "Startup Cost": 0.58, "Total Cost": 11957.54, "Plan Rows": 19061, "Plan Width": 12, "Actual Startup Time": 0.022, "Actual Total Time": 103.512, "Actual Rows": 40508, "Actual Loops": 1, "Output": ["p.owneruserid", "p.id", "u.id"], "Inner Unique": true, "Plans": [{"Node Type": "Index Scan", "Parent Relationship": "Outer", "Parallel Aware": false, "Scan Direction": "Forward", "Index Name": "posts_pkey", "Relation Name": "posts", "Schema": "public", "Alias": "p", "Startup Cost": 0.29, "Total Cost": 4408.63, "Plan Rows": 19061, "Plan Width": 8, "Actual Startup Time": 0.014, "Actual Total Time": 24.388, "Actual Rows": 41177, "Actual Loops": 1, "Output": ["p.id", "p.posttypeid", "p.creationdate", "p.score", "p.viewcount", "p.owneruserid", "p.answercount", "p.commentcount", "p.favoritecount", "p.lasteditoruserid"], "Filter": "((p.answercount <= 5) AND (p.score <= 192) AND (p.viewcount <= 2772) AND (p.viewcount >= 0) AND (p.posttypeid = 1))", "Rows Removed by Filter": 50799}, {"Node Type": "Index Scan", "Parent Relationship": "Inner", "Parallel Aware": false, "Scan Direction": "Forward", "Index Name": "users_pkey", "Relation Name": "users", "Schema": "public", "Alias": "u", "Startup Cost": 0.29, "Total Cost": 0.4, "Plan Rows": 1, "Plan Width": 4, "Actual Startup Time": 0.002, "Actual Total Time": 0.002, "Actual Rows": 1, "Actual Loops": 41177, "Output": ["u.id", "u.reputation", "u.creationdate", "u.views", "u.upvotes", "u.downvotes"], "Index Cond": "(u.id = p.owneruserid)", "Rows Removed by Index Recheck": 0, "Filter": "(u.downvotes >= 0)", "Rows Removed by Filter": 0}]}, {"Node Type": "Index Only Scan", "Parent Relationship": "Inner", "Parallel Aware": false, "Scan Direction": "Forward", "Index Name": "idx_badges_userid", "Relation Name": "badges", "Schema": "public", "Alias": "b", "Startup Cost": 0.29, "Total Cost": 0.38, "Plan Rows": 4, "Plan Width": 4, "Actual Startup Time": 0.001, "Actual Total Time": 0.002, "Actual Rows": 10, "Actual Loops": 40508, "Output": ["b.userid"], "Index Cond": "(b.userid = u.id)", "Rows Removed by Index Recheck": 0, "Heap Fetches": 0}]}, {"Node Type": "Materialize", "Parent Relationship": "Inner", "Parallel Aware": false, "Startup Cost": 1.47, "Total Cost": 41925.75, "Plan Rows": 1535103, "Plan Width": 8, "Actual Startup Time": 0.037, "Actual Total Time": 848.381, "Actual Rows": 12788225, "Actual Loops": 1, "Output": ["ph.postid", "v.postid"], "Plans": [{"Node Type": "Merge Join", "Parent Relationship": "Outer", "Parallel Aware": false, "Join Type": "Inner", "Startup Cost": 1.47, "Total Cost": 38088.0, "Plan Rows": 1535103, "Plan Width": 8, "Actual Startup Time": 0.036, "Actual Total Time": 295.11, "Actual Rows": 1331347, "Actual Loops": 1, "Output": ["ph.postid", "v.postid"], "Inner Unique": false, "Merge Cond": "(v.postid = ph.postid)", "Plans": [{"Node Type": "Index Only Scan", "Parent Relationship": "Outer", "Parallel Aware": false, "Scan Direction": "Forward", "Index Name": "idx_votes_postid", "Relation Name": "votes", "Schema": "public", "Alias": "v", "Startup Cost": 0.42, "Total Cost": 7721.38, "Plan Rows": 328064, "Plan Width": 4, "Actual Startup Time": 0.01, "Actual Total Time": 28.039, "Actual Rows": 328064, "Actual Loops": 1, "Output": ["v.postid"], "Heap Fetches": 0}, {"Node Type": "Materialize", "Parent Relationship": "Inner", "Parallel Aware": false, "Startup Cost": 0.42, "Total Cost": 7278.19, "Plan Rows": 303187, "Plan Width": 4, "Actual Startup Time": 0.024, "Actual Total Time": 104.166, "Actual Rows": 1374831, "Actual Loops": 1, "Output": ["ph.postid"], "Plans": [{"Node Type": "Index Only Scan", "Parent Relationship": "Outer", "Parallel Aware": false, "Scan Direction": "Forward", "Index Name": "idx_posthistory_postid", "Relation Name": "posthistory", "Schema": "public", "Alias": "ph", "Startup Cost": 0.42, "Total Cost": 6520.23, "Plan Rows": 303187, "Plan Width": 4, "Actual Startup Time": 0.021, "Actual Total Time": 27.531, "Actual Rows": 303184, "Actual Loops": 1, "Output": ["ph.postid"], "Heap Fetches": 0}]}]}]}]}]}]}]}, "Planning Time": 259.889, "Triggers": [], "Execution Time": 10747.406}]
q60#####[{"Plan": {"Node Type": "Aggregate", "Strategy": "Plain", "Partial Mode": "Simple", "Parallel Aware": false, "Startup Cost": 353862.7, "Total Cost": 353862.71, "Plan Rows": 1, "Plan Width": 8, "Actual Startup Time": 1001.726, "Actual Total Time": 1001.731, "Actual Rows": 1, "Actual Loops": 1, "Output": ["count(*)"], "Plans": [{"Node Type": "Hash Join", "Parent Relationship": "Outer", "Parallel Aware": false, "Join Type": "Inner", "Startup Cost": 9092.56, "Total Cost": 16958.73, "Plan Rows": 134761591, "Plan Width": 0, "Actual Startup Time": 420.782, "Actual Total Time": 967.506, "Actual Rows": 986987, "Actual Loops": 1, "Inner Unique": false, "Hash Cond": "(ph.userid = b.userid)", "Plans": [{"Node Type": "Hash Join", "Parent Relationship": "Outer", "Parallel Aware": false, "Join Type": "Inner", "Startup Cost": 1503.5, "Total Cost": 9058.46, "Plan Rows": 2941, "Plan Width": 8, "Actual Startup Time": 14.631, "Actual Total Time": 91.168, "Actual Rows": 167503, "Actual Loops": 1, "Output": ["ph.userid", "u.id"], "Inner Unique": true, "Hash Cond": "(ph.userid = u.id)", "Plans": [{"Node Type": "Seq Scan", "Parent Relationship": "Outer", "Parallel Aware": false, "Relation Name": "posthistory", "Schema": "public", "Alias": "ph", "Startup Cost": 0.0, "Total Cost": 6777.8, "Plan Rows": 296031, "Plan Width": 4, "Actual Startup Time": 1.147, "Actual Total Time": 37.577, "Actual Rows": 295642, "Actual Loops": 1, "Output": ["ph.id", "ph.posthistorytypeid", "ph.postid", "ph.creationdate", "ph.userid"], "Filter": "((ph.creationdate <= 1409751997) AND (ph.creationdate >= 1282193155))", "Rows Removed by Filter": 7545}, {"Node Type": "Hash", "Parent Relationship": "Inner", "Parallel Aware": false, "Startup Cost": 1002.69, "Total Cost": 1002.69, "Plan Rows": 40065, "Plan Width": 4, "Actual Startup Time": 13.293, "Actual Total Time": 13.294, "Actual Rows": 40068, "Actual Loops": 1, "Output": ["u.id"], "Hash Buckets": 65536, "Original Hash Buckets": 65536, "Hash Batches": 1, "Original Hash Batches": 1, "Peak Memory Usage": 1921, "Plans": [{"Node Type": "Seq Scan", "Parent Relationship": "Outer", "Parallel Aware": false, "Relation Name": "users", "Schema": "public", "Alias": "u", "Startup Cost": 0.0, "Total Cost": 1002.69, "Plan Rows": 40065, "Plan Width": 4, "Actual Startup Time": 0.015, "Actual Total Time": 7.119, "Actual Rows": 40068, "Actual Loops": 1, "Output": ["u.id"], "Filter": "((u.reputation <= 1183) AND (u.reputation >= 1) AND (u.views >= 0))", "Rows Removed by Filter": 257}]}]}, {"Node Type": "Hash", "Parent Relationship": "Inner", "Parallel Aware": false, "Startup Cost": 7497.61, "Total Cost": 7497.61, "Plan Rows": 7316, "Plan Width": 8, "Actual Startup Time": 405.893, "Actual Total Time": 405.895, "Actual Rows": 1331833, "Actual Loops": 1, "Output": ["b.userid", "c.userid"], "Hash Buckets": 131072, "Original Hash Buckets": 8192, "Hash Batches": 512, "Original Hash Batches": 1, "Peak Memory Usage": 25383, "Plans": [{"Node Type": "Nested Loop", "Parent Relationship": "Outer", "Parallel Aware": false, "Join Type": "Inner", "Startup Cost": 0.29, "Total Cost": 7497.61, "Plan Rows": 7316, "Plan Width": 8, "Actual Startup Time": 0.035, "Actual Total Time": 219.519, "Actual Rows": 1331833, "Actual Loops": 1, "Output": ["b.userid", "c.userid"], "Inner Unique": false, "Plans": [{"Node Type": "Seq Scan", "Parent Relationship": "Outer", "Parallel Aware": false, "Relation Name": "comments", "Schema": "public", "Alias": "c", "Startup Cost": 0.0, "Total Cost": 3460.81, "Plan Rows": 8320, "Plan Width": 4, "Actual Startup Time": 0.014, "Actual Total Time": 15.644, "Actual Rows": 8362, "Actual Loops": 1, "Output": ["c.id", "c.postid", "c.score", "c.creationdate", "c.userid"], "Filter": "(c.score = 2)", "Rows Removed by Filter": 165943}, {"Node Type": "Index Only Scan", "Parent Relationship": "Inner", "Parallel Aware": false, "Scan Direction": "Forward", "Index Name": "idx_badges_userid", "Relation Name": "badges", "Schema": "public", "Alias": "b", "Startup Cost": 0.29, "Total Cost": 0.45, "Plan Rows": 4, "Plan Width": 4, "Actual Startup Time": 0.002, "Actual Total Time": 0.012, "Actual Rows": 159, "Actual Loops": 8362, "Output": ["b.userid"], "Index Cond": "(b.userid = c.userid)", "Rows Removed by Index Recheck": 0, "Heap Fetches": 0}]}]}]}]}, "Planning Time": 127.495, "Triggers": [], "Execution Time": 1002.047}]
q74#####[{"Plan": {"Node Type": "Aggregate", "Strategy": "Plain", "Partial Mode": "Simple", "Parallel Aware": false, "Startup Cost": 42800.95, "Total Cost": 42800.96, "Plan Rows": 1, "Plan Width": 8, "Actual Startup Time": 1759.271, "Actual Total Time": 1759.274, "Actual Rows": 1, "Actual Loops": 1, "Output": ["count(*)"], "Plans": [{"Node Type": "Nested Loop", "Parent Relationship": "Outer", "Parallel Aware": false, "Join Type": "Inner", "Startup Cost": 1357.22, "Total Cost": 11794.98, "Plan Rows": 12402389, "Plan Width": 0, "Actual Startup Time": 9.476, "Actual Total Time": 1354.519, "Actual Rows": 10862842, "Actual Loops": 1, "Inner Unique": false, "Plans": [{"Node Type": "Hash Join", "Parent Relationship": "Outer", "Parallel Aware": false, "Join Type": "Inner", "Startup Cost": 1356.92, "Total Cost": 8730.49, "Plan Rows": 2956, "Plan Width": 8, "Actual Startup Time": 9.455, "Actual Total Time": 74.523, "Actual Rows": 33533, "Actual Loops": 1, "Output": ["u.id", "v.userid"], "Inner Unique": true, "Hash Cond": "(v.userid = u.id)", "Plans": [{"Node Type": "Seq Scan", "Parent Relationship": "Outer", "Parallel Aware": false, "Relation Name": "votes", "Schema": "public", "Alias": "v", "Startup Cost": 0.0, "Total Cost": 6513.8, "Plan Rows": 327497, "Plan Width": 4, "Actual Startup Time": 0.02, "Actual Total Time": 36.738, "Actual Rows": 327569, "Actual Loops": 1, "Output": ["v.id", "v.postid", "v.votetypeid", "v.creationdate", "v.userid", "v.bountyamount"], "Filter": "(v.creationdate <= 1410364800)", "Rows Removed by Filter": 495}, {"Node Type": "Hash", "Parent Relationship": "Inner", "Parallel Aware": false, "Startup Cost": 901.88, "Total Cost": 901.88, "Plan Rows": 36404, "Plan Width": 4, "Actual Startup Time": 9.277, "Actual Total Time": 9.278, "Actual Rows": 36356, "Actual Loops": 1, "Output": ["u.id"], "Hash Buckets": 65536, "Original Hash Buckets": 65536, "Hash Batches": 1, "Original Hash Batches": 1, "Peak Memory Usage": 1791, "Plans": [{"Node Type": "Seq Scan", "Parent Relationship": "Outer", "Parallel Aware": false, "Relation Name": "users", "Schema": "public", "Alias": "u", "Startup Cost": 0.0, "Total Cost": 901.88, "Plan Rows": 36404, "Plan Width": 4, "Actual Startup Time": 0.016, "Actual Total Time": 4.941, "Actual Rows": 36356, "Actual Loops": 1, "Output": ["u.id"], "Filter": "((u.creationdate <= 1404909430) AND (u.creationdate >= 1279541508))", "Rows Removed by Filter": 3969}]}]}, {"Node Type": "Index Only Scan", "Parent Relationship": "Inner", "Parallel Aware": false, "Scan Direction": "Forward", "Index Name": "idx_comments_userid", "Relation Name": "comments", "Schema": "public", "Alias": "c", "Startup Cost": 0.29, "Total Cost": 0.78, "Plan Rows": 26, "Plan Width": 4, "Actual Startup Time": 0.002, "Actual Total Time": 0.02, "Actual Rows": 324, "Actual Loops": 33533, "Output": ["c.userid"], "Index Cond": "(c.userid = u.id)", "Rows Removed by Index Recheck": 0, "Heap Fetches": 0}]}]}, "Planning Time": 55.853, "Triggers": [], "Execution Time": 1759.381}]
q48#####[{"Plan": {"Node Type": "Aggregate", "Strategy": "Plain", "Partial Mode": "Simple", "Parallel Aware": false, "Startup Cost": 19617.93, "Total Cost": 19617.94, "Plan Rows": 1, "Plan Width": 8, "Actual Startup Time": 261.184, "Actual Total Time": 261.19, "Actual Rows": 1, "Actual Loops": 1, "Output": ["count(*)"], "Plans": [{"Node Type": "Hash Join", "Parent Relationship": "Outer", "Parallel Aware": false, "Join Type": "Inner", "Startup Cost": 14460.21, "Total Cost": 19142.41, "Plan Rows": 190209, "Plan Width": 0, "Actual Startup Time": 151.689, "Actual Total Time": 245.698, "Actual Rows": 454094, "Actual Loops": 1, "Inner Unique": false, "Hash Cond": "(c.postid = p.id)", "Plans": [{"Node Type": "Seq Scan", "Parent Relationship": "Outer", "Parallel Aware": false, "Relation Name": "comments", "Schema": "public", "Alias": "c", "Startup Cost": 0.0, "Total Cost": 3460.81, "Plan Rows": 172615, "Plan Width": 4, "Actual Startup Time": 0.077, "Actual Total Time": 17.717, "Actual Rows": 173418, "Actual Loops": 1, "Output": ["c.id", "c.postid", "c.score", "c.creationdate", "c.userid"], "Filter": "(c.creationdate >= 1280635961)", "Rows Removed by Filter": 887}, {"Node Type": "Hash", "Parent Relationship": "Inner", "Parallel Aware": false, "Startup Cost": 14221.56, "Total Cost": 14221.56, "Plan Rows": 19092, "Plan Width": 16, "Actual Startup Time": 151.224, "Actual Total Time": 151.229, "Actual Rows": 114676, "Actual Loops": 1, "Output": ["ph.postid", "pl.postid", "p.id", "v.postid"], "Hash Buckets": 131072, "Original Hash Buckets": 32768, "Hash Batches": 2, "Original Hash Batches": 1, "Peak Memory Usage": 3696, "Plans": [{"Node Type": "Nested Loop", "Parent Relationship": "Outer", "Parallel Aware": false, "Join Type": "Inner", "Startup Cost": 3487.81, "Total Cost": 14221.56, "Plan Rows": 19092, "Plan Width": 16, "Actual Startup Time": 16.643, "Actual Total Time": 133.149, "Actual Rows": 114676, "Actual Loops": 1, "Output": ["ph.postid", "pl.postid", "p.id", "v.postid"], "Inner Unique": false, "Join Filter": "(p.id = ph.postid)", "Rows Removed by Join Filter": 0, "Plans": [{"Node Type": "Hash Join", "Parent Relationship": "Outer", "Parallel Aware": false, "Join Type": "Inner", "Startup Cost": 3487.38, "Total Cost": 11645.9, "Plan Rows": 4166, "Plan Width": 12, "Actual Startup Time": 16.591, "Actual Total Time": 70.378, "Actual Rows": 18097, "Actual Loops": 1, "Output": ["pl.postid", "p.id", "v.postid"], "Inner Unique": false, "Hash Cond": "(v.postid = p.id)", "Plans": [{"Node Type": "Seq Scan", "Parent Relationship": "Outer", "Parallel Aware": false, "Relation Name": "votes", "Schema": "public", "Alias": "v", "Startup Cost": 0.0, "Total Cost": 6513.8, "Plan Rows": 327497, "Plan Width": 4, "Actual Startup Time": 0.012, "Actual Total Time": 32.408, "Actual Rows": 327569, "Actual Loops": 1, "Output": ["v.id", "v.postid", "v.votetypeid", "v.creationdate", "v.userid", "v.bountyamount"], "Filter": "(v.creationdate <= 1410364800)", "Rows Removed by Filter": 495}, {"Node Type": "Hash", "Parent Relationship": "Inner", "Parallel Aware": false, "Startup Cost": 3341.13, "Total Cost": 3341.13, "Plan Rows": 11700, "Plan Width": 8, "Actual Startup Time": 15.794, "Actual Total Time": 15.797, "Actual Rows": 3167, "Actual Loops": 1, "Output": ["pl.postid", "p.id"], "Hash Buckets": 16384, "Original Hash Buckets": 16384, "Hash Batches": 1, "Original Hash Batches": 1, "Peak Memory Usage": 252, "Plans": [{"Node Type": "Hash Join", "Parent Relationship": "Outer", "Parallel Aware": false, "Join Type": "Inner", "Startup Cost": 3066.91, "Total Cost": 3341.13, "Plan Rows": 11700, "Plan Width": 8, "Actual Startup Time": 12.981, "Actual Total Time": 15.326, "Actual Rows": 3167, "Actual Loops": 1, "Output": ["pl.postid", "p.id"], "Inner Unique": true, "Hash Cond": "(pl.postid = p.id)", "Plans": [{"Node Type": "Seq Scan", "Parent Relationship": "Outer", "Parallel Aware": false, "Relation Name": "postlinks", "Schema": "public", "Alias": "pl", "Startup Cost": 0.0, "Total Cost": 248.53, "Plan Rows": 9788, "Plan Width": 4, "Actual Startup Time": 0.015, "Actual Total Time": 1.24, "Actual Rows": 9803, "Actual Loops": 1, "Output": ["pl.id", "pl.creationdate", "pl.postid", "pl.relatedpostid", "pl.linktypeid"], "Filter": "((pl.creationdate <= 1407749191) AND (pl.linktypeid = 1))", "Rows Removed by Filter": 1299}, {"Node Type": "Hash", "Parent Relationship": "Inner", "Parallel Aware": false, "Startup Cost": 2929.46, "Total Cost": 2929.46, "Plan Rows": 10996, "Plan Width": 4, "Actual Startup Time": 12.891, "Actual Total Time": 12.892, "Actual Rows": 11092, "Actual Loops": 1, "Output": ["p.id"], "Hash Buckets": 16384, "Original Hash Buckets": 16384, "Hash Batches": 1, "Original Hash Batches": 1, "Peak Memory Usage": 518, "Plans": [{"Node Type": "Seq Scan", "Parent Relationship": "Outer", "Parallel Aware": false, "Relation Name": "posts", "Schema": "public", "Alias": "p", "Startup Cost": 0.0, "Total Cost": 2929.46, "Plan Rows": 10996, "Plan Width": 4, "Actual Startup Time": 0.166, "Actual Total Time": 11.617, "Actual Rows": 11092, "Actual Loops": 1, "Output": ["p.id"], "Filter": "((p.creationdate <= 1409716356) AND (p.creationdate >= 1281506036) AND (p.favoritecount <= 3) AND (p.favoritecount >= 0) AND (p.score <= 44))", "Rows Removed by Filter": 80884}]}]}]}]}, {"Node Type": "Index Scan", "Parent Relationship": "Inner", "Parallel Aware": false, "Scan Direction": "Forward", "Index Name": "idx_posthistory_postid", "Relation Name": "posthistory", "Schema": "public", "Alias": "ph", "Startup Cost": 0.42, "Total Cost": 0.56, "Plan Rows": 5, "Plan Width": 4, "Actual Startup Time": 0.001, "Actual Total Time": 0.003, "Actual Rows": 6, "Actual Loops": 18097, "Output": ["ph.id", "ph.posthistorytypeid", "ph.postid", "ph.creationdate", "ph.userid"], "Index Cond": "(ph.postid = v.postid)", "Rows Removed by Index Recheck": 0, "Filter": "(ph.creationdate >= 1284981105)", "Rows Removed by Filter": 0}]}]}]}]}, "Planning Time": 167.65, "Triggers": [], "Execution Time": 261.286}]
q7#####[{"Plan": {"Node Type": "Aggregate", "Strategy": "Plain", "Partial Mode": "Simple", "Parallel Aware": false, "Startup Cost": 29703.43, "Total Cost": 29703.44, "Plan Rows": 1, "Plan Width": 8, "Actual Startup Time": 271.703, "Actual Total Time": 271.705, "Actual Rows": 1, "Actual Loops": 1, "Output": ["count(*)"], "Plans": [{"Node Type": "Merge Join", "Parent Relationship": "Outer", "Parallel Aware": false, "Join Type": "Inner", "Startup Cost": 1.25, "Total Cost": 27664.85, "Plan Rows": 815432, "Plan Width": 0, "Actual Startup Time": 0.05, "Actual Total Time": 245.47, "Actual Rows": 698213, "Actual Loops": 1, "Inner Unique": false, "Merge Cond": "(c.postid = p.id)", "Plans": [{"Node Type": "Index Only Scan", "Parent Relationship": "Outer", "Parallel Aware": false, "Scan Direction": "Forward", "Index Name": "idx_comments_postid", "Relation Name": "comments", "Schema": "public", "Alias": "c", "Startup Cost": 0.42, "Total Cost": 4354.99, "Plan Rows": 174305, "Plan Width": 4, "Actual Startup Time": 0.016, "Actual Total Time": 13.785, "Actual Rows": 174305, "Actual Loops": 1, "Output": ["c.postid"], "Heap Fetches": 0}, {"Node Type": "Materialize", "Parent Relationship": "Inner", "Parallel Aware": false, "Startup Cost": 0.8, "Total Cost": 15015.73, "Plan Rows": 303111, "Plan Width": 8, "Actual Startup Time": 0.031, "Actual Total Time": 142.743, "Actual Rows": 808117, "Actual Loops": 1, "Output": ["ph.postid", "p.id"], "Plans": [{"Node Type": "Merge Join", "Parent Relationship": "Outer", "Parallel Aware": false, "Join Type": "Inner", "Startup Cost": 0.8, "Total Cost": 14257.96, "Plan Rows": 303111, "Plan Width": 8, "Actual Startup Time": 0.029, "Actual Total Time": 80.778, "Actual Rows": 303002, "Actual Loops": 1, "Output": ["ph.postid", "p.id"], "Inner Unique": true, "Merge Cond": "(ph.postid = p.id)", "Plans": [{"Node Type": "Index Only Scan", "Parent Relationship": "Outer", "Parallel Aware": false, "Scan Direction": "Forward", "Index Name": "idx_posthistory_postid", "Relation Name": "posthistory", "Schema": "public", "Alias": "ph", "Startup Cost": 0.42, "Total Cost": 6520.23, "Plan Rows": 303187, "Plan Width": 4, "Actual Startup Time": 0.012, "Actual Total Time": 23.644, "Actual Rows": 303184, "Actual Loops": 1, "Output": ["ph.postid"], "Heap Fetches": 0}, {"Node Type": "Index Scan", "Parent Relationship": "Inner", "Parallel Aware": false, "Scan Direction": "Forward", "Index Name": "posts_pkey", "Relation Name": "posts", "Schema": "public", "Alias": "p", "Startup Cost": 0.29, "Total Cost": 3718.81, "Plan Rows": 91953, "Plan Width": 4, "Actual Startup Time": 0.016, "Actual Total Time": 19.036, "Actual Rows": 91947, "Actual Loops": 1, "Output": ["p.id", "p.posttypeid", "p.creationdate", "p.score", "p.viewcount", "p.owneruserid", "p.answercount", "p.commentcount", "p.favoritecount", "p.lasteditoruserid"], "Filter": "((p.commentcount <= 25) AND (p.commentcount >= 0))", "Rows Removed by Filter": 28}]}]}]}]}, "Planning Time": 61.313, "Triggers": [], "Execution Time": 271.818}]
q6#####[{"Plan": {"Node Type": "Aggregate", "Strategy": "Plain", "Partial Mode": "Simple", "Parallel Aware": false, "Startup Cost": 10057899.14, "Total Cost": 10057899.15, "Plan Rows": 1, "Plan Width": 8, "Actual Startup Time": 178.787, "Actual Total Time": 178.789, "Actual Rows": 1, "Actual Loops": 1, "Output": ["count(*)"], "Plans": [{"Node Type": "Nested Loop", "Parent Relationship": "Outer", "Parallel Aware": false, "Join Type": "Inner", "Startup Cost": 8341.83, "Total Cost": 5488743.97, "Plan Rows": 1827662065, "Plan Width": 0, "Actual Startup Time": 32.612, "Actual Total Time": 175.117, "Actual Rows": 96484, "Actual Loops": 1, "Inner Unique": false, "Plans": [{"Node Type": "Nested Loop", "Parent Relationship": "Outer", "Parallel Aware": false, "Join Type": "Inner", "Startup Cost": 8341.41, "Total Cost": 56927.23, "Plan Rows": 4299270, "Plan Width": 16, "Actual Startup Time": 32.582, "Actual Total Time": 87.007, "Actual Rows": 7189, "Actual Loops": 1, "Output": ["c.userid", "p.owneruserid", "u.id", "v.userid"], "Inner Unique": false, "Plans": [{"Node Type": "Merge Join", "Parent Relationship": "Outer", "Parallel Aware": false, "Join Type": "Inner", "Startup Cost": 8341.11, "Total Cost": 23876.21, "Plan Rows": 64656, "Plan Width": 12, "Actual Startup Time": 32.555, "Actual Total Time": 81.3, "Actual Rows": 1299, "Actual Loops": 1, "Output": ["c.userid", "u.id", "v.userid"], "Inner Unique": false, "Merge Cond": "(u.id = c.userid)", "Plans": [{"Node Type": "Merge Join", "Parent Relationship": "Outer", "Parallel Aware": false, "Join Type": "Inner", "Startup Cost": 8249.77, "Total Cost": 9912.67, "Plan Rows": 154100, "Plan Width": 8, "Actual Startup Time": 29.204, "Actual Total Time": 37.276, "Actual Rows": 240, "Actual Loops": 1, "Output": ["u.id", "v.userid"], "Inner Unique": false, "Merge Cond": "(u.id = v.userid)", "Plans": [{"Node Type": "Index Scan", "Parent Relationship": "Outer", "Parallel Aware": false, "Scan Direction": "Forward", "Index Name": "users_pkey", "Relation Name": "users", "Schema": "public", "Alias": "u", "Startup Cost": 0.29, "Total Cost": 1558.79, "Plan Rows": 37737, "Plan Width": 4, "Actual Startup Time": 0.014, "Actual Total Time": 6.449, "Actual Rows": 37618, "Actual Loops": 1, "Output": ["u.id", "u.reputation", "u.creationdate", "u.views", "u.upvotes", "u.downvotes"], "Filter": "((u.views <= 13) AND (u.views >= 0))", "Rows Removed by Filter": 2611}, {"Node Type": "Sort", "Parent Relationship": "Inner", "Parallel Aware": false, "Startup Cost": 8242.12, "Total Cost": 8246.23, "Plan Rows": 1647, "Plan Width": 4, "Actual Startup Time": 29.122, "Actual Total Time": 29.267, "Actual Rows": 1651, "Actual Loops": 1, "Output": ["v.userid"], "Sort Key": ["v.userid"], "Sort Method": "quicksort", "Sort Space Used": 126, "Sort Space Type": "Memory", "Plans": [{"Node Type": "Seq Scan", "Parent Relationship": "Outer", "Parallel Aware": false, "Relation Name": "votes", "Schema": "public", "Alias": "v", "Startup Cost": 0.0, "Total Cost": 8154.12, "Plan Rows": 1647, "Plan Width": 4, "Actual Startup Time": 0.221, "Actual Total Time": 28.894, "Actual Rows": 1651, "Actual Loops": 1, "Output": ["v.userid"], "Filter": "((v.bountyamount <= 100) AND (v.bountyamount >= 0) AND (v.creationdate >= 1280073600))", "Rows Removed by Filter": 326413}]}]}, {"Node Type": "Materialize", "Parent Relationship": "Inner", "Parallel Aware": false, "Startup Cost": 0.29, "Total Cost": 4022.63, "Plan Rows": 174305, "Plan Width": 4, "Actual Startup Time": 0.016, "Actual Total Time": 31.708, "Actual Rows": 174343, "Actual Loops": 1, "Output": ["c.userid"], "Plans": [{"Node Type": "Index Only Scan", "Parent Relationship": "Outer", "Parallel Aware": false, "Scan Direction": "Forward", "Index Name": "idx_comments_userid", "Relation Name": "comments", "Schema": "public", "Alias": "c", "Startup Cost": 0.29, "Total Cost": 3586.87, "Plan Rows": 174305, "Plan Width": 4, "Actual Startup Time": 0.013, "Actual Total Time": 11.591, "Actual Rows": 174283, "Actual Loops": 1, "Output": ["c.userid"], "Heap Fetches": 0}]}]}, {"Node Type": "Index Scan", "Parent Relationship": "Inner", "Parallel Aware": false, "Scan Direction": "Forward", "Index Name": "idx_posts_owneruserid", "Relation Name": "posts", "Schema": "public", "Alias": "p", "Startup Cost": 0.29, "Total Cost": 0.49, "Plan Rows": 2, "Plan Width": 4, "Actual Startup Time": 0.001, "Actual Total Time": 0.004, "Actual Rows": 6, "Actual Loops": 1299, "Output": ["p.id", "p.posttypeid", "p.creationdate", "p.score", "p.viewcount", "p.owneruserid", "p.answercount", "p.commentcount", "p.favoritecount", "p.lasteditoruserid"], "Index Cond": "(p.owneruserid = c.userid)", "Rows Removed by Index Recheck": 0, "Filter": "((p.answercount <= 5) AND (p.answercount >= 0) AND (p.viewcount >= 0))", "Rows Removed by Filter": 1}]}, {"Node Type": "Index Scan", "Parent Relationship": "Inner", "Parallel Aware": false, "Scan Direction": "Forward", "Index Name": "idx_posthistory_userid", "Relation Name": "posthistory", "Schema": "public", "Alias": "ph", "Startup Cost": 0.42, "Total Cost": 1.18, "Plan Rows": 8, "Plan Width": 4, "Actual Startup Time": 0.001, "Actual Total Time": 0.011, "Actual Rows": 13, "Actual Loops": 7189, "Output": ["ph.id", "ph.posthistorytypeid", "ph.postid", "ph.creationdate", "ph.userid"], "Index Cond": "(ph.userid = c.userid)", "Rows Removed by Index Recheck": 0, "Filter": "((ph.creationdate <= 1410218052) AND (ph.creationdate >= 1288891539) AND (ph.posthistorytypeid = 2))", "Rows Removed by Filter": 39}]}]}, "Planning Time": 149.931, "Triggers": [], "Execution Time": 178.927}]
q49#####[{"Plan": {"Node Type": "Aggregate", "Strategy": "Plain", "Partial Mode": "Simple", "Parallel Aware": false, "Startup Cost": 270708.72, "Total Cost": 270708.73, "Plan Rows": 1, "Plan Width": 8, "Actual Startup Time": 86.859, "Actual Total Time": 86.861, "Actual Rows": 1, "Actual Loops": 1, "Output": ["count(*)"], "Plans": [{"Node Type": "Nested Loop", "Parent Relationship": "Outer", "Parallel Aware": false, "Join Type": "Inner", "Startup Cost": 8325.31, "Total Cost": 78794.72, "Plan Rows": 76765602, "Plan Width": 0, "Actual Startup Time": 51.008, "Actual Total Time": 86.525, "Actual Rows": 6299, "Actual Loops": 1, "Inner Unique": false, "Plans": [{"Node Type": "Merge Join", "Parent Relationship": "Outer", "Parallel Aware": false, "Join Type": "Inner", "Startup Cost": 8324.89, "Total Cost": 14898.57, "Plan Rows": 53147, "Plan Width": 12, "Actual Startup Time": 50.985, "Actual Total Time": 84.879, "Actual Rows": 200, "Actual Loops": 1, "Output": ["c.userid", "u.id", "v.userid"], "Inner Unique": false, "Merge Cond": "(u.id = c.userid)", "Plans": [{"Node Type": "Merge Join", "Parent Relationship": "Outer", "Parallel Aware": false, "Join Type": "Inner", "Startup Cost": 8254.85, "Total Cost": 10296.61, "Plan Rows": 12670, "Plan Width": 8, "Actual Startup Time": 41.847, "Actual Total Time": 54.876, "Actual Rows": 40, "Actual Loops": 1, "Output": ["u.id", "v.userid"], "Inner Unique": false, "Merge Cond": "(u.id = v.userid)", "Plans": [{"Node Type": "Index Scan", "Parent Relationship": "Outer", "Parallel Aware": false, "Scan Direction": "Forward", "Index Name": "users_pkey", "Relation Name": "users", "Schema": "public", "Alias": "u", "Startup Cost": 0.29, "Total Cost": 1962.04, "Plan Rows": 29617, "Plan Width": 4, "Actual Startup Time": 0.119, "Actual Total Time": 11.234, "Actual Rows": 29853, "Actual Loops": 1, "Output": ["u.id", "u.reputation", "u.creationdate", "u.views", "u.upvotes", "u.downvotes"], "Filter": "((u.creationdate <= 1407965370) AND (u.creationdate >= 1280316551) AND (u.reputation >= 1) AND (u.views <= 110) AND (u.views >= 0) AND (u.upvotes = 0))", "Rows Removed by Filter": 10472}, {"Node Type": "Sort", "Parent Relationship": "Inner", "Parallel Aware": false, "Startup Cost": 8246.86, "Total Cost": 8251.17, "Plan Rows": 1725, "Plan Width": 4, "Actual Startup Time": 41.577, "Actual Total Time": 41.76, "Actual Rows": 1724, "Actual Loops": 1, "Output": ["v.userid"], "Sort Key": ["v.userid"], "Sort Method": "quicksort", "Sort Space Used": 130, "Sort Space Type": "Memory", "Plans": [{"Node Type": "Seq Scan", "Parent Relationship": "Outer", "Parallel Aware": false, "Relation Name": "votes", "Schema": "public", "Alias": "v", "Startup Cost": 0.0, "Total Cost": 8154.12, "Plan Rows": 1725, "Plan Width": 4, "Actual Startup Time": 0.296, "Actual Total Time": 41.222, "Actual Rows": 1731, "Actual Loops": 1, "Output": ["v.userid"], "Filter": "((v.bountyamount >= 0) AND (v.creationdate <= 1410105600) AND (v.creationdate >= 1280073600))", "Rows Removed by Filter": 326333}]}]}, {"Node Type": "Index Only Scan", "Parent Relationship": "Inner", "Parallel Aware": false, "Scan Direction": "Forward", "Index Name": "idx_comments_userid", "Relation Name": "comments", "Schema": "public", "Alias": "c", "Startup Cost": 0.29, "Total Cost": 3586.87, "Plan Rows": 174305, "Plan Width": 4, "Actual Startup Time": 0.015, "Actual Total Time": 19.226, "Actual Rows": 172167, "Actual Loops": 1, "Output": ["c.userid"], "Heap Fetches": 0}]}, {"Node Type": "Index Only Scan", "Parent Relationship": "Inner", "Parallel Aware": false, "Scan Direction": "Forward", "Index Name": "idx_posthistory_userid", "Relation Name": "posthistory", "Schema": "public", "Alias": "ph", "Startup Cost": 0.42, "Total Cost": 0.92, "Plan Rows": 28, "Plan Width": 4, "Actual Startup Time": 0.003, "Actual Total Time": 0.006, "Actual Rows": 31, "Actual Loops": 200, "Output": ["ph.userid"], "Index Cond": "(ph.userid = c.userid)", "Rows Removed by Index Recheck": 0, "Heap Fetches": 0}]}]}, "Planning Time": 115.76, "Triggers": [], "Execution Time": 86.992}]
q75#####[{"Plan": {"Node Type": "Aggregate", "Strategy": "Plain", "Partial Mode": "Simple", "Parallel Aware": false, "Startup Cost": 258279.15, "Total Cost": 258279.16, "Plan Rows": 1, "Plan Width": 8, "Actual Startup Time": 500.348, "Actual Total Time": 500.352, "Actual Rows": 1, "Actual Loops": 1, "Output": ["count(*)"], "Plans": [{"Node Type": "Merge Join", "Parent Relationship": "Outer", "Parallel Aware": false, "Join Type": "Inner", "Startup Cost": 7300.9, "Total Cost": 201217.27, "Plan Rows": 22824750, "Plan Width": 0, "Actual Startup Time": 36.885, "Actual Total Time": 483.392, "Actual Rows": 434967, "Actual Loops": 1, "Inner Unique": false, "Merge Cond": "(c.postid = p.id)", "Plans": [{"Node Type": "Index Only Scan", "Parent Relationship": "Outer", "Parallel Aware": false, "Scan Direction": "Forward", "Index Name": "idx_comments_postid", "Relation Name": "comments", "Schema": "public", "Alias": "c", "Startup Cost": 0.42, "Total Cost": 4354.99, "Plan Rows": 174305, "Plan Width": 4, "Actual Startup Time": 0.02, "Actual Total Time": 13.842, "Actual Rows": 174305, "Actual Loops": 1, "Output": ["c.postid"], "Heap Fetches": 0}, {"Node Type": "Materialize", "Parent Relationship": "Inner", "Parallel Aware": false, "Startup Cost": 7300.46, "Total Cost": 96080.88, "Plan Rows": 3870432, "Plan Width": 12, "Actual Startup Time": 36.859, "Actual Total Time": 418.121, "Actual Rows": 497029, "Actual Loops": 1, "Output": ["p.id", "ph.postid", "v.postid"], "Plans": [{"Node Type": "Nested Loop", "Parent Relationship": "Outer", "Parallel Aware": false, "Join Type": "Inner", "Startup Cost": 7300.46, "Total Cost": 86404.8, "Plan Rows": 3870432, "Plan Width": 12, "Actual Startup Time": 36.857, "Actual Total Time": 377.501, "Actual Rows": 186206, "Actual Loops": 1, "Output": ["p.id", "ph.postid", "v.postid"], "Inner Unique": false, "Plans": [{"Node Type": "Merge Join", "Parent Relationship": "Outer", "Parallel Aware": false, "Join Type": "Inner", "Startup Cost": 7300.16, "Total Cost": 40322.29, "Plan Rows": 110014, "Plan Width": 20, "Actual Startup Time": 36.831, "Actual Total Time": 305.195, "Actual Rows": 46047, "Actual Loops": 1, "Output": ["ph.postid", "p.owneruserid", "p.id", "u.id", "v.postid"], "Inner Unique": false, "Merge Cond": "(ph.postid = p.id)", "Plans": [{"Node Type": "Merge Join", "Parent Relationship": "Outer", "Parallel Aware": false, "Join Type": "Inner", "Startup Cost": 1.94, "Total Cost": 29746.45, "Plan Rows": 374038, "Plan Width": 8, "Actual Startup Time": 0.049, "Actual Total Time": 247.649, "Actual Rows": 262116, "Actual Loops": 1, "Output": ["ph.postid", "v.postid"], "Inner Unique": false, "Merge Cond": "(ph.postid = v.postid)", "Plans": [{"Node Type": "Index Scan", "Parent Relationship": "Outer", "Parallel Aware": false, "Scan Direction": "Forward", "Index Name": "idx_posthistory_postid", "Relation Name": "posthistory", "Schema": "public", "Alias": "ph", "Startup Cost": 0.42, "Total Cost": 9752.13, "Plan Rows": 92674, "Plan Width": 4, "Actual Startup Time": 0.029, "Actual Total Time": 65.514, "Actual Rows": 91975, "Actual Loops": 1, "Output": ["ph.id", "ph.posthistorytypeid", "ph.postid", "ph.creationdate", "ph.userid"], "Filter": "(ph.posthistorytypeid = 2)", "Rows Removed by Filter": 211209}, {"Node Type": "Materialize", "Parent Relationship": "Inner", "Parallel Aware": false, "Startup Cost": 0.42, "Total Cost": 14806.28, "Plan Rows": 261511, "Plan Width": 4, "Actual Startup Time": 0.017, "Actual Total Time": 140.742, "Actual Rows": 262116, "Actual Loops": 1, "Output": ["v.id", "v.postid", "v.votetypeid", "v.creationdate", "v.userid", "v.bountyamount"], "Plans": [{"Node Type": "Index Scan", "Parent Relationship": "Outer", "Parallel Aware": false, "Scan Direction": "Forward", "Index Name": "idx_votes_postid", "Relation Name": "votes", "Schema": "public", "Alias": "v", "Startup Cost": 0.42, "Total Cost": 14152.5, "Plan Rows": 261511, "Plan Width": 4, "Actual Startup Time": 0.016, "Actual Total Time": 116.326, "Actual Rows": 262116, "Actual Loops": 1, "Output": ["v.id", "v.postid", "v.votetypeid", "v.creationdate", "v.userid", "v.bountyamount"], "Filter": "(v.votetypeid = 2)", "Rows Removed by Filter": 65948}]}]}, {"Node Type": "Sort", "Parent Relationship": "Inner", "Parallel Aware": false, "Startup Cost": 7298.21, "Total Cost": 7394.21, "Plan Rows": 38402, "Plan Width": 12, "Actual Startup Time": 35.05, "Actual Total Time": 38.452, "Actual Rows": 54531, "Actual Loops": 1, "Output": ["p.owneruserid", "p.id", "u.id"], "Sort Key": ["p.id"], "Sort Method": "quicksort", "Sort Space Used": 2011, "Sort Space Type": "Memory", "Plans": [{"Node Type": "Hash Join", "Parent Relationship": "Outer", "Parallel Aware": false, "Join Type": "Inner", "Startup Cost": 1564.31, "Total Cost": 4374.11, "Plan Rows": 38402, "Plan Width": 12, "Actual Startup Time": 11.89, "Actual Total Time": 31.648, "Actual Rows": 26496, "Actual Loops": 1, "Output": ["p.owneruserid", "p.id", "u.id"], "Inner Unique": true, "Hash Cond": "(p.owneruserid = u.id)", "Plans": [{"Node Type": "Seq Scan", "Parent Relationship": "Outer", "Parallel Aware": false, "Relation Name": "posts", "Schema": "public", "Alias": "p", "Startup Cost": 0.0, "Total Cost": 2699.52, "Plan Rows": 42006, "Plan Width": 8, "Actual Startup Time": 0.013, "Actual Total Time": 13.195, "Actual Rows": 41710, "Actual Loops": 1, "Output": ["p.id", "p.posttypeid", "p.creationdate", "p.score", "p.viewcount", "p.owneruserid", "p.answercount", "p.commentcount", "p.favoritecount", "p.lasteditoruserid"], "Filter": "((p.commentcount <= 12) AND (p.commentcount >= 0) AND (p.viewcount <= 4159) AND (p.posttypeid = 1))", "Rows Removed by Filter": 50266}, {"Node Type": "Hash", "Parent Relationship": "Inner", "Parallel Aware": false, "Startup Cost": 1103.5, "Total Cost": 1103.5, "Plan Rows": 36865, "Plan Width": 4, "Actual Startup Time": 11.546, "Actual Total Time": 11.547, "Actual Rows": 37698, "Actual Loops": 1, "Output": ["u.id"], "Hash Buckets": 65536, "Original Hash Buckets": 65536, "Hash Batches": 1, "Original Hash Batches": 1, "Peak Memory Usage": 1838, "Plans": [{"Node Type": "Seq Scan", "Parent Relationship": "Outer", "Parallel Aware": false, "Relation Name": "users", "Schema": "public", "Alias": "u", "Startup Cost": 0.0, "Total Cost": 1103.5, "Plan Rows": 36865, "Plan Width": 4, "Actual Startup Time": 0.006, "Actual Total Time": 6.825, "Actual Rows": 37698, "Actual Loops": 1, "Output": ["u.id"], "Filter": "((u.downvotes <= 1) AND (u.downvotes >= 0) AND (u.upvotes <= 6) AND (u.views <= 86))", "Rows Removed by Filter": 2627}]}]}]}]}, {"Node Type": "Index Only Scan", "Parent Relationship": "Inner", "Parallel Aware": false, "Scan Direction": "Forward", "Index Name": "idx_badges_userid", "Relation Name": "badges", "Schema": "public", "Alias": "b", "Startup Cost": 0.29, "Total Cost": 0.38, "Plan Rows": 4, "Plan Width": 4, "Actual Startup Time": 0.001, "Actual Total Time": 0.001, "Actual Rows": 4, "Actual Loops": 46047, "Output": ["b.userid"], "Index Cond": "(b.userid = p.owneruserid)", "Rows Removed by Index Recheck": 0, "Heap Fetches": 0}]}]}]}]}, "Planning Time": 172.96, "Triggers": [], "Execution Time": 500.584}]
q61#####[{"Plan": {"Node Type": "Aggregate", "Strategy": "Plain", "Partial Mode": "Simple", "Parallel Aware": false, "Startup Cost": 41744.54, "Total Cost": 41744.55, "Plan Rows": 1, "Plan Width": 8, "Actual Startup Time": 509.732, "Actual Total Time": 509.734, "Actual Rows": 1, "Actual Loops": 1, "Output": ["count(*)"], "Plans": [{"Node Type": "Merge Join", "Parent Relationship": "Outer", "Parallel Aware": false, "Join Type": "Inner", "Startup Cost": 2.54, "Total Cost": 37506.69, "Plan Rows": 1695142, "Plan Width": 0, "Actual Startup Time": 0.195, "Actual Total Time": 450.797, "Actual Rows": 1633681, "Actual Loops": 1, "Inner Unique": false, "Merge Cond": "(c.postid = ph.postid)", "Plans": [{"Node Type": "Index Only Scan", "Parent Relationship": "Outer", "Parallel Aware": false, "Scan Direction": "Forward", "Index Name": "idx_comments_postid", "Relation Name": "comments", "Schema": "public", "Alias": "c", "Startup Cost": 0.42, "Total Cost": 4354.99, "Plan Rows": 174305, "Plan Width": 4, "Actual Startup Time": 0.025, "Actual Total Time": 12.895, "Actual Rows": 173771, "Actual Loops": 1, "Output": ["c.postid"], "Heap Fetches": 0}, {"Node Type": "Materialize", "Parent Relationship": "Inner", "Parallel Aware": false, "Startup Cost": 2.04, "Total Cost": 23661.7, "Plan Rows": 239207, "Plan Width": 12, "Actual Startup Time": 0.166, "Actual Total Time": 291.314, "Actual Rows": 1686518, "Actual Loops": 1, "Output": ["ph.postid", "pl.postid", "v.postid"], "Plans": [{"Node Type": "Merge Join", "Parent Relationship": "Outer", "Parallel Aware": false, "Join Type": "Inner", "Startup Cost": 2.04, "Total Cost": 23063.68, "Plan Rows": 239207, "Plan Width": 12, "Actual Startup Time": 0.163, "Actual Total Time": 191.041, "Actual Rows": 371988, "Actual Loops": 1, "Output": ["ph.postid", "pl.postid", "v.postid"], "Inner Unique": false, "Merge Cond": "(ph.postid = v.postid)", "Plans": [{"Node Type": "Merge Join", "Parent Relationship": "Outer", "Parallel Aware": false, "Join Type": "Inner", "Startup Cost": 0.99, "Total Cost": 12012.47, "Plan Rows": 47244, "Plan Width": 8, "Actual Startup Time": 0.118, "Actual Total Time": 92.623, "Actual Rows": 59346, "Actual Loops": 1, "Output": ["ph.postid", "pl.postid"], "Inner Unique": false, "Merge Cond": "(pl.postid = ph.postid)", "Plans": [{"Node Type": "Index Only Scan", "Parent Relationship": "Outer", "Parallel Aware": false, "Scan Direction": "Forward", "Index Name": "idx_postlinks_postid", "Relation Name": "postlinks", "Schema": "public", "Alias": "pl", "Startup Cost": 0.29, "Total Cost": 314.81, "Plan Rows": 11102, "Plan Width": 4, "Actual Startup Time": 0.013, "Actual Total Time": 1.202, "Actual Rows": 11072, "Actual Loops": 1, "Output": ["pl.postid"], "Heap Fetches": 0}, {"Node Type": "Index Scan", "Parent Relationship": "Inner", "Parallel Aware": false, "Scan Direction": "Forward", "Index Name": "idx_posthistory_postid", "Relation Name": "posthistory", "Schema": "public", "Alias": "ph", "Startup Cost": 0.42, "Total Cost": 10510.1, "Plan Rows": 275727, "Plan Width": 4, "Actual Startup Time": 0.102, "Actual Total Time": 75.665, "Actual Rows": 295551, "Actual Loops": 1, "Output": ["ph.id", "ph.posthistorytypeid", "ph.postid", "ph.creationdate", "ph.userid"], "Filter": "((ph.creationdate <= 1410326394) AND (ph.creationdate >= 1304776039))", "Rows Removed by Filter": 28513}]}, {"Node Type": "Index Only Scan", "Parent Relationship": "Inner", "Parallel Aware": false, "Scan Direction": "Forward", "Index Name": "idx_votes_postid", "Relation Name": "votes", "Schema": "public", "Alias": "v", "Startup Cost": 0.42, "Total Cost": 7721.38, "Plan Rows": 328064, "Plan Width": 4, "Actual Startup Time": 0.009, "Actual Total Time": 51.078, "Actual Rows": 662507, "Actual Loops": 1, "Output": ["v.postid"], "Heap Fetches": 0}]}]}]}]}, "Planning Time": 124.632, "Triggers": [], "Execution Time": 509.88}]
q59#####[{"Plan": {"Node Type": "Aggregate", "Strategy": "Plain", "Partial Mode": "Simple", "Parallel Aware": false, "Startup Cost": 20332.29, "Total Cost": 20332.3, "Plan Rows": 1, "Plan Width": 8, "Actual Startup Time": 361.309, "Actual Total Time": 361.312, "Actual Rows": 1, "Actual Loops": 1, "Output": ["count(*)"], "Plans": [{"Node Type": "Nested Loop", "Parent Relationship": "Outer", "Parallel Aware": false, "Join Type": "Inner", "Startup Cost": 1204.61, "Total Cost": 12059.71, "Plan Rows": 3309032, "Plan Width": 0, "Actual Startup Time": 8.483, "Actual Total Time": 332.925, "Actual Rows": 780683, "Actual Loops": 1, "Inner Unique": false, "Join Filter": "(p.owneruserid = c.userid)", "Rows Removed by Join Filter": 0, "Plans": [{"Node Type": "Hash Join", "Parent Relationship": "Outer", "Parallel Aware": false, "Join Type": "Inner", "Startup Cost": 1204.31, "Total Cost": 4378.72, "Plan Rows": 5716, "Plan Width": 8, "Actual Startup Time": 8.447, "Actual Total Time": 26.754, "Actual Rows": 11630, "Actual Loops": 1, "Output": ["p.owneruserid", "u.id"], "Inner Unique": true, "Hash Cond": "(p.owneruserid = u.id)", "Plans": [{"Node Type": "Seq Scan", "Parent Relationship": "Outer", "Parallel Aware": false, "Relation Name": "posts", "Schema": "public", "Alias": "p", "Startup Cost": 0.0, "Total Cost": 3159.4, "Plan Rows": 5716, "Plan Width": 4, "Actual Startup Time": 0.02, "Actual Total Time": 14.115, "Actual Rows": 11847, "Actual Loops": 1, "Output": ["p.id", "p.posttypeid", "p.creationdate", "p.score", "p.viewcount", "p.owneruserid", "p.answercount", "p.commentcount", "p.favoritecount", "p.lasteditoruserid"], "Filter": "((p.commentcount <= 16) AND (p.commentcount >= 0) AND (p.favoritecount <= 10) AND (p.favoritecount >= 0) AND (p.viewcount <= 2897) AND (p.viewcount >= 0))", "Rows Removed by Filter": 80129}, {"Node Type": "Hash", "Parent Relationship": "Inner", "Parallel Aware": false, "Startup Cost": 700.25, "Total Cost": 700.25, "Plan Rows": 40325, "Plan Width": 4, "Actual Startup Time": 8.301, "Actual Total Time": 8.302, "Actual Rows": 40325, "Actual Loops": 1, "Output": ["u.id"], "Hash Buckets": 65536, "Original Hash Buckets": 65536, "Hash Batches": 1, "Original Hash Batches": 1, "Peak Memory Usage": 1930, "Plans": [{"Node Type": "Seq Scan", "Parent Relationship": "Outer", "Parallel Aware": false, "Relation Name": "users", "Schema": "public", "Alias": "u", "Startup Cost": 0.0, "Total Cost": 700.25, "Plan Rows": 40325, "Plan Width": 4, "Actual Startup Time": 0.01, "Actual Total Time": 3.577, "Actual Rows": 40325, "Actual Loops": 1, "Output": ["u.id"]}]}]}, {"Node Type": "Index Scan", "Parent Relationship": "Inner", "Parallel Aware": false, "Scan Direction": "Forward", "Index Name": "idx_comments_userid", "Relation Name": "comments", "Schema": "public", "Alias": "c", "Startup Cost": 0.29, "Total Cost": 1.03, "Plan Rows": 25, "Plan Width": 4, "Actual Startup Time": 0.002, "Actual Total Time": 0.02, "Actual Rows": 67, "Actual Loops": 11630, "Output": ["c.id", "c.postid", "c.score", "c.creationdate", "c.userid"], "Index Cond": "(c.userid = u.id)", "Rows Removed by Index Recheck": 0, "Filter": "((c.creationdate <= 1410166249) AND (c.creationdate >= 1280939762))", "Rows Removed by Filter": 1}]}]}, "Planning Time": 62.968, "Triggers": [], "Execution Time": 361.412}]
q65#####[{"Plan": {"Node Type": "Aggregate", "Strategy": "Plain", "Partial Mode": "Simple", "Parallel Aware": false, "Startup Cost": 10869321.48, "Total Cost": 10869321.49, "Plan Rows": 1, "Plan Width": 8, "Actual Startup Time": 35715.445, "Actual Total Time": 35715.448, "Actual Rows": 1, "Actual Loops": 1, "Output": ["count(*)"], "Plans": [{"Node Type": "Nested Loop", "Parent Relationship": "Outer", "Parallel Aware": false, "Join Type": "Inner", "Startup Cost": 1577.57, "Total Cost": 7413563.24, "Plan Rows": 1382303296, "Plan Width": 0, "Actual Startup Time": 12.149, "Actual Total Time": 27985.631, "Actual Rows": 228748307, "Actual Loops": 1, "Inner Unique": false, "Plans": [{"Node Type": "Nested Loop", "Parent Relationship": "Outer", "Parallel Aware": false, "Join Type": "Inner", "Startup Cost": 1577.28, "Total Cost": 51104.45, "Plan Rows": 7201164, "Plan Width": 16, "Actual Startup Time": 12.131, "Actual Total Time": 498.815, "Actual Rows": 2754917, "Actual Loops": 1, "Output": ["b.userid", "ph.userid", "p.owneruserid", "u.id"], "Inner Unique": false, "Plans": [{"Node Type": "Nested Loop", "Parent Relationship": "Outer", "Parallel Aware": false, "Join Type": "Inner", "Startup Cost": 1576.86, "Total Cost": 5054.07, "Plan Rows": 37927, "Plan Width": 12, "Actual Startup Time": 12.108, "Actual Total Time": 57.792, "Actual Rows": 31954, "Actual Loops": 1, "Output": ["b.userid", "p.owneruserid", "u.id"], "Inner Unique": false, "Join Filter": "(p.owneruserid = b.userid)", "Rows Removed by Join Filter": 0, "Plans": [{"Node Type": "Hash Join", "Parent Relationship": "Outer", "Parallel Aware": false, "Join Type": "Inner", "Startup Cost": 1576.56, "Total Cost": 4509.09, "Plan Rows": 1098, "Plan Width": 8, "Actual Startup Time": 12.078, "Actual Total Time": 25.493, "Actual Rows": 4137, "Actual Loops": 1, "Output": ["p.owneruserid", "u.id"], "Inner Unique": true, "Hash Cond": "(p.owneruserid = u.id)", "Plans": [{"Node Type": "Seq Scan", "Parent Relationship": "Outer", "Parallel Aware": false, "Relation Name": "posts", "Schema": "public", "Alias": "p", "Startup Cost": 0.0, "Total Cost": 2929.46, "Plan Rows": 1170, "Plan Width": 4, "Actual Startup Time": 0.019, "Actual Total Time": 11.323, "Actual Rows": 5209, "Actual Loops": 1, "Output": ["p.id", "p.posttypeid", "p.creationdate", "p.score", "p.viewcount", "p.owneruserid", "p.answercount", "p.commentcount", "p.favoritecount", "p.lasteditoruserid"], "Filter": "((p.commentcount <= 17) AND (p.favoritecount >= 0) AND (p.score <= 35) AND (p.answercount = 1) AND (p.posttypeid = 1))", "Rows Removed by Filter": 86767}, {"Node Type": "Hash", "Parent Relationship": "Inner", "Parallel Aware": false, "Startup Cost": 1103.5, "Total Cost": 1103.5, "Plan Rows": 37845, "Plan Width": 4, "Actual Startup Time": 11.497, "Actual Total Time": 11.497, "Actual Rows": 37972, "Actual Loops": 1, "Output": ["u.id"], "Hash Buckets": 65536, "Original Hash Buckets": 65536, "Hash Batches": 1, "Original Hash Batches": 1, "Peak Memory Usage": 1847, "Plans": [{"Node Type": "Seq Scan", "Parent Relationship": "Outer", "Parallel Aware": false, "Relation Name": "users", "Schema": "public", "Alias": "u", "Startup Cost": 0.0, "Total Cost": 1103.5, "Plan Rows": 37845, "Plan Width": 4, "Actual Startup Time": 0.093, "Actual Total Time": 6.718, "Actual Rows": 37972, "Actual Loops": 1, "Output": ["u.id"], "Filter": "((u.creationdate <= 1408885922) AND (u.creationdate >= 1284624055) AND (u.downvotes <= 2) AND (u.views <= 233))", "Rows Removed by Filter": 2353}]}]}, {"Node Type": "Index Scan", "Parent Relationship": "Inner", "Parallel Aware": false, "Scan Direction": "Forward", "Index Name": "idx_badges_userid", "Relation Name": "badges", "Schema": "public", "Alias": "b", "Startup Cost": 0.29, "Total Cost": 0.45, "Plan Rows": 4, "Plan Width": 4, "Actual Startup Time": 0.002, "Actual Total Time": 0.007, "Actual Rows": 8, "Actual Loops": 4137, "Output": ["b.id", "b.userid", "b.date"], "Index Cond": "(b.userid = u.id)", "Rows Removed by Index Recheck": 0, "Filter": "((b.date <= 1409996002) AND (b.date >= 1280224725))", "Rows Removed by Filter": 0}]}, {"Node Type": "Index Only Scan", "Parent Relationship": "Inner", "Parallel Aware": false, "Scan Direction": "Forward", "Index Name": "idx_posthistory_userid", "Relation Name": "posthistory", "Schema": "public", "Alias": "ph", "Startup Cost": 0.42, "Total Cost": 0.93, "Plan Rows": 28, "Plan Width": 4, "Actual Startup Time": 0.001, "Actual Total Time": 0.006, "Actual Rows": 86, "Actual Loops": 31954, "Output": ["ph.userid"], "Index Cond": "(ph.userid = b.userid)", "Rows Removed by Index Recheck": 0, "Heap Fetches": 0}]}, {"Node Type": "Index Only Scan", "Parent Relationship": "Inner", "Parallel Aware": false, "Scan Direction": "Forward", "Index Name": "idx_comments_userid", "Relation Name": "comments", "Schema": "public", "Alias": "c", "Startup Cost": 0.29, "Total Cost": 0.76, "Plan Rows": 26, "Plan Width": 4, "Actual Startup Time": 0.001, "Actual Total Time": 0.005, "Actual Rows": 83, "Actual Loops": 2754917, "Output": ["c.userid"], "Index Cond": "(c.userid = b.userid)", "Rows Removed by Index Recheck": 0, "Heap Fetches": 0}]}]}, "Planning Time": 142.159, "Triggers": [], "Execution Time": 35715.551}]
q71#####[{"Plan": {"Node Type": "Aggregate", "Strategy": "Plain", "Partial Mode": "Simple", "Parallel Aware": false, "Startup Cost": 69073.22, "Total Cost": 69073.23, "Plan Rows": 1, "Plan Width": 8, "Actual Startup Time": 150.959, "Actual Total Time": 150.963, "Actual Rows": 1, "Actual Loops": 1, "Output": ["count(*)"], "Plans": [{"Node Type": "Hash Join", "Parent Relationship": "Outer", "Parallel Aware": false, "Join Type": "Inner", "Startup Cost": 13276.45, "Total Cost": 35393.29, "Plan Rows": 13471974, "Plan Width": 0, "Actual Startup Time": 75.812, "Actual Total Time": 139.702, "Actual Rows": 315516, "Actual Loops": 1, "Inner Unique": false, "Hash Cond": "(c.userid = u.id)", "Plans": [{"Node Type": "Seq Scan", "Parent Relationship": "Outer", "Parallel Aware": false, "Relation Name": "comments", "Schema": "public", "Alias": "c", "Startup Cost": 0.0, "Total Cost": 3460.81, "Plan Rows": 172587, "Plan Width": 4, "Actual Startup Time": 0.143, "Actual Total Time": 18.974, "Actual Rows": 172916, "Actual Loops": 1, "Output": ["c.userid"], "Filter": "(c.creationdate >= 1281434145)", "Rows Removed by Filter": 1389}, {"Node Type": "Hash", "Parent Relationship": "Inner", "Parallel Aware": false, "Startup Cost": 7955.12, "Total Cost": 7955.12, "Plan Rows": 324346, "Plan Width": 8, "Actual Startup Time": 74.832, "Actual Total Time": 74.835, "Actual Rows": 23267, "Actual Loops": 1, "Output": ["u.id", "v.userid"], "Hash Buckets": 131072, "Original Hash Buckets": 131072, "Hash Batches": 8, "Original Hash Batches": 8, "Peak Memory Usage": 1145, "Plans": [{"Node Type": "Hash Join", "Parent Relationship": "Outer", "Parallel Aware": false, "Join Type": "Inner", "Startup Cost": 1400.22, "Total Cost": 7955.12, "Plan Rows": 324346, "Plan Width": 8, "Actual Startup Time": 12.598, "Actual Total Time": 70.801, "Actual Rows": 23267, "Actual Loops": 1, "Output": ["u.id", "v.userid"], "Inner Unique": true, "Hash Cond": "(v.userid = u.id)", "Plans": [{"Node Type": "Seq Scan", "Parent Relationship": "Outer", "Parallel Aware": false, "Relation Name": "votes", "Schema": "public", "Alias": "v", "Startup Cost": 0.0, "Total Cost": 5693.64, "Plan Rows": 328064, "Plan Width": 4, "Actual Startup Time": 0.012, "Actual Total Time": 20.641, "Actual Rows": 328064, "Actual Loops": 1, "Output": ["v.id", "v.postid", "v.votetypeid", "v.creationdate", "v.userid", "v.bountyamount"]}, {"Node Type": "Hash", "Parent Relationship": "Inner", "Parallel Aware": false, "Startup Cost": 901.88, "Total Cost": 901.88, "Plan Rows": 39868, "Plan Width": 4, "Actual Startup Time": 12.449, "Actual Total Time": 12.45, "Actual Rows": 39890, "Actual Loops": 1, "Output": ["u.id"], "Hash Buckets": 65536, "Original Hash Buckets": 65536, "Hash Batches": 1, "Original Hash Batches": 1, "Peak Memory Usage": 1915, "Plans": [{"Node Type": "Seq Scan", "Parent Relationship": "Outer", "Parallel Aware": false, "Relation Name": "users", "Schema": "public", "Alias": "u", "Startup Cost": 0.0, "Total Cost": 901.88, "Plan Rows": 39868, "Plan Width": 4, "Actual Startup Time": 0.009, "Actual Total Time": 6.379, "Actual Rows": 39890, "Actual Loops": 1, "Output": ["u.id"], "Filter": "((u.reputation <= 691) AND (u.reputation >= 1))", "Rows Removed by Filter": 435}]}]}]}]}]}, "Planning Time": 78.056, "Triggers": [], "Execution Time": 151.073}]
q2#####[{"Plan": {"Node Type": "Aggregate", "Strategy": "Plain", "Partial Mode": "Simple", "Parallel Aware": false, "Startup Cost": 84199.34, "Total Cost": 84199.35, "Plan Rows": 1, "Plan Width": 8, "Actual Startup Time": 327.356, "Actual Total Time": 327.362, "Actual Rows": 1, "Actual Loops": 1, "Output": ["count(*)"], "Plans": [{"Node Type": "Hash Join", "Parent Relationship": "Outer", "Parallel Aware": false, "Join Type": "Inner", "Startup Cost": 13014.23, "Total Cost": 26068.01, "Plan Rows": 23252531, "Plan Width": 0, "Actual Startup Time": 140.73, "Actual Total Time": 290.933, "Actual Rows": 1116000, "Actual Loops": 1, "Inner Unique": false, "Hash Cond": "(ph.userid = b.userid)", "Plans": [{"Node Type": "Hash Join", "Parent Relationship": "Outer", "Parallel Aware": false, "Join Type": "Inner", "Startup Cost": 1488.62, "Total Cost": 9251.14, "Plan Rows": 8326, "Plan Width": 8, "Actual Startup Time": 16.03, "Actual Total Time": 61.805, "Actual Rows": 47834, "Actual Loops": 1, "Output": ["ph.userid", "u.id"], "Inner Unique": true, "Hash Cond": "(ph.userid = u.id)", "Plans": [{"Node Type": "Seq Scan", "Parent Relationship": "Outer", "Parallel Aware": false, "Relation Name": "posthistory", "Schema": "public", "Alias": "ph", "Startup Cost": 0.0, "Total Cost": 7535.77, "Plan Rows": 86369, "Plan Width": 4, "Actual Startup Time": 3.098, "Actual Total Time": 35.137, "Actual Rows": 84319, "Actual Loops": 1, "Output": ["ph.id", "ph.posthistorytypeid", "ph.postid", "ph.creationdate", "ph.userid"], "Filter": "((ph.creationdate <= 1408946683) AND (ph.creationdate >= 1294427028) AND (ph.posthistorytypeid = 2))", "Rows Removed by Filter": 218868}, {"Node Type": "Hash", "Parent Relationship": "Inner", "Parallel Aware": false, "Startup Cost": 1002.69, "Total Cost": 1002.69, "Plan Rows": 38875, "Plan Width": 4, "Actual Startup Time": 12.749, "Actual Total Time": 12.751, "Actual Rows": 38877, "Actual Loops": 1, "Output": ["u.id"], "Hash Buckets": 65536, "Original Hash Buckets": 65536, "Hash Batches": 1, "Original Hash Batches": 1, "Peak Memory Usage": 1879, "Plans": [{"Node Type": "Seq Scan", "Parent Relationship": "Outer", "Parallel Aware": false, "Relation Name": "users", "Schema": "public", "Alias": "u", "Startup Cost": 0.0, "Total Cost": 1002.69, "Plan Rows": 38875, "Plan Width": 4, "Actual Startup Time": 0.06, "Actual Total Time": 6.935, "Actual Rows": 38877, "Actual Loops": 1, "Output": ["u.id"], "Filter": "((u.creationdate <= 1409623481) AND (u.creationdate >= 1280332560) AND (u.reputation <= 705))", "Rows Removed by Filter": 1448}]}]}, {"Node Type": "Hash", "Parent Relationship": "Inner", "Parallel Aware": false, "Startup Cost": 10968.19, "Total Cost": 10968.19, "Plan Rows": 44593, "Plan Width": 8, "Actual Startup Time": 124.262, "Actual Total Time": 124.264, "Actual Rows": 191853, "Actual Loops": 1, "Output": ["b.userid", "p.owneruserid"], "Hash Buckets": 131072, "Original Hash Buckets": 65536, "Hash Batches": 4, "Original Hash Batches": 1, "Peak Memory Usage": 3073, "Plans": [{"Node Type": "Nested Loop", "Parent Relationship": "Outer", "Parallel Aware": false, "Join Type": "Inner", "Startup Cost": 0.29, "Total Cost": 10968.19, "Plan Rows": 44593, "Plan Width": 8, "Actual Startup Time": 0.044, "Actual Total Time": 98.059, "Actual Rows": 191853, "Actual Loops": 1, "Output": ["b.userid", "p.owneruserid"], "Inner Unique": false, "Plans": [{"Node Type": "Seq Scan", "Parent Relationship": "Outer", "Parallel Aware": false, "Relation Name": "posts", "Schema": "public", "Alias": "p", "Startup Cost": 0.0, "Total Cost": 3159.4, "Plan Rows": 12764, "Plan Width": 4, "Actual Startup Time": 0.015, "Actual Total Time": 15.068, "Actual Rows": 12416, "Actual Loops": 1, "Output": ["p.id", "p.posttypeid", "p.creationdate", "p.score", "p.viewcount", "p.owneruserid", "p.answercount", "p.commentcount", "p.favoritecount", "p.lasteditoruserid"], "Filter": "((p.answercount <= 4) AND (p.commentcount <= 12) AND (p.commentcount >= 0) AND (p.creationdate <= 1409624464) AND (p.favoritecount <= 89) AND (p.favoritecount >= 0))", "Rows Removed by Filter": 79560}, {"Node Type": "Index Scan", "Parent Relationship": "Inner", "Parallel Aware": false, "Scan Direction": "Forward", "Index Name": "idx_badges_userid", "Relation Name": "badges", "Schema": "public", "Alias": "b", "Startup Cost": 0.29, "Total Cost": 0.57, "Plan Rows": 4, "Plan Width": 4, "Actual Startup Time": 0.001, "Actual Total Time": 0.006, "Actual Rows": 15, "Actual Loops": 12416, "Output": ["b.id", "b.userid", "b.date"], "Index Cond": "(b.userid = p.owneruserid)", "Rows Removed by Index Recheck": 0, "Filter": "((b.date <= 1410240268) AND (b.date >= 1279630047))", "Rows Removed by Filter": 0}]}]}]}]}, "Planning Time": 111.099, "Triggers": [], "Execution Time": 327.46}]
q3#####[{"Plan": {"Node Type": "Aggregate", "Strategy": "Plain", "Partial Mode": "Simple", "Parallel Aware": false, "Startup Cost": 18031.04, "Total Cost": 18031.05, "Plan Rows": 1, "Plan Width": 8, "Actual Startup Time": 382.264, "Actual Total Time": 382.268, "Actual Rows": 1, "Actual Loops": 1, "Output": ["count(*)"], "Plans": [{"Node Type": "Hash Join", "Parent Relationship": "Outer", "Parallel Aware": false, "Join Type": "Inner", "Startup Cost": 11739.93, "Total Cost": 14647.42, "Plan Rows": 1353445, "Plan Width": 0, "Actual Startup Time": 82.049, "Actual Total Time": 297.685, "Actual Rows": 2515046, "Actual Loops": 1, "Inner Unique": false, "Hash Cond": "(c.userid = u.id)", "Plans": [{"Node Type": "Nested Loop", "Parent Relationship": "Outer", "Parallel Aware": false, "Join Type": "Inner", "Startup Cost": 2560.37, "Total Cost": 5263.54, "Plan Rows": 17299, "Plan Width": 4, "Actual Startup Time": 11.466, "Actual Total Time": 41.321, "Actual Rows": 29119, "Actual Loops": 1, "Output": ["c.userid"], "Inner Unique": false, "Join Filter": "(p.id = c.postid)", "Rows Removed by Join Filter": 0, "Plans": [{"Node Type": "Nested Loop", "Parent Relationship": "Outer", "Parallel Aware": false, "Join Type": "Inner", "Startup Cost": 2559.95, "Total Cost": 2971.41, "Plan Rows": 3780, "Plan Width": 12, "Actual Startup Time": 11.361, "Actual Total Time": 22.497, "Actual Rows": 8821, "Actual Loops": 1, "Output": ["ph.postid", "pl.postid", "p.id"], "Inner Unique": false, "Join Filter": "(p.id = ph.postid)", "Rows Removed by Join Filter": 0, "Plans": [{"Node Type": "Hash Join", "Parent Relationship": "Outer", "Parallel Aware": false, "Join Type": "Inner", "Startup Cost": 2559.53, "Total Cost": 2836.63, "Plan Rows": 85, "Plan Width": 8, "Actual Startup Time": 11.209, "Actual Total Time": 14.504, "Actual Rows": 1625, "Actual Loops": 1, "Output": ["pl.postid", "p.id"], "Inner Unique": true, "Hash Cond": "(pl.postid = p.id)", "Plans": [{"Node Type": "Seq Scan", "Parent Relationship": "Outer", "Parallel Aware": false, "Relation Name": "postlinks", "Schema": "public", "Alias": "pl", "Startup Cost": 0.0, "Total Cost": 248.53, "Plan Rows": 10885, "Plan Width": 4, "Actual Startup Time": 0.012, "Actual Total Time": 1.394, "Actual Rows": 10894, "Actual Loops": 1, "Output": ["pl.id", "pl.creationdate", "pl.postid", "pl.relatedpostid", "pl.linktypeid"], "Filter": "((pl.creationdate <= 1409243225) AND (pl.creationdate >= 1281670928))", "Rows Removed by Filter": 208}, {"Node Type": "Hash", "Parent Relationship": "Inner", "Parallel Aware": false, "Startup Cost": 2469.58, "Total Cost": 2469.58, "Plan Rows": 7196, "Plan Width": 4, "Actual Startup Time": 11.146, "Actual Total Time": 11.147, "Actual Rows": 7004, "Actual Loops": 1, "Output": ["p.id"], "Hash Buckets": 8192, "Original Hash Buckets": 8192, "Hash Batches": 1, "Original Hash Batches": 1, "Peak Memory Usage": 311, "Plans": [{"Node Type": "Seq Scan", "Parent Relationship": "Outer", "Parallel Aware": false, "Relation Name": "posts", "Schema": "public", "Alias": "p", "Startup Cost": 0.0, "Total Cost": 2469.58, "Plan Rows": 7196, "Plan Width": 4, "Actual Startup Time": 0.011, "Actual Total Time": 10.461, "Actual Rows": 7004, "Actual Loops": 1, "Output": ["p.id"], "Filter": "((p.favoritecount <= 12) AND (p.posttypeid = 1) AND (p.score = 2))", "Rows Removed by Filter": 84972}]}]}, {"Node Type": "Index Scan", "Parent Relationship": "Inner", "Parallel Aware": false, "Scan Direction": "Forward", "Index Name": "idx_posthistory_postid", "Relation Name": "posthistory", "Schema": "public", "Alias": "ph", "Startup Cost": 0.42, "Total Cost": 1.54, "Plan Rows": 4, "Plan Width": 4, "Actual Startup Time": 0.003, "Actual Total Time": 0.004, "Actual Rows": 5, "Actual Loops": 1625, "Output": ["ph.id", "ph.posthistorytypeid", "ph.postid", "ph.creationdate", "ph.userid"], "Index Cond": "(ph.postid = pl.postid)", "Rows Removed by Index Recheck": 0, "Filter": "((ph.creationdate <= 1410151716) AND (ph.creationdate >= 1294069655))", "Rows Removed by Filter": 0}]}, {"Node Type": "Index Scan", "Parent Relationship": "Inner", "Parallel Aware": false, "Scan Direction": "Forward", "Index Name": "idx_comments_postid", "Relation Name": "comments", "Schema": "public", "Alias": "c", "Startup Cost": 0.42, "Total Cost": 0.54, "Plan Rows": 5, "Plan Width": 8, "Actual Startup Time": 0.001, "Actual Total Time": 0.002, "Actual Rows": 3, "Actual Loops": 8821, "Output": ["c.id", "c.postid", "c.score", "c.creationdate", "c.userid"], "Index Cond": "(c.postid = ph.postid)", "Rows Removed by Index Recheck": 0, "Filter": "(c.creationdate <= 1410413062)", "Rows Removed by Filter": 0}]}, {"Node Type": "Hash", "Parent Relationship": "Inner", "Parallel Aware": false, "Startup Cost": 8773.19, "Total Cost": 8773.19, "Plan Rows": 32509, "Plan Width": 8, "Actual Startup Time": 70.454, "Actual Total Time": 70.455, "Actual Rows": 34635, "Actual Loops": 1, "Output": ["u.id", "v.userid"], "Hash Buckets": 65536, "Original Hash Buckets": 32768, "Hash Batches": 1, "Original Hash Batches": 1, "Peak Memory Usage": 1865, "Plans": [{"Node Type": "Hash Join", "Parent Relationship": "Outer", "Parallel Aware": false, "Join Type": "Inner", "Startup Cost": 1405.94, "Total Cost": 8773.19, "Plan Rows": 32509, "Plan Width": 8, "Actual Startup Time": 9.646, "Actual Total Time": 65.645, "Actual Rows": 34635, "Actual Loops": 1, "Output": ["u.id", "v.userid"], "Inner Unique": true, "Hash Cond": "(v.userid = u.id)", "Plans": [{"Node Type": "Seq Scan", "Parent Relationship": "Outer", "Parallel Aware": false, "Relation Name": "votes", "Schema": "public", "Alias": "v", "Startup Cost": 0.0, "Total Cost": 6513.8, "Plan Rows": 325091, "Plan Width": 4, "Actual Startup Time": 0.14, "Actual Total Time": 32.578, "Actual Rows": 326124, "Actual Loops": 1, "Output": ["v.id", "v.postid", "v.votetypeid", "v.creationdate", "v.userid", "v.bountyamount"], "Filter": "(v.creationdate >= 1280160000)", "Rows Removed by Filter": 1940}, {"Node Type": "Hash", "Parent Relationship": "Inner", "Parallel Aware": false, "Startup Cost": 901.88, "Total Cost": 901.88, "Plan Rows": 40325, "Plan Width": 4, "Actual Startup Time": 9.262, "Actual Total Time": 9.262, "Actual Rows": 40325, "Actual Loops": 1, "Output": ["u.id"], "Hash Buckets": 65536, "Original Hash Buckets": 65536, "Hash Batches": 1, "Original Hash Batches": 1, "Peak Memory Usage": 1930, "Plans": [{"Node Type": "Seq Scan", "Parent Relationship": "Outer", "Parallel Aware": false, "Relation Name": "users", "Schema": "public", "Alias": "u", "Startup Cost": 0.0, "Total Cost": 901.88, "Plan Rows": 40325, "Plan Width": 4, "Actual Startup Time": 0.004, "Actual Total Time": 5.04, "Actual Rows": 40325, "Actual Loops": 1, "Output": ["u.id"], "Filter": "((u.downvotes >= 0) AND (u.reputation >= 1))", "Rows Removed by Filter": 0}]}]}]}]}]}, "Planning Time": 237.229, "Triggers": [], "Execution Time": 382.622}]
q70#####[{"Plan": {"Node Type": "Aggregate", "Strategy": "Plain", "Partial Mode": "Simple", "Parallel Aware": false, "Startup Cost": 22246.43, "Total Cost": 22246.44, "Plan Rows": 1, "Plan Width": 8, "Actual Startup Time": 165.979, "Actual Total Time": 165.98, "Actual Rows": 1, "Actual Loops": 1, "Output": ["count(*)"], "Plans": [{"Node Type": "Nested Loop", "Parent Relationship": "Outer", "Parallel Aware": false, "Join Type": "Inner", "Startup Cost": 27.06, "Total Cost": 10352.6, "Plan Rows": 4757534, "Plan Width": 0, "Actual Startup Time": 1.217, "Actual Total Time": 133.881, "Actual Rows": 950577, "Actual Loops": 1, "Inner Unique": false, "Plans": [{"Node Type": "Merge Join", "Parent Relationship": "Outer", "Parallel Aware": false, "Join Type": "Inner", "Startup Cost": 26.77, "Total Cost": 3740.01, "Plan Rows": 1022, "Plan Width": 4, "Actual Startup Time": 1.203, "Actual Total Time": 27.257, "Actual Rows": 596, "Actual Loops": 1, "Output": ["p.owneruserid"], "Inner Unique": false, "Merge Cond": "(p.id = t.excerptpostid)", "Plans": [{"Node Type": "Index Scan", "Parent Relationship": "Outer", "Parallel Aware": false, "Scan Direction": "Forward", "Index Name": "posts_pkey", "Relation Name": "posts", "Schema": "public", "Alias": "p", "Startup Cost": 0.29, "Total Cost": 3488.87, "Plan Rows": 91073, "Plan Width": 8, "Actual Startup Time": 0.08, "Actual Total Time": 21.192, "Actual Rows": 90568, "Actual Loops": 1, "Output": ["p.id", "p.posttypeid", "p.creationdate", "p.score", "p.viewcount", "p.owneruserid", "p.answercount", "p.commentcount", "p.favoritecount", "p.lasteditoruserid"], "Filter": "(p.creationdate >= 1279562465)", "Rows Removed by Filter": 206}, {"Node Type": "Index Only Scan", "Parent Relationship": "Inner", "Parallel Aware": false, "Scan Direction": "Forward", "Index Name": "idx_tags_excerptpostid", "Relation Name": "tags", "Schema": "public", "Alias": "t", "Startup Cost": 0.28, "Total Cost": 59.71, "Plan Rows": 1032, "Plan Width": 4, "Actual Startup Time": 0.019, "Actual Total Time": 0.447, "Actual Rows": 1032, "Actual Loops": 1, "Output": ["t.excerptpostid"], "Heap Fetches": 1032}]}, {"Node Type": "Index Only Scan", "Parent Relationship": "Inner", "Parallel Aware": false, "Scan Direction": "Forward", "Index Name": "idx_votes_userid", "Relation Name": "votes", "Schema": "public", "Alias": "v", "Startup Cost": 0.3, "Total Cost": 4.23, "Plan Rows": 224, "Plan Width": 4, "Actual Startup Time": 0.002, "Actual Total Time": 0.092, "Actual Rows": 1595, "Actual Loops": 596, "Output": ["v.userid"], "Index Cond": "(v.userid = p.owneruserid)", "Rows Removed by Index Recheck": 0, "Heap Fetches": 0}]}]}, "Planning Time": 72.001, "Triggers": [], "Execution Time": 166.13}]
q64#####[{"Plan": {"Node Type": "Aggregate", "Strategy": "Plain", "Partial Mode": "Simple", "Parallel Aware": false, "Startup Cost": 87659.92, "Total Cost": 87659.93, "Plan Rows": 1, "Plan Width": 8, "Actual Startup Time": 86.023, "Actual Total Time": 86.025, "Actual Rows": 1, "Actual Loops": 1, "Output": ["count(*)"], "Plans": [{"Node Type": "Nested Loop", "Parent Relationship": "Outer", "Parallel Aware": false, "Join Type": "Inner", "Startup Cost": 7416.07, "Total Cost": 81491.65, "Plan Rows": 2467305, "Plan Width": 0, "Actual Startup Time": 49.398, "Actual Total Time": 85.741, "Actual Rows": 6272, "Actual Loops": 1, "Inner Unique": false, "Join Filter": "(b.userid = ph.userid)", "Rows Removed by Join Filter": 0, "Plans": [{"Node Type": "Merge Join", "Parent Relationship": "Outer", "Parallel Aware": false, "Join Type": "Inner", "Startup Cost": 7415.65, "Total Cost": 33574.97, "Plan Rows": 42503, "Plan Width": 12, "Actual Startup Time": 48.875, "Actual Total Time": 77.893, "Actual Rows": 2275, "Actual Loops": 1, "Output": ["b.userid", "u.id", "v.userid"], "Inner Unique": false, "Merge Cond": "(b.userid = u.id)", "Plans": [{"Node Type": "Index Scan", "Parent Relationship": "Outer", "Parallel Aware": false, "Scan Direction": "Forward", "Index Name": "idx_badges_userid", "Relation Name": "badges", "Schema": "public", "Alias": "b", "Startup Cost": 0.29, "Total Cost": 3409.62, "Plan Rows": 79114, "Plan Width": 4, "Actual Startup Time": 0.034, "Actual Total Time": 23.026, "Actual Rows": 77782, "Actual Loops": 1, "Output": ["b.id", "b.userid", "b.date"], "Filter": "((b.date <= 1409913468) AND (b.date >= 1279539550))", "Rows Removed by Filter": 461}, {"Node Type": "Materialize", "Parent Relationship": "Inner", "Parallel Aware": false, "Startup Cost": 7415.2, "Total Cost": 10075.49, "Plan Rows": 738700, "Plan Width": 8, "Actual Startup Time": 47.861, "Actual Total Time": 51.632, "Actual Rows": 2286, "Actual Loops": 1, "Output": ["u.id", "v.userid"], "Plans": [{"Node Type": "Merge Join", "Parent Relationship": "Outer", "Parallel Aware": false, "Join Type": "Inner", "Startup Cost": 7415.2, "Total Cost": 8228.74, "Plan Rows": 738700, "Plan Width": 8, "Actual Startup Time": 47.857, "Actual Total Time": 51.413, "Actual Rows": 574, "Actual Loops": 1, "Output": ["u.id", "v.userid"], "Inner Unique": true, "Merge Cond": "(v.userid = u.id)", "Plans": [{"Node Type": "Index Only Scan", "Parent Relationship": "Outer", "Parallel Aware": false, "Scan Direction": "Forward", "Index Name": "idx_votes_userid", "Relation Name": "votes", "Schema": "public", "Alias": "v", "Startup Cost": 0.3, "Total Cost": 6081.26, "Plan Rows": 328064, "Plan Width": 4, "Actual Startup Time": 0.014, "Actual Total Time": 22.737, "Actual Rows": 328002, "Actual Loops": 1, "Output": ["v.userid"], "Heap Fetches": 0}, {"Node Type": "Sort", "Parent Relationship": "Inner", "Parallel Aware": false, "Startup Cost": 1248.93, "Total Cost": 1251.2, "Plan Rows": 908, "Plan Width": 4, "Actual Startup Time": 13.92, "Actual Total Time": 13.995, "Actual Rows": 924, "Actual Loops": 1, "Output": ["u.id"], "Sort Key": ["u.id"], "Sort Method": "quicksort", "Sort Space Used": 68, "Sort Space Type": "Memory", "Plans": [{"Node Type": "Seq Scan", "Parent Relationship": "Outer", "Parallel Aware": false, "Relation Name": "users", "Schema": "public", "Alias": "u", "Startup Cost": 0.0, "Total Cost": 1204.31, "Plan Rows": 908, "Plan Width": 4, "Actual Startup Time": 0.048, "Actual Total Time": 13.718, "Actual Rows": 924, "Actual Loops": 1, "Output": ["u.id"], "Filter": "((u.creationdate <= 1409776882) AND (u.downvotes >= 0) AND (u.upvotes <= 224) AND (u.upvotes >= 0) AND (u.views = 5))", "Rows Removed by Filter": 39401}]}]}]}]}, {"Node Type": "Index Scan", "Parent Relationship": "Inner", "Parallel Aware": false, "Scan Direction": "Forward", "Index Name": "idx_posthistory_userid", "Relation Name": "posthistory", "Schema": "public", "Alias": "ph", "Startup Cost": 0.42, "Total Cost": 1.01, "Plan Rows": 9, "Plan Width": 4, "Actual Startup Time": 0.001, "Actual Total Time": 0.003, "Actual Rows": 3, "Actual Loops": 2275, "Output": ["ph.id", "ph.posthistorytypeid", "ph.postid", "ph.creationdate", "ph.userid"], "Index Cond": "(ph.userid = v.userid)", "Rows Removed by Index Recheck": 0, "Filter": "(ph.posthistorytypeid = 2)", "Rows Removed by Filter": 6}]}]}, "Planning Time": 115.992, "Triggers": [], "Execution Time": 86.201}]
q58#####[{"Plan": {"Node Type": "Aggregate", "Strategy": "Plain", "Partial Mode": "Simple", "Parallel Aware": false, "Startup Cost": 480646.56, "Total Cost": 480646.57, "Plan Rows": 1, "Plan Width": 8, "Actual Startup Time": 6504.503, "Actual Total Time": 6504.509, "Actual Rows": 1, "Actual Loops": 1, "Output": ["count(*)"], "Plans": [{"Node Type": "Hash Join", "Parent Relationship": "Outer", "Parallel Aware": false, "Join Type": "Inner", "Startup Cost": 13293.08, "Total Cost": 181773.87, "Plan Rows": 119549076, "Plan Width": 0, "Actual Startup Time": 70.704, "Actual Total Time": 4644.964, "Actual Rows": 56401480, "Actual Loops": 1, "Inner Unique": false, "Hash Cond": "(c.userid = u.id)", "Plans": [{"Node Type": "Nested Loop", "Parent Relationship": "Outer", "Parallel Aware": false, "Join Type": "Inner", "Startup Cost": 0.29, "Total Cost": 12998.89, "Plan Rows": 1527383, "Plan Width": 8, "Actual Startup Time": 0.213, "Actual Total Time": 319.417, "Actual Rows": 785044, "Actual Loops": 1, "Output": ["c.userid", "p.owneruserid"], "Inner Unique": false, "Plans": [{"Node Type": "Seq Scan", "Parent Relationship": "Outer", "Parallel Aware": false, "Relation Name": "posts", "Schema": "public", "Alias": "p", "Startup Cost": 0.0, "Total Cost": 4079.16, "Plan Rows": 2623, "Plan Width": 4, "Actual Startup Time": 0.191, "Actual Total Time": 14.153, "Actual Rows": 12175, "Actual Loops": 1, "Output": ["p.id", "p.posttypeid", "p.creationdate", "p.score", "p.viewcount", "p.owneruserid", "p.answercount", "p.commentcount", "p.favoritecount", "p.lasteditoruserid"], "Filter": "((p.answercount <= 5) AND (p.answercount >= 0) AND (p.creationdate <= 1410547815) AND (p.creationdate >= 1280201360) AND (p.favoritecount <= 8) AND (p.favoritecount >= 0) AND (p.score <= 28) AND (p.score >= 0) AND (p.viewcount <= 6517) AND (p.viewcount >= 0))", "Rows Removed by Filter": 79801}, {"Node Type": "Index Scan", "Parent Relationship": "Inner", "Parallel Aware": false, "Scan Direction": "Forward", "Index Name": "idx_comments_userid", "Relation Name": "comments", "Schema": "public", "Alias": "c", "Startup Cost": 0.29, "Total Cost": 3.14, "Plan Rows": 26, "Plan Width": 4, "Actual Startup Time": 0.002, "Actual Total Time": 0.02, "Actual Rows": 64, "Actual Loops": 12175, "Output": ["c.id", "c.postid", "c.score", "c.creationdate", "c.userid"], "Index Cond": "(c.userid = p.owneruserid)", "Rows Removed by Index Recheck": 0, "Filter": "(c.creationdate >= 1280203420)", "Rows Removed by Filter": 0}]}, {"Node Type": "Hash", "Parent Relationship": "Inner", "Parallel Aware": false, "Startup Cost": 7956.47, "Total Cost": 7956.47, "Plan Rows": 325225, "Plan Width": 8, "Actual Startup Time": 66.439, "Actual Total Time": 66.442, "Actual Rows": 32349, "Actual Loops": 1, "Output": ["u.id", "v.userid"], "Hash Buckets": 131072, "Original Hash Buckets": 131072, "Hash Batches": 8, "Original Hash Batches": 8, "Peak Memory Usage": 1262, "Plans": [{"Node Type": "Hash Join", "Parent Relationship": "Outer", "Parallel Aware": false, "Join Type": "Inner", "Startup Cost": 1401.58, "Total Cost": 7956.47, "Plan Rows": 325225, "Plan Width": 8, "Actual Startup Time": 14.196, "Actual Total Time": 61.934, "Actual Rows": 32349, "Actual Loops": 1, "Output": ["u.id", "v.userid"], "Inner Unique": true, "Hash Cond": "(v.userid = u.id)", "Plans": [{"Node Type": "Seq Scan", "Parent Relationship": "Outer", "Parallel Aware": false, "Relation Name": "votes", "Schema": "public", "Alias": "v", "Startup Cost": 0.0, "Total Cost": 5693.64, "Plan Rows": 328064, "Plan Width": 4, "Actual Startup Time": 0.018, "Actual Total Time": 16.859, "Actual Rows": 328064, "Actual Loops": 1, "Output": ["v.id", "v.postid", "v.votetypeid", "v.creationdate", "v.userid", "v.bountyamount"]}, {"Node Type": "Hash", "Parent Relationship": "Inner", "Parallel Aware": false, "Startup Cost": 901.88, "Total Cost": 901.88, "Plan Rows": 39976, "Plan Width": 4, "Actual Startup Time": 13.748, "Actual Total Time": 13.749, "Actual Rows": 39981, "Actual Loops": 1, "Output": ["u.id"], "Hash Buckets": 65536, "Original Hash Buckets": 65536, "Hash Batches": 1, "Original Hash Batches": 1, "Peak Memory Usage": 1918, "Plans": [{"Node Type": "Seq Scan", "Parent Relationship": "Outer", "Parallel Aware": false, "Relation Name": "users", "Schema": "public", "Alias": "u", "Startup Cost": 0.0, "Total Cost": 901.88, "Plan Rows": 39976, "Plan Width": 4, "Actual Startup Time": 0.064, "Actual Total Time": 7.428, "Actual Rows": 39981, "Actual Loops": 1, "Output": ["u.id"], "Filter": "((u.creationdate >= 1280194685) AND (u.views >= 0))", "Rows Removed by Filter": 344}]}]}]}]}]}, "Planning Time": 106.4, "Triggers": [], "Execution Time": 6504.629}]
q72#####[{"Plan": {"Node Type": "Aggregate", "Strategy": "Plain", "Partial Mode": "Simple", "Parallel Aware": false, "Startup Cost": 76452.82, "Total Cost": 76452.83, "Plan Rows": 1, "Plan Width": 8, "Actual Startup Time": 25002.486, "Actual Total Time": 25002.494, "Actual Rows": 1, "Actual Loops": 1, "Output": ["count(*)"], "Plans": [{"Node Type": "Nested Loop", "Parent Relationship": "Outer", "Parallel Aware": false, "Join Type": "Inner", "Startup Cost": 12878.87, "Total Cost": 56664.54, "Plan Rows": 7915311, "Plan Width": 0, "Actual Startup Time": 175.175, "Actual Total Time": 22049.971, "Actual Rows": 80052528, "Actual Loops": 1, "Inner Unique": false, "Plans": [{"Node Type": "Hash Join", "Parent Relationship": "Outer", "Parallel Aware": false, "Join Type": "Inner", "Startup Cost": 12878.58, "Total Cost": 17810.84, "Plan Rows": 91099, "Plan Width": 4, "Actual Startup Time": 175.15, "Actual Total Time": 377.304, "Actual Rows": 682253, "Actual Loops": 1, "Output": ["c.userid"], "Inner Unique": false, "Hash Cond": "(c.postid = p.id)", "Plans": [{"Node Type": "Seq Scan", "Parent Relationship": "Outer", "Parallel Aware": false, "Relation Name": "comments", "Schema": "public", "Alias": "c", "Startup Cost": 0.0, "Total Cost": 3896.57, "Plan Rows": 172575, "Plan Width": 8, "Actual Startup Time": 0.15, "Actual Total Time": 19.239, "Actual Rows": 173719, "Actual Loops": 1, "Output": ["c.id", "c.postid", "c.score", "c.creationdate", "c.userid"], "Filter": "((c.creationdate <= 1410603130) AND (c.creationdate >= 1280146875))", "Rows Removed by Filter": 586}, {"Node Type": "Hash", "Parent Relationship": "Inner", "Parallel Aware": false, "Startup Cost": 12763.46, "Total Cost": 12763.46, "Plan Rows": 9210, "Plan Width": 16, "Actual Startup Time": 174.856, "Actual Total Time": 174.861, "Actual Rows": 246170, "Actual Loops": 1, "Output": ["ph.postid", "pl.relatedpostid", "p.id", "v.postid"], "Hash Buckets": 131072, "Original Hash Buckets": 16384, "Hash Batches": 8, "Original Hash Batches": 1, "Peak Memory Usage": 3791, "Plans": [{"Node Type": "Hash Join", "Parent Relationship": "Outer", "Parallel Aware": false, "Join Type": "Inner", "Startup Cost": 4957.61, "Total Cost": 12763.46, "Plan Rows": 9210, "Plan Width": 16, "Actual Startup Time": 58.488, "Actual Total Time": 137.229, "Actual Rows": 246170, "Actual Loops": 1, "Output": ["ph.postid", "pl.relatedpostid", "p.id", "v.postid"], "Inner Unique": false, "Hash Cond": "(ph.postid = p.id)", "Plans": [{"Node Type": "Seq Scan", "Parent Relationship": "Outer", "Parallel Aware": false, "Relation Name": "posthistory", "Schema": "public", "Alias": "ph", "Startup Cost": 0.0, "Total Cost": 5261.87, "Plan Rows": 303187, "Plan Width": 4, "Actual Startup Time": 0.018, "Actual Total Time": 17.639, "Actual Rows": 303187, "Actual Loops": 1, "Output": ["ph.id", "ph.posthistorytypeid", "ph.postid", "ph.creationdate", "ph.userid"]}, {"Node Type": "Hash", "Parent Relationship": "Inner", "Parallel Aware": false, "Startup Cost": 4711.48, "Total Cost": 4711.48, "Plan Rows": 19690, "Plan Width": 12, "Actual Startup Time": 58.347, "Actual Total Time": 58.351, "Actual Rows": 37735, "Actual Loops": 1, "Output": ["pl.relatedpostid", "p.id", "v.postid"], "Hash Buckets": 65536, "Original Hash Buckets": 32768, "Hash Batches": 1, "Original Hash Batches": 1, "Peak Memory Usage": 2134, "Plans": [{"Node Type": "Nested Loop", "Parent Relationship": "Outer", "Parallel Aware": false, "Join Type": "Inner", "Startup Cost": 3232.17, "Total Cost": 4711.48, "Plan Rows": 19690, "Plan Width": 12, "Actual Startup Time": 16.035, "Actual Total Time": 52.879, "Actual Rows": 37735, "Actual Loops": 1, "Output": ["pl.relatedpostid", "p.id", "v.postid"], "Inner Unique": false, "Join Filter": "(p.id = v.postid)", "Rows Removed by Join Filter": 0, "Plans": [{"Node Type": "Hash Join", "Parent Relationship": "Outer", "Parallel Aware": false, "Join Type": "Inner", "Startup Cost": 3231.75, "Total Cost": 3453.91, "Plan Rows": 699, "Plan Width": 8, "Actual Startup Time": 15.974, "Actual Total Time": 19.293, "Actual Rows": 4664, "Actual Loops": 1, "Output": ["pl.relatedpostid", "p.id"], "Inner Unique": true, "Hash Cond": "(pl.relatedpostid = p.id)", "Plans": [{"Node Type": "Seq Scan", "Parent Relationship": "Outer", "Parallel Aware": false, "Relation Name": "postlinks", "Schema": "public", "Alias": "pl", "Startup Cost": 0.0, "Total Cost": 193.02, "Plan Rows": 11102, "Plan Width": 4, "Actual Startup Time": 0.009, "Actual Total Time": 0.654, "Actual Rows": 11102, "Actual Loops": 1, "Output": ["pl.id", "pl.creationdate", "pl.postid", "pl.relatedpostid", "pl.linktypeid"]}, {"Node Type": "Hash", "Parent Relationship": "Inner", "Parallel Aware": false, "Startup Cost": 3159.4, "Total Cost": 3159.4, "Plan Rows": 5788, "Plan Width": 4, "Actual Startup Time": 15.917, "Actual Total Time": 15.919, "Actual Rows": 11552, "Actual Loops": 1, "Output": ["p.id"], "Hash Buckets": 16384, "Original Hash Buckets": 8192, "Hash Batches": 1, "Original Hash Batches": 1, "Peak Memory Usage": 535, "Plans": [{"Node Type": "Seq Scan", "Parent Relationship": "Outer", "Parallel Aware": false, "Relation Name": "posts", "Schema": "public", "Alias": "p", "Startup Cost": 0.0, "Total Cost": 3159.4, "Plan Rows": 5788, "Plan Width": 4, "Actual Startup Time": 0.01, "Actual Total Time": 14.224, "Actual Rows": 11552, "Actual Loops": 1, "Output": ["p.id"], "Filter": "((p.answercount <= 5) AND (p.answercount >= 0) AND (p.commentcount <= 8) AND (p.favoritecount >= 0) AND (p.score <= 61) AND (p.viewcount <= 3627))", "Rows Removed by Filter": 80424}]}]}, {"Node Type": "Index Scan", "Parent Relationship": "Inner", "Parallel Aware": false, "Scan Direction": "Forward", "Index Name": "idx_votes_postid", "Relation Name": "votes", "Schema": "public", "Alias": "v", "Startup Cost": 0.42, "Total Cost": 1.72, "Plan Rows": 6, "Plan Width": 4, "Actual Startup Time": 0.002, "Actual Total Time": 0.006, "Actual Rows": 8, "Actual Loops": 4664, "Output": ["v.id", "v.postid", "v.votetypeid", "v.creationdate", "v.userid", "v.bountyamount"], "Index Cond": "(v.postid = pl.relatedpostid)", "Rows Removed by Index Recheck": 0, "Filter": "((v.creationdate >= 1280160000) AND (v.votetypeid = 2))", "Rows Removed by Filter": 4}]}]}]}]}]}, {"Node Type": "Index Scan", "Parent Relationship": "Inner", "Parallel Aware": false, "Scan Direction": "Forward", "Index Name": "idx_badges_userid", "Relation Name": "badges", "Schema": "public", "Alias": "b", "Startup Cost": 0.29, "Total Cost": 0.39, "Plan Rows": 4, "Plan Width": 4, "Actual Startup Time": 0.001, "Actual Total Time": 0.025, "Actual Rows": 117, "Actual Loops": 682253, "Output": ["b.id", "b.userid", "b.date"], "Index Cond": "(b.userid = c.userid)", "Rows Removed by Index Recheck": 0, "Filter": "(b.date >= 1280432964)", "Rows Removed by Filter": 0}]}]}, "Planning Time": 187.663, "Triggers": [], "Execution Time": 25002.632}]
q66#####[{"Plan": {"Node Type": "Aggregate", "Strategy": "Plain", "Partial Mode": "Simple", "Parallel Aware": false, "Startup Cost": 14781931.14, "Total Cost": 14781931.15, "Plan Rows": 1, "Plan Width": 8, "Actual Startup Time": 346.843, "Actual Total Time": 346.844, "Actual Rows": 1, "Actual Loops": 1, "Output": ["count(*)"], "Plans": [{"Node Type": "Nested Loop", "Parent Relationship": "Outer", "Parallel Aware": false, "Join Type": "Inner", "Startup Cost": 11934.32, "Total Cost": 6995212.01, "Plan Rows": 3114687655, "Plan Width": 0, "Actual Startup Time": 77.922, "Actual Total Time": 332.728, "Actual Rows": 394492, "Actual Loops": 1, "Inner Unique": false, "Join Filter": "(c.userid = p.owneruserid)", "Rows Removed by Join Filter": 0, "Plans": [{"Node Type": "Merge Join", "Parent Relationship": "Outer", "Parallel Aware": false, "Join Type": "Inner", "Startup Cost": 11934.03, "Total Cost": 1594395.75, "Plan Rows": 10140162, "Plan Width": 12, "Actual Startup Time": 77.898, "Actual Total Time": 170.966, "Actual Rows": 37651, "Actual Loops": 1, "Output": ["c.userid", "u.id", "v.userid"], "Inner Unique": false, "Merge Cond": "(c.userid = u.id)", "Plans": [{"Node Type": "Index Scan", "Parent Relationship": "Outer", "Parallel Aware": false, "Scan Direction": "Forward", "Index Name": "idx_comments_userid", "Relation Name": "comments", "Schema": "public", "Alias": "c", "Startup Cost": 0.29, "Total Cost": 8711.25, "Plan Rows": 134316, "Plan Width": 4, "Actual Startup Time": 0.041, "Actual Total Time": 52.768, "Actual Rows": 134844, "Actual Loops": 1, "Output": ["c.id", "c.postid", "c.score", "c.creationdate", "c.userid"], "Filter": "((c.creationdate <= 1410610335) AND (c.score = 0))", "Rows Removed by Filter": 39454}, {"Node Type": "Materialize", "Parent Relationship": "Inner", "Parallel Aware": false, "Startup Cost": 11776.94, "Total Cost": 96490.26, "Plan Rows": 31369200, "Plan Width": 8, "Actual Startup Time": 75.551, "Actual Total Time": 106.232, "Actual Rows": 43639, "Actual Loops": 1, "Output": ["u.id", "v.userid"], "Plans": [{"Node Type": "Merge Join", "Parent Relationship": "Outer", "Parallel Aware": false, "Join Type": "Inner", "Startup Cost": 11776.94, "Total Cost": 18067.26, "Plan Rows": 31369200, "Plan Width": 8, "Actual Startup Time": 75.546, "Actual Total Time": 102.691, "Actual Rows": 11440, "Actual Loops": 1, "Output": ["u.id", "v.userid"], "Inner Unique": false, "Merge Cond": "(u.id = v.userid)", "Plans": [{"Node Type": "Index Scan", "Parent Relationship": "Outer", "Parallel Aware": false, "Scan Direction": "Forward", "Index Name": "users_pkey", "Relation Name": "users", "Schema": "public", "Alias": "u", "Startup Cost": 0.29, "Total Cost": 1659.6, "Plan Rows": 38661, "Plan Width": 4, "Actual Startup Time": 0.03, "Actual Total Time": 7.349, "Actual Rows": 38651, "Actual Loops": 1, "Output": ["u.id", "u.reputation", "u.creationdate", "u.views", "u.upvotes", "u.downvotes"], "Filter": "((u.creationdate >= 1279537779) AND (u.upvotes <= 12) AND (u.upvotes >= 0))", "Rows Removed by Filter": 1634}, {"Node Type": "Index Scan", "Parent Relationship": "Inner", "Parallel Aware": false, "Scan Direction": "Forward", "Index Name": "idx_votes_userid", "Relation Name": "votes", "Schema": "public", "Alias": "v", "Startup Cost": 0.3, "Total Cost": 12362.69, "Plan Rows": 327194, "Plan Width": 4, "Actual Startup Time": 0.027, "Actual Total Time": 77.664, "Actual Rows": 327447, "Actual Loops": 1, "Output": ["v.id", "v.postid", "v.votetypeid", "v.creationdate", "v.userid", "v.bountyamount"], "Filter": "((v.bountyamount <= 50) AND (v.creationdate <= 1410451200))", "Rows Removed by Filter": 617}]}]}]}, {"Node Type": "Index Scan", "Parent Relationship": "Inner", "Parallel Aware": false, "Scan Direction": "Forward", "Index Name": "idx_posts_owneruserid", "Relation Name": "posts", "Schema": "public", "Alias": "p", "Startup Cost": 0.29, "Total Cost": 0.45, "Plan Rows": 7, "Plan Width": 4, "Actual Startup Time": 0.001, "Actual Total Time": 0.003, "Actual Rows": 10, "Actual Loops": 37651, "Output": ["p.id", "p.posttypeid", "p.creationdate", "p.score", "p.viewcount", "p.owneruserid", "p.answercount", "p.commentcount", "p.favoritecount", "p.lasteditoruserid"], "Index Cond": "(p.owneruserid = v.userid)", "Rows Removed by Index Recheck": 0, "Filter": "(p.creationdate >= 1280166675)", "Rows Removed by Filter": 0}]}]}, "Planning Time": 96.564, "Triggers": [], "Execution Time": 347.044}]
q99#####[{"Plan": {"Node Type": "Aggregate", "Strategy": "Plain", "Partial Mode": "Simple", "Parallel Aware": false, "Startup Cost": 126214.01, "Total Cost": 126214.01, "Plan Rows": 1, "Plan Width": 8, "Actual Startup Time": 607.588, "Actual Total Time": 607.589, "Actual Rows": 1, "Actual Loops": 1, "Output": ["count(*)"], "Plans": [{"Node Type": "Nested Loop", "Parent Relationship": "Outer", "Parallel Aware": false, "Join Type": "Inner", "Startup Cost": 0.29, "Total Cost": 56403.27, "Plan Rows": 27924293, "Plan Width": 0, "Actual Startup Time": 0.059, "Actual Total Time": 551.563, "Actual Rows": 1458075, "Actual Loops": 1, "Inner Unique": false, "Plans": [{"Node Type": "Seq Scan", "Parent Relationship": "Outer", "Parallel Aware": false, "Relation Name": "posthistory", "Schema": "public", "Alias": "ph", "Startup Cost": 0.0, "Total Cost": 6019.84, "Plan Rows": 43629, "Plan Width": 4, "Actual Startup Time": 0.028, "Actual Total Time": 24.435, "Actual Rows": 42921, "Actual Loops": 1, "Output": ["ph.id", "ph.posthistorytypeid", "ph.postid", "ph.creationdate", "ph.userid"], "Filter": "(ph.posthistorytypeid = 1)", "Rows Removed by Filter": 260266}, {"Node Type": "Index Scan", "Parent Relationship": "Inner", "Parallel Aware": false, "Scan Direction": "Forward", "Index Name": "idx_comments_userid", "Relation Name": "comments", "Schema": "public", "Alias": "c", "Startup Cost": 0.29, "Total Cost": 0.95, "Plan Rows": 20, "Plan Width": 4, "Actual Startup Time": 0.001, "Actual Total Time": 0.01, "Actual Rows": 34, "Actual Loops": 42921, "Output": ["c.id", "c.postid", "c.score", "c.creationdate", "c.userid"], "Index Cond": "(c.userid = ph.userid)", "Rows Removed by Index Recheck": 0, "Filter": "(c.score = 0)", "Rows Removed by Filter": 8}]}]}, "Planning Time": 46.124, "Triggers": [], "Execution Time": 607.657}]
q1#####[{"Plan": {"Node Type": "Aggregate", "Strategy": "Plain", "Partial Mode": "Simple", "Parallel Aware": false, "Startup Cost": 27322.39, "Total Cost": 27322.4, "Plan Rows": 1, "Plan Width": 8, "Actual Startup Time": 477.282, "Actual Total Time": 477.287, "Actual Rows": 1, "Actual Loops": 1, "Output": ["count(*)"], "Plans": [{"Node Type": "Hash Join", "Parent Relationship": "Outer", "Parallel Aware": false, "Join Type": "Inner", "Startup Cost": 5944.25, "Total Cost": 14017.3, "Plan Rows": 5322034, "Plan Width": 0, "Actual Startup Time": 60.532, "Actual Total Time": 376.858, "Actual Rows": 2809424, "Actual Loops": 1, "Inner Unique": false, "Hash Cond": "(p.owneruserid = b.userid)", "Plans": [{"Node Type": "Hash Join", "Parent Relationship": "Outer", "Parallel Aware": false, "Join Type": "Inner", "Startup Cost": 3001.24, "Total Cost": 9556.09, "Plan Rows": 15170, "Plan Width": 4, "Actual Startup Time": 17.301, "Actual Total Time": 95.019, "Actual Rows": 143872, "Actual Loops": 1, "Output": ["p.owneruserid"], "Inner Unique": true, "Hash Cond": "(v.postid = p.id)", "Plans": [{"Node Type": "Seq Scan", "Parent Relationship": "Outer", "Parallel Aware": false, "Relation Name": "votes", "Schema": "public", "Alias": "v", "Startup Cost": 0.0, "Total Cost": 5693.64, "Plan Rows": 328064, "Plan Width": 4, "Actual Startup Time": 0.252, "Actual Total Time": 19.888, "Actual Rows": 328064, "Actual Loops": 1, "Output": ["v.id", "v.postid", "v.votetypeid", "v.creationdate", "v.userid", "v.bountyamount"]}, {"Node Type": "Hash", "Parent Relationship": "Inner", "Parallel Aware": false, "Startup Cost": 2469.58, "Total Cost": 2469.58, "Plan Rows": 42533, "Plan Width": 8, "Actual Startup Time": 17.018, "Actual Total Time": 17.019, "Actual Rows": 42661, "Actual Loops": 1, "Output": ["p.owneruserid", "p.id"], "Hash Buckets": 65536, "Original Hash Buckets": 65536, "Hash Batches": 1, "Original Hash Batches": 1, "Peak Memory Usage": 2179, "Plans": [{"Node Type": "Seq Scan", "Parent Relationship": "Outer", "Parallel Aware": false, "Relation Name": "posts", "Schema": "public", "Alias": "p", "Startup Cost": 0.0, "Total Cost": 2469.58, "Plan Rows": 42533, "Plan Width": 8, "Actual Startup Time": 0.005, "Actual Total Time": 12.407, "Actual Rows": 42661, "Actual Loops": 1, "Output": ["p.owneruserid", "p.id"], "Filter": "((p.answercount <= 7) AND (p.answercount >= 0) AND (p.creationdate <= 1410451412))", "Rows Removed by Filter": 49315}]}]}, {"Node Type": "Hash", "Parent Relationship": "Inner", "Parallel Aware": false, "Startup Cost": 2843.48, "Total Cost": 2843.48, "Plan Rows": 7962, "Plan Width": 8, "Actual Startup Time": 43.204, "Actual Total Time": 43.206, "Actual Rows": 79593, "Actual Loops": 1, "Output": ["b.userid", "u.id"], "Hash Buckets": 131072, "Original Hash Buckets": 8192, "Hash Batches": 2, "Original Hash Batches": 1, "Peak Memory Usage": 3073, "Plans": [{"Node Type": "Hash Join", "Parent Relationship": "Outer", "Parallel Aware": false, "Join Type": "Inner", "Startup Cost": 1204.31, "Total Cost": 2843.48, "Plan Rows": 7962, "Plan Width": 8, "Actual Startup Time": 9.872, "Actual Total Time": 30.648, "Actual Rows": 79593, "Actual Loops": 1, "Output": ["b.userid", "u.id"], "Inner Unique": true, "Hash Cond": "(b.userid = u.id)", "Plans": [{"Node Type": "Seq Scan", "Parent Relationship": "Outer", "Parallel Aware": false, "Relation Name": "badges", "Schema": "public", "Alias": "b", "Startup Cost": 0.0, "Total Cost": 1430.14, "Plan Rows": 79623, "Plan Width": 4, "Actual Startup Time": 0.016, "Actual Total Time": 7.943, "Actual Rows": 79593, "Actual Loops": 1, "Output": ["b.id", "b.userid", "b.date"], "Filter": "(b.date <= 1410391656)", "Rows Removed by Filter": 258}, {"Node Type": "Hash", "Parent Relationship": "Inner", "Parallel Aware": false, "Startup Cost": 700.25, "Total Cost": 700.25, "Plan Rows": 40325, "Plan Width": 4, "Actual Startup Time": 9.678, "Actual Total Time": 9.678, "Actual Rows": 40325, "Actual Loops": 1, "Output": ["u.id"], "Hash Buckets": 65536, "Original Hash Buckets": 65536, "Hash Batches": 1, "Original Hash Batches": 1, "Peak Memory Usage": 1930, "Plans": [{"Node Type": "Seq Scan", "Parent Relationship": "Outer", "Parallel Aware": false, "Relation Name": "users", "Schema": "public", "Alias": "u", "Startup Cost": 0.0, "Total Cost": 700.25, "Plan Rows": 40325, "Plan Width": 4, "Actual Startup Time": 0.009, "Actual Total Time": 4.196, "Actual Rows": 40325, "Actual Loops": 1, "Output": ["u.id"]}]}]}]}]}]}, "Planning Time": 96.044, "Triggers": [], "Execution Time": 477.412}]
q98#####[{"Plan": {"Node Type": "Aggregate", "Strategy": "Plain", "Partial Mode": "Simple", "Parallel Aware": false, "Startup Cost": 90664.92, "Total Cost": 90664.93, "Plan Rows": 1, "Plan Width": 8, "Actual Startup Time": 190.464, "Actual Total Time": 190.466, "Actual Rows": 1, "Actual Loops": 1, "Output": ["count(*)"], "Plans": [{"Node Type": "Nested Loop", "Parent Relationship": "Outer", "Parallel Aware": false, "Join Type": "Inner", "Startup Cost": 1582.13, "Total Cost": 48451.88, "Plan Rows": 16885215, "Plan Width": 0, "Actual Startup Time": 22.456, "Actual Total Time": 178.692, "Actual Rows": 329207, "Actual Loops": 1, "Inner Unique": false, "Plans": [{"Node Type": "Hash Join", "Parent Relationship": "Outer", "Parallel Aware": false, "Join Type": "Inner", "Startup Cost": 1581.84, "Total Cost": 4844.32, "Plan Rows": 37260, "Plan Width": 8, "Actual Startup Time": 22.418, "Actual Total Time": 47.979, "Actual Rows": 32525, "Actual Loops": 1, "Output": ["p.owneruserid", "u.id"], "Inner Unique": true, "Hash Cond": "(p.owneruserid = u.id)", "Plans": [{"Node Type": "Seq Scan", "Parent Relationship": "Outer", "Parallel Aware": false, "Relation Name": "posts", "Schema": "public", "Alias": "p", "Startup Cost": 0.0, "Total Cost": 3159.4, "Plan Rows": 39264, "Plan Width": 4, "Actual Startup Time": 0.031, "Actual Total Time": 17.124, "Actual Rows": 39551, "Actual Loops": 1, "Output": ["p.id", "p.posttypeid", "p.creationdate", "p.score", "p.viewcount", "p.owneruserid", "p.answercount", "p.commentcount", "p.favoritecount", "p.lasteditoruserid"], "Filter": "((p.answercount <= 3) AND (p.commentcount <= 10) AND (p.score <= 15) AND (p.score >= 0) AND (p.viewcount <= 3002) AND (p.viewcount >= 0))", "Rows Removed by Filter": 52425}, {"Node Type": "Hash", "Parent Relationship": "Inner", "Parallel Aware": false, "Startup Cost": 1103.5, "Total Cost": 1103.5, "Plan Rows": 38267, "Plan Width": 4, "Actual Startup Time": 21.697, "Actual Total Time": 21.698, "Actual Rows": 38281, "Actual Loops": 1, "Output": ["u.id"], "Hash Buckets": 65536, "Original Hash Buckets": 65536, "Hash Batches": 1, "Original Hash Batches": 1, "Peak Memory Usage": 1858, "Plans": [{"Node Type": "Seq Scan", "Parent Relationship": "Outer", "Parallel Aware": false, "Relation Name": "users", "Schema": "public", "Alias": "u", "Startup Cost": 0.0, "Total Cost": 1103.5, "Plan Rows": 38267, "Plan Width": 4, "Actual Startup Time": 0.205, "Actual Total Time": 12.708, "Actual Rows": 38281, "Actual Loops": 1, "Output": ["u.id"], "Filter": "((u.creationdate <= 1409622606) AND (u.creationdate >= 1282551670) AND (u.downvotes <= 0) AND (u.upvotes >= 0))", "Rows Removed by Filter": 2044}]}]}, {"Node Type": "Index Scan", "Parent Relationship": "Inner", "Parallel Aware": false, "Scan Direction": "Forward", "Index Name": "idx_comments_userid", "Relation Name": "comments", "Schema": "public", "Alias": "c", "Startup Cost": 0.29, "Total Cost": 0.97, "Plan Rows": 20, "Plan Width": 4, "Actual Startup Time": 0.001, "Actual Total Time": 0.003, "Actual Rows": 10, "Actual Loops": 32525, "Output": ["c.id", "c.postid", "c.score", "c.creationdate", "c.userid"], "Index Cond": "(c.userid = p.owneruserid)", "Rows Removed by Index Recheck": 0, "Filter": "(c.score = 0)", "Rows Removed by Filter": 1}]}]}, "Planning Time": 72.307, "Triggers": [], "Execution Time": 190.589}]
q67#####[{"Plan": {"Node Type": "Aggregate", "Strategy": "Plain", "Partial Mode": "Simple", "Parallel Aware": false, "Startup Cost": 515586.0, "Total Cost": 515586.01, "Plan Rows": 1, "Plan Width": 8, "Actual Startup Time": 35720.977, "Actual Total Time": 35720.984, "Actual Rows": 1, "Actual Loops": 1, "Output": ["count(*)"], "Plans": [{"Node Type": "Hash Join", "Parent Relationship": "Outer", "Parallel Aware": false, "Join Type": "Inner", "Startup Cost": 58886.63, "Total Cost": 148043.51, "Plan Rows": 147016993, "Plan Width": 0, "Actual Startup Time": 542.502, "Actual Total Time": 25341.651, "Actual Rows": 312148706, "Actual Loops": 1, "Inner Unique": false, "Hash Cond": "(c.postid = p.id)", "Plans": [{"Node Type": "Nested Loop", "Parent Relationship": "Outer", "Parallel Aware": false, "Join Type": "Inner", "Startup Cost": 1205.31, "Total Cost": 27585.81, "Plan Rows": 408197, "Plan Width": 8, "Actual Startup Time": 22.389, "Actual Total Time": 535.5, "Actual Rows": 3452526, "Actual Loops": 1, "Output": ["c.postid", "pl.relatedpostid"], "Inner Unique": false, "Plans": [{"Node Type": "Hash Join", "Parent Relationship": "Outer", "Parallel Aware": false, "Join Type": "Inner", "Startup Cost": 1205.02, "Total Cost": 8718.94, "Plan Rows": 46419, "Plan Width": 16, "Actual Startup Time": 22.36, "Actual Total Time": 88.357, "Actual Rows": 29591, "Actual Loops": 1, "Output": ["c.userid", "c.postid", "pl.relatedpostid", "u.id"], "Inner Unique": true, "Hash Cond": "(c.userid = u.id)", "Plans": [{"Node Type": "Merge Join", "Parent Relationship": "Outer", "Parallel Aware": false, "Join Type": "Inner", "Startup Cost": 0.71, "Total Cost": 7392.77, "Plan Rows": 46419, "Plan Width": 12, "Actual Startup Time": 0.07, "Actual Total Time": 60.022, "Actual Rows": 30393, "Actual Loops": 1, "Output": ["c.userid", "c.postid", "pl.relatedpostid"], "Inner Unique": false, "Merge Cond": "(pl.relatedpostid = c.postid)", "Plans": [{"Node Type": "Index Scan", "Parent Relationship": "Outer", "Parallel Aware": false, "Scan Direction": "Forward", "Index Name": "idx_postlinks_relatedpostid", "Relation Name": "postlinks", "Schema": "public", "Alias": "pl", "Startup Cost": 0.29, "Total Cost": 578.72, "Plan Rows": 10186, "Plan Width": 4, "Actual Startup Time": 0.026, "Actual Total Time": 5.439, "Actual Rows": 10186, "Actual Loops": 1, "Output": ["pl.id", "pl.creationdate", "pl.postid", "pl.relatedpostid", "pl.linktypeid"], "Filter": "(pl.linktypeid = 1)", "Rows Removed by Filter": 916}, {"Node Type": "Index Scan", "Parent Relationship": "Inner", "Parallel Aware": false, "Scan Direction": "Forward", "Index Name": "idx_comments_postid", "Relation Name": "comments", "Schema": "public", "Alias": "c", "Startup Cost": 0.42, "Total Cost": 5899.58, "Plan Rows": 174305, "Plan Width": 8, "Actual Startup Time": 0.037, "Actual Total Time": 41.014, "Actual Rows": 190606, "Actual Loops": 1, "Output": ["c.id", "c.postid", "c.score", "c.creationdate", "c.userid"]}]}, {"Node Type": "Hash", "Parent Relationship": "Inner", "Parallel Aware": false, "Startup Cost": 700.25, "Total Cost": 700.25, "Plan Rows": 40325, "Plan Width": 4, "Actual Startup Time": 21.684, "Actual Total Time": 21.685, "Actual Rows": 40325, "Actual Loops": 1, "Output": ["u.id"], "Hash Buckets": 65536, "Original Hash Buckets": 65536, "Hash Batches": 1, "Original Hash Batches": 1, "Peak Memory Usage": 1930, "Plans": [{"Node Type": "Seq Scan", "Parent Relationship": "Outer", "Parallel Aware": false, "Relation Name": "users", "Schema": "public", "Alias": "u", "Startup Cost": 0.0, "Total Cost": 700.25, "Plan Rows": 40325, "Plan Width": 4, "Actual Startup Time": 0.013, "Actual Total Time": 8.957, "Actual Rows": 40325, "Actual Loops": 1, "Output": ["u.id"]}]}]}, {"Node Type": "Index Only Scan", "Parent Relationship": "Inner", "Parallel Aware": false, "Scan Direction": "Forward", "Index Name": "idx_badges_userid", "Relation Name": "badges", "Schema": "public", "Alias": "b", "Startup Cost": 0.29, "Total Cost": 0.37, "Plan Rows": 4, "Plan Width": 4, "Actual Startup Time": 0.001, "Actual Total Time": 0.007, "Actual Rows": 117, "Actual Loops": 29591, "Output": ["b.userid"], "Index Cond": "(b.userid = c.userid)", "Rows Removed by Index Recheck": 0, "Heap Fetches": 0}]}, {"Node Type": "Hash", "Parent Relationship": "Inner", "Parallel Aware": false, "Startup Cost": 39176.64, "Total Cost": 39176.64, "Plan Rows": 1064535, "Plan Width": 12, "Actual Startup Time": 480.996, "Actual Total Time": 480.998, "Actual Rows": 1177021, "Actual Loops": 1, "Output": ["ph.postid", "p.id", "v.postid"], "Hash Buckets": 131072, "Original Hash Buckets": 131072, "Hash Batches": 32, "Original Hash Batches": 32, "Peak Memory Usage": 2610, "Plans": [{"Node Type": "Merge Join", "Parent Relationship": "Outer", "Parallel Aware": false, "Join Type": "Inner", "Startup Cost": 1.55, "Total Cost": 39176.64, "Plan Rows": 1064535, "Plan Width": 12, "Actual Startup Time": 2.375, "Actual Total Time": 328.336, "Actual Rows": 1177021, "Actual Loops": 1, "Output": ["ph.postid", "p.id", "v.postid"], "Inner Unique": false, "Merge Cond": "(v.postid = p.id)", "Plans": [{"Node Type": "Index Only Scan", "Parent Relationship": "Outer", "Parallel Aware": false, "Scan Direction": "Forward", "Index Name": "idx_votes_postid", "Relation Name": "votes", "Schema": "public", "Alias": "v", "Startup Cost": 0.42, "Total Cost": 7721.38, "Plan Rows": 328064, "Plan Width": 4, "Actual Startup Time": 0.028, "Actual Total Time": 24.955, "Actual Rows": 327733, "Actual Loops": 1, "Output": ["v.postid"], "Heap Fetches": 0}, {"Node Type": "Materialize", "Parent Relationship": "Inner", "Parallel Aware": false, "Startup Cost": 0.81, "Total Cost": 15413.85, "Plan Rows": 298453, "Plan Width": 8, "Actual Startup Time": 0.585, "Actual Total Time": 152.234, "Actual Rows": 1220132, "Actual Loops": 1, "Output": ["ph.postid", "p.id"], "Plans": [{"Node Type": "Merge Join", "Parent Relationship": "Outer", "Parallel Aware": false, "Join Type": "Inner", "Startup Cost": 0.81, "Total Cost": 14667.72, "Plan Rows": 298453, "Plan Width": 8, "Actual Startup Time": 0.581, "Actual Total Time": 79.847, "Actual Rows": 298827, "Actual Loops": 1, "Output": ["ph.postid", "p.id"], "Inner Unique": true, "Merge Cond": "(ph.postid = p.id)", "Plans": [{"Node Type": "Index Only Scan", "Parent Relationship": "Outer", "Parallel Aware": false, "Scan Direction": "Forward", "Index Name": "idx_posthistory_postid", "Relation Name": "posthistory", "Schema": "public", "Alias": "ph", "Startup Cost": 0.42, "Total Cost": 6520.23, "Plan Rows": 303187, "Plan Width": 4, "Actual Startup Time": 0.024, "Actual Total Time": 22.282, "Actual Rows": 302311, "Actual Loops": 1, "Output": ["ph.postid"], "Heap Fetches": 0}, {"Node Type": "Index Scan", "Parent Relationship": "Inner", "Parallel Aware": false, "Scan Direction": "Forward", "Index Name": "posts_pkey", "Relation Name": "posts", "Schema": "public", "Alias": "p", "Startup Cost": 0.29, "Total Cost": 4178.69, "Plan Rows": 90540, "Plan Width": 4, "Actual Startup Time": 0.196, "Actual Total Time": 20.809, "Actual Rows": 90613, "Actual Loops": 1, "Output": ["p.id", "p.posttypeid", "p.creationdate", "p.score", "p.viewcount", "p.owneruserid", "p.answercount", "p.commentcount", "p.favoritecount", "p.lasteditoruserid"], "Filter": "((p.commentcount >= 0) AND (p.creationdate <= 1410380564) AND (p.creationdate >= 1280310056) AND (p.score <= 40))", "Rows Removed by Filter": 1363}]}]}]}]}]}]}, "Planning Time": 268.15, "Triggers": [], "Execution Time": 35721.312}]
q73#####[{"Plan": {"Node Type": "Aggregate", "Strategy": "Plain", "Partial Mode": "Simple", "Parallel Aware": false, "Startup Cost": 1559570.62, "Total Cost": 1559570.63, "Plan Rows": 1, "Plan Width": 8, "Actual Startup Time": 1264770.452, "Actual Total Time": 1264770.456, "Actual Rows": 1, "Actual Loops": 1, "Output": ["count(*)"], "Plans": [{"Node Type": "Hash Join", "Parent Relationship": "Outer", "Parallel Aware": false, "Join Type": "Inner", "Startup Cost": 41382.27, "Total Cost": 49568.26, "Plan Rows": 604000945, "Plan Width": 0, "Actual Startup Time": 1030.428, "Actual Total Time": 880883.867, "Actual Rows": 11644453951, "Actual Loops": 1, "Inner Unique": false, "Hash Cond": "(ph.userid = b.userid)", "Plans": [{"Node Type": "Hash Join", "Parent Relationship": "Outer", "Parallel Aware": false, "Join Type": "Inner", "Startup Cost": 1399.33, "Total Cost": 8215.04, "Plan Rows": 2991, "Plan Width": 8, "Actual Startup Time": 14.84, "Actual Total Time": 98.542, "Actual Rows": 258907, "Actual Loops": 1, "Output": ["ph.userid", "u.id"], "Inner Unique": true, "Hash Cond": "(ph.userid = u.id)", "Plans": [{"Node Type": "Seq Scan", "Parent Relationship": "Outer", "Parallel Aware": false, "Relation Name": "posthistory", "Schema": "public", "Alias": "ph", "Startup Cost": 0.0, "Total Cost": 6019.84, "Plan Rows": 303157, "Plan Width": 4, "Actual Startup Time": 0.045, "Actual Total Time": 33.478, "Actual Rows": 303005, "Actual Loops": 1, "Output": ["ph.id", "ph.posthistorytypeid", "ph.postid", "ph.creationdate", "ph.userid"], "Filter": "(ph.creationdate >= 1279540351)", "Rows Removed by Filter": 182}, {"Node Type": "Hash", "Parent Relationship": "Inner", "Parallel Aware": false, "Startup Cost": 901.88, "Total Cost": 901.88, "Plan Rows": 39796, "Plan Width": 4, "Actual Startup Time": 14.264, "Actual Total Time": 14.265, "Actual Rows": 39783, "Actual Loops": 1, "Output": ["u.id"], "Hash Buckets": 65536, "Original Hash Buckets": 65536, "Hash Batches": 1, "Original Hash Batches": 1, "Peak Memory Usage": 1911, "Plans": [{"Node Type": "Seq Scan", "Parent Relationship": "Outer", "Parallel Aware": false, "Relation Name": "users", "Schema": "public", "Alias": "u", "Startup Cost": 0.0, "Total Cost": 901.88, "Plan Rows": 39796, "Plan Width": 4, "Actual Startup Time": 0.045, "Actual Total Time": 7.217, "Actual Rows": 39783, "Actual Loops": 1, "Output": ["u.id"], "Filter": "((u.creationdate <= 1410317040) AND (u.creationdate >= 1280170566))", "Rows Removed by Filter": 542}]}]}, {"Node Type": "Hash", "Parent Relationship": "Inner", "Parallel Aware": false, "Startup Cost": 39579.98, "Total Cost": 39579.98, "Plan Rows": 32237, "Plan Width": 8, "Actual Startup Time": 1015.174, "Actual Total Time": 1015.175, "Actual Rows": 3724857, "Actual Loops": 1, "Output": ["b.userid", "p.owneruserid"], "Hash Buckets": 131072, "Original Hash Buckets": 32768, "Hash Batches": 8192, "Original Hash Batches": 1, "Peak Memory Usage": 21450, "Plans": [{"Node Type": "Nested Loop", "Parent Relationship": "Outer", "Parallel Aware": false, "Join Type": "Inner", "Startup Cost": 0.29, "Total Cost": 39579.98, "Plan Rows": 32237, "Plan Width": 8, "Actual Startup Time": 0.031, "Actual Total Time": 558.845, "Actual Rows": 3724857, "Actual Loops": 1, "Output": ["b.userid", "p.owneruserid"], "Inner Unique": false, "Plans": [{"Node Type": "Seq Scan", "Parent Relationship": "Outer", "Parallel Aware": false, "Relation Name": "posts", "Schema": "public", "Alias": "p", "Startup Cost": 0.0, "Total Cost": 2009.7, "Plan Rows": 91633, "Plan Width": 4, "Actual Startup Time": 0.012, "Actual Total Time": 12.904, "Actual Rows": 91624, "Actual Loops": 1, "Output": ["p.id", "p.posttypeid", "p.creationdate", "p.score", "p.viewcount", "p.owneruserid", "p.answercount", "p.commentcount", "p.favoritecount", "p.lasteditoruserid"], "Filter": "(p.score >= 0)", "Rows Removed by Filter": 352}, {"Node Type": "Index Only Scan", "Parent Relationship": "Inner", "Parallel Aware": false, "Scan Direction": "Forward", "Index Name": "idx_badges_userid", "Relation Name": "badges", "Schema": "public", "Alias": "b", "Startup Cost": 0.29, "Total Cost": 0.37, "Plan Rows": 4, "Plan Width": 4, "Actual Startup Time": 0.001, "Actual Total Time": 0.003, "Actual Rows": 41, "Actual Loops": 91624, "Output": ["b.userid"], "Index Cond": "(b.userid = p.owneruserid)", "Rows Removed by Index Recheck": 0, "Heap Fetches": 0}]}]}]}]}, "Planning Time": 99.797, "Triggers": [], "Execution Time": 1264770.594}]
q14#####[{"Plan": {"Node Type": "Aggregate", "Strategy": "Plain", "Partial Mode": "Simple", "Parallel Aware": false, "Startup Cost": 9168.98, "Total Cost": 9168.99, "Plan Rows": 1, "Plan Width": 8, "Actual Startup Time": 78.898, "Actual Total Time": 78.901, "Actual Rows": 1, "Actual Loops": 1, "Output": ["count(*)"], "Plans": [{"Node Type": "Nested Loop", "Parent Relationship": "Outer", "Parallel Aware": false, "Join Type": "Inner", "Startup Cost": 1295.94, "Total Cost": 9151.05, "Plan Rows": 7170, "Plan Width": 0, "Actual Startup Time": 14.753, "Actual Total Time": 78.636, "Actual Rows": 4582, "Actual Loops": 1, "Inner Unique": false, "Plans": [{"Node Type": "Hash Join", "Parent Relationship": "Outer", "Parallel Aware": false, "Join Type": "Inner", "Startup Cost": 1295.65, "Total Cost": 8632.91, "Plan Rows": 1234, "Plan Width": 8, "Actual Startup Time": 14.463, "Actual Total Time": 66.143, "Actual Rows": 433, "Actual Loops": 1, "Output": ["u.id", "v.userid"], "Inner Unique": true, "Hash Cond": "(v.userid = u.id)", "Plans": [{"Node Type": "Seq Scan", "Parent Relationship": "Outer", "Parallel Aware": false, "Relation Name": "votes", "Schema": "public", "Alias": "v", "Startup Cost": 0.0, "Total Cost": 7333.96, "Plan Rows": 1258, "Plan Width": 4, "Actual Startup Time": 0.221, "Actual Total Time": 52.196, "Actual Rows": 1301, "Actual Loops": 1, "Output": ["v.id", "v.postid", "v.votetypeid", "v.creationdate", "v.userid", "v.bountyamount"], "Filter": "((v.bountyamount <= 50) AND (v.bountyamount >= 0))", "Rows Removed by Filter": 326763}, {"Node Type": "Hash", "Parent Relationship": "Inner", "Parallel Aware": false, "Startup Cost": 801.06, "Total Cost": 801.06, "Plan Rows": 39567, "Plan Width": 4, "Actual Startup Time": 13.443, "Actual Total Time": 13.444, "Actual Rows": 39578, "Actual Loops": 1, "Output": ["u.id"], "Hash Buckets": 65536, "Original Hash Buckets": 65536, "Hash Batches": 1, "Original Hash Batches": 1, "Peak Memory Usage": 1904, "Plans": [{"Node Type": "Seq Scan", "Parent Relationship": "Outer", "Parallel Aware": false, "Relation Name": "users", "Schema": "public", "Alias": "u", "Startup Cost": 0.0, "Total Cost": 801.06, "Plan Rows": 39567, "Plan Width": 4, "Actual Startup Time": 0.01, "Actual Total Time": 6.837, "Actual Rows": 39578, "Actual Loops": 1, "Output": ["u.id"], "Filter": "(u.downvotes = 0)", "Rows Removed by Filter": 747}]}]}, {"Node Type": "Index Only Scan", "Parent Relationship": "Inner", "Parallel Aware": false, "Scan Direction": "Forward", "Index Name": "idx_badges_userid", "Relation Name": "badges", "Schema": "public", "Alias": "b", "Startup Cost": 0.29, "Total Cost": 0.38, "Plan Rows": 4, "Plan Width": 4, "Actual Startup Time": 0.027, "Actual Total Time": 0.028, "Actual Rows": 11, "Actual Loops": 433, "Output": ["b.userid"], "Index Cond": "(b.userid = u.id)", "Rows Removed by Index Recheck": 0, "Heap Fetches": 0}]}]}, "Planning Time": 114.914, "Triggers": [], "Execution Time": 78.982}]
q28#####[{"Plan": {"Node Type": "Aggregate", "Strategy": "Plain", "Partial Mode": "Simple", "Parallel Aware": false, "Startup Cost": 2351972.2, "Total Cost": 2351972.21, "Plan Rows": 1, "Plan Width": 8, "Actual Startup Time": 1443.35, "Actual Total Time": 1443.353, "Actual Rows": 1, "Actual Loops": 1, "Output": ["count(*)"], "Plans": [{"Node Type": "Nested Loop", "Parent Relationship": "Outer", "Parallel Aware": false, "Join Type": "Inner", "Startup Cost": 11440.61, "Total Cost": 736454.91, "Plan Rows": 646206914, "Plan Width": 0, "Actual Startup Time": 50.913, "Actual Total Time": 1333.503, "Actual Rows": 2863626, "Actual Loops": 1, "Inner Unique": false, "Join Filter": "(c.userid = ph.userid)", "Rows Removed by Join Filter": 0, "Plans": [{"Node Type": "Nested Loop", "Parent Relationship": "Outer", "Parallel Aware": false, "Join Type": "Inner", "Startup Cost": 11440.19, "Total Cost": 16161.78, "Plan Rows": 453251, "Plan Width": 16, "Actual Startup Time": 50.691, "Actual Total Time": 187.433, "Actual Rows": 12940, "Actual Loops": 1, "Output": ["c.userid", "p.owneruserid", "u.id", "v.userid"], "Inner Unique": false, "Join Filter": "(c.userid = p.owneruserid)", "Rows Removed by Join Filter": 0, "Plans": [{"Node Type": "Merge Join", "Parent Relationship": "Outer", "Parallel Aware": false, "Join Type": "Inner", "Startup Cost": 11439.9, "Total Cost": 14108.4, "Plan Rows": 3248, "Plan Width": 12, "Actual Startup Time": 50.289, "Actual Total Time": 63.61, "Actual Rows": 925, "Actual Loops": 1, "Output": ["c.userid", "u.id", "v.userid"], "Inner Unique": false, "Merge Cond": "(u.id = c.userid)", "Plans": [{"Node Type": "Merge Join", "Parent Relationship": "Outer", "Parallel Aware": false, "Join Type": "Inner", "Startup Cost": 7435.55, "Total Cost": 9199.51, "Plan Rows": 162200, "Plan Width": 8, "Actual Startup Time": 26.592, "Actual Total Time": 38.667, "Actual Rows": 771, "Actual Loops": 1, "Output": ["u.id", "v.userid"], "Inner Unique": false, "Merge Cond": "(u.id = v.userid)", "Plans": [{"Node Type": "Index Scan", "Parent Relationship": "Outer", "Parallel Aware": false, "Scan Direction": "Forward", "Index Name": "users_pkey", "Relation Name": "users", "Schema": "public", "Alias": "u", "Startup Cost": 0.29, "Total Cost": 1659.6, "Plan Rows": 37631, "Plan Width": 4, "Actual Startup Time": 0.145, "Actual Total Time": 10.406, "Actual Rows": 37636, "Actual Loops": 1, "Output": ["u.id", "u.reputation", "u.creationdate", "u.views", "u.upvotes", "u.downvotes"], "Filter": "((u.creationdate <= 1408053143) AND (u.creationdate >= 1285088830) AND (u.upvotes <= 230))", "Rows Removed by Filter": 2689}, {"Node Type": "Sort", "Parent Relationship": "Inner", "Parallel Aware": false, "Startup Cost": 7427.49, "Total Cost": 7431.84, "Plan Rows": 1738, "Plan Width": 4, "Actual Startup Time": 26.378, "Actual Total Time": 26.557, "Actual Rows": 1742, "Actual Loops": 1, "Output": ["v.userid"], "Sort Key": ["v.userid"], "Sort Method": "quicksort", "Sort Space Used": 130, "Sort Space Type": "Memory", "Plans": [{"Node Type": "Seq Scan", "Parent Relationship": "Outer", "Parallel Aware": false, "Relation Name": "votes", "Schema": "public", "Alias": "v", "Startup Cost": 0.0, "Total Cost": 7333.96, "Plan Rows": 1738, "Plan Width": 4, "Actual Startup Time": 0.15, "Actual Total Time": 26.148, "Actual Rows": 1744, "Actual Loops": 1, "Output": ["v.userid"], "Filter": "((v.bountyamount >= 0) AND (v.creationdate >= 1274198400))", "Rows Removed by Filter": 326320}]}]}, {"Node Type": "Sort", "Parent Relationship": "Inner", "Parallel Aware": false, "Startup Cost": 4002.54, "Total Cost": 4023.34, "Plan Rows": 8320, "Plan Width": 4, "Actual Startup Time": 23.258, "Actual Total Time": 24.177, "Actual Rows": 8696, "Actual Loops": 1, "Output": ["c.userid"], "Sort Key": ["c.userid"], "Sort Method": "quicksort", "Sort Space Used": 776, "Sort Space Type": "Memory", "Plans": [{"Node Type": "Seq Scan", "Parent Relationship": "Outer", "Parallel Aware": false, "Relation Name": "comments", "Schema": "public", "Alias": "c", "Startup Cost": 0.0, "Total Cost": 3460.81, "Plan Rows": 8320, "Plan Width": 4, "Actual Startup Time": 0.224, "Actual Total Time": 21.883, "Actual Rows": 8362, "Actual Loops": 1, "Output": ["c.userid"], "Filter": "(c.score = 2)", "Rows Removed by Filter": 165943}]}]}, {"Node Type": "Index Scan", "Parent Relationship": "Inner", "Parallel Aware": false, "Scan Direction": "Forward", "Index Name": "idx_posts_owneruserid", "Relation Name": "posts", "Schema": "public", "Alias": "p", "Startup Cost": 0.29, "Total Cost": 0.59, "Plan Rows": 3, "Plan Width": 4, "Actual Startup Time": 0.027, "Actual Total Time": 0.132, "Actual Rows": 14, "Actual Loops": 925, "Output": ["p.id", "p.posttypeid", "p.creationdate", "p.score", "p.viewcount", "p.owneruserid", "p.answercount", "p.commentcount", "p.favoritecount", "p.lasteditoruserid"], "Index Cond": "(p.owneruserid = u.id)", "Rows Removed by Index Recheck": 0, "Filter": "((p.answercount <= 9) AND (p.answercount >= 0) AND (p.creationdate <= 1409029042) AND (p.creationdate >= 1279621045))", "Rows Removed by Filter": 116}]}, {"Node Type": "Index Scan", "Parent Relationship": "Inner", "Parallel Aware": false, "Scan Direction": "Forward", "Index Name": "idx_posthistory_userid", "Relation Name": "posthistory", "Schema": "public", "Alias": "ph", "Startup Cost": 0.42, "Total Cost": 1.24, "Plan Rows": 28, "Plan Width": 4, "Actual Startup Time": 0.004, "Actual Total Time": 0.068, "Actual Rows": 221, "Actual Loops": 12940, "Output": ["ph.id", "ph.posthistorytypeid", "ph.postid", "ph.creationdate", "ph.userid"], "Index Cond": "(ph.userid = p.owneruserid)", "Rows Removed by Index Recheck": 0, "Filter": "(ph.creationdate <= 1409615927)", "Rows Removed by Filter": 4}]}]}, "Planning Time": 175.07, "Triggers": [], "Execution Time": 1443.467}]
q115#####[{"Plan": {"Node Type": "Aggregate", "Strategy": "Plain", "Partial Mode": "Simple", "Parallel Aware": false, "Startup Cost": 10982.6, "Total Cost": 10982.61, "Plan Rows": 1, "Plan Width": 8, "Actual Startup Time": 61.855, "Actual Total Time": 61.859, "Actual Rows": 1, "Actual Loops": 1, "Output": ["count(*)"], "Plans": [{"Node Type": "Nested Loop", "Parent Relationship": "Outer", "Parallel Aware": false, "Join Type": "Inner", "Startup Cost": 5624.67, "Total Cost": 10159.54, "Plan Rows": 329226, "Plan Width": 0, "Actual Startup Time": 42.341, "Actual Total Time": 60.882, "Actual Rows": 28572, "Actual Loops": 1, "Inner Unique": false, "Plans": [{"Node Type": "Hash Join", "Parent Relationship": "Outer", "Parallel Aware": false, "Join Type": "Inner", "Startup Cost": 5624.38, "Total Cost": 6319.32, "Plan Rows": 9358, "Plan Width": 8, "Actual Startup Time": 42.317, "Actual Total Time": 52.25, "Actual Rows": 4545, "Actual Loops": 1, "Output": ["p.owneruserid", "u.id"], "Inner Unique": true, "Hash Cond": "(p.owneruserid = u.id)", "Plans": [{"Node Type": "Hash Join", "Parent Relationship": "Outer", "Parallel Aware": false, "Join Type": "Inner", "Startup Cost": 4134.63, "Total Cost": 4804.15, "Plan Rows": 9685, "Plan Width": 4, "Actual Startup Time": 29.301, "Actual Total Time": 37.58, "Actual Rows": 9254, "Actual Loops": 1, "Output": ["p.owneruserid"], "Inner Unique": true, "Hash Cond": "(pl.relatedpostid = p.id)", "Plans": [{"Node Type": "Seq Scan", "Parent Relationship": "Outer", "Parallel Aware": false, "Relation Name": "postlinks", "Schema": "public", "Alias": "pl", "Startup Cost": 0.0, "Total Cost": 220.78, "Plan Rows": 10186, "Plan Width": 4, "Actual Startup Time": 0.253, "Actual Total Time": 2.454, "Actual Rows": 10186, "Actual Loops": 1, "Output": ["pl.relatedpostid"], "Filter": "(pl.linktypeid = 1)", "Rows Removed by Filter": 916}, {"Node Type": "Hash", "Parent Relationship": "Inner", "Parallel Aware": false, "Startup Cost": 2699.52, "Total Cost": 2699.52, "Plan Rows": 87449, "Plan Width": 8, "Actual Startup Time": 28.422, "Actual Total Time": 28.423, "Actual Rows": 88008, "Actual Loops": 1, "Output": ["p.owneruserid", "p.id"], "Hash Buckets": 131072, "Original Hash Buckets": 131072, "Hash Batches": 2, "Original Hash Batches": 2, "Peak Memory Usage": 2749, "Plans": [{"Node Type": "Seq Scan", "Parent Relationship": "Outer", "Parallel Aware": false, "Relation Name": "posts", "Schema": "public", "Alias": "p", "Startup Cost": 0.0, "Total Cost": 2699.52, "Plan Rows": 87449, "Plan Width": 8, "Actual Startup Time": 0.533, "Actual Total Time": 16.086, "Actual Rows": 88008, "Actual Loops": 1, "Output": ["p.owneruserid", "p.id"], "Filter": "((p.commentcount <= 8) AND (p.creationdate <= 1410023463) AND (p.creationdate >= 1279686643) AND (p.score >= '-1'::integer))", "Rows Removed by Filter": 3968}]}]}, {"Node Type": "Hash", "Parent Relationship": "Inner", "Parallel Aware": false, "Startup Cost": 1002.69, "Total Cost": 1002.69, "Plan Rows": 38965, "Plan Width": 4, "Actual Startup Time": 12.842, "Actual Total Time": 12.843, "Actual Rows": 39139, "Actual Loops": 1, "Output": ["u.id"], "Hash Buckets": 65536, "Original Hash Buckets": 65536, "Hash Batches": 1, "Original Hash Batches": 1, "Peak Memory Usage": 1888, "Plans": [{"Node Type": "Seq Scan", "Parent Relationship": "Outer", "Parallel Aware": false, "Relation Name": "users", "Schema": "public", "Alias": "u", "Startup Cost": 0.0, "Total Cost": 1002.69, "Plan Rows": 38965, "Plan Width": 4, "Actual Startup Time": 0.079, "Actual Total Time": 7.404, "Actual Rows": 39139, "Actual Loops": 1, "Output": ["u.id"], "Filter": "((u.creationdate <= 1410445602) AND (u.creationdate >= 1280142685) AND (u.views <= 40))", "Rows Removed by Filter": 1186}]}]}, {"Node Type": "Index Only Scan", "Parent Relationship": "Inner", "Parallel Aware": false, "Scan Direction": "Forward", "Index Name": "idx_badges_userid", "Relation Name": "badges", "Schema": "public", "Alias": "b", "Startup Cost": 0.29, "Total Cost": 0.37, "Plan Rows": 4, "Plan Width": 4, "Actual Startup Time": 0.001, "Actual Total Time": 0.001, "Actual Rows": 6, "Actual Loops": 4545, "Output": ["b.userid"], "Index Cond": "(b.userid = p.owneruserid)", "Rows Removed by Index Recheck": 0, "Heap Fetches": 0}]}]}, "Planning Time": 93.276, "Triggers": [], "Execution Time": 61.962}]
q101#####[{"Plan": {"Node Type": "Aggregate", "Strategy": "Plain", "Partial Mode": "Simple", "Parallel Aware": false, "Startup Cost": 916051.36, "Total Cost": 916051.37, "Plan Rows": 1, "Plan Width": 8, "Actual Startup Time": 1932.632, "Actual Total Time": 1932.635, "Actual Rows": 1, "Actual Loops": 1, "Output": ["count(*)"], "Plans": [{"Node Type": "Merge Join", "Parent Relationship": "Outer", "Parallel Aware": false, "Join Type": "Inner", "Startup Cost": 3.56, "Total Cost": 742788.46, "Plan Rows": 69305159, "Plan Width": 0, "Actual Startup Time": 97.621, "Actual Total Time": 1793.453, "Actual Rows": 3812589, "Actual Loops": 1, "Inner Unique": false, "Merge Cond": "(c.postid = p.id)", "Plans": [{"Node Type": "Index Scan", "Parent Relationship": "Outer", "Parallel Aware": false, "Scan Direction": "Forward", "Index Name": "idx_comments_postid", "Relation Name": "comments", "Schema": "public", "Alias": "c", "Startup Cost": 0.42, "Total Cost": 6771.1, "Plan Rows": 133752, "Plan Width": 4, "Actual Startup Time": 0.022, "Actual Total Time": 75.896, "Actual Rows": 134204, "Actual Loops": 1, "Output": ["c.id", "c.postid", "c.score", "c.creationdate", "c.userid"], "Filter": "((c.creationdate <= 1410263909) AND (c.score = 0))", "Rows Removed by Filter": 40101}, {"Node Type": "Materialize", "Parent Relationship": "Inner", "Parallel Aware": false, "Startup Cost": 3.09, "Total Cost": 439904.8, "Plan Rows": 15315402, "Plan Width": 12, "Actual Startup Time": 91.263, "Actual Total Time": 1341.896, "Actual Rows": 4599528, "Actual Loops": 1, "Output": ["p.id", "ph.postid", "v.postid"], "Plans": [{"Node Type": "Merge Join", "Parent Relationship": "Outer", "Parallel Aware": false, "Join Type": "Inner", "Startup Cost": 3.09, "Total Cost": 401616.29, "Plan Rows": 15315402, "Plan Width": 12, "Actual Startup Time": 91.259, "Actual Total Time": 965.872, "Actual Rows": 2034309, "Actual Loops": 1, "Output": ["p.id", "ph.postid", "v.postid"], "Inner Unique": false, "Merge Cond": "(p.id = ph.postid)", "Plans": [{"Node Type": "Nested Loop", "Parent Relationship": "Outer", "Parallel Aware": false, "Join Type": "Inner", "Startup Cost": 0.88, "Total Cost": 34163.28, "Plan Rows": 1302592, "Plan Width": 4, "Actual Startup Time": 2.387, "Actual Total Time": 141.092, "Actual Rows": 121845, "Actual Loops": 1, "Output": ["p.id"], "Inner Unique": false, "Plans": [{"Node Type": "Nested Loop", "Parent Relationship": "Outer", "Parallel Aware": false, "Join Type": "Inner", "Startup Cost": 0.58, "Total Cost": 18602.51, "Plan Rows": 37025, "Plan Width": 12, "Actual Startup Time": 2.369, "Actual Total Time": 88.498, "Actual Rows": 30450, "Actual Loops": 1, "Output": ["p.owneruserid", "p.id", "u.id"], "Inner Unique": true, "Plans": [{"Node Type": "Index Scan", "Parent Relationship": "Outer", "Parallel Aware": false, "Scan Direction": "Forward", "Index Name": "posts_pkey", "Relation Name": "posts", "Schema": "public", "Alias": "p", "Startup Cost": 0.29, "Total Cost": 4868.51, "Plan Rows": 38701, "Plan Width": 8, "Actual Startup Time": 2.334, "Actual Total Time": 27.292, "Actual Rows": 39849, "Actual Loops": 1, "Output": ["p.id", "p.posttypeid", "p.creationdate", "p.score", "p.viewcount", "p.owneruserid", "p.answercount", "p.commentcount", "p.favoritecount", "p.lasteditoruserid"], "Filter": "((p.answercount <= 4) AND (p.commentcount <= 11) AND (p.commentcount >= 0) AND (p.creationdate >= 1295915501) AND (p.score >= '-4'::integer) AND (p.viewcount <= 5977) AND (p.viewcount >= 0))", "Rows Removed by Filter": 51690}, {"Node Type": "Index Scan", "Parent Relationship": "Inner", "Parallel Aware": false, "Scan Direction": "Forward", "Index Name": "users_pkey", "Relation Name": "users", "Schema": "public", "Alias": "u", "Startup Cost": 0.29, "Total Cost": 0.35, "Plan Rows": 1, "Plan Width": 4, "Actual Startup Time": 0.001, "Actual Total Time": 0.001, "Actual Rows": 1, "Actual Loops": 39849, "Output": ["u.id", "u.reputation", "u.creationdate", "u.views", "u.upvotes", "u.downvotes"], "Index Cond": "(u.id = p.owneruserid)", "Rows Removed by Index Recheck": 0, "Filter": "((u.downvotes <= 0) AND (u.reputation <= 312))", "Rows Removed by Filter": 0}]}, {"Node Type": "Index Only Scan", "Parent Relationship": "Inner", "Parallel Aware": false, "Scan Direction": "Forward", "Index Name": "idx_badges_userid", "Relation Name": "badges", "Schema": "public", "Alias": "b", "Startup Cost": 0.29, "Total Cost": 0.38, "Plan Rows": 4, "Plan Width": 4, "Actual Startup Time": 0.001, "Actual Total Time": 0.001, "Actual Rows": 4, "Actual Loops": 30450, "Output": ["b.userid"], "Index Cond": "(b.userid = p.owneruserid)", "Rows Removed by Index Recheck": 0, "Heap Fetches": 0}]}, {"Node Type": "Materialize", "Parent Relationship": "Inner", "Parallel Aware": false, "Startup Cost": 1.47, "Total Cost": 41925.75, "Plan Rows": 1535103, "Plan Width": 8, "Actual Startup Time": 0.051, "Actual Total Time": 523.48, "Actual Rows": 2949862, "Actual Loops": 1, "Output": ["ph.postid", "v.postid"], "Plans": [{"Node Type": "Merge Join", "Parent Relationship": "Outer", "Parallel Aware": false, "Join Type": "Inner", "Startup Cost": 1.47, "Total Cost": 38088.0, "Plan Rows": 1535103, "Plan Width": 8, "Actual Startup Time": 0.047, "Actual Total Time": 296.669, "Actual Rows": 1329705, "Actual Loops": 1, "Output": ["ph.postid", "v.postid"], "Inner Unique": false, "Merge Cond": "(v.postid = ph.postid)", "Plans": [{"Node Type": "Index Only Scan", "Parent Relationship": "Outer", "Parallel Aware": false, "Scan Direction": "Forward", "Index Name": "idx_votes_postid", "Relation Name": "votes", "Schema": "public", "Alias": "v", "Startup Cost": 0.42, "Total Cost": 7721.38, "Plan Rows": 328064, "Plan Width": 4, "Actual Startup Time": 0.015, "Actual Total Time": 44.252, "Actual Rows": 327577, "Actual Loops": 1, "Output": ["v.postid"], "Heap Fetches": 0}, {"Node Type": "Materialize", "Parent Relationship": "Inner", "Parallel Aware": false, "Startup Cost": 0.42, "Total Cost": 7278.19, "Plan Rows": 303187, "Plan Width": 4, "Actual Startup Time": 0.029, "Actual Total Time": 99.144, "Actual Rows": 1372615, "Actual Loops": 1, "Output": ["ph.postid"], "Plans": [{"Node Type": "Index Only Scan", "Parent Relationship": "Outer", "Parallel Aware": false, "Scan Direction": "Forward", "Index Name": "idx_posthistory_postid", "Relation Name": "posthistory", "Schema": "public", "Alias": "ph", "Startup Cost": 0.42, "Total Cost": 6520.23, "Plan Rows": 303187, "Plan Width": 4, "Actual Startup Time": 0.026, "Actual Total Time": 27.368, "Actual Rows": 301851, "Actual Loops": 1, "Output": ["ph.postid"], "Heap Fetches": 0}]}]}]}]}]}]}]}, "Planning Time": 182.044, "Triggers": [], "Execution Time": 1932.775}]
q129#####[{"Plan": {"Node Type": "Aggregate", "Strategy": "Plain", "Partial Mode": "Simple", "Parallel Aware": false, "Startup Cost": 25003.66, "Total Cost": 25003.67, "Plan Rows": 1, "Plan Width": 8, "Actual Startup Time": 2736.023, "Actual Total Time": 2736.025, "Actual Rows": 1, "Actual Loops": 1, "Output": ["count(*)"], "Plans": [{"Node Type": "Nested Loop", "Parent Relationship": "Outer", "Parallel Aware": false, "Join Type": "Inner", "Startup Cost": 1598.93, "Total Cost": 23299.18, "Plan Rows": 681792, "Plan Width": 0, "Actual Startup Time": 14.506, "Actual Total Time": 2533.853, "Actual Rows": 5982882, "Actual Loops": 1, "Inner Unique": false, "Join Filter": "(p.owneruserid = b.userid)", "Rows Removed by Join Filter": 0, "Plans": [{"Node Type": "Nested Loop", "Parent Relationship": "Outer", "Parallel Aware": false, "Join Type": "Inner", "Startup Cost": 1598.64, "Total Cost": 13806.6, "Plan Rows": 19627, "Plan Width": 8, "Actual Startup Time": 13.643, "Actual Total Time": 263.797, "Actual Rows": 375085, "Actual Loops": 1, "Output": ["p.owneruserid", "u.id"], "Inner Unique": false, "Plans": [{"Node Type": "Nested Loop", "Parent Relationship": "Outer", "Parallel Aware": false, "Join Type": "Inner", "Startup Cost": 1598.22, "Total Cost": 11409.94, "Plan Rows": 4195, "Plan Width": 20, "Actual Startup Time": 13.632, "Actual Total Time": 145.896, "Actual Rows": 55797, "Actual Loops": 1, "Output": ["c.postid", "p.owneruserid", "p.id", "u.id", "v.postid"], "Inner Unique": false, "Plans": [{"Node Type": "Hash Join", "Parent Relationship": "Outer", "Parallel Aware": false, "Join Type": "Inner", "Startup Cost": 1597.8, "Total Cost": 7964.1, "Plan Rows": 5190, "Plan Width": 16, "Actual Startup Time": 13.593, "Actual Total Time": 52.786, "Actual Rows": 27503, "Actual Loops": 1, "Output": ["c.postid", "p.owneruserid", "p.id", "u.id"], "Inner Unique": true, "Hash Cond": "(p.owneruserid = u.id)", "Plans": [{"Node Type": "Nested Loop", "Parent Relationship": "Outer", "Parallel Aware": false, "Join Type": "Inner", "Startup Cost": 0.42, "Total Cost": 6227.67, "Plan Rows": 52970, "Plan Width": 12, "Actual Startup Time": 0.027, "Actual Total Time": 32.763, "Actual Rows": 30578, "Actual Loops": 1, "Output": ["c.postid", "p.owneruserid", "p.id"], "Inner Unique": false, "Plans": [{"Node Type": "Seq Scan", "Parent Relationship": "Outer", "Parallel Aware": false, "Relation Name": "posts", "Schema": "public", "Alias": "p", "Startup Cost": 0.0, "Total Cost": 2929.46, "Plan Rows": 2795, "Plan Width": 8, "Actual Startup Time": 0.016, "Actual Total Time": 12.266, "Actual Rows": 12978, "Actual Loops": 1, "Output": ["p.id", "p.posttypeid", "p.creationdate", "p.score", "p.viewcount", "p.owneruserid", "p.answercount", "p.commentcount", "p.favoritecount", "p.lasteditoruserid"], "Filter": "((p.answercount <= 7) AND (p.answercount >= 0) AND (p.favoritecount <= 17) AND (p.favoritecount >= 0) AND (p.viewcount >= 0))", "Rows Removed by Filter": 78998}, {"Node Type": "Index Only Scan", "Parent Relationship": "Inner", "Parallel Aware": false, "Scan Direction": "Forward", "Index Name": "idx_comments_postid", "Relation Name": "comments", "Schema": "public", "Alias": "c", "Startup Cost": 0.42, "Total Cost": 1.13, "Plan Rows": 5, "Plan Width": 4, "Actual Startup Time": 0.001, "Actual Total Time": 0.001, "Actual Rows": 2, "Actual Loops": 12978, "Output": ["c.postid"], "Index Cond": "(c.postid = p.id)", "Rows Removed by Index Recheck": 0, "Heap Fetches": 0}]}, {"Node Type": "Hash", "Parent Relationship": "Inner", "Parallel Aware": false, "Startup Cost": 1103.5, "Total Cost": 1103.5, "Plan Rows": 39510, "Plan Width": 4, "Actual Startup Time": 12.657, "Actual Total Time": 12.657, "Actual Rows": 39438, "Actual Loops": 1, "Output": ["u.id"], "Hash Buckets": 65536, "Original Hash Buckets": 65536, "Hash Batches": 1, "Original Hash Batches": 1, "Peak Memory Usage": 1899, "Plans": [{"Node Type": "Seq Scan", "Parent Relationship": "Outer", "Parallel Aware": false, "Relation Name": "users", "Schema": "public", "Alias": "u", "Startup Cost": 0.0, "Total Cost": 1103.5, "Plan Rows": 39510, "Plan Width": 4, "Actual Startup Time": 0.067, "Actual Total Time": 7.375, "Actual Rows": 39438, "Actual Loops": 1, "Output": ["u.id"], "Filter": "((u.creationdate <= 1410384146) AND (u.creationdate >= 1282170394) AND (u.reputation >= 1) AND (u.views >= 0))", "Rows Removed by Filter": 887}]}]}, {"Node Type": "Index Scan", "Parent Relationship": "Inner", "Parallel Aware": false, "Scan Direction": "Forward", "Index Name": "idx_votes_postid", "Relation Name": "votes", "Schema": "public", "Alias": "v", "Startup Cost": 0.42, "Total Cost": 0.65, "Plan Rows": 1, "Plan Width": 4, "Actual Startup Time": 0.002, "Actual Total Time": 0.003, "Actual Rows": 2, "Actual Loops": 27503, "Output": ["v.id", "v.postid", "v.votetypeid", "v.creationdate", "v.userid", "v.bountyamount"], "Index Cond": "(v.postid = c.postid)", "Rows Removed by Index Recheck": 0, "Filter": "(v.votetypeid = 5)", "Rows Removed by Filter": 5}]}, {"Node Type": "Index Only Scan", "Parent Relationship": "Inner", "Parallel Aware": false, "Scan Direction": "Forward", "Index Name": "idx_posthistory_postid", "Relation Name": "posthistory", "Schema": "public", "Alias": "ph", "Startup Cost": 0.42, "Total Cost": 0.52, "Plan Rows": 5, "Plan Width": 4, "Actual Startup Time": 0.001, "Actual Total Time": 0.001, "Actual Rows": 7, "Actual Loops": 55797, "Output": ["ph.postid"], "Index Cond": "(ph.postid = c.postid)", "Rows Removed by Index Recheck": 0, "Heap Fetches": 0}]}, {"Node Type": "Index Scan", "Parent Relationship": "Inner", "Parallel Aware": false, "Scan Direction": "Forward", "Index Name": "idx_badges_userid", "Relation Name": "badges", "Schema": "public", "Alias": "b", "Startup Cost": 0.29, "Total Cost": 0.43, "Plan Rows": 4, "Plan Width": 4, "Actual Startup Time": 0.001, "Actual Total Time": 0.005, "Actual Rows": 16, "Actual Loops": 375085, "Output": ["b.id", "b.userid", "b.date"], "Index Cond": "(b.userid = u.id)", "Rows Removed by Index Recheck": 0, "Filter": "(b.date >= 1280602493)", "Rows Removed by Filter": 0}]}]}, "Planning Time": 169.892, "Triggers": [], "Execution Time": 2736.102}]
q128#####[{"Plan": {"Node Type": "Aggregate", "Strategy": "Plain", "Partial Mode": "Simple", "Parallel Aware": false, "Startup Cost": 26836.24, "Total Cost": 26836.25, "Plan Rows": 1, "Plan Width": 8, "Actual Startup Time": 388.667, "Actual Total Time": 388.669, "Actual Rows": 1, "Actual Loops": 1, "Output": ["count(*)"], "Plans": [{"Node Type": "Merge Join", "Parent Relationship": "Outer", "Parallel Aware": false, "Join Type": "Inner", "Startup Cost": 6070.01, "Total Cost": 25860.86, "Plan Rows": 390154, "Plan Width": 0, "Actual Startup Time": 43.779, "Actual Total Time": 337.46, "Actual Rows": 1582060, "Actual Loops": 1, "Inner Unique": false, "Merge Cond": "(p.id = c.postid)", "Plans": [{"Node Type": "Merge Join", "Parent Relationship": "Outer", "Parallel Aware": false, "Join Type": "Inner", "Startup Cost": 1.03, "Total Cost": 15538.13, "Plan Rows": 327811, "Plan Width": 8, "Actual Startup Time": 0.031, "Actual Total Time": 71.271, "Actual Rows": 314886, "Actual Loops": 1, "Output": ["p.id", "v.postid"], "Inner Unique": false, "Merge Cond": "(p.id = v.postid)", "Plans": [{"Node Type": "Index Scan", "Parent Relationship": "Outer", "Parallel Aware": false, "Scan Direction": "Forward", "Index Name": "posts_pkey", "Relation Name": "posts", "Schema": "public", "Alias": "p", "Startup Cost": 0.29, "Total Cost": 3488.87, "Plan Rows": 91905, "Plan Width": 4, "Actual Startup Time": 0.018, "Actual Total Time": 15.373, "Actual Rows": 89450, "Actual Loops": 1, "Output": ["p.id", "p.posttypeid", "p.creationdate", "p.score", "p.viewcount", "p.owneruserid", "p.answercount", "p.commentcount", "p.favoritecount", "p.lasteditoruserid"], "Filter": "(p.score <= 67)", "Rows Removed by Filter": 68}, {"Node Type": "Index Only Scan", "Parent Relationship": "Inner", "Parallel Aware": false, "Scan Direction": "Forward", "Index Name": "idx_votes_postid", "Relation Name": "votes", "Schema": "public", "Alias": "v", "Startup Cost": 0.42, "Total Cost": 7721.38, "Plan Rows": 328064, "Plan Width": 4, "Actual Startup Time": 0.01, "Actual Total Time": 23.609, "Actual Rows": 323942, "Actual Loops": 1, "Output": ["v.postid"], "Heap Fetches": 0}]}, {"Node Type": "Materialize", "Parent Relationship": "Inner", "Parallel Aware": false, "Startup Cost": 6068.98, "Total Cost": 6958.59, "Plan Rows": 49938, "Plan Width": 12, "Actual Startup Time": 33.658, "Actual Total Time": 132.876, "Actual Rows": 1589303, "Actual Loops": 1, "Output": ["c.postid", "ph.postid", "pl.relatedpostid"], "Plans": [{"Node Type": "Nested Loop", "Parent Relationship": "Outer", "Parallel Aware": false, "Join Type": "Inner", "Startup Cost": 6068.98, "Total Cost": 6833.74, "Plan Rows": 49938, "Plan Width": 12, "Actual Startup Time": 33.655, "Actual Total Time": 71.618, "Actual Rows": 84334, "Actual Loops": 1, "Output": ["c.postid", "ph.postid", "pl.relatedpostid"], "Inner Unique": false, "Plans": [{"Node Type": "Nested Loop", "Parent Relationship": "Outer", "Parallel Aware": false, "Join Type": "Inner", "Startup Cost": 6068.69, "Total Cost": 6582.34, "Plan Rows": 584, "Plan Width": 16, "Actual Startup Time": 33.341, "Actual Total Time": 38.705, "Actual Rows": 1218, "Actual Loops": 1, "Output": ["c.userid", "c.postid", "ph.postid", "pl.relatedpostid"], "Inner Unique": false, "Join Filter": "(ph.postid = c.postid)", "Rows Removed by Join Filter": 0, "Plans": [{"Node Type": "Merge Join", "Parent Relationship": "Outer", "Parallel Aware": false, "Join Type": "Inner", "Startup Cost": 6068.27, "Total Cost": 6385.03, "Plan Rows": 166, "Plan Width": 8, "Actual Startup Time": 33.309, "Actual Total Time": 36.025, "Actual Rows": 537, "Actual Loops": 1, "Output": ["ph.postid", "pl.relatedpostid"], "Inner Unique": false, "Merge Cond": "(pl.relatedpostid = ph.postid)", "Plans": [{"Node Type": "Index Only Scan", "Parent Relationship": "Outer", "Parallel Aware": false, "Scan Direction": "Forward", "Index Name": "idx_postlinks_relatedpostid", "Relation Name": "postlinks", "Schema": "public", "Alias": "pl", "Startup Cost": 0.29, "Total Cost": 282.81, "Plan Rows": 11102, "Plan Width": 4, "Actual Startup Time": 0.012, "Actual Total Time": 2.021, "Actual Rows": 11100, "Actual Loops": 1, "Output": ["pl.relatedpostid"], "Heap Fetches": 0}, {"Node Type": "Sort", "Parent Relationship": "Inner", "Parallel Aware": false, "Startup Cost": 6067.96, "Total Cost": 6070.38, "Plan Rows": 970, "Plan Width": 4, "Actual Startup Time": 33.283, "Actual Total Time": 33.412, "Actual Rows": 1375, "Actual Loops": 1, "Output": ["ph.postid"], "Sort Key": ["ph.postid"], "Sort Method": "quicksort", "Sort Space Used": 97, "Sort Space Type": "Memory", "Plans": [{"Node Type": "Seq Scan", "Parent Relationship": "Outer", "Parallel Aware": false, "Relation Name": "posthistory", "Schema": "public", "Alias": "ph", "Startup Cost": 0.0, "Total Cost": 6019.84, "Plan Rows": 970, "Plan Width": 4, "Actual Startup Time": 7.058, "Actual Total Time": 32.944, "Actual Rows": 1043, "Actual Loops": 1, "Output": ["ph.postid"], "Filter": "(ph.posthistorytypeid = 34)", "Rows Removed by Filter": 302144}]}]}, {"Node Type": "Index Scan", "Parent Relationship": "Inner", "Parallel Aware": false, "Scan Direction": "Forward", "Index Name": "idx_comments_postid", "Relation Name": "comments", "Schema": "public", "Alias": "c", "Startup Cost": 0.42, "Total Cost": 1.14, "Plan Rows": 4, "Plan Width": 8, "Actual Startup Time": 0.003, "Actual Total Time": 0.005, "Actual Rows": 2, "Actual Loops": 537, "Output": ["c.id", "c.postid", "c.score", "c.creationdate", "c.userid"], "Index Cond": "(c.postid = pl.relatedpostid)", "Rows Removed by Index Recheck": 0, "Filter": "(c.score = 0)", "Rows Removed by Filter": 2}]}, {"Node Type": "Index Scan", "Parent Relationship": "Inner", "Parallel Aware": false, "Scan Direction": "Forward", "Index Name": "idx_badges_userid", "Relation Name": "badges", "Schema": "public", "Alias": "b", "Startup Cost": 0.29, "Total Cost": 0.39, "Plan Rows": 4, "Plan Width": 4, "Actual Startup Time": 0.002, "Actual Total Time": 0.022, "Actual Rows": 69, "Actual Loops": 1218, "Output": ["b.id", "b.userid", "b.date"], "Index Cond": "(b.userid = c.userid)", "Rows Removed by Index Recheck": 0, "Filter": "(b.date <= 1408508216)", "Rows Removed by Filter": 2}]}]}]}]}, "Planning Time": 183.436, "Triggers": [], "Execution Time": 388.814}]
q100#####[{"Plan": {"Node Type": "Aggregate", "Strategy": "Plain", "Partial Mode": "Simple", "Parallel Aware": false, "Startup Cost": 88273.24, "Total Cost": 88273.25, "Plan Rows": 1, "Plan Width": 8, "Actual Startup Time": 224.581, "Actual Total Time": 224.583, "Actual Rows": 1, "Actual Loops": 1, "Output": ["count(*)"], "Plans": [{"Node Type": "Nested Loop", "Parent Relationship": "Outer", "Parallel Aware": false, "Join Type": "Inner", "Startup Cost": 1682.33, "Total Cost": 60308.11, "Plan Rows": 11186054, "Plan Width": 0, "Actual Startup Time": 18.028, "Actual Total Time": 212.419, "Actual Rows": 245567, "Actual Loops": 1, "Inner Unique": false, "Plans": [{"Node Type": "Hash Join", "Parent Relationship": "Outer", "Parallel Aware": false, "Join Type": "Inner", "Startup Cost": 1682.04, "Total Cost": 5495.55, "Plan Rows": 127328, "Plan Width": 8, "Actual Startup Time": 17.985, "Actual Total Time": 60.74, "Actual Rows": 45485, "Actual Loops": 1, "Output": ["c.userid", "u.id"], "Inner Unique": true, "Hash Cond": "(c.userid = u.id)", "Plans": [{"Node Type": "Seq Scan", "Parent Relationship": "Outer", "Parallel Aware": false, "Relation Name": "comments", "Schema": "public", "Alias": "c", "Startup Cost": 0.0, "Total Cost": 3460.81, "Plan Rows": 134348, "Plan Width": 4, "Actual Startup Time": 0.014, "Actual Total Time": 21.3, "Actual Rows": 134887, "Actual Loops": 1, "Output": ["c.id", "c.postid", "c.score", "c.creationdate", "c.userid"], "Filter": "(c.score = 0)", "Rows Removed by Filter": 39418}, {"Node Type": "Hash", "Parent Relationship": "Inner", "Parallel Aware": false, "Startup Cost": 1204.31, "Total Cost": 1204.31, "Plan Rows": 38218, "Plan Width": 4, "Actual Startup Time": 17.517, "Actual Total Time": 17.518, "Actual Rows": 38246, "Actual Loops": 1, "Output": ["u.id"], "Hash Buckets": 65536, "Original Hash Buckets": 65536, "Hash Batches": 1, "Original Hash Batches": 1, "Peak Memory Usage": 1857, "Plans": [{"Node Type": "Seq Scan", "Parent Relationship": "Outer", "Parallel Aware": false, "Relation Name": "users", "Schema": "public", "Alias": "u", "Startup Cost": 0.0, "Total Cost": 1204.31, "Plan Rows": 38218, "Plan Width": 4, "Actual Startup Time": 0.096, "Actual Total Time": 9.722, "Actual Rows": 38246, "Actual Loops": 1, "Output": ["u.id"], "Filter": "((u.creationdate <= 1410121124) AND (u.creationdate >= 1281049385) AND (u.downvotes >= 0) AND (u.upvotes <= 17) AND (u.upvotes >= 0))", "Rows Removed by Filter": 2079}]}]}, {"Node Type": "Index Scan", "Parent Relationship": "Inner", "Parallel Aware": false, "Scan Direction": "Forward", "Index Name": "idx_badges_userid", "Relation Name": "badges", "Schema": "public", "Alias": "b", "Startup Cost": 0.29, "Total Cost": 0.39, "Plan Rows": 4, "Plan Width": 4, "Actual Startup Time": 0.001, "Actual Total Time": 0.003, "Actual Rows": 5, "Actual Loops": 45485, "Output": ["b.id", "b.userid", "b.date"], "Index Cond": "(b.userid = c.userid)", "Rows Removed by Index Recheck": 0, "Filter": "(b.date >= 1279544046)", "Rows Removed by Filter": 0}]}]}, "Planning Time": 87.488, "Triggers": [], "Execution Time": 224.671}]
q114#####[{"Plan": {"Node Type": "Aggregate", "Strategy": "Plain", "Partial Mode": "Simple", "Parallel Aware": false, "Startup Cost": 7286635.34, "Total Cost": 7286635.35, "Plan Rows": 1, "Plan Width": 8, "Actual Startup Time": 4895.482, "Actual Total Time": 4895.488, "Actual Rows": 1, "Actual Loops": 1, "Output": ["count(*)"], "Plans": [{"Node Type": "Hash Join", "Parent Relationship": "Outer", "Parallel Aware": false, "Join Type": "Inner", "Startup Cost": 14024.02, "Total Cost": 2531452.94, "Plan Rows": 1902072960, "Plan Width": 0, "Actual Startup Time": 99.063, "Actual Total Time": 3572.107, "Actual Rows": 40855663, "Actual Loops": 1, "Inner Unique": false, "Hash Cond": "(c.userid = u.id)", "Plans": [{"Node Type": "Nested Loop", "Parent Relationship": "Outer", "Parallel Aware": false, "Join Type": "Inner", "Startup Cost": 0.29, "Total Cost": 46337.63, "Plan Rows": 25104891, "Plan Width": 8, "Actual Startup Time": 0.867, "Actual Total Time": 299.417, "Actual Rows": 1787527, "Actual Loops": 1, "Output": ["c.userid", "p.owneruserid"], "Inner Unique": false, "Plans": [{"Node Type": "Seq Scan", "Parent Relationship": "Outer", "Parallel Aware": false, "Relation Name": "posts", "Schema": "public", "Alias": "p", "Startup Cost": 0.0, "Total Cost": 2239.64, "Plan Rows": 42699, "Plan Width": 4, "Actual Startup Time": 0.019, "Actual Total Time": 11.323, "Actual Rows": 42871, "Actual Loops": 1, "Output": ["p.id", "p.posttypeid", "p.creationdate", "p.score", "p.viewcount", "p.owneruserid", "p.answercount", "p.commentcount", "p.favoritecount", "p.lasteditoruserid"], "Filter": "((p.answercount >= 0) AND (p.score <= 52))", "Rows Removed by Filter": 49105}, {"Node Type": "Index Only Scan", "Parent Relationship": "Inner", "Parallel Aware": false, "Scan Direction": "Forward", "Index Name": "idx_comments_userid", "Relation Name": "comments", "Schema": "public", "Alias": "c", "Startup Cost": 0.29, "Total Cost": 0.77, "Plan Rows": 26, "Plan Width": 4, "Actual Startup Time": 0.001, "Actual Total Time": 0.004, "Actual Rows": 42, "Actual Loops": 42871, "Output": ["c.userid"], "Index Cond": "(c.userid = p.owneruserid)", "Rows Removed by Index Recheck": 0, "Heap Fetches": 0}]}, {"Node Type": "Hash", "Parent Relationship": "Inner", "Parallel Aware": false, "Startup Cost": 8858.55, "Total Cost": 8858.55, "Plan Rows": 314814, "Plan Width": 8, "Actual Startup Time": 71.371, "Actual Total Time": 71.374, "Actual Rows": 28895, "Actual Loops": 1, "Output": ["u.id", "v.userid"], "Hash Buckets": 131072, "Original Hash Buckets": 131072, "Hash Batches": 8, "Original Hash Batches": 8, "Peak Memory Usage": 1247, "Plans": [{"Node Type": "Hash Join", "Parent Relationship": "Outer", "Parallel Aware": false, "Join Type": "Inner", "Startup Cost": 1490.18, "Total Cost": 8858.55, "Plan Rows": 314814, "Plan Width": 8, "Actual Startup Time": 14.268, "Actual Total Time": 67.324, "Actual Rows": 28895, "Actual Loops": 1, "Output": ["u.id", "v.userid"], "Inner Unique": true, "Hash Cond": "(v.userid = u.id)", "Plans": [{"Node Type": "Seq Scan", "Parent Relationship": "Outer", "Parallel Aware": false, "Relation Name": "votes", "Schema": "public", "Alias": "v", "Startup Cost": 0.0, "Total Cost": 6513.8, "Plan Rows": 325518, "Plan Width": 4, "Actual Startup Time": 0.04, "Actual Total Time": 32.067, "Actual Rows": 327650, "Actual Loops": 1, "Output": ["v.id", "v.postid", "v.votetypeid", "v.creationdate", "v.userid", "v.bountyamount"], "Filter": "(v.creationdate >= 1279555200)", "Rows Removed by Filter": 414}, {"Node Type": "Hash", "Parent Relationship": "Inner", "Parallel Aware": false, "Startup Cost": 1002.69, "Total Cost": 1002.69, "Plan Rows": 38999, "Plan Width": 4, "Actual Startup Time": 12.331, "Actual Total Time": 12.332, "Actual Rows": 38951, "Actual Loops": 1, "Output": ["u.id"], "Hash Buckets": 65536, "Original Hash Buckets": 65536, "Hash Batches": 1, "Original Hash Batches": 1, "Peak Memory Usage": 1882, "Plans": [{"Node Type": "Seq Scan", "Parent Relationship": "Outer", "Parallel Aware": false, "Relation Name": "users", "Schema": "public", "Alias": "u", "Startup Cost": 0.0, "Total Cost": 1002.69, "Plan Rows": 38999, "Plan Width": 4, "Actual Startup Time": 0.112, "Actual Total Time": 7.038, "Actual Rows": 38951, "Actual Loops": 1, "Output": ["u.id"], "Filter": "((u.creationdate <= 1410162902) AND (u.creationdate >= 1286229155) AND (u.upvotes >= 0))", "Rows Removed by Filter": 1374}]}]}]}]}]}, "Planning Time": 110.352, "Triggers": [], "Execution Time": 4895.6}]
q29#####[{"Plan": {"Node Type": "Aggregate", "Strategy": "Plain", "Partial Mode": "Simple", "Parallel Aware": false, "Startup Cost": 17853.96, "Total Cost": 17853.97, "Plan Rows": 1, "Plan Width": 8, "Actual Startup Time": 289.661, "Actual Total Time": 289.669, "Actual Rows": 1, "Actual Loops": 1, "Output": ["count(*)"], "Plans": [{"Node Type": "Hash Join", "Parent Relationship": "Outer", "Parallel Aware": false, "Join Type": "Inner", "Startup Cost": 13299.84, "Total Cost": 17517.8, "Plan Rows": 134464, "Plan Width": 0, "Actual Startup Time": 177.426, "Actual Total Time": 273.64, "Actual Rows": 490921, "Actual Loops": 1, "Inner Unique": false, "Hash Cond": "(c.postid = p.id)", "Plans": [{"Node Type": "Seq Scan", "Parent Relationship": "Outer", "Parallel Aware": false, "Relation Name": "comments", "Schema": "public", "Alias": "c", "Startup Cost": 0.0, "Total Cost": 3460.81, "Plan Rows": 134348, "Plan Width": 4, "Actual Startup Time": 0.017, "Actual Total Time": 15.011, "Actual Rows": 134887, "Actual Loops": 1, "Output": ["c.id", "c.postid", "c.score", "c.creationdate", "c.userid"], "Filter": "(c.score = 0)", "Rows Removed by Filter": 39418}, {"Node Type": "Hash", "Parent Relationship": "Inner", "Parallel Aware": false, "Startup Cost": 13083.04, "Total Cost": 13083.04, "Plan Rows": 17344, "Plan Width": 16, "Actual Startup Time": 177.072, "Actual Total Time": 177.078, "Actual Rows": 184562, "Actual Loops": 1, "Output": ["ph.postid", "pl.postid", "p.id", "v.postid"], "Hash Buckets": 131072, "Original Hash Buckets": 32768, "Hash Batches": 4, "Original Hash Batches": 1, "Peak Memory Usage": 3073, "Plans": [{"Node Type": "Nested Loop", "Parent Relationship": "Outer", "Parallel Aware": false, "Join Type": "Inner", "Startup Cost": 3067.44, "Total Cost": 13083.04, "Plan Rows": 17344, "Plan Width": 16, "Actual Startup Time": 23.827, "Actual Total Time": 145.853, "Actual Rows": 184562, "Actual Loops": 1, "Output": ["ph.postid", "pl.postid", "p.id", "v.postid"], "Inner Unique": false, "Join Filter": "(p.id = ph.postid)", "Rows Removed by Join Filter": 0, "Plans": [{"Node Type": "Hash Join", "Parent Relationship": "Outer", "Parallel Aware": false, "Join Type": "Inner", "Startup Cost": 3067.02, "Total Cost": 10932.25, "Plan Rows": 3708, "Plan Width": 12, "Actual Startup Time": 23.794, "Actual Total Time": 81.555, "Actual Rows": 25523, "Actual Loops": 1, "Output": ["pl.postid", "p.id", "v.postid"], "Inner Unique": false, "Hash Cond": "(v.postid = p.id)", "Plans": [{"Node Type": "Seq Scan", "Parent Relationship": "Outer", "Parallel Aware": false, "Relation Name": "votes", "Schema": "public", "Alias": "v", "Startup Cost": 0.0, "Total Cost": 6513.8, "Plan Rows": 261511, "Plan Width": 4, "Actual Startup Time": 0.014, "Actual Total Time": 36.045, "Actual Rows": 262116, "Actual Loops": 1, "Output": ["v.id", "v.postid", "v.votetypeid", "v.creationdate", "v.userid", "v.bountyamount"], "Filter": "(v.votetypeid = 2)", "Rows Removed by Filter": 65948}, {"Node Type": "Hash", "Parent Relationship": "Inner", "Parallel Aware": false, "Startup Cost": 2904.02, "Total Cost": 2904.02, "Plan Rows": 13040, "Plan Width": 8, "Actual Startup Time": 23.376, "Actual Total Time": 23.38, "Actual Rows": 3711, "Actual Loops": 1, "Output": ["pl.postid", "p.id"], "Hash Buckets": 16384, "Original Hash Buckets": 16384, "Hash Batches": 1, "Original Hash Batches": 1, "Peak Memory Usage": 273, "Plans": [{"Node Type": "Hash Join", "Parent Relationship": "Outer", "Parallel Aware": false, "Join Type": "Inner", "Startup Cost": 2631.14, "Total Cost": 2904.02, "Plan Rows": 13040, "Plan Width": 8, "Actual Startup Time": 19.226, "Actual Total Time": 22.588, "Actual Rows": 3711, "Actual Loops": 1, "Output": ["pl.postid", "p.id"], "Inner Unique": true, "Hash Cond": "(pl.postid = p.id)", "Plans": [{"Node Type": "Seq Scan", "Parent Relationship": "Outer", "Parallel Aware": false, "Relation Name": "postlinks", "Schema": "public", "Alias": "pl", "Startup Cost": 0.0, "Total Cost": 248.53, "Plan Rows": 9276, "Plan Width": 4, "Actual Startup Time": 0.127, "Actual Total Time": 1.954, "Actual Rows": 9187, "Actual Loops": 1, "Output": ["pl.id", "pl.creationdate", "pl.postid", "pl.relatedpostid", "pl.linktypeid"], "Filter": "((pl.creationdate >= 1317908486) AND (pl.linktypeid = 1))", "Rows Removed by Filter": 1915}, {"Node Type": "Hash", "Parent Relationship": "Inner", "Parallel Aware": false, "Startup Cost": 2469.58, "Total Cost": 2469.58, "Plan Rows": 12925, "Plan Width": 4, "Actual Startup Time": 19.018, "Actual Total Time": 19.02, "Actual Rows": 13091, "Actual Loops": 1, "Output": ["p.id"], "Hash Buckets": 16384, "Original Hash Buckets": 16384, "Hash Batches": 1, "Original Hash Batches": 1, "Peak Memory Usage": 589, "Plans": [{"Node Type": "Seq Scan", "Parent Relationship": "Outer", "Parallel Aware": false, "Relation Name": "posts", "Schema": "public", "Alias": "p", "Startup Cost": 0.0, "Total Cost": 2469.58, "Plan Rows": 12925, "Plan Width": 4, "Actual Startup Time": 0.082, "Actual Total Time": 16.718, "Actual Rows": 13091, "Actual Loops": 1, "Output": ["p.id"], "Filter": "((p.creationdate <= 1410155561) AND (p.creationdate >= 1279821612) AND (p.favoritecount >= 0))", "Rows Removed by Filter": 78885}]}]}]}]}, {"Node Type": "Index Only Scan", "Parent Relationship": "Inner", "Parallel Aware": false, "Scan Direction": "Forward", "Index Name": "idx_posthistory_postid", "Relation Name": "posthistory", "Schema": "public", "Alias": "ph", "Startup Cost": 0.42, "Total Cost": 0.52, "Plan Rows": 5, "Plan Width": 4, "Actual Startup Time": 0.001, "Actual Total Time": 0.002, "Actual Rows": 7, "Actual Loops": 25523, "Output": ["ph.postid"], "Index Cond": "(ph.postid = v.postid)", "Rows Removed by Index Recheck": 0, "Heap Fetches": 0}]}]}]}]}, "Planning Time": 128.645, "Triggers": [], "Execution Time": 289.756}]
q15#####[{"Plan": {"Node Type": "Aggregate", "Strategy": "Plain", "Partial Mode": "Simple", "Parallel Aware": false, "Startup Cost": 845953.34, "Total Cost": 845953.35, "Plan Rows": 1, "Plan Width": 8, "Actual Startup Time": 16758.223, "Actual Total Time": 16758.229, "Actual Rows": 1, "Actual Loops": 1, "Output": ["count(*)"], "Plans": [{"Node Type": "Nested Loop", "Parent Relationship": "Outer", "Parallel Aware": false, "Join Type": "Inner", "Startup Cost": 29068.32, "Total Cost": 562702.71, "Plan Rows": 113300254, "Plan Width": 0, "Actual Startup Time": 253.63, "Actual Total Time": 13048.922, "Actual Rows": 107676740, "Actual Loops": 1, "Inner Unique": false, "Plans": [{"Node Type": "Hash Join", "Parent Relationship": "Outer", "Parallel Aware": false, "Join Type": "Inner", "Startup Cost": 29068.03, "Total Cost": 37511.54, "Plan Rows": 1288430, "Plan Width": 4, "Actual Startup Time": 253.608, "Actual Total Time": 492.474, "Actual Rows": 1220244, "Actual Loops": 1, "Output": ["c.userid"], "Inner Unique": false, "Hash Cond": "(c.postid = p.id)", "Plans": [{"Node Type": "Seq Scan", "Parent Relationship": "Outer", "Parallel Aware": false, "Relation Name": "comments", "Schema": "public", "Alias": "c", "Startup Cost": 0.0, "Total Cost": 3460.81, "Plan Rows": 134348, "Plan Width": 8, "Actual Startup Time": 0.009, "Actual Total Time": 18.797, "Actual Rows": 134887, "Actual Loops": 1, "Output": ["c.userid", "c.postid"], "Filter": "(c.score = 0)", "Rows Removed by Filter": 39418}, {"Node Type": "Hash", "Parent Relationship": "Inner", "Parallel Aware": false, "Startup Cost": 26159.58, "Total Cost": 26159.58, "Plan Rows": 167316, "Plan Width": 16, "Actual Startup Time": 252.885, "Actual Total Time": 252.89, "Actual Rows": 507710, "Actual Loops": 1, "Output": ["ph.postid", "pl.relatedpostid", "p.id", "v.postid"], "Hash Buckets": 131072, "Original Hash Buckets": 131072, "Hash Batches": 16, "Original Hash Batches": 4, "Peak Memory Usage": 4092, "Plans": [{"Node Type": "Hash Join", "Parent Relationship": "Outer", "Parallel Aware": false, "Join Type": "Inner", "Startup Cost": 16745.22, "Total Cost": 26159.58, "Plan Rows": 167316, "Plan Width": 16, "Actual Startup Time": 69.446, "Actual Total Time": 184.38, "Actual Rows": 507710, "Actual Loops": 1, "Output": ["ph.postid", "pl.relatedpostid", "p.id", "v.postid"], "Inner Unique": false, "Hash Cond": "(v.postid = p.id)", "Plans": [{"Node Type": "Seq Scan", "Parent Relationship": "Outer", "Parallel Aware": false, "Relation Name": "votes", "Schema": "public", "Alias": "v", "Startup Cost": 0.0, "Total Cost": 6513.8, "Plan Rows": 327308, "Plan Width": 4, "Actual Startup Time": 0.012, "Actual Total Time": 31.755, "Actual Rows": 327234, "Actual Loops": 1, "Output": ["v.id", "v.postid", "v.votetypeid", "v.creationdate", "v.userid", "v.bountyamount"], "Filter": "(v.creationdate <= 1410278400)", "Rows Removed by Filter": 830}, {"Node Type": "Hash", "Parent Relationship": "Inner", "Parallel Aware": false, "Startup Cost": 16157.5, "Total Cost": 16157.5, "Plan Rows": 47017, "Plan Width": 12, "Actual Startup Time": 69.265, "Actual Total Time": 69.268, "Actual Rows": 44661, "Actual Loops": 1, "Output": ["ph.postid", "pl.relatedpostid", "p.id"], "Hash Buckets": 65536, "Original Hash Buckets": 65536, "Hash Batches": 1, "Original Hash Batches": 1, "Peak Memory Usage": 2432, "Plans": [{"Node Type": "Merge Join", "Parent Relationship": "Outer", "Parallel Aware": false, "Join Type": "Inner", "Startup Cost": 1.1, "Total Cost": 16157.5, "Plan Rows": 47017, "Plan Width": 12, "Actual Startup Time": 0.058, "Actual Total Time": 63.379, "Actual Rows": 44661, "Actual Loops": 1, "Output": ["ph.postid", "pl.relatedpostid", "p.id"], "Inner Unique": false, "Merge Cond": "(p.id = ph.postid)", "Plans": [{"Node Type": "Merge Join", "Parent Relationship": "Outer", "Parallel Aware": false, "Join Type": "Inner", "Startup Cost": 0.58, "Total Cost": 4641.93, "Plan Rows": 100490, "Plan Width": 8, "Actual Startup Time": 0.039, "Actual Total Time": 26.026, "Actual Rows": 7263, "Actual Loops": 1, "Output": ["pl.relatedpostid", "p.id"], "Inner Unique": true, "Merge Cond": "(pl.relatedpostid = p.id)", "Plans": [{"Node Type": "Index Scan", "Parent Relationship": "Outer", "Parallel Aware": false, "Scan Direction": "Forward", "Index Name": "idx_postlinks_relatedpostid", "Relation Name": "postlinks", "Schema": "public", "Alias": "pl", "Startup Cost": 0.29, "Total Cost": 578.72, "Plan Rows": 10186, "Plan Width": 4, "Actual Startup Time": 0.015, "Actual Total Time": 4.429, "Actual Rows": 10186, "Actual Loops": 1, "Output": ["pl.id", "pl.creationdate", "pl.postid", "pl.relatedpostid", "pl.linktypeid"], "Filter": "(pl.linktypeid = 1)", "Rows Removed by Filter": 916}, {"Node Type": "Index Scan", "Parent Relationship": "Inner", "Parallel Aware": false, "Scan Direction": "Forward", "Index Name": "posts_pkey", "Relation Name": "posts", "Schema": "public", "Alias": "p", "Startup Cost": 0.29, "Total Cost": 3718.81, "Plan Rows": 90737, "Plan Width": 4, "Actual Startup Time": 0.022, "Actual Total Time": 16.931, "Actual Rows": 90628, "Actual Loops": 1, "Output": ["p.id", "p.posttypeid", "p.creationdate", "p.score", "p.viewcount", "p.owneruserid", "p.answercount", "p.commentcount", "p.favoritecount", "p.lasteditoruserid"], "Filter": "((p.score <= 32) AND (p.viewcount <= 4146))", "Rows Removed by Filter": 1151}]}, {"Node Type": "Index Only Scan", "Parent Relationship": "Inner", "Parallel Aware": false, "Scan Direction": "Forward", "Index Name": "idx_posthistory_postid", "Relation Name": "posthistory", "Schema": "public", "Alias": "ph", "Startup Cost": 0.42, "Total Cost": 6520.23, "Plan Rows": 303187, "Plan Width": 4, "Actual Startup Time": 0.018, "Actual Total Time": 22.255, "Actual Rows": 321013, "Actual Loops": 1, "Output": ["ph.postid"], "Heap Fetches": 0}]}]}]}]}]}, {"Node Type": "Index Only Scan", "Parent Relationship": "Inner", "Parallel Aware": false, "Scan Direction": "Forward", "Index Name": "idx_badges_userid", "Relation Name": "badges", "Schema": "public", "Alias": "b", "Startup Cost": 0.29, "Total Cost": 0.37, "Plan Rows": 4, "Plan Width": 4, "Actual Startup Time": 0.001, "Actual Total Time": 0.005, "Actual Rows": 88, "Actual Loops": 1220244, "Output": ["b.userid"], "Index Cond": "(b.userid = c.userid)", "Rows Removed by Index Recheck": 0, "Heap Fetches": 0}]}]}, "Planning Time": 174.918, "Triggers": [], "Execution Time": 16758.379}]
q17#####[{"Plan": {"Node Type": "Aggregate", "Strategy": "Plain", "Partial Mode": "Simple", "Parallel Aware": false, "Startup Cost": 122984.52, "Total Cost": 122984.53, "Plan Rows": 1, "Plan Width": 8, "Actual Startup Time": 16910.693, "Actual Total Time": 16910.698, "Actual Rows": 1, "Actual Loops": 1, "Output": ["count(*)"], "Plans": [{"Node Type": "Hash Join", "Parent Relationship": "Outer", "Parallel Aware": false, "Join Type": "Inner", "Startup Cost": 7155.55, "Total Cost": 22383.79, "Plan Rows": 40240291, "Plan Width": 0, "Actual Startup Time": 103.103, "Actual Total Time": 11809.683, "Actual Rows": 154355934, "Actual Loops": 1, "Inner Unique": false, "Hash Cond": "(ph.userid = b.userid)", "Plans": [{"Node Type": "Hash Join", "Parent Relationship": "Outer", "Parallel Aware": false, "Join Type": "Inner", "Startup Cost": 1304.39, "Total Cost": 7362.21, "Plan Rows": 30274, "Plan Width": 8, "Actual Startup Time": 22.419, "Actual Total Time": 101.077, "Actual Rows": 281808, "Actual Loops": 1, "Output": ["ph.userid", "u.id"], "Inner Unique": true, "Hash Cond": "(ph.userid = u.id)", "Plans": [{"Node Type": "Seq Scan", "Parent Relationship": "Outer", "Parallel Aware": false, "Relation Name": "posthistory", "Schema": "public", "Alias": "ph", "Startup Cost": 0.0, "Total Cost": 5261.87, "Plan Rows": 303187, "Plan Width": 4, "Actual Startup Time": 0.034, "Actual Total Time": 17.322, "Actual Rows": 303187, "Actual Loops": 1, "Output": ["ph.id", "ph.posthistorytypeid", "ph.postid", "ph.creationdate", "ph.userid"]}, {"Node Type": "Hash", "Parent Relationship": "Inner", "Parallel Aware": false, "Startup Cost": 801.06, "Total Cost": 801.06, "Plan Rows": 40266, "Plan Width": 4, "Actual Startup Time": 22.068, "Actual Total Time": 22.069, "Actual Rows": 40287, "Actual Loops": 1, "Output": ["u.id"], "Hash Buckets": 65536, "Original Hash Buckets": 65536, "Hash Batches": 1, "Original Hash Batches": 1, "Peak Memory Usage": 1929, "Plans": [{"Node Type": "Seq Scan", "Parent Relationship": "Outer", "Parallel Aware": false, "Relation Name": "users", "Schema": "public", "Alias": "u", "Startup Cost": 0.0, "Total Cost": 801.06, "Plan Rows": 40266, "Plan Width": 4, "Actual Startup Time": 0.021, "Actual Total Time": 11.096, "Actual Rows": 40287, "Actual Loops": 1, "Output": ["u.id"], "Filter": "(u.creationdate <= 1410531709)", "Rows Removed by Filter": 38}]}]}, {"Node Type": "Hash", "Parent Relationship": "Inner", "Parallel Aware": false, "Startup Cost": 5585.86, "Total Cost": 5585.86, "Plan Rows": 21224, "Plan Width": 8, "Actual Startup Time": 80.459, "Actual Total Time": 80.46, "Actual Rows": 216873, "Actual Loops": 1, "Output": ["b.userid", "p.owneruserid"], "Hash Buckets": 131072, "Original Hash Buckets": 32768, "Hash Batches": 4, "Original Hash Batches": 1, "Peak Memory Usage": 3073, "Plans": [{"Node Type": "Nested Loop", "Parent Relationship": "Outer", "Parallel Aware": false, "Join Type": "Inner", "Startup Cost": 0.29, "Total Cost": 5585.86, "Plan Rows": 21224, "Plan Width": 8, "Actual Startup Time": 0.036, "Actual Total Time": 51.796, "Actual Rows": 216873, "Actual Loops": 1, "Output": ["b.userid", "p.owneruserid"], "Inner Unique": false, "Plans": [{"Node Type": "Seq Scan", "Parent Relationship": "Outer", "Parallel Aware": false, "Relation Name": "posts", "Schema": "public", "Alias": "p", "Startup Cost": 0.0, "Total Cost": 2469.58, "Plan Rows": 6033, "Plan Width": 4, "Actual Startup Time": 0.014, "Actual Total Time": 10.826, "Actual Rows": 13179, "Actual Loops": 1, "Output": ["p.id", "p.posttypeid", "p.creationdate", "p.score", "p.viewcount", "p.owneruserid", "p.answercount", "p.commentcount", "p.favoritecount", "p.lasteditoruserid"], "Filter": "((p.answercount >= 0) AND (p.creationdate <= 1409686355) AND (p.favoritecount >= 0))", "Rows Removed by Filter": 78797}, {"Node Type": "Index Only Scan", "Parent Relationship": "Inner", "Parallel Aware": false, "Scan Direction": "Forward", "Index Name": "idx_badges_userid", "Relation Name": "badges", "Schema": "public", "Alias": "b", "Startup Cost": 0.29, "Total Cost": 0.48, "Plan Rows": 4, "Plan Width": 4, "Actual Startup Time": 0.001, "Actual Total Time": 0.002, "Actual Rows": 16, "Actual Loops": 13179, "Output": ["b.userid"], "Index Cond": "(b.userid = p.owneruserid)", "Rows Removed by Index Recheck": 0, "Heap Fetches": 0}]}]}]}]}, "Planning Time": 107.652, "Triggers": [], "Execution Time": 16910.928}]
q102#####[{"Plan": {"Node Type": "Aggregate", "Strategy": "Plain", "Partial Mode": "Simple", "Parallel Aware": false, "Startup Cost": 1236732.41, "Total Cost": 1236732.42, "Plan Rows": 1, "Plan Width": 8, "Actual Startup Time": 165978.937, "Actual Total Time": 165978.943, "Actual Rows": 1, "Actual Loops": 1, "Output": ["count(*)"], "Plans": [{"Node Type": "Nested Loop", "Parent Relationship": "Outer", "Parallel Aware": false, "Join Type": "Inner", "Startup Cost": 79438.79, "Total Cost": 833875.22, "Plan Rows": 161142875, "Plan Width": 0, "Actual Startup Time": 750.736, "Actual Total Time": 129338.062, "Actual Rows": 1112747282, "Actual Loops": 1, "Inner Unique": false, "Plans": [{"Node Type": "Hash Join", "Parent Relationship": "Outer", "Parallel Aware": false, "Join Type": "Inner", "Startup Cost": 79438.5, "Total Cost": 89069.03, "Plan Rows": 1832480, "Plan Width": 4, "Actual Startup Time": 750.719, "Actual Total Time": 2736.86, "Actual Rows": 10257634, "Actual Loops": 1, "Output": ["c.userid"], "Inner Unique": false, "Hash Cond": "(c.postid = p.id)", "Plans": [{"Node Type": "Seq Scan", "Parent Relationship": "Outer", "Parallel Aware": false, "Relation Name": "comments", "Schema": "public", "Alias": "c", "Startup Cost": 0.0, "Total Cost": 3025.05, "Plan Rows": 174305, "Plan Width": 8, "Actual Startup Time": 0.011, "Actual Total Time": 16.705, "Actual Rows": 174305, "Actual Loops": 1, "Output": ["c.userid", "c.postid"]}, {"Node Type": "Hash", "Parent Relationship": "Inner", "Parallel Aware": false, "Startup Cost": 76249.79, "Total Cost": 76249.79, "Plan Rows": 183417, "Plan Width": 16, "Actual Startup Time": 748.271, "Actual Total Time": 748.275, "Actual Rows": 2461248, "Actual Loops": 1, "Output": ["ph.postid", "pl.relatedpostid", "p.id", "v.postid"], "Hash Buckets": 131072, "Original Hash Buckets": 131072, "Hash Batches": 2048, "Original Hash Batches": 4, "Peak Memory Usage": 11875, "Plans": [{"Node Type": "Hash Join", "Parent Relationship": "Outer", "Parallel Aware": false, "Join Type": "Inner", "Startup Cost": 65863.78, "Total Cost": 76249.79, "Plan Rows": 183417, "Plan Width": 16, "Actual Startup Time": 84.867, "Actual Total Time": 412.792, "Actual Rows": 2461248, "Actual Loops": 1, "Output": ["ph.postid", "pl.relatedpostid", "p.id", "v.postid"], "Inner Unique": false, "Hash Cond": "(v.postid = p.id)", "Plans": [{"Node Type": "Seq Scan", "Parent Relationship": "Outer", "Parallel Aware": false, "Relation Name": "votes", "Schema": "public", "Alias": "v", "Startup Cost": 0.0, "Total Cost": 7333.96, "Plan Rows": 324766, "Plan Width": 4, "Actual Startup Time": 0.019, "Actual Total Time": 36.091, "Actual Rows": 327152, "Actual Loops": 1, "Output": ["v.id", "v.postid", "v.votetypeid", "v.creationdate", "v.userid", "v.bountyamount"], "Filter": "((v.creationdate <= 1410278400) AND (v.creationdate >= 1279468800))", "Rows Removed by Filter": 912}, {"Node Type": "Hash", "Parent Relationship": "Inner", "Parallel Aware": false, "Startup Cost": 65214.47, "Total Cost": 65214.47, "Plan Rows": 51945, "Plan Width": 12, "Actual Startup Time": 84.623, "Actual Total Time": 84.625, "Actual Rows": 71242, "Actual Loops": 1, "Output": ["ph.postid", "pl.relatedpostid", "p.id"], "Hash Buckets": 131072, "Original Hash Buckets": 65536, "Hash Batches": 1, "Original Hash Batches": 1, "Peak Memory Usage": 4086, "Plans": [{"Node Type": "Merge Join", "Parent Relationship": "Outer", "Parallel Aware": false, "Join Type": "Inner", "Startup Cost": 1.27, "Total Cost": 65214.47, "Plan Rows": 51945, "Plan Width": 12, "Actual Startup Time": 0.116, "Actual Total Time": 70.835, "Actual Rows": 71242, "Actual Loops": 1, "Output": ["ph.postid", "pl.relatedpostid", "p.id"], "Inner Unique": false, "Merge Cond": "(ph.postid = p.id)", "Plans": [{"Node Type": "Index Only Scan", "Parent Relationship": "Outer", "Parallel Aware": false, "Scan Direction": "Forward", "Index Name": "idx_posthistory_postid", "Relation Name": "posthistory", "Schema": "public", "Alias": "ph", "Startup Cost": 0.42, "Total Cost": 6520.23, "Plan Rows": 303187, "Plan Width": 4, "Actual Startup Time": 0.04, "Actual Total Time": 23.75, "Actual Rows": 302573, "Actual Loops": 1, "Output": ["ph.postid"], "Heap Fetches": 0}, {"Node Type": "Materialize", "Parent Relationship": "Inner", "Parallel Aware": false, "Startup Cost": 0.61, "Total Cost": 5817.4, "Plan Rows": 1110200, "Plan Width": 8, "Actual Startup Time": 0.073, "Actual Total Time": 20.937, "Actual Rows": 71238, "Actual Loops": 1, "Output": ["pl.relatedpostid", "p.id"], "Plans": [{"Node Type": "Merge Join", "Parent Relationship": "Outer", "Parallel Aware": false, "Join Type": "Inner", "Startup Cost": 0.61, "Total Cost": 3041.9, "Plan Rows": 1110200, "Plan Width": 8, "Actual Startup Time": 0.068, "Actual Total Time": 15.714, "Actual Rows": 11102, "Actual Loops": 1, "Output": ["pl.relatedpostid", "p.id"], "Inner Unique": true, "Merge Cond": "(pl.relatedpostid = p.id)", "Plans": [{"Node Type": "Index Only Scan", "Parent Relationship": "Outer", "Parallel Aware": false, "Scan Direction": "Forward", "Index Name": "idx_postlinks_relatedpostid", "Relation Name": "postlinks", "Schema": "public", "Alias": "pl", "Startup Cost": 0.29, "Total Cost": 282.81, "Plan Rows": 11102, "Plan Width": 4, "Actual Startup Time": 0.034, "Actual Total Time": 1.252, "Actual Rows": 11102, "Actual Loops": 1, "Output": ["pl.relatedpostid"], "Heap Fetches": 0}, {"Node Type": "Index Only Scan", "Parent Relationship": "Inner", "Parallel Aware": false, "Scan Direction": "Forward", "Index Name": "posts_pkey", "Relation Name": "posts", "Schema": "public", "Alias": "p", "Startup Cost": 0.29, "Total Cost": 2395.93, "Plan Rows": 91976, "Plan Width": 4, "Actual Startup Time": 0.032, "Actual Total Time": 8.357, "Actual Rows": 91779, "Actual Loops": 1, "Output": ["p.id"], "Heap Fetches": 0}]}]}]}]}]}]}]}, {"Node Type": "Index Only Scan", "Parent Relationship": "Inner", "Parallel Aware": false, "Scan Direction": "Forward", "Index Name": "idx_badges_userid", "Relation Name": "badges", "Schema": "public", "Alias": "b", "Startup Cost": 0.29, "Total Cost": 0.37, "Plan Rows": 4, "Plan Width": 4, "Actual Startup Time": 0.001, "Actual Total Time": 0.007, "Actual Rows": 108, "Actual Loops": 10257634, "Output": ["b.userid"], "Index Cond": "(b.userid = c.userid)", "Rows Removed by Index Recheck": 0, "Heap Fetches": 0}]}]}, "Planning Time": 241.245, "Triggers": [], "Execution Time": 165979.298}]
q116#####[{"Plan": {"Node Type": "Aggregate", "Strategy": "Plain", "Partial Mode": "Simple", "Parallel Aware": false, "Startup Cost": 31811.01, "Total Cost": 31811.02, "Plan Rows": 1, "Plan Width": 8, "Actual Startup Time": 168.906, "Actual Total Time": 168.908, "Actual Rows": 1, "Actual Loops": 1, "Output": ["count(*)"], "Plans": [{"Node Type": "Nested Loop", "Parent Relationship": "Outer", "Parallel Aware": false, "Join Type": "Inner", "Startup Cost": 1.01, "Total Cost": 15767.28, "Plan Rows": 6417494, "Plan Width": 0, "Actual Startup Time": 0.199, "Actual Total Time": 139.639, "Actual Rows": 699302, "Actual Loops": 1, "Inner Unique": false, "Plans": [{"Node Type": "Merge Join", "Parent Relationship": "Outer", "Parallel Aware": false, "Join Type": "Inner", "Startup Cost": 0.72, "Total Cost": 4625.8, "Plan Rows": 10915, "Plan Width": 4, "Actual Startup Time": 0.182, "Actual Total Time": 30.396, "Actual Rows": 10972, "Actual Loops": 1, "Output": ["p.owneruserid"], "Inner Unique": true, "Merge Cond": "(pl.postid = p.id)", "Plans": [{"Node Type": "Index Only Scan", "Parent Relationship": "Outer", "Parallel Aware": false, "Scan Direction": "Forward", "Index Name": "idx_postlinks_postid", "Relation Name": "postlinks", "Schema": "public", "Alias": "pl", "Startup Cost": 0.29, "Total Cost": 314.81, "Plan Rows": 11102, "Plan Width": 4, "Actual Startup Time": 0.014, "Actual Total Time": 2.302, "Actual Rows": 11057, "Actual Loops": 1, "Output": ["pl.postid"], "Heap Fetches": 0}, {"Node Type": "Index Scan", "Parent Relationship": "Inner", "Parallel Aware": false, "Scan Direction": "Forward", "Index Name": "posts_pkey", "Relation Name": "posts", "Schema": "public", "Alias": "p", "Startup Cost": 0.29, "Total Cost": 3948.75, "Plan Rows": 90427, "Plan Width": 8, "Actual Startup Time": 0.156, "Actual Total Time": 22.123, "Actual Rows": 90764, "Actual Loops": 1, "Output": ["p.id", "p.posttypeid", "p.creationdate", "p.score", "p.viewcount", "p.owneruserid", "p.answercount", "p.commentcount", "p.favoritecount", "p.lasteditoruserid"], "Filter": "((p.commentcount <= 18) AND (p.creationdate <= 1410198180) AND (p.creationdate >= 1279841251))", "Rows Removed by Filter": 1212}]}, {"Node Type": "Index Only Scan", "Parent Relationship": "Inner", "Parallel Aware": false, "Scan Direction": "Forward", "Index Name": "idx_comments_userid", "Relation Name": "comments", "Schema": "public", "Alias": "c", "Startup Cost": 0.29, "Total Cost": 0.76, "Plan Rows": 26, "Plan Width": 4, "Actual Startup Time": 0.001, "Actual Total Time": 0.006, "Actual Rows": 64, "Actual Loops": 10972, "Output": ["c.userid"], "Index Cond": "(c.userid = p.owneruserid)", "Rows Removed by Index Recheck": 0, "Heap Fetches": 0}]}]}, "Planning Time": 85.062, "Triggers": [], "Execution Time": 169.027}]
q117#####[{"Plan": {"Node Type": "Aggregate", "Strategy": "Plain", "Partial Mode": "Simple", "Parallel Aware": false, "Startup Cost": 245612.41, "Total Cost": 245612.42, "Plan Rows": 1, "Plan Width": 8, "Actual Startup Time": 26285.457, "Actual Total Time": 26285.464, "Actual Rows": 1, "Actual Loops": 1, "Output": ["count(*)"], "Plans": [{"Node Type": "Hash Join", "Parent Relationship": "Outer", "Parallel Aware": false, "Join Type": "Inner", "Startup Cost": 13142.3, "Total Cost": 167026.99, "Plan Rows": 31434167, "Plan Width": 0, "Actual Startup Time": 69.11, "Actual Total Time": 18273.248, "Actual Rows": 232064316, "Actual Loops": 1, "Inner Unique": false, "Hash Cond": "(b.userid = u.id)", "Plans": [{"Node Type": "Nested Loop", "Parent Relationship": "Outer", "Parallel Aware": false, "Join Type": "Inner", "Startup Cost": 0.29, "Total Cost": 18687.06, "Plan Rows": 1317180, "Plan Width": 8, "Actual Startup Time": 0.214, "Actual Total Time": 293.605, "Actual Rows": 1487413, "Actual Loops": 1, "Output": ["b.userid", "p.owneruserid"], "Inner Unique": false, "Plans": [{"Node Type": "Seq Scan", "Parent Relationship": "Outer", "Parallel Aware": false, "Relation Name": "posts", "Schema": "public", "Alias": "p", "Startup Cost": 0.0, "Total Cost": 2929.46, "Plan Rows": 37440, "Plan Width": 4, "Actual Startup Time": 0.196, "Actual Total Time": 18.393, "Actual Rows": 37681, "Actual Loops": 1, "Output": ["p.id", "p.posttypeid", "p.creationdate", "p.score", "p.viewcount", "p.owneruserid", "p.answercount", "p.commentcount", "p.favoritecount", "p.lasteditoruserid"], "Filter": "((p.creationdate <= 1409823910) AND (p.creationdate >= 1280215831) AND (p.score <= 30) AND (p.score >= 0) AND (p.commentcount = 0))", "Rows Removed by Filter": 54295}, {"Node Type": "Index Only Scan", "Parent Relationship": "Inner", "Parallel Aware": false, "Scan Direction": "Forward", "Index Name": "idx_badges_userid", "Relation Name": "badges", "Schema": "public", "Alias": "b", "Startup Cost": 0.29, "Total Cost": 0.38, "Plan Rows": 4, "Plan Width": 4, "Actual Startup Time": 0.002, "Actual Total Time": 0.004, "Actual Rows": 39, "Actual Loops": 37681, "Output": ["b.userid"], "Index Cond": "(b.userid = p.owneruserid)", "Rows Removed by Index Recheck": 0, "Heap Fetches": 0}]}, {"Node Type": "Hash", "Parent Relationship": "Inner", "Parallel Aware": false, "Startup Cost": 7759.21, "Total Cost": 7759.21, "Plan Rows": 328064, "Plan Width": 8, "Actual Startup Time": 67.951, "Actual Total Time": 67.955, "Actual Rows": 34789, "Actual Loops": 1, "Output": ["u.id", "v.userid"], "Hash Buckets": 131072, "Original Hash Buckets": 131072, "Hash Batches": 8, "Original Hash Batches": 8, "Peak Memory Usage": 1272, "Plans": [{"Node Type": "Hash Join", "Parent Relationship": "Outer", "Parallel Aware": false, "Join Type": "Inner", "Startup Cost": 1204.31, "Total Cost": 7759.21, "Plan Rows": 328064, "Plan Width": 8, "Actual Startup Time": 13.891, "Actual Total Time": 62.935, "Actual Rows": 34789, "Actual Loops": 1, "Output": ["u.id", "v.userid"], "Inner Unique": true, "Hash Cond": "(v.userid = u.id)", "Plans": [{"Node Type": "Seq Scan", "Parent Relationship": "Outer", "Parallel Aware": false, "Relation Name": "votes", "Schema": "public", "Alias": "v", "Startup Cost": 0.0, "Total Cost": 5693.64, "Plan Rows": 328064, "Plan Width": 4, "Actual Startup Time": 0.011, "Actual Total Time": 16.513, "Actual Rows": 328064, "Actual Loops": 1, "Output": ["v.id", "v.postid", "v.votetypeid", "v.creationdate", "v.userid", "v.bountyamount"]}, {"Node Type": "Hash", "Parent Relationship": "Inner", "Parallel Aware": false, "Startup Cost": 700.25, "Total Cost": 700.25, "Plan Rows": 40325, "Plan Width": 4, "Actual Startup Time": 13.735, "Actual Total Time": 13.736, "Actual Rows": 40325, "Actual Loops": 1, "Output": ["u.id"], "Hash Buckets": 65536, "Original Hash Buckets": 65536, "Hash Batches": 1, "Original Hash Batches": 1, "Peak Memory Usage": 1930, "Plans": [{"Node Type": "Seq Scan", "Parent Relationship": "Outer", "Parallel Aware": false, "Relation Name": "users", "Schema": "public", "Alias": "u", "Startup Cost": 0.0, "Total Cost": 700.25, "Plan Rows": 40325, "Plan Width": 4, "Actual Startup Time": 0.009, "Actual Total Time": 5.978, "Actual Rows": 40325, "Actual Loops": 1, "Output": ["u.id"]}]}]}]}]}]}, "Planning Time": 93.996, "Triggers": [], "Execution Time": 26285.617}]
q103#####[{"Plan": {"Node Type": "Aggregate", "Strategy": "Plain", "Partial Mode": "Simple", "Parallel Aware": false, "Startup Cost": 210215.29, "Total Cost": 210215.3, "Plan Rows": 1, "Plan Width": 8, "Actual Startup Time": 197.756, "Actual Total Time": 197.759, "Actual Rows": 1, "Actual Loops": 1, "Output": ["count(*)"], "Plans": [{"Node Type": "Merge Join", "Parent Relationship": "Outer", "Parallel Aware": false, "Join Type": "Inner", "Startup Cost": 21373.91, "Total Cost": 102143.34, "Plan Rows": 43228780, "Plan Width": 0, "Actual Startup Time": 125.206, "Actual Total Time": 195.884, "Actual Rows": 56205, "Actual Loops": 1, "Inner Unique": false, "Merge Cond": "(b.userid = ph.userid)", "Plans": [{"Node Type": "Merge Join", "Parent Relationship": "Outer", "Parallel Aware": false, "Join Type": "Inner", "Startup Cost": 11045.78, "Total Cost": 28451.58, "Plan Rows": 158217, "Plan Width": 12, "Actual Startup Time": 94.274, "Actual Total Time": 151.171, "Actual Rows": 23386, "Actual Loops": 1, "Output": ["b.userid", "u.id", "v.userid"], "Inner Unique": false, "Merge Cond": "(b.userid = u.id)", "Plans": [{"Node Type": "Index Scan", "Parent Relationship": "Outer", "Parallel Aware": false, "Scan Direction": "Forward", "Index Name": "idx_badges_userid", "Relation Name": "badges", "Schema": "public", "Alias": "b", "Startup Cost": 0.29, "Total Cost": 3209.99, "Plan Rows": 78977, "Plan Width": 4, "Actual Startup Time": 0.029, "Actual Total Time": 25.383, "Actual Rows": 78917, "Actual Loops": 1, "Output": ["b.id", "b.userid", "b.date"], "Filter": "(b.date <= 1409731992)", "Rows Removed by Filter": 934}, {"Node Type": "Materialize", "Parent Relationship": "Inner", "Parallel Aware": false, "Startup Cost": 11045.22, "Total Cost": 17642.39, "Plan Rows": 275394, "Plan Width": 8, "Actual Startup Time": 91.741, "Actual Total Time": 119.453, "Actual Rows": 26208, "Actual Loops": 1, "Output": ["u.id", "v.userid"], "Plans": [{"Node Type": "Merge Join", "Parent Relationship": "Outer", "Parallel Aware": false, "Join Type": "Inner", "Startup Cost": 11045.22, "Total Cost": 16953.91, "Plan Rows": 275394, "Plan Width": 8, "Actual Startup Time": 91.736, "Actual Total Time": 117.23, "Actual Rows": 10395, "Actual Loops": 1, "Output": ["u.id", "v.userid"], "Inner Unique": false, "Merge Cond": "(u.id = v.userid)", "Plans": [{"Node Type": "Index Scan", "Parent Relationship": "Outer", "Parallel Aware": false, "Scan Direction": "Forward", "Index Name": "users_pkey", "Relation Name": "users", "Schema": "public", "Alias": "u", "Startup Cost": 0.29, "Total Cost": 1760.41, "Plan Rows": 33890, "Plan Width": 4, "Actual Startup Time": 0.119, "Actual Total Time": 7.849, "Actual Rows": 35320, "Actual Loops": 1, "Output": ["u.id", "u.reputation", "u.creationdate", "u.views", "u.upvotes", "u.downvotes"], "Filter": "((u.creationdate <= 1410452190) AND (u.creationdate >= 1280737078) AND (u.reputation <= 126) AND (u.views <= 11))", "Rows Removed by Filter": 4456}, {"Node Type": "Index Scan", "Parent Relationship": "Inner", "Parallel Aware": false, "Scan Direction": "Forward", "Index Name": "idx_votes_userid", "Relation Name": "votes", "Schema": "public", "Alias": "v", "Startup Cost": 0.3, "Total Cost": 11542.53, "Plan Rows": 327686, "Plan Width": 4, "Actual Startup Time": 0.016, "Actual Total Time": 83.988, "Actual Rows": 327848, "Actual Loops": 1, "Output": ["v.id", "v.postid", "v.votetypeid", "v.creationdate", "v.userid", "v.bountyamount"], "Filter": "(v.creationdate <= 1410451200)", "Rows Removed by Filter": 175}]}]}]}, {"Node Type": "Sort", "Parent Relationship": "Inner", "Parallel Aware": false, "Startup Cost": 9382.11, "Total Cost": 9491.18, "Plan Rows": 43629, "Plan Width": 4, "Actual Startup Time": 30.422, "Actual Total Time": 36.416, "Actual Rows": 95909, "Actual Loops": 1, "Output": ["ph.userid"], "Sort Key": ["ph.userid"], "Sort Method": "quicksort", "Sort Space Used": 3378, "Sort Space Type": "Memory", "Plans": [{"Node Type": "Seq Scan", "Parent Relationship": "Outer", "Parallel Aware": false, "Relation Name": "posthistory", "Schema": "public", "Alias": "ph", "Startup Cost": 0.0, "Total Cost": 6019.84, "Plan Rows": 43629, "Plan Width": 4, "Actual Startup Time": 0.011, "Actual Total Time": 22.709, "Actual Rows": 42921, "Actual Loops": 1, "Output": ["ph.userid"], "Filter": "(ph.posthistorytypeid = 1)", "Rows Removed by Filter": 260266}]}]}]}, "Planning Time": 112.337, "Triggers": [], "Execution Time": 198.022}]
q16#####[{"Plan": {"Node Type": "Aggregate", "Strategy": "Plain", "Partial Mode": "Simple", "Parallel Aware": false, "Startup Cost": 42442.78, "Total Cost": 42442.79, "Plan Rows": 1, "Plan Width": 8, "Actual Startup Time": 686.006, "Actual Total Time": 686.013, "Actual Rows": 1, "Actual Loops": 1, "Output": ["count(*)"], "Plans": [{"Node Type": "Hash Join", "Parent Relationship": "Outer", "Parallel Aware": false, "Join Type": "Inner", "Startup Cost": 29826.43, "Total Cost": 38665.45, "Plan Rows": 1510933, "Plan Width": 0, "Actual Startup Time": 352.794, "Actual Total Time": 615.32, "Actual Rows": 1957551, "Actual Loops": 1, "Inner Unique": false, "Hash Cond": "(c.postid = p.id)", "Plans": [{"Node Type": "Seq Scan", "Parent Relationship": "Outer", "Parallel Aware": false, "Relation Name": "comments", "Schema": "public", "Alias": "c", "Startup Cost": 0.0, "Total Cost": 3025.05, "Plan Rows": 174305, "Plan Width": 4, "Actual Startup Time": 0.015, "Actual Total Time": 14.013, "Actual Rows": 174305, "Actual Loops": 1, "Output": ["c.postid"]}, {"Node Type": "Hash", "Parent Relationship": "Inner", "Parallel Aware": false, "Startup Cost": 27214.95, "Total Cost": 27214.95, "Plan Rows": 150199, "Plan Width": 16, "Actual Startup Time": 351.985, "Actual Total Time": 351.991, "Actual Rows": 428079, "Actual Loops": 1, "Output": ["ph.postid", "pl.postid", "p.id", "v.postid"], "Hash Buckets": 131072, "Original Hash Buckets": 131072, "Hash Batches": 16, "Original Hash Batches": 4, "Peak Memory Usage": 3379, "Plans": [{"Node Type": "Hash Join", "Parent Relationship": "Outer", "Parallel Aware": false, "Join Type": "Inner", "Startup Cost": 17978.46, "Total Cost": 27214.95, "Plan Rows": 150199, "Plan Width": 16, "Actual Startup Time": 117.568, "Actual Total Time": 271.669, "Actual Rows": 428079, "Actual Loops": 1, "Output": ["ph.postid", "pl.postid", "p.id", "v.postid"], "Inner Unique": false, "Hash Cond": "(v.postid = p.id)", "Plans": [{"Node Type": "Seq Scan", "Parent Relationship": "Outer", "Parallel Aware": false, "Relation Name": "votes", "Schema": "public", "Alias": "v", "Startup Cost": 0.0, "Total Cost": 6513.8, "Plan Rows": 325518, "Plan Width": 4, "Actual Startup Time": 0.053, "Actual Total Time": 43.582, "Actual Rows": 327650, "Actual Loops": 1, "Output": ["v.id", "v.postid", "v.votetypeid", "v.creationdate", "v.userid", "v.bountyamount"], "Filter": "(v.creationdate >= 1279555200)", "Rows Removed by Filter": 414}, {"Node Type": "Hash", "Parent Relationship": "Inner", "Parallel Aware": false, "Startup Cost": 17447.98, "Total Cost": 17447.98, "Plan Rows": 42439, "Plan Width": 12, "Actual Startup Time": 117.359, "Actual Total Time": 117.363, "Actual Rows": 52257, "Actual Loops": 1, "Output": ["ph.postid", "pl.postid", "p.id"], "Hash Buckets": 65536, "Original Hash Buckets": 65536, "Hash Batches": 1, "Original Hash Batches": 1, "Peak Memory Usage": 2758, "Plans": [{"Node Type": "Hash Join", "Parent Relationship": "Outer", "Parallel Aware": false, "Join Type": "Inner", "Startup Cost": 4884.19, "Total Cost": 17447.98, "Plan Rows": 42439, "Plan Width": 12, "Actual Startup Time": 20.724, "Actual Total Time": 110.093, "Actual Rows": 52257, "Actual Loops": 1, "Output": ["ph.postid", "pl.postid", "p.id"], "Inner Unique": false, "Hash Cond": "(ph.postid = p.id)", "Plans": [{"Node Type": "Seq Scan", "Parent Relationship": "Outer", "Parallel Aware": false, "Relation Name": "posthistory", "Schema": "public", "Alias": "ph", "Startup Cost": 0.0, "Total Cost": 6019.84, "Plan Rows": 273396, "Plan Width": 4, "Actual Startup Time": 0.014, "Actual Total Time": 41.444, "Actual Rows": 272988, "Actual Loops": 1, "Output": ["ph.postid"], "Filter": "(ph.creationdate <= 1403082847)", "Rows Removed by Filter": 30199}, {"Node Type": "Hash", "Parent Relationship": "Inner", "Parallel Aware": false, "Startup Cost": 3233.94, "Total Cost": 3233.94, "Plan Rows": 100580, "Plan Width": 8, "Actual Startup Time": 20.053, "Actual Total Time": 20.056, "Actual Rows": 10032, "Actual Loops": 1, "Output": ["pl.postid", "p.id"], "Hash Buckets": 131072, "Original Hash Buckets": 131072, "Hash Batches": 2, "Original Hash Batches": 2, "Peak Memory Usage": 1221, "Plans": [{"Node Type": "Merge Join", "Parent Relationship": "Outer", "Parallel Aware": false, "Join Type": "Inner", "Startup Cost": 0.66, "Total Cost": 3233.94, "Plan Rows": 100580, "Plan Width": 8, "Actual Startup Time": 0.05, "Actual Total Time": 18.343, "Actual Rows": 10032, "Actual Loops": 1, "Output": ["pl.postid", "p.id"], "Inner Unique": true, "Merge Cond": "(pl.postid = p.id)", "Plans": [{"Node Type": "Index Scan", "Parent Relationship": "Outer", "Parallel Aware": false, "Scan Direction": "Forward", "Index Name": "idx_postlinks_postid", "Relation Name": "postlinks", "Schema": "public", "Alias": "pl", "Startup Cost": 0.29, "Total Cost": 482.8, "Plan Rows": 10058, "Plan Width": 4, "Actual Startup Time": 0.021, "Actual Total Time": 3.253, "Actual Rows": 10032, "Actual Loops": 1, "Output": ["pl.id", "pl.creationdate", "pl.postid", "pl.relatedpostid", "pl.linktypeid"], "Filter": "((pl.creationdate >= 1287471762) AND (pl.linktypeid = 1))", "Rows Removed by Filter": 1070}, {"Node Type": "Index Only Scan", "Parent Relationship": "Inner", "Parallel Aware": false, "Scan Direction": "Forward", "Index Name": "posts_pkey", "Relation Name": "posts", "Schema": "public", "Alias": "p", "Startup Cost": 0.29, "Total Cost": 2395.93, "Plan Rows": 91976, "Plan Width": 4, "Actual Startup Time": 0.026, "Actual Total Time": 9.531, "Actual Rows": 91958, "Actual Loops": 1, "Output": ["p.id"], "Heap Fetches": 0}]}]}]}]}]}]}]}]}, "Planning Time": 136.814, "Triggers": [], "Execution Time": 686.161}]
q12#####[{"Plan": {"Node Type": "Aggregate", "Strategy": "Plain", "Partial Mode": "Simple", "Parallel Aware": false, "Startup Cost": 23577.7, "Total Cost": 23577.71, "Plan Rows": 1, "Plan Width": 8, "Actual Startup Time": 357.513, "Actual Total Time": 357.52, "Actual Rows": 1, "Actual Loops": 1, "Output": ["count(*)"], "Plans": [{"Node Type": "Hash Join", "Parent Relationship": "Outer", "Parallel Aware": false, "Join Type": "Inner", "Startup Cost": 11731.32, "Total Cost": 23078.42, "Plan Rows": 199712, "Plan Width": 0, "Actual Startup Time": 164.322, "Actual Total Time": 339.238, "Actual Rows": 554302, "Actual Loops": 1, "Inner Unique": false, "Hash Cond": "(v.postid = p.id)", "Plans": [{"Node Type": "Seq Scan", "Parent Relationship": "Outer", "Parallel Aware": false, "Relation Name": "votes", "Schema": "public", "Alias": "v", "Startup Cost": 0.0, "Total Cost": 7333.96, "Plan Rows": 322563, "Plan Width": 4, "Actual Startup Time": 0.07, "Actual Total Time": 36.156, "Actual Rows": 324656, "Actual Loops": 1, "Output": ["v.id", "v.postid", "v.votetypeid", "v.creationdate", "v.userid", "v.bountyamount"], "Filter": "((v.creationdate <= 1409673600) AND (v.creationdate >= 1279555200))", "Rows Removed by Filter": 3408}, {"Node Type": "Hash", "Parent Relationship": "Inner", "Parallel Aware": false, "Startup Cost": 11019.5, "Total Cost": 11019.5, "Plan Rows": 56946, "Plan Width": 8, "Actual Startup Time": 164.0, "Actual Total Time": 164.005, "Actual Rows": 167333, "Actual Loops": 1, "Output": ["ph.postid", "p.id"], "Hash Buckets": 131072, "Original Hash Buckets": 65536, "Hash Batches": 4, "Original Hash Batches": 1, "Peak Memory Usage": 3073, "Plans": [{"Node Type": "Hash Join", "Parent Relationship": "Outer", "Parallel Aware": false, "Join Type": "Inner", "Startup Cost": 4086.18, "Total Cost": 11019.5, "Plan Rows": 56946, "Plan Width": 8, "Actual Startup Time": 31.247, "Actual Total Time": 138.65, "Actual Rows": 167333, "Actual Loops": 1, "Output": ["ph.postid", "p.id"], "Inner Unique": true, "Hash Cond": "(p.owneruserid = u.id)", "Plans": [{"Node Type": "Hash Join", "Parent Relationship": "Outer", "Parallel Aware": false, "Join Type": "Inner", "Startup Cost": 2714.36, "Total Cost": 9487.31, "Plan Rows": 61080, "Plan Width": 12, "Actual Startup Time": 19.005, "Actual Total Time": 96.674, "Actual Rows": 200802, "Actual Loops": 1, "Output": ["ph.postid", "p.id", "p.owneruserid"], "Inner Unique": true, "Hash Cond": "(ph.postid = p.id)", "Plans": [{"Node Type": "Seq Scan", "Parent Relationship": "Outer", "Parallel Aware": false, "Relation Name": "posthistory", "Schema": "public", "Alias": "ph", "Startup Cost": 0.0, "Total Cost": 6019.84, "Plan Rows": 286891, "Plan Width": 4, "Actual Startup Time": 0.016, "Actual Total Time": 31.779, "Actual Rows": 286515, "Actual Loops": 1, "Output": ["ph.id", "ph.posthistorytypeid", "ph.postid", "ph.creationdate", "ph.userid"], "Filter": "(ph.creationdate <= 1406525135)", "Rows Removed by Filter": 16672}, {"Node Type": "Hash", "Parent Relationship": "Inner", "Parallel Aware": false, "Startup Cost": 2469.58, "Total Cost": 2469.58, "Plan Rows": 19582, "Plan Width": 8, "Actual Startup Time": 18.84, "Actual Total Time": 18.842, "Actual Rows": 42238, "Actual Loops": 1, "Output": ["p.id", "p.owneruserid"], "Hash Buckets": 65536, "Original Hash Buckets": 32768, "Hash Batches": 1, "Original Hash Batches": 1, "Peak Memory Usage": 2162, "Plans": [{"Node Type": "Seq Scan", "Parent Relationship": "Outer", "Parallel Aware": false, "Relation Name": "posts", "Schema": "public", "Alias": "p", "Startup Cost": 0.0, "Total Cost": 2469.58, "Plan Rows": 19582, "Plan Width": 8, "Actual Startup Time": 0.01, "Actual Total Time": 12.63, "Actual Rows": 42238, "Actual Loops": 1, "Output": ["p.id", "p.owneruserid"], "Filter": "((p.answercount <= 4) AND (p.answercount >= 0) AND (p.posttypeid = 1))", "Rows Removed by Filter": 49738}]}]}, {"Node Type": "Hash", "Parent Relationship": "Inner", "Parallel Aware": false, "Startup Cost": 901.88, "Total Cost": 901.88, "Plan Rows": 37596, "Plan Width": 4, "Actual Startup Time": 11.934, "Actual Total Time": 11.935, "Actual Rows": 37542, "Actual Loops": 1, "Output": ["u.id"], "Hash Buckets": 65536, "Original Hash Buckets": 65536, "Hash Batches": 1, "Original Hash Batches": 1, "Peak Memory Usage": 1832, "Plans": [{"Node Type": "Seq Scan", "Parent Relationship": "Outer", "Parallel Aware": false, "Relation Name": "users", "Schema": "public", "Alias": "u", "Startup Cost": 0.0, "Total Cost": 901.88, "Plan Rows": 37596, "Plan Width": 4, "Actual Startup Time": 0.011, "Actual Total Time": 6.662, "Actual Rows": 37542, "Actual Loops": 1, "Output": ["u.id"], "Filter": "((u.creationdate <= 1407452609) AND (u.downvotes = 0))", "Rows Removed by Filter": 2783}]}]}]}]}]}, "Planning Time": 90.057, "Triggers": [], "Execution Time": 357.909}]
q107#####[{"Plan": {"Node Type": "Aggregate", "Strategy": "Plain", "Partial Mode": "Simple", "Parallel Aware": false, "Startup Cost": 65581.65, "Total Cost": 65581.66, "Plan Rows": 1, "Plan Width": 8, "Actual Startup Time": 1207.738, "Actual Total Time": 1207.744, "Actual Rows": 1, "Actual Loops": 1, "Output": ["count(*)"], "Plans": [{"Node Type": "Hash Join", "Parent Relationship": "Outer", "Parallel Aware": false, "Join Type": "Inner", "Startup Cost": 42040.87, "Total Cost": 49656.61, "Plan Rows": 6370014, "Plan Width": 0, "Actual Startup Time": 581.008, "Actual Total Time": 1068.924, "Actual Rows": 4254157, "Actual Loops": 1, "Inner Unique": false, "Hash Cond": "(c.postid = p.id)", "Plans": [{"Node Type": "Seq Scan", "Parent Relationship": "Outer", "Parallel Aware": false, "Relation Name": "comments", "Schema": "public", "Alias": "c", "Startup Cost": 0.0, "Total Cost": 3025.05, "Plan Rows": 174305, "Plan Width": 4, "Actual Startup Time": 0.022, "Actual Total Time": 13.22, "Actual Rows": 174305, "Actual Loops": 1, "Output": ["c.postid"]}, {"Node Type": "Hash", "Parent Relationship": "Inner", "Parallel Aware": false, "Startup Cost": 40162.65, "Total Cost": 40162.65, "Plan Rows": 108017, "Plan Width": 12, "Actual Startup Time": 580.023, "Actual Total Time": 580.028, "Actual Rows": 1330735, "Actual Loops": 1, "Output": ["ph.postid", "p.id", "v.postid"], "Hash Buckets": 131072, "Original Hash Buckets": 131072, "Hash Batches": 32, "Original Hash Batches": 2, "Peak Memory Usage": 3073, "Plans": [{"Node Type": "Hash Join", "Parent Relationship": "Outer", "Parallel Aware": false, "Join Type": "Inner", "Startup Cost": 17052.07, "Total Cost": 40162.65, "Plan Rows": 108017, "Plan Width": 12, "Actual Startup Time": 162.0, "Actual Total Time": 414.413, "Actual Rows": 1330735, "Actual Loops": 1, "Output": ["ph.postid", "p.id", "v.postid"], "Inner Unique": false, "Hash Cond": "(v.postid = p.id)", "Plans": [{"Node Type": "Seq Scan", "Parent Relationship": "Outer", "Parallel Aware": false, "Relation Name": "votes", "Schema": "public", "Alias": "v", "Startup Cost": 0.0, "Total Cost": 6513.8, "Plan Rows": 327686, "Plan Width": 4, "Actual Startup Time": 0.017, "Actual Total Time": 35.991, "Actual Rows": 327888, "Actual Loops": 1, "Output": ["v.postid"], "Filter": "(v.creationdate <= 1410451200)", "Rows Removed by Filter": 176}, {"Node Type": "Hash", "Parent Relationship": "Inner", "Parallel Aware": false, "Startup Cost": 12077.23, "Total Cost": 12077.23, "Plan Rows": 303187, "Plan Width": 8, "Actual Startup Time": 161.299, "Actual Total Time": 161.303, "Actual Rows": 303187, "Actual Loops": 1, "Output": ["ph.postid", "p.id"], "Hash Buckets": 131072, "Original Hash Buckets": 131072, "Hash Batches": 4, "Original Hash Batches": 4, "Peak Memory Usage": 4027, "Plans": [{"Node Type": "Hash Join", "Parent Relationship": "Outer", "Parallel Aware": false, "Join Type": "Inner", "Startup Cost": 3289.46, "Total Cost": 12077.23, "Plan Rows": 303187, "Plan Width": 8, "Actual Startup Time": 26.533, "Actual Total Time": 123.699, "Actual Rows": 303187, "Actual Loops": 1, "Output": ["ph.postid", "p.id"], "Inner Unique": true, "Hash Cond": "(ph.postid = p.id)", "Plans": [{"Node Type": "Seq Scan", "Parent Relationship": "Outer", "Parallel Aware": false, "Relation Name": "posthistory", "Schema": "public", "Alias": "ph", "Startup Cost": 0.0, "Total Cost": 5261.87, "Plan Rows": 303187, "Plan Width": 4, "Actual Startup Time": 0.014, "Actual Total Time": 28.067, "Actual Rows": 303187, "Actual Loops": 1, "Output": ["ph.postid"]}, {"Node Type": "Hash", "Parent Relationship": "Inner", "Parallel Aware": false, "Startup Cost": 1779.76, "Total Cost": 1779.76, "Plan Rows": 91976, "Plan Width": 4, "Actual Startup Time": 25.843, "Actual Total Time": 25.844, "Actual Rows": 91976, "Actual Loops": 1, "Output": ["p.id"], "Hash Buckets": 131072, "Original Hash Buckets": 131072, "Hash Batches": 2, "Original Hash Batches": 2, "Peak Memory Usage": 2641, "Plans": [{"Node Type": "Seq Scan", "Parent Relationship": "Outer", "Parallel Aware": false, "Relation Name": "posts", "Schema": "public", "Alias": "p", "Startup Cost": 0.0, "Total Cost": 1779.76, "Plan Rows": 91976, "Plan Width": 4, "Actual Startup Time": 0.009, "Actual Total Time": 11.649, "Actual Rows": 91976, "Actual Loops": 1, "Output": ["p.id"]}]}]}]}]}]}]}]}, "Planning Time": 92.47, "Triggers": [], "Execution Time": 1207.865}]
q113#####[{"Plan": {"Node Type": "Aggregate", "Strategy": "Plain", "Partial Mode": "Simple", "Parallel Aware": false, "Startup Cost": 2112223.73, "Total Cost": 2112223.74, "Plan Rows": 1, "Plan Width": 8, "Actual Startup Time": 1715.146, "Actual Total Time": 1715.148, "Actual Rows": 1, "Actual Loops": 1, "Output": ["count(*)"], "Plans": [{"Node Type": "Merge Join", "Parent Relationship": "Outer", "Parallel Aware": false, "Join Type": "Inner", "Startup Cost": 11930.25, "Total Cost": 2079033.62, "Plan Rows": 13276046, "Plan Width": 0, "Actual Startup Time": 66.966, "Actual Total Time": 1357.427, "Actual Rows": 10993951, "Actual Loops": 1, "Inner Unique": false, "Merge Cond": "(c.userid = u.id)", "Plans": [{"Node Type": "Index Scan", "Parent Relationship": "Outer", "Parallel Aware": false, "Scan Direction": "Forward", "Index Name": "idx_comments_userid", "Relation Name": "comments", "Schema": "public", "Alias": "c", "Startup Cost": 0.29, "Total Cost": 8711.25, "Plan Rows": 172314, "Plan Width": 4, "Actual Startup Time": 0.031, "Actual Total Time": 60.521, "Actual Rows": 173246, "Actual Loops": 1, "Output": ["c.id", "c.postid", "c.score", "c.creationdate", "c.userid"], "Filter": "((c.creationdate <= 1410480914) AND (c.creationdate >= 1280216794))", "Rows Removed by Filter": 843}, {"Node Type": "Materialize", "Parent Relationship": "Inner", "Parallel Aware": false, "Startup Cost": 11771.49, "Total Cost": 97961.22, "Plan Rows": 32013500, "Plan Width": 8, "Actual Startup Time": 65.166, "Actual Total Time": 441.803, "Actual Rows": 11000504, "Actual Loops": 1, "Output": ["u.id", "v.userid"], "Plans": [{"Node Type": "Merge Join", "Parent Relationship": "Outer", "Parallel Aware": false, "Join Type": "Inner", "Startup Cost": 11771.49, "Total Cost": 17927.47, "Plan Rows": 32013500, "Plan Width": 8, "Actual Startup Time": 65.161, "Actual Total Time": 95.923, "Actual Rows": 34664, "Actual Loops": 1, "Output": ["u.id", "v.userid"], "Inner Unique": false, "Merge Cond": "(u.id = v.userid)", "Plans": [{"Node Type": "Index Scan", "Parent Relationship": "Outer", "Parallel Aware": false, "Scan Direction": "Forward", "Index Name": "users_pkey", "Relation Name": "users", "Schema": "public", "Alias": "u", "Startup Cost": 0.29, "Total Cost": 1457.98, "Plan Rows": 39750, "Plan Width": 4, "Actual Startup Time": 0.013, "Actual Total Time": 6.785, "Actual Rows": 39728, "Actual Loops": 1, "Output": ["u.id", "u.reputation", "u.creationdate", "u.views", "u.upvotes", "u.downvotes"], "Filter": "(u.creationdate <= 1409677601)", "Rows Removed by Filter": 597}, {"Node Type": "Index Scan", "Parent Relationship": "Inner", "Parallel Aware": false, "Scan Direction": "Forward", "Index Name": "idx_votes_userid", "Relation Name": "votes", "Schema": "public", "Alias": "v", "Startup Cost": 0.3, "Total Cost": 12362.69, "Plan Rows": 324766, "Plan Width": 4, "Actual Startup Time": 0.015, "Actual Total Time": 68.63, "Actual Rows": 327120, "Actual Loops": 1, "Output": ["v.id", "v.postid", "v.votetypeid", "v.creationdate", "v.userid", "v.bountyamount"], "Filter": "((v.creationdate <= 1410278400) AND (v.creationdate >= 1279468800))", "Rows Removed by Filter": 902}]}]}]}]}, "Planning Time": 66.88, "Triggers": [], "Execution Time": 1715.302}]
q112#####[{"Plan": {"Node Type": "Aggregate", "Strategy": "Plain", "Partial Mode": "Simple", "Parallel Aware": false, "Startup Cost": 26701.19, "Total Cost": 26701.2, "Plan Rows": 1, "Plan Width": 8, "Actual Startup Time": 397.155, "Actual Total Time": 397.162, "Actual Rows": 1, "Actual Loops": 1, "Output": ["count(*)"], "Plans": [{"Node Type": "Hash Join", "Parent Relationship": "Outer", "Parallel Aware": false, "Join Type": "Inner", "Startup Cost": 11743.67, "Total Cost": 17023.64, "Plan Rows": 3871020, "Plan Width": 0, "Actual Startup Time": 164.765, "Actual Total Time": 347.982, "Actual Rows": 1501690, "Actual Loops": 1, "Inner Unique": false, "Hash Cond": "(p.owneruserid = b.userid)", "Plans": [{"Node Type": "Hash Join", "Parent Relationship": "Outer", "Parallel Aware": false, "Join Type": "Inner", "Startup Cost": 7959.36, "Total Cost": 12157.73, "Plan Rows": 1232, "Plan Width": 4, "Actual Startup Time": 106.674, "Actual Total Time": 168.946, "Actual Rows": 183590, "Actual Loops": 1, "Output": ["p.owneruserid"], "Inner Unique": false, "Hash Cond": "(c.postid = p.id)", "Plans": [{"Node Type": "Seq Scan", "Parent Relationship": "Outer", "Parallel Aware": false, "Relation Name": "comments", "Schema": "public", "Alias": "c", "Startup Cost": 0.0, "Total Cost": 3460.81, "Plan Rows": 134348, "Plan Width": 4, "Actual Startup Time": 0.012, "Actual Total Time": 15.321, "Actual Rows": 134887, "Actual Loops": 1, "Output": ["c.id", "c.postid", "c.score", "c.creationdate", "c.userid"], "Filter": "(c.score = 0)", "Rows Removed by Filter": 39418}, {"Node Type": "Hash", "Parent Relationship": "Inner", "Parallel Aware": false, "Startup Cost": 7759.32, "Total Cost": 7759.32, "Plan Rows": 16003, "Plan Width": 16, "Actual Startup Time": 106.508, "Actual Total Time": 106.512, "Actual Rows": 107259, "Actual Loops": 1, "Output": ["pl.relatedpostid", "p.owneruserid", "p.id", "v.postid"], "Hash Buckets": 131072, "Original Hash Buckets": 16384, "Hash Batches": 2, "Original Hash Batches": 1, "Peak Memory Usage": 3523, "Plans": [{"Node Type": "Nested Loop", "Parent Relationship": "Outer", "Parallel Aware": false, "Join Type": "Inner", "Startup Cost": 2995.65, "Total Cost": 7759.32, "Plan Rows": 16003, "Plan Width": 16, "Actual Startup Time": 18.882, "Actual Total Time": 90.09, "Actual Rows": 107259, "Actual Loops": 1, "Output": ["pl.relatedpostid", "p.owneruserid", "p.id", "v.postid"], "Inner Unique": false, "Plans": [{"Node Type": "Hash Join", "Parent Relationship": "Outer", "Parallel Aware": false, "Join Type": "Inner", "Startup Cost": 2995.23, "Total Cost": 3269.57, "Plan Rows": 4496, "Plan Width": 12, "Actual Startup Time": 18.849, "Actual Total Time": 23.74, "Actual Rows": 7995, "Actual Loops": 1, "Output": ["pl.relatedpostid", "p.owneruserid", "p.id"], "Inner Unique": true, "Hash Cond": "(pl.relatedpostid = p.id)", "Plans": [{"Node Type": "Seq Scan", "Parent Relationship": "Outer", "Parallel Aware": false, "Relation Name": "postlinks", "Schema": "public", "Alias": "pl", "Startup Cost": 0.0, "Total Cost": 248.53, "Plan Rows": 9833, "Plan Width": 4, "Actual Startup Time": 0.049, "Actual Total Time": 1.879, "Actual Rows": 9811, "Actual Loops": 1, "Output": ["pl.id", "pl.creationdate", "pl.postid", "pl.relatedpostid", "pl.linktypeid"], "Filter": "((pl.creationdate >= 1299485124) AND (pl.linktypeid = 1))", "Rows Removed by Filter": 1291}, {"Node Type": "Hash", "Parent Relationship": "Inner", "Parallel Aware": false, "Startup Cost": 2469.58, "Total Cost": 2469.58, "Plan Rows": 42052, "Plan Width": 8, "Actual Startup Time": 18.516, "Actual Total Time": 18.517, "Actual Rows": 42188, "Actual Loops": 1, "Output": ["p.owneruserid", "p.id"], "Hash Buckets": 65536, "Original Hash Buckets": 65536, "Hash Batches": 1, "Original Hash Batches": 1, "Peak Memory Usage": 2160, "Plans": [{"Node Type": "Seq Scan", "Parent Relationship": "Outer", "Parallel Aware": false, "Relation Name": "posts", "Schema": "public", "Alias": "p", "Startup Cost": 0.0, "Total Cost": 2469.58, "Plan Rows": 42052, "Plan Width": 8, "Actual Startup Time": 0.012, "Actual Total Time": 12.937, "Actual Rows": 42188, "Actual Loops": 1, "Output": ["p.owneruserid", "p.id"], "Filter": "((p.answercount <= 4) AND (p.answercount >= 0) AND (p.creationdate <= 1410508579))", "Rows Removed by Filter": 49788}]}]}, {"Node Type": "Index Scan", "Parent Relationship": "Inner", "Parallel Aware": false, "Scan Direction": "Forward", "Index Name": "idx_votes_postid", "Relation Name": "votes", "Schema": "public", "Alias": "v", "Startup Cost": 0.42, "Total Cost": 0.92, "Plan Rows": 8, "Plan Width": 4, "Actual Startup Time": 0.002, "Actual Total Time": 0.007, "Actual Rows": 13, "Actual Loops": 7995, "Output": ["v.id", "v.postid", "v.votetypeid", "v.creationdate", "v.userid", "v.bountyamount"], "Index Cond": "(v.postid = p.id)", "Rows Removed by Index Recheck": 0, "Filter": "((v.bountyamount <= 100) AND (v.creationdate <= 1410364800) AND (v.creationdate >= 1233590400))", "Rows Removed by Filter": 0}]}]}]}, {"Node Type": "Hash", "Parent Relationship": "Inner", "Parallel Aware": false, "Startup Cost": 2892.97, "Total Cost": 2892.97, "Plan Rows": 71308, "Plan Width": 8, "Actual Startup Time": 57.197, "Actual Total Time": 57.199, "Actual Rows": 63526, "Actual Loops": 1, "Output": ["b.userid", "u.id"], "Hash Buckets": 131072, "Original Hash Buckets": 131072, "Hash Batches": 1, "Original Hash Batches": 1, "Peak Memory Usage": 3506, "Plans": [{"Node Type": "Hash Join", "Parent Relationship": "Outer", "Parallel Aware": false, "Join Type": "Inner", "Startup Cost": 1452.83, "Total Cost": 2892.97, "Plan Rows": 71308, "Plan Width": 8, "Actual Startup Time": 14.915, "Actual Total Time": 44.208, "Actual Rows": 63526, "Actual Loops": 1, "Output": ["b.userid", "u.id"], "Inner Unique": true, "Hash Cond": "(b.userid = u.id)", "Plans": [{"Node Type": "Seq Scan", "Parent Relationship": "Outer", "Parallel Aware": false, "Relation Name": "badges", "Schema": "public", "Alias": "b", "Startup Cost": 0.0, "Total Cost": 1230.51, "Plan Rows": 79851, "Plan Width": 4, "Actual Startup Time": 0.018, "Actual Total Time": 6.419, "Actual Rows": 79851, "Actual Loops": 1, "Output": ["b.id", "b.userid", "b.date"]}, {"Node Type": "Hash", "Parent Relationship": "Inner", "Parallel Aware": false, "Startup Cost": 1002.69, "Total Cost": 1002.69, "Plan Rows": 36011, "Plan Width": 4, "Actual Startup Time": 14.539, "Actual Total Time": 14.54, "Actual Rows": 36029, "Actual Loops": 1, "Output": ["u.id"], "Hash Buckets": 65536, "Original Hash Buckets": 65536, "Hash Batches": 1, "Original Hash Batches": 1, "Peak Memory Usage": 1779, "Plans": [{"Node Type": "Seq Scan", "Parent Relationship": "Outer", "Parallel Aware": false, "Relation Name": "users", "Schema": "public", "Alias": "u", "Startup Cost": 0.0, "Total Cost": 1002.69, "Plan Rows": 36011, "Plan Width": 4, "Actual Startup Time": 0.053, "Actual Total Time": 7.989, "Actual Rows": 36029, "Actual Loops": 1, "Output": ["u.id"], "Filter": "((u.creationdate <= 1405166887) AND (u.creationdate >= 1280206710) AND (u.views <= 160))", "Rows Removed by Filter": 4296}]}]}]}]}]}, "Planning Time": 154.083, "Triggers": [], "Execution Time": 397.368}]
q106#####[{"Plan": {"Node Type": "Aggregate", "Strategy": "Plain", "Partial Mode": "Simple", "Parallel Aware": false, "Startup Cost": 24321.09, "Total Cost": 24321.1, "Plan Rows": 1, "Plan Width": 8, "Actual Startup Time": 1790.275, "Actual Total Time": 1790.282, "Actual Rows": 1, "Actual Loops": 1, "Output": ["count(*)"], "Plans": [{"Node Type": "Hash Join", "Parent Relationship": "Outer", "Parallel Aware": false, "Join Type": "Inner", "Startup Cost": 13269.88, "Total Cost": 22154.95, "Plan Rows": 866457, "Plan Width": 0, "Actual Startup Time": 69.153, "Actual Total Time": 1275.957, "Actual Rows": 15887370, "Actual Loops": 1, "Inner Unique": false, "Hash Cond": "(b.userid = u.id)", "Plans": [{"Node Type": "Nested Loop", "Parent Relationship": "Outer", "Parallel Aware": false, "Join Type": "Inner", "Startup Cost": 27.06, "Total Cost": 3938.53, "Plan Rows": 36307, "Plan Width": 8, "Actual Startup Time": 1.082, "Actual Total Time": 28.154, "Actual Rows": 78986, "Actual Loops": 1, "Output": ["b.userid", "p.owneruserid"], "Inner Unique": false, "Plans": [{"Node Type": "Merge Join", "Parent Relationship": "Outer", "Parallel Aware": false, "Join Type": "Inner", "Startup Cost": 26.77, "Total Cost": 3515.43, "Plan Rows": 1032, "Plan Width": 4, "Actual Startup Time": 1.05, "Actual Total Time": 16.666, "Actual Rows": 596, "Actual Loops": 1, "Output": ["p.owneruserid"], "Inner Unique": false, "Merge Cond": "(p.id = t.excerptpostid)", "Plans": [{"Node Type": "Index Scan", "Parent Relationship": "Outer", "Parallel Aware": false, "Scan Direction": "Forward", "Index Name": "posts_pkey", "Relation Name": "posts", "Schema": "public", "Alias": "p", "Startup Cost": 0.29, "Total Cost": 3258.93, "Plan Rows": 91976, "Plan Width": 8, "Actual Startup Time": 0.016, "Actual Total Time": 11.579, "Actual Rows": 90774, "Actual Loops": 1, "Output": ["p.id", "p.posttypeid", "p.creationdate", "p.score", "p.viewcount", "p.owneruserid", "p.answercount", "p.commentcount", "p.favoritecount", "p.lasteditoruserid"]}, {"Node Type": "Index Only Scan", "Parent Relationship": "Inner", "Parallel Aware": false, "Scan Direction": "Forward", "Index Name": "idx_tags_excerptpostid", "Relation Name": "tags", "Schema": "public", "Alias": "t", "Startup Cost": 0.28, "Total Cost": 59.71, "Plan Rows": 1032, "Plan Width": 4, "Actual Startup Time": 0.015, "Actual Total Time": 0.666, "Actual Rows": 1032, "Actual Loops": 1, "Output": ["t.excerptpostid"], "Heap Fetches": 1032}]}, {"Node Type": "Index Only Scan", "Parent Relationship": "Inner", "Parallel Aware": false, "Scan Direction": "Forward", "Index Name": "idx_badges_userid", "Relation Name": "badges", "Schema": "public", "Alias": "b", "Startup Cost": 0.29, "Total Cost": 0.37, "Plan Rows": 4, "Plan Width": 4, "Actual Startup Time": 0.002, "Actual Total Time": 0.01, "Actual Rows": 133, "Actual Loops": 596, "Output": ["b.userid"], "Index Cond": "(b.userid = p.owneruserid)", "Rows Removed by Index Recheck": 0, "Heap Fetches": 0}]}, {"Node Type": "Hash", "Parent Relationship": "Inner", "Parallel Aware": false, "Startup Cost": 7860.02, "Total Cost": 7860.02, "Plan Rows": 328064, "Plan Width": 8, "Actual Startup Time": 67.289, "Actual Total Time": 67.292, "Actual Rows": 34789, "Actual Loops": 1, "Output": ["u.id", "v.userid"], "Hash Buckets": 131072, "Original Hash Buckets": 131072, "Hash Batches": 8, "Original Hash Batches": 8, "Peak Memory Usage": 1272, "Plans": [{"Node Type": "Hash Join", "Parent Relationship": "Outer", "Parallel Aware": false, "Join Type": "Inner", "Startup Cost": 1305.12, "Total Cost": 7860.02, "Plan Rows": 328064, "Plan Width": 8, "Actual Startup Time": 14.36, "Actual Total Time": 62.367, "Actual Rows": 34789, "Actual Loops": 1, "Output": ["u.id", "v.userid"], "Inner Unique": true, "Hash Cond": "(v.userid = u.id)", "Plans": [{"Node Type": "Seq Scan", "Parent Relationship": "Outer", "Parallel Aware": false, "Relation Name": "votes", "Schema": "public", "Alias": "v", "Startup Cost": 0.0, "Total Cost": 5693.64, "Plan Rows": 328064, "Plan Width": 4, "Actual Startup Time": 0.017, "Actual Total Time": 16.889, "Actual Rows": 328064, "Actual Loops": 1, "Output": ["v.id", "v.postid", "v.votetypeid", "v.creationdate", "v.userid", "v.bountyamount"]}, {"Node Type": "Hash", "Parent Relationship": "Inner", "Parallel Aware": false, "Startup Cost": 801.06, "Total Cost": 801.06, "Plan Rows": 40325, "Plan Width": 4, "Actual Startup Time": 14.054, "Actual Total Time": 14.054, "Actual Rows": 40325, "Actual Loops": 1, "Output": ["u.id"], "Hash Buckets": 65536, "Original Hash Buckets": 65536, "Hash Batches": 1, "Original Hash Batches": 1, "Peak Memory Usage": 1930, "Plans": [{"Node Type": "Seq Scan", "Parent Relationship": "Outer", "Parallel Aware": false, "Relation Name": "users", "Schema": "public", "Alias": "u", "Startup Cost": 0.0, "Total Cost": 801.06, "Plan Rows": 40325, "Plan Width": 4, "Actual Startup Time": 0.013, "Actual Total Time": 7.422, "Actual Rows": 40325, "Actual Loops": 1, "Output": ["u.id"], "Filter": "(u.downvotes >= 0)", "Rows Removed by Filter": 0}]}]}]}]}]}, "Planning Time": 137.302, "Triggers": [], "Execution Time": 1790.458}]
q13#####[{"Plan": {"Node Type": "Aggregate", "Strategy": "Plain", "Partial Mode": "Simple", "Parallel Aware": false, "Startup Cost": 7135645.11, "Total Cost": 7135645.12, "Plan Rows": 1, "Plan Width": 8, "Actual Startup Time": 7244.788, "Actual Total Time": 7244.791, "Actual Rows": 1, "Actual Loops": 1, "Output": ["count(*)"], "Plans": [{"Node Type": "Nested Loop", "Parent Relationship": "Outer", "Parallel Aware": false, "Join Type": "Inner", "Startup Cost": 1602.3, "Total Cost": 253736.93, "Plan Rows": 2752763270, "Plan Width": 0, "Actual Startup Time": 14.194, "Actual Total Time": 5790.047, "Actual Rows": 43927632, "Actual Loops": 1, "Inner Unique": false, "Plans": [{"Node Type": "Nested Loop", "Parent Relationship": "Outer", "Parallel Aware": false, "Join Type": "Inner", "Startup Cost": 1601.88, "Total Cost": 77678.93, "Plan Rows": 144982, "Plan Width": 12, "Actual Startup Time": 13.28, "Actual Total Time": 408.064, "Actual Rows": 609782, "Actual Loops": 1, "Output": ["b.userid", "c.userid", "u.id"], "Inner Unique": false, "Plans": [{"Node Type": "Hash Join", "Parent Relationship": "Outer", "Parallel Aware": false, "Join Type": "Inner", "Startup Cost": 1601.59, "Total Cost": 5511.82, "Plan Rows": 169163, "Plan Width": 8, "Actual Startup Time": 13.237, "Actual Total Time": 65.608, "Actual Rows": 70030, "Actual Loops": 1, "Output": ["c.userid", "u.id"], "Inner Unique": true, "Hash Cond": "(c.userid = u.id)", "Plans": [{"Node Type": "Seq Scan", "Parent Relationship": "Outer", "Parallel Aware": false, "Relation Name": "comments", "Schema": "public", "Alias": "c", "Startup Cost": 0.0, "Total Cost": 3460.81, "Plan Rows": 171192, "Plan Width": 4, "Actual Startup Time": 0.009, "Actual Total Time": 23.282, "Actual Rows": 171069, "Actual Loops": 1, "Output": ["c.id", "c.postid", "c.score", "c.creationdate", "c.userid"], "Filter": "(c.creationdate <= 1409156304)", "Rows Removed by Filter": 3236}, {"Node Type": "Hash", "Parent Relationship": "Inner", "Parallel Aware": false, "Startup Cost": 1103.5, "Total Cost": 1103.5, "Plan Rows": 39847, "Plan Width": 4, "Actual Startup Time": 13.107, "Actual Total Time": 13.107, "Actual Rows": 39993, "Actual Loops": 1, "Output": ["u.id"], "Hash Buckets": 65536, "Original Hash Buckets": 65536, "Hash Batches": 1, "Original Hash Batches": 1, "Peak Memory Usage": 1919, "Plans": [{"Node Type": "Seq Scan", "Parent Relationship": "Outer", "Parallel Aware": false, "Relation Name": "users", "Schema": "public", "Alias": "u", "Startup Cost": 0.0, "Total Cost": 1103.5, "Plan Rows": 39847, "Plan Width": 4, "Actual Startup Time": 0.011, "Actual Total Time": 7.764, "Actual Rows": 39993, "Actual Loops": 1, "Output": ["u.id"], "Filter": "((u.downvotes <= 3) AND (u.downvotes >= 0) AND (u.reputation <= 1443) AND (u.reputation >= 1))", "Rows Removed by Filter": 332}]}]}, {"Node Type": "Index Scan", "Parent Relationship": "Inner", "Parallel Aware": false, "Scan Direction": "Forward", "Index Name": "idx_badges_userid", "Relation Name": "badges", "Schema": "public", "Alias": "b", "Startup Cost": 0.29, "Total Cost": 0.39, "Plan Rows": 4, "Plan Width": 4, "Actual Startup Time": 0.001, "Actual Total Time": 0.004, "Actual Rows": 9, "Actual Loops": 70030, "Output": ["b.id", "b.userid", "b.date"], "Index Cond": "(b.userid = c.userid)", "Rows Removed by Index Recheck": 0, "Filter": "(b.date >= 1284490248)", "Rows Removed by Filter": 0}]}, {"Node Type": "Index Only Scan", "Parent Relationship": "Inner", "Parallel Aware": false, "Scan Direction": "Forward", "Index Name": "idx_posthistory_userid", "Relation Name": "posthistory", "Schema": "public", "Alias": "ph", "Startup Cost": 0.42, "Total Cost": 0.93, "Plan Rows": 28, "Plan Width": 4, "Actual Startup Time": 0.001, "Actual Total Time": 0.005, "Actual Rows": 72, "Actual Loops": 609782, "Output": ["ph.userid"], "Index Cond": "(ph.userid = b.userid)", "Rows Removed by Index Recheck": 0, "Heap Fetches": 0}]}]}, "Planning Time": 99.602, "Triggers": [], "Execution Time": 7244.916}]
q39#####[{"Plan": {"Node Type": "Aggregate", "Strategy": "Plain", "Partial Mode": "Simple", "Parallel Aware": false, "Startup Cost": 814046.0, "Total Cost": 814046.01, "Plan Rows": 1, "Plan Width": 8, "Actual Startup Time": 371.277, "Actual Total Time": 371.279, "Actual Rows": 1, "Actual Loops": 1, "Output": ["count(*)"], "Plans": [{"Node Type": "Nested Loop", "Parent Relationship": "Outer", "Parallel Aware": false, "Join Type": "Inner", "Startup Cost": 1596.28, "Total Cost": 207809.45, "Plan Rows": 242494621, "Plan Width": 0, "Actual Startup Time": 12.132, "Actual Total Time": 312.184, "Actual Rows": 1771584, "Actual Loops": 1, "Inner Unique": false, "Plans": [{"Node Type": "Hash Join", "Parent Relationship": "Outer", "Parallel Aware": false, "Join Type": "Inner", "Startup Cost": 1595.86, "Total Cost": 5943.66, "Plan Rows": 167887, "Plan Width": 8, "Actual Startup Time": 12.107, "Actual Total Time": 53.452, "Actual Rows": 62423, "Actual Loops": 1, "Output": ["c.userid", "u.id"], "Inner Unique": true, "Hash Cond": "(c.userid = u.id)", "Plans": [{"Node Type": "Seq Scan", "Parent Relationship": "Outer", "Parallel Aware": false, "Relation Name": "comments", "Schema": "public", "Alias": "c", "Startup Cost": 0.0, "Total Cost": 3896.57, "Plan Rows": 171876, "Plan Width": 4, "Actual Startup Time": 0.135, "Actual Total Time": 20.166, "Actual Rows": 172293, "Actual Loops": 1, "Output": ["c.id", "c.postid", "c.score", "c.creationdate", "c.userid"], "Filter": "((c.creationdate <= 1410291962) AND (c.creationdate >= 1281309890))", "Rows Removed by Filter": 2012}, {"Node Type": "Hash", "Parent Relationship": "Inner", "Parallel Aware": false, "Startup Cost": 1103.5, "Total Cost": 1103.5, "Plan Rows": 39389, "Plan Width": 4, "Actual Startup Time": 11.841, "Actual Total Time": 11.842, "Actual Rows": 39444, "Actual Loops": 1, "Output": ["u.id"], "Hash Buckets": 65536, "Original Hash Buckets": 65536, "Hash Batches": 1, "Original Hash Batches": 1, "Peak Memory Usage": 1899, "Plans": [{"Node Type": "Seq Scan", "Parent Relationship": "Outer", "Parallel Aware": false, "Relation Name": "users", "Schema": "public", "Alias": "u", "Startup Cost": 0.0, "Total Cost": 1103.5, "Plan Rows": 39389, "Plan Width": 4, "Actual Startup Time": 0.045, "Actual Total Time": 6.917, "Actual Rows": 39444, "Actual Loops": 1, "Output": ["u.id"], "Filter": "((u.creationdate >= 1280752272) AND (u.reputation >= 1) AND (u.upvotes >= 0) AND (u.views <= 80))", "Rows Removed by Filter": 881}]}]}, {"Node Type": "Index Only Scan", "Parent Relationship": "Inner", "Parallel Aware": false, "Scan Direction": "Forward", "Index Name": "idx_posthistory_userid", "Relation Name": "posthistory", "Schema": "public", "Alias": "ph", "Startup Cost": 0.42, "Total Cost": 0.92, "Plan Rows": 28, "Plan Width": 4, "Actual Startup Time": 0.001, "Actual Total Time": 0.003, "Actual Rows": 28, "Actual Loops": 62423, "Output": ["ph.userid"], "Index Cond": "(ph.userid = c.userid)", "Rows Removed by Index Recheck": 0, "Heap Fetches": 0}]}]}, "Planning Time": 62.841, "Triggers": [], "Execution Time": 371.381}]
q11#####[{"Plan": {"Node Type": "Aggregate", "Strategy": "Plain", "Partial Mode": "Simple", "Parallel Aware": false, "Startup Cost": 1159414.81, "Total Cost": 1159414.82, "Plan Rows": 1, "Plan Width": 8, "Actual Startup Time": 442014.467, "Actual Total Time": 442014.469, "Actual Rows": 1, "Actual Loops": 1, "Output": ["count(*)"], "Plans": [{"Node Type": "Nested Loop", "Parent Relationship": "Outer", "Parallel Aware": false, "Join Type": "Inner", "Startup Cost": 6167.54, "Total Cost": 254867.12, "Plan Rows": 361819074, "Plan Width": 0, "Actual Startup Time": 42.891, "Actual Total Time": 337695.467, "Actual Rows": 3136348028, "Actual Loops": 1, "Inner Unique": false, "Plans": [{"Node Type": "Merge Join", "Parent Relationship": "Outer", "Parallel Aware": false, "Join Type": "Inner", "Startup Cost": 6167.12, "Total Cost": 23564.94, "Plan Rows": 190562, "Plan Width": 12, "Actual Startup Time": 42.873, "Actual Total Time": 295.418, "Actual Rows": 1056687, "Actual Loops": 1, "Output": ["b.userid", "u.id", "v.userid"], "Inner Unique": false, "Merge Cond": "(b.userid = u.id)", "Plans": [{"Node Type": "Index Only Scan", "Parent Relationship": "Outer", "Parallel Aware": false, "Scan Direction": "Forward", "Index Name": "idx_badges_userid", "Relation Name": "badges", "Schema": "public", "Alias": "b", "Startup Cost": 0.29, "Total Cost": 1886.06, "Plan Rows": 79851, "Plan Width": 4, "Actual Startup Time": 0.023, "Actual Total Time": 7.357, "Actual Rows": 79839, "Actual Loops": 1, "Output": ["b.userid"], "Heap Fetches": 0}, {"Node Type": "Materialize", "Parent Relationship": "Inner", "Parallel Aware": false, "Startup Cost": 6166.57, "Total Cost": 12555.17, "Plan Rows": 328064, "Plan Width": 8, "Actual Startup Time": 42.832, "Actual Total Time": 126.39, "Actual Rows": 1059563, "Actual Loops": 1, "Output": ["u.id", "v.userid"], "Plans": [{"Node Type": "Merge Join", "Parent Relationship": "Outer", "Parallel Aware": false, "Join Type": "Inner", "Startup Cost": 6166.57, "Total Cost": 11735.01, "Plan Rows": 328064, "Plan Width": 8, "Actual Startup Time": 42.827, "Actual Total Time": 58.573, "Actual Rows": 34789, "Actual Loops": 1, "Output": ["u.id", "v.userid"], "Inner Unique": false, "Merge Cond": "(u.id = v.userid)", "Plans": [{"Node Type": "Index Scan", "Parent Relationship": "Outer", "Parallel Aware": false, "Scan Direction": "Forward", "Index Name": "users_pkey", "Relation Name": "users", "Schema": "public", "Alias": "u", "Startup Cost": 0.29, "Total Cost": 1457.98, "Plan Rows": 40325, "Plan Width": 4, "Actual Startup Time": 0.028, "Actual Total Time": 7.319, "Actual Rows": 40285, "Actual Loops": 1, "Output": ["u.id", "u.reputation", "u.creationdate", "u.views", "u.upvotes", "u.downvotes"], "Filter": "(u.views >= 0)", "Rows Removed by Filter": 0}, {"Node Type": "Index Only Scan", "Parent Relationship": "Inner", "Parallel Aware": false, "Scan Direction": "Forward", "Index Name": "idx_votes_userid", "Relation Name": "votes", "Schema": "public", "Alias": "v", "Startup Cost": 0.3, "Total Cost": 6081.26, "Plan Rows": 328064, "Plan Width": 4, "Actual Startup Time": 0.012, "Actual Total Time": 28.627, "Actual Rows": 328064, "Actual Loops": 1, "Output": ["v.userid"], "Heap Fetches": 0}]}]}]}, {"Node Type": "Index Only Scan", "Parent Relationship": "Inner", "Parallel Aware": false, "Scan Direction": "Forward", "Index Name": "idx_posthistory_userid", "Relation Name": "posthistory", "Schema": "public", "Alias": "ph", "Startup Cost": 0.42, "Total Cost": 0.93, "Plan Rows": 28, "Plan Width": 4, "Actual Startup Time": 0.002, "Actual Total Time": 0.164, "Actual Rows": 2968, "Actual Loops": 1056687, "Output": ["ph.userid"], "Index Cond": "(ph.userid = b.userid)", "Rows Removed by Index Recheck": 0, "Heap Fetches": 0}]}]}, "Planning Time": 98.445, "Triggers": [], "Execution Time": 442014.671}]
q138#####[{"Plan": {"Node Type": "Aggregate", "Strategy": "Plain", "Partial Mode": "Simple", "Parallel Aware": false, "Startup Cost": 21333428.02, "Total Cost": 21333428.03, "Plan Rows": 1, "Plan Width": 8, "Actual Startup Time": 468.063, "Actual Total Time": 468.064, "Actual Rows": 1, "Actual Loops": 1, "Output": ["count(*)"], "Plans": [{"Node Type": "Nested Loop", "Parent Relationship": "Outer", "Parallel Aware": false, "Join Type": "Inner", "Startup Cost": 70.74, "Total Cost": 20711584.52, "Plan Rows": 248737401, "Plan Width": 0, "Actual Startup Time": 1.573, "Actual Total Time": 385.676, "Actual Rows": 2323452, "Actual Loops": 1, "Inner Unique": false, "Plans": [{"Node Type": "Merge Join", "Parent Relationship": "Outer", "Parallel Aware": false, "Join Type": "Inner", "Startup Cost": 70.32, "Total Cost": 7705.5, "Plan Rows": 17220900, "Plan Width": 8, "Actual Startup Time": 1.426, "Actual Total Time": 36.661, "Actual Rows": 69018, "Actual Loops": 1, "Output": ["c.userid", "u.id"], "Inner Unique": true, "Merge Cond": "(c.userid = u.id)", "Plans": [{"Node Type": "Index Only Scan", "Parent Relationship": "Outer", "Parallel Aware": false, "Scan Direction": "Forward", "Index Name": "idx_comments_userid", "Relation Name": "comments", "Schema": "public", "Alias": "c", "Startup Cost": 0.29, "Total Cost": 3586.87, "Plan Rows": 174305, "Plan Width": 4, "Actual Startup Time": 0.01, "Actual Total Time": 13.941, "Actual Rows": 174292, "Actual Loops": 1, "Output": ["c.userid"], "Heap Fetches": 0}, {"Node Type": "Index Scan", "Parent Relationship": "Inner", "Parallel Aware": false, "Scan Direction": "Forward", "Index Name": "users_pkey", "Relation Name": "users", "Schema": "public", "Alias": "u", "Startup Cost": 0.29, "Total Cost": 1861.23, "Plan Rows": 39840, "Plan Width": 4, "Actual Startup Time": 0.02, "Actual Total Time": 8.975, "Actual Rows": 39903, "Actual Loops": 1, "Output": ["u.id", "u.reputation", "u.creationdate", "u.views", "u.upvotes", "u.downvotes"], "Filter": "((u.creationdate <= 1410498776) AND (u.downvotes >= 0) AND (u.reputation <= 7931) AND (u.reputation >= 1) AND (u.views <= 109))", "Rows Removed by Filter": 422}]}, {"Node Type": "Index Only Scan", "Parent Relationship": "Inner", "Parallel Aware": false, "Scan Direction": "Forward", "Index Name": "idx_posthistory_userid", "Relation Name": "posthistory", "Schema": "public", "Alias": "ph", "Startup Cost": 0.42, "Total Cost": 0.92, "Plan Rows": 28, "Plan Width": 4, "Actual Startup Time": 0.001, "Actual Total Time": 0.003, "Actual Rows": 34, "Actual Loops": 69018, "Output": ["ph.userid"], "Index Cond": "(ph.userid = c.userid)", "Rows Removed by Index Recheck": 0, "Heap Fetches": 0}]}]}, "Planning Time": 68.219, "Triggers": [], "Execution Time": 468.2}]
q110#####[{"Plan": {"Node Type": "Aggregate", "Strategy": "Plain", "Partial Mode": "Simple", "Parallel Aware": false, "Startup Cost": 90755.27, "Total Cost": 90755.28, "Plan Rows": 1, "Plan Width": 8, "Actual Startup Time": 3417.99, "Actual Total Time": 3417.991, "Actual Rows": 1, "Actual Loops": 1, "Output": ["count(*)"], "Plans": [{"Node Type": "Nested Loop", "Parent Relationship": "Outer", "Parallel Aware": false, "Join Type": "Inner", "Startup Cost": 0.29, "Total Cost": 61295.36, "Plan Rows": 11783963, "Plan Width": 0, "Actual Startup Time": 0.042, "Actual Total Time": 3038.058, "Actual Rows": 10220614, "Actual Loops": 1, "Inner Unique": false, "Plans": [{"Node Type": "Seq Scan", "Parent Relationship": "Outer", "Parallel Aware": false, "Relation Name": "comments", "Schema": "public", "Alias": "c", "Startup Cost": 0.0, "Total Cost": 3460.81, "Plan Rows": 134348, "Plan Width": 4, "Actual Startup Time": 0.013, "Actual Total Time": 25.274, "Actual Rows": 134887, "Actual Loops": 1, "Output": ["c.id", "c.postid", "c.score", "c.creationdate", "c.userid"], "Filter": "(c.score = 0)", "Rows Removed by Filter": 39418}, {"Node Type": "Index Scan", "Parent Relationship": "Inner", "Parallel Aware": false, "Scan Direction": "Forward", "Index Name": "idx_badges_userid", "Relation Name": "badges", "Schema": "public", "Alias": "b", "Startup Cost": 0.29, "Total Cost": 0.39, "Plan Rows": 4, "Plan Width": 4, "Actual Startup Time": 0.001, "Actual Total Time": 0.018, "Actual Rows": 76, "Actual Loops": 134887, "Output": ["b.id", "b.userid", "b.date"], "Index Cond": "(b.userid = c.userid)", "Rows Removed by Index Recheck": 0, "Filter": "(b.date <= 1410417186)", "Rows Removed by Filter": 0}]}]}, "Planning Time": 42.432, "Triggers": [], "Execution Time": 3418.062}]
q104#####[{"Plan": {"Node Type": "Aggregate", "Strategy": "Plain", "Partial Mode": "Simple", "Parallel Aware": false, "Startup Cost": 24962.48, "Total Cost": 24962.49, "Plan Rows": 1, "Plan Width": 8, "Actual Startup Time": 231.718, "Actual Total Time": 231.72, "Actual Rows": 1, "Actual Loops": 1, "Output": ["count(*)"], "Plans": [{"Node Type": "Nested Loop", "Parent Relationship": "Outer", "Parallel Aware": false, "Join Type": "Inner", "Startup Cost": 367.99, "Total Cost": 14439.99, "Plan Rows": 4208995, "Plan Width": 0, "Actual Startup Time": 2.489, "Actual Total Time": 213.191, "Actual Rows": 481420, "Actual Loops": 1, "Inner Unique": false, "Plans": [{"Node Type": "Hash Join", "Parent Relationship": "Outer", "Parallel Aware": false, "Join Type": "Inner", "Startup Cost": 367.69, "Total Cost": 4380.42, "Plan Rows": 9288, "Plan Width": 4, "Actual Startup Time": 2.46, "Actual Total Time": 27.256, "Actual Rows": 9405, "Actual Loops": 1, "Output": ["p.owneruserid"], "Inner Unique": false, "Hash Cond": "(p.id = pl.postid)", "Plans": [{"Node Type": "Seq Scan", "Parent Relationship": "Outer", "Parallel Aware": false, "Relation Name": "posts", "Schema": "public", "Alias": "p", "Startup Cost": 0.0, "Total Cost": 2239.64, "Plan Rows": 89611, "Plan Width": 8, "Actual Startup Time": 0.22, "Actual Total Time": 11.563, "Actual Rows": 89551, "Actual Loops": 1, "Output": ["p.id", "p.posttypeid", "p.creationdate", "p.score", "p.viewcount", "p.owneruserid", "p.answercount", "p.commentcount", "p.favoritecount", "p.lasteditoruserid"], "Filter": "((p.creationdate <= 1410487341) AND (p.creationdate >= 1283705901))", "Rows Removed by Filter": 2425}, {"Node Type": "Hash", "Parent Relationship": "Inner", "Parallel Aware": false, "Startup Cost": 248.53, "Total Cost": 248.53, "Plan Rows": 9533, "Plan Width": 4, "Actual Startup Time": 2.196, "Actual Total Time": 2.197, "Actual Rows": 9480, "Actual Loops": 1, "Output": ["pl.postid"], "Hash Buckets": 16384, "Original Hash Buckets": 16384, "Hash Batches": 1, "Original Hash Batches": 1, "Peak Memory Usage": 462, "Plans": [{"Node Type": "Seq Scan", "Parent Relationship": "Outer", "Parallel Aware": false, "Relation Name": "postlinks", "Schema": "public", "Alias": "pl", "Startup Cost": 0.0, "Total Cost": 248.53, "Plan Rows": 9533, "Plan Width": 4, "Actual Startup Time": 0.063, "Actual Total Time": 1.347, "Actual Rows": 9480, "Actual Loops": 1, "Output": ["pl.postid"], "Filter": "((pl.creationdate >= 1310222144) AND (pl.linktypeid = 1))", "Rows Removed by Filter": 1622}]}]}, {"Node Type": "Index Scan", "Parent Relationship": "Inner", "Parallel Aware": false, "Scan Direction": "Forward", "Index Name": "idx_comments_userid", "Relation Name": "comments", "Schema": "public", "Alias": "c", "Startup Cost": 0.29, "Total Cost": 0.88, "Plan Rows": 20, "Plan Width": 4, "Actual Startup Time": 0.002, "Actual Total Time": 0.017, "Actual Rows": 51, "Actual Loops": 9405, "Output": ["c.id", "c.postid", "c.score", "c.creationdate", "c.userid"], "Index Cond": "(c.userid = p.owneruserid)", "Rows Removed by Index Recheck": 0, "Filter": "(c.score = 0)", "Rows Removed by Filter": 13}]}]}, "Planning Time": 65.483, "Triggers": [], "Execution Time": 231.793}]
q105#####[{"Plan": {"Node Type": "Aggregate", "Strategy": "Plain", "Partial Mode": "Simple", "Parallel Aware": false, "Startup Cost": 24383.02, "Total Cost": 24383.03, "Plan Rows": 1, "Plan Width": 8, "Actual Startup Time": 338.023, "Actual Total Time": 338.029, "Actual Rows": 1, "Actual Loops": 1, "Output": ["count(*)"], "Plans": [{"Node Type": "Hash Join", "Parent Relationship": "Outer", "Parallel Aware": false, "Join Type": "Inner", "Startup Cost": 14057.44, "Total Cost": 22868.15, "Plan Rows": 605948, "Plan Width": 0, "Actual Startup Time": 233.997, "Actual Total Time": 325.308, "Actual Rows": 304974, "Actual Loops": 1, "Inner Unique": false, "Hash Cond": "(c.postid = p.id)", "Plans": [{"Node Type": "Seq Scan", "Parent Relationship": "Outer", "Parallel Aware": false, "Relation Name": "comments", "Schema": "public", "Alias": "c", "Startup Cost": 0.0, "Total Cost": 3025.05, "Plan Rows": 174305, "Plan Width": 4, "Actual Startup Time": 0.01, "Actual Total Time": 18.962, "Actual Rows": 174305, "Actual Loops": 1, "Output": ["c.postid"]}, {"Node Type": "Hash", "Parent Relationship": "Inner", "Parallel Aware": false, "Startup Cost": 11664.17, "Total Cost": 11664.17, "Plan Rows": 145862, "Plan Width": 8, "Actual Startup Time": 233.157, "Actual Total Time": 233.162, "Actual Rows": 122922, "Actual Loops": 1, "Output": ["p.id", "v.postid"], "Hash Buckets": 131072, "Original Hash Buckets": 131072, "Hash Batches": 2, "Original Hash Batches": 2, "Peak Memory Usage": 3440, "Plans": [{"Node Type": "Hash Join", "Parent Relationship": "Outer", "Parallel Aware": false, "Join Type": "Inner", "Startup Cost": 4717.85, "Total Cost": 11664.17, "Plan Rows": 145862, "Plan Width": 8, "Actual Startup Time": 37.191, "Actual Total Time": 201.24, "Actual Rows": 122922, "Actual Loops": 1, "Output": ["p.id", "v.postid"], "Inner Unique": true, "Hash Cond": "(p.owneruserid = u.id)", "Plans": [{"Node Type": "Hash Join", "Parent Relationship": "Outer", "Parallel Aware": false, "Join Type": "Inner", "Startup Cost": 3222.1, "Total Cost": 9776.95, "Plan Rows": 149115, "Plan Width": 12, "Actual Startup Time": 26.517, "Actual Total Time": 151.531, "Actual Rows": 125986, "Actual Loops": 1, "Output": ["p.id", "p.owneruserid", "v.postid"], "Inner Unique": true, "Hash Cond": "(v.postid = p.id)", "Plans": [{"Node Type": "Seq Scan", "Parent Relationship": "Outer", "Parallel Aware": false, "Relation Name": "votes", "Schema": "public", "Alias": "v", "Startup Cost": 0.0, "Total Cost": 5693.64, "Plan Rows": 328064, "Plan Width": 4, "Actual Startup Time": 0.015, "Actual Total Time": 29.199, "Actual Rows": 328064, "Actual Loops": 1, "Output": ["v.id", "v.postid", "v.votetypeid", "v.creationdate", "v.userid", "v.bountyamount"]}, {"Node Type": "Hash", "Parent Relationship": "Inner", "Parallel Aware": false, "Startup Cost": 2699.52, "Total Cost": 2699.52, "Plan Rows": 41806, "Plan Width": 8, "Actual Startup Time": 26.245, "Actual Total Time": 26.246, "Actual Rows": 41900, "Actual Loops": 1, "Output": ["p.id", "p.owneruserid"], "Hash Buckets": 65536, "Original Hash Buckets": 65536, "Hash Batches": 1, "Original Hash Batches": 1, "Peak Memory Usage": 2149, "Plans": [{"Node Type": "Seq Scan", "Parent Relationship": "Outer", "Parallel Aware": false, "Relation Name": "posts", "Schema": "public", "Alias": "p", "Startup Cost": 0.0, "Total Cost": 2699.52, "Plan Rows": 41806, "Plan Width": 8, "Actual Startup Time": 0.01, "Actual Total Time": 19.009, "Actual Rows": 41900, "Actual Loops": 1, "Output": ["p.id", "p.owneruserid"], "Filter": "((p.creationdate <= 1410235250) AND (p.score <= 16) AND (p.score >= 0) AND (p.viewcount >= 0))", "Rows Removed by Filter": 50076}]}]}, {"Node Type": "Hash", "Parent Relationship": "Inner", "Parallel Aware": false, "Startup Cost": 1002.69, "Total Cost": 1002.69, "Plan Rows": 39445, "Plan Width": 4, "Actual Startup Time": 10.563, "Actual Total Time": 10.564, "Actual Rows": 39426, "Actual Loops": 1, "Output": ["u.id"], "Hash Buckets": 65536, "Original Hash Buckets": 65536, "Hash Batches": 1, "Original Hash Batches": 1, "Peak Memory Usage": 1899, "Plans": [{"Node Type": "Seq Scan", "Parent Relationship": "Outer", "Parallel Aware": false, "Relation Name": "users", "Schema": "public", "Alias": "u", "Startup Cost": 0.0, "Total Cost": 1002.69, "Plan Rows": 39445, "Plan Width": 4, "Actual Startup Time": 0.017, "Actual Total Time": 5.895, "Actual Rows": 39426, "Actual Loops": 1, "Output": ["u.id"], "Filter": "((u.creationdate <= 1409199356) AND (u.creationdate >= 1279537729) AND (u.reputation >= 1))", "Rows Removed by Filter": 899}]}]}]}]}]}, "Planning Time": 123.998, "Triggers": [], "Execution Time": 338.161}]
q111#####[{"Plan": {"Node Type": "Aggregate", "Strategy": "Plain", "Partial Mode": "Simple", "Parallel Aware": false, "Startup Cost": 16087.24, "Total Cost": 16087.25, "Plan Rows": 1, "Plan Width": 8, "Actual Startup Time": 197.905, "Actual Total Time": 197.909, "Actual Rows": 1, "Actual Loops": 1, "Output": ["count(*)"], "Plans": [{"Node Type": "Hash Join", "Parent Relationship": "Outer", "Parallel Aware": false, "Join Type": "Inner", "Startup Cost": 5201.57, "Total Cost": 15379.68, "Plan Rows": 283021, "Plan Width": 0, "Actual Startup Time": 41.047, "Actual Total Time": 189.24, "Actual Rows": 251068, "Actual Loops": 1, "Inner Unique": true, "Hash Cond": "(p.owneruserid = u.id)", "Plans": [{"Node Type": "Hash Join", "Parent Relationship": "Outer", "Parallel Aware": false, "Join Type": "Inner", "Startup Cost": 3695.45, "Total Cost": 13129.62, "Plan Rows": 283379, "Plan Width": 4, "Actual Startup Time": 27.683, "Actual Total Time": 133.833, "Actual Rows": 291926, "Actual Loops": 1, "Output": ["p.owneruserid"], "Inner Unique": true, "Hash Cond": "(ph.postid = p.id)", "Plans": [{"Node Type": "Seq Scan", "Parent Relationship": "Outer", "Parallel Aware": false, "Relation Name": "posthistory", "Schema": "public", "Alias": "ph", "Startup Cost": 0.0, "Total Cost": 6019.84, "Plan Rows": 293829, "Plan Width": 4, "Actual Startup Time": 0.015, "Actual Total Time": 35.36, "Actual Rows": 293788, "Actual Loops": 1, "Output": ["ph.postid"], "Filter": "(ph.creationdate <= 1408281851)", "Rows Removed by Filter": 9399}, {"Node Type": "Hash", "Parent Relationship": "Inner", "Parallel Aware": false, "Startup Cost": 2239.64, "Total Cost": 2239.64, "Plan Rows": 88705, "Plan Width": 8, "Actual Startup Time": 26.624, "Actual Total Time": 26.625, "Actual Rows": 89117, "Actual Loops": 1, "Output": ["p.id", "p.owneruserid"], "Hash Buckets": 131072, "Original Hash Buckets": 131072, "Hash Batches": 2, "Original Hash Batches": 2, "Peak Memory Usage": 2764, "Plans": [{"Node Type": "Seq Scan", "Parent Relationship": "Outer", "Parallel Aware": false, "Relation Name": "posts", "Schema": "public", "Alias": "p", "Startup Cost": 0.0, "Total Cost": 2239.64, "Plan Rows": 88705, "Plan Width": 8, "Actual Startup Time": 0.058, "Actual Total Time": 13.171, "Actual Rows": 89117, "Actual Loops": 1, "Output": ["p.id", "p.owneruserid"], "Filter": "((p.creationdate <= 1408689819) AND (p.creationdate >= 1280143597))", "Rows Removed by Filter": 2859}]}]}, {"Node Type": "Hash", "Parent Relationship": "Inner", "Parallel Aware": false, "Startup Cost": 1002.69, "Total Cost": 1002.69, "Plan Rows": 40274, "Plan Width": 4, "Actual Startup Time": 13.202, "Actual Total Time": 13.202, "Actual Rows": 40277, "Actual Loops": 1, "Output": ["u.id"], "Hash Buckets": 65536, "Original Hash Buckets": 65536, "Hash Batches": 1, "Original Hash Batches": 1, "Peak Memory Usage": 1928, "Plans": [{"Node Type": "Seq Scan", "Parent Relationship": "Outer", "Parallel Aware": false, "Relation Name": "users", "Schema": "public", "Alias": "u", "Startup Cost": 0.0, "Total Cost": 1002.69, "Plan Rows": 40274, "Plan Width": 4, "Actual Startup Time": 0.035, "Actual Total Time": 7.295, "Actual Rows": 40277, "Actual Loops": 1, "Output": ["u.id"], "Filter": "((u.reputation <= 6524) AND (u.reputation >= 1) AND (u.views >= 0))", "Rows Removed by Filter": 48}]}]}]}, "Planning Time": 117.554, "Triggers": [], "Execution Time": 197.996}]
q139#####[{"Plan": {"Node Type": "Aggregate", "Strategy": "Plain", "Partial Mode": "Simple", "Parallel Aware": false, "Startup Cost": 141740049.26, "Total Cost": 141740049.27, "Plan Rows": 1, "Plan Width": 8, "Actual Startup Time": 30128.484, "Actual Total Time": 30128.486, "Actual Rows": 1, "Actual Loops": 1, "Output": ["count(*)"], "Plans": [{"Node Type": "Nested Loop", "Parent Relationship": "Outer", "Parallel Aware": false, "Join Type": "Inner", "Startup Cost": 31635.2, "Total Cost": 102439751.89, "Plan Rows": 15720118949, "Plan Width": 0, "Actual Startup Time": 69.114, "Actual Total Time": 26818.994, "Actual Rows": 86993469, "Actual Loops": 1, "Inner Unique": false, "Plans": [{"Node Type": "Merge Join", "Parent Relationship": "Outer", "Parallel Aware": false, "Join Type": "Inner", "Startup Cost": 31634.91, "Total Cost": 1447510.01, "Plan Rows": 82847100, "Plan Width": 16, "Actual Startup Time": 69.076, "Actual Total Time": 991.265, "Actual Rows": 2420575, "Actual Loops": 1, "Output": ["b.userid", "ph.userid", "p.owneruserid", "u.id"], "Inner Unique": false, "Merge Cond": "(b.userid = ph.userid)", "Plans": [{"Node Type": "Merge Join", "Parent Relationship": "Outer", "Parallel Aware": false, "Join Type": "Inner", "Startup Cost": 0.92, "Total Cost": 205519.07, "Plan Rows": 1427498, "Plan Width": 12, "Actual Startup Time": 3.69, "Actual Total Time": 327.435, "Actual Rows": 186282, "Actual Loops": 1, "Output": ["b.userid", "p.owneruserid", "u.id"], "Inner Unique": true, "Merge Cond": "(b.userid = u.id)", "Plans": [{"Node Type": "Nested Loop", "Parent Relationship": "Outer", "Parallel Aware": false, "Join Type": "Inner", "Startup Cost": 0.58, "Total Cost": 24964.57, "Plan Rows": 14458560, "Plan Width": 8, "Actual Startup Time": 2.841, "Actual Total Time": 284.809, "Actual Rows": 430835, "Actual Loops": 1, "Output": ["b.userid", "p.owneruserid"], "Inner Unique": false, "Plans": [{"Node Type": "Index Scan", "Parent Relationship": "Outer", "Parallel Aware": false, "Scan Direction": "Forward", "Index Name": "idx_posts_owneruserid", "Relation Name": "posts", "Schema": "public", "Alias": "p", "Startup Cost": 0.29, "Total Cost": 5012.78, "Plan Rows": 42511, "Plan Width": 4, "Actual Startup Time": 0.02, "Actual Total Time": 73.883, "Actual Rows": 42781, "Actual Loops": 1, "Output": ["p.id", "p.posttypeid", "p.creationdate", "p.score", "p.viewcount", "p.owneruserid", "p.answercount", "p.commentcount", "p.favoritecount", "p.lasteditoruserid"], "Filter": "((p.score >= '-2'::integer) AND (p.viewcount <= 18281) AND (p.viewcount >= 0))", "Rows Removed by Filter": 49195}, {"Node Type": "Index Scan", "Parent Relationship": "Inner", "Parallel Aware": false, "Scan Direction": "Forward", "Index Name": "idx_badges_userid", "Relation Name": "badges", "Schema": "public", "Alias": "b", "Startup Cost": 0.29, "Total Cost": 0.43, "Plan Rows": 4, "Plan Width": 4, "Actual Startup Time": 0.001, "Actual Total Time": 0.004, "Actual Rows": 10, "Actual Loops": 42781, "Output": ["b.id", "b.userid", "b.date"], "Index Cond": "(b.userid = p.owneruserid)", "Rows Removed by Index Recheck": 0, "Filter": "(b.date >= 1287534824)", "Rows Removed by Filter": 0}]}, {"Node Type": "Index Scan", "Parent Relationship": "Inner", "Parallel Aware": false, "Scan Direction": "Forward", "Index Name": "users_pkey", "Relation Name": "users", "Schema": "public", "Alias": "u", "Startup Cost": 0.29, "Total Cost": 1558.79, "Plan Rows": 39813, "Plan Width": 4, "Actual Startup Time": 0.008, "Actual Total Time": 8.117, "Actual Rows": 39818, "Actual Loops": 1, "Output": ["u.id", "u.reputation", "u.creationdate", "u.views", "u.upvotes", "u.downvotes"], "Filter": "((u.views <= 75) AND (u.views >= 0))", "Rows Removed by Filter": 506}]}, {"Node Type": "Sort", "Parent Relationship": "Inner", "Parallel Aware": false, "Startup Cost": 13665.39, "Total Cost": 13897.07, "Plan Rows": 92674, "Plan Width": 4, "Actual Startup Time": 65.08, "Actual Total Time": 349.194, "Actual Rows": 2470371, "Actual Loops": 1, "Output": ["ph.userid"], "Sort Key": ["ph.userid"], "Sort Method": "external sort", "Sort Space Used": 1632, "Sort Space Type": "Disk", "Plans": [{"Node Type": "Seq Scan", "Parent Relationship": "Outer", "Parallel Aware": false, "Relation Name": "posthistory", "Schema": "public", "Alias": "ph", "Startup Cost": 0.0, "Total Cost": 6019.84, "Plan Rows": 92674, "Plan Width": 4, "Actual Startup Time": 0.007, "Actual Total Time": 30.047, "Actual Rows": 91976, "Actual Loops": 1, "Output": ["ph.userid"], "Filter": "(ph.posthistorytypeid = 2)", "Rows Removed by Filter": 211211}]}]}, {"Node Type": "Index Scan", "Parent Relationship": "Inner", "Parallel Aware": false, "Scan Direction": "Forward", "Index Name": "idx_comments_userid", "Relation Name": "comments", "Schema": "public", "Alias": "c", "Startup Cost": 0.29, "Total Cost": 0.96, "Plan Rows": 26, "Plan Width": 4, "Actual Startup Time": 0.001, "Actual Total Time": 0.009, "Actual Rows": 36, "Actual Loops": 2420575, "Output": ["c.id", "c.postid", "c.score", "c.creationdate", "c.userid"], "Index Cond": "(c.userid = b.userid)", "Rows Removed by Index Recheck": 0, "Filter": "((c.creationdate <= 1410479953) AND (c.creationdate >= 1280524739))", "Rows Removed by Filter": 0}]}]}, "Planning Time": 150.238, "Triggers": [], "Execution Time": 30128.977}]
q10#####[{"Plan": {"Node Type": "Aggregate", "Strategy": "Plain", "Partial Mode": "Simple", "Parallel Aware": false, "Startup Cost": 19617.93, "Total Cost": 19617.94, "Plan Rows": 1, "Plan Width": 8, "Actual Startup Time": 261.184, "Actual Total Time": 261.19, "Actual Rows": 1, "Actual Loops": 1, "Output": ["count(*)"], "Plans": [{"Node Type": "Hash Join", "Parent Relationship": "Outer", "Parallel Aware": false, "Join Type": "Inner", "Startup Cost": 14460.21, "Total Cost": 19142.41, "Plan Rows": 190209, "Plan Width": 0, "Actual Startup Time": 151.689, "Actual Total Time": 245.698, "Actual Rows": 454094, "Actual Loops": 1, "Inner Unique": false, "Hash Cond": "(c.postid = p.id)", "Plans": [{"Node Type": "Seq Scan", "Parent Relationship": "Outer", "Parallel Aware": false, "Relation Name": "comments", "Schema": "public", "Alias": "c", "Startup Cost": 0.0, "Total Cost": 3460.81, "Plan Rows": 172615, "Plan Width": 4, "Actual Startup Time": 0.077, "Actual Total Time": 17.717, "Actual Rows": 173418, "Actual Loops": 1, "Output": ["c.id", "c.postid", "c.score", "c.creationdate", "c.userid"], "Filter": "(c.creationdate >= 1280635961)", "Rows Removed by Filter": 887}, {"Node Type": "Hash", "Parent Relationship": "Inner", "Parallel Aware": false, "Startup Cost": 14221.56, "Total Cost": 14221.56, "Plan Rows": 19092, "Plan Width": 16, "Actual Startup Time": 151.224, "Actual Total Time": 151.229, "Actual Rows": 114676, "Actual Loops": 1, "Output": ["ph.postid", "pl.postid", "p.id", "v.postid"], "Hash Buckets": 131072, "Original Hash Buckets": 32768, "Hash Batches": 2, "Original Hash Batches": 1, "Peak Memory Usage": 3696, "Plans": [{"Node Type": "Nested Loop", "Parent Relationship": "Outer", "Parallel Aware": false, "Join Type": "Inner", "Startup Cost": 3487.81, "Total Cost": 14221.56, "Plan Rows": 19092, "Plan Width": 16, "Actual Startup Time": 16.643, "Actual Total Time": 133.149, "Actual Rows": 114676, "Actual Loops": 1, "Output": ["ph.postid", "pl.postid", "p.id", "v.postid"], "Inner Unique": false, "Join Filter": "(p.id = ph.postid)", "Rows Removed by Join Filter": 0, "Plans": [{"Node Type": "Hash Join", "Parent Relationship": "Outer", "Parallel Aware": false, "Join Type": "Inner", "Startup Cost": 3487.38, "Total Cost": 11645.9, "Plan Rows": 4166, "Plan Width": 12, "Actual Startup Time": 16.591, "Actual Total Time": 70.378, "Actual Rows": 18097, "Actual Loops": 1, "Output": ["pl.postid", "p.id", "v.postid"], "Inner Unique": false, "Hash Cond": "(v.postid = p.id)", "Plans": [{"Node Type": "Seq Scan", "Parent Relationship": "Outer", "Parallel Aware": false, "Relation Name": "votes", "Schema": "public", "Alias": "v", "Startup Cost": 0.0, "Total Cost": 6513.8, "Plan Rows": 327497, "Plan Width": 4, "Actual Startup Time": 0.012, "Actual Total Time": 32.408, "Actual Rows": 327569, "Actual Loops": 1, "Output": ["v.id", "v.postid", "v.votetypeid", "v.creationdate", "v.userid", "v.bountyamount"], "Filter": "(v.creationdate <= 1410364800)", "Rows Removed by Filter": 495}, {"Node Type": "Hash", "Parent Relationship": "Inner", "Parallel Aware": false, "Startup Cost": 3341.13, "Total Cost": 3341.13, "Plan Rows": 11700, "Plan Width": 8, "Actual Startup Time": 15.794, "Actual Total Time": 15.797, "Actual Rows": 3167, "Actual Loops": 1, "Output": ["pl.postid", "p.id"], "Hash Buckets": 16384, "Original Hash Buckets": 16384, "Hash Batches": 1, "Original Hash Batches": 1, "Peak Memory Usage": 252, "Plans": [{"Node Type": "Hash Join", "Parent Relationship": "Outer", "Parallel Aware": false, "Join Type": "Inner", "Startup Cost": 3066.91, "Total Cost": 3341.13, "Plan Rows": 11700, "Plan Width": 8, "Actual Startup Time": 12.981, "Actual Total Time": 15.326, "Actual Rows": 3167, "Actual Loops": 1, "Output": ["pl.postid", "p.id"], "Inner Unique": true, "Hash Cond": "(pl.postid = p.id)", "Plans": [{"Node Type": "Seq Scan", "Parent Relationship": "Outer", "Parallel Aware": false, "Relation Name": "postlinks", "Schema": "public", "Alias": "pl", "Startup Cost": 0.0, "Total Cost": 248.53, "Plan Rows": 9788, "Plan Width": 4, "Actual Startup Time": 0.015, "Actual Total Time": 1.24, "Actual Rows": 9803, "Actual Loops": 1, "Output": ["pl.id", "pl.creationdate", "pl.postid", "pl.relatedpostid", "pl.linktypeid"], "Filter": "((pl.creationdate <= 1407749191) AND (pl.linktypeid = 1))", "Rows Removed by Filter": 1299}, {"Node Type": "Hash", "Parent Relationship": "Inner", "Parallel Aware": false, "Startup Cost": 2929.46, "Total Cost": 2929.46, "Plan Rows": 10996, "Plan Width": 4, "Actual Startup Time": 12.891, "Actual Total Time": 12.892, "Actual Rows": 11092, "Actual Loops": 1, "Output": ["p.id"], "Hash Buckets": 16384, "Original Hash Buckets": 16384, "Hash Batches": 1, "Original Hash Batches": 1, "Peak Memory Usage": 518, "Plans": [{"Node Type": "Seq Scan", "Parent Relationship": "Outer", "Parallel Aware": false, "Relation Name": "posts", "Schema": "public", "Alias": "p", "Startup Cost": 0.0, "Total Cost": 2929.46, "Plan Rows": 10996, "Plan Width": 4, "Actual Startup Time": 0.166, "Actual Total Time": 11.617, "Actual Rows": 11092, "Actual Loops": 1, "Output": ["p.id"], "Filter": "((p.creationdate <= 1409716356) AND (p.creationdate >= 1281506036) AND (p.favoritecount <= 3) AND (p.favoritecount >= 0) AND (p.score <= 44))", "Rows Removed by Filter": 80884}]}]}]}]}, {"Node Type": "Index Scan", "Parent Relationship": "Inner", "Parallel Aware": false, "Scan Direction": "Forward", "Index Name": "idx_posthistory_postid", "Relation Name": "posthistory", "Schema": "public", "Alias": "ph", "Startup Cost": 0.42, "Total Cost": 0.56, "Plan Rows": 5, "Plan Width": 4, "Actual Startup Time": 0.001, "Actual Total Time": 0.003, "Actual Rows": 6, "Actual Loops": 18097, "Output": ["ph.id", "ph.posthistorytypeid", "ph.postid", "ph.creationdate", "ph.userid"], "Index Cond": "(ph.postid = v.postid)", "Rows Removed by Index Recheck": 0, "Filter": "(ph.creationdate >= 1284981105)", "Rows Removed by Filter": 0}]}]}]}]}, "Planning Time": 174.755, "Triggers": [], "Execution Time": 261.286}]
q38#####[{"Plan": {"Node Type": "Aggregate", "Strategy": "Plain", "Partial Mode": "Simple", "Parallel Aware": false, "Startup Cost": 55136.11, "Total Cost": 55136.12, "Plan Rows": 1, "Plan Width": 8, "Actual Startup Time": 797.725, "Actual Total Time": 797.732, "Actual Rows": 1, "Actual Loops": 1, "Output": ["count(*)"], "Plans": [{"Node Type": "Hash Join", "Parent Relationship": "Outer", "Parallel Aware": false, "Join Type": "Inner", "Startup Cost": 38470.78, "Total Cost": 45552.02, "Plan Rows": 3833633, "Plan Width": 0, "Actual Startup Time": 478.017, "Actual Total Time": 732.492, "Actual Rows": 2016238, "Actual Loops": 1, "Inner Unique": false, "Hash Cond": "(c.postid = p.id)", "Plans": [{"Node Type": "Seq Scan", "Parent Relationship": "Outer", "Parallel Aware": false, "Relation Name": "comments", "Schema": "public", "Alias": "c", "Startup Cost": 0.0, "Total Cost": 3896.57, "Plan Rows": 132723, "Plan Width": 4, "Actual Startup Time": 0.155, "Actual Total Time": 19.556, "Actual Rows": 133397, "Actual Loops": 1, "Output": ["c.postid"], "Filter": "((c.creationdate >= 1282776911) AND (c.score = 0))", "Rows Removed by Filter": 40908}, {"Node Type": "Hash", "Parent Relationship": "Inner", "Parallel Aware": false, "Startup Cost": 36986.6, "Total Cost": 36986.6, "Plan Rows": 85374, "Plan Width": 12, "Actual Startup Time": 477.371, "Actual Total Time": 477.375, "Actual Rows": 985080, "Actual Loops": 1, "Output": ["ph.postid", "p.id", "v.postid"], "Hash Buckets": 131072, "Original Hash Buckets": 131072, "Hash Batches": 4, "Original Hash Batches": 2, "Peak Memory Usage": 11632, "Plans": [{"Node Type": "Hash Join", "Parent Relationship": "Outer", "Parallel Aware": false, "Join Type": "Inner", "Startup Cost": 17184.65, "Total Cost": 36986.6, "Plan Rows": 85374, "Plan Width": 12, "Actual Startup Time": 152.712, "Actual Total Time": 357.921, "Actual Rows": 985080, "Actual Loops": 1, "Output": ["ph.postid", "p.id", "v.postid"], "Inner Unique": false, "Hash Cond": "(ph.postid = p.id)", "Plans": [{"Node Type": "Seq Scan", "Parent Relationship": "Outer", "Parallel Aware": false, "Relation Name": "posthistory", "Schema": "public", "Alias": "ph", "Startup Cost": 0.0, "Total Cost": 6019.84, "Plan Rows": 300270, "Plan Width": 4, "Actual Startup Time": 0.013, "Actual Total Time": 33.288, "Actual Rows": 300288, "Actual Loops": 1, "Output": ["ph.postid"], "Filter": "(ph.creationdate <= 1409870365)", "Rows Removed by Filter": 2899}, {"Node Type": "Hash", "Parent Relationship": "Inner", "Parallel Aware": false, "Startup Cost": 12893.76, "Total Cost": 12893.76, "Plan Rows": 261511, "Plan Width": 8, "Actual Startup Time": 151.941, "Actual Total Time": 151.944, "Actual Rows": 262116, "Actual Loops": 1, "Output": ["p.id", "v.postid"], "Hash Buckets": 131072, "Original Hash Buckets": 131072, "Hash Batches": 4, "Original Hash Batches": 4, "Peak Memory Usage": 3594, "Plans": [{"Node Type": "Hash Join", "Parent Relationship": "Outer", "Parallel Aware": false, "Join Type": "Inner", "Startup Cost": 3289.46, "Total Cost": 12893.76, "Plan Rows": 261511, "Plan Width": 8, "Actual Startup Time": 22.556, "Actual Total Time": 119.561, "Actual Rows": 262116, "Actual Loops": 1, "Output": ["p.id", "v.postid"], "Inner Unique": true, "Hash Cond": "(v.postid = p.id)", "Plans": [{"Node Type": "Seq Scan", "Parent Relationship": "Outer", "Parallel Aware": false, "Relation Name": "votes", "Schema": "public", "Alias": "v", "Startup Cost": 0.0, "Total Cost": 6513.8, "Plan Rows": 261511, "Plan Width": 4, "Actual Startup Time": 0.011, "Actual Total Time": 33.931, "Actual Rows": 262116, "Actual Loops": 1, "Output": ["v.postid"], "Filter": "(v.votetypeid = 2)", "Rows Removed by Filter": 65948}, {"Node Type": "Hash", "Parent Relationship": "Inner", "Parallel Aware": false, "Startup Cost": 1779.76, "Total Cost": 1779.76, "Plan Rows": 91976, "Plan Width": 4, "Actual Startup Time": 21.228, "Actual Total Time": 21.229, "Actual Rows": 91976, "Actual Loops": 1, "Output": ["p.id"], "Hash Buckets": 131072, "Original Hash Buckets": 131072, "Hash Batches": 2, "Original Hash Batches": 2, "Peak Memory Usage": 2648, "Plans": [{"Node Type": "Seq Scan", "Parent Relationship": "Outer", "Parallel Aware": false, "Relation Name": "posts", "Schema": "public", "Alias": "p", "Startup Cost": 0.0, "Total Cost": 1779.76, "Plan Rows": 91976, "Plan Width": 4, "Actual Startup Time": 0.007, "Actual Total Time": 9.741, "Actual Rows": 91976, "Actual Loops": 1, "Output": ["p.id"]}]}]}]}]}]}]}]}, "Planning Time": 92.42, "Triggers": [], "Execution Time": 799.005}]
q35#####[{"Plan": {"Node Type": "Aggregate", "Strategy": "Plain", "Partial Mode": "Simple", "Parallel Aware": false, "Startup Cost": 1172971.27, "Total Cost": 1172971.28, "Plan Rows": 1, "Plan Width": 8, "Actual Startup Time": 3972.378, "Actual Total Time": 3972.383, "Actual Rows": 1, "Actual Loops": 1, "Output": ["count(*)"], "Plans": [{"Node Type": "Hash Join", "Parent Relationship": "Outer", "Parallel Aware": false, "Join Type": "Inner", "Startup Cost": 35884.28, "Total Cost": 40909.84, "Plan Rows": 452824573, "Plan Width": 0, "Actual Startup Time": 1544.823, "Actual Total Time": 3895.456, "Actual Rows": 2034610, "Actual Loops": 1, "Inner Unique": false, "Hash Cond": "(c.userid = b.userid)", "Plans": [{"Node Type": "Hash Join", "Parent Relationship": "Outer", "Parallel Aware": false, "Join Type": "Inner", "Startup Cost": 1680.45, "Total Cost": 5926.38, "Plan Rows": 1257, "Plan Width": 8, "Actual Startup Time": 16.539, "Actual Total Time": 50.949, "Actual Rows": 48758, "Actual Loops": 1, "Output": ["c.userid", "u.id"], "Inner Unique": true, "Hash Cond": "(c.userid = u.id)", "Plans": [{"Node Type": "Seq Scan", "Parent Relationship": "Outer", "Parallel Aware": false, "Relation Name": "comments", "Schema": "public", "Alias": "c", "Startup Cost": 0.0, "Total Cost": 3896.57, "Plan Rows": 133075, "Plan Width": 4, "Actual Startup Time": 0.022, "Actual Total Time": 18.676, "Actual Rows": 134790, "Actual Loops": 1, "Output": ["c.id", "c.postid", "c.score", "c.creationdate", "c.userid"], "Filter": "((c.creationdate >= 1279594377) AND (c.score = 0))", "Rows Removed by Filter": 39515}, {"Node Type": "Hash", "Parent Relationship": "Inner", "Parallel Aware": false, "Startup Cost": 1204.31, "Total Cost": 1204.31, "Plan Rows": 38091, "Plan Width": 4, "Actual Startup Time": 16.354, "Actual Total Time": 16.355, "Actual Rows": 38069, "Actual Loops": 1, "Output": ["u.id"], "Hash Buckets": 65536, "Original Hash Buckets": 65536, "Hash Batches": 1, "Original Hash Batches": 1, "Peak Memory Usage": 1851, "Plans": [{"Node Type": "Seq Scan", "Parent Relationship": "Outer", "Parallel Aware": false, "Relation Name": "users", "Schema": "public", "Alias": "u", "Startup Cost": 0.0, "Total Cost": 1204.31, "Plan Rows": 38091, "Plan Width": 4, "Actual Startup Time": 0.023, "Actual Total Time": 10.012, "Actual Rows": 38069, "Actual Loops": 1, "Output": ["u.id"], "Filter": "((u.creationdate <= 1408516306) AND (u.creationdate >= 1279546169) AND (u.downvotes <= 34) AND (u.reputation <= 356) AND (u.reputation >= 1))", "Rows Removed by Filter": 2256}]}]}, {"Node Type": "Hash", "Parent Relationship": "Inner", "Parallel Aware": false, "Startup Cost": 33794.94, "Total Cost": 33794.94, "Plan Rows": 32711, "Plan Width": 8, "Actual Startup Time": 1528.057, "Actual Total Time": 1528.058, "Actual Rows": 6011297, "Actual Loops": 1, "Output": ["b.userid", "ph.userid"], "Hash Buckets": 131072, "Original Hash Buckets": 32768, "Hash Batches": 4096, "Original Hash Batches": 1, "Peak Memory Usage": 53427, "Plans": [{"Node Type": "Nested Loop", "Parent Relationship": "Outer", "Parallel Aware": false, "Join Type": "Inner", "Startup Cost": 0.29, "Total Cost": 33794.94, "Plan Rows": 32711, "Plan Width": 8, "Actual Startup Time": 1.56, "Actual Total Time": 832.744, "Actual Rows": 6011297, "Actual Loops": 1, "Output": ["b.userid", "ph.userid"], "Inner Unique": false, "Plans": [{"Node Type": "Seq Scan", "Parent Relationship": "Outer", "Parallel Aware": false, "Relation Name": "posthistory", "Schema": "public", "Alias": "ph", "Startup Cost": 0.0, "Total Cost": 6777.8, "Plan Rows": 65414, "Plan Width": 4, "Actual Startup Time": 1.531, "Actual Total Time": 32.284, "Actual Rows": 66005, "Actual Loops": 1, "Output": ["ph.id", "ph.posthistorytypeid", "ph.postid", "ph.creationdate", "ph.userid"], "Filter": "((ph.creationdate >= 1296459337) AND (ph.posthistorytypeid = 5))", "Rows Removed by Filter": 237182}, {"Node Type": "Index Only Scan", "Parent Relationship": "Inner", "Parallel Aware": false, "Scan Direction": "Forward", "Index Name": "idx_badges_userid", "Relation Name": "badges", "Schema": "public", "Alias": "b", "Startup Cost": 0.29, "Total Cost": 0.37, "Plan Rows": 4, "Plan Width": 4, "Actual Startup Time": 0.001, "Actual Total Time": 0.006, "Actual Rows": 91, "Actual Loops": 66005, "Output": ["b.userid"], "Index Cond": "(b.userid = ph.userid)", "Rows Removed by Index Recheck": 0, "Heap Fetches": 0}]}]}]}]}, "Planning Time": 83.026, "Triggers": [], "Execution Time": 3972.492}]
q21#####[{"Plan": {"Node Type": "Aggregate", "Strategy": "Plain", "Partial Mode": "Simple", "Parallel Aware": false, "Startup Cost": 7252633.82, "Total Cost": 7252633.83, "Plan Rows": 1, "Plan Width": 8, "Actual Startup Time": 3098.052, "Actual Total Time": 3098.054, "Actual Rows": 1, "Actual Loops": 1, "Output": ["count(*)"], "Plans": [{"Node Type": "Nested Loop", "Parent Relationship": "Outer", "Parallel Aware": false, "Join Type": "Inner", "Startup Cost": 1389.63, "Total Cost": 252472.21, "Plan Rows": 2800064646, "Plan Width": 0, "Actual Startup Time": 14.248, "Actual Total Time": 2444.423, "Actual Rows": 18382871, "Actual Loops": 1, "Inner Unique": false, "Plans": [{"Node Type": "Nested Loop", "Parent Relationship": "Outer", "Parallel Aware": false, "Join Type": "Inner", "Startup Cost": 1389.2, "Total Cost": 73471.0, "Plan Rows": 147473, "Plan Width": 12, "Actual Startup Time": 14.229, "Actual Total Time": 156.818, "Actual Rows": 345737, "Actual Loops": 1, "Output": ["b.userid", "c.userid", "u.id"], "Inner Unique": false, "Plans": [{"Node Type": "Hash Join", "Parent Relationship": "Outer", "Parallel Aware": false, "Join Type": "Inner", "Startup Cost": 1388.91, "Total Cost": 5305.38, "Plan Rows": 167704, "Plan Width": 8, "Actual Startup Time": 14.204, "Actual Total Time": 54.87, "Actual Rows": 54402, "Actual Loops": 1, "Output": ["c.userid", "u.id"], "Inner Unique": true, "Hash Cond": "(c.userid = u.id)", "Plans": [{"Node Type": "Seq Scan", "Parent Relationship": "Outer", "Parallel Aware": false, "Relation Name": "comments", "Schema": "public", "Alias": "c", "Startup Cost": 0.0, "Total Cost": 3460.81, "Plan Rows": 173566, "Plan Width": 4, "Actual Startup Time": 0.009, "Actual Total Time": 18.274, "Actual Rows": 173540, "Actual Loops": 1, "Output": ["c.id", "c.postid", "c.score", "c.creationdate", "c.userid"], "Filter": "(c.creationdate <= 1410280410)", "Rows Removed by Filter": 765}, {"Node Type": "Hash", "Parent Relationship": "Inner", "Parallel Aware": false, "Startup Cost": 901.88, "Total Cost": 901.88, "Plan Rows": 38963, "Plan Width": 4, "Actual Startup Time": 14.06, "Actual Total Time": 14.061, "Actual Rows": 39348, "Actual Loops": 1, "Output": ["u.id"], "Hash Buckets": 65536, "Original Hash Buckets": 65536, "Hash Batches": 1, "Original Hash Batches": 1, "Peak Memory Usage": 1896, "Plans": [{"Node Type": "Seq Scan", "Parent Relationship": "Outer", "Parallel Aware": false, "Relation Name": "users", "Schema": "public", "Alias": "u", "Startup Cost": 0.0, "Total Cost": 901.88, "Plan Rows": 38963, "Plan Width": 4, "Actual Startup Time": 0.01, "Actual Total Time": 7.847, "Actual Rows": 39348, "Actual Loops": 1, "Output": ["u.id"], "Filter": "((u.downvotes <= 0) AND (u.upvotes <= 47))", "Rows Removed by Filter": 977}]}]}, {"Node Type": "Index Only Scan", "Parent Relationship": "Inner", "Parallel Aware": false, "Scan Direction": "Forward", "Index Name": "idx_badges_userid", "Relation Name": "badges", "Schema": "public", "Alias": "b", "Startup Cost": 0.29, "Total Cost": 0.37, "Plan Rows": 4, "Plan Width": 4, "Actual Startup Time": 0.001, "Actual Total Time": 0.001, "Actual Rows": 6, "Actual Loops": 54402, "Output": ["b.userid"], "Index Cond": "(b.userid = c.userid)", "Rows Removed by Index Recheck": 0, "Heap Fetches": 0}]}, {"Node Type": "Index Only Scan", "Parent Relationship": "Inner", "Parallel Aware": false, "Scan Direction": "Forward", "Index Name": "idx_posthistory_userid", "Relation Name": "posthistory", "Schema": "public", "Alias": "ph", "Startup Cost": 0.42, "Total Cost": 0.93, "Plan Rows": 28, "Plan Width": 4, "Actual Startup Time": 0.001, "Actual Total Time": 0.004, "Actual Rows": 53, "Actual Loops": 345737, "Output": ["ph.userid"], "Index Cond": "(ph.userid = b.userid)", "Rows Removed by Index Recheck": 0, "Heap Fetches": 0}]}]}, "Planning Time": 92.695, "Triggers": [], "Execution Time": 3098.161}]
q134#####[{"Plan": {"Node Type": "Aggregate", "Strategy": "Plain", "Partial Mode": "Simple", "Parallel Aware": false, "Startup Cost": 319915.38, "Total Cost": 319915.39, "Plan Rows": 1, "Plan Width": 8, "Actual Startup Time": 1127.137, "Actual Total Time": 1127.141, "Actual Rows": 1, "Actual Loops": 1, "Output": ["count(*)"], "Plans": [{"Node Type": "Hash Join", "Parent Relationship": "Outer", "Parallel Aware": false, "Join Type": "Inner", "Startup Cost": 13989.01, "Total Cost": 21815.38, "Plan Rows": 119239998, "Plan Width": 0, "Actual Startup Time": 174.579, "Actual Total Time": 864.649, "Actual Rows": 6891116, "Actual Loops": 1, "Inner Unique": false, "Hash Cond": "(ph.userid = b.userid)", "Plans": [{"Node Type": "Hash Join", "Parent Relationship": "Outer", "Parallel Aware": false, "Join Type": "Inner", "Startup Cost": 1689.81, "Total Cost": 9240.92, "Plan Rows": 2837, "Plan Width": 8, "Actual Startup Time": 14.236, "Actual Total Time": 83.064, "Actual Rows": 130349, "Actual Loops": 1, "Output": ["ph.userid", "u.id"], "Inner Unique": true, "Hash Cond": "(ph.userid = u.id)", "Plans": [{"Node Type": "Seq Scan", "Parent Relationship": "Outer", "Parallel Aware": false, "Relation Name": "posthistory", "Schema": "public", "Alias": "ph", "Startup Cost": 0.0, "Total Cost": 6777.8, "Plan Rows": 294562, "Plan Width": 4, "Actual Startup Time": 1.098, "Actual Total Time": 34.992, "Actual Rows": 294376, "Actual Loops": 1, "Output": ["ph.id", "ph.posthistorytypeid", "ph.postid", "ph.creationdate", "ph.userid"], "Filter": "((ph.creationdate <= 1409733678) AND (ph.creationdate >= 1283744503))", "Rows Removed by Filter": 8811}, {"Node Type": "Hash", "Parent Relationship": "Inner", "Parallel Aware": false, "Startup Cost": 1204.31, "Total Cost": 1204.31, "Plan Rows": 38840, "Plan Width": 4, "Actual Startup Time": 13.014, "Actual Total Time": 13.015, "Actual Rows": 39266, "Actual Loops": 1, "Output": ["u.id"], "Hash Buckets": 65536, "Original Hash Buckets": 65536, "Hash Batches": 1, "Original Hash Batches": 1, "Peak Memory Usage": 1893, "Plans": [{"Node Type": "Seq Scan", "Parent Relationship": "Outer", "Parallel Aware": false, "Relation Name": "users", "Schema": "public", "Alias": "u", "Startup Cost": 0.0, "Total Cost": 1204.31, "Plan Rows": 38840, "Plan Width": 4, "Actual Startup Time": 0.011, "Actual Total Time": 8.126, "Actual Rows": 39266, "Actual Loops": 1, "Output": ["u.id"], "Filter": "((u.downvotes <= 0) AND (u.downvotes >= 0) AND (u.upvotes <= 37) AND (u.upvotes >= 0) AND (u.views >= 0))", "Rows Removed by Filter": 1059}]}]}, {"Node Type": "Hash", "Parent Relationship": "Inner", "Parallel Aware": false, "Startup Cost": 12215.31, "Total Cost": 12215.31, "Plan Rows": 6711, "Plan Width": 8, "Actual Startup Time": 160.25, "Actual Total Time": 160.251, "Actual Rows": 420148, "Actual Loops": 1, "Output": ["b.userid", "p.owneruserid"], "Hash Buckets": 131072, "Original Hash Buckets": 8192, "Hash Batches": 8, "Original Hash Batches": 1, "Peak Memory Usage": 3073, "Plans": [{"Node Type": "Nested Loop", "Parent Relationship": "Outer", "Parallel Aware": false, "Join Type": "Inner", "Startup Cost": 0.29, "Total Cost": 12215.31, "Plan Rows": 6711, "Plan Width": 8, "Actual Startup Time": 0.228, "Actual Total Time": 106.731, "Actual Rows": 420148, "Actual Loops": 1, "Output": ["b.userid", "p.owneruserid"], "Inner Unique": false, "Plans": [{"Node Type": "Seq Scan", "Parent Relationship": "Outer", "Parallel Aware": false, "Relation Name": "posts", "Schema": "public", "Alias": "p", "Startup Cost": 0.0, "Total Cost": 3849.22, "Plan Rows": 19076, "Plan Width": 4, "Actual Startup Time": 0.2, "Actual Total Time": 15.627, "Actual Rows": 41404, "Actual Loops": 1, "Output": ["p.id", "p.posttypeid", "p.creationdate", "p.score", "p.viewcount", "p.owneruserid", "p.answercount", "p.commentcount", "p.favoritecount", "p.lasteditoruserid"], "Filter": "((p.answercount >= 0) AND (p.commentcount <= 11) AND (p.commentcount >= 0) AND (p.creationdate <= 1410229227) AND (p.creationdate >= 1281637089) AND (p.favoritecount <= 10) AND (p.score >= '-1'::integer) AND (p.viewcount <= 39097) AND (p.viewcount >= 0))", "Rows Removed by Filter": 50572}, {"Node Type": "Index Only Scan", "Parent Relationship": "Inner", "Parallel Aware": false, "Scan Direction": "Forward", "Index Name": "idx_badges_userid", "Relation Name": "badges", "Schema": "public", "Alias": "b", "Startup Cost": 0.29, "Total Cost": 0.4, "Plan Rows": 4, "Plan Width": 4, "Actual Startup Time": 0.001, "Actual Total Time": 0.001, "Actual Rows": 10, "Actual Loops": 41404, "Output": ["b.userid"], "Index Cond": "(b.userid = p.owneruserid)", "Rows Removed by Index Recheck": 0, "Heap Fetches": 0}]}]}]}]}, "Planning Time": 89.217, "Triggers": [], "Execution Time": 1127.457}]
q120#####[{"Plan": {"Node Type": "Aggregate", "Strategy": "Plain", "Partial Mode": "Simple", "Parallel Aware": false, "Startup Cost": 107751.72, "Total Cost": 107751.73, "Plan Rows": 1, "Plan Width": 8, "Actual Startup Time": 13416.735, "Actual Total Time": 13416.738, "Actual Rows": 1, "Actual Loops": 1, "Output": ["count(*)"], "Plans": [{"Node Type": "Nested Loop", "Parent Relationship": "Outer", "Parallel Aware": false, "Join Type": "Inner", "Startup Cost": 1305.42, "Total Cost": 5221.8, "Plan Rows": 41011965, "Plan Width": 0, "Actual Startup Time": 14.667, "Actual Total Time": 12203.936, "Actual Rows": 36226091, "Actual Loops": 1, "Inner Unique": false, "Plans": [{"Node Type": "Hash Join", "Parent Relationship": "Outer", "Parallel Aware": false, "Join Type": "Inner", "Startup Cost": 1305.12, "Total Cost": 4242.23, "Plan Rows": 905, "Plan Width": 8, "Actual Startup Time": 14.617, "Actual Total Time": 71.455, "Actual Rows": 89277, "Actual Loops": 1, "Output": ["p.owneruserid", "u.id"], "Inner Unique": true, "Hash Cond": "(p.owneruserid = u.id)", "Plans": [{"Node Type": "Seq Scan", "Parent Relationship": "Outer", "Parallel Aware": false, "Relation Name": "posts", "Schema": "public", "Alias": "p", "Startup Cost": 0.0, "Total Cost": 2699.52, "Plan Rows": 90500, "Plan Width": 4, "Actual Startup Time": 0.024, "Actual Total Time": 23.551, "Actual Rows": 90634, "Actual Loops": 1, "Output": ["p.id", "p.posttypeid", "p.creationdate", "p.score", "p.viewcount", "p.owneruserid", "p.answercount", "p.commentcount", "p.favoritecount", "p.lasteditoruserid"], "Filter": "((p.answercount <= 5) AND (p.commentcount <= 11) AND (p.commentcount >= 0) AND (p.favoritecount <= 27))", "Rows Removed by Filter": 1342}, {"Node Type": "Hash", "Parent Relationship": "Inner", "Parallel Aware": false, "Startup Cost": 801.06, "Total Cost": 801.06, "Plan Rows": 40325, "Plan Width": 4, "Actual Startup Time": 14.447, "Actual Total Time": 14.448, "Actual Rows": 40325, "Actual Loops": 1, "Output": ["u.id"], "Hash Buckets": 65536, "Original Hash Buckets": 65536, "Hash Batches": 1, "Original Hash Batches": 1, "Peak Memory Usage": 1930, "Plans": [{"Node Type": "Seq Scan", "Parent Relationship": "Outer", "Parallel Aware": false, "Relation Name": "users", "Schema": "public", "Alias": "u", "Startup Cost": 0.0, "Total Cost": 801.06, "Plan Rows": 40325, "Plan Width": 4, "Actual Startup Time": 0.01, "Actual Total Time": 7.293, "Actual Rows": 40325, "Actual Loops": 1, "Output": ["u.id"], "Filter": "(u.reputation >= 1)", "Rows Removed by Filter": 0}]}]}, {"Node Type": "Index Scan", "Parent Relationship": "Inner", "Parallel Aware": false, "Scan Direction": "Forward", "Index Name": "idx_comments_userid", "Relation Name": "comments", "Schema": "public", "Alias": "c", "Startup Cost": 0.29, "Total Cost": 0.88, "Plan Rows": 20, "Plan Width": 4, "Actual Startup Time": 0.002, "Actual Total Time": 0.115, "Actual Rows": 406, "Actual Loops": 89277, "Output": ["c.id", "c.postid", "c.score", "c.creationdate", "c.userid"], "Index Cond": "(c.userid = p.owneruserid)", "Rows Removed by Index Recheck": 0, "Filter": "(c.score = 0)", "Rows Removed by Filter": 212}]}]}, "Planning Time": 66.521, "Triggers": [], "Execution Time": 13416.821}]
q108#####[{"Plan": {"Node Type": "Aggregate", "Strategy": "Plain", "Partial Mode": "Simple", "Parallel Aware": false, "Startup Cost": 313342.81, "Total Cost": 313342.82, "Plan Rows": 1, "Plan Width": 8, "Actual Startup Time": 285.644, "Actual Total Time": 285.647, "Actual Rows": 1, "Actual Loops": 1, "Output": ["count(*)"], "Plans": [{"Node Type": "Nested Loop", "Parent Relationship": "Outer", "Parallel Aware": false, "Join Type": "Inner", "Startup Cost": 1495.81, "Total Cost": 112886.2, "Plan Rows": 80182645, "Plan Width": 0, "Actual Startup Time": 12.636, "Actual Total Time": 239.878, "Actual Rows": 1359217, "Actual Loops": 1, "Inner Unique": false, "Plans": [{"Node Type": "Hash Join", "Parent Relationship": "Outer", "Parallel Aware": false, "Join Type": "Inner", "Startup Cost": 1495.39, "Total Cost": 4206.0, "Plan Rows": 89743, "Plan Width": 8, "Actual Startup Time": 12.612, "Actual Total Time": 40.032, "Actual Rows": 49330, "Actual Loops": 1, "Output": ["p.owneruserid", "u.id"], "Inner Unique": true, "Hash Cond": "(p.owneruserid = u.id)", "Plans": [{"Node Type": "Seq Scan", "Parent Relationship": "Outer", "Parallel Aware": false, "Relation Name": "posts", "Schema": "public", "Alias": "p", "Startup Cost": 0.0, "Total Cost": 2469.58, "Plan Rows": 91813, "Plan Width": 4, "Actual Startup Time": 0.018, "Actual Total Time": 14.139, "Actual Rows": 91779, "Actual Loops": 1, "Output": ["p.id", "p.posttypeid", "p.creationdate", "p.score", "p.viewcount", "p.owneruserid", "p.answercount", "p.commentcount", "p.favoritecount", "p.lasteditoruserid"], "Filter": "((p.commentcount <= 23) AND (p.commentcount >= 0) AND (p.score >= '-1'::integer))", "Rows Removed by Filter": 197}, {"Node Type": "Hash", "Parent Relationship": "Inner", "Parallel Aware": false, "Startup Cost": 1002.69, "Total Cost": 1002.69, "Plan Rows": 39416, "Plan Width": 4, "Actual Startup Time": 12.484, "Actual Total Time": 12.485, "Actual Rows": 39563, "Actual Loops": 1, "Output": ["u.id"], "Hash Buckets": 65536, "Original Hash Buckets": 65536, "Hash Batches": 1, "Original Hash Batches": 1, "Peak Memory Usage": 1903, "Plans": [{"Node Type": "Seq Scan", "Parent Relationship": "Outer", "Parallel Aware": false, "Relation Name": "users", "Schema": "public", "Alias": "u", "Startup Cost": 0.0, "Total Cost": 1002.69, "Plan Rows": 39416, "Plan Width": 4, "Actual Startup Time": 0.009, "Actual Total Time": 7.348, "Actual Rows": 39563, "Actual Loops": 1, "Output": ["u.id"], "Filter": "((u.upvotes <= 244) AND (u.upvotes >= 0) AND (u.downvotes = 0))", "Rows Removed by Filter": 762}]}]}, {"Node Type": "Index Only Scan", "Parent Relationship": "Inner", "Parallel Aware": false, "Scan Direction": "Forward", "Index Name": "idx_posthistory_userid", "Relation Name": "posthistory", "Schema": "public", "Alias": "ph", "Startup Cost": 0.42, "Total Cost": 0.93, "Plan Rows": 28, "Plan Width": 4, "Actual Startup Time": 0.001, "Actual Total Time": 0.003, "Actual Rows": 28, "Actual Loops": 49330, "Output": ["ph.userid"], "Index Cond": "(ph.userid = p.owneruserid)", "Rows Removed by Index Recheck": 0, "Heap Fetches": 0}]}]}, "Planning Time": 69.592, "Triggers": [], "Execution Time": 285.737}]
q109#####[{"Plan": {"Node Type": "Aggregate", "Strategy": "Plain", "Partial Mode": "Simple", "Parallel Aware": false, "Startup Cost": 242359.37, "Total Cost": 242359.38, "Plan Rows": 1, "Plan Width": 8, "Actual Startup Time": 1021.301, "Actual Total Time": 1021.305, "Actual Rows": 1, "Actual Loops": 1, "Output": ["count(*)"], "Plans": [{"Node Type": "Hash Join", "Parent Relationship": "Outer", "Parallel Aware": false, "Join Type": "Inner", "Startup Cost": 3766.02, "Total Cost": 28202.51, "Plan Rows": 85662743, "Plan Width": 0, "Actual Startup Time": 56.63, "Actual Total Time": 772.57, "Actual Rows": 7661811, "Actual Loops": 1, "Inner Unique": false, "Hash Cond": "(b.userid = p.owneruserid)", "Plans": [{"Node Type": "Nested Loop", "Parent Relationship": "Outer", "Parallel Aware": false, "Join Type": "Inner", "Startup Cost": 0.29, "Total Cost": 23845.48, "Plan Rows": 21291, "Plan Width": 8, "Actual Startup Time": 0.063, "Actual Total Time": 122.623, "Actual Rows": 452527, "Actual Loops": 1, "Output": ["b.userid", "ph.userid"], "Inner Unique": false, "Plans": [{"Node Type": "Seq Scan", "Parent Relationship": "Outer", "Parallel Aware": false, "Relation Name": "posthistory", "Schema": "public", "Alias": "ph", "Startup Cost": 0.0, "Total Cost": 6019.84, "Plan Rows": 42578, "Plan Width": 4, "Actual Startup Time": 0.041, "Actual Total Time": 23.435, "Actual Rows": 42921, "Actual Loops": 1, "Output": ["ph.id", "ph.posthistorytypeid", "ph.postid", "ph.creationdate", "ph.userid"], "Filter": "(ph.posthistorytypeid = 3)", "Rows Removed by Filter": 260266}, {"Node Type": "Index Only Scan", "Parent Relationship": "Inner", "Parallel Aware": false, "Scan Direction": "Forward", "Index Name": "idx_badges_userid", "Relation Name": "badges", "Schema": "public", "Alias": "b", "Startup Cost": 0.29, "Total Cost": 0.38, "Plan Rows": 4, "Plan Width": 4, "Actual Startup Time": 0.001, "Actual Total Time": 0.001, "Actual Rows": 11, "Actual Loops": 42921, "Output": ["b.userid"], "Index Cond": "(b.userid = ph.userid)", "Rows Removed by Index Recheck": 0, "Heap Fetches": 0}]}, {"Node Type": "Hash", "Parent Relationship": "Inner", "Parallel Aware": false, "Startup Cost": 3754.31, "Total Cost": 3754.31, "Plan Rows": 913, "Plan Width": 8, "Actual Startup Time": 56.491, "Actual Total Time": 56.494, "Actual Rows": 60144, "Actual Loops": 1, "Output": ["p.owneruserid", "u.id"], "Hash Buckets": 65536, "Original Hash Buckets": 1024, "Hash Batches": 1, "Original Hash Batches": 1, "Peak Memory Usage": 2862, "Plans": [{"Node Type": "Hash Join", "Parent Relationship": "Outer", "Parallel Aware": false, "Join Type": "Inner", "Startup Cost": 1503.16, "Total Cost": 3754.31, "Plan Rows": 913, "Plan Width": 8, "Actual Startup Time": 23.359, "Actual Total Time": 48.853, "Actual Rows": 60144, "Actual Loops": 1, "Output": ["p.owneruserid", "u.id"], "Inner Unique": true, "Hash Cond": "(p.owneruserid = u.id)", "Plans": [{"Node Type": "Seq Scan", "Parent Relationship": "Outer", "Parallel Aware": false, "Relation Name": "posts", "Schema": "public", "Alias": "p", "Startup Cost": 0.0, "Total Cost": 2009.7, "Plan Rows": 91972, "Plan Width": 4, "Actual Startup Time": 0.029, "Actual Total Time": 10.863, "Actual Rows": 91970, "Actual Loops": 1, "Output": ["p.id", "p.posttypeid", "p.creationdate", "p.score", "p.viewcount", "p.owneruserid", "p.answercount", "p.commentcount", "p.favoritecount", "p.lasteditoruserid"], "Filter": "(p.score >= '-7'::integer)", "Rows Removed by Filter": 6}, {"Node Type": "Hash", "Parent Relationship": "Inner", "Parallel Aware": false, "Startup Cost": 1002.69, "Total Cost": 1002.69, "Plan Rows": 40038, "Plan Width": 4, "Actual Startup Time": 23.151, "Actual Total Time": 23.152, "Actual Rows": 40047, "Actual Loops": 1, "Output": ["u.id"], "Hash Buckets": 65536, "Original Hash Buckets": 65536, "Hash Batches": 1, "Original Hash Batches": 1, "Peak Memory Usage": 1920, "Plans": [{"Node Type": "Seq Scan", "Parent Relationship": "Outer", "Parallel Aware": false, "Relation Name": "users", "Schema": "public", "Alias": "u", "Startup Cost": 0.0, "Total Cost": 1002.69, "Plan Rows": 40038, "Plan Width": 4, "Actual Startup Time": 0.018, "Actual Total Time": 13.101, "Actual Rows": 40047, "Actual Loops": 1, "Output": ["u.id"], "Filter": "((u.reputation >= 1) AND (u.upvotes <= 117) AND (u.upvotes >= 0))", "Rows Removed by Filter": 278}]}]}]}]}]}, "Planning Time": 109.922, "Triggers": [], "Execution Time": 1021.458}]
q121#####[{"Plan": {"Node Type": "Aggregate", "Strategy": "Plain", "Partial Mode": "Simple", "Parallel Aware": false, "Startup Cost": 26140.72, "Total Cost": 26140.73, "Plan Rows": 1, "Plan Width": 8, "Actual Startup Time": 204.223, "Actual Total Time": 204.224, "Actual Rows": 1, "Actual Loops": 1, "Output": ["count(*)"], "Plans": [{"Node Type": "Nested Loop", "Parent Relationship": "Outer", "Parallel Aware": false, "Join Type": "Inner", "Startup Cost": 0.29, "Total Cost": 22454.13, "Plan Rows": 1474637, "Plan Width": 0, "Actual Startup Time": 0.033, "Actual Total Time": 188.442, "Actual Rows": 428612, "Actual Loops": 1, "Inner Unique": false, "Plans": [{"Node Type": "Seq Scan", "Parent Relationship": "Outer", "Parallel Aware": false, "Relation Name": "posts", "Schema": "public", "Alias": "p", "Startup Cost": 0.0, "Total Cost": 2699.52, "Plan Rows": 42033, "Plan Width": 4, "Actual Startup Time": 0.018, "Actual Total Time": 14.181, "Actual Rows": 42172, "Actual Loops": 1, "Output": ["p.id", "p.posttypeid", "p.creationdate", "p.score", "p.viewcount", "p.owneruserid", "p.answercount", "p.commentcount", "p.favoritecount", "p.lasteditoruserid"], "Filter": "((p.answercount <= 4) AND (p.answercount >= 0) AND (p.commentcount <= 17) AND (p.commentcount >= 0))", "Rows Removed by Filter": 49804}, {"Node Type": "Index Scan", "Parent Relationship": "Inner", "Parallel Aware": false, "Scan Direction": "Forward", "Index Name": "idx_badges_userid", "Relation Name": "badges", "Schema": "public", "Alias": "b", "Startup Cost": 0.29, "Total Cost": 0.43, "Plan Rows": 4, "Plan Width": 4, "Actual Startup Time": 0.001, "Actual Total Time": 0.003, "Actual Rows": 10, "Actual Loops": 42172, "Output": ["b.id", "b.userid", "b.date"], "Index Cond": "(b.userid = p.owneruserid)", "Rows Removed by Index Recheck": 0, "Filter": "(b.date <= 1410396952)", "Rows Removed by Filter": 0}]}]}, "Planning Time": 56.458, "Triggers": [], "Execution Time": 204.287}]
q135#####[{"Plan": {"Node Type": "Aggregate", "Strategy": "Plain", "Partial Mode": "Simple", "Parallel Aware": false, "Startup Cost": 139814.81, "Total Cost": 139814.82, "Plan Rows": 1, "Plan Width": 8, "Actual Startup Time": 302.642, "Actual Total Time": 302.643, "Actual Rows": 1, "Actual Loops": 1, "Output": ["count(*)"], "Plans": [{"Node Type": "Nested Loop", "Parent Relationship": "Outer", "Parallel Aware": false, "Join Type": "Inner", "Startup Cost": 0.29, "Total Cost": 50972.75, "Plan Rows": 35536823, "Plan Width": 0, "Actual Startup Time": 0.689, "Actual Total Time": 244.594, "Actual Rows": 1709781, "Actual Loops": 1, "Inner Unique": false, "Plans": [{"Node Type": "Seq Scan", "Parent Relationship": "Outer", "Parallel Aware": false, "Relation Name": "posthistory", "Schema": "public", "Alias": "ph", "Startup Cost": 0.0, "Total Cost": 6777.8, "Plan Rows": 42795, "Plan Width": 4, "Actual Startup Time": 0.669, "Actual Total Time": 28.83, "Actual Rows": 42308, "Actual Loops": 1, "Output": ["ph.id", "ph.posthistorytypeid", "ph.postid", "ph.creationdate", "ph.userid"], "Filter": "((ph.creationdate >= 1284436747) AND (ph.posthistorytypeid = 1))", "Rows Removed by Filter": 260879}, {"Node Type": "Index Only Scan", "Parent Relationship": "Inner", "Parallel Aware": false, "Scan Direction": "Forward", "Index Name": "idx_comments_userid", "Relation Name": "comments", "Schema": "public", "Alias": "c", "Startup Cost": 0.29, "Total Cost": 0.77, "Plan Rows": 26, "Plan Width": 4, "Actual Startup Time": 0.001, "Actual Total Time": 0.003, "Actual Rows": 40, "Actual Loops": 42308, "Output": ["c.userid"], "Index Cond": "(c.userid = ph.userid)", "Rows Removed by Index Recheck": 0, "Heap Fetches": 0}]}]}, "Planning Time": 63.393, "Triggers": [], "Execution Time": 302.713}]
q20#####[{"Plan": {"Node Type": "Aggregate", "Strategy": "Plain", "Partial Mode": "Simple", "Parallel Aware": false, "Startup Cost": 330384.14, "Total Cost": 330384.15, "Plan Rows": 1, "Plan Width": 8, "Actual Startup Time": 1502.627, "Actual Total Time": 1502.63, "Actual Rows": 1, "Actual Loops": 1, "Output": ["count(*)"], "Plans": [{"Node Type": "Nested Loop", "Parent Relationship": "Outer", "Parallel Aware": false, "Join Type": "Inner", "Startup Cost": 1504.54, "Total Cost": 129400.78, "Plan Rows": 80393344, "Plan Width": 0, "Actual Startup Time": 26.445, "Actual Total Time": 1352.447, "Actual Rows": 4230153, "Actual Loops": 1, "Inner Unique": false, "Plans": [{"Node Type": "Hash Join", "Parent Relationship": "Outer", "Parallel Aware": false, "Join Type": "Inner", "Startup Cost": 1504.11, "Total Cost": 3754.37, "Plan Rows": 91154, "Plan Width": 8, "Actual Startup Time": 26.371, "Actual Total Time": 63.509, "Actual Rows": 64212, "Actual Loops": 1, "Output": ["p.owneruserid", "u.id"], "Inner Unique": true, "Hash Cond": "(p.owneruserid = u.id)", "Plans": [{"Node Type": "Seq Scan", "Parent Relationship": "Outer", "Parallel Aware": false, "Relation Name": "posts", "Schema": "public", "Alias": "p", "Startup Cost": 0.0, "Total Cost": 2009.7, "Plan Rows": 91633, "Plan Width": 4, "Actual Startup Time": 0.044, "Actual Total Time": 15.059, "Actual Rows": 91624, "Actual Loops": 1, "Output": ["p.id", "p.posttypeid", "p.creationdate", "p.score", "p.viewcount", "p.owneruserid", "p.answercount", "p.commentcount", "p.favoritecount", "p.lasteditoruserid"], "Filter": "(p.score >= 0)", "Rows Removed by Filter": 352}, {"Node Type": "Hash", "Parent Relationship": "Inner", "Parallel Aware": false, "Startup Cost": 1002.69, "Total Cost": 1002.69, "Plan Rows": 40114, "Plan Width": 4, "Actual Startup Time": 26.014, "Actual Total Time": 26.015, "Actual Rows": 40051, "Actual Loops": 1, "Output": ["u.id"], "Hash Buckets": 65536, "Original Hash Buckets": 65536, "Hash Batches": 1, "Original Hash Batches": 1, "Peak Memory Usage": 1921, "Plans": [{"Node Type": "Seq Scan", "Parent Relationship": "Outer", "Parallel Aware": false, "Relation Name": "users", "Schema": "public", "Alias": "u", "Startup Cost": 0.0, "Total Cost": 1002.69, "Plan Rows": 40114, "Plan Width": 4, "Actual Startup Time": 0.078, "Actual Total Time": 14.727, "Actual Rows": 40051, "Actual Loops": 1, "Output": ["u.id"], "Filter": "((u.creationdate >= 1279543745) AND (u.reputation >= 1) AND (u.upvotes <= 198))", "Rows Removed by Filter": 274}]}]}, {"Node Type": "Index Scan", "Parent Relationship": "Inner", "Parallel Aware": false, "Scan Direction": "Forward", "Index Name": "idx_posthistory_userid", "Relation Name": "posthistory", "Schema": "public", "Alias": "ph", "Startup Cost": 0.42, "Total Cost": 1.1, "Plan Rows": 28, "Plan Width": 4, "Actual Startup Time": 0.002, "Actual Total Time": 0.016, "Actual Rows": 66, "Actual Loops": 64212, "Output": ["ph.id", "ph.posthistorytypeid", "ph.postid", "ph.creationdate", "ph.userid"], "Index Cond": "(ph.userid = p.owneruserid)", "Rows Removed by Index Recheck": 0, "Filter": "(ph.creationdate >= 1282339840)", "Rows Removed by Filter": 0}]}]}, "Planning Time": 94.084, "Triggers": [], "Execution Time": 1502.835}]
q34#####[{"Plan": {"Node Type": "Aggregate", "Strategy": "Plain", "Partial Mode": "Simple", "Parallel Aware": false, "Startup Cost": 180988.8, "Total Cost": 180988.81, "Plan Rows": 1, "Plan Width": 8, "Actual Startup Time": 542.418, "Actual Total Time": 542.423, "Actual Rows": 1, "Actual Loops": 1, "Output": ["count(*)"], "Plans": [{"Node Type": "Hash Join", "Parent Relationship": "Outer", "Parallel Aware": false, "Join Type": "Inner", "Startup Cost": 22912.41, "Total Cost": 29252.4, "Plan Rows": 60694558, "Plan Width": 0, "Actual Startup Time": 260.131, "Actual Total Time": 472.658, "Actual Rows": 1936953, "Actual Loops": 1, "Inner Unique": false, "Hash Cond": "(ph.userid = b.userid)", "Plans": [{"Node Type": "Hash Join", "Parent Relationship": "Outer", "Parallel Aware": false, "Join Type": "Inner", "Startup Cost": 1400.67, "Total Cost": 7601.59, "Plan Rows": 682, "Plan Width": 8, "Actual Startup Time": 14.505, "Actual Total Time": 46.673, "Actual Rows": 22618, "Actual Loops": 1, "Output": ["ph.userid", "u.id"], "Inner Unique": true, "Hash Cond": "(ph.userid = u.id)", "Plans": [{"Node Type": "Seq Scan", "Parent Relationship": "Outer", "Parallel Aware": false, "Relation Name": "posthistory", "Schema": "public", "Alias": "ph", "Startup Cost": 0.0, "Total Cost": 6019.84, "Plan Rows": 68975, "Plan Width": 4, "Actual Startup Time": 0.025, "Actual Total Time": 23.362, "Actual Rows": 69427, "Actual Loops": 1, "Output": ["ph.id", "ph.posthistorytypeid", "ph.postid", "ph.creationdate", "ph.userid"], "Filter": "(ph.posthistorytypeid = 5)", "Rows Removed by Filter": 233760}, {"Node Type": "Hash", "Parent Relationship": "Inner", "Parallel Aware": false, "Startup Cost": 901.88, "Total Cost": 901.88, "Plan Rows": 39904, "Plan Width": 4, "Actual Startup Time": 14.319, "Actual Total Time": 14.32, "Actual Rows": 39923, "Actual Loops": 1, "Output": ["u.id"], "Hash Buckets": 65536, "Original Hash Buckets": 65536, "Hash Batches": 1, "Original Hash Batches": 1, "Peak Memory Usage": 1916, "Plans": [{"Node Type": "Seq Scan", "Parent Relationship": "Outer", "Parallel Aware": false, "Relation Name": "users", "Schema": "public", "Alias": "u", "Startup Cost": 0.0, "Total Cost": 901.88, "Plan Rows": 39904, "Plan Width": 4, "Actual Startup Time": 0.01, "Actual Total Time": 7.697, "Actual Rows": 39923, "Actual Loops": 1, "Output": ["u.id"], "Filter": "((u.reputation <= 750) AND (u.reputation >= 1))", "Rows Removed by Filter": 402}]}]}, {"Node Type": "Hash", "Parent Relationship": "Inner", "Parallel Aware": false, "Startup Cost": 21334.25, "Total Cost": 21334.25, "Plan Rows": 14199, "Plan Width": 8, "Actual Startup Time": 245.357, "Actual Total Time": 245.358, "Actual Rows": 399188, "Actual Loops": 1, "Output": ["b.userid", "p.owneruserid"], "Hash Buckets": 131072, "Original Hash Buckets": 16384, "Hash Batches": 8, "Original Hash Batches": 1, "Peak Memory Usage": 3073, "Plans": [{"Node Type": "Nested Loop", "Parent Relationship": "Outer", "Parallel Aware": false, "Join Type": "Inner", "Startup Cost": 0.29, "Total Cost": 21334.25, "Plan Rows": 14199, "Plan Width": 8, "Actual Startup Time": 0.033, "Actual Total Time": 192.219, "Actual Rows": 399188, "Actual Loops": 1, "Output": ["b.userid", "p.owneruserid"], "Inner Unique": false, "Plans": [{"Node Type": "Seq Scan", "Parent Relationship": "Outer", "Parallel Aware": false, "Relation Name": "posts", "Schema": "public", "Alias": "p", "Startup Cost": 0.0, "Total Cost": 2239.64, "Plan Rows": 40433, "Plan Width": 4, "Actual Startup Time": 0.01, "Actual Total Time": 12.791, "Actual Rows": 40611, "Actual Loops": 1, "Output": ["p.id", "p.posttypeid", "p.creationdate", "p.score", "p.viewcount", "p.owneruserid", "p.answercount", "p.commentcount", "p.favoritecount", "p.lasteditoruserid"], "Filter": "((p.viewcount <= 2024) AND (p.viewcount >= 0))", "Rows Removed by Filter": 51365}, {"Node Type": "Index Scan", "Parent Relationship": "Inner", "Parallel Aware": false, "Scan Direction": "Forward", "Index Name": "idx_badges_userid", "Relation Name": "badges", "Schema": "public", "Alias": "b", "Startup Cost": 0.29, "Total Cost": 0.43, "Plan Rows": 4, "Plan Width": 4, "Actual Startup Time": 0.001, "Actual Total Time": 0.004, "Actual Rows": 10, "Actual Loops": 40611, "Output": ["b.id", "b.userid", "b.date"], "Index Cond": "(b.userid = p.owneruserid)", "Rows Removed by Index Recheck": 0, "Filter": "(b.date >= 1279593250)", "Rows Removed by Filter": 0}]}]}]}]}, "Planning Time": 96.448, "Triggers": [], "Execution Time": 542.516}]
q22#####[{"Plan": {"Node Type": "Aggregate", "Strategy": "Plain", "Partial Mode": "Simple", "Parallel Aware": false, "Startup Cost": 40712.63, "Total Cost": 40712.64, "Plan Rows": 1, "Plan Width": 8, "Actual Startup Time": 522.486, "Actual Total Time": 522.49, "Actual Rows": 1, "Actual Loops": 1, "Output": ["count(*)"], "Plans": [{"Node Type": "Hash Join", "Parent Relationship": "Outer", "Parallel Aware": false, "Join Type": "Inner", "Startup Cost": 27684.89, "Total Cost": 36724.08, "Plan Rows": 1595419, "Plan Width": 0, "Actual Startup Time": 223.081, "Actual Total Time": 457.591, "Actual Rows": 1839326, "Actual Loops": 1, "Inner Unique": false, "Hash Cond": "(c.postid = p.id)", "Plans": [{"Node Type": "Seq Scan", "Parent Relationship": "Outer", "Parallel Aware": false, "Relation Name": "comments", "Schema": "public", "Alias": "c", "Startup Cost": 0.0, "Total Cost": 3025.05, "Plan Rows": 174305, "Plan Width": 4, "Actual Startup Time": 0.015, "Actual Total Time": 14.085, "Actual Rows": 174305, "Actual Loops": 1, "Output": ["c.postid"]}, {"Node Type": "Hash", "Parent Relationship": "Inner", "Parallel Aware": false, "Startup Cost": 24927.42, "Total Cost": 24927.42, "Plan Rows": 158598, "Plan Width": 16, "Actual Startup Time": 222.051, "Actual Total Time": 222.055, "Actual Rows": 401079, "Actual Loops": 1, "Output": ["ph.postid", "pl.postid", "p.id", "v.postid"], "Hash Buckets": 131072, "Original Hash Buckets": 131072, "Hash Batches": 16, "Original Hash Batches": 4, "Peak Memory Usage": 3073, "Plans": [{"Node Type": "Hash Join", "Parent Relationship": "Outer", "Parallel Aware": false, "Join Type": "Inner", "Startup Cost": 14789.61, "Total Cost": 24927.42, "Plan Rows": 158598, "Plan Width": 16, "Actual Startup Time": 66.019, "Actual Total Time": 167.588, "Actual Rows": 401079, "Actual Loops": 1, "Output": ["ph.postid", "pl.postid", "p.id", "v.postid"], "Inner Unique": false, "Hash Cond": "(v.postid = p.id)", "Plans": [{"Node Type": "Seq Scan", "Parent Relationship": "Outer", "Parallel Aware": false, "Relation Name": "votes", "Schema": "public", "Alias": "v", "Startup Cost": 0.0, "Total Cost": 7333.96, "Plan Rows": 324766, "Plan Width": 4, "Actual Startup Time": 0.019, "Actual Total Time": 35.121, "Actual Rows": 327152, "Actual Loops": 1, "Output": ["v.id", "v.postid", "v.votetypeid", "v.creationdate", "v.userid", "v.bountyamount"], "Filter": "((v.creationdate <= 1410278400) AND (v.creationdate >= 1279468800))", "Rows Removed by Filter": 912}, {"Node Type": "Hash", "Parent Relationship": "Inner", "Parallel Aware": false, "Startup Cost": 14228.16, "Total Cost": 14228.16, "Plan Rows": 44916, "Plan Width": 12, "Actual Startup Time": 65.795, "Actual Total Time": 65.798, "Actual Rows": 54502, "Actual Loops": 1, "Output": ["ph.postid", "pl.postid", "p.id"], "Hash Buckets": 65536, "Original Hash Buckets": 65536, "Hash Batches": 1, "Original Hash Batches": 1, "Peak Memory Usage": 2854, "Plans": [{"Node Type": "Merge Join", "Parent Relationship": "Outer", "Parallel Aware": false, "Join Type": "Inner", "Startup Cost": 1.16, "Total Cost": 14228.16, "Plan Rows": 44916, "Plan Width": 12, "Actual Startup Time": 0.092, "Actual Total Time": 58.301, "Actual Rows": 54502, "Actual Loops": 1, "Output": ["ph.postid", "pl.postid", "p.id"], "Inner Unique": false, "Merge Cond": "(p.id = ph.postid)", "Plans": [{"Node Type": "Merge Join", "Parent Relationship": "Outer", "Parallel Aware": false, "Join Type": "Inner", "Startup Cost": 0.66, "Total Cost": 3228.21, "Plan Rows": 95990, "Plan Width": 8, "Actual Startup Time": 0.059, "Actual Total Time": 16.688, "Actual Rows": 9549, "Actual Loops": 1, "Output": ["pl.postid", "p.id"], "Inner Unique": true, "Merge Cond": "(pl.postid = p.id)", "Plans": [{"Node Type": "Index Scan", "Parent Relationship": "Outer", "Parallel Aware": false, "Scan Direction": "Forward", "Index Name": "idx_postlinks_postid", "Relation Name": "postlinks", "Schema": "public", "Alias": "pl", "Startup Cost": 0.29, "Total Cost": 482.8, "Plan Rows": 9599, "Plan Width": 4, "Actual Startup Time": 0.027, "Actual Total Time": 3.268, "Actual Rows": 9549, "Actual Loops": 1, "Output": ["pl.id", "pl.creationdate", "pl.postid", "pl.relatedpostid", "pl.linktypeid"], "Filter": "((pl.creationdate >= 1308029495) AND (pl.linktypeid = 1))", "Rows Removed by Filter": 1553}, {"Node Type": "Index Only Scan", "Parent Relationship": "Inner", "Parallel Aware": false, "Scan Direction": "Forward", "Index Name": "posts_pkey", "Relation Name": "posts", "Schema": "public", "Alias": "p", "Startup Cost": 0.29, "Total Cost": 2395.93, "Plan Rows": 91976, "Plan Width": 4, "Actual Startup Time": 0.028, "Actual Total Time": 8.319, "Actual Rows": 91958, "Actual Loops": 1, "Output": ["p.id"], "Heap Fetches": 0}]}, {"Node Type": "Index Only Scan", "Parent Relationship": "Inner", "Parallel Aware": false, "Scan Direction": "Forward", "Index Name": "idx_posthistory_postid", "Relation Name": "posthistory", "Schema": "public", "Alias": "ph", "Startup Cost": 0.42, "Total Cost": 6520.23, "Plan Rows": 303187, "Plan Width": 4, "Actual Startup Time": 0.027, "Actual Total Time": 24.806, "Actual Rows": 319296, "Actual Loops": 1, "Output": ["ph.postid"], "Heap Fetches": 0}]}]}]}]}]}]}, "Planning Time": 128.836, "Triggers": [], "Execution Time": 522.637}]
q36#####[{"Plan": {"Node Type": "Aggregate", "Strategy": "Plain", "Partial Mode": "Simple", "Parallel Aware": false, "Startup Cost": 816212.0, "Total Cost": 816212.01, "Plan Rows": 1, "Plan Width": 8, "Actual Startup Time": 11700.897, "Actual Total Time": 11700.904, "Actual Rows": 1, "Actual Loops": 1, "Output": ["count(*)"], "Plans": [{"Node Type": "Hash Join", "Parent Relationship": "Outer", "Parallel Aware": false, "Join Type": "Inner", "Startup Cost": 29355.17, "Total Cost": 34575.61, "Plan Rows": 312654555, "Plan Width": 0, "Actual Startup Time": 367.383, "Actual Total Time": 8227.192, "Actual Rows": 105742741, "Actual Loops": 1, "Inner Unique": false, "Hash Cond": "(c.userid = b.userid)", "Plans": [{"Node Type": "Hash Join", "Parent Relationship": "Outer", "Parallel Aware": false, "Join Type": "Inner", "Startup Cost": 1204.31, "Total Cost": 5883.04, "Plan Rows": 1319, "Plan Width": 8, "Actual Startup Time": 13.514, "Actual Total Time": 70.401, "Actual Rows": 130707, "Actual Loops": 1, "Output": ["c.userid", "u.id"], "Inner Unique": true, "Hash Cond": "(c.userid = u.id)", "Plans": [{"Node Type": "Seq Scan", "Parent Relationship": "Outer", "Parallel Aware": false, "Relation Name": "comments", "Schema": "public", "Alias": "c", "Startup Cost": 0.0, "Total Cost": 4332.34, "Plan Rows": 131946, "Plan Width": 4, "Actual Startup Time": 0.293, "Actual Total Time": 27.057, "Actual Rows": 132704, "Actual Loops": 1, "Output": ["c.id", "c.postid", "c.score", "c.creationdate", "c.userid"], "Filter": "((c.creationdate <= 1410381336) AND (c.creationdate >= 1283673875) AND (c.score = 0))", "Rows Removed by Filter": 41601}, {"Node Type": "Hash", "Parent Relationship": "Inner", "Parallel Aware": false, "Startup Cost": 700.25, "Total Cost": 700.25, "Plan Rows": 40325, "Plan Width": 4, "Actual Startup Time": 13.064, "Actual Total Time": 13.066, "Actual Rows": 40325, "Actual Loops": 1, "Output": ["u.id"], "Hash Buckets": 65536, "Original Hash Buckets": 65536, "Hash Batches": 1, "Original Hash Batches": 1, "Peak Memory Usage": 1930, "Plans": [{"Node Type": "Seq Scan", "Parent Relationship": "Outer", "Parallel Aware": false, "Relation Name": "users", "Schema": "public", "Alias": "u", "Startup Cost": 0.0, "Total Cost": 700.25, "Plan Rows": 40325, "Plan Width": 4, "Actual Startup Time": 0.013, "Actual Total Time": 5.855, "Actual Rows": 40325, "Actual Loops": 1, "Output": ["u.id"]}]}]}, {"Node Type": "Hash", "Parent Relationship": "Inner", "Parallel Aware": false, "Startup Cost": 27881.91, "Total Cost": 27881.91, "Plan Rows": 21516, "Plan Width": 8, "Actual Startup Time": 353.603, "Actual Total Time": 353.605, "Actual Rows": 443440, "Actual Loops": 1, "Output": ["b.userid", "ph.userid"], "Hash Buckets": 131072, "Original Hash Buckets": 32768, "Hash Batches": 8, "Original Hash Batches": 1, "Peak Memory Usage": 3073, "Plans": [{"Node Type": "Nested Loop", "Parent Relationship": "Outer", "Parallel Aware": false, "Join Type": "Inner", "Startup Cost": 0.29, "Total Cost": 27881.91, "Plan Rows": 21516, "Plan Width": 8, "Actual Startup Time": 0.209, "Actual Total Time": 281.368, "Actual Rows": 443440, "Actual Loops": 1, "Output": ["b.userid", "ph.userid"], "Inner Unique": false, "Plans": [{"Node Type": "Seq Scan", "Parent Relationship": "Outer", "Parallel Aware": false, "Relation Name": "posthistory", "Schema": "public", "Alias": "ph", "Startup Cost": 0.0, "Total Cost": 7535.77, "Plan Rows": 43467, "Plan Width": 4, "Actual Startup Time": 0.176, "Actual Total Time": 37.777, "Actual Rows": 42747, "Actual Loops": 1, "Output": ["ph.id", "ph.posthistorytypeid", "ph.postid", "ph.creationdate", "ph.userid"], "Filter": "((ph.creationdate <= 1410600563) AND (ph.creationdate >= 1280145718) AND (ph.posthistorytypeid = 1))", "Rows Removed by Filter": 260440}, {"Node Type": "Index Scan", "Parent Relationship": "Inner", "Parallel Aware": false, "Scan Direction": "Forward", "Index Name": "idx_badges_userid", "Relation Name": "badges", "Schema": "public", "Alias": "b", "Startup Cost": 0.29, "Total Cost": 0.43, "Plan Rows": 4, "Plan Width": 4, "Actual Startup Time": 0.001, "Actual Total Time": 0.005, "Actual Rows": 10, "Actual Loops": 42747, "Output": ["b.id", "b.userid", "b.date"], "Index Cond": "(b.userid = ph.userid)", "Rows Removed by Index Recheck": 0, "Filter": "(b.date <= 1409792096)", "Rows Removed by Filter": 0}]}]}]}]}, "Planning Time": 98.136, "Triggers": [], "Execution Time": 11701.014}]
q123#####[{"Plan": {"Node Type": "Aggregate", "Strategy": "Plain", "Partial Mode": "Simple", "Parallel Aware": false, "Startup Cost": 34954.21, "Total Cost": 34954.22, "Plan Rows": 1, "Plan Width": 8, "Actual Startup Time": 78268.854, "Actual Total Time": 78268.858, "Actual Rows": 1, "Actual Loops": 1, "Output": ["count(*)"], "Plans": [{"Node Type": "Merge Join", "Parent Relationship": "Outer", "Parallel Aware": false, "Join Type": "Inner", "Startup Cost": 16459.36, "Total Cost": 21870.44, "Plan Rows": 5233505, "Plan Width": 0, "Actual Startup Time": 86.734, "Actual Total Time": 59557.794, "Actual Rows": 537352263, "Actual Loops": 1, "Inner Unique": false, "Merge Cond": "(b.userid = c.userid)", "Plans": [{"Node Type": "Merge Join", "Parent Relationship": "Outer", "Parallel Aware": false, "Join Type": "Inner", "Startup Cost": 11181.93, "Total Cost": 16580.48, "Plan Rows": 1897, "Plan Width": 8, "Actual Startup Time": 53.486, "Actual Total Time": 238.895, "Actual Rows": 991738, "Actual Loops": 1, "Output": ["b.userid", "v.userid"], "Inner Unique": false, "Merge Cond": "(b.userid = v.userid)", "Plans": [{"Node Type": "Index Scan", "Parent Relationship": "Outer", "Parallel Aware": false, "Scan Direction": "Forward", "Index Name": "idx_badges_userid", "Relation Name": "badges", "Schema": "public", "Alias": "b", "Startup Cost": 0.29, "Total Cost": 3209.99, "Plan Rows": 77581, "Plan Width": 4, "Actual Startup Time": 0.042, "Actual Total Time": 29.264, "Actual Rows": 77535, "Actual Loops": 1, "Output": ["b.id", "b.userid", "b.date"], "Filter": "(b.date <= 1408415533)", "Rows Removed by Filter": 2316}, {"Node Type": "Sort", "Parent Relationship": "Inner", "Parallel Aware": false, "Startup Cost": 10682.59, "Total Cost": 10766.66, "Plan Rows": 33629, "Plan Width": 4, "Actual Startup Time": 53.386, "Actual Total Time": 99.898, "Actual Rows": 994594, "Actual Loops": 1, "Output": ["v.userid"], "Sort Key": ["v.userid"], "Sort Method": "quicksort", "Sort Space Used": 2945, "Sort Space Type": "Memory", "Plans": [{"Node Type": "Seq Scan", "Parent Relationship": "Outer", "Parallel Aware": false, "Relation Name": "votes", "Schema": "public", "Alias": "v", "Startup Cost": 0.0, "Total Cost": 8154.12, "Plan Rows": 33629, "Plan Width": 4, "Actual Startup Time": 0.035, "Actual Total Time": 46.598, "Actual Rows": 33690, "Actual Loops": 1, "Output": ["v.userid"], "Filter": "((v.creationdate <= 1410537600) AND (v.creationdate >= 1279468800) AND (v.votetypeid = 5))", "Rows Removed by Filter": 294374}]}]}, {"Node Type": "Sort", "Parent Relationship": "Inner", "Parallel Aware": false, "Startup Cost": 5277.4, "Total Cost": 5278.02, "Plan Rows": 250, "Plan Width": 8, "Actual Startup Time": 33.244, "Actual Total Time": 18493.566, "Actual Rows": 537357407, "Actual Loops": 1, "Output": ["c.userid", "u.id"], "Sort Key": ["c.userid"], "Sort Method": "quicksort", "Sort Space Used": 1911, "Sort Space Type": "Memory", "Plans": [{"Node Type": "Hash Join", "Parent Relationship": "Outer", "Parallel Aware": false, "Join Type": "Inner", "Startup Cost": 1305.12, "Total Cost": 5267.44, "Plan Rows": 250, "Plan Width": 8, "Actual Startup Time": 9.266, "Actual Total Time": 29.127, "Actual Rows": 24368, "Actual Loops": 1, "Output": ["c.userid", "u.id"], "Inner Unique": true, "Hash Cond": "(c.userid = u.id)", "Plans": [{"Node Type": "Seq Scan", "Parent Relationship": "Outer", "Parallel Aware": false, "Relation Name": "comments", "Schema": "public", "Alias": "c", "Startup Cost": 0.0, "Total Cost": 3896.57, "Plan Rows": 25040, "Plan Width": 4, "Actual Startup Time": 0.153, "Actual Total Time": 15.722, "Actual Rows": 24733, "Actual Loops": 1, "Output": ["c.id", "c.postid", "c.score", "c.creationdate", "c.userid"], "Filter": "((c.creationdate >= 1282889527) AND (c.score = 1))", "Rows Removed by Filter": 149572}, {"Node Type": "Hash", "Parent Relationship": "Inner", "Parallel Aware": false, "Startup Cost": 801.06, "Total Cost": 801.06, "Plan Rows": 40325, "Plan Width": 4, "Actual Startup Time": 8.84, "Actual Total Time": 8.841, "Actual Rows": 40325, "Actual Loops": 1, "Output": ["u.id"], "Hash Buckets": 65536, "Original Hash Buckets": 65536, "Hash Batches": 1, "Original Hash Batches": 1, "Peak Memory Usage": 1930, "Plans": [{"Node Type": "Seq Scan", "Parent Relationship": "Outer", "Parallel Aware": false, "Relation Name": "users", "Schema": "public", "Alias": "u", "Startup Cost": 0.0, "Total Cost": 801.06, "Plan Rows": 40325, "Plan Width": 4, "Actual Startup Time": 0.009, "Actual Total Time": 4.661, "Actual Rows": 40325, "Actual Loops": 1, "Output": ["u.id"], "Filter": "(u.reputation >= 1)", "Rows Removed by Filter": 0}]}]}]}]}]}, "Planning Time": 104.947, "Triggers": [], "Execution Time": 78269.227}]
q137#####[{"Plan": {"Node Type": "Aggregate", "Strategy": "Plain", "Partial Mode": "Simple", "Parallel Aware": false, "Startup Cost": 257345.53, "Total Cost": 257345.54, "Plan Rows": 1, "Plan Width": 8, "Actual Startup Time": 2110.188, "Actual Total Time": 2110.195, "Actual Rows": 1, "Actual Loops": 1, "Output": ["count(*)"], "Plans": [{"Node Type": "Hash Join", "Parent Relationship": "Outer", "Parallel Aware": false, "Join Type": "Inner", "Startup Cost": 23621.4, "Total Cost": 42530.06, "Plan Rows": 85926188, "Plan Width": 0, "Actual Startup Time": 1123.897, "Actual Total Time": 2110.176, "Actual Rows": 224, "Actual Loops": 1, "Inner Unique": false, "Hash Cond": "(c.userid = b.userid)", "Plans": [{"Node Type": "Hash Join", "Parent Relationship": "Outer", "Parallel Aware": false, "Join Type": "Inner", "Startup Cost": 1194.64, "Total Cost": 5108.7, "Plan Rows": 134807, "Plan Width": 8, "Actual Startup Time": 13.234, "Actual Total Time": 45.193, "Actual Rows": 20475, "Actual Loops": 1, "Output": ["c.userid", "u.id"], "Inner Unique": true, "Hash Cond": "(c.userid = u.id)", "Plans": [{"Node Type": "Seq Scan", "Parent Relationship": "Outer", "Parallel Aware": false, "Relation Name": "comments", "Schema": "public", "Alias": "c", "Startup Cost": 0.0, "Total Cost": 3460.81, "Plan Rows": 172651, "Plan Width": 4, "Actual Startup Time": 0.036, "Actual Total Time": 16.578, "Actual Rows": 174083, "Actual Loops": 1, "Output": ["c.id", "c.postid", "c.score", "c.creationdate", "c.userid"], "Filter": "(c.creationdate >= 1279633051)", "Rows Removed by Filter": 222}, {"Node Type": "Hash", "Parent Relationship": "Inner", "Parallel Aware": false, "Startup Cost": 801.06, "Total Cost": 801.06, "Plan Rows": 31486, "Plan Width": 4, "Actual Startup Time": 13.074, "Actual Total Time": 13.075, "Actual Rows": 31529, "Actual Loops": 1, "Output": ["u.id"], "Hash Buckets": 32768, "Original Hash Buckets": 32768, "Hash Batches": 1, "Original Hash Batches": 1, "Peak Memory Usage": 1365, "Plans": [{"Node Type": "Seq Scan", "Parent Relationship": "Outer", "Parallel Aware": false, "Relation Name": "users", "Schema": "public", "Alias": "u", "Startup Cost": 0.0, "Total Cost": 801.06, "Plan Rows": 31486, "Plan Width": 4, "Actual Startup Time": 0.01, "Actual Total Time": 7.468, "Actual Rows": 31529, "Actual Loops": 1, "Output": ["u.id"], "Filter": "(u.upvotes = 0)", "Rows Removed by Filter": 8796}]}]}, {"Node Type": "Hash", "Parent Relationship": "Inner", "Parallel Aware": false, "Startup Cost": 22354.43, "Total Cost": 22354.43, "Plan Rows": 5787, "Plan Width": 12, "Actual Startup Time": 1096.571, "Actual Total Time": 1096.573, "Actual Rows": 3829734, "Actual Loops": 1, "Output": ["b.userid", "ph.userid", "v.userid"], "Hash Buckets": 131072, "Original Hash Buckets": 8192, "Hash Batches": 128, "Original Hash Batches": 1, "Peak Memory Usage": 73040, "Plans": [{"Node Type": "Merge Join", "Parent Relationship": "Outer", "Parallel Aware": false, "Join Type": "Inner", "Startup Cost": 12773.51, "Total Cost": 22354.43, "Plan Rows": 5787, "Plan Width": 12, "Actual Startup Time": 58.814, "Actual Total Time": 610.822, "Actual Rows": 3829734, "Actual Loops": 1, "Output": ["b.userid", "ph.userid", "v.userid"], "Inner Unique": false, "Merge Cond": "(b.userid = v.userid)", "Plans": [{"Node Type": "Merge Join", "Parent Relationship": "Outer", "Parallel Aware": false, "Join Type": "Inner", "Startup Cost": 6047.12, "Total Cost": 8485.6, "Plan Rows": 24253, "Plan Width": 8, "Actual Startup Time": 32.954, "Actual Total Time": 46.428, "Actual Rows": 24105, "Actual Loops": 1, "Output": ["b.userid", "ph.userid"], "Inner Unique": false, "Merge Cond": "(b.userid = ph.userid)", "Plans": [{"Node Type": "Index Only Scan", "Parent Relationship": "Outer", "Parallel Aware": false, "Scan Direction": "Forward", "Index Name": "idx_badges_userid", "Relation Name": "badges", "Schema": "public", "Alias": "b", "Startup Cost": 0.29, "Total Cost": 1886.06, "Plan Rows": 79851, "Plan Width": 4, "Actual Startup Time": 0.023, "Actual Total Time": 6.035, "Actual Rows": 79781, "Actual Loops": 1, "Output": ["b.userid"], "Heap Fetches": 0}, {"Node Type": "Sort", "Parent Relationship": "Inner", "Parallel Aware": false, "Startup Cost": 6041.47, "Total Cost": 6042.69, "Plan Rows": 485, "Plan Width": 4, "Actual Startup Time": 32.864, "Actual Total Time": 34.56, "Actual Rows": 24128, "Actual Loops": 1, "Output": ["ph.userid"], "Sort Key": ["ph.userid"], "Sort Method": "quicksort", "Sort Space Used": 46, "Sort Space Type": "Memory", "Plans": [{"Node Type": "Seq Scan", "Parent Relationship": "Outer", "Parallel Aware": false, "Relation Name": "posthistory", "Schema": "public", "Alias": "ph", "Startup Cost": 0.0, "Total Cost": 6019.84, "Plan Rows": 485, "Plan Width": 4, "Actual Startup Time": 0.149, "Actual Total Time": 32.724, "Actual Rows": 467, "Actual Loops": 1, "Output": ["ph.userid"], "Filter": "(ph.posthistorytypeid = 12)", "Rows Removed by Filter": 302720}]}]}, {"Node Type": "Index Only Scan", "Parent Relationship": "Inner", "Parallel Aware": false, "Scan Direction": "Forward", "Index Name": "idx_votes_userid", "Relation Name": "votes", "Schema": "public", "Alias": "v", "Startup Cost": 0.3, "Total Cost": 6081.26, "Plan Rows": 328064, "Plan Width": 4, "Actual Startup Time": 0.016, "Actual Total Time": 236.652, "Actual Rows": 4152092, "Actual Loops": 1, "Output": ["v.userid"], "Heap Fetches": 0}]}]}]}]}, "Planning Time": 147.695, "Triggers": [], "Execution Time": 2110.339}]
q136#####[{"Plan": {"Node Type": "Aggregate", "Strategy": "Plain", "Partial Mode": "Simple", "Parallel Aware": false, "Startup Cost": 58204232.08, "Total Cost": 58204232.09, "Plan Rows": 1, "Plan Width": 8, "Actual Startup Time": 89.688, "Actual Total Time": 89.691, "Actual Rows": 1, "Actual Loops": 1, "Output": ["count(*)"], "Plans": [{"Node Type": "Nested Loop", "Parent Relationship": "Outer", "Parallel Aware": false, "Join Type": "Inner", "Startup Cost": 1255.44, "Total Cost": 43521535.93, "Plan Rows": 5873078459, "Plan Width": 0, "Actual Startup Time": 17.936, "Actual Total Time": 88.977, "Actual Rows": 16698, "Actual Loops": 1, "Inner Unique": false, "Join Filter": "(b.userid = c.userid)", "Rows Removed by Join Filter": 0, "Plans": [{"Node Type": "Nested Loop", "Parent Relationship": "Outer", "Parallel Aware": false, "Join Type": "Inner", "Startup Cost": 1255.14, "Total Cost": 421895.19, "Plan Rows": 39695732, "Plan Width": 16, "Actual Startup Time": 14.697, "Actual Total Time": 77.505, "Actual Rows": 6698, "Actual Loops": 1, "Output": ["b.userid", "ph.userid", "p.owneruserid", "u.id"], "Inner Unique": false, "Plans": [{"Node Type": "Hash Join", "Parent Relationship": "Outer", "Parallel Aware": false, "Join Type": "Inner", "Startup Cost": 1254.72, "Total Cost": 123155.55, "Plan Rows": 215619, "Plan Width": 12, "Actual Startup Time": 14.67, "Actual Total Time": 71.9, "Actual Rows": 1348, "Actual Loops": 1, "Output": ["b.userid", "p.owneruserid", "u.id"], "Inner Unique": true, "Hash Cond": "(b.userid = u.id)", "Plans": [{"Node Type": "Nested Loop", "Parent Relationship": "Outer", "Parallel Aware": false, "Join Type": "Inner", "Startup Cost": 0.29, "Total Cost": 8556.94, "Plan Rows": 43174200, "Plan Width": 8, "Actual Startup Time": 0.04, "Actual Total Time": 48.654, "Actual Rows": 183883, "Actual Loops": 1, "Output": ["b.userid", "p.owneruserid"], "Inner Unique": false, "Plans": [{"Node Type": "Seq Scan", "Parent Relationship": "Outer", "Parallel Aware": false, "Relation Name": "posts", "Schema": "public", "Alias": "p", "Startup Cost": 0.0, "Total Cost": 2929.46, "Plan Rows": 12272, "Plan Width": 4, "Actual Startup Time": 0.025, "Actual Total Time": 12.708, "Actual Rows": 12275, "Actual Loops": 1, "Output": ["p.id", "p.posttypeid", "p.creationdate", "p.score", "p.viewcount", "p.owneruserid", "p.answercount", "p.commentcount", "p.favoritecount", "p.lasteditoruserid"], "Filter": "((p.commentcount <= 12) AND (p.commentcount >= 0) AND (p.favoritecount <= 6) AND (p.favoritecount >= 0) AND (p.score >= '-2'::integer))", "Rows Removed by Filter": 79701}, {"Node Type": "Index Only Scan", "Parent Relationship": "Inner", "Parallel Aware": false, "Scan Direction": "Forward", "Index Name": "idx_badges_userid", "Relation Name": "badges", "Schema": "public", "Alias": "b", "Startup Cost": 0.29, "Total Cost": 0.42, "Plan Rows": 4, "Plan Width": 4, "Actual Startup Time": 0.001, "Actual Total Time": 0.002, "Actual Rows": 15, "Actual Loops": 12275, "Output": ["b.userid"], "Index Cond": "(b.userid = p.owneruserid)", "Rows Removed by Index Recheck": 0, "Heap Fetches": 0}]}, {"Node Type": "Hash", "Parent Relationship": "Inner", "Parallel Aware": false, "Startup Cost": 1002.69, "Total Cost": 1002.69, "Plan Rows": 20139, "Plan Width": 4, "Actual Startup Time": 13.244, "Actual Total Time": 13.245, "Actual Rows": 20197, "Actual Loops": 1, "Output": ["u.id"], "Hash Buckets": 32768, "Original Hash Buckets": 32768, "Hash Batches": 1, "Original Hash Batches": 1, "Peak Memory Usage": 967, "Plans": [{"Node Type": "Seq Scan", "Parent Relationship": "Outer", "Parallel Aware": false, "Relation Name": "users", "Schema": "public", "Alias": "u", "Startup Cost": 0.0, "Total Cost": 1002.69, "Plan Rows": 20139, "Plan Width": 4, "Actual Startup Time": 0.024, "Actual Total Time": 9.754, "Actual Rows": 20197, "Actual Loops": 1, "Output": ["u.id"], "Filter": "((u.downvotes <= 60) AND (u.downvotes >= 0) AND (u.views = 0))", "Rows Removed by Filter": 20128}]}]}, {"Node Type": "Index Scan", "Parent Relationship": "Inner", "Parallel Aware": false, "Scan Direction": "Forward", "Index Name": "idx_posthistory_userid", "Relation Name": "posthistory", "Schema": "public", "Alias": "ph", "Startup Cost": 0.42, "Total Cost": 1.12, "Plan Rows": 27, "Plan Width": 4, "Actual Startup Time": 0.002, "Actual Total Time": 0.004, "Actual Rows": 5, "Actual Loops": 1348, "Output": ["ph.id", "ph.posthistorytypeid", "ph.postid", "ph.creationdate", "ph.userid"], "Index Cond": "(ph.userid = b.userid)", "Rows Removed by Index Recheck": 0, "Filter": "(ph.creationdate <= 1408323252)", "Rows Removed by Filter": 0}]}, {"Node Type": "Index Scan", "Parent Relationship": "Inner", "Parallel Aware": false, "Scan Direction": "Forward", "Index Name": "idx_comments_userid", "Relation Name": "comments", "Schema": "public", "Alias": "c", "Startup Cost": 0.29, "Total Cost": 0.84, "Plan Rows": 20, "Plan Width": 4, "Actual Startup Time": 0.001, "Actual Total Time": 0.001, "Actual Rows": 2, "Actual Loops": 6698, "Output": ["c.id", "c.postid", "c.score", "c.creationdate", "c.userid"], "Index Cond": "(c.userid = ph.userid)", "Rows Removed by Index Recheck": 0, "Filter": "(c.score = 0)", "Rows Removed by Filter": 0}]}]}, "Planning Time": 154.713, "Triggers": [], "Execution Time": 89.814}]
q122#####[{"Plan": {"Node Type": "Aggregate", "Strategy": "Plain", "Partial Mode": "Simple", "Parallel Aware": false, "Startup Cost": 192113.13, "Total Cost": 192113.14, "Plan Rows": 1, "Plan Width": 8, "Actual Startup Time": 9474.334, "Actual Total Time": 9474.338, "Actual Rows": 1, "Actual Loops": 1, "Output": ["count(*)"], "Plans": [{"Node Type": "Merge Join", "Parent Relationship": "Outer", "Parallel Aware": false, "Join Type": "Inner", "Startup Cost": 4302.66, "Total Cost": 155236.57, "Plan Rows": 14750623, "Plan Width": 0, "Actual Startup Time": 29.075, "Actual Total Time": 7549.511, "Actual Rows": 57640723, "Actual Loops": 1, "Inner Unique": false, "Merge Cond": "(p.id = c.postid)", "Plans": [{"Node Type": "Nested Loop", "Parent Relationship": "Outer", "Parallel Aware": false, "Join Type": "Inner", "Startup Cost": 4301.44, "Total Cost": 28859.9, "Plan Rows": 758801, "Plan Width": 8, "Actual Startup Time": 29.047, "Actual Total Time": 704.083, "Actual Rows": 2879116, "Actual Loops": 1, "Output": ["p.id", "v.postid"], "Inner Unique": false, "Join Filter": "(p.owneruserid = b.userid)", "Rows Removed by Join Filter": 0, "Plans": [{"Node Type": "Merge Join", "Parent Relationship": "Outer", "Parallel Aware": false, "Join Type": "Inner", "Startup Cost": 4301.14, "Total Cost": 19595.12, "Plan Rows": 21568, "Plan Width": 16, "Actual Startup Time": 29.031, "Actual Total Time": 181.034, "Actual Rows": 102458, "Actual Loops": 1, "Output": ["p.owneruserid", "p.id", "u.id", "v.postid"], "Inner Unique": false, "Merge Cond": "(v.postid = p.id)", "Plans": [{"Node Type": "Index Scan", "Parent Relationship": "Outer", "Parallel Aware": false, "Scan Direction": "Forward", "Index Name": "idx_votes_postid", "Relation Name": "votes", "Schema": "public", "Alias": "v", "Startup Cost": 0.42, "Total Cost": 14152.5, "Plan Rows": 327572, "Plan Width": 4, "Actual Startup Time": 0.022, "Actual Total Time": 119.273, "Actual Rows": 327609, "Actual Loops": 1, "Output": ["v.id", "v.postid", "v.votetypeid", "v.creationdate", "v.userid", "v.bountyamount"], "Filter": "(v.bountyamount <= 50)", "Rows Removed by Filter": 443}, {"Node Type": "Sort", "Parent Relationship": "Inner", "Parallel Aware": false, "Startup Cost": 4300.17, "Total Cost": 4315.31, "Plan Rows": 6056, "Plan Width": 12, "Actual Startup Time": 29.005, "Actual Total Time": 34.404, "Actual Rows": 102588, "Actual Loops": 1, "Output": ["p.owneruserid", "p.id", "u.id"], "Sort Key": ["p.id"], "Sort Method": "quicksort", "Sort Space Used": 986, "Sort Space Type": "Memory", "Plans": [{"Node Type": "Hash Join", "Parent Relationship": "Outer", "Parallel Aware": false, "Join Type": "Inner", "Startup Cost": 1204.31, "Total Cost": 3919.73, "Plan Rows": 6056, "Plan Width": 12, "Actual Startup Time": 12.444, "Actual Total Time": 27.216, "Actual Rows": 12841, "Actual Loops": 1, "Output": ["p.owneruserid", "p.id", "u.id"], "Inner Unique": true, "Hash Cond": "(p.owneruserid = u.id)", "Plans": [{"Node Type": "Seq Scan", "Parent Relationship": "Outer", "Parallel Aware": false, "Relation Name": "posts", "Schema": "public", "Alias": "p", "Startup Cost": 0.0, "Total Cost": 2699.52, "Plan Rows": 6056, "Plan Width": 8, "Actual Startup Time": 0.014, "Actual Total Time": 12.229, "Actual Rows": 13104, "Actual Loops": 1, "Output": ["p.id", "p.posttypeid", "p.creationdate", "p.score", "p.viewcount", "p.owneruserid", "p.answercount", "p.commentcount", "p.favoritecount", "p.lasteditoruserid"], "Filter": "((p.commentcount <= 12) AND (p.commentcount >= 0) AND (p.favoritecount >= 0) AND (p.posttypeid = 1))", "Rows Removed by Filter": 78872}, {"Node Type": "Hash", "Parent Relationship": "Inner", "Parallel Aware": false, "Startup Cost": 700.25, "Total Cost": 700.25, "Plan Rows": 40325, "Plan Width": 4, "Actual Startup Time": 12.116, "Actual Total Time": 12.117, "Actual Rows": 40325, "Actual Loops": 1, "Output": ["u.id"], "Hash Buckets": 65536, "Original Hash Buckets": 65536, "Hash Batches": 1, "Original Hash Batches": 1, "Peak Memory Usage": 1930, "Plans": [{"Node Type": "Seq Scan", "Parent Relationship": "Outer", "Parallel Aware": false, "Relation Name": "users", "Schema": "public", "Alias": "u", "Startup Cost": 0.0, "Total Cost": 700.25, "Plan Rows": 40325, "Plan Width": 4, "Actual Startup Time": 0.011, "Actual Total Time": 5.435, "Actual Rows": 40325, "Actual Loops": 1, "Output": ["u.id"]}]}]}]}]}, {"Node Type": "Index Only Scan", "Parent Relationship": "Inner", "Parallel Aware": false, "Scan Direction": "Forward", "Index Name": "idx_badges_userid", "Relation Name": "badges", "Schema": "public", "Alias": "b", "Startup Cost": 0.29, "Total Cost": 0.38, "Plan Rows": 4, "Plan Width": 4, "Actual Startup Time": 0.001, "Actual Total Time": 0.002, "Actual Rows": 28, "Actual Loops": 102458, "Output": ["b.userid"], "Index Cond": "(b.userid = u.id)", "Rows Removed by Index Recheck": 0, "Heap Fetches": 0}]}, {"Node Type": "Materialize", "Parent Relationship": "Inner", "Parallel Aware": false, "Startup Cost": 0.92, "Total Cost": 25584.46, "Plan Rows": 815636, "Plan Width": 8, "Actual Startup Time": 0.026, "Actual Total Time": 2098.473, "Actual Rows": 58166911, "Actual Loops": 1, "Output": ["c.postid", "ph.postid"], "Plans": [{"Node Type": "Merge Join", "Parent Relationship": "Outer", "Parallel Aware": false, "Join Type": "Inner", "Startup Cost": 0.92, "Total Cost": 23545.37, "Plan Rows": 815636, "Plan Width": 8, "Actual Startup Time": 0.025, "Actual Total Time": 180.735, "Actual Rows": 704057, "Actual Loops": 1, "Output": ["c.postid", "ph.postid"], "Inner Unique": false, "Merge Cond": "(c.postid = ph.postid)", "Plans": [{"Node Type": "Index Only Scan", "Parent Relationship": "Outer", "Parallel Aware": false, "Scan Direction": "Forward", "Index Name": "idx_comments_postid", "Relation Name": "comments", "Schema": "public", "Alias": "c", "Startup Cost": 0.42, "Total Cost": 4354.99, "Plan Rows": 174305, "Plan Width": 4, "Actual Startup Time": 0.012, "Actual Total Time": 12.771, "Actual Rows": 174291, "Actual Loops": 1, "Output": ["c.postid"], "Heap Fetches": 0}, {"Node Type": "Materialize", "Parent Relationship": "Inner", "Parallel Aware": false, "Startup Cost": 0.42, "Total Cost": 7278.19, "Plan Rows": 303187, "Plan Width": 4, "Actual Startup Time": 0.011, "Actual Total Time": 77.344, "Actual Rows": 813950, "Actual Loops": 1, "Output": ["ph.postid"], "Plans": [{"Node Type": "Index Only Scan", "Parent Relationship": "Outer", "Parallel Aware": false, "Scan Direction": "Forward", "Index Name": "idx_posthistory_postid", "Relation Name": "posthistory", "Schema": "public", "Alias": "ph", "Startup Cost": 0.42, "Total Cost": 6520.23, "Plan Rows": 303187, "Plan Width": 4, "Actual Startup Time": 0.01, "Actual Total Time": 23.094, "Actual Rows": 303163, "Actual Loops": 1, "Output": ["ph.postid"], "Heap Fetches": 0}]}]}]}]}]}, "Planning Time": 173.541, "Triggers": [], "Execution Time": 9474.567}]
q37#####[{"Plan": {"Node Type": "Aggregate", "Strategy": "Plain", "Partial Mode": "Simple", "Parallel Aware": false, "Startup Cost": 33998.23, "Total Cost": 33998.24, "Plan Rows": 1, "Plan Width": 8, "Actual Startup Time": 274.53, "Actual Total Time": 274.535, "Actual Rows": 1, "Actual Loops": 1, "Output": ["count(*)"], "Plans": [{"Node Type": "Hash Join", "Parent Relationship": "Outer", "Parallel Aware": false, "Join Type": "Inner", "Startup Cost": 19550.5, "Total Cost": 31406.23, "Plan Rows": 1036799, "Plan Width": 0, "Actual Startup Time": 189.22, "Actual Total Time": 267.519, "Actual Rows": 209182, "Actual Loops": 1, "Inner Unique": false, "Hash Cond": "(c.postid = p.id)", "Plans": [{"Node Type": "Hash Join", "Parent Relationship": "Outer", "Parallel Aware": false, "Join Type": "Inner", "Startup Cost": 1399.39, "Total Cost": 5212.9, "Plan Rows": 132602, "Plan Width": 4, "Actual Startup Time": 21.968, "Actual Total Time": 54.138, "Actual Rows": 56533, "Actual Loops": 1, "Output": ["c.postid"], "Inner Unique": true, "Hash Cond": "(c.userid = u.id)", "Plans": [{"Node Type": "Seq Scan", "Parent Relationship": "Outer", "Parallel Aware": false, "Relation Name": "comments", "Schema": "public", "Alias": "c", "Startup Cost": 0.0, "Total Cost": 3460.81, "Plan Rows": 134348, "Plan Width": 8, "Actual Startup Time": 0.02, "Actual Total Time": 16.136, "Actual Rows": 134887, "Actual Loops": 1, "Output": ["c.id", "c.postid", "c.score", "c.creationdate", "c.userid"], "Filter": "(c.score = 0)", "Rows Removed by Filter": 39418}, {"Node Type": "Hash", "Parent Relationship": "Inner", "Parallel Aware": false, "Startup Cost": 901.88, "Total Cost": 901.88, "Plan Rows": 39801, "Plan Width": 4, "Actual Startup Time": 21.612, "Actual Total Time": 21.613, "Actual Rows": 39808, "Actual Loops": 1, "Output": ["u.id"], "Hash Buckets": 65536, "Original Hash Buckets": 65536, "Hash Batches": 1, "Original Hash Batches": 1, "Peak Memory Usage": 1912, "Plans": [{"Node Type": "Seq Scan", "Parent Relationship": "Outer", "Parallel Aware": false, "Relation Name": "users", "Schema": "public", "Alias": "u", "Startup Cost": 0.0, "Total Cost": 901.88, "Plan Rows": 39801, "Plan Width": 4, "Actual Startup Time": 0.02, "Actual Total Time": 11.512, "Actual Rows": 39808, "Actual Loops": 1, "Output": ["u.id"], "Filter": "((u.views <= 74) AND (u.views >= 0))", "Rows Removed by Filter": 517}]}]}, {"Node Type": "Hash", "Parent Relationship": "Inner", "Parallel Aware": false, "Startup Cost": 12768.31, "Total Cost": 12768.31, "Plan Rows": 328064, "Plan Width": 8, "Actual Startup Time": 166.566, "Actual Total Time": 166.568, "Actual Rows": 328064, "Actual Loops": 1, "Output": ["p.id", "v.postid"], "Hash Buckets": 131072, "Original Hash Buckets": 131072, "Hash Batches": 8, "Original Hash Batches": 8, "Peak Memory Usage": 2636, "Plans": [{"Node Type": "Hash Join", "Parent Relationship": "Outer", "Parallel Aware": false, "Join Type": "Inner", "Startup Cost": 3289.46, "Total Cost": 12768.31, "Plan Rows": 328064, "Plan Width": 8, "Actual Startup Time": 23.079, "Actual Total Time": 128.195, "Actual Rows": 328064, "Actual Loops": 1, "Output": ["p.id", "v.postid"], "Inner Unique": true, "Hash Cond": "(v.postid = p.id)", "Plans": [{"Node Type": "Seq Scan", "Parent Relationship": "Outer", "Parallel Aware": false, "Relation Name": "votes", "Schema": "public", "Alias": "v", "Startup Cost": 0.0, "Total Cost": 5693.64, "Plan Rows": 328064, "Plan Width": 4, "Actual Startup Time": 0.018, "Actual Total Time": 28.35, "Actual Rows": 328064, "Actual Loops": 1, "Output": ["v.postid"]}, {"Node Type": "Hash", "Parent Relationship": "Inner", "Parallel Aware": false, "Startup Cost": 1779.76, "Total Cost": 1779.76, "Plan Rows": 91976, "Plan Width": 4, "Actual Startup Time": 22.367, "Actual Total Time": 22.367, "Actual Rows": 91976, "Actual Loops": 1, "Output": ["p.id"], "Hash Buckets": 131072, "Original Hash Buckets": 131072, "Hash Batches": 2, "Original Hash Batches": 2, "Peak Memory Usage": 2648, "Plans": [{"Node Type": "Seq Scan", "Parent Relationship": "Outer", "Parallel Aware": false, "Relation Name": "posts", "Schema": "public", "Alias": "p", "Startup Cost": 0.0, "Total Cost": 1779.76, "Plan Rows": 91976, "Plan Width": 4, "Actual Startup Time": 0.009, "Actual Total Time": 9.876, "Actual Rows": 91976, "Actual Loops": 1, "Output": ["p.id"]}]}]}]}]}]}, "Planning Time": 89.333, "Triggers": [], "Execution Time": 274.678}]
q23#####[{"Plan": {"Node Type": "Aggregate", "Strategy": "Plain", "Partial Mode": "Simple", "Parallel Aware": false, "Startup Cost": 1971553.82, "Total Cost": 1971553.83, "Plan Rows": 1, "Plan Width": 8, "Actual Startup Time": 5068.445, "Actual Total Time": 5068.45, "Actual Rows": 1, "Actual Loops": 1, "Output": ["count(*)"], "Plans": [{"Node Type": "Hash Join", "Parent Relationship": "Outer", "Parallel Aware": false, "Join Type": "Inner", "Startup Cost": 47871.31, "Total Cost": 52680.73, "Plan Rows": 767549237, "Plan Width": 0, "Actual Startup Time": 1675.943, "Actual Total Time": 4426.815, "Actual Rows": 19424781, "Actual Loops": 1, "Inner Unique": false, "Hash Cond": "(c.userid = b.userid)", "Plans": [{"Node Type": "Hash Join", "Parent Relationship": "Outer", "Parallel Aware": false, "Join Type": "Inner", "Startup Cost": 1767.78, "Total Cost": 5250.42, "Plan Rows": 1599, "Plan Width": 8, "Actual Startup Time": 16.116, "Actual Total Time": 48.597, "Actual Rows": 65943, "Actual Loops": 1, "Output": ["c.userid", "u.id"], "Inner Unique": true, "Hash Cond": "(c.userid = u.id)", "Plans": [{"Node Type": "Seq Scan", "Parent Relationship": "Outer", "Parallel Aware": false, "Relation Name": "comments", "Schema": "public", "Alias": "c", "Startup Cost": 0.0, "Total Cost": 3025.05, "Plan Rows": 174305, "Plan Width": 4, "Actual Startup Time": 0.009, "Actual Total Time": 8.527, "Actual Rows": 174305, "Actual Loops": 1, "Output": ["c.id", "c.postid", "c.score", "c.creationdate", "c.userid"]}, {"Node Type": "Hash", "Parent Relationship": "Inner", "Parallel Aware": false, "Startup Cost": 1305.12, "Total Cost": 1305.12, "Plan Rows": 37012, "Plan Width": 4, "Actual Startup Time": 15.832, "Actual Total Time": 15.833, "Actual Rows": 36998, "Actual Loops": 1, "Output": ["u.id"], "Hash Buckets": 65536, "Original Hash Buckets": 65536, "Hash Batches": 1, "Original Hash Batches": 1, "Peak Memory Usage": 1813, "Plans": [{"Node Type": "Seq Scan", "Parent Relationship": "Outer", "Parallel Aware": false, "Relation Name": "users", "Schema": "public", "Alias": "u", "Startup Cost": 0.0, "Total Cost": 1305.12, "Plan Rows": 37012, "Plan Width": 4, "Actual Startup Time": 0.052, "Actual Total Time": 10.065, "Actual Rows": 36998, "Actual Loops": 1, "Output": ["u.id"], "Filter": "((u.creationdate <= 1406803716) AND (u.creationdate >= 1280221830) AND (u.downvotes >= 0) AND (u.upvotes <= 62) AND (u.upvotes >= 0) AND (u.views >= 0))", "Rows Removed by Filter": 3327}]}]}, {"Node Type": "Hash", "Parent Relationship": "Inner", "Parallel Aware": false, "Startup Cost": 45558.98, "Total Cost": 45558.98, "Plan Rows": 43564, "Plan Width": 8, "Actual Startup Time": 1659.178, "Actual Total Time": 1659.18, "Actual Rows": 3455248, "Actual Loops": 1, "Output": ["b.userid", "ph.userid"], "Hash Buckets": 131072, "Original Hash Buckets": 65536, "Hash Batches": 8192, "Original Hash Batches": 1, "Peak Memory Usage": 20459, "Plans": [{"Node Type": "Nested Loop", "Parent Relationship": "Outer", "Parallel Aware": false, "Join Type": "Inner", "Startup Cost": 0.29, "Total Cost": 45558.98, "Plan Rows": 43564, "Plan Width": 8, "Actual Startup Time": 0.038, "Actual Total Time": 1230.161, "Actual Rows": 3455248, "Actual Loops": 1, "Output": ["b.userid", "ph.userid"], "Inner Unique": false, "Plans": [{"Node Type": "Seq Scan", "Parent Relationship": "Outer", "Parallel Aware": false, "Relation Name": "posthistory", "Schema": "public", "Alias": "ph", "Startup Cost": 0.0, "Total Cost": 6777.8, "Plan Rows": 88158, "Plan Width": 4, "Actual Startup Time": 0.019, "Actual Total Time": 36.955, "Actual Rows": 87423, "Actual Loops": 1, "Output": ["ph.id", "ph.posthistorytypeid", "ph.postid", "ph.creationdate", "ph.userid"], "Filter": "((ph.creationdate <= 1406872582) AND (ph.posthistorytypeid = 2))", "Rows Removed by Filter": 215764}, {"Node Type": "Index Scan", "Parent Relationship": "Inner", "Parallel Aware": false, "Scan Direction": "Forward", "Index Name": "idx_badges_userid", "Relation Name": "badges", "Schema": "public", "Alias": "b", "Startup Cost": 0.29, "Total Cost": 0.4, "Plan Rows": 4, "Plan Width": 4, "Actual Startup Time": 0.001, "Actual Total Time": 0.011, "Actual Rows": 40, "Actual Loops": 87423, "Output": ["b.id", "b.userid", "b.date"], "Index Cond": "(b.userid = ph.userid)", "Rows Removed by Index Recheck": 0, "Filter": "(b.date <= 1409671996)", "Rows Removed by Filter": 1}]}]}]}]}, "Planning Time": 105.895, "Triggers": [], "Execution Time": 5068.555}]
q27#####[{"Plan": {"Node Type": "Aggregate", "Strategy": "Plain", "Partial Mode": "Simple", "Parallel Aware": false, "Startup Cost": 232300.02, "Total Cost": 232300.03, "Plan Rows": 1, "Plan Width": 8, "Actual Startup Time": 95481.064, "Actual Total Time": 95481.066, "Actual Rows": 1, "Actual Loops": 1, "Output": ["count(*)"], "Plans": [{"Node Type": "Merge Join", "Parent Relationship": "Outer", "Parallel Aware": false, "Join Type": "Inner", "Startup Cost": 22931.66, "Total Cost": 100642.51, "Plan Rows": 52663004, "Plan Width": 0, "Actual Startup Time": 52.029, "Actual Total Time": 75228.923, "Actual Rows": 593169291, "Actual Loops": 1, "Inner Unique": false, "Merge Cond": "(b.userid = v.userid)", "Plans": [{"Node Type": "Nested Loop", "Parent Relationship": "Outer", "Parallel Aware": false, "Join Type": "Inner", "Startup Cost": 5734.77, "Total Cost": 18446.96, "Plan Rows": 220672, "Plan Width": 12, "Actual Startup Time": 25.842, "Actual Total Time": 608.894, "Actual Rows": 3271463, "Actual Loops": 1, "Output": ["b.userid", "c.userid", "u.id"], "Inner Unique": false, "Join Filter": "(c.userid = b.userid)", "Rows Removed by Join Filter": 0, "Plans": [{"Node Type": "Merge Join", "Parent Relationship": "Outer", "Parallel Aware": false, "Join Type": "Inner", "Startup Cost": 5734.48, "Total Cost": 7667.2, "Plan Rows": 25094, "Plan Width": 8, "Actual Startup Time": 25.813, "Actual Total Time": 40.829, "Actual Rows": 24049, "Actual Loops": 1, "Output": ["c.userid", "u.id"], "Inner Unique": false, "Merge Cond": "(u.id = c.userid)", "Plans": [{"Node Type": "Index Scan", "Parent Relationship": "Outer", "Parallel Aware": false, "Scan Direction": "Forward", "Index Name": "users_pkey", "Relation Name": "users", "Schema": "public", "Alias": "u", "Startup Cost": 0.29, "Total Cost": 1457.98, "Plan Rows": 40292, "Plan Width": 4, "Actual Startup Time": 0.091, "Actual Total Time": 6.563, "Actual Rows": 39883, "Actual Loops": 1, "Output": ["u.id", "u.reputation", "u.creationdate", "u.views", "u.upvotes", "u.downvotes"], "Filter": "(u.creationdate >= 1279560449)", "Rows Removed by Filter": 152}, {"Node Type": "Sort", "Parent Relationship": "Inner", "Parallel Aware": false, "Startup Cost": 5732.01, "Total Cost": 5794.8, "Plan Rows": 25115, "Plan Width": 4, "Actual Startup Time": 25.573, "Actual Total Time": 29.207, "Actual Rows": 24976, "Actual Loops": 1, "Output": ["c.userid"], "Sort Key": ["c.userid"], "Sort Method": "quicksort", "Sort Space Used": 1939, "Sort Space Type": "Memory", "Plans": [{"Node Type": "Seq Scan", "Parent Relationship": "Outer", "Parallel Aware": false, "Relation Name": "comments", "Schema": "public", "Alias": "c", "Startup Cost": 0.0, "Total Cost": 3896.57, "Plan Rows": 25115, "Plan Width": 4, "Actual Startup Time": 0.068, "Actual Total Time": 20.958, "Actual Rows": 24976, "Actual Loops": 1, "Output": ["c.userid"], "Filter": "((c.creationdate >= 1279639048) AND (c.score = 1))", "Rows Removed by Filter": 149329}]}]}, {"Node Type": "Index Only Scan", "Parent Relationship": "Inner", "Parallel Aware": false, "Scan Direction": "Forward", "Index Name": "idx_badges_userid", "Relation Name": "badges", "Schema": "public", "Alias": "b", "Startup Cost": 0.29, "Total Cost": 0.38, "Plan Rows": 4, "Plan Width": 4, "Actual Startup Time": 0.001, "Actual Total Time": 0.009, "Actual Rows": 136, "Actual Loops": 24049, "Output": ["b.userid"], "Index Cond": "(b.userid = u.id)", "Rows Removed by Index Recheck": 0, "Heap Fetches": 0}]}, {"Node Type": "Index Only Scan", "Parent Relationship": "Inner", "Parallel Aware": false, "Scan Direction": "Forward", "Index Name": "idx_votes_userid", "Relation Name": "votes", "Schema": "public", "Alias": "v", "Startup Cost": 0.3, "Total Cost": 6081.26, "Plan Rows": 328064, "Plan Width": 4, "Actual Startup Time": 0.007, "Actual Total Time": 34456.816, "Actual Rows": 593477236, "Actual Loops": 1, "Output": ["v.userid"], "Heap Fetches": 0}]}]}, "Planning Time": 97.605, "Triggers": [], "Execution Time": 95481.298}]
q33#####[{"Plan": {"Node Type": "Aggregate", "Strategy": "Plain", "Partial Mode": "Simple", "Parallel Aware": false, "Startup Cost": 25813.29, "Total Cost": 25813.3, "Plan Rows": 1, "Plan Width": 8, "Actual Startup Time": 173.78, "Actual Total Time": 173.786, "Actual Rows": 1, "Actual Loops": 1, "Output": ["count(*)"], "Plans": [{"Node Type": "Hash Join", "Parent Relationship": "Outer", "Parallel Aware": false, "Join Type": "Inner", "Startup Cost": 20328.63, "Total Cost": 25028.29, "Plan Rows": 314002, "Plan Width": 0, "Actual Startup Time": 124.912, "Actual Total Time": 167.827, "Actual Rows": 176213, "Actual Loops": 1, "Inner Unique": false, "Hash Cond": "(c.postid = p.id)", "Plans": [{"Node Type": "Seq Scan", "Parent Relationship": "Outer", "Parallel Aware": false, "Relation Name": "comments", "Schema": "public", "Alias": "c", "Startup Cost": 0.0, "Total Cost": 3460.81, "Plan Rows": 172611, "Plan Width": 4, "Actual Startup Time": 0.205, "Actual Total Time": 16.374, "Actual Rows": 173351, "Actual Loops": 1, "Output": ["c.id", "c.postid", "c.score", "c.creationdate", "c.userid"], "Filter": "(c.creationdate >= 1280764330)", "Rows Removed by Filter": 954}, {"Node Type": "Hash", "Parent Relationship": "Inner", "Parallel Aware": false, "Startup Cost": 19934.62, "Total Cost": 19934.62, "Plan Rows": 31521, "Plan Width": 12, "Actual Startup Time": 124.664, "Actual Total Time": 124.668, "Actual Rows": 45463, "Actual Loops": 1, "Output": ["pl.postid", "p.id", "v.postid"], "Hash Buckets": 65536, "Original Hash Buckets": 32768, "Hash Batches": 1, "Original Hash Batches": 1, "Peak Memory Usage": 2466, "Plans": [{"Node Type": "Hash Join", "Parent Relationship": "Outer", "Parallel Aware": false, "Join Type": "Inner", "Startup Cost": 5993.05, "Total Cost": 19934.62, "Plan Rows": 31521, "Plan Width": 12, "Actual Startup Time": 41.593, "Actual Total Time": 118.197, "Actual Rows": 45463, "Actual Loops": 1, "Output": ["pl.postid", "p.id", "v.postid"], "Inner Unique": false, "Hash Cond": "(v.postid = p.id)", "Plans": [{"Node Type": "Seq Scan", "Parent Relationship": "Outer", "Parallel Aware": false, "Relation Name": "votes", "Schema": "public", "Alias": "v", "Startup Cost": 0.0, "Total Cost": 7333.96, "Plan Rows": 261209, "Plan Width": 4, "Actual Startup Time": 0.027, "Actual Total Time": 36.589, "Actual Rows": 261980, "Actual Loops": 1, "Output": ["v.postid"], "Filter": "((v.creationdate <= 1410451200) AND (v.votetypeid = 2))", "Rows Removed by Filter": 66084}, {"Node Type": "Hash", "Parent Relationship": "Inner", "Parallel Aware": false, "Startup Cost": 4171.67, "Total Cost": 4171.67, "Plan Rows": 110990, "Plan Width": 8, "Actual Startup Time": 40.108, "Actual Total Time": 40.11, "Actual Rows": 11097, "Actual Loops": 1, "Output": ["pl.postid", "p.id"], "Hash Buckets": 131072, "Original Hash Buckets": 131072, "Hash Batches": 2, "Original Hash Batches": 2, "Peak Memory Usage": 1250, "Plans": [{"Node Type": "Merge Join", "Parent Relationship": "Outer", "Parallel Aware": false, "Join Type": "Inner", "Startup Cost": 0.7, "Total Cost": 4171.67, "Plan Rows": 110990, "Plan Width": 8, "Actual Startup Time": 0.082, "Actual Total Time": 36.517, "Actual Rows": 11097, "Actual Loops": 1, "Output": ["pl.postid", "p.id"], "Inner Unique": true, "Merge Cond": "(pl.postid = p.id)", "Plans": [{"Node Type": "Index Only Scan", "Parent Relationship": "Outer", "Parallel Aware": false, "Scan Direction": "Forward", "Index Name": "idx_postlinks_postid", "Relation Name": "postlinks", "Schema": "public", "Alias": "pl", "Startup Cost": 0.29, "Total Cost": 314.81, "Plan Rows": 11102, "Plan Width": 4, "Actual Startup Time": 0.029, "Actual Total Time": 1.396, "Actual Rows": 11102, "Actual Loops": 1, "Output": ["pl.postid"], "Heap Fetches": 0}, {"Node Type": "Index Scan", "Parent Relationship": "Inner", "Parallel Aware": false, "Scan Direction": "Forward", "Index Name": "posts_pkey", "Relation Name": "posts", "Schema": "public", "Alias": "p", "Startup Cost": 0.29, "Total Cost": 3488.87, "Plan Rows": 91955, "Plan Width": 4, "Actual Startup Time": 0.045, "Actual Total Time": 26.242, "Actual Rows": 91928, "Actual Loops": 1, "Output": ["p.id", "p.posttypeid", "p.creationdate", "p.score", "p.viewcount", "p.owneruserid", "p.answercount", "p.commentcount", "p.favoritecount", "p.lasteditoruserid"], "Filter": "(p.score >= '-3'::integer)", "Rows Removed by Filter": 30}]}]}]}]}]}]}, "Planning Time": 125.36, "Triggers": [], "Execution Time": 174.279}]
q126#####[{"Plan": {"Node Type": "Aggregate", "Strategy": "Plain", "Partial Mode": "Simple", "Parallel Aware": false, "Startup Cost": 1209324.9, "Total Cost": 1209324.91, "Plan Rows": 1, "Plan Width": 8, "Actual Startup Time": 5076.553, "Actual Total Time": 5076.556, "Actual Rows": 1, "Actual Loops": 1, "Output": ["count(*)"], "Plans": [{"Node Type": "Merge Join", "Parent Relationship": "Outer", "Parallel Aware": false, "Join Type": "Inner", "Startup Cost": 3.65, "Total Cost": 952234.96, "Plan Rows": 102835975, "Plan Width": 0, "Actual Startup Time": 0.128, "Actual Total Time": 4448.067, "Actual Rows": 18762969, "Actual Loops": 1, "Inner Unique": false, "Merge Cond": "(c.postid = p.id)", "Plans": [{"Node Type": "Index Only Scan", "Parent Relationship": "Outer", "Parallel Aware": false, "Scan Direction": "Forward", "Index Name": "idx_comments_postid", "Relation Name": "comments", "Schema": "public", "Alias": "c", "Startup Cost": 0.42, "Total Cost": 4354.99, "Plan Rows": 174305, "Plan Width": 4, "Actual Startup Time": 0.013, "Actual Total Time": 13.971, "Actual Rows": 174291, "Actual Loops": 1, "Output": ["c.postid"], "Heap Fetches": 0}, {"Node Type": "Materialize", "Parent Relationship": "Inner", "Parallel Aware": false, "Startup Cost": 3.2, "Total Cost": 495343.06, "Plan Rows": 17438070, "Plan Width": 12, "Actual Startup Time": 0.113, "Actual Total Time": 2798.041, "Actual Rows": 20197677, "Actual Loops": 1, "Output": ["p.id", "ph.postid", "v.postid"], "Plans": [{"Node Type": "Merge Join", "Parent Relationship": "Outer", "Parallel Aware": false, "Join Type": "Inner", "Startup Cost": 3.2, "Total Cost": 451747.89, "Plan Rows": 17438070, "Plan Width": 12, "Actual Startup Time": 0.112, "Actual Total Time": 1532.523, "Actual Rows": 5444892, "Actual Loops": 1, "Output": ["p.id", "ph.postid", "v.postid"], "Inner Unique": false, "Merge Cond": "(p.id = ph.postid)", "Plans": [{"Node Type": "Nested Loop", "Parent Relationship": "Outer", "Parallel Aware": false, "Join Type": "Inner", "Startup Cost": 0.88, "Total Cost": 38645.95, "Plan Rows": 1483127, "Plan Width": 4, "Actual Startup Time": 0.041, "Actual Total Time": 235.892, "Actual Rows": 210347, "Actual Loops": 1, "Output": ["p.id"], "Inner Unique": false, "Plans": [{"Node Type": "Nested Loop", "Parent Relationship": "Outer", "Parallel Aware": false, "Join Type": "Inner", "Startup Cost": 0.58, "Total Cost": 18830.04, "Plan Rows": 42252, "Plan Width": 12, "Actual Startup Time": 0.026, "Actual Total Time": 89.898, "Actual Rows": 37022, "Actual Loops": 1, "Output": ["p.owneruserid", "p.id", "u.id"], "Inner Unique": true, "Plans": [{"Node Type": "Index Scan", "Parent Relationship": "Outer", "Parallel Aware": false, "Scan Direction": "Forward", "Index Name": "posts_pkey", "Relation Name": "posts", "Schema": "public", "Alias": "p", "Startup Cost": 0.29, "Total Cost": 3718.81, "Plan Rows": 42766, "Plan Width": 8, "Actual Startup Time": 0.013, "Actual Total Time": 19.974, "Actual Rows": 42921, "Actual Loops": 1, "Output": ["p.id", "p.posttypeid", "p.creationdate", "p.score", "p.viewcount", "p.owneruserid", "p.answercount", "p.commentcount", "p.favoritecount", "p.lasteditoruserid"], "Filter": "((p.answercount >= 0) AND (p.commentcount >= 0))", "Rows Removed by Filter": 49055}, {"Node Type": "Index Scan", "Parent Relationship": "Inner", "Parallel Aware": false, "Scan Direction": "Forward", "Index Name": "users_pkey", "Relation Name": "users", "Schema": "public", "Alias": "u", "Startup Cost": 0.29, "Total Cost": 0.35, "Plan Rows": 1, "Plan Width": 4, "Actual Startup Time": 0.001, "Actual Total Time": 0.001, "Actual Rows": 1, "Actual Loops": 42921, "Output": ["u.id", "u.reputation", "u.creationdate", "u.views", "u.upvotes", "u.downvotes"], "Index Cond": "(u.id = p.owneruserid)", "Rows Removed by Index Recheck": 0, "Filter": "((u.downvotes >= 0) AND (u.reputation <= 642) AND (u.reputation >= 1))", "Rows Removed by Filter": 0}]}, {"Node Type": "Index Scan", "Parent Relationship": "Inner", "Parallel Aware": false, "Scan Direction": "Forward", "Index Name": "idx_badges_userid", "Relation Name": "badges", "Schema": "public", "Alias": "b", "Startup Cost": 0.29, "Total Cost": 0.43, "Plan Rows": 4, "Plan Width": 4, "Actual Startup Time": 0.001, "Actual Total Time": 0.003, "Actual Rows": 6, "Actual Loops": 37022, "Output": ["b.id", "b.userid", "b.date"], "Index Cond": "(b.userid = p.owneruserid)", "Rows Removed by Index Recheck": 0, "Filter": "(b.date <= 1410443162)", "Rows Removed by Filter": 0}]}, {"Node Type": "Materialize", "Parent Relationship": "Inner", "Parallel Aware": false, "Startup Cost": 1.47, "Total Cost": 41925.75, "Plan Rows": 1535103, "Plan Width": 8, "Actual Startup Time": 0.029, "Actual Total Time": 612.544, "Actual Rows": 6115736, "Actual Loops": 1, "Output": ["ph.postid", "v.postid"], "Plans": [{"Node Type": "Merge Join", "Parent Relationship": "Outer", "Parallel Aware": false, "Join Type": "Inner", "Startup Cost": 1.47, "Total Cost": 38088.0, "Plan Rows": 1535103, "Plan Width": 8, "Actual Startup Time": 0.029, "Actual Total Time": 283.097, "Actual Rows": 1331328, "Actual Loops": 1, "Output": ["ph.postid", "v.postid"], "Inner Unique": false, "Merge Cond": "(v.postid = ph.postid)", "Plans": [{"Node Type": "Index Only Scan", "Parent Relationship": "Outer", "Parallel Aware": false, "Scan Direction": "Forward", "Index Name": "idx_votes_postid", "Relation Name": "votes", "Schema": "public", "Alias": "v", "Startup Cost": 0.42, "Total Cost": 7721.38, "Plan Rows": 328064, "Plan Width": 4, "Actual Startup Time": 0.007, "Actual Total Time": 24.946, "Actual Rows": 328053, "Actual Loops": 1, "Output": ["v.postid"], "Heap Fetches": 0}, {"Node Type": "Materialize", "Parent Relationship": "Inner", "Parallel Aware": false, "Startup Cost": 0.42, "Total Cost": 7278.19, "Plan Rows": 303187, "Plan Width": 4, "Actual Startup Time": 0.021, "Actual Total Time": 98.906, "Actual Rows": 1374800, "Actual Loops": 1, "Output": ["ph.postid"], "Plans": [{"Node Type": "Index Only Scan", "Parent Relationship": "Outer", "Parallel Aware": false, "Scan Direction": "Forward", "Index Name": "idx_posthistory_postid", "Relation Name": "posthistory", "Schema": "public", "Alias": "ph", "Startup Cost": 0.42, "Total Cost": 6520.23, "Plan Rows": 303187, "Plan Width": 4, "Actual Startup Time": 0.02, "Actual Total Time": 25.383, "Actual Rows": 303161, "Actual Loops": 1, "Output": ["ph.postid"], "Heap Fetches": 0}]}]}]}]}]}]}]}, "Planning Time": 189.229, "Triggers": [], "Execution Time": 5076.827}]
q132#####[{"Plan": {"Node Type": "Aggregate", "Strategy": "Plain", "Partial Mode": "Simple", "Parallel Aware": false, "Startup Cost": 6509.47, "Total Cost": 6509.48, "Plan Rows": 1, "Plan Width": 8, "Actual Startup Time": 58.453, "Actual Total Time": 58.457, "Actual Rows": 1, "Actual Loops": 1, "Output": ["count(*)"], "Plans": [{"Node Type": "Nested Loop", "Parent Relationship": "Outer", "Parallel Aware": false, "Join Type": "Inner", "Startup Cost": 3075.75, "Total Cost": 6300.22, "Plan Rows": 83701, "Plan Width": 0, "Actual Startup Time": 18.567, "Actual Total Time": 54.409, "Actual Rows": 109961, "Actual Loops": 1, "Inner Unique": false, "Join Filter": "(p.owneruserid = b.userid)", "Rows Removed by Join Filter": 0, "Plans": [{"Node Type": "Nested Loop", "Parent Relationship": "Outer", "Parallel Aware": false, "Join Type": "Inner", "Startup Cost": 3075.46, "Total Cost": 5279.16, "Plan Rows": 2377, "Plan Width": 8, "Actual Startup Time": 18.548, "Actual Total Time": 34.994, "Actual Rows": 5706, "Actual Loops": 1, "Output": ["p.owneruserid", "u.id"], "Inner Unique": false, "Join Filter": "(c.postid = v.postid)", "Rows Removed by Join Filter": 0, "Plans": [{"Node Type": "Nested Loop", "Parent Relationship": "Outer", "Parallel Aware": false, "Join Type": "Inner", "Startup Cost": 3075.03, "Total Cost": 5004.31, "Plan Rows": 304, "Plan Width": 20, "Actual Startup Time": 18.532, "Actual Total Time": 32.712, "Actual Rows": 626, "Actual Loops": 1, "Output": ["c.postid", "pl.relatedpostid", "p.owneruserid", "p.id", "u.id"], "Inner Unique": true, "Plans": [{"Node Type": "Nested Loop", "Parent Relationship": "Outer", "Parallel Aware": false, "Join Type": "Inner", "Startup Cost": 3074.74, "Total Cost": 4867.05, "Plan Rows": 304, "Plan Width": 16, "Actual Startup Time": 18.516, "Actual Total Time": 31.282, "Actual Rows": 640, "Actual Loops": 1, "Output": ["c.postid", "pl.relatedpostid", "p.owneruserid", "p.id"], "Inner Unique": false, "Plans": [{"Node Type": "Hash Join", "Parent Relationship": "Outer", "Parallel Aware": false, "Join Type": "Inner", "Startup Cost": 3074.32, "Total Cost": 3296.49, "Plan Rows": 1399, "Plan Width": 12, "Actual Startup Time": 18.48, "Actual Total Time": 21.432, "Actual Rows": 3847, "Actual Loops": 1, "Output": ["pl.relatedpostid", "p.owneruserid", "p.id"], "Inner Unique": true, "Hash Cond": "(pl.relatedpostid = p.id)", "Plans": [{"Node Type": "Seq Scan", "Parent Relationship": "Outer", "Parallel Aware": false, "Relation Name": "postlinks", "Schema": "public", "Alias": "pl", "Startup Cost": 0.0, "Total Cost": 193.02, "Plan Rows": 11102, "Plan Width": 4, "Actual Startup Time": 0.009, "Actual Total Time": 0.62, "Actual Rows": 11102, "Actual Loops": 1, "Output": ["pl.id", "pl.creationdate", "pl.postid", "pl.relatedpostid", "pl.linktypeid"]}, {"Node Type": "Hash", "Parent Relationship": "Inner", "Parallel Aware": false, "Startup Cost": 2929.46, "Total Cost": 2929.46, "Plan Rows": 11589, "Plan Width": 8, "Actual Startup Time": 18.424, "Actual Total Time": 18.425, "Actual Rows": 11546, "Actual Loops": 1, "Output": ["p.owneruserid", "p.id"], "Hash Buckets": 16384, "Original Hash Buckets": 16384, "Hash Batches": 1, "Original Hash Batches": 1, "Peak Memory Usage": 580, "Plans": [{"Node Type": "Seq Scan", "Parent Relationship": "Outer", "Parallel Aware": false, "Relation Name": "posts", "Schema": "public", "Alias": "p", "Startup Cost": 0.0, "Total Cost": 2929.46, "Plan Rows": 11589, "Plan Width": 8, "Actual Startup Time": 0.102, "Actual Total Time": 16.58, "Actual Rows": 11546, "Actual Loops": 1, "Output": ["p.owneruserid", "p.id"], "Filter": "((p.commentcount <= 12) AND (p.creationdate >= 1280174302) AND (p.favoritecount <= 4) AND (p.favoritecount >= 0) AND (p.viewcount <= 7710))", "Rows Removed by Filter": 80430}]}]}, {"Node Type": "Index Scan", "Parent Relationship": "Inner", "Parallel Aware": false, "Scan Direction": "Forward", "Index Name": "idx_comments_postid", "Relation Name": "comments", "Schema": "public", "Alias": "c", "Startup Cost": 0.42, "Total Cost": 1.11, "Plan Rows": 1, "Plan Width": 4, "Actual Startup Time": 0.002, "Actual Total Time": 0.002, "Actual Rows": 0, "Actual Loops": 3847, "Output": ["c.id", "c.postid", "c.score", "c.creationdate", "c.userid"], "Index Cond": "(c.postid = p.id)", "Rows Removed by Index Recheck": 0, "Filter": "(c.score = 2)", "Rows Removed by Filter": 2}]}, {"Node Type": "Index Scan", "Parent Relationship": "Inner", "Parallel Aware": false, "Scan Direction": "Forward", "Index Name": "users_pkey", "Relation Name": "users", "Schema": "public", "Alias": "u", "Startup Cost": 0.29, "Total Cost": 0.45, "Plan Rows": 1, "Plan Width": 4, "Actual Startup Time": 0.002, "Actual Total Time": 0.002, "Actual Rows": 1, "Actual Loops": 640, "Output": ["u.id", "u.reputation", "u.creationdate", "u.views", "u.upvotes", "u.downvotes"], "Index Cond": "(u.id = p.owneruserid)", "Rows Removed by Index Recheck": 0, "Filter": "(u.upvotes >= 0)", "Rows Removed by Filter": 0}]}, {"Node Type": "Index Only Scan", "Parent Relationship": "Inner", "Parallel Aware": false, "Scan Direction": "Forward", "Index Name": "idx_votes_postid", "Relation Name": "votes", "Schema": "public", "Alias": "v", "Startup Cost": 0.42, "Total Cost": 0.8, "Plan Rows": 8, "Plan Width": 4, "Actual Startup Time": 0.002, "Actual Total Time": 0.003, "Actual Rows": 9, "Actual Loops": 626, "Output": ["v.postid"], "Index Cond": "(v.postid = p.id)", "Rows Removed by Index Recheck": 0, "Heap Fetches": 0}]}, {"Node Type": "Index Only Scan", "Parent Relationship": "Inner", "Parallel Aware": false, "Scan Direction": "Forward", "Index Name": "idx_badges_userid", "Relation Name": "badges", "Schema": "public", "Alias": "b", "Startup Cost": 0.29, "Total Cost": 0.38, "Plan Rows": 4, "Plan Width": 4, "Actual Startup Time": 0.001, "Actual Total Time": 0.002, "Actual Rows": 19, "Actual Loops": 5706, "Output": ["b.userid"], "Index Cond": "(b.userid = u.id)", "Rows Removed by Index Recheck": 0, "Heap Fetches": 0}]}]}, "Planning Time": 179.739, "Triggers": [], "Execution Time": 58.547}]
q133#####[{"Plan": {"Node Type": "Aggregate", "Strategy": "Plain", "Partial Mode": "Simple", "Parallel Aware": false, "Startup Cost": 67247.98, "Total Cost": 67247.99, "Plan Rows": 1, "Plan Width": 8, "Actual Startup Time": 64.227, "Actual Total Time": 64.231, "Actual Rows": 1, "Actual Loops": 1, "Output": ["count(*)"], "Plans": [{"Node Type": "Nested Loop", "Parent Relationship": "Outer", "Parallel Aware": false, "Join Type": "Inner", "Startup Cost": 3911.62, "Total Cost": 50769.83, "Plan Rows": 6591259, "Plan Width": 0, "Actual Startup Time": 43.942, "Actual Total Time": 63.728, "Actual Rows": 14413, "Actual Loops": 1, "Inner Unique": false, "Plans": [{"Node Type": "Hash Join", "Parent Relationship": "Outer", "Parallel Aware": false, "Join Type": "Inner", "Startup Cost": 3911.2, "Total Cost": 8613.76, "Plan Rows": 34715, "Plan Width": 12, "Actual Startup Time": 43.918, "Actual Total Time": 61.829, "Actual Rows": 269, "Actual Loops": 1, "Output": ["b.userid", "p.owneruserid", "u.id"], "Inner Unique": false, "Hash Cond": "(p.owneruserid = b.userid)", "Plans": [{"Node Type": "Merge Join", "Parent Relationship": "Outer", "Parallel Aware": false, "Join Type": "Inner", "Startup Cost": 26.77, "Total Cost": 3742.34, "Plan Rows": 1032, "Plan Width": 4, "Actual Startup Time": 1.197, "Actual Total Time": 20.637, "Actual Rows": 596, "Actual Loops": 1, "Output": ["p.owneruserid"], "Inner Unique": false, "Merge Cond": "(p.id = t.excerptpostid)", "Plans": [{"Node Type": "Index Scan", "Parent Relationship": "Outer", "Parallel Aware": false, "Scan Direction": "Forward", "Index Name": "posts_pkey", "Relation Name": "posts", "Schema": "public", "Alias": "p", "Startup Cost": 0.29, "Total Cost": 3488.87, "Plan Rows": 91976, "Plan Width": 8, "Actual Startup Time": 0.015, "Actual Total Time": 15.911, "Actual Rows": 90774, "Actual Loops": 1, "Output": ["p.id", "p.posttypeid", "p.creationdate", "p.score", "p.viewcount", "p.owneruserid", "p.answercount", "p.commentcount", "p.favoritecount", "p.lasteditoruserid"], "Filter": "(p.commentcount >= 0)", "Rows Removed by Filter": 0}, {"Node Type": "Index Only Scan", "Parent Relationship": "Inner", "Parallel Aware": false, "Scan Direction": "Forward", "Index Name": "idx_tags_excerptpostid", "Relation Name": "tags", "Schema": "public", "Alias": "t", "Startup Cost": 0.28, "Total Cost": 59.71, "Plan Rows": 1032, "Plan Width": 4, "Actual Startup Time": 0.01, "Actual Total Time": 1.145, "Actual Rows": 1032, "Actual Loops": 1, "Output": ["t.excerptpostid"], "Heap Fetches": 1032}]}, {"Node Type": "Hash", "Parent Relationship": "Inner", "Parallel Aware": false, "Startup Cost": 2930.07, "Total Cost": 2930.07, "Plan Rows": 76349, "Plan Width": 8, "Actual Startup Time": 40.575, "Actual Total Time": 40.577, "Actual Rows": 60582, "Actual Loops": 1, "Output": ["b.userid", "u.id"], "Hash Buckets": 131072, "Original Hash Buckets": 131072, "Hash Batches": 1, "Original Hash Batches": 1, "Peak Memory Usage": 3391, "Plans": [{"Node Type": "Hash Join", "Parent Relationship": "Outer", "Parallel Aware": false, "Join Type": "Inner", "Startup Cost": 1295.65, "Total Cost": 2930.07, "Plan Rows": 76349, "Plan Width": 8, "Actual Startup Time": 13.146, "Actual Total Time": 32.423, "Actual Rows": 60582, "Actual Loops": 1, "Output": ["b.userid", "u.id"], "Inner Unique": true, "Hash Cond": "(b.userid = u.id)", "Plans": [{"Node Type": "Seq Scan", "Parent Relationship": "Outer", "Parallel Aware": false, "Relation Name": "badges", "Schema": "public", "Alias": "b", "Startup Cost": 0.0, "Total Cost": 1430.14, "Plan Rows": 77812, "Plan Width": 4, "Actual Startup Time": 0.016, "Actual Total Time": 7.98, "Actual Rows": 77851, "Actual Loops": 1, "Output": ["b.id", "b.userid", "b.date"], "Filter": "(b.date <= 1408645315)", "Rows Removed by Filter": 2000}, {"Node Type": "Hash", "Parent Relationship": "Inner", "Parallel Aware": false, "Startup Cost": 801.06, "Total Cost": 801.06, "Plan Rows": 39567, "Plan Width": 4, "Actual Startup Time": 12.973, "Actual Total Time": 12.974, "Actual Rows": 39578, "Actual Loops": 1, "Output": ["u.id"], "Hash Buckets": 65536, "Original Hash Buckets": 65536, "Hash Batches": 1, "Original Hash Batches": 1, "Peak Memory Usage": 1904, "Plans": [{"Node Type": "Seq Scan", "Parent Relationship": "Outer", "Parallel Aware": false, "Relation Name": "users", "Schema": "public", "Alias": "u", "Startup Cost": 0.0, "Total Cost": 801.06, "Plan Rows": 39567, "Plan Width": 4, "Actual Startup Time": 0.009, "Actual Total Time": 6.939, "Actual Rows": 39578, "Actual Loops": 1, "Output": ["u.id"], "Filter": "(u.downvotes <= 0)", "Rows Removed by Filter": 747}]}]}]}]}, {"Node Type": "Index Only Scan", "Parent Relationship": "Inner", "Parallel Aware": false, "Scan Direction": "Forward", "Index Name": "idx_posthistory_userid", "Relation Name": "posthistory", "Schema": "public", "Alias": "ph", "Startup Cost": 0.42, "Total Cost": 0.93, "Plan Rows": 28, "Plan Width": 4, "Actual Startup Time": 0.001, "Actual Total Time": 0.004, "Actual Rows": 54, "Actual Loops": 269, "Output": ["ph.userid"], "Index Cond": "(ph.userid = b.userid)", "Rows Removed by Index Recheck": 0, "Heap Fetches": 0}]}]}, "Planning Time": 143.003, "Triggers": [], "Execution Time": 64.446}]
q127#####[{"Plan": {"Node Type": "Aggregate", "Strategy": "Plain", "Partial Mode": "Simple", "Parallel Aware": false, "Startup Cost": 289637.36, "Total Cost": 289637.37, "Plan Rows": 1, "Plan Width": 8, "Actual Startup Time": 5902.329, "Actual Total Time": 5902.331, "Actual Rows": 1, "Actual Loops": 1, "Output": ["count(*)"], "Plans": [{"Node Type": "Nested Loop", "Parent Relationship": "Outer", "Parallel Aware": false, "Join Type": "Inner", "Startup Cost": 1572.47, "Total Cost": 117978.03, "Plan Rows": 68663730, "Plan Width": 0, "Actual Startup Time": 22.862, "Actual Total Time": 5228.674, "Actual Rows": 18258741, "Actual Loops": 1, "Inner Unique": false, "Plans": [{"Node Type": "Hash Join", "Parent Relationship": "Outer", "Parallel Aware": false, "Join Type": "Inner", "Startup Cost": 1572.05, "Total Cost": 3820.72, "Plan Rows": 84613, "Plan Width": 8, "Actual Startup Time": 22.816, "Actual Total Time": 66.983, "Actual Rows": 71090, "Actual Loops": 1, "Output": ["p.owneruserid", "u.id"], "Inner Unique": true, "Hash Cond": "(p.owneruserid = u.id)", "Plans": [{"Node Type": "Seq Scan", "Parent Relationship": "Outer", "Parallel Aware": false, "Relation Name": "posts", "Schema": "public", "Alias": "p", "Startup Cost": 0.0, "Total Cost": 2009.7, "Plan Rows": 91026, "Plan Width": 4, "Actual Startup Time": 0.039, "Actual Total Time": 17.885, "Actual Rows": 90920, "Actual Loops": 1, "Output": ["p.id", "p.posttypeid", "p.creationdate", "p.score", "p.viewcount", "p.owneruserid", "p.answercount", "p.commentcount", "p.favoritecount", "p.lasteditoruserid"], "Filter": "(p.favoritecount <= 5)", "Rows Removed by Filter": 1056}, {"Node Type": "Hash", "Parent Relationship": "Inner", "Parallel Aware": false, "Startup Cost": 1103.5, "Total Cost": 1103.5, "Plan Rows": 37484, "Plan Width": 4, "Actual Startup Time": 22.343, "Actual Total Time": 22.344, "Actual Rows": 37426, "Actual Loops": 1, "Output": ["u.id"], "Hash Buckets": 65536, "Original Hash Buckets": 65536, "Hash Batches": 1, "Original Hash Batches": 1, "Peak Memory Usage": 1828, "Plans": [{"Node Type": "Seq Scan", "Parent Relationship": "Outer", "Parallel Aware": false, "Relation Name": "users", "Schema": "public", "Alias": "u", "Startup Cost": 0.0, "Total Cost": 1103.5, "Plan Rows": 37484, "Plan Width": 4, "Actual Startup Time": 0.35, "Actual Total Time": 13.15, "Actual Rows": 37426, "Actual Loops": 1, "Output": ["u.id"], "Filter": "((u.creationdate <= 1408338022) AND (u.creationdate >= 1290865609) AND (u.upvotes >= 0) AND (u.views >= 0))", "Rows Removed by Filter": 2899}]}]}, {"Node Type": "Index Scan", "Parent Relationship": "Inner", "Parallel Aware": false, "Scan Direction": "Forward", "Index Name": "idx_posthistory_userid", "Relation Name": "posthistory", "Schema": "public", "Alias": "ph", "Startup Cost": 0.42, "Total Cost": 1.1, "Plan Rows": 25, "Plan Width": 4, "Actual Startup Time": 0.003, "Actual Total Time": 0.059, "Actual Rows": 257, "Actual Loops": 71090, "Output": ["ph.id", "ph.posthistorytypeid", "ph.postid", "ph.creationdate", "ph.userid"], "Index Cond": "(ph.userid = p.owneruserid)", "Rows Removed by Index Recheck": 0, "Filter": "(ph.creationdate >= 1305888183)", "Rows Removed by Filter": 5}]}]}, "Planning Time": 80.384, "Triggers": [], "Execution Time": 5902.514}]
q32#####[{"Plan": {"Node Type": "Aggregate", "Strategy": "Plain", "Partial Mode": "Simple", "Parallel Aware": false, "Startup Cost": 2944.89, "Total Cost": 2944.9, "Plan Rows": 1, "Plan Width": 8, "Actual Startup Time": 31.747, "Actual Total Time": 31.751, "Actual Rows": 1, "Actual Loops": 1, "Output": ["count(*)"], "Plans": [{"Node Type": "Hash Join", "Parent Relationship": "Outer", "Parallel Aware": false, "Join Type": "Inner", "Startup Cost": 1305.12, "Total Cost": 2745.27, "Plan Rows": 79851, "Plan Width": 0, "Actual Startup Time": 10.449, "Actual Total Time": 28.867, "Actual Rows": 79851, "Actual Loops": 1, "Inner Unique": true, "Hash Cond": "(b.userid = u.id)", "Plans": [{"Node Type": "Seq Scan", "Parent Relationship": "Outer", "Parallel Aware": false, "Relation Name": "badges", "Schema": "public", "Alias": "b", "Startup Cost": 0.0, "Total Cost": 1230.51, "Plan Rows": 79851, "Plan Width": 4, "Actual Startup Time": 0.021, "Actual Total Time": 4.088, "Actual Rows": 79851, "Actual Loops": 1, "Output": ["b.id", "b.userid", "b.date"]}, {"Node Type": "Hash", "Parent Relationship": "Inner", "Parallel Aware": false, "Startup Cost": 801.06, "Total Cost": 801.06, "Plan Rows": 40325, "Plan Width": 4, "Actual Startup Time": 10.329, "Actual Total Time": 10.331, "Actual Rows": 40325, "Actual Loops": 1, "Output": ["u.id"], "Hash Buckets": 65536, "Original Hash Buckets": 65536, "Hash Batches": 1, "Original Hash Batches": 1, "Peak Memory Usage": 1930, "Plans": [{"Node Type": "Seq Scan", "Parent Relationship": "Outer", "Parallel Aware": false, "Relation Name": "users", "Schema": "public", "Alias": "u", "Startup Cost": 0.0, "Total Cost": 801.06, "Plan Rows": 40325, "Plan Width": 4, "Actual Startup Time": 0.01, "Actual Total Time": 5.366, "Actual Rows": 40325, "Actual Loops": 1, "Output": ["u.id"], "Filter": "(u.upvotes >= 0)", "Rows Removed by Filter": 0}]}]}]}, "Planning Time": 50.02, "Triggers": [], "Execution Time": 31.813}]
q26#####[{"Plan": {"Node Type": "Aggregate", "Strategy": "Plain", "Partial Mode": "Simple", "Parallel Aware": false, "Startup Cost": 215067.88, "Total Cost": 215067.89, "Plan Rows": 1, "Plan Width": 8, "Actual Startup Time": 45634.107, "Actual Total Time": 45634.118, "Actual Rows": 1, "Actual Loops": 1, "Output": ["count(*)"], "Plans": [{"Node Type": "Nested Loop", "Parent Relationship": "Outer", "Parallel Aware": false, "Join Type": "Inner", "Startup Cost": 12558.65, "Total Cost": 150564.98, "Plan Rows": 25801158, "Plan Width": 0, "Actual Startup Time": 179.593, "Actual Total Time": 35806.994, "Actual Rows": 299574955, "Actual Loops": 1, "Inner Unique": false, "Plans": [{"Node Type": "Hash Join", "Parent Relationship": "Outer", "Parallel Aware": false, "Join Type": "Inner", "Startup Cost": 12558.36, "Total Cost": 30953.61, "Plan Rows": 293402, "Plan Width": 8, "Actual Startup Time": 179.536, "Actual Total Time": 750.864, "Actual Rows": 3596066, "Actual Loops": 1, "Output": ["c.userid", "u.id"], "Inner Unique": false, "Hash Cond": "(v.postid = c.postid)", "Plans": [{"Node Type": "Seq Scan", "Parent Relationship": "Outer", "Parallel Aware": false, "Relation Name": "votes", "Schema": "public", "Alias": "v", "Startup Cost": 0.0, "Total Cost": 7333.96, "Plan Rows": 325091, "Plan Width": 4, "Actual Startup Time": 0.254, "Actual Total Time": 35.684, "Actual Rows": 327186, "Actual Loops": 1, "Output": ["v.id", "v.postid", "v.votetypeid", "v.creationdate", "v.userid", "v.bountyamount"], "Filter": "((v.creationdate <= 1410624000) AND (v.creationdate >= 1279641600))", "Rows Removed by Filter": 878}, {"Node Type": "Hash", "Parent Relationship": "Inner", "Parallel Aware": false, "Startup Cost": 12085.01, "Total Cost": 12085.01, "Plan Rows": 37868, "Plan Width": 24, "Actual Startup Time": 178.819, "Actual Total Time": 178.827, "Actual Rows": 118785, "Actual Loops": 1, "Output": ["c.userid", "c.postid", "ph.postid", "pl.relatedpostid", "p.id", "u.id"], "Hash Buckets": 65536, "Original Hash Buckets": 65536, "Hash Batches": 2, "Original Hash Batches": 1, "Peak Memory Usage": 3638, "Plans": [{"Node Type": "Hash Join", "Parent Relationship": "Outer", "Parallel Aware": false, "Join Type": "Inner", "Startup Cost": 7182.68, "Total Cost": 12085.01, "Plan Rows": 37868, "Plan Width": 24, "Actual Startup Time": 93.416, "Actual Total Time": 160.292, "Actual Rows": 118785, "Actual Loops": 1, "Output": ["c.userid", "c.postid", "ph.postid", "pl.relatedpostid", "p.id", "u.id"], "Inner Unique": false, "Hash Cond": "(c.postid = p.id)", "Plans": [{"Node Type": "Hash Join", "Parent Relationship": "Outer", "Parallel Aware": false, "Join Type": "Inner", "Startup Cost": 1204.31, "Total Cost": 5450.2, "Plan Rows": 133060, "Plan Width": 12, "Actual Startup Time": 18.767, "Actual Total Time": 60.689, "Actual Rows": 132451, "Actual Loops": 1, "Output": ["c.userid", "c.postid", "u.id"], "Inner Unique": true, "Hash Cond": "(c.userid = u.id)", "Plans": [{"Node Type": "Seq Scan", "Parent Relationship": "Outer", "Parallel Aware": false, "Relation Name": "comments", "Schema": "public", "Alias": "c", "Startup Cost": 0.0, "Total Cost": 3896.57, "Plan Rows": 133060, "Plan Width": 8, "Actual Startup Time": 0.084, "Actual Total Time": 18.545, "Actual Rows": 134602, "Actual Loops": 1, "Output": ["c.id", "c.postid", "c.score", "c.creationdate", "c.userid"], "Filter": "((c.creationdate >= 1280135388) AND (c.score = 0))", "Rows Removed by Filter": 39703}, {"Node Type": "Hash", "Parent Relationship": "Inner", "Parallel Aware": false, "Startup Cost": 700.25, "Total Cost": 700.25, "Plan Rows": 40325, "Plan Width": 4, "Actual Startup Time": 18.16, "Actual Total Time": 18.161, "Actual Rows": 40325, "Actual Loops": 1, "Output": ["u.id"], "Hash Buckets": 65536, "Original Hash Buckets": 65536, "Hash Batches": 1, "Original Hash Batches": 1, "Peak Memory Usage": 1930, "Plans": [{"Node Type": "Seq Scan", "Parent Relationship": "Outer", "Parallel Aware": false, "Relation Name": "users", "Schema": "public", "Alias": "u", "Startup Cost": 0.0, "Total Cost": 700.25, "Plan Rows": 40325, "Plan Width": 4, "Actual Startup Time": 0.013, "Actual Total Time": 7.943, "Actual Rows": 40325, "Actual Loops": 1, "Output": ["u.id"]}]}]}, {"Node Type": "Hash", "Parent Relationship": "Inner", "Parallel Aware": false, "Startup Cost": 5842.32, "Total Cost": 5842.32, "Plan Rows": 10884, "Plan Width": 12, "Actual Startup Time": 74.528, "Actual Total Time": 74.532, "Actual Rows": 68389, "Actual Loops": 1, "Output": ["ph.postid", "pl.relatedpostid", "p.id"], "Hash Buckets": 131072, "Original Hash Buckets": 16384, "Hash Batches": 1, "Original Hash Batches": 1, "Peak Memory Usage": 3963, "Plans": [{"Node Type": "Nested Loop", "Parent Relationship": "Outer", "Parallel Aware": false, "Join Type": "Inner", "Startup Cost": 2947.34, "Total Cost": 5842.32, "Plan Rows": 10884, "Plan Width": 12, "Actual Startup Time": 20.305, "Actual Total Time": 65.093, "Actual Rows": 68389, "Actual Loops": 1, "Output": ["ph.postid", "pl.relatedpostid", "p.id"], "Inner Unique": false, "Plans": [{"Node Type": "Hash Join", "Parent Relationship": "Outer", "Parallel Aware": false, "Join Type": "Inner", "Startup Cost": 2946.92, "Total Cost": 3223.9, "Plan Rows": 2332, "Plan Width": 8, "Actual Startup Time": 20.271, "Actual Total Time": 24.816, "Actual Rows": 10683, "Actual Loops": 1, "Output": ["pl.relatedpostid", "p.id"], "Inner Unique": true, "Hash Cond": "(pl.relatedpostid = p.id)", "Plans": [{"Node Type": "Seq Scan", "Parent Relationship": "Outer", "Parallel Aware": false, "Relation Name": "postlinks", "Schema": "public", "Alias": "pl", "Startup Cost": 0.0, "Total Cost": 248.53, "Plan Rows": 10837, "Plan Width": 4, "Actual Startup Time": 0.04, "Actual Total Time": 1.912, "Actual Rows": 10805, "Actual Loops": 1, "Output": ["pl.id", "pl.creationdate", "pl.postid", "pl.relatedpostid", "pl.linktypeid"], "Filter": "((pl.creationdate <= 1409822630) AND (pl.creationdate >= 1288144977))", "Rows Removed by Filter": 297}, {"Node Type": "Hash", "Parent Relationship": "Inner", "Parallel Aware": false, "Startup Cost": 2699.52, "Total Cost": 2699.52, "Plan Rows": 19792, "Plan Width": 4, "Actual Startup Time": 20.013, "Actual Total Time": 20.014, "Actual Rows": 42747, "Actual Loops": 1, "Output": ["p.id"], "Hash Buckets": 65536, "Original Hash Buckets": 32768, "Hash Batches": 1, "Original Hash Batches": 1, "Peak Memory Usage": 2015, "Plans": [{"Node Type": "Seq Scan", "Parent Relationship": "Outer", "Parallel Aware": false, "Relation Name": "posts", "Schema": "public", "Alias": "p", "Startup Cost": 0.0, "Total Cost": 2699.52, "Plan Rows": 19792, "Plan Width": 4, "Actual Startup Time": 0.011, "Actual Total Time": 13.964, "Actual Rows": 42747, "Actual Loops": 1, "Output": ["p.id"], "Filter": "((p.answercount >= 0) AND (p.commentcount <= 14) AND (p.commentcount >= 0) AND (p.posttypeid = 1))", "Rows Removed by Filter": 49229}]}]}, {"Node Type": "Index Scan", "Parent Relationship": "Inner", "Parallel Aware": false, "Scan Direction": "Forward", "Index Name": "idx_posthistory_postid", "Relation Name": "posthistory", "Schema": "public", "Alias": "ph", "Startup Cost": 0.42, "Total Cost": 1.07, "Plan Rows": 5, "Plan Width": 4, "Actual Startup Time": 0.002, "Actual Total Time": 0.003, "Actual Rows": 6, "Actual Loops": 10683, "Output": ["ph.id", "ph.posthistorytypeid", "ph.postid", "ph.creationdate", "ph.userid"], "Index Cond": "(ph.postid = p.id)", "Rows Removed by Index Recheck": 0, "Filter": "(ph.creationdate <= 1410437381)", "Rows Removed by Filter": 0}]}]}]}]}]}, {"Node Type": "Index Only Scan", "Parent Relationship": "Inner", "Parallel Aware": false, "Scan Direction": "Forward", "Index Name": "idx_badges_userid", "Relation Name": "badges", "Schema": "public", "Alias": "b", "Startup Cost": 0.29, "Total Cost": 0.37, "Plan Rows": 4, "Plan Width": 4, "Actual Startup Time": 0.001, "Actual Total Time": 0.005, "Actual Rows": 83, "Actual Loops": 3596066, "Output": ["b.userid"], "Index Cond": "(b.userid = c.userid)", "Rows Removed by Index Recheck": 0, "Heap Fetches": 0}]}]}, "Planning Time": 256.865, "Triggers": [], "Execution Time": 45634.453}]
q18#####[{"Plan": {"Node Type": "Aggregate", "Strategy": "Plain", "Partial Mode": "Simple", "Parallel Aware": false, "Startup Cost": 15322.78, "Total Cost": 15322.79, "Plan Rows": 1, "Plan Width": 8, "Actual Startup Time": 176.278, "Actual Total Time": 176.282, "Actual Rows": 1, "Actual Loops": 1, "Output": ["count(*)"], "Plans": [{"Node Type": "Hash Join", "Parent Relationship": "Outer", "Parallel Aware": false, "Join Type": "Inner", "Startup Cost": 5080.51, "Total Cost": 14626.21, "Plan Rows": 278628, "Plan Width": 0, "Actual Startup Time": 39.365, "Actual Total Time": 170.963, "Actual Rows": 155561, "Actual Loops": 1, "Inner Unique": true, "Hash Cond": "(p.owneruserid = u.id)", "Plans": [{"Node Type": "Hash Join", "Parent Relationship": "Outer", "Parallel Aware": false, "Join Type": "Inner", "Startup Cost": 3699.75, "Total Cost": 12475.52, "Plan Rows": 293275, "Plan Width": 4, "Actual Startup Time": 27.272, "Actual Total Time": 124.102, "Actual Rows": 293859, "Actual Loops": 1, "Output": ["p.owneruserid"], "Inner Unique": true, "Hash Cond": "(ph.postid = p.id)", "Plans": [{"Node Type": "Seq Scan", "Parent Relationship": "Outer", "Parallel Aware": false, "Relation Name": "posthistory", "Schema": "public", "Alias": "ph", "Startup Cost": 0.0, "Total Cost": 5261.87, "Plan Rows": 303187, "Plan Width": 4, "Actual Startup Time": 0.016, "Actual Total Time": 27.482, "Actual Rows": 303187, "Actual Loops": 1, "Output": ["ph.postid"]}, {"Node Type": "Hash", "Parent Relationship": "Inner", "Parallel Aware": false, "Startup Cost": 2239.64, "Total Cost": 2239.64, "Plan Rows": 88969, "Plan Width": 8, "Actual Startup Time": 26.019, "Actual Total Time": 26.02, "Actual Rows": 88880, "Actual Loops": 1, "Output": ["p.id", "p.owneruserid"], "Hash Buckets": 131072, "Original Hash Buckets": 131072, "Hash Batches": 2, "Original Hash Batches": 2, "Peak Memory Usage": 2759, "Plans": [{"Node Type": "Seq Scan", "Parent Relationship": "Outer", "Parallel Aware": false, "Relation Name": "posts", "Schema": "public", "Alias": "p", "Startup Cost": 0.0, "Total Cost": 2239.64, "Plan Rows": 88969, "Plan Width": 8, "Actual Startup Time": 0.159, "Actual Total Time": 13.603, "Actual Rows": 88880, "Actual Loops": 1, "Output": ["p.id", "p.owneruserid"], "Filter": "((p.creationdate <= 1409439492) AND (p.creationdate >= 1282043285))", "Rows Removed by Filter": 3096}]}]}, {"Node Type": "Hash", "Parent Relationship": "Inner", "Parallel Aware": false, "Startup Cost": 901.88, "Total Cost": 901.88, "Plan Rows": 38311, "Plan Width": 4, "Actual Startup Time": 11.929, "Actual Total Time": 11.93, "Actual Rows": 38341, "Actual Loops": 1, "Output": ["u.id"], "Hash Buckets": 65536, "Original Hash Buckets": 65536, "Hash Batches": 1, "Original Hash Batches": 1, "Peak Memory Usage": 1860, "Plans": [{"Node Type": "Seq Scan", "Parent Relationship": "Outer", "Parallel Aware": false, "Relation Name": "users", "Schema": "public", "Alias": "u", "Startup Cost": 0.0, "Total Cost": 901.88, "Plan Rows": 38311, "Plan Width": 4, "Actual Startup Time": 0.014, "Actual Total Time": 6.442, "Actual Rows": 38341, "Actual Loops": 1, "Output": ["u.id"], "Filter": "((u.upvotes <= 9) AND (u.upvotes >= 0))", "Rows Removed by Filter": 1984}]}]}]}, "Planning Time": 74.464, "Triggers": [], "Execution Time": 176.358}]
q30#####[{"Plan": {"Node Type": "Aggregate", "Strategy": "Plain", "Partial Mode": "Simple", "Parallel Aware": false, "Startup Cost": 24661.14, "Total Cost": 24661.15, "Plan Rows": 1, "Plan Width": 8, "Actual Startup Time": 539.439, "Actual Total Time": 539.446, "Actual Rows": 1, "Actual Loops": 1, "Output": ["count(*)"], "Plans": [{"Node Type": "Nested Loop", "Parent Relationship": "Outer", "Parallel Aware": false, "Join Type": "Inner", "Startup Cost": 14096.21, "Total Cost": 20490.2, "Plan Rows": 1668378, "Plan Width": 0, "Actual Startup Time": 85.132, "Actual Total Time": 485.285, "Actual Rows": 1571167, "Actual Loops": 1, "Inner Unique": false, "Plans": [{"Node Type": "Hash Join", "Parent Relationship": "Outer", "Parallel Aware": false, "Join Type": "Inner", "Startup Cost": 14095.78, "Total Cost": 19085.15, "Plan Rows": 2133, "Plan Width": 16, "Actual Startup Time": 85.116, "Actual Total Time": 139.389, "Actual Rows": 195643, "Actual Loops": 1, "Output": ["c.postid", "ph.postid", "pl.postid", "p.id"], "Inner Unique": false, "Hash Cond": "(c.postid = p.id)", "Plans": [{"Node Type": "Seq Scan", "Parent Relationship": "Outer", "Parallel Aware": false, "Relation Name": "comments", "Schema": "public", "Alias": "c", "Startup Cost": 0.0, "Total Cost": 3460.81, "Plan Rows": 172633, "Plan Width": 4, "Actual Startup Time": 0.058, "Actual Total Time": 16.051, "Actual Rows": 173805, "Actual Loops": 1, "Output": ["c.id", "c.postid", "c.score", "c.creationdate", "c.userid"], "Filter": "(c.creationdate >= 1280144223)", "Rows Removed by Filter": 500}, {"Node Type": "Hash", "Parent Relationship": "Inner", "Parallel Aware": false, "Startup Cost": 13508.93, "Total Cost": 13508.93, "Plan Rows": 46948, "Plan Width": 12, "Actual Startup Time": 84.842, "Actual Total Time": 84.847, "Actual Rows": 58006, "Actual Loops": 1, "Output": ["ph.postid", "pl.postid", "p.id"], "Hash Buckets": 65536, "Original Hash Buckets": 65536, "Hash Batches": 1, "Original Hash Batches": 1, "Peak Memory Usage": 3005, "Plans": [{"Node Type": "Nested Loop", "Parent Relationship": "Outer", "Parallel Aware": false, "Join Type": "Inner", "Startup Cost": 1759.46, "Total Cost": 13508.93, "Plan Rows": 46948, "Plan Width": 12, "Actual Startup Time": 17.894, "Actual Total Time": 77.333, "Actual Rows": 58006, "Actual Loops": 1, "Output": ["ph.postid", "pl.postid", "p.id"], "Inner Unique": false, "Plans": [{"Node Type": "Hash Join", "Parent Relationship": "Outer", "Parallel Aware": false, "Join Type": "Inner", "Startup Cost": 1759.04, "Total Cost": 6288.17, "Plan Rows": 10423, "Plan Width": 8, "Actual Startup Time": 17.839, "Actual Total Time": 43.734, "Actual Rows": 10362, "Actual Loops": 1, "Output": ["pl.postid", "p.id"], "Inner Unique": true, "Hash Cond": "(p.owneruserid = u.id)", "Plans": [{"Node Type": "Hash Join", "Parent Relationship": "Outer", "Parallel Aware": false, "Join Type": "Inner", "Startup Cost": 353.1, "Total Cost": 4854.87, "Plan Rows": 10423, "Plan Width": 12, "Actual Startup Time": 4.071, "Actual Total Time": 27.311, "Actual Rows": 10502, "Actual Loops": 1, "Output": ["pl.postid", "p.id", "p.owneruserid"], "Inner Unique": false, "Hash Cond": "(p.id = pl.postid)", "Plans": [{"Node Type": "Seq Scan", "Parent Relationship": "Outer", "Parallel Aware": false, "Relation Name": "posts", "Schema": "public", "Alias": "p", "Startup Cost": 0.0, "Total Cost": 2699.52, "Plan Rows": 90561, "Plan Width": 8, "Actual Startup Time": 0.067, "Actual Total Time": 13.534, "Actual Rows": 91083, "Actual Loops": 1, "Output": ["p.id", "p.posttypeid", "p.creationdate", "p.score", "p.viewcount", "p.owneruserid", "p.answercount", "p.commentcount", "p.favoritecount", "p.lasteditoruserid"], "Filter": "((p.commentcount <= 18) AND (p.creationdate <= 1410367990) AND (p.creationdate >= 1279691408) AND (p.score >= '-2'::integer))", "Rows Removed by Filter": 893}, {"Node Type": "Hash", "Parent Relationship": "Inner", "Parallel Aware": false, "Startup Cost": 220.78, "Total Cost": 220.78, "Plan Rows": 10586, "Plan Width": 4, "Actual Startup Time": 3.917, "Actual Total Time": 3.918, "Actual Rows": 10593, "Actual Loops": 1, "Output": ["pl.postid"], "Hash Buckets": 16384, "Original Hash Buckets": 16384, "Hash Batches": 1, "Original Hash Batches": 1, "Peak Memory Usage": 501, "Plans": [{"Node Type": "Seq Scan", "Parent Relationship": "Outer", "Parallel Aware": false, "Relation Name": "postlinks", "Schema": "public", "Alias": "pl", "Startup Cost": 0.0, "Total Cost": 220.78, "Plan Rows": 10586, "Plan Width": 4, "Actual Startup Time": 0.017, "Actual Total Time": 2.053, "Actual Rows": 10593, "Actual Loops": 1, "Output": ["pl.postid"], "Filter": "(pl.creationdate <= 1407234471)", "Rows Removed by Filter": 509}]}]}, {"Node Type": "Hash", "Parent Relationship": "Inner", "Parallel Aware": false, "Startup Cost": 901.88, "Total Cost": 901.88, "Plan Rows": 40325, "Plan Width": 4, "Actual Startup Time": 13.367, "Actual Total Time": 13.368, "Actual Rows": 40325, "Actual Loops": 1, "Output": ["u.id"], "Hash Buckets": 65536, "Original Hash Buckets": 65536, "Hash Batches": 1, "Original Hash Batches": 1, "Peak Memory Usage": 1930, "Plans": [{"Node Type": "Seq Scan", "Parent Relationship": "Outer", "Parallel Aware": false, "Relation Name": "users", "Schema": "public", "Alias": "u", "Startup Cost": 0.0, "Total Cost": 901.88, "Plan Rows": 40325, "Plan Width": 4, "Actual Startup Time": 0.013, "Actual Total Time": 7.182, "Actual Rows": 40325, "Actual Loops": 1, "Output": ["u.id"], "Filter": "((u.downvotes >= 0) AND (u.upvotes >= 0))", "Rows Removed by Filter": 0}]}]}, {"Node Type": "Index Scan", "Parent Relationship": "Inner", "Parallel Aware": false, "Scan Direction": "Forward", "Index Name": "idx_posthistory_postid", "Relation Name": "posthistory", "Schema": "public", "Alias": "ph", "Startup Cost": 0.42, "Total Cost": 0.64, "Plan Rows": 5, "Plan Width": 4, "Actual Startup Time": 0.001, "Actual Total Time": 0.003, "Actual Rows": 6, "Actual Loops": 10362, "Output": ["ph.id", "ph.posthistorytypeid", "ph.postid", "ph.creationdate", "ph.userid"], "Index Cond": "(ph.postid = p.id)", "Rows Removed by Index Recheck": 0, "Filter": "(ph.creationdate >= 1290800325)", "Rows Removed by Filter": 0}]}]}]}, {"Node Type": "Index Only Scan", "Parent Relationship": "Inner", "Parallel Aware": false, "Scan Direction": "Forward", "Index Name": "idx_votes_postid", "Relation Name": "votes", "Schema": "public", "Alias": "v", "Startup Cost": 0.42, "Total Cost": 0.58, "Plan Rows": 8, "Plan Width": 4, "Actual Startup Time": 0.001, "Actual Total Time": 0.001, "Actual Rows": 8, "Actual Loops": 195643, "Output": ["v.postid"], "Index Cond": "(v.postid = c.postid)", "Rows Removed by Index Recheck": 0, "Heap Fetches": 0}]}]}, "Planning Time": 173.926, "Triggers": [], "Execution Time": 539.587}]
q24#####[{"Plan": {"Node Type": "Aggregate", "Strategy": "Plain", "Partial Mode": "Simple", "Parallel Aware": false, "Startup Cost": 3782.65, "Total Cost": 3782.66, "Plan Rows": 1, "Plan Width": 8, "Actual Startup Time": 18.736, "Actual Total Time": 18.738, "Actual Rows": 1, "Actual Loops": 1, "Output": ["count(*)"], "Plans": [{"Node Type": "Nested Loop", "Parent Relationship": "Outer", "Parallel Aware": false, "Join Type": "Inner", "Startup Cost": 3180.64, "Total Cost": 3767.33, "Plan Rows": 6126, "Plan Width": 0, "Actual Startup Time": 13.618, "Actual Total Time": 18.658, "Actual Rows": 1717, "Actual Loops": 1, "Inner Unique": false, "Join Filter": "(p.owneruserid = b.userid)", "Rows Removed by Join Filter": 0, "Plans": [{"Node Type": "Nested Loop", "Parent Relationship": "Outer", "Parallel Aware": false, "Join Type": "Inner", "Startup Cost": 3180.35, "Total Cost": 3681.8, "Plan Rows": 175, "Plan Width": 8, "Actual Startup Time": 13.591, "Actual Total Time": 16.773, "Actual Rows": 332, "Actual Loops": 1, "Output": ["p.owneruserid", "u.id"], "Inner Unique": true, "Plans": [{"Node Type": "Hash Join", "Parent Relationship": "Outer", "Parallel Aware": false, "Join Type": "Inner", "Startup Cost": 3180.06, "Total Cost": 3429.04, "Plan Rows": 193, "Plan Width": 4, "Actual Startup Time": 13.535, "Actual Total Time": 15.564, "Actual Rows": 561, "Actual Loops": 1, "Output": ["p.owneruserid"], "Inner Unique": true, "Hash Cond": "(pl.relatedpostid = p.id)", "Plans": [{"Node Type": "Seq Scan", "Parent Relationship": "Outer", "Parallel Aware": false, "Relation Name": "postlinks", "Schema": "public", "Alias": "pl", "Startup Cost": 0.0, "Total Cost": 220.78, "Plan Rows": 10745, "Plan Width": 4, "Actual Startup Time": 0.01, "Actual Total Time": 1.133, "Actual Rows": 10739, "Actual Loops": 1, "Output": ["pl.id", "pl.creationdate", "pl.postid", "pl.relatedpostid", "pl.linktypeid"], "Filter": "(pl.creationdate <= 1408209830)", "Rows Removed by Filter": 363}, {"Node Type": "Hash", "Parent Relationship": "Inner", "Parallel Aware": false, "Startup Cost": 3159.4, "Total Cost": 3159.4, "Plan Rows": 1653, "Plan Width": 8, "Actual Startup Time": 13.496, "Actual Total Time": 13.497, "Actual Rows": 1658, "Actual Loops": 1, "Output": ["p.owneruserid", "p.id"], "Hash Buckets": 2048, "Original Hash Buckets": 2048, "Hash Batches": 1, "Original Hash Batches": 1, "Peak Memory Usage": 81, "Plans": [{"Node Type": "Seq Scan", "Parent Relationship": "Outer", "Parallel Aware": false, "Relation Name": "posts", "Schema": "public", "Alias": "p", "Startup Cost": 0.0, "Total Cost": 3159.4, "Plan Rows": 1653, "Plan Width": 8, "Actual Startup Time": 0.013, "Actual Total Time": 13.274, "Actual Rows": 1658, "Actual Loops": 1, "Output": ["p.owneruserid", "p.id"], "Filter": "((p.answercount <= 5) AND (p.favoritecount <= 6) AND (p.favoritecount >= 0) AND (p.score <= 10) AND (p.score >= '-1'::integer) AND (p.commentcount = 2))", "Rows Removed by Filter": 90318}]}]}, {"Node Type": "Index Scan", "Parent Relationship": "Inner", "Parallel Aware": false, "Scan Direction": "Forward", "Index Name": "users_pkey", "Relation Name": "users", "Schema": "public", "Alias": "u", "Startup Cost": 0.29, "Total Cost": 1.31, "Plan Rows": 1, "Plan Width": 4, "Actual Startup Time": 0.002, "Actual Total Time": 0.002, "Actual Rows": 1, "Actual Loops": 561, "Output": ["u.id", "u.reputation", "u.creationdate", "u.views", "u.upvotes", "u.downvotes"], "Index Cond": "(u.id = p.owneruserid)", "Rows Removed by Index Recheck": 0, "Filter": "((u.creationdate <= 1407280992) AND (u.creationdate >= 1282210296) AND (u.downvotes >= 0) AND (u.views <= 33))", "Rows Removed by Filter": 0}]}, {"Node Type": "Index Scan", "Parent Relationship": "Inner", "Parallel Aware": false, "Scan Direction": "Forward", "Index Name": "idx_badges_userid", "Relation Name": "badges", "Schema": "public", "Alias": "b", "Startup Cost": 0.29, "Total Cost": 0.44, "Plan Rows": 4, "Plan Width": 4, "Actual Startup Time": 0.003, "Actual Total Time": 0.005, "Actual Rows": 5, "Actual Loops": 332, "Output": ["b.id", "b.userid", "b.date"], "Index Cond": "(b.userid = u.id)", "Rows Removed by Index Recheck": 0, "Filter": "(b.date <= 1410360606)", "Rows Removed by Filter": 0}]}]}, "Planning Time": 86.322, "Triggers": [], "Execution Time": 18.839}]
q119#####[{"Plan": {"Node Type": "Aggregate", "Strategy": "Plain", "Partial Mode": "Simple", "Parallel Aware": false, "Startup Cost": 825080.79, "Total Cost": 825080.8, "Plan Rows": 1, "Plan Width": 8, "Actual Startup Time": 1296104.805, "Actual Total Time": 1296104.81, "Actual Rows": 1, "Actual Loops": 1, "Output": ["count(*)"], "Plans": [{"Node Type": "Hash Join", "Parent Relationship": "Outer", "Parallel Aware": false, "Join Type": "Inner", "Startup Cost": 23386.7, "Total Cost": 31677.63, "Plan Rows": 317361262, "Plan Width": 0, "Actual Startup Time": 813.299, "Actual Total Time": 881473.767, "Actual Rows": 11206879551, "Actual Loops": 1, "Inner Unique": false, "Hash Cond": "(ph.userid = b.userid)", "Plans": [{"Node Type": "Hash Join", "Parent Relationship": "Outer", "Parallel Aware": false, "Join Type": "Inner", "Startup Cost": 1204.31, "Total Cost": 8771.82, "Plan Rows": 3008, "Plan Width": 8, "Actual Startup Time": 18.813, "Actual Total Time": 110.13, "Actual Rows": 279018, "Actual Loops": 1, "Output": ["ph.userid", "u.id"], "Inner Unique": true, "Hash Cond": "(ph.userid = u.id)", "Plans": [{"Node Type": "Seq Scan", "Parent Relationship": "Outer", "Parallel Aware": false, "Relation Name": "posthistory", "Schema": "public", "Alias": "ph", "Startup Cost": 0.0, "Total Cost": 6777.8, "Plan Rows": 300810, "Plan Width": 4, "Actual Startup Time": 0.685, "Actual Total Time": 38.187, "Actual Rows": 300197, "Actual Loops": 1, "Output": ["ph.id", "ph.posthistorytypeid", "ph.postid", "ph.creationdate", "ph.userid"], "Filter": "((ph.creationdate <= 1410308563) AND (ph.creationdate >= 1280225299))", "Rows Removed by Filter": 2990}, {"Node Type": "Hash", "Parent Relationship": "Inner", "Parallel Aware": false, "Startup Cost": 700.25, "Total Cost": 700.25, "Plan Rows": 40325, "Plan Width": 4, "Actual Startup Time": 17.924, "Actual Total Time": 17.925, "Actual Rows": 40325, "Actual Loops": 1, "Output": ["u.id"], "Hash Buckets": 65536, "Original Hash Buckets": 65536, "Hash Batches": 1, "Original Hash Batches": 1, "Peak Memory Usage": 1930, "Plans": [{"Node Type": "Seq Scan", "Parent Relationship": "Outer", "Parallel Aware": false, "Relation Name": "users", "Schema": "public", "Alias": "u", "Startup Cost": 0.0, "Total Cost": 700.25, "Plan Rows": 40325, "Plan Width": 4, "Actual Startup Time": 0.012, "Actual Total Time": 8.028, "Actual Rows": 40325, "Actual Loops": 1, "Output": ["u.id"]}]}]}, {"Node Type": "Hash", "Parent Relationship": "Inner", "Parallel Aware": false, "Startup Cost": 21971.82, "Total Cost": 21971.82, "Plan Rows": 16846, "Plan Width": 8, "Actual Startup Time": 794.011, "Actual Total Time": 794.012, "Actual Rows": 3115494, "Actual Loops": 1, "Output": ["b.userid", "p.owneruserid"], "Hash Buckets": 131072, "Original Hash Buckets": 32768, "Hash Batches": 4096, "Original Hash Batches": 1, "Peak Memory Usage": 20074, "Plans": [{"Node Type": "Nested Loop", "Parent Relationship": "Outer", "Parallel Aware": false, "Join Type": "Inner", "Startup Cost": 0.29, "Total Cost": 21971.82, "Plan Rows": 16846, "Plan Width": 8, "Actual Startup Time": 0.037, "Actual Total Time": 438.378, "Actual Rows": 3115494, "Actual Loops": 1, "Output": ["b.userid", "p.owneruserid"], "Inner Unique": false, "Plans": [{"Node Type": "Seq Scan", "Parent Relationship": "Outer", "Parallel Aware": false, "Relation Name": "posts", "Schema": "public", "Alias": "p", "Startup Cost": 0.0, "Total Cost": 2009.7, "Plan Rows": 47886, "Plan Width": 4, "Actual Startup Time": 0.014, "Actual Total Time": 9.983, "Actual Rows": 47755, "Actual Loops": 1, "Output": ["p.id", "p.posttypeid", "p.creationdate", "p.score", "p.viewcount", "p.owneruserid", "p.answercount", "p.commentcount", "p.favoritecount", "p.lasteditoruserid"], "Filter": "(p.posttypeid = 2)", "Rows Removed by Filter": 44221}, {"Node Type": "Index Only Scan", "Parent Relationship": "Inner", "Parallel Aware": false, "Scan Direction": "Forward", "Index Name": "idx_badges_userid", "Relation Name": "badges", "Schema": "public", "Alias": "b", "Startup Cost": 0.29, "Total Cost": 0.38, "Plan Rows": 4, "Plan Width": 4, "Actual Startup Time": 0.001, "Actual Total Time": 0.005, "Actual Rows": 65, "Actual Loops": 47755, "Output": ["b.userid"], "Index Cond": "(b.userid = p.owneruserid)", "Rows Removed by Index Recheck": 0, "Heap Fetches": 0}]}]}]}]}, "Planning Time": 82.702, "Triggers": [], "Execution Time": 1296104.952}]
q131#####[{"Plan": {"Node Type": "Aggregate", "Strategy": "Plain", "Partial Mode": "Simple", "Parallel Aware": false, "Startup Cost": 18702.4, "Total Cost": 18702.41, "Plan Rows": 1, "Plan Width": 8, "Actual Startup Time": 125.688, "Actual Total Time": 125.691, "Actual Rows": 1, "Actual Loops": 1, "Output": ["count(*)"], "Plans": [{"Node Type": "Nested Loop", "Parent Relationship": "Outer", "Parallel Aware": false, "Join Type": "Inner", "Startup Cost": 5558.72, "Total Cost": 17149.65, "Plan Rows": 621102, "Plan Width": 0, "Actual Startup Time": 45.998, "Actual Total Time": 115.384, "Actual Rows": 296172, "Actual Loops": 1, "Inner Unique": false, "Plans": [{"Node Type": "Nested Loop", "Parent Relationship": "Outer", "Parallel Aware": false, "Join Type": "Inner", "Startup Cost": 5558.43, "Total Cost": 9742.96, "Plan Rows": 17654, "Plan Width": 8, "Actual Startup Time": 45.971, "Actual Total Time": 68.118, "Actual Rows": 14135, "Actual Loops": 1, "Output": ["p.owneruserid", "u.id"], "Inner Unique": false, "Plans": [{"Node Type": "Hash Join", "Parent Relationship": "Outer", "Parallel Aware": false, "Join Type": "Inner", "Startup Cost": 5558.01, "Total Cost": 6874.77, "Plan Rows": 3875, "Plan Width": 16, "Actual Startup Time": 45.928, "Actual Total Time": 51.731, "Actual Rows": 5825, "Actual Loops": 1, "Output": ["pl.relatedpostid", "p.owneruserid", "p.id", "u.id"], "Inner Unique": true, "Hash Cond": "(p.owneruserid = u.id)", "Plans": [{"Node Type": "Hash Join", "Parent Relationship": "Outer", "Parallel Aware": false, "Join Type": "Inner", "Startup Cost": 4353.7, "Total Cost": 4653.16, "Plan Rows": 387500, "Plan Width": 12, "Actual Startup Time": 33.755, "Actual Total Time": 37.807, "Actual Rows": 5934, "Actual Loops": 1, "Output": ["pl.relatedpostid", "p.owneruserid", "p.id"], "Inner Unique": true, "Hash Cond": "(pl.relatedpostid = p.id)", "Plans": [{"Node Type": "Seq Scan", "Parent Relationship": "Outer", "Parallel Aware": false, "Relation Name": "postlinks", "Schema": "public", "Alias": "pl", "Startup Cost": 0.0, "Total Cost": 276.29, "Plan Rows": 8831, "Plan Width": 4, "Actual Startup Time": 0.118, "Actual Total Time": 1.939, "Actual Rows": 8776, "Actual Loops": 1, "Output": ["pl.id", "pl.creationdate", "pl.postid", "pl.relatedpostid", "pl.linktypeid"], "Filter": "((pl.creationdate <= 1406726992) AND (pl.creationdate >= 1315054810) AND (pl.linktypeid = 1))", "Rows Removed by Filter": 2326}, {"Node Type": "Hash", "Parent Relationship": "Inner", "Parallel Aware": false, "Startup Cost": 3849.22, "Total Cost": 3849.22, "Plan Rows": 40358, "Plan Width": 8, "Actual Startup Time": 33.344, "Actual Total Time": 33.345, "Actual Rows": 41030, "Actual Loops": 1, "Output": ["p.owneruserid", "p.id"], "Hash Buckets": 65536, "Original Hash Buckets": 65536, "Hash Batches": 1, "Original Hash Batches": 1, "Peak Memory Usage": 2115, "Plans": [{"Node Type": "Seq Scan", "Parent Relationship": "Outer", "Parallel Aware": false, "Relation Name": "posts", "Schema": "public", "Alias": "p", "Startup Cost": 0.0, "Total Cost": 3849.22, "Plan Rows": 40358, "Plan Width": 8, "Actual Startup Time": 0.083, "Actual Total Time": 24.668, "Actual Rows": 41030, "Actual Loops": 1, "Output": ["p.owneruserid", "p.id"], "Filter": "((p.answercount <= 4) AND (p.answercount >= 0) AND (p.commentcount <= 10) AND (p.commentcount >= 0) AND (p.creationdate <= 1410452832) AND (p.creationdate >= 1279772240) AND (p.favoritecount <= 9) AND (p.score <= 23) AND (p.score >= 0))", "Rows Removed by Filter": 50946}]}]}, {"Node Type": "Hash", "Parent Relationship": "Inner", "Parallel Aware": false, "Startup Cost": 700.25, "Total Cost": 700.25, "Plan Rows": 40325, "Plan Width": 4, "Actual Startup Time": 12.003, "Actual Total Time": 12.003, "Actual Rows": 40325, "Actual Loops": 1, "Output": ["u.id"], "Hash Buckets": 65536, "Original Hash Buckets": 65536, "Hash Batches": 1, "Original Hash Batches": 1, "Peak Memory Usage": 1930, "Plans": [{"Node Type": "Seq Scan", "Parent Relationship": "Outer", "Parallel Aware": false, "Relation Name": "users", "Schema": "public", "Alias": "u", "Startup Cost": 0.0, "Total Cost": 700.25, "Plan Rows": 40325, "Plan Width": 4, "Actual Startup Time": 0.012, "Actual Total Time": 5.456, "Actual Rows": 40325, "Actual Loops": 1, "Output": ["u.id"]}]}]}, {"Node Type": "Index Scan", "Parent Relationship": "Inner", "Parallel Aware": false, "Scan Direction": "Forward", "Index Name": "idx_comments_postid", "Relation Name": "comments", "Schema": "public", "Alias": "c", "Startup Cost": 0.42, "Total Cost": 0.69, "Plan Rows": 5, "Plan Width": 4, "Actual Startup Time": 0.002, "Actual Total Time": 0.002, "Actual Rows": 2, "Actual Loops": 5825, "Output": ["c.id", "c.postid", "c.score", "c.creationdate", "c.userid"], "Index Cond": "(c.postid = p.id)", "Rows Removed by Index Recheck": 0, "Filter": "(c.creationdate <= 1410610335)", "Rows Removed by Filter": 0}]}, {"Node Type": "Index Only Scan", "Parent Relationship": "Inner", "Parallel Aware": false, "Scan Direction": "Forward", "Index Name": "idx_badges_userid", "Relation Name": "badges", "Schema": "public", "Alias": "b", "Startup Cost": 0.29, "Total Cost": 0.38, "Plan Rows": 4, "Plan Width": 4, "Actual Startup Time": 0.001, "Actual Total Time": 0.002, "Actual Rows": 21, "Actual Loops": 14135, "Output": ["b.userid"], "Index Cond": "(b.userid = p.owneruserid)", "Rows Removed by Index Recheck": 0, "Heap Fetches": 0}]}]}, "Planning Time": 142.464, "Triggers": [], "Execution Time": 125.785}]
q125#####[{"Plan": {"Node Type": "Aggregate", "Strategy": "Plain", "Partial Mode": "Simple", "Parallel Aware": false, "Startup Cost": 112872.04, "Total Cost": 112872.05, "Plan Rows": 1, "Plan Width": 8, "Actual Startup Time": 251.907, "Actual Total Time": 251.91, "Actual Rows": 1, "Actual Loops": 1, "Output": ["count(*)"], "Plans": [{"Node Type": "Nested Loop", "Parent Relationship": "Outer", "Parallel Aware": false, "Join Type": "Inner", "Startup Cost": 1502.86, "Total Cost": 75308.12, "Plan Rows": 15025568, "Plan Width": 0, "Actual Startup Time": 14.886, "Actual Total Time": 223.456, "Actual Rows": 758411, "Actual Loops": 1, "Inner Unique": false, "Plans": [{"Node Type": "Hash Join", "Parent Relationship": "Outer", "Parallel Aware": false, "Join Type": "Inner", "Startup Cost": 1502.56, "Total Cost": 5851.47, "Plan Rows": 170868, "Plan Width": 8, "Actual Startup Time": 14.858, "Actual Total Time": 64.061, "Actual Rows": 73909, "Actual Loops": 1, "Output": ["c.userid", "u.id"], "Inner Unique": true, "Hash Cond": "(c.userid = u.id)", "Plans": [{"Node Type": "Seq Scan", "Parent Relationship": "Outer", "Parallel Aware": false, "Relation Name": "comments", "Schema": "public", "Alias": "c", "Startup Cost": 0.0, "Total Cost": 3896.57, "Plan Rows": 172299, "Plan Width": 4, "Actual Startup Time": 0.19, "Actual Total Time": 23.988, "Actual Rows": 172545, "Actual Loops": 1, "Output": ["c.id", "c.postid", "c.score", "c.creationdate", "c.userid"], "Filter": "((c.creationdate <= 1410497359) AND (c.creationdate >= 1281616050))", "Rows Removed by Filter": 1760}, {"Node Type": "Hash", "Parent Relationship": "Inner", "Parallel Aware": false, "Startup Cost": 1002.69, "Total Cost": 1002.69, "Plan Rows": 39990, "Plan Width": 4, "Actual Startup Time": 14.539, "Actual Total Time": 14.54, "Actual Rows": 40000, "Actual Loops": 1, "Output": ["u.id"], "Hash Buckets": 65536, "Original Hash Buckets": 65536, "Hash Batches": 1, "Original Hash Batches": 1, "Peak Memory Usage": 1919, "Plans": [{"Node Type": "Seq Scan", "Parent Relationship": "Outer", "Parallel Aware": false, "Relation Name": "users", "Schema": "public", "Alias": "u", "Startup Cost": 0.0, "Total Cost": 1002.69, "Plan Rows": 39990, "Plan Width": 4, "Actual Startup Time": 0.01, "Actual Total Time": 8.517, "Actual Rows": 40000, "Actual Loops": 1, "Output": ["u.id"], "Filter": "((u.downvotes <= 2) AND (u.downvotes >= 0) AND (u.views >= 0))", "Rows Removed by Filter": 325}]}]}, {"Node Type": "Index Only Scan", "Parent Relationship": "Inner", "Parallel Aware": false, "Scan Direction": "Forward", "Index Name": "idx_badges_userid", "Relation Name": "badges", "Schema": "public", "Alias": "b", "Startup Cost": 0.29, "Total Cost": 0.37, "Plan Rows": 4, "Plan Width": 4, "Actual Startup Time": 0.001, "Actual Total Time": 0.001, "Actual Rows": 10, "Actual Loops": 73909, "Output": ["b.userid"], "Index Cond": "(b.userid = c.userid)", "Rows Removed by Index Recheck": 0, "Heap Fetches": 0}]}]}, "Planning Time": 96.211, "Triggers": [], "Execution Time": 252.017}]
q124#####[{"Plan": {"Node Type": "Aggregate", "Strategy": "Plain", "Partial Mode": "Simple", "Parallel Aware": false, "Startup Cost": 50306352.39, "Total Cost": 50306352.4, "Plan Rows": 1, "Plan Width": 8, "Actual Startup Time": 28225.832, "Actual Total Time": 28225.834, "Actual Rows": 1, "Actual Loops": 1, "Output": ["count(*)"], "Plans": [{"Node Type": "Nested Loop", "Parent Relationship": "Outer", "Parallel Aware": false, "Join Type": "Inner", "Startup Cost": 6331.61, "Total Cost": 12617609.33, "Plan Rows": 15075497225, "Plan Width": 0, "Actual Startup Time": 34.535, "Actual Total Time": 21933.099, "Actual Rows": 183537163, "Actual Loops": 1, "Inner Unique": false, "Plans": [{"Node Type": "Merge Join", "Parent Relationship": "Outer", "Parallel Aware": false, "Join Type": "Inner", "Startup Cost": 6331.19, "Total Cost": 37532.95, "Plan Rows": 10437225, "Plan Width": 12, "Actual Startup Time": 34.516, "Actual Total Time": 286.768, "Actual Rows": 949319, "Actual Loops": 1, "Output": ["c.userid", "u.id", "v.userid"], "Inner Unique": false, "Merge Cond": "(c.userid = u.id)", "Plans": [{"Node Type": "Index Scan", "Parent Relationship": "Outer", "Parallel Aware": false, "Scan Direction": "Forward", "Index Name": "idx_comments_userid", "Relation Name": "comments", "Schema": "public", "Alias": "c", "Startup Cost": 0.29, "Total Cost": 9147.01, "Plan Rows": 132724, "Plan Width": 4, "Actual Startup Time": 0.022, "Actual Total Time": 65.116, "Actual Rows": 134490, "Actual Loops": 1, "Output": ["c.id", "c.postid", "c.score", "c.creationdate", "c.userid"], "Filter": "((c.creationdate <= 1410413772) AND (c.creationdate >= 1279540581) AND (c.score = 0))", "Rows Removed by Filter": 39815}, {"Node Type": "Materialize", "Parent Relationship": "Inner", "Parallel Aware": false, "Startup Cost": 6166.57, "Total Cost": 12739.24, "Plan Rows": 326754, "Plan Width": 8, "Actual Startup Time": 32.728, "Actual Total Time": 93.945, "Actual Rows": 956291, "Actual Loops": 1, "Output": ["u.id", "v.userid"], "Plans": [{"Node Type": "Merge Join", "Parent Relationship": "Outer", "Parallel Aware": false, "Join Type": "Inner", "Startup Cost": 6166.57, "Total Cost": 11922.35, "Plan Rows": 326754, "Plan Width": 8, "Actual Startup Time": 32.723, "Actual Total Time": 48.223, "Actual Rows": 29896, "Actual Loops": 1, "Output": ["u.id", "v.userid"], "Inner Unique": false, "Merge Cond": "(u.id = v.userid)", "Plans": [{"Node Type": "Index Scan", "Parent Relationship": "Outer", "Parallel Aware": false, "Scan Direction": "Forward", "Index Name": "users_pkey", "Relation Name": "users", "Schema": "public", "Alias": "u", "Startup Cost": 0.29, "Total Cost": 1659.6, "Plan Rows": 40164, "Plan Width": 4, "Actual Startup Time": 0.013, "Actual Total Time": 7.931, "Actual Rows": 40071, "Actual Loops": 1, "Output": ["u.id", "u.reputation", "u.creationdate", "u.views", "u.upvotes", "u.downvotes"], "Filter": "((u.creationdate <= 1410529059) AND (u.downvotes >= 0) AND (u.views <= 433))", "Rows Removed by Filter": 98}, {"Node Type": "Index Only Scan", "Parent Relationship": "Inner", "Parallel Aware": false, "Scan Direction": "Forward", "Index Name": "idx_votes_userid", "Relation Name": "votes", "Schema": "public", "Alias": "v", "Startup Cost": 0.3, "Total Cost": 6081.26, "Plan Rows": 328064, "Plan Width": 4, "Actual Startup Time": 0.01, "Actual Total Time": 22.881, "Actual Rows": 328056, "Actual Loops": 1, "Output": ["v.userid"], "Heap Fetches": 0}]}]}]}, {"Node Type": "Index Only Scan", "Parent Relationship": "Inner", "Parallel Aware": false, "Scan Direction": "Forward", "Index Name": "idx_posthistory_userid", "Relation Name": "posthistory", "Schema": "public", "Alias": "ph", "Startup Cost": 0.42, "Total Cost": 0.93, "Plan Rows": 28, "Plan Width": 4, "Actual Startup Time": 0.002, "Actual Total Time": 0.012, "Actual Rows": 193, "Actual Loops": 949319, "Output": ["ph.userid"], "Index Cond": "(ph.userid = c.userid)", "Rows Removed by Index Recheck": 0, "Heap Fetches": 0}]}]}, "Planning Time": 90.508, "Triggers": [], "Execution Time": 28225.967}]
q130#####[{"Plan": {"Node Type": "Aggregate", "Strategy": "Plain", "Partial Mode": "Simple", "Parallel Aware": false, "Startup Cost": 110894.29, "Total Cost": 110894.3, "Plan Rows": 1, "Plan Width": 8, "Actual Startup Time": 3296.015, "Actual Total Time": 3296.02, "Actual Rows": 1, "Actual Loops": 1, "Output": ["count(*)"], "Plans": [{"Node Type": "Merge Join", "Parent Relationship": "Outer", "Parallel Aware": false, "Join Type": "Inner", "Startup Cost": 9032.61, "Total Cost": 77128.13, "Plan Rows": 13506463, "Plan Width": 0, "Actual Startup Time": 34.121, "Actual Total Time": 2882.328, "Actual Rows": 11947976, "Actual Loops": 1, "Inner Unique": false, "Merge Cond": "(c.postid = p.id)", "Plans": [{"Node Type": "Index Only Scan", "Parent Relationship": "Outer", "Parallel Aware": false, "Scan Direction": "Forward", "Index Name": "idx_comments_postid", "Relation Name": "comments", "Schema": "public", "Alias": "c", "Startup Cost": 0.42, "Total Cost": 4354.99, "Plan Rows": 174305, "Plan Width": 4, "Actual Startup Time": 0.012, "Actual Total Time": 11.373, "Actual Rows": 174072, "Actual Loops": 1, "Output": ["c.postid"], "Heap Fetches": 0}, {"Node Type": "Materialize", "Parent Relationship": "Inner", "Parallel Aware": false, "Startup Cost": 9032.16, "Total Cost": 37284.31, "Plan Rows": 1352030, "Plan Width": 12, "Actual Startup Time": 33.862, "Actual Total Time": 1868.944, "Actual Rows": 12467891, "Actual Loops": 1, "Output": ["p.id", "pl.relatedpostid", "v.postid"], "Plans": [{"Node Type": "Nested Loop", "Parent Relationship": "Outer", "Parallel Aware": false, "Join Type": "Inner", "Startup Cost": 9032.16, "Total Cost": 33904.24, "Plan Rows": 1352030, "Plan Width": 12, "Actual Startup Time": 33.86, "Actual Total Time": 706.259, "Actual Rows": 3279466, "Actual Loops": 1, "Output": ["p.id", "pl.relatedpostid", "v.postid"], "Inner Unique": false, "Plans": [{"Node Type": "Merge Join", "Parent Relationship": "Outer", "Parallel Aware": false, "Join Type": "Inner", "Startup Cost": 9031.87, "Total Cost": 18149.11, "Plan Rows": 38429, "Plan Width": 20, "Actual Startup Time": 33.844, "Actual Total Time": 103.772, "Actual Rows": 179357, "Actual Loops": 1, "Output": ["pl.relatedpostid", "p.owneruserid", "p.id", "u.id", "v.postid"], "Inner Unique": false, "Merge Cond": "(v.postid = p.id)", "Plans": [{"Node Type": "Index Only Scan", "Parent Relationship": "Outer", "Parallel Aware": false, "Scan Direction": "Forward", "Index Name": "idx_votes_postid", "Relation Name": "votes", "Schema": "public", "Alias": "v", "Startup Cost": 0.42, "Total Cost": 7721.38, "Plan Rows": 328064, "Plan Width": 4, "Actual Startup Time": 0.006, "Actual Total Time": 22.599, "Actual Rows": 327819, "Actual Loops": 1, "Output": ["v.postid"], "Heap Fetches": 0}, {"Node Type": "Sort", "Parent Relationship": "Inner", "Parallel Aware": false, "Startup Cost": 9031.13, "Total Cost": 9058.07, "Plan Rows": 10774, "Plan Width": 16, "Actual Startup Time": 33.348, "Actual Total Time": 41.622, "Actual Rows": 179609, "Actual Loops": 1, "Output": ["pl.relatedpostid", "p.owneruserid", "p.id", "u.id"], "Sort Key": ["pl.relatedpostid"], "Sort Method": "quicksort", "Sort Space Used": 574, "Sort Space Type": "Memory", "Plans": [{"Node Type": "Hash Join", "Parent Relationship": "Outer", "Parallel Aware": false, "Join Type": "Inner", "Startup Cost": 1492.48, "Total Cost": 8309.53, "Plan Rows": 10774, "Plan Width": 16, "Actual Startup Time": 11.973, "Actual Total Time": 32.239, "Actual Rows": 8128, "Actual Loops": 1, "Output": ["pl.relatedpostid", "p.owneruserid", "p.id", "u.id"], "Inner Unique": true, "Hash Cond": "(p.owneruserid = u.id)", "Plans": [{"Node Type": "Merge Join", "Parent Relationship": "Outer", "Parallel Aware": false, "Join Type": "Inner", "Startup Cost": 0.61, "Total Cost": 3903.07, "Plan Rows": 1110200, "Plan Width": 12, "Actual Startup Time": 0.021, "Actual Total Time": 18.577, "Actual Rows": 11102, "Actual Loops": 1, "Output": ["pl.relatedpostid", "p.owneruserid", "p.id"], "Inner Unique": true, "Merge Cond": "(pl.relatedpostid = p.id)", "Plans": [{"Node Type": "Index Only Scan", "Parent Relationship": "Outer", "Parallel Aware": false, "Scan Direction": "Forward", "Index Name": "idx_postlinks_relatedpostid", "Relation Name": "postlinks", "Schema": "public", "Alias": "pl", "Startup Cost": 0.29, "Total Cost": 282.81, "Plan Rows": 11102, "Plan Width": 4, "Actual Startup Time": 0.009, "Actual Total Time": 0.916, "Actual Rows": 11102, "Actual Loops": 1, "Output": ["pl.relatedpostid"], "Heap Fetches": 0}, {"Node Type": "Index Scan", "Parent Relationship": "Inner", "Parallel Aware": false, "Scan Direction": "Forward", "Index Name": "posts_pkey", "Relation Name": "posts", "Schema": "public", "Alias": "p", "Startup Cost": 0.29, "Total Cost": 3258.93, "Plan Rows": 91976, "Plan Width": 8, "Actual Startup Time": 0.011, "Actual Total Time": 11.74, "Actual Rows": 91779, "Actual Loops": 1, "Output": ["p.id", "p.posttypeid", "p.creationdate", "p.score", "p.viewcount", "p.owneruserid", "p.answercount", "p.commentcount", "p.favoritecount", "p.lasteditoruserid"]}]}, {"Node Type": "Hash", "Parent Relationship": "Inner", "Parallel Aware": false, "Startup Cost": 1002.69, "Total Cost": 1002.69, "Plan Rows": 39135, "Plan Width": 4, "Actual Startup Time": 11.576, "Actual Total Time": 11.577, "Actual Rows": 38978, "Actual Loops": 1, "Output": ["u.id"], "Hash Buckets": 65536, "Original Hash Buckets": 65536, "Hash Batches": 1, "Original Hash Batches": 1, "Peak Memory Usage": 1883, "Plans": [{"Node Type": "Seq Scan", "Parent Relationship": "Outer", "Parallel Aware": false, "Relation Name": "users", "Schema": "public", "Alias": "u", "Startup Cost": 0.0, "Total Cost": 1002.69, "Plan Rows": 39135, "Plan Width": 4, "Actual Startup Time": 0.025, "Actual Total Time": 6.575, "Actual Rows": 38978, "Actual Loops": 1, "Output": ["u.id"], "Filter": "((u.creationdate <= 1409103088) AND (u.creationdate >= 1279584339) AND (u.views <= 190))", "Rows Removed by Filter": 1347}]}]}]}]}, {"Node Type": "Index Only Scan", "Parent Relationship": "Inner", "Parallel Aware": false, "Scan Direction": "Forward", "Index Name": "idx_badges_userid", "Relation Name": "badges", "Schema": "public", "Alias": "b", "Startup Cost": 0.29, "Total Cost": 0.37, "Plan Rows": 4, "Plan Width": 4, "Actual Startup Time": 0.001, "Actual Total Time": 0.002, "Actual Rows": 18, "Actual Loops": 179357, "Output": ["b.userid"], "Index Cond": "(b.userid = p.owneruserid)", "Rows Removed by Index Recheck": 0, "Heap Fetches": 0}]}]}]}]}, "Planning Time": 162.555, "Triggers": [], "Execution Time": 3305.6}]
q118#####[{"Plan": {"Node Type": "Aggregate", "Strategy": "Plain", "Partial Mode": "Simple", "Parallel Aware": false, "Startup Cost": 3267911.14, "Total Cost": 3267911.15, "Plan Rows": 1, "Plan Width": 8, "Actual Startup Time": 1167.581, "Actual Total Time": 1167.585, "Actual Rows": 1, "Actual Loops": 1, "Output": ["count(*)"], "Plans": [{"Node Type": "Nested Loop", "Parent Relationship": "Outer", "Parallel Aware": false, "Join Type": "Inner", "Startup Cost": 11045.87, "Total Cost": 2381912.89, "Plan Rows": 354399297, "Plan Width": 0, "Actual Startup Time": 57.966, "Actual Total Time": 942.293, "Actual Rows": 6351775, "Actual Loops": 1, "Inner Unique": false, "Plans": [{"Node Type": "Merge Join", "Parent Relationship": "Outer", "Parallel Aware": false, "Join Type": "Inner", "Startup Cost": 11045.45, "Total Cost": 116284.67, "Plan Rows": 1866542, "Plan Width": 12, "Actual Startup Time": 57.947, "Actual Total Time": 145.969, "Actual Rows": 120415, "Actual Loops": 1, "Output": ["b.userid", "u.id", "v.userid"], "Inner Unique": false, "Merge Cond": "(b.userid = u.id)", "Plans": [{"Node Type": "Index Scan", "Parent Relationship": "Outer", "Parallel Aware": false, "Scan Direction": "Forward", "Index Name": "idx_badges_userid", "Relation Name": "badges", "Schema": "public", "Alias": "b", "Startup Cost": 0.29, "Total Cost": 3209.99, "Plan Rows": 79773, "Plan Width": 4, "Actual Startup Time": 0.033, "Actual Total Time": 28.326, "Actual Rows": 79554, "Actual Loops": 1, "Output": ["b.id", "b.userid", "b.date"], "Filter": "(b.date >= 1279547646)", "Rows Removed by Filter": 197}, {"Node Type": "Materialize", "Parent Relationship": "Inner", "Parallel Aware": false, "Startup Cost": 11044.36, "Total Cost": 25471.08, "Plan Rows": 3216510, "Plan Width": 8, "Actual Startup Time": 57.653, "Actual Total Time": 98.147, "Actual Rows": 123260, "Actual Loops": 1, "Output": ["u.id", "v.userid"], "Plans": [{"Node Type": "Merge Join", "Parent Relationship": "Outer", "Parallel Aware": false, "Join Type": "Inner", "Startup Cost": 11044.36, "Total Cost": 17429.8, "Plan Rows": 3216510, "Plan Width": 8, "Actual Startup Time": 57.649, "Actual Total Time": 89.752, "Actual Rows": 19477, "Actual Loops": 1, "Output": ["u.id", "v.userid"], "Inner Unique": false, "Merge Cond": "(u.id = v.userid)", "Plans": [{"Node Type": "Index Scan", "Parent Relationship": "Outer", "Parallel Aware": false, "Scan Direction": "Forward", "Index Name": "users_pkey", "Relation Name": "users", "Schema": "public", "Alias": "u", "Startup Cost": 0.29, "Total Cost": 1760.41, "Plan Rows": 39628, "Plan Width": 4, "Actual Startup Time": 0.014, "Actual Total Time": 8.824, "Actual Rows": 39641, "Actual Loops": 1, "Output": ["u.id", "u.reputation", "u.creationdate", "u.views", "u.upvotes", "u.downvotes"], "Filter": "((u.downvotes <= 3) AND (u.downvotes >= 0) AND (u.upvotes <= 71) AND (u.upvotes >= 0))", "Rows Removed by Filter": 490}, {"Node Type": "Index Scan", "Parent Relationship": "Inner", "Parallel Aware": false, "Scan Direction": "Forward", "Index Name": "idx_votes_userid", "Relation Name": "votes", "Schema": "public", "Alias": "v", "Startup Cost": 0.3, "Total Cost": 11542.53, "Plan Rows": 327308, "Plan Width": 4, "Actual Startup Time": 0.016, "Actual Total Time": 61.226, "Actual Rows": 327234, "Actual Loops": 1, "Output": ["v.id", "v.postid", "v.votetypeid", "v.creationdate", "v.userid", "v.bountyamount"], "Filter": "(v.creationdate <= 1410278400)", "Rows Removed by Filter": 830}]}]}]}, {"Node Type": "Index Only Scan", "Parent Relationship": "Inner", "Parallel Aware": false, "Scan Direction": "Forward", "Index Name": "idx_posthistory_userid", "Relation Name": "posthistory", "Schema": "public", "Alias": "ph", "Startup Cost": 0.42, "Total Cost": 0.93, "Plan Rows": 28, "Plan Width": 4, "Actual Startup Time": 0.001, "Actual Total Time": 0.004, "Actual Rows": 53, "Actual Loops": 120415, "Output": ["ph.userid"], "Index Cond": "(ph.userid = b.userid)", "Rows Removed by Index Recheck": 0, "Heap Fetches": 0}]}]}, "Planning Time": 95.701, "Triggers": [], "Execution Time": 1167.715}]
q25#####[{"Plan": {"Node Type": "Aggregate", "Strategy": "Plain", "Partial Mode": "Simple", "Parallel Aware": false, "Startup Cost": 20865426.46, "Total Cost": 20865426.47, "Plan Rows": 1, "Plan Width": 8, "Actual Startup Time": 17613.51, "Actual Total Time": 17613.516, "Actual Rows": 1, "Actual Loops": 1, "Output": ["count(*)"], "Plans": [{"Node Type": "Hash Join", "Parent Relationship": "Outer", "Parallel Aware": false, "Join Type": "Inner", "Startup Cost": 13325.4, "Total Cost": 7266178.62, "Plan Rows": 5439699136, "Plan Width": 0, "Actual Startup Time": 508.662, "Actual Total Time": 17593.339, "Actual Rows": 569476, "Actual Loops": 1, "Inner Unique": false, "Hash Cond": "(c.userid = u.id)", "Plans": [{"Node Type": "Nested Loop", "Parent Relationship": "Outer", "Parallel Aware": false, "Join Type": "Inner", "Startup Cost": 0.29, "Total Cost": 110817.65, "Plan Rows": 75605617, "Plan Width": 8, "Actual Startup Time": 0.049, "Actual Total Time": 14638.625, "Actual Rows": 53580751, "Actual Loops": 1, "Output": ["c.userid", "ph.userid"], "Inner Unique": false, "Plans": [{"Node Type": "Seq Scan", "Parent Relationship": "Outer", "Parallel Aware": false, "Relation Name": "posthistory", "Schema": "public", "Alias": "ph", "Startup Cost": 0.0, "Total Cost": 6019.84, "Plan Rows": 92674, "Plan Width": 4, "Actual Startup Time": 0.025, "Actual Total Time": 36.007, "Actual Rows": 91976, "Actual Loops": 1, "Output": ["ph.id", "ph.posthistorytypeid", "ph.postid", "ph.creationdate", "ph.userid"], "Filter": "(ph.posthistorytypeid = 2)", "Rows Removed by Filter": 211211}, {"Node Type": "Index Scan", "Parent Relationship": "Inner", "Parallel Aware": false, "Scan Direction": "Forward", "Index Name": "idx_comments_userid", "Relation Name": "comments", "Schema": "public", "Alias": "c", "Startup Cost": 0.29, "Total Cost": 0.88, "Plan Rows": 25, "Plan Width": 4, "Actual Startup Time": 0.002, "Actual Total Time": 0.116, "Actual Rows": 583, "Actual Loops": 91976, "Output": ["c.id", "c.postid", "c.score", "c.creationdate", "c.userid"], "Index Cond": "(c.userid = ph.userid)", "Rows Removed by Index Recheck": 0, "Filter": "(c.creationdate <= 1409181955)", "Rows Removed by Filter": 11}]}, {"Node Type": "Hash", "Parent Relationship": "Inner", "Parallel Aware": false, "Startup Cost": 8420.17, "Total Cost": 8420.17, "Plan Rows": 298955, "Plan Width": 8, "Actual Startup Time": 75.499, "Actual Total Time": 75.502, "Actual Rows": 11735, "Actual Loops": 1, "Output": ["u.id", "v.userid"], "Hash Buckets": 131072, "Original Hash Buckets": 131072, "Hash Batches": 4, "Original Hash Batches": 4, "Peak Memory Usage": 1167, "Plans": [{"Node Type": "Hash Join", "Parent Relationship": "Outer", "Parallel Aware": false, "Join Type": "Inner", "Startup Cost": 1865.28, "Total Cost": 8420.17, "Plan Rows": 298955, "Plan Width": 8, "Actual Startup Time": 20.164, "Actual Total Time": 73.375, "Actual Rows": 11735, "Actual Loops": 1, "Output": ["u.id", "v.userid"], "Inner Unique": true, "Hash Cond": "(v.userid = u.id)", "Plans": [{"Node Type": "Seq Scan", "Parent Relationship": "Outer", "Parallel Aware": false, "Relation Name": "votes", "Schema": "public", "Alias": "v", "Startup Cost": 0.0, "Total Cost": 5693.64, "Plan Rows": 328064, "Plan Width": 4, "Actual Startup Time": 0.017, "Actual Total Time": 20.356, "Actual Rows": 328064, "Actual Loops": 1, "Output": ["v.id", "v.postid", "v.votetypeid", "v.creationdate", "v.userid", "v.bountyamount"]}, {"Node Type": "Hash", "Parent Relationship": "Inner", "Parallel Aware": false, "Startup Cost": 1405.94, "Total Cost": 1405.94, "Plan Rows": 36747, "Plan Width": 4, "Actual Startup Time": 18.008, "Actual Total Time": 18.009, "Actual Rows": 36820, "Actual Loops": 1, "Output": ["u.id"], "Hash Buckets": 65536, "Original Hash Buckets": 65536, "Hash Batches": 1, "Original Hash Batches": 1, "Peak Memory Usage": 1807, "Plans": [{"Node Type": "Seq Scan", "Parent Relationship": "Outer", "Parallel Aware": false, "Relation Name": "users", "Schema": "public", "Alias": "u", "Startup Cost": 0.0, "Total Cost": 1405.94, "Plan Rows": 36747, "Plan Width": 4, "Actual Startup Time": 0.121, "Actual Total Time": 10.669, "Actual Rows": 36820, "Actual Loops": 1, "Output": ["u.id"], "Filter": "((u.creationdate <= 1408353593) AND (u.creationdate >= 1283485516) AND (u.downvotes >= 0) AND (u.reputation >= 1) AND (u.upvotes <= 15) AND (u.upvotes >= 0) AND (u.views >= 0))", "Rows Removed by Filter": 3505}]}]}]}]}]}, "Planning Time": 90.339, "Triggers": [], "Execution Time": 17613.628}]
q31#####[{"Plan": {"Node Type": "Aggregate", "Strategy": "Plain", "Partial Mode": "Simple", "Parallel Aware": false, "Startup Cost": 72594214.01, "Total Cost": 72594214.02, "Plan Rows": 1, "Plan Width": 8, "Actual Startup Time": 94135.854, "Actual Total Time": 94135.86, "Actual Rows": 1, "Actual Loops": 1, "Output": ["count(*)"], "Plans": [{"Node Type": "Hash Join", "Parent Relationship": "Outer", "Parallel Aware": false, "Join Type": "Inner", "Startup Cost": 13274.26, "Total Cost": 24948124.54, "Plan Rows": 19058435787, "Plan Width": 0, "Actual Startup Time": 90.401, "Actual Total Time": 93742.569, "Actual Rows": 11075893, "Actual Loops": 1, "Inner Unique": false, "Hash Cond": "(c.userid = u.id)", "Plans": [{"Node Type": "Nested Loop", "Parent Relationship": "Outer", "Parallel Aware": false, "Join Type": "Inner", "Startup Cost": 0.42, "Total Cost": 245906.46, "Plan Rows": 248599982, "Plan Width": 8, "Actual Startup Time": 0.097, "Actual Total Time": 78926.509, "Actual Rows": 260664622, "Actual Loops": 1, "Output": ["c.userid", "ph.userid"], "Inner Unique": false, "Plans": [{"Node Type": "Seq Scan", "Parent Relationship": "Outer", "Parallel Aware": false, "Relation Name": "comments", "Schema": "public", "Alias": "c", "Startup Cost": 0.0, "Total Cost": 3025.05, "Plan Rows": 174305, "Plan Width": 4, "Actual Startup Time": 0.01, "Actual Total Time": 21.13, "Actual Rows": 174305, "Actual Loops": 1, "Output": ["c.id", "c.postid", "c.score", "c.creationdate", "c.userid"]}, {"Node Type": "Index Scan", "Parent Relationship": "Inner", "Parallel Aware": false, "Scan Direction": "Forward", "Index Name": "idx_posthistory_userid", "Relation Name": "posthistory", "Schema": "public", "Alias": "ph", "Startup Cost": 0.42, "Total Cost": 1.11, "Plan Rows": 28, "Plan Width": 4, "Actual Startup Time": 0.003, "Actual Total Time": 0.341, "Actual Rows": 1495, "Actual Loops": 174305, "Output": ["ph.id", "ph.posthistorytypeid", "ph.postid", "ph.creationdate", "ph.userid"], "Index Cond": "(ph.userid = c.userid)", "Rows Removed by Index Recheck": 0, "Filter": "((ph.creationdate <= 1409957513) AND (ph.creationdate >= 1280279494))", "Rows Removed by Filter": 14}]}, {"Node Type": "Hash", "Parent Relationship": "Inner", "Parallel Aware": false, "Startup Cost": 8047.02, "Total Cost": 8047.02, "Plan Rows": 318545, "Plan Width": 8, "Actual Startup Time": 69.724, "Actual Total Time": 69.727, "Actual Rows": 17404, "Actual Loops": 1, "Output": ["u.id", "v.userid"], "Hash Buckets": 131072, "Original Hash Buckets": 131072, "Hash Batches": 8, "Original Hash Batches": 8, "Peak Memory Usage": 1114, "Plans": [{"Node Type": "Hash Join", "Parent Relationship": "Outer", "Parallel Aware": false, "Join Type": "Inner", "Startup Cost": 1492.12, "Total Cost": 8047.02, "Plan Rows": 318545, "Plan Width": 8, "Actual Startup Time": 19.167, "Actual Total Time": 67.097, "Actual Rows": 17404, "Actual Loops": 1, "Output": ["u.id", "v.userid"], "Inner Unique": true, "Hash Cond": "(v.userid = u.id)", "Plans": [{"Node Type": "Seq Scan", "Parent Relationship": "Outer", "Parallel Aware": false, "Relation Name": "votes", "Schema": "public", "Alias": "v", "Startup Cost": 0.0, "Total Cost": 5693.64, "Plan Rows": 328064, "Plan Width": 4, "Actual Startup Time": 0.02, "Actual Total Time": 16.663, "Actual Rows": 328064, "Actual Loops": 1, "Output": ["v.id", "v.postid", "v.votetypeid", "v.creationdate", "v.userid", "v.bountyamount"]}, {"Node Type": "Hash", "Parent Relationship": "Inner", "Parallel Aware": false, "Startup Cost": 1002.69, "Total Cost": 1002.69, "Plan Rows": 39155, "Plan Width": 4, "Actual Startup Time": 18.983, "Actual Total Time": 18.984, "Actual Rows": 39462, "Actual Loops": 1, "Output": ["u.id"], "Hash Buckets": 65536, "Original Hash Buckets": 65536, "Hash Batches": 1, "Original Hash Batches": 1, "Peak Memory Usage": 1900, "Plans": [{"Node Type": "Seq Scan", "Parent Relationship": "Outer", "Parallel Aware": false, "Relation Name": "users", "Schema": "public", "Alias": "u", "Startup Cost": 0.0, "Total Cost": 1002.69, "Plan Rows": 39155, "Plan Width": 4, "Actual Startup Time": 0.016, "Actual Total Time": 11.023, "Actual Rows": 39462, "Actual Loops": 1, "Output": ["u.id"], "Filter": "((u.downvotes <= 0) AND (u.upvotes <= 72) AND (u.upvotes >= 0))", "Rows Removed by Filter": 863}]}]}]}]}]}, "Planning Time": 93.329, "Triggers": [], "Execution Time": 94136.019}]
q19#####[{"Plan": {"Node Type": "Aggregate", "Strategy": "Plain", "Partial Mode": "Simple", "Parallel Aware": false, "Startup Cost": 89908.91, "Total Cost": 89908.92, "Plan Rows": 1, "Plan Width": 8, "Actual Startup Time": 19216.487, "Actual Total Time": 19216.496, "Actual Rows": 1, "Actual Loops": 1, "Output": ["count(*)"], "Plans": [{"Node Type": "Hash Join", "Parent Relationship": "Outer", "Parallel Aware": false, "Join Type": "Inner", "Startup Cost": 20539.1, "Total Cost": 50340.73, "Plan Rows": 15827270, "Plan Width": 0, "Actual Startup Time": 273.112, "Actual Total Time": 13976.069, "Actual Rows": 155696936, "Actual Loops": 1, "Inner Unique": false, "Hash Cond": "(c.postid = p.id)", "Plans": [{"Node Type": "Nested Loop", "Parent Relationship": "Outer", "Parallel Aware": false, "Join Type": "Inner", "Startup Cost": 1205.31, "Total Cost": 11531.64, "Plan Rows": 3837155, "Plan Width": 8, "Actual Startup Time": 14.047, "Actual Total Time": 1167.68, "Actual Rows": 3246110, "Actual Loops": 1, "Output": ["c.postid", "pl.relatedpostid"], "Inner Unique": false, "Plans": [{"Node Type": "Hash Join", "Parent Relationship": "Outer", "Parallel Aware": false, "Join Type": "Inner", "Startup Cost": 1205.02, "Total Cost": 9576.41, "Plan Rows": 4584, "Plan Width": 16, "Actual Startup Time": 14.005, "Actual Total Time": 90.786, "Actual Rows": 28885, "Actual Loops": 1, "Output": ["c.userid", "c.postid", "pl.relatedpostid", "u.id"], "Inner Unique": true, "Hash Cond": "(c.userid = u.id)", "Plans": [{"Node Type": "Merge Join", "Parent Relationship": "Outer", "Parallel Aware": false, "Join Type": "Inner", "Startup Cost": 0.71, "Total Cost": 8251.73, "Plan Rows": 45848, "Plan Width": 12, "Actual Startup Time": 0.09, "Actual Total Time": 69.963, "Actual Rows": 29657, "Actual Loops": 1, "Output": ["c.userid", "c.postid", "pl.relatedpostid"], "Inner Unique": false, "Merge Cond": "(pl.relatedpostid = c.postid)", "Plans": [{"Node Type": "Index Scan", "Parent Relationship": "Outer", "Parallel Aware": false, "Scan Direction": "Forward", "Index Name": "idx_postlinks_relatedpostid", "Relation Name": "postlinks", "Schema": "public", "Alias": "pl", "Startup Cost": 0.29, "Total Cost": 578.72, "Plan Rows": 10186, "Plan Width": 4, "Actual Startup Time": 0.014, "Actual Total Time": 5.852, "Actual Rows": 10186, "Actual Loops": 1, "Output": ["pl.id", "pl.creationdate", "pl.postid", "pl.relatedpostid", "pl.linktypeid"], "Filter": "(pl.linktypeid = 1)", "Rows Removed by Filter": 916}, {"Node Type": "Index Scan", "Parent Relationship": "Inner", "Parallel Aware": false, "Scan Direction": "Forward", "Index Name": "idx_comments_postid", "Relation Name": "comments", "Schema": "public", "Alias": "c", "Startup Cost": 0.42, "Total Cost": 6771.1, "Plan Rows": 172158, "Plan Width": 8, "Actual Startup Time": 0.029, "Actual Total Time": 52.585, "Actual Rows": 188988, "Actual Loops": 1, "Output": ["c.id", "c.postid", "c.score", "c.creationdate", "c.userid"], "Filter": "((c.creationdate <= 1410414171) AND (c.creationdate >= 1280661107))", "Rows Removed by Filter": 1646}]}, {"Node Type": "Hash", "Parent Relationship": "Inner", "Parallel Aware": false, "Startup Cost": 700.25, "Total Cost": 700.25, "Plan Rows": 40325, "Plan Width": 4, "Actual Startup Time": 13.663, "Actual Total Time": 13.664, "Actual Rows": 40325, "Actual Loops": 1, "Output": ["u.id"], "Hash Buckets": 65536, "Original Hash Buckets": 65536, "Hash Batches": 1, "Original Hash Batches": 1, "Peak Memory Usage": 1930, "Plans": [{"Node Type": "Seq Scan", "Parent Relationship": "Outer", "Parallel Aware": false, "Relation Name": "users", "Schema": "public", "Alias": "u", "Startup Cost": 0.0, "Total Cost": 700.25, "Plan Rows": 40325, "Plan Width": 4, "Actual Startup Time": 0.013, "Actual Total Time": 6.045, "Actual Rows": 40325, "Actual Loops": 1, "Output": ["u.id"]}]}]}, {"Node Type": "Index Scan", "Parent Relationship": "Inner", "Parallel Aware": false, "Scan Direction": "Forward", "Index Name": "idx_badges_userid", "Relation Name": "badges", "Schema": "public", "Alias": "b", "Startup Cost": 0.29, "Total Cost": 0.39, "Plan Rows": 4, "Plan Width": 4, "Actual Startup Time": 0.001, "Actual Total Time": 0.029, "Actual Rows": 112, "Actual Loops": 28885, "Output": ["b.id", "b.userid", "b.date"], "Index Cond": "(b.userid = c.userid)", "Rows Removed by Index Recheck": 0, "Filter": "(b.date <= 1406953469)", "Rows Removed by Filter": 5}]}, {"Node Type": "Hash", "Parent Relationship": "Inner", "Parallel Aware": false, "Startup Cost": 19181.4, "Total Cost": 19181.4, "Plan Rows": 12191, "Plan Width": 12, "Actual Startup Time": 226.123, "Actual Total Time": 226.126, "Actual Rows": 339466, "Actual Loops": 1, "Output": ["ph.postid", "p.id", "v.postid"], "Hash Buckets": 131072, "Original Hash Buckets": 16384, "Hash Batches": 8, "Original Hash Batches": 1, "Peak Memory Usage": 3073, "Plans": [{"Node Type": "Hash Join", "Parent Relationship": "Outer", "Parallel Aware": false, "Join Type": "Inner", "Startup Cost": 8997.61, "Total Cost": 19181.4, "Plan Rows": 12191, "Plan Width": 12, "Actual Startup Time": 77.967, "Actual Total Time": 177.969, "Actual Rows": 339466, "Actual Loops": 1, "Output": ["ph.postid", "p.id", "v.postid"], "Inner Unique": false, "Hash Cond": "(v.postid = p.id)", "Plans": [{"Node Type": "Seq Scan", "Parent Relationship": "Outer", "Parallel Aware": false, "Relation Name": "votes", "Schema": "public", "Alias": "v", "Startup Cost": 0.0, "Total Cost": 7333.96, "Plan Rows": 260908, "Plan Width": 4, "Actual Startup Time": 0.016, "Actual Total Time": 36.204, "Actual Rows": 261476, "Actual Loops": 1, "Output": ["v.id", "v.postid", "v.votetypeid", "v.creationdate", "v.userid", "v.bountyamount"], "Filter": "((v.creationdate <= 1410278400) AND (v.votetypeid = 2))", "Rows Removed by Filter": 66588}, {"Node Type": "Hash", "Parent Relationship": "Inner", "Parallel Aware": false, "Startup Cost": 8460.38, "Total Cost": 8460.38, "Plan Rows": 42978, "Plan Width": 8, "Actual Startup Time": 77.671, "Actual Total Time": 77.673, "Actual Rows": 71359, "Actual Loops": 1, "Output": ["ph.postid", "p.id"], "Hash Buckets": 131072, "Original Hash Buckets": 65536, "Hash Batches": 1, "Original Hash Batches": 1, "Peak Memory Usage": 3812, "Plans": [{"Node Type": "Hash Join", "Parent Relationship": "Outer", "Parallel Aware": false, "Join Type": "Inner", "Startup Cost": 2402.61, "Total Cost": 8460.38, "Plan Rows": 42978, "Plan Width": 8, "Actual Startup Time": 12.449, "Actual Total Time": 67.08, "Actual Rows": 71359, "Actual Loops": 1, "Output": ["ph.postid", "p.id"], "Inner Unique": true, "Hash Cond": "(ph.postid = p.id)", "Plans": [{"Node Type": "Seq Scan", "Parent Relationship": "Outer", "Parallel Aware": false, "Relation Name": "posthistory", "Schema": "public", "Alias": "ph", "Startup Cost": 0.0, "Total Cost": 5261.87, "Plan Rows": 303187, "Plan Width": 4, "Actual Startup Time": 0.009, "Actual Total Time": 17.06, "Actual Rows": 303187, "Actual Loops": 1, "Output": ["ph.id", "ph.posthistorytypeid", "ph.postid", "ph.creationdate", "ph.userid"]}, {"Node Type": "Hash", "Parent Relationship": "Inner", "Parallel Aware": false, "Startup Cost": 2239.64, "Total Cost": 2239.64, "Plan Rows": 13038, "Plan Width": 4, "Actual Startup Time": 12.358, "Actual Total Time": 12.359, "Actual Rows": 12613, "Actual Loops": 1, "Output": ["p.id"], "Hash Buckets": 16384, "Original Hash Buckets": 16384, "Hash Batches": 1, "Original Hash Batches": 1, "Peak Memory Usage": 572, "Plans": [{"Node Type": "Seq Scan", "Parent Relationship": "Outer", "Parallel Aware": false, "Relation Name": "posts", "Schema": "public", "Alias": "p", "Startup Cost": 0.0, "Total Cost": 2239.64, "Plan Rows": 13038, "Plan Width": 4, "Actual Startup Time": 0.01, "Actual Total Time": 10.842, "Actual Rows": 12613, "Actual Loops": 1, "Output": ["p.id"], "Filter": "((p.answercount <= 4) AND (p.favoritecount >= 0))", "Rows Removed by Filter": 79363}]}]}]}]}]}]}]}, "Planning Time": 252.211, "Triggers": [], "Execution Time": 19216.801}]
q56#####[{"Plan": {"Node Type": "Aggregate", "Strategy": "Plain", "Partial Mode": "Simple", "Parallel Aware": false, "Startup Cost": 2563240.08, "Total Cost": 2563240.09, "Plan Rows": 1, "Plan Width": 8, "Actual Startup Time": 2230.707, "Actual Total Time": 2230.71, "Actual Rows": 1, "Actual Loops": 1, "Output": ["count(*)"], "Plans": [{"Node Type": "Nested Loop", "Parent Relationship": "Outer", "Parallel Aware": false, "Join Type": "Inner", "Startup Cost": 1664.25, "Total Cost": 1751342.98, "Plan Rows": 324758837, "Plan Width": 0, "Actual Startup Time": 18.644, "Actual Total Time": 1742.537, "Actual Rows": 13971410, "Actual Loops": 1, "Inner Unique": false, "Plans": [{"Node Type": "Nested Loop", "Parent Relationship": "Outer", "Parallel Aware": false, "Join Type": "Inner", "Startup Cost": 1663.95, "Total Cost": 21398.17, "Plan Rows": 1691844, "Plan Width": 16, "Actual Startup Time": 18.626, "Actual Total Time": 87.635, "Actual Rows": 234941, "Actual Loops": 1, "Output": ["b.userid", "ph.userid", "u.id", "v.userid"], "Inner Unique": false, "Plans": [{"Node Type": "Nested Loop", "Parent Relationship": "Outer", "Parallel Aware": false, "Join Type": "Inner", "Startup Cost": 1663.53, "Total Cost": 10576.67, "Plan Rows": 8911, "Plan Width": 12, "Actual Startup Time": 18.609, "Actual Total Time": 48.927, "Actual Rows": 3780, "Actual Loops": 1, "Output": ["b.userid", "u.id", "v.userid"], "Inner Unique": false, "Plans": [{"Node Type": "Hash Join", "Parent Relationship": "Outer", "Parallel Aware": false, "Join Type": "Inner", "Startup Cost": 1663.24, "Total Cost": 9821.91, "Plan Rows": 1578, "Plan Width": 8, "Actual Startup Time": 18.566, "Actual Total Time": 44.566, "Actual Rows": 427, "Actual Loops": 1, "Output": ["u.id", "v.userid"], "Inner Unique": true, "Hash Cond": "(v.userid = u.id)", "Plans": [{"Node Type": "Seq Scan", "Parent Relationship": "Outer", "Parallel Aware": false, "Relation Name": "votes", "Schema": "public", "Alias": "v", "Startup Cost": 0.0, "Total Cost": 8154.12, "Plan Rows": 1733, "Plan Width": 4, "Actual Startup Time": 0.499, "Actual Total Time": 26.396, "Actual Rows": 1740, "Actual Loops": 1, "Output": ["v.id", "v.postid", "v.votetypeid", "v.creationdate", "v.userid", "v.bountyamount"], "Filter": "((v.bountyamount >= 0) AND (v.creationdate <= 1410364800) AND (v.creationdate >= 1279555200))", "Rows Removed by Filter": 326324}, {"Node Type": "Hash", "Parent Relationship": "Inner", "Parallel Aware": false, "Startup Cost": 1204.31, "Total Cost": 1204.31, "Plan Rows": 36714, "Plan Width": 4, "Actual Startup Time": 17.491, "Actual Total Time": 17.491, "Actual Rows": 37062, "Actual Loops": 1, "Output": ["u.id"], "Hash Buckets": 65536, "Original Hash Buckets": 65536, "Hash Batches": 1, "Original Hash Batches": 1, "Peak Memory Usage": 1815, "Plans": [{"Node Type": "Seq Scan", "Parent Relationship": "Outer", "Parallel Aware": false, "Relation Name": "users", "Schema": "public", "Alias": "u", "Startup Cost": 0.0, "Total Cost": 1204.31, "Plan Rows": 36714, "Plan Width": 4, "Actual Startup Time": 0.013, "Actual Total Time": 10.376, "Actual Rows": 37062, "Actual Loops": 1, "Output": ["u.id"], "Filter": "((u.creationdate <= 1407328732) AND (u.downvotes <= 0) AND (u.downvotes >= 0) AND (u.upvotes <= 31) AND (u.upvotes >= 0))", "Rows Removed by Filter": 3263}]}]}, {"Node Type": "Index Scan", "Parent Relationship": "Inner", "Parallel Aware": false, "Scan Direction": "Forward", "Index Name": "idx_badges_userid", "Relation Name": "badges", "Schema": "public", "Alias": "b", "Startup Cost": 0.29, "Total Cost": 0.44, "Plan Rows": 4, "Plan Width": 4, "Actual Startup Time": 0.003, "Actual Total Time": 0.009, "Actual Rows": 9, "Actual Loops": 427, "Output": ["b.id", "b.userid", "b.date"], "Index Cond": "(b.userid = u.id)", "Rows Removed by Index Recheck": 0, "Filter": "(b.date >= 1285474634)", "Rows Removed by Filter": 0}]}, {"Node Type": "Index Only Scan", "Parent Relationship": "Inner", "Parallel Aware": false, "Scan Direction": "Forward", "Index Name": "idx_posthistory_userid", "Relation Name": "posthistory", "Schema": "public", "Alias": "ph", "Startup Cost": 0.42, "Total Cost": 0.93, "Plan Rows": 28, "Plan Width": 4, "Actual Startup Time": 0.001, "Actual Total Time": 0.005, "Actual Rows": 62, "Actual Loops": 3780, "Output": ["ph.userid"], "Index Cond": "(ph.userid = b.userid)", "Rows Removed by Index Recheck": 0, "Heap Fetches": 0}]}, {"Node Type": "Index Only Scan", "Parent Relationship": "Inner", "Parallel Aware": false, "Scan Direction": "Forward", "Index Name": "idx_comments_userid", "Relation Name": "comments", "Schema": "public", "Alias": "c", "Startup Cost": 0.29, "Total Cost": 0.76, "Plan Rows": 26, "Plan Width": 4, "Actual Startup Time": 0.001, "Actual Total Time": 0.004, "Actual Rows": 59, "Actual Loops": 234941, "Output": ["c.userid"], "Index Cond": "(c.userid = b.userid)", "Rows Removed by Index Recheck": 0, "Heap Fetches": 0}]}]}, "Planning Time": 164.023, "Triggers": [], "Execution Time": 2230.855}]
q42#####[{"Plan": {"Node Type": "Aggregate", "Strategy": "Plain", "Partial Mode": "Simple", "Parallel Aware": false, "Startup Cost": 21924.53, "Total Cost": 21924.54, "Plan Rows": 1, "Plan Width": 8, "Actual Startup Time": 107.896, "Actual Total Time": 107.901, "Actual Rows": 1, "Actual Loops": 1, "Output": ["count(*)"], "Plans": [{"Node Type": "Merge Join", "Parent Relationship": "Outer", "Parallel Aware": false, "Join Type": "Inner", "Startup Cost": 18343.08, "Total Cost": 21517.91, "Plan Rows": 162645, "Plan Width": 0, "Actual Startup Time": 99.917, "Actual Total Time": 106.712, "Actual Rows": 33955, "Actual Loops": 1, "Inner Unique": false, "Merge Cond": "(v.userid = c.userid)", "Plans": [{"Node Type": "Index Only Scan", "Parent Relationship": "Outer", "Parallel Aware": false, "Scan Direction": "Forward", "Index Name": "idx_votes_userid", "Relation Name": "votes", "Schema": "public", "Alias": "v", "Startup Cost": 0.3, "Total Cost": 6081.26, "Plan Rows": 328064, "Plan Width": 4, "Actual Startup Time": 0.009, "Actual Total Time": 17.747, "Actual Rows": 327980, "Actual Loops": 1, "Output": ["v.userid"], "Heap Fetches": 0}, {"Node Type": "Sort", "Parent Relationship": "Inner", "Parallel Aware": false, "Startup Cost": 12176.83, "Total Cost": 12181.98, "Plan Rows": 2060, "Plan Width": 8, "Actual Startup Time": 73.731, "Actual Total Time": 74.929, "Actual Rows": 36206, "Actual Loops": 1, "Output": ["c.userid", "u.id"], "Sort Key": ["c.userid"], "Sort Method": "quicksort", "Sort Space Used": 429, "Sort Space Type": "Memory", "Plans": [{"Node Type": "Nested Loop", "Parent Relationship": "Outer", "Parallel Aware": false, "Join Type": "Inner", "Startup Cost": 10592.34, "Total Cost": 12063.44, "Plan Rows": 2060, "Plan Width": 8, "Actual Startup Time": 61.368, "Actual Total Time": 72.883, "Actual Rows": 5051, "Actual Loops": 1, "Output": ["c.userid", "u.id"], "Inner Unique": false, "Plans": [{"Node Type": "Hash Join", "Parent Relationship": "Outer", "Parallel Aware": false, "Join Type": "Inner", "Startup Cost": 10591.92, "Total Cost": 10873.68, "Plan Rows": 1936, "Plan Width": 20, "Actual Startup Time": 61.334, "Actual Total Time": 63.767, "Actual Rows": 2505, "Actual Loops": 1, "Output": ["c.postid", "c.userid", "pl.postid", "p.id", "u.id"], "Inner Unique": false, "Hash Cond": "(pl.postid = c.postid)", "Plans": [{"Node Type": "Seq Scan", "Parent Relationship": "Outer", "Parallel Aware": false, "Relation Name": "postlinks", "Schema": "public", "Alias": "pl", "Startup Cost": 0.0, "Total Cost": 193.02, "Plan Rows": 11102, "Plan Width": 4, "Actual Startup Time": 0.007, "Actual Total Time": 0.606, "Actual Rows": 11102, "Actual Loops": 1, "Output": ["pl.id", "pl.creationdate", "pl.postid", "pl.relatedpostid", "pl.linktypeid"]}, {"Node Type": "Hash", "Parent Relationship": "Inner", "Parallel Aware": false, "Startup Cost": 10509.16, "Total Cost": 10509.16, "Plan Rows": 6621, "Plan Width": 16, "Actual Startup Time": 61.298, "Actual Total Time": 61.301, "Actual Rows": 6318, "Actual Loops": 1, "Output": ["c.postid", "c.userid", "p.id", "u.id"], "Hash Buckets": 8192, "Original Hash Buckets": 8192, "Hash Batches": 1, "Original Hash Batches": 1, "Peak Memory Usage": 361, "Plans": [{"Node Type": "Hash Join", "Parent Relationship": "Outer", "Parallel Aware": false, "Join Type": "Inner", "Startup Cost": 4015.32, "Total Cost": 10509.16, "Plan Rows": 6621, "Plan Width": 16, "Actual Startup Time": 27.814, "Actual Total Time": 60.272, "Actual Rows": 6318, "Actual Loops": 1, "Output": ["c.postid", "c.userid", "p.id", "u.id"], "Inner Unique": true, "Hash Cond": "(c.userid = u.id)", "Plans": [{"Node Type": "Hash Join", "Parent Relationship": "Outer", "Parallel Aware": false, "Join Type": "Inner", "Startup Cost": 2529.39, "Total Cost": 7210.22, "Plan Rows": 690600, "Plan Width": 12, "Actual Startup Time": 11.128, "Actual Total Time": 41.718, "Actual Rows": 17103, "Actual Loops": 1, "Output": ["c.postid", "c.userid", "p.id"], "Inner Unique": true, "Hash Cond": "(c.postid = p.id)", "Plans": [{"Node Type": "Seq Scan", "Parent Relationship": "Outer", "Parallel Aware": false, "Relation Name": "comments", "Schema": "public", "Alias": "c", "Startup Cost": 0.0, "Total Cost": 4332.34, "Plan Rows": 132753, "Plan Width": 8, "Actual Startup Time": 0.017, "Actual Total Time": 20.15, "Actual Rows": 134487, "Actual Loops": 1, "Output": ["c.id", "c.postid", "c.score", "c.creationdate", "c.userid"], "Filter": "((c.creationdate <= 1410432309) AND (c.creationdate >= 1279578388) AND (c.score = 0))", "Rows Removed by Filter": 39818}, {"Node Type": "Hash", "Parent Relationship": "Inner", "Parallel Aware": false, "Startup Cost": 2469.58, "Total Cost": 2469.58, "Plan Rows": 4785, "Plan Width": 4, "Actual Startup Time": 11.066, "Actual Total Time": 11.066, "Actual Rows": 10286, "Actual Loops": 1, "Output": ["p.id"], "Hash Buckets": 16384, "Original Hash Buckets": 8192, "Hash Batches": 1, "Original Hash Batches": 1, "Peak Memory Usage": 490, "Plans": [{"Node Type": "Seq Scan", "Parent Relationship": "Outer", "Parallel Aware": false, "Relation Name": "posts", "Schema": "public", "Alias": "p", "Startup Cost": 0.0, "Total Cost": 2469.58, "Plan Rows": 4785, "Plan Width": 4, "Actual Startup Time": 0.008, "Actual Total Time": 9.85, "Actual Rows": 10286, "Actual Loops": 1, "Output": ["p.id"], "Filter": "((p.favoritecount <= 2) AND (p.favoritecount >= 0) AND (p.posttypeid = 1))", "Rows Removed by Filter": 81690}]}]}, {"Node Type": "Hash", "Parent Relationship": "Inner", "Parallel Aware": false, "Startup Cost": 1002.69, "Total Cost": 1002.69, "Plan Rows": 38659, "Plan Width": 4, "Actual Startup Time": 15.94, "Actual Total Time": 15.941, "Actual Rows": 38753, "Actual Loops": 1, "Output": ["u.id"], "Hash Buckets": 65536, "Original Hash Buckets": 65536, "Hash Batches": 1, "Original Hash Batches": 1, "Peak Memory Usage": 1875, "Plans": [{"Node Type": "Seq Scan", "Parent Relationship": "Outer", "Parallel Aware": false, "Relation Name": "users", "Schema": "public", "Alias": "u", "Startup Cost": 0.0, "Total Cost": 1002.69, "Plan Rows": 38659, "Plan Width": 4, "Actual Startup Time": 0.173, "Actual Total Time": 9.572, "Actual Rows": 38753, "Actual Loops": 1, "Output": ["u.id"], "Filter": "((u.creationdate >= 1284746321) AND (u.downvotes <= 0) AND (u.upvotes >= 0))", "Rows Removed by Filter": 1572}]}]}]}]}, {"Node Type": "Index Scan", "Parent Relationship": "Inner", "Parallel Aware": false, "Scan Direction": "Forward", "Index Name": "idx_posthistory_postid", "Relation Name": "posthistory", "Schema": "public", "Alias": "ph", "Startup Cost": 0.42, "Total Cost": 0.6, "Plan Rows": 1, "Plan Width": 4, "Actual Startup Time": 0.003, "Actual Total Time": 0.003, "Actual Rows": 2, "Actual Loops": 2505, "Output": ["ph.id", "ph.posthistorytypeid", "ph.postid", "ph.creationdate", "ph.userid"], "Index Cond": "(ph.postid = c.postid)", "Rows Removed by Index Recheck": 0, "Filter": "(ph.posthistorytypeid = 5)", "Rows Removed by Filter": 5}]}]}]}]}, "Planning Time": 259.093, "Triggers": [], "Execution Time": 108.045}]
q95#####[{"Plan": {"Node Type": "Aggregate", "Strategy": "Plain", "Partial Mode": "Simple", "Parallel Aware": false, "Startup Cost": 93369.14, "Total Cost": 93369.15, "Plan Rows": 1, "Plan Width": 8, "Actual Startup Time": 3569.82, "Actual Total Time": 3569.823, "Actual Rows": 1, "Actual Loops": 1, "Output": ["count(*)"], "Plans": [{"Node Type": "Nested Loop", "Parent Relationship": "Outer", "Parallel Aware": false, "Join Type": "Inner", "Startup Cost": 1305.42, "Total Cost": 64187.42, "Plan Rows": 11672689, "Plan Width": 0, "Actual Startup Time": 12.444, "Actual Total Time": 3192.256, "Actual Rows": 10223864, "Actual Loops": 1, "Inner Unique": false, "Plans": [{"Node Type": "Hash Join", "Parent Relationship": "Outer", "Parallel Aware": false, "Join Type": "Inner", "Startup Cost": 1305.12, "Total Cost": 5551.03, "Plan Rows": 133066, "Plan Width": 8, "Actual Startup Time": 12.409, "Actual Total Time": 73.755, "Actual Rows": 132504, "Actual Loops": 1, "Output": ["c.userid", "u.id"], "Inner Unique": true, "Hash Cond": "(c.userid = u.id)", "Plans": [{"Node Type": "Seq Scan", "Parent Relationship": "Outer", "Parallel Aware": false, "Relation Name": "comments", "Schema": "public", "Alias": "c", "Startup Cost": 0.0, "Total Cost": 3896.57, "Plan Rows": 133066, "Plan Width": 4, "Actual Startup Time": 0.054, "Actual Total Time": 28.411, "Actual Rows": 134659, "Actual Loops": 1, "Output": ["c.id", "c.postid", "c.score", "c.creationdate", "c.userid"], "Filter": "((c.creationdate >= 1279925209) AND (c.score = 0))", "Rows Removed by Filter": 39646}, {"Node Type": "Hash", "Parent Relationship": "Inner", "Parallel Aware": false, "Startup Cost": 801.06, "Total Cost": 801.06, "Plan Rows": 40325, "Plan Width": 4, "Actual Startup Time": 12.218, "Actual Total Time": 12.219, "Actual Rows": 40325, "Actual Loops": 1, "Output": ["u.id"], "Hash Buckets": 65536, "Original Hash Buckets": 65536, "Hash Batches": 1, "Original Hash Batches": 1, "Peak Memory Usage": 1930, "Plans": [{"Node Type": "Seq Scan", "Parent Relationship": "Outer", "Parallel Aware": false, "Relation Name": "users", "Schema": "public", "Alias": "u", "Startup Cost": 0.0, "Total Cost": 801.06, "Plan Rows": 40325, "Plan Width": 4, "Actual Startup Time": 0.011, "Actual Total Time": 6.488, "Actual Rows": 40325, "Actual Loops": 1, "Output": ["u.id"], "Filter": "(u.upvotes >= 0)", "Rows Removed by Filter": 0}]}]}, {"Node Type": "Index Scan", "Parent Relationship": "Inner", "Parallel Aware": false, "Scan Direction": "Forward", "Index Name": "idx_badges_userid", "Relation Name": "badges", "Schema": "public", "Alias": "b", "Startup Cost": 0.29, "Total Cost": 0.4, "Plan Rows": 4, "Plan Width": 4, "Actual Startup Time": 0.001, "Actual Total Time": 0.019, "Actual Rows": 77, "Actual Loops": 132504, "Output": ["b.id", "b.userid", "b.date"], "Index Cond": "(b.userid = c.userid)", "Rows Removed by Index Recheck": 0, "Filter": "((b.date <= 1410505896) AND (b.date >= 1279542846))", "Rows Removed by Filter": 0}]}]}, "Planning Time": 77.058, "Triggers": [], "Execution Time": 3569.905}]
q81#####[{"Plan": {"Node Type": "Aggregate", "Strategy": "Plain", "Partial Mode": "Simple", "Parallel Aware": false, "Startup Cost": 39494.7, "Total Cost": 39494.71, "Plan Rows": 1, "Plan Width": 8, "Actual Startup Time": 417.399, "Actual Total Time": 417.406, "Actual Rows": 1, "Actual Loops": 1, "Output": ["count(*)"], "Plans": [{"Node Type": "Hash Join", "Parent Relationship": "Outer", "Parallel Aware": false, "Join Type": "Inner", "Startup Cost": 28015.41, "Total Cost": 36354.94, "Plan Rows": 1255905, "Plan Width": 0, "Actual Startup Time": 219.393, "Actual Total Time": 384.521, "Actual Rows": 978405, "Actual Loops": 1, "Inner Unique": false, "Hash Cond": "(c.postid = p.id)", "Plans": [{"Node Type": "Seq Scan", "Parent Relationship": "Outer", "Parallel Aware": false, "Relation Name": "comments", "Schema": "public", "Alias": "c", "Startup Cost": 0.0, "Total Cost": 3460.81, "Plan Rows": 134348, "Plan Width": 4, "Actual Startup Time": 0.016, "Actual Total Time": 17.018, "Actual Rows": 134887, "Actual Loops": 1, "Output": ["c.postid"], "Filter": "(c.score = 0)", "Rows Removed by Filter": 39418}, {"Node Type": "Hash", "Parent Relationship": "Inner", "Parallel Aware": false, "Startup Cost": 25199.7, "Total Cost": 25199.7, "Plan Rows": 161977, "Plan Width": 16, "Actual Startup Time": 218.361, "Actual Total Time": 218.367, "Actual Rows": 377582, "Actual Loops": 1, "Output": ["ph.postid", "pl.postid", "p.id", "v.postid"], "Hash Buckets": 131072, "Original Hash Buckets": 131072, "Hash Batches": 16, "Original Hash Batches": 4, "Peak Memory Usage": 3073, "Plans": [{"Node Type": "Hash Join", "Parent Relationship": "Outer", "Parallel Aware": false, "Join Type": "Inner", "Startup Cost": 15026.9, "Total Cost": 25199.7, "Plan Rows": 161977, "Plan Width": 16, "Actual Startup Time": 60.045, "Actual Total Time": 164.499, "Actual Rows": 377582, "Actual Loops": 1, "Output": ["ph.postid", "pl.postid", "p.id", "v.postid"], "Inner Unique": false, "Hash Cond": "(v.postid = p.id)", "Plans": [{"Node Type": "Seq Scan", "Parent Relationship": "Outer", "Parallel Aware": false, "Relation Name": "votes", "Schema": "public", "Alias": "v", "Startup Cost": 0.0, "Total Cost": 7333.96, "Plan Rows": 325086, "Plan Width": 4, "Actual Startup Time": 0.166, "Actual Total Time": 35.868, "Actual Rows": 326887, "Actual Loops": 1, "Output": ["v.id", "v.postid", "v.votetypeid", "v.creationdate", "v.userid", "v.bountyamount"], "Filter": "((v.creationdate <= 1410624000) AND (v.creationdate >= 1279728000))", "Rows Removed by Filter": 1177}, {"Node Type": "Hash", "Parent Relationship": "Inner", "Parallel Aware": false, "Startup Cost": 14454.05, "Total Cost": 14454.05, "Plan Rows": 45828, "Plan Width": 12, "Actual Startup Time": 59.713, "Actual Total Time": 59.716, "Actual Rows": 55626, "Actual Loops": 1, "Output": ["ph.postid", "pl.postid", "p.id"], "Hash Buckets": 65536, "Original Hash Buckets": 65536, "Hash Batches": 1, "Original Hash Batches": 1, "Peak Memory Usage": 2903, "Plans": [{"Node Type": "Merge Join", "Parent Relationship": "Outer", "Parallel Aware": false, "Join Type": "Inner", "Startup Cost": 1.16, "Total Cost": 14454.05, "Plan Rows": 45828, "Plan Width": 12, "Actual Startup Time": 0.085, "Actual Total Time": 52.505, "Actual Rows": 55626, "Actual Loops": 1, "Output": ["ph.postid", "pl.postid", "p.id"], "Inner Unique": false, "Merge Cond": "(p.id = ph.postid)", "Plans": [{"Node Type": "Merge Join", "Parent Relationship": "Outer", "Parallel Aware": false, "Join Type": "Inner", "Startup Cost": 0.66, "Total Cost": 3230.64, "Plan Rows": 97940, "Plan Width": 8, "Actual Startup Time": 0.059, "Actual Total Time": 15.009, "Actual Rows": 9794, "Actual Loops": 1, "Output": ["pl.postid", "p.id"], "Inner Unique": true, "Merge Cond": "(pl.postid = p.id)", "Plans": [{"Node Type": "Index Scan", "Parent Relationship": "Outer", "Parallel Aware": false, "Scan Direction": "Forward", "Index Name": "idx_postlinks_postid", "Relation Name": "postlinks", "Schema": "public", "Alias": "pl", "Startup Cost": 0.29, "Total Cost": 482.8, "Plan Rows": 9794, "Plan Width": 4, "Actual Startup Time": 0.029, "Actual Total Time": 2.939, "Actual Rows": 9794, "Actual Loops": 1, "Output": ["pl.id", "pl.creationdate", "pl.postid", "pl.relatedpostid", "pl.linktypeid"], "Filter": "((pl.creationdate <= 1409560196) AND (pl.creationdate >= 1321886381))", "Rows Removed by Filter": 1308}, {"Node Type": "Index Only Scan", "Parent Relationship": "Inner", "Parallel Aware": false, "Scan Direction": "Forward", "Index Name": "posts_pkey", "Relation Name": "posts", "Schema": "public", "Alias": "p", "Startup Cost": 0.29, "Total Cost": 2395.93, "Plan Rows": 91976, "Plan Width": 4, "Actual Startup Time": 0.026, "Actual Total Time": 7.291, "Actual Rows": 90664, "Actual Loops": 1, "Output": ["p.id"], "Heap Fetches": 0}]}, {"Node Type": "Index Only Scan", "Parent Relationship": "Inner", "Parallel Aware": false, "Scan Direction": "Forward", "Index Name": "idx_posthistory_postid", "Relation Name": "posthistory", "Schema": "public", "Alias": "ph", "Startup Cost": 0.42, "Total Cost": 6520.23, "Plan Rows": 303187, "Plan Width": 4, "Actual Startup Time": 0.02, "Actual Total Time": 22.447, "Actual Rows": 317815, "Actual Loops": 1, "Output": ["ph.postid"], "Heap Fetches": 0}]}]}]}]}]}]}, "Planning Time": 164.241, "Triggers": [], "Execution Time": 417.559}]
q143#####[{"Plan": {"Node Type": "Aggregate", "Strategy": "Plain", "Partial Mode": "Simple", "Parallel Aware": false, "Startup Cost": 113553.4, "Total Cost": 113553.41, "Plan Rows": 1, "Plan Width": 8, "Actual Startup Time": 598.308, "Actual Total Time": 598.311, "Actual Rows": 1, "Actual Loops": 1, "Output": ["count(*)"], "Plans": [{"Node Type": "Nested Loop", "Parent Relationship": "Outer", "Parallel Aware": false, "Join Type": "Inner", "Startup Cost": 1499.78, "Total Cost": 54434.87, "Plan Rows": 23647413, "Plan Width": 0, "Actual Startup Time": 18.415, "Actual Total Time": 544.012, "Actual Rows": 1459345, "Actual Loops": 1, "Inner Unique": false, "Plans": [{"Node Type": "Hash Join", "Parent Relationship": "Outer", "Parallel Aware": false, "Join Type": "Inner", "Startup Cost": 1499.49, "Total Cost": 4767.06, "Plan Rows": 40610, "Plan Width": 8, "Actual Startup Time": 18.356, "Actual Total Time": 47.49, "Actual Rows": 39797, "Actual Loops": 1, "Output": ["p.owneruserid", "u.id"], "Inner Unique": true, "Hash Cond": "(p.owneruserid = u.id)", "Plans": [{"Node Type": "Seq Scan", "Parent Relationship": "Outer", "Parallel Aware": false, "Relation Name": "posts", "Schema": "public", "Alias": "p", "Startup Cost": 0.0, "Total Cost": 3159.4, "Plan Rows": 41204, "Plan Width": 4, "Actual Startup Time": 0.164, "Actual Total Time": 16.825, "Actual Rows": 41703, "Actual Loops": 1, "Output": ["p.id", "p.posttypeid", "p.creationdate", "p.score", "p.viewcount", "p.owneruserid", "p.answercount", "p.commentcount", "p.favoritecount", "p.lasteditoruserid"], "Filter": "((p.answercount <= 4) AND (p.answercount >= 0) AND (p.commentcount <= 11) AND (p.commentcount >= 0) AND (p.creationdate <= 1410574190) AND (p.creationdate >= 1280108808))", "Rows Removed by Filter": 50273}, {"Node Type": "Hash", "Parent Relationship": "Inner", "Parallel Aware": false, "Startup Cost": 1002.69, "Total Cost": 1002.69, "Plan Rows": 39744, "Plan Width": 4, "Actual Startup Time": 17.971, "Actual Total Time": 17.972, "Actual Rows": 39730, "Actual Loops": 1, "Output": ["u.id"], "Hash Buckets": 65536, "Original Hash Buckets": 65536, "Hash Batches": 1, "Original Hash Batches": 1, "Peak Memory Usage": 1909, "Plans": [{"Node Type": "Seq Scan", "Parent Relationship": "Outer", "Parallel Aware": false, "Relation Name": "users", "Schema": "public", "Alias": "u", "Startup Cost": 0.0, "Total Cost": 1002.69, "Plan Rows": 39744, "Plan Width": 4, "Actual Startup Time": 0.112, "Actual Total Time": 10.321, "Actual Rows": 39730, "Actual Loops": 1, "Output": ["u.id"], "Filter": "((u.creationdate <= 1410459603) AND (u.creationdate >= 1280835760) AND (u.reputation >= 1))", "Rows Removed by Filter": 595}]}]}, {"Node Type": "Index Scan", "Parent Relationship": "Inner", "Parallel Aware": false, "Scan Direction": "Forward", "Index Name": "idx_comments_userid", "Relation Name": "comments", "Schema": "public", "Alias": "c", "Startup Cost": 0.29, "Total Cost": 0.96, "Plan Rows": 26, "Plan Width": 4, "Actual Startup Time": 0.001, "Actual Total Time": 0.01, "Actual Rows": 37, "Actual Loops": 39797, "Output": ["c.id", "c.postid", "c.score", "c.creationdate", "c.userid"], "Index Cond": "(c.userid = p.owneruserid)", "Rows Removed by Index Recheck": 0, "Filter": "(c.creationdate >= 1280223998)", "Rows Removed by Filter": 0}]}]}, "Planning Time": 72.469, "Triggers": [], "Execution Time": 598.44}]
q142#####[{"Plan": {"Node Type": "Aggregate", "Strategy": "Plain", "Partial Mode": "Simple", "Parallel Aware": false, "Startup Cost": 5723436.71, "Total Cost": 5723436.72, "Plan Rows": 1, "Plan Width": 8, "Actual Startup Time": 1023.905, "Actual Total Time": 1023.911, "Actual Rows": 1, "Actual Loops": 1, "Output": ["count(*)"], "Plans": [{"Node Type": "Hash Join", "Parent Relationship": "Outer", "Parallel Aware": false, "Join Type": "Inner", "Startup Cost": 13193.43, "Total Cost": 1995938.64, "Plan Rows": 1490999227, "Plan Width": 0, "Actual Startup Time": 68.734, "Actual Total Time": 969.174, "Actual Rows": 1490297, "Actual Loops": 1, "Inner Unique": false, "Hash Cond": "(c.userid = u.id)", "Plans": [{"Node Type": "Nested Loop", "Parent Relationship": "Outer", "Parallel Aware": false, "Join Type": "Inner", "Startup Cost": 0.29, "Total Cost": 51514.14, "Plan Rows": 19378946, "Plan Width": 8, "Actual Startup Time": 0.056, "Actual Total Time": 617.905, "Actual Rows": 1458221, "Actual Loops": 1, "Output": ["c.userid", "p.owneruserid"], "Inner Unique": false, "Plans": [{"Node Type": "Seq Scan", "Parent Relationship": "Outer", "Parallel Aware": false, "Relation Name": "posts", "Schema": "public", "Alias": "p", "Startup Cost": 0.0, "Total Cost": 2009.7, "Plan Rows": 42763, "Plan Width": 4, "Actual Startup Time": 0.028, "Actual Total Time": 13.498, "Actual Rows": 42921, "Actual Loops": 1, "Output": ["p.id", "p.posttypeid", "p.creationdate", "p.score", "p.viewcount", "p.owneruserid", "p.answercount", "p.commentcount", "p.favoritecount", "p.lasteditoruserid"], "Filter": "(p.viewcount >= 0)", "Rows Removed by Filter": 49055}, {"Node Type": "Index Scan", "Parent Relationship": "Inner", "Parallel Aware": false, "Scan Direction": "Forward", "Index Name": "idx_comments_userid", "Relation Name": "comments", "Schema": "public", "Alias": "c", "Startup Cost": 0.29, "Total Cost": 0.96, "Plan Rows": 20, "Plan Width": 4, "Actual Startup Time": 0.001, "Actual Total Time": 0.011, "Actual Rows": 34, "Actual Loops": 42921, "Output": ["c.id", "c.postid", "c.score", "c.creationdate", "c.userid"], "Index Cond": "(c.userid = p.owneruserid)", "Rows Removed by Index Recheck": 0, "Filter": "(c.score = 0)", "Rows Removed by Filter": 8}]}, {"Node Type": "Hash", "Parent Relationship": "Inner", "Parallel Aware": false, "Startup Cost": 7947.97, "Total Cost": 7947.97, "Plan Rows": 319693, "Plan Width": 8, "Actual Startup Time": 67.76, "Actual Total Time": 67.764, "Actual Rows": 18280, "Actual Loops": 1, "Output": ["u.id", "v.userid"], "Hash Buckets": 131072, "Original Hash Buckets": 131072, "Hash Batches": 8, "Original Hash Batches": 8, "Peak Memory Usage": 1131, "Plans": [{"Node Type": "Hash Join", "Parent Relationship": "Outer", "Parallel Aware": false, "Join Type": "Inner", "Startup Cost": 1393.08, "Total Cost": 7947.97, "Plan Rows": 319693, "Plan Width": 8, "Actual Startup Time": 16.386, "Actual Total Time": 64.932, "Actual Rows": 18280, "Actual Loops": 1, "Output": ["u.id", "v.userid"], "Inner Unique": true, "Hash Cond": "(v.userid = u.id)", "Plans": [{"Node Type": "Seq Scan", "Parent Relationship": "Outer", "Parallel Aware": false, "Relation Name": "votes", "Schema": "public", "Alias": "v", "Startup Cost": 0.0, "Total Cost": 5693.64, "Plan Rows": 328064, "Plan Width": 4, "Actual Startup Time": 0.013, "Actual Total Time": 16.957, "Actual Rows": 328064, "Actual Loops": 1, "Output": ["v.id", "v.postid", "v.votetypeid", "v.creationdate", "v.userid", "v.bountyamount"]}, {"Node Type": "Hash", "Parent Relationship": "Inner", "Parallel Aware": false, "Startup Cost": 901.88, "Total Cost": 901.88, "Plan Rows": 39296, "Plan Width": 4, "Actual Startup Time": 16.198, "Actual Total Time": 16.199, "Actual Rows": 39321, "Actual Loops": 1, "Output": ["u.id"], "Hash Buckets": 65536, "Original Hash Buckets": 65536, "Hash Batches": 1, "Original Hash Batches": 1, "Peak Memory Usage": 1895, "Plans": [{"Node Type": "Seq Scan", "Parent Relationship": "Outer", "Parallel Aware": false, "Relation Name": "users", "Schema": "public", "Alias": "u", "Startup Cost": 0.0, "Total Cost": 901.88, "Plan Rows": 39296, "Plan Width": 4, "Actual Startup Time": 0.011, "Actual Total Time": 8.971, "Actual Rows": 39321, "Actual Loops": 1, "Output": ["u.id"], "Filter": "((u.reputation <= 306) AND (u.upvotes >= 0))", "Rows Removed by Filter": 1004}]}]}]}]}]}, "Planning Time": 127.342, "Triggers": [], "Execution Time": 1024.042}]
q80#####[{"Plan": {"Node Type": "Aggregate", "Strategy": "Plain", "Partial Mode": "Simple", "Parallel Aware": false, "Startup Cost": 30199.27, "Total Cost": 30199.28, "Plan Rows": 1, "Plan Width": 8, "Actual Startup Time": 392.752, "Actual Total Time": 392.758, "Actual Rows": 1, "Actual Loops": 1, "Output": ["count(*)"], "Plans": [{"Node Type": "Hash Join", "Parent Relationship": "Outer", "Parallel Aware": false, "Join Type": "Inner", "Startup Cost": 13139.49, "Total Cost": 28957.72, "Plan Rows": 496619, "Plan Width": 0, "Actual Startup Time": 171.721, "Actual Total Time": 360.906, "Actual Rows": 897718, "Actual Loops": 1, "Inner Unique": false, "Hash Cond": "(v.postid = p.id)", "Plans": [{"Node Type": "Seq Scan", "Parent Relationship": "Outer", "Parallel Aware": false, "Relation Name": "votes", "Schema": "public", "Alias": "v", "Startup Cost": 0.0, "Total Cost": 5693.64, "Plan Rows": 328064, "Plan Width": 4, "Actual Startup Time": 0.019, "Actual Total Time": 30.706, "Actual Rows": 328064, "Actual Loops": 1, "Output": ["v.postid"]}, {"Node Type": "Hash", "Parent Relationship": "Inner", "Parallel Aware": false, "Startup Cost": 10855.09, "Total Cost": 10855.09, "Plan Rows": 139232, "Plan Width": 8, "Actual Startup Time": 170.908, "Actual Total Time": 170.912, "Actual Rows": 210059, "Actual Loops": 1, "Output": ["ph.postid", "p.id"], "Hash Buckets": 131072, "Original Hash Buckets": 131072, "Hash Batches": 4, "Original Hash Batches": 2, "Peak Memory Usage": 3132, "Plans": [{"Node Type": "Hash Join", "Parent Relationship": "Outer", "Parallel Aware": false, "Join Type": "Inner", "Startup Cost": 4431.81, "Total Cost": 10855.09, "Plan Rows": 139232, "Plan Width": 8, "Actual Startup Time": 31.955, "Actual Total Time": 141.658, "Actual Rows": 210059, "Actual Loops": 1, "Output": ["ph.postid", "p.id"], "Inner Unique": true, "Hash Cond": "(p.owneruserid = u.id)", "Plans": [{"Node Type": "Hash Join", "Parent Relationship": "Outer", "Parallel Aware": false, "Join Type": "Inner", "Startup Cost": 3227.49, "Total Cost": 9285.26, "Plan Rows": 139232, "Plan Width": 12, "Actual Startup Time": 19.814, "Actual Total Time": 95.679, "Actual Rows": 214126, "Actual Loops": 1, "Output": ["ph.postid", "p.id", "p.owneruserid"], "Inner Unique": true, "Hash Cond": "(ph.postid = p.id)", "Plans": [{"Node Type": "Seq Scan", "Parent Relationship": "Outer", "Parallel Aware": false, "Relation Name": "posthistory", "Schema": "public", "Alias": "ph", "Startup Cost": 0.0, "Total Cost": 5261.87, "Plan Rows": 303187, "Plan Width": 4, "Actual Startup Time": 0.016, "Actual Total Time": 18.097, "Actual Rows": 303187, "Actual Loops": 1, "Output": ["ph.id", "ph.posthistorytypeid", "ph.postid", "ph.creationdate", "ph.userid"]}, {"Node Type": "Hash", "Parent Relationship": "Inner", "Parallel Aware": false, "Startup Cost": 2699.52, "Total Cost": 2699.52, "Plan Rows": 42238, "Plan Width": 8, "Actual Startup Time": 19.548, "Actual Total Time": 19.55, "Actual Rows": 42382, "Actual Loops": 1, "Output": ["p.id", "p.owneruserid"], "Hash Buckets": 65536, "Original Hash Buckets": 65536, "Hash Batches": 1, "Original Hash Batches": 1, "Peak Memory Usage": 2168, "Plans": [{"Node Type": "Seq Scan", "Parent Relationship": "Outer", "Parallel Aware": false, "Relation Name": "posts", "Schema": "public", "Alias": "p", "Startup Cost": 0.0, "Total Cost": 2699.52, "Plan Rows": 42238, "Plan Width": 8, "Actual Startup Time": 0.011, "Actual Total Time": 14.014, "Actual Rows": 42382, "Actual Loops": 1, "Output": ["p.id", "p.owneruserid"], "Filter": "((p.commentcount <= 11) AND (p.commentcount >= 0) AND (p.score >= '-1'::integer) AND (p.posttypeid = 1))", "Rows Removed by Filter": 49594}]}]}, {"Node Type": "Hash", "Parent Relationship": "Inner", "Parallel Aware": false, "Startup Cost": 700.25, "Total Cost": 700.25, "Plan Rows": 40325, "Plan Width": 4, "Actual Startup Time": 11.983, "Actual Total Time": 11.984, "Actual Rows": 40325, "Actual Loops": 1, "Output": ["u.id"], "Hash Buckets": 65536, "Original Hash Buckets": 65536, "Hash Batches": 1, "Original Hash Batches": 1, "Peak Memory Usage": 1930, "Plans": [{"Node Type": "Seq Scan", "Parent Relationship": "Outer", "Parallel Aware": false, "Relation Name": "users", "Schema": "public", "Alias": "u", "Startup Cost": 0.0, "Total Cost": 700.25, "Plan Rows": 40325, "Plan Width": 4, "Actual Startup Time": 0.017, "Actual Total Time": 5.311, "Actual Rows": 40325, "Actual Loops": 1, "Output": ["u.id"]}]}]}]}]}]}, "Planning Time": 113.337, "Triggers": [], "Execution Time": 392.864}]
q94#####[{"Plan": {"Node Type": "Aggregate", "Strategy": "Plain", "Partial Mode": "Simple", "Parallel Aware": false, "Startup Cost": 30293788.51, "Total Cost": 30293788.52, "Plan Rows": 1, "Plan Width": 8, "Actual Startup Time": 39141.325, "Actual Total Time": 39141.327, "Actual Rows": 1, "Actual Loops": 1, "Output": ["count(*)"], "Plans": [{"Node Type": "Nested Loop", "Parent Relationship": "Outer", "Parallel Aware": false, "Join Type": "Inner", "Startup Cost": 1494.92, "Total Cost": 21811495.96, "Plan Rows": 3392917019, "Plan Width": 0, "Actual Startup Time": 12.628, "Actual Total Time": 30561.421, "Actual Rows": 255355807, "Actual Loops": 1, "Inner Unique": false, "Plans": [{"Node Type": "Nested Loop", "Parent Relationship": "Outer", "Parallel Aware": false, "Join Type": "Inner", "Startup Cost": 1494.5, "Total Cost": 121352.84, "Plan Rows": 17869771, "Plan Width": 16, "Actual Startup Time": 12.613, "Actual Total Time": 846.606, "Actual Rows": 1885363, "Actual Loops": 1, "Output": ["b.userid", "c.userid", "p.owneruserid", "u.id"], "Inner Unique": false, "Plans": [{"Node Type": "Nested Loop", "Parent Relationship": "Outer", "Parallel Aware": false, "Join Type": "Inner", "Startup Cost": 1494.21, "Total Cost": 5831.12, "Plan Rows": 95758, "Plan Width": 12, "Actual Startup Time": 12.58, "Actual Total Time": 60.365, "Actual Rows": 69518, "Actual Loops": 1, "Output": ["b.userid", "p.owneruserid", "u.id"], "Inner Unique": false, "Join Filter": "(p.owneruserid = b.userid)", "Rows Removed by Join Filter": 0, "Plans": [{"Node Type": "Hash Join", "Parent Relationship": "Outer", "Parallel Aware": false, "Join Type": "Inner", "Startup Cost": 1493.91, "Total Cost": 4660.64, "Plan Rows": 2722, "Plan Width": 8, "Actual Startup Time": 12.561, "Actual Total Time": 30.733, "Actual Rows": 9610, "Actual Loops": 1, "Output": ["p.owneruserid", "u.id"], "Inner Unique": true, "Hash Cond": "(p.owneruserid = u.id)", "Plans": [{"Node Type": "Seq Scan", "Parent Relationship": "Outer", "Parallel Aware": false, "Relation Name": "posts", "Schema": "public", "Alias": "p", "Startup Cost": 0.0, "Total Cost": 3159.4, "Plan Rows": 2793, "Plan Width": 4, "Actual Startup Time": 0.024, "Actual Total Time": 13.179, "Actual Rows": 13007, "Actual Loops": 1, "Output": ["p.id", "p.posttypeid", "p.creationdate", "p.score", "p.viewcount", "p.owneruserid", "p.answercount", "p.commentcount", "p.favoritecount", "p.lasteditoruserid"], "Filter": "((p.commentcount <= 11) AND (p.commentcount >= 0) AND (p.favoritecount >= 0) AND (p.viewcount <= 25597) AND (p.viewcount >= 0) AND (p.posttypeid = 1))", "Rows Removed by Filter": 78969}, {"Node Type": "Hash", "Parent Relationship": "Inner", "Parallel Aware": false, "Startup Cost": 1002.69, "Total Cost": 1002.69, "Plan Rows": 39298, "Plan Width": 4, "Actual Startup Time": 12.387, "Actual Total Time": 12.388, "Actual Rows": 39532, "Actual Loops": 1, "Output": ["u.id"], "Hash Buckets": 65536, "Original Hash Buckets": 65536, "Hash Batches": 1, "Original Hash Batches": 1, "Peak Memory Usage": 1902, "Plans": [{"Node Type": "Seq Scan", "Parent Relationship": "Outer", "Parallel Aware": false, "Relation Name": "users", "Schema": "public", "Alias": "u", "Startup Cost": 0.0, "Total Cost": 1002.69, "Plan Rows": 39298, "Plan Width": 4, "Actual Startup Time": 0.01, "Actual Total Time": 7.311, "Actual Rows": 39532, "Actual Loops": 1, "Output": ["u.id"], "Filter": "((u.downvotes <= 0) AND (u.upvotes <= 123) AND (u.upvotes >= 0))", "Rows Removed by Filter": 793}]}]}, {"Node Type": "Index Only Scan", "Parent Relationship": "Inner", "Parallel Aware": false, "Scan Direction": "Forward", "Index Name": "idx_badges_userid", "Relation Name": "badges", "Schema": "public", "Alias": "b", "Startup Cost": 0.29, "Total Cost": 0.38, "Plan Rows": 4, "Plan Width": 4, "Actual Startup Time": 0.002, "Actual Total Time": 0.002, "Actual Rows": 7, "Actual Loops": 9610, "Output": ["b.userid"], "Index Cond": "(b.userid = u.id)", "Rows Removed by Index Recheck": 0, "Heap Fetches": 0}]}, {"Node Type": "Index Scan", "Parent Relationship": "Inner", "Parallel Aware": false, "Scan Direction": "Forward", "Index Name": "idx_comments_userid", "Relation Name": "comments", "Schema": "public", "Alias": "c", "Startup Cost": 0.29, "Total Cost": 0.96, "Plan Rows": 25, "Plan Width": 4, "Actual Startup Time": 0.001, "Actual Total Time": 0.009, "Actual Rows": 27, "Actual Loops": 69518, "Output": ["c.id", "c.postid", "c.score", "c.creationdate", "c.userid"], "Index Cond": "(c.userid = b.userid)", "Rows Removed by Index Recheck": 0, "Filter": "((c.creationdate <= 1409180061) AND (c.creationdate >= 1282181629))", "Rows Removed by Filter": 1}]}, {"Node Type": "Index Only Scan", "Parent Relationship": "Inner", "Parallel Aware": false, "Scan Direction": "Forward", "Index Name": "idx_posthistory_userid", "Relation Name": "posthistory", "Schema": "public", "Alias": "ph", "Startup Cost": 0.42, "Total Cost": 0.93, "Plan Rows": 28, "Plan Width": 4, "Actual Startup Time": 0.001, "Actual Total Time": 0.009, "Actual Rows": 135, "Actual Loops": 1885363, "Output": ["ph.userid"], "Index Cond": "(ph.userid = b.userid)", "Rows Removed by Index Recheck": 0, "Heap Fetches": 0}]}]}, "Planning Time": 185.399, "Triggers": [], "Execution Time": 39141.44}]
q43#####[{"Plan": {"Node Type": "Aggregate", "Strategy": "Plain", "Partial Mode": "Simple", "Parallel Aware": false, "Startup Cost": 274402.13, "Total Cost": 274402.14, "Plan Rows": 1, "Plan Width": 8, "Actual Startup Time": 737.415, "Actual Total Time": 737.421, "Actual Rows": 1, "Actual Loops": 1, "Output": ["count(*)"], "Plans": [{"Node Type": "Hash Join", "Parent Relationship": "Outer", "Parallel Aware": false, "Join Type": "Inner", "Startup Cost": 13378.66, "Total Cost": 185978.47, "Plan Rows": 35369463, "Plan Width": 0, "Actual Startup Time": 70.706, "Actual Total Time": 593.122, "Actual Rows": 3778084, "Actual Loops": 1, "Inner Unique": false, "Hash Cond": "(b.userid = u.id)", "Plans": [{"Node Type": "Nested Loop", "Parent Relationship": "Outer", "Parallel Aware": false, "Join Type": "Inner", "Startup Cost": 0.29, "Total Cost": 20307.7, "Plan Rows": 1499031, "Plan Width": 8, "Actual Startup Time": 0.045, "Actual Total Time": 112.317, "Actual Rows": 450917, "Actual Loops": 1, "Output": ["b.userid", "p.owneruserid"], "Inner Unique": false, "Plans": [{"Node Type": "Seq Scan", "Parent Relationship": "Outer", "Parallel Aware": false, "Relation Name": "posts", "Schema": "public", "Alias": "p", "Startup Cost": 0.0, "Total Cost": 2469.58, "Plan Rows": 42609, "Plan Width": 4, "Actual Startup Time": 0.029, "Actual Total Time": 13.101, "Actual Rows": 42786, "Actual Loops": 1, "Output": ["p.id", "p.posttypeid", "p.creationdate", "p.score", "p.viewcount", "p.owneruserid", "p.answercount", "p.commentcount", "p.favoritecount", "p.lasteditoruserid"], "Filter": "((p.commentcount <= 15) AND (p.commentcount >= 0) AND (p.posttypeid = 1))", "Rows Removed by Filter": 49190}, {"Node Type": "Index Only Scan", "Parent Relationship": "Inner", "Parallel Aware": false, "Scan Direction": "Forward", "Index Name": "idx_badges_userid", "Relation Name": "badges", "Schema": "public", "Alias": "b", "Startup Cost": 0.29, "Total Cost": 0.38, "Plan Rows": 4, "Plan Width": 4, "Actual Startup Time": 0.001, "Actual Total Time": 0.002, "Actual Rows": 11, "Actual Loops": 42786, "Output": ["b.userid"], "Index Cond": "(b.userid = p.owneruserid)", "Rows Removed by Index Recheck": 0, "Heap Fetches": 0}]}, {"Node Type": "Hash", "Parent Relationship": "Inner", "Parallel Aware": false, "Startup Cost": 8055.95, "Total Cost": 8055.95, "Plan Rows": 324354, "Plan Width": 8, "Actual Startup Time": 69.923, "Actual Total Time": 69.926, "Actual Rows": 23113, "Actual Loops": 1, "Output": ["u.id", "v.userid"], "Hash Buckets": 131072, "Original Hash Buckets": 131072, "Hash Batches": 8, "Original Hash Batches": 8, "Peak Memory Usage": 1164, "Plans": [{"Node Type": "Hash Join", "Parent Relationship": "Outer", "Parallel Aware": false, "Join Type": "Inner", "Startup Cost": 1501.05, "Total Cost": 8055.95, "Plan Rows": 324354, "Plan Width": 8, "Actual Startup Time": 15.8, "Actual Total Time": 66.325, "Actual Rows": 23113, "Actual Loops": 1, "Output": ["u.id", "v.userid"], "Inner Unique": true, "Hash Cond": "(v.userid = u.id)", "Plans": [{"Node Type": "Seq Scan", "Parent Relationship": "Outer", "Parallel Aware": false, "Relation Name": "votes", "Schema": "public", "Alias": "v", "Startup Cost": 0.0, "Total Cost": 5693.64, "Plan Rows": 328064, "Plan Width": 4, "Actual Startup Time": 0.012, "Actual Total Time": 17.5, "Actual Rows": 328064, "Actual Loops": 1, "Output": ["v.id", "v.postid", "v.votetypeid", "v.creationdate", "v.userid", "v.bountyamount"]}, {"Node Type": "Hash", "Parent Relationship": "Inner", "Parallel Aware": false, "Startup Cost": 1002.69, "Total Cost": 1002.69, "Plan Rows": 39869, "Plan Width": 4, "Actual Startup Time": 15.611, "Actual Total Time": 15.612, "Actual Rows": 39882, "Actual Loops": 1, "Output": ["u.id"], "Hash Buckets": 65536, "Original Hash Buckets": 65536, "Hash Batches": 1, "Original Hash Batches": 1, "Peak Memory Usage": 1915, "Plans": [{"Node Type": "Seq Scan", "Parent Relationship": "Outer", "Parallel Aware": false, "Relation Name": "users", "Schema": "public", "Alias": "u", "Startup Cost": 0.0, "Total Cost": 1002.69, "Plan Rows": 39869, "Plan Width": 4, "Actual Startup Time": 0.01, "Actual Total Time": 8.786, "Actual Rows": 39882, "Actual Loops": 1, "Output": ["u.id"], "Filter": "((u.downvotes <= 1) AND (u.downvotes >= 0) AND (u.reputation >= 1))", "Rows Removed by Filter": 443}]}]}]}]}]}, "Planning Time": 91.074, "Triggers": [], "Execution Time": 737.53}]
q57#####[{"Plan": {"Node Type": "Aggregate", "Strategy": "Plain", "Partial Mode": "Simple", "Parallel Aware": false, "Startup Cost": 218829.51, "Total Cost": 218829.52, "Plan Rows": 1, "Plan Width": 8, "Actual Startup Time": 21495.248, "Actual Total Time": 21495.251, "Actual Rows": 1, "Actual Loops": 1, "Output": ["count(*)"], "Plans": [{"Node Type": "Merge Join", "Parent Relationship": "Outer", "Parallel Aware": false, "Join Type": "Inner", "Startup Cost": 18085.31, "Total Cost": 45682.98, "Plan Rows": 69258613, "Plan Width": 0, "Actual Startup Time": 257.117, "Actual Total Time": 17596.232, "Actual Rows": 102890467, "Actual Loops": 1, "Inner Unique": false, "Merge Cond": "(b.userid = p.owneruserid)", "Plans": [{"Node Type": "Merge Join", "Parent Relationship": "Outer", "Parallel Aware": false, "Join Type": "Inner", "Startup Cost": 14272.72, "Total Cost": 41722.92, "Plan Rows": 17725, "Plan Width": 8, "Actual Startup Time": 101.389, "Actual Total Time": 309.787, "Actual Rows": 956304, "Actual Loops": 1, "Output": ["b.userid", "v.userid"], "Inner Unique": false, "Merge Cond": "(b.userid = v.userid)", "Plans": [{"Node Type": "Index Scan", "Parent Relationship": "Outer", "Parallel Aware": false, "Scan Direction": "Forward", "Index Name": "idx_badges_userid", "Relation Name": "badges", "Schema": "public", "Alias": "b", "Startup Cost": 0.29, "Total Cost": 3409.62, "Plan Rows": 74719, "Plan Width": 4, "Actual Startup Time": 0.075, "Actual Total Time": 34.067, "Actual Rows": 74827, "Actual Loops": 1, "Output": ["b.id", "b.userid", "b.date"], "Filter": "((b.date <= 1409643307) AND (b.date >= 1294059019))", "Rows Removed by Filter": 5024}, {"Node Type": "Materialize", "Parent Relationship": "Inner", "Parallel Aware": false, "Startup Cost": 0.3, "Total Cost": 12357.81, "Plan Rows": 326114, "Plan Width": 4, "Actual Startup Time": 0.02, "Actual Total Time": 136.878, "Actual Rows": 1250800, "Actual Loops": 1, "Output": ["v.id", "v.postid", "v.votetypeid", "v.creationdate", "v.userid", "v.bountyamount"], "Plans": [{"Node Type": "Index Scan", "Parent Relationship": "Outer", "Parallel Aware": false, "Scan Direction": "Forward", "Index Name": "idx_votes_userid", "Relation Name": "votes", "Schema": "public", "Alias": "v", "Startup Cost": 0.3, "Total Cost": 11542.53, "Plan Rows": 326114, "Plan Width": 4, "Actual Startup Time": 0.018, "Actual Total Time": 68.817, "Actual Rows": 325932, "Actual Loops": 1, "Output": ["v.id", "v.postid", "v.votetypeid", "v.creationdate", "v.userid", "v.bountyamount"], "Filter": "(v.creationdate <= 1409932800)", "Rows Removed by Filter": 2089}]}]}, {"Node Type": "Sort", "Parent Relationship": "Inner", "Parallel Aware": false, "Startup Cost": 3812.23, "Total Cost": 3814.45, "Plan Rows": 886, "Plan Width": 8, "Actual Startup Time": 65.177, "Actual Total Time": 8239.233, "Actual Rows": 102927835, "Actual Loops": 1, "Output": ["p.owneruserid", "u.id"], "Sort Key": ["p.owneruserid"], "Sort Method": "external sort", "Sort Space Used": 1584, "Sort Space Type": "Disk", "Plans": [{"Node Type": "Hash Join", "Parent Relationship": "Outer", "Parallel Aware": false, "Join Type": "Inner", "Startup Cost": 1288.42, "Total Cost": 3768.86, "Plan Rows": 886, "Plan Width": 8, "Actual Startup Time": 9.863, "Actual Total Time": 35.902, "Actual Rows": 73460, "Actual Loops": 1, "Output": ["p.owneruserid", "u.id"], "Inner Unique": true, "Hash Cond": "(p.owneruserid = u.id)", "Plans": [{"Node Type": "Seq Scan", "Parent Relationship": "Outer", "Parallel Aware": false, "Relation Name": "posts", "Schema": "public", "Alias": "p", "Startup Cost": 0.0, "Total Cost": 2239.64, "Plan Rows": 91723, "Plan Width": 4, "Actual Startup Time": 0.021, "Actual Total Time": 12.032, "Actual Rows": 91755, "Actual Loops": 1, "Output": ["p.id", "p.posttypeid", "p.creationdate", "p.score", "p.viewcount", "p.owneruserid", "p.answercount", "p.commentcount", "p.favoritecount", "p.lasteditoruserid"], "Filter": "((p.answercount <= 8) AND (p.score <= 48))", "Rows Removed by Filter": 221}, {"Node Type": "Hash", "Parent Relationship": "Inner", "Parallel Aware": false, "Startup Cost": 801.06, "Total Cost": 801.06, "Plan Rows": 38989, "Plan Width": 4, "Actual Startup Time": 9.512, "Actual Total Time": 9.513, "Actual Rows": 38979, "Actual Loops": 1, "Output": ["u.id"], "Hash Buckets": 65536, "Original Hash Buckets": 65536, "Hash Batches": 1, "Original Hash Batches": 1, "Peak Memory Usage": 1883, "Plans": [{"Node Type": "Seq Scan", "Parent Relationship": "Outer", "Parallel Aware": false, "Relation Name": "users", "Schema": "public", "Alias": "u", "Startup Cost": 0.0, "Total Cost": 801.06, "Plan Rows": 38989, "Plan Width": 4, "Actual Startup Time": 0.12, "Actual Total Time": 4.95, "Actual Rows": 38979, "Actual Loops": 1, "Output": ["u.id"], "Filter": "(u.creationdate >= 1289858584)", "Rows Removed by Filter": 1346}]}]}]}]}]}, "Planning Time": 144.847, "Triggers": [], "Execution Time": 21495.783}]
q41#####[{"Plan": {"Node Type": "Aggregate", "Strategy": "Plain", "Partial Mode": "Simple", "Parallel Aware": false, "Startup Cost": 60946.14, "Total Cost": 60946.15, "Plan Rows": 1, "Plan Width": 8, "Actual Startup Time": 263.028, "Actual Total Time": 263.034, "Actual Rows": 1, "Actual Loops": 1, "Output": ["count(*)"], "Plans": [{"Node Type": "Hash Join", "Parent Relationship": "Outer", "Parallel Aware": false, "Join Type": "Inner", "Startup Cost": 45329.26, "Total Cost": 59971.69, "Plan Rows": 389781, "Plan Width": 0, "Actual Startup Time": 128.063, "Actual Total Time": 249.717, "Actual Rows": 354388, "Actual Loops": 1, "Inner Unique": false, "Hash Cond": "(ph.postid = p.id)", "Plans": [{"Node Type": "Seq Scan", "Parent Relationship": "Outer", "Parallel Aware": false, "Relation Name": "posthistory", "Schema": "public", "Alias": "ph", "Startup Cost": 0.0, "Total Cost": 6019.84, "Plan Rows": 303011, "Plan Width": 4, "Actual Startup Time": 0.105, "Actual Total Time": 40.365, "Actual Rows": 302416, "Actual Loops": 1, "Output": ["ph.postid"], "Filter": "(ph.creationdate >= 1279644248)", "Rows Removed by Filter": 771}, {"Node Type": "Hash", "Parent Relationship": "Inner", "Parallel Aware": false, "Startup Cost": 43387.35, "Total Cost": 43387.35, "Plan Rows": 118313, "Plan Width": 8, "Actual Startup Time": 127.182, "Actual Total Time": 127.186, "Actual Rows": 62169, "Actual Loops": 1, "Output": ["p.id", "v.postid"], "Hash Buckets": 131072, "Original Hash Buckets": 131072, "Hash Batches": 2, "Original Hash Batches": 2, "Peak Memory Usage": 2241, "Plans": [{"Node Type": "Hash Join", "Parent Relationship": "Outer", "Parallel Aware": false, "Join Type": "Inner", "Startup Cost": 4267.36, "Total Cost": 43387.35, "Plan Rows": 118313, "Plan Width": 8, "Actual Startup Time": 34.917, "Actual Total Time": 118.392, "Actual Rows": 62169, "Actual Loops": 1, "Output": ["p.id", "v.postid"], "Inner Unique": true, "Hash Cond": "(p.owneruserid = u.id)", "Plans": [{"Node Type": "Hash Join", "Parent Relationship": "Outer", "Parallel Aware": false, "Join Type": "Inner", "Startup Cost": 2774.18, "Total Cost": 9974.48, "Plan Rows": 12158600, "Plan Width": 12, "Actual Startup Time": 18.45, "Actual Total Time": 85.658, "Actual Rows": 109665, "Actual Loops": 1, "Output": ["p.id", "p.owneruserid", "v.postid"], "Inner Unique": true, "Hash Cond": "(v.postid = p.id)", "Plans": [{"Node Type": "Seq Scan", "Parent Relationship": "Outer", "Parallel Aware": false, "Relation Name": "votes", "Schema": "public", "Alias": "v", "Startup Cost": 0.0, "Total Cost": 6513.8, "Plan Rows": 261511, "Plan Width": 4, "Actual Startup Time": 0.018, "Actual Total Time": 31.112, "Actual Rows": 262116, "Actual Loops": 1, "Output": ["v.id", "v.postid", "v.votetypeid", "v.creationdate", "v.userid", "v.bountyamount"], "Filter": "(v.votetypeid = 2)", "Rows Removed by Filter": 65948}, {"Node Type": "Hash", "Parent Relationship": "Inner", "Parallel Aware": false, "Startup Cost": 2239.64, "Total Cost": 2239.64, "Plan Rows": 42763, "Plan Width": 8, "Actual Startup Time": 18.15, "Actual Total Time": 18.152, "Actual Rows": 42921, "Actual Loops": 1, "Output": ["p.id", "p.owneruserid"], "Hash Buckets": 65536, "Original Hash Buckets": 65536, "Hash Batches": 1, "Original Hash Batches": 1, "Peak Memory Usage": 2189, "Plans": [{"Node Type": "Seq Scan", "Parent Relationship": "Outer", "Parallel Aware": false, "Relation Name": "posts", "Schema": "public", "Alias": "p", "Startup Cost": 0.0, "Total Cost": 2239.64, "Plan Rows": 42763, "Plan Width": 8, "Actual Startup Time": 0.009, "Actual Total Time": 12.591, "Actual Rows": 42921, "Actual Loops": 1, "Output": ["p.id", "p.owneruserid"], "Filter": "((p.commentcount >= 0) AND (p.viewcount >= 0))", "Rows Removed by Filter": 49055}]}]}, {"Node Type": "Hash", "Parent Relationship": "Inner", "Parallel Aware": false, "Startup Cost": 1002.69, "Total Cost": 1002.69, "Plan Rows": 39240, "Plan Width": 4, "Actual Startup Time": 16.33, "Actual Total Time": 16.331, "Actual Rows": 39247, "Actual Loops": 1, "Output": ["u.id"], "Hash Buckets": 65536, "Original Hash Buckets": 65536, "Hash Batches": 1, "Original Hash Batches": 1, "Peak Memory Usage": 1892, "Plans": [{"Node Type": "Seq Scan", "Parent Relationship": "Outer", "Parallel Aware": false, "Relation Name": "users", "Schema": "public", "Alias": "u", "Startup Cost": 0.0, "Total Cost": 1002.69, "Plan Rows": 39240, "Plan Width": 4, "Actual Startup Time": 0.01, "Actual Total Time": 9.327, "Actual Rows": 39247, "Actual Loops": 1, "Output": ["u.id"], "Filter": "((u.upvotes >= 0) AND (u.views <= 34) AND (u.views >= 0))", "Rows Removed by Filter": 1078}]}]}]}]}]}, "Planning Time": 91.794, "Triggers": [], "Execution Time": 263.134}]
q55#####[{"Plan": {"Node Type": "Aggregate", "Strategy": "Plain", "Partial Mode": "Simple", "Parallel Aware": false, "Startup Cost": 1656551.43, "Total Cost": 1656551.44, "Plan Rows": 1, "Plan Width": 8, "Actual Startup Time": 147.039, "Actual Total Time": 147.041, "Actual Rows": 1, "Actual Loops": 1, "Output": ["count(*)"], "Plans": [{"Node Type": "Merge Join", "Parent Relationship": "Outer", "Parallel Aware": false, "Join Type": "Inner", "Startup Cost": 11204.49, "Total Cost": 1630592.37, "Plan Rows": 10383624, "Plan Width": 0, "Actual Startup Time": 66.428, "Actual Total Time": 146.878, "Actual Rows": 3636, "Actual Loops": 1, "Inner Unique": false, "Merge Cond": "(c.userid = u.id)", "Plans": [{"Node Type": "Index Scan", "Parent Relationship": "Outer", "Parallel Aware": false, "Scan Direction": "Forward", "Index Name": "idx_comments_userid", "Relation Name": "comments", "Schema": "public", "Alias": "c", "Startup Cost": 0.29, "Total Cost": 8711.25, "Plan Rows": 168909, "Plan Width": 4, "Actual Startup Time": 0.11, "Actual Total Time": 54.784, "Actual Rows": 169020, "Actual Loops": 1, "Output": ["c.id", "c.postid", "c.score", "c.creationdate", "c.userid"], "Filter": "((c.creationdate <= 1409892677) AND (c.creationdate >= 1285937126))", "Rows Removed by Filter": 5285}, {"Node Type": "Materialize", "Parent Relationship": "Inner", "Parallel Aware": false, "Startup Cost": 11045.87, "Total Cost": 80406.98, "Plan Rows": 25543600, "Plan Width": 8, "Actual Startup Time": 54.922, "Actual Total Time": 82.584, "Actual Rows": 7745, "Actual Loops": 1, "Output": ["u.id", "v.userid"], "Plans": [{"Node Type": "Merge Join", "Parent Relationship": "Outer", "Parallel Aware": false, "Join Type": "Inner", "Startup Cost": 11045.87, "Total Cost": 16547.98, "Plan Rows": 25543600, "Plan Width": 8, "Actual Startup Time": 54.917, "Actual Total Time": 81.659, "Actual Rows": 5292, "Actual Loops": 1, "Output": ["u.id", "v.userid"], "Inner Unique": false, "Merge Cond": "(u.id = v.userid)", "Plans": [{"Node Type": "Index Scan", "Parent Relationship": "Outer", "Parallel Aware": false, "Scan Direction": "Forward", "Index Name": "users_pkey", "Relation Name": "users", "Schema": "public", "Alias": "u", "Startup Cost": 0.29, "Total Cost": 1558.79, "Plan Rows": 31406, "Plan Width": 4, "Actual Startup Time": 0.012, "Actual Total Time": 7.455, "Actual Rows": 31152, "Actual Loops": 1, "Output": ["u.id", "u.reputation", "u.creationdate", "u.views", "u.upvotes", "u.downvotes"], "Filter": "((u.creationdate <= 1410463534) AND (u.upvotes = 0))", "Rows Removed by Filter": 8765}, {"Node Type": "Index Scan", "Parent Relationship": "Inner", "Parallel Aware": false, "Scan Direction": "Forward", "Index Name": "idx_votes_userid", "Relation Name": "votes", "Schema": "public", "Alias": "v", "Startup Cost": 0.3, "Total Cost": 11542.53, "Plan Rows": 327977, "Plan Width": 4, "Actual Startup Time": 0.014, "Actual Total Time": 60.23, "Actual Rows": 327937, "Actual Loops": 1, "Output": ["v.id", "v.postid", "v.votetypeid", "v.creationdate", "v.userid", "v.bountyamount"], "Filter": "(v.bountyamount <= 100)", "Rows Removed by Filter": 92}]}]}]}]}, "Planning Time": 79.551, "Triggers": [], "Execution Time": 147.149}]
q82#####[{"Plan": {"Node Type": "Aggregate", "Strategy": "Plain", "Partial Mode": "Simple", "Parallel Aware": false, "Startup Cost": 4854.87, "Total Cost": 4854.88, "Plan Rows": 1, "Plan Width": 8, "Actual Startup Time": 36.69, "Actual Total Time": 36.695, "Actual Rows": 1, "Actual Loops": 1, "Output": ["count(*)"], "Plans": [{"Node Type": "Hash Join", "Parent Relationship": "Outer", "Parallel Aware": false, "Join Type": "Inner", "Startup Cost": 2382.79, "Total Cost": 4631.99, "Plan Rows": 89154, "Plan Width": 0, "Actual Startup Time": 22.615, "Actual Total Time": 35.126, "Actual Rows": 28642, "Actual Loops": 1, "Inner Unique": false, "Hash Cond": "(c.userid = b.userid)", "Plans": [{"Node Type": "Nested Loop", "Parent Relationship": "Outer", "Parallel Aware": false, "Join Type": "Inner", "Startup Cost": 969.43, "Total Cost": 1818.67, "Plan Rows": 3279, "Plan Width": 4, "Actual Startup Time": 6.585, "Actual Total Time": 15.612, "Actual Rows": 3541, "Actual Loops": 1, "Output": ["c.userid"], "Inner Unique": false, "Join Filter": "(c.postid = v.postid)", "Rows Removed by Join Filter": 0, "Plans": [{"Node Type": "Nested Loop", "Parent Relationship": "Outer", "Parallel Aware": false, "Join Type": "Inner", "Startup Cost": 969.13, "Total Cost": 1386.38, "Plan Rows": 982, "Plan Width": 20, "Actual Startup Time": 6.552, "Actual Total Time": 11.377, "Actual Rows": 528, "Actual Loops": 1, "Output": ["c.userid", "c.postid", "ph.postid", "pl.relatedpostid", "p.id"], "Inner Unique": false, "Join Filter": "(p.id = c.postid)", "Rows Removed by Join Filter": 0, "Plans": [{"Node Type": "Nested Loop", "Parent Relationship": "Outer", "Parallel Aware": false, "Join Type": "Inner", "Startup Cost": 968.84, "Total Cost": 1233.8, "Plan Rows": 404, "Plan Width": 12, "Actual Startup Time": 6.504, "Actual Total Time": 9.106, "Actual Rows": 686, "Actual Loops": 1, "Output": ["ph.postid", "pl.relatedpostid", "p.id"], "Inner Unique": false, "Join Filter": "(p.id = ph.postid)", "Rows Removed by Join Filter": 0, "Plans": [{"Node Type": "Hash Join", "Parent Relationship": "Outer", "Parallel Aware": false, "Join Type": "Inner", "Startup Cost": 968.55, "Total Cost": 1074.33, "Plan Rows": 229, "Plan Width": 8, "Actual Startup Time": 6.49, "Actual Total Time": 7.868, "Actual Rows": 327, "Actual Loops": 1, "Output": ["pl.relatedpostid", "p.id"], "Inner Unique": true, "Hash Cond": "(pl.relatedpostid = p.id)", "Plans": [{"Node Type": "Seq Scan", "Parent Relationship": "Outer", "Parallel Aware": false, "Relation Name": "postlinks", "Schema": "public", "Alias": "pl", "Startup Cost": 0.0, "Total Cost": 96.83, "Plan Rows": 3408, "Plan Width": 4, "Actual Startup Time": 0.018, "Actual Total Time": 0.907, "Actual Rows": 3431, "Actual Loops": 1, "Output": ["pl.id", "pl.creationdate", "pl.postid", "pl.relatedpostid", "pl.linktypeid"], "Filter": "((pl.creationdate <= 1409561284) AND (pl.creationdate >= 1297857890) AND (pl.linktypeid = 1))", "Rows Removed by Filter": 445}, {"Node Type": "Hash", "Parent Relationship": "Inner", "Parallel Aware": false, "Startup Cost": 941.6, "Total Cost": 941.6, "Plan Rows": 2156, "Plan Width": 4, "Actual Startup Time": 6.436, "Actual Total Time": 6.437, "Actual Rows": 4273, "Actual Loops": 1, "Output": ["p.id"], "Hash Buckets": 8192, "Original Hash Buckets": 4096, "Hash Batches": 1, "Original Hash Batches": 1, "Peak Memory Usage": 215, "Plans": [{"Node Type": "Seq Scan", "Parent Relationship": "Outer", "Parallel Aware": false, "Relation Name": "posts", "Schema": "public", "Alias": "p", "Startup Cost": 0.0, "Total Cost": 941.6, "Plan Rows": 2156, "Plan Width": 4, "Actual Startup Time": 0.005, "Actual Total Time": 5.716, "Actual Rows": 4273, "Actual Loops": 1, "Output": ["p.id"], "Filter": "((p.answercount <= 5) AND (p.commentcount <= 12) AND (p.favoritecount >= 0) AND (p.viewcount >= 0))", "Rows Removed by Filter": 27807}]}]}, {"Node Type": "Index Only Scan", "Parent Relationship": "Inner", "Parallel Aware": false, "Scan Direction": "Forward", "Index Name": "idx_posthistory_postid", "Relation Name": "posthistory", "Schema": "public", "Alias": "ph", "Startup Cost": 0.29, "Total Cost": 0.67, "Plan Rows": 2, "Plan Width": 4, "Actual Startup Time": 0.003, "Actual Total Time": 0.003, "Actual Rows": 2, "Actual Loops": 327, "Output": ["ph.postid"], "Index Cond": "(ph.postid = pl.relatedpostid)", "Rows Removed by Index Recheck": 0, "Heap Fetches": 0}]}, {"Node Type": "Index Scan", "Parent Relationship": "Inner", "Parallel Aware": false, "Scan Direction": "Forward", "Index Name": "idx_comments_postid", "Relation Name": "comments", "Schema": "public", "Alias": "c", "Startup Cost": 0.29, "Total Cost": 0.35, "Plan Rows": 2, "Plan Width": 8, "Actual Startup Time": 0.002, "Actual Total Time": 0.003, "Actual Rows": 1, "Actual Loops": 686, "Output": ["c.id", "c.postid", "c.score", "c.creationdate", "c.userid"], "Index Cond": "(c.postid = ph.postid)", "Rows Removed by Index Recheck": 0, "Filter": "(c.score = 0)", "Rows Removed by Filter": 0}]}, {"Node Type": "Index Scan", "Parent Relationship": "Inner", "Parallel Aware": false, "Scan Direction": "Forward", "Index Name": "idx_votes_postid", "Relation Name": "votes", "Schema": "public", "Alias": "v", "Startup Cost": 0.29, "Total Cost": 0.4, "Plan Rows": 3, "Plan Width": 4, "Actual Startup Time": 0.003, "Actual Total Time": 0.007, "Actual Rows": 7, "Actual Loops": 528, "Output": ["v.id", "v.postid", "v.votetypeid", "v.creationdate", "v.userid", "v.bountyamount"], "Index Cond": "(v.postid = ph.postid)", "Rows Removed by Index Recheck": 0, "Filter": "((v.creationdate <= 1409414400) AND (v.creationdate >= 1279468800))", "Rows Removed by Filter": 0}]}, {"Node Type": "Hash", "Parent Relationship": "Inner", "Parallel Aware": false, "Startup Cost": 1066.4, "Total Cost": 1066.4, "Plan Rows": 27757, "Plan Width": 8, "Actual Startup Time": 15.634, "Actual Total Time": 15.636, "Actual Rows": 8806, "Actual Loops": 1, "Output": ["b.userid", "u.id"], "Hash Buckets": 32768, "Original Hash Buckets": 32768, "Hash Batches": 1, "Original Hash Batches": 1, "Peak Memory Usage": 600, "Plans": [{"Node Type": "Hash Join", "Parent Relationship": "Outer", "Parallel Aware": false, "Join Type": "Inner", "Startup Cost": 421.61, "Total Cost": 1066.4, "Plan Rows": 27757, "Plan Width": 8, "Actual Startup Time": 4.483, "Actual Total Time": 13.876, "Actual Rows": 8806, "Actual Loops": 1, "Output": ["b.userid", "u.id"], "Inner Unique": true, "Hash Cond": "(b.userid = u.id)", "Plans": [{"Node Type": "Seq Scan", "Parent Relationship": "Outer", "Parallel Aware": false, "Relation Name": "badges", "Schema": "public", "Alias": "b", "Startup Cost": 0.0, "Total Cost": 571.91, "Plan Rows": 27757, "Plan Width": 4, "Actual Startup Time": 0.012, "Actual Total Time": 5.075, "Actual Rows": 27716, "Actual Loops": 1, "Output": ["b.id", "b.userid", "b.date"], "Filter": "((b.date <= 1410477575) AND (b.date >= 1281062205))", "Rows Removed by Filter": 278}, {"Node Type": "Hash", "Parent Relationship": "Inner", "Parallel Aware": false, "Startup Cost": 245.16, "Total Cost": 245.16, "Plan Rows": 14116, "Plan Width": 4, "Actual Startup Time": 4.395, "Actual Total Time": 4.396, "Actual Rows": 14116, "Actual Loops": 1, "Output": ["u.id"], "Hash Buckets": 16384, "Original Hash Buckets": 16384, "Hash Batches": 1, "Original Hash Batches": 1, "Peak Memory Usage": 625, "Plans": [{"Node Type": "Seq Scan", "Parent Relationship": "Outer", "Parallel Aware": false, "Relation Name": "users", "Schema": "public", "Alias": "u", "Startup Cost": 0.0, "Total Cost": 245.16, "Plan Rows": 14116, "Plan Width": 4, "Actual Startup Time": 0.01, "Actual Total Time": 1.99, "Actual Rows": 14116, "Actual Loops": 1, "Output": ["u.id"]}]}]}]}]}]}, "Planning Time": 310.096, "Triggers": [], "Execution Time": 36.805}]
q96#####[{"Plan": {"Node Type": "Aggregate", "Strategy": "Plain", "Partial Mode": "Simple", "Parallel Aware": false, "Startup Cost": 20077001.81, "Total Cost": 20077001.82, "Plan Rows": 1, "Plan Width": 8, "Actual Startup Time": 227.007, "Actual Total Time": 227.008, "Actual Rows": 1, "Actual Loops": 1, "Output": ["count(*)"], "Plans": [{"Node Type": "Nested Loop", "Parent Relationship": "Outer", "Parallel Aware": false, "Join Type": "Inner", "Startup Cost": 70.74, "Total Cost": 19491791.51, "Plan Rows": 234084121, "Plan Width": 0, "Actual Startup Time": 6.102, "Actual Total Time": 193.409, "Actual Rows": 1018612, "Actual Loops": 1, "Inner Unique": false, "Plans": [{"Node Type": "Merge Join", "Parent Relationship": "Outer", "Parallel Aware": false, "Join Type": "Inner", "Startup Cost": 70.32, "Total Cost": 7598.18, "Plan Rows": 16206400, "Plan Width": 8, "Actual Startup Time": 6.088, "Actual Total Time": 32.394, "Actual Rows": 49655, "Actual Loops": 1, "Output": ["c.userid", "u.id"], "Inner Unique": true, "Merge Cond": "(c.userid = u.id)", "Plans": [{"Node Type": "Index Only Scan", "Parent Relationship": "Outer", "Parallel Aware": false, "Scan Direction": "Forward", "Index Name": "idx_comments_userid", "Relation Name": "comments", "Schema": "public", "Alias": "c", "Startup Cost": 0.29, "Total Cost": 3586.87, "Plan Rows": 174305, "Plan Width": 4, "Actual Startup Time": 0.008, "Actual Total Time": 11.947, "Actual Rows": 174235, "Actual Loops": 1, "Output": ["c.userid"], "Heap Fetches": 0}, {"Node Type": "Index Scan", "Parent Relationship": "Inner", "Parallel Aware": false, "Scan Direction": "Forward", "Index Name": "users_pkey", "Relation Name": "users", "Schema": "public", "Alias": "u", "Startup Cost": 0.29, "Total Cost": 1861.23, "Plan Rows": 37493, "Plan Width": 4, "Actual Startup Time": 0.174, "Actual Total Time": 8.379, "Actual Rows": 38103, "Actual Loops": 1, "Output": ["u.id", "u.reputation", "u.creationdate", "u.views", "u.upvotes", "u.downvotes"], "Filter": "((u.creationdate <= 1410339691) AND (u.creationdate >= 1287758435) AND (u.reputation <= 487) AND (u.reputation >= 1) AND (u.upvotes <= 27))", "Rows Removed by Filter": 2222}]}, {"Node Type": "Index Only Scan", "Parent Relationship": "Inner", "Parallel Aware": false, "Scan Direction": "Forward", "Index Name": "idx_posthistory_userid", "Relation Name": "posthistory", "Schema": "public", "Alias": "ph", "Startup Cost": 0.42, "Total Cost": 0.92, "Plan Rows": 28, "Plan Width": 4, "Actual Startup Time": 0.001, "Actual Total Time": 0.002, "Actual Rows": 21, "Actual Loops": 49655, "Output": ["ph.userid"], "Index Cond": "(ph.userid = c.userid)", "Rows Removed by Index Recheck": 0, "Heap Fetches": 0}]}]}, "Planning Time": 75.392, "Triggers": [], "Execution Time": 227.114}]
q140#####[{"Plan": {"Node Type": "Aggregate", "Strategy": "Plain", "Partial Mode": "Simple", "Parallel Aware": false, "Startup Cost": 4891.33, "Total Cost": 4891.34, "Plan Rows": 1, "Plan Width": 8, "Actual Startup Time": 52.11, "Actual Total Time": 52.114, "Actual Rows": 1, "Actual Loops": 1, "Output": ["count(*)"], "Plans": [{"Node Type": "Hash Join", "Parent Relationship": "Outer", "Parallel Aware": false, "Join Type": "Inner", "Startup Cost": 1774.74, "Total Cost": 4633.4, "Plan Rows": 103172, "Plan Width": 0, "Actual Startup Time": 17.374, "Actual Total Time": 52.044, "Actual Rows": 1055, "Actual Loops": 1, "Inner Unique": true, "Hash Cond": "(v.userid = u.id)", "Plans": [{"Node Type": "Hash Join", "Parent Relationship": "Outer", "Parallel Aware": false, "Join Type": "Inner", "Startup Cost": 1250.86, "Total Cost": 3832.97, "Plan Rows": 105321, "Plan Width": 4, "Actual Startup Time": 12.058, "Actual Total Time": 43.721, "Actual Rows": 35367, "Actual Loops": 1, "Output": ["v.userid"], "Inner Unique": true, "Hash Cond": "(v.postid = p.id)", "Plans": [{"Node Type": "Seq Scan", "Parent Relationship": "Outer", "Parallel Aware": false, "Relation Name": "votes", "Schema": "public", "Alias": "v", "Startup Cost": 0.0, "Total Cost": 2280.95, "Plan Rows": 114715, "Plan Width": 8, "Actual Startup Time": 0.012, "Actual Total Time": 15.687, "Actual Rows": 114809, "Actual Loops": 1, "Output": ["v.id", "v.postid", "v.votetypeid", "v.creationdate", "v.userid", "v.bountyamount"], "Filter": "(v.creationdate <= 1410451200)", "Rows Removed by Filter": 67}, {"Node Type": "Hash", "Parent Relationship": "Inner", "Parallel Aware": false, "Startup Cost": 861.4, "Total Cost": 861.4, "Plan Rows": 31157, "Plan Width": 4, "Actual Startup Time": 11.897, "Actual Total Time": 11.899, "Actual Rows": 31170, "Actual Loops": 1, "Output": ["p.id"], "Hash Buckets": 32768, "Original Hash Buckets": 32768, "Hash Batches": 1, "Original Hash Batches": 1, "Peak Memory Usage": 1352, "Plans": [{"Node Type": "Seq Scan", "Parent Relationship": "Outer", "Parallel Aware": false, "Relation Name": "posts", "Schema": "public", "Alias": "p", "Startup Cost": 0.0, "Total Cost": 861.4, "Plan Rows": 31157, "Plan Width": 4, "Actual Startup Time": 0.006, "Actual Total Time": 6.463, "Actual Rows": 31170, "Actual Loops": 1, "Output": ["p.id"], "Filter": "((p.creationdate <= 1410246742) AND (p.creationdate >= 1287638484) AND (p.score >= '-1'::integer))", "Rows Removed by Filter": 910}]}]}, {"Node Type": "Hash", "Parent Relationship": "Inner", "Parallel Aware": false, "Startup Cost": 351.03, "Total Cost": 351.03, "Plan Rows": 13828, "Plan Width": 4, "Actual Startup Time": 5.267, "Actual Total Time": 5.268, "Actual Rows": 13804, "Actual Loops": 1, "Output": ["u.id"], "Hash Buckets": 16384, "Original Hash Buckets": 16384, "Hash Batches": 1, "Original Hash Batches": 1, "Peak Memory Usage": 614, "Plans": [{"Node Type": "Seq Scan", "Parent Relationship": "Outer", "Parallel Aware": false, "Relation Name": "users", "Schema": "public", "Alias": "u", "Startup Cost": 0.0, "Total Cost": 351.03, "Plan Rows": 13828, "Plan Width": 4, "Actual Startup Time": 0.016, "Actual Total Time": 3.007, "Actual Rows": 13804, "Actual Loops": 1, "Output": ["u.id"], "Filter": "((u.creationdate <= 1409719662) AND (u.creationdate >= 1280222157) AND (u.upvotes >= 0))", "Rows Removed by Filter": 312}]}]}]}, "Planning Time": 60.15, "Triggers": [], "Execution Time": 52.209}]
q141#####[{"Plan": {"Node Type": "Aggregate", "Strategy": "Plain", "Partial Mode": "Simple", "Parallel Aware": false, "Startup Cost": 1054228.26, "Total Cost": 1054228.27, "Plan Rows": 1, "Plan Width": 8, "Actual Startup Time": 219.202, "Actual Total Time": 219.206, "Actual Rows": 1, "Actual Loops": 1, "Output": ["count(*)"], "Plans": [{"Node Type": "Hash Join", "Parent Relationship": "Outer", "Parallel Aware": false, "Join Type": "Inner", "Startup Cost": 13014.33, "Total Cost": 25318.4, "Plan Rows": 411563942, "Plan Width": 0, "Actual Startup Time": 73.507, "Actual Total Time": 181.817, "Actual Rows": 1100297, "Actual Loops": 1, "Inner Unique": false, "Hash Cond": "(p.owneruserid = u.id)", "Plans": [{"Node Type": "Seq Scan", "Parent Relationship": "Outer", "Parallel Aware": false, "Relation Name": "posts", "Schema": "public", "Alias": "p", "Startup Cost": 0.0, "Total Cost": 2009.7, "Plan Rows": 91976, "Plan Width": 4, "Actual Startup Time": 0.028, "Actual Total Time": 11.701, "Actual Rows": 91976, "Actual Loops": 1, "Output": ["p.owneruserid"], "Filter": "(p.commentcount >= 0)", "Rows Removed by Filter": 0}, {"Node Type": "Hash", "Parent Relationship": "Inner", "Parallel Aware": false, "Startup Cost": 7840.48, "Total Cost": 7840.48, "Plan Rows": 315348, "Plan Width": 8, "Actual Startup Time": 71.383, "Actual Total Time": 71.385, "Actual Rows": 27929, "Actual Loops": 1, "Output": ["u.id", "v.userid"], "Hash Buckets": 131072, "Original Hash Buckets": 131072, "Hash Batches": 8, "Original Hash Batches": 8, "Peak Memory Usage": 1232, "Plans": [{"Node Type": "Hash Join", "Parent Relationship": "Outer", "Parallel Aware": false, "Join Type": "Inner", "Startup Cost": 1285.59, "Total Cost": 7840.48, "Plan Rows": 315348, "Plan Width": 8, "Actual Startup Time": 22.799, "Actual Total Time": 67.393, "Actual Rows": 27929, "Actual Loops": 1, "Output": ["u.id", "v.userid"], "Inner Unique": true, "Hash Cond": "(v.userid = u.id)", "Plans": [{"Node Type": "Seq Scan", "Parent Relationship": "Outer", "Parallel Aware": false, "Relation Name": "votes", "Schema": "public", "Alias": "v", "Startup Cost": 0.0, "Total Cost": 5693.64, "Plan Rows": 328064, "Plan Width": 4, "Actual Startup Time": 0.016, "Actual Total Time": 17.068, "Actual Rows": 328064, "Actual Loops": 1, "Output": ["v.id", "v.postid", "v.votetypeid", "v.creationdate", "v.userid", "v.bountyamount"]}, {"Node Type": "Hash", "Parent Relationship": "Inner", "Parallel Aware": false, "Startup Cost": 801.06, "Total Cost": 801.06, "Plan Rows": 38762, "Plan Width": 4, "Actual Startup Time": 18.724, "Actual Total Time": 18.725, "Actual Rows": 38765, "Actual Loops": 1, "Output": ["u.id"], "Hash Buckets": 65536, "Original Hash Buckets": 65536, "Hash Batches": 1, "Original Hash Batches": 1, "Peak Memory Usage": 1875, "Plans": [{"Node Type": "Seq Scan", "Parent Relationship": "Outer", "Parallel Aware": false, "Relation Name": "users", "Schema": "public", "Alias": "u", "Startup Cost": 0.0, "Total Cost": 801.06, "Plan Rows": 38762, "Plan Width": 4, "Actual Startup Time": 0.46, "Actual Total Time": 9.789, "Actual Rows": 38765, "Actual Loops": 1, "Output": ["u.id"], "Filter": "(u.creationdate >= 1292364024)", "Rows Removed by Filter": 1560}]}]}]}]}]}, "Planning Time": 48.285, "Triggers": [], "Execution Time": 219.35}]
q97#####[{"Plan": {"Node Type": "Aggregate", "Strategy": "Plain", "Partial Mode": "Simple", "Parallel Aware": false, "Startup Cost": 6842.75, "Total Cost": 6842.76, "Plan Rows": 1, "Plan Width": 8, "Actual Startup Time": 42.371, "Actual Total Time": 42.375, "Actual Rows": 1, "Actual Loops": 1, "Output": ["count(*)"], "Plans": [{"Node Type": "Nested Loop", "Parent Relationship": "Outer", "Parallel Aware": false, "Join Type": "Inner", "Startup Cost": 1219.08, "Total Cost": 6686.41, "Plan Rows": 62535, "Plan Width": 0, "Actual Startup Time": 15.514, "Actual Total Time": 40.392, "Actual Rows": 58106, "Actual Loops": 1, "Inner Unique": false, "Plans": [{"Node Type": "Nested Loop", "Parent Relationship": "Outer", "Parallel Aware": false, "Join Type": "Inner", "Startup Cost": 1218.79, "Total Cost": 5894.47, "Plan Rows": 2280, "Plan Width": 4, "Actual Startup Time": 15.498, "Actual Total Time": 32.991, "Actual Rows": 853, "Actual Loops": 1, "Output": ["c.userid"], "Inner Unique": false, "Plans": [{"Node Type": "Nested Loop", "Parent Relationship": "Outer", "Parallel Aware": false, "Join Type": "Inner", "Startup Cost": 1218.5, "Total Cost": 5590.77, "Plan Rows": 723, "Plan Width": 16, "Actual Startup Time": 15.474, "Actual Total Time": 31.44, "Actual Rows": 879, "Actual Loops": 1, "Output": ["ph.postid", "pl.relatedpostid", "p.id", "v.postid"], "Inner Unique": false, "Plans": [{"Node Type": "Hash Join", "Parent Relationship": "Outer", "Parallel Aware": false, "Join Type": "Inner", "Startup Cost": 1218.21, "Total Cost": 4934.57, "Plan Rows": 1377, "Plan Width": 12, "Actual Startup Time": 15.448, "Actual Total Time": 27.134, "Actual Rows": 1736, "Actual Loops": 1, "Output": ["pl.relatedpostid", "p.id", "v.postid"], "Inner Unique": true, "Hash Cond": "(pl.relatedpostid = p.id)", "Plans": [{"Node Type": "Hash Join", "Parent Relationship": "Outer", "Parallel Aware": false, "Join Type": "Inner", "Startup Cost": 116.21, "Total Cost": 3016.09, "Plan Rows": 311000, "Plan Width": 8, "Actual Startup Time": 2.171, "Actual Total Time": 13.119, "Actual Rows": 7730, "Actual Loops": 1, "Output": ["pl.relatedpostid", "v.postid"], "Inner Unique": false, "Hash Cond": "(v.postid = pl.relatedpostid)", "Plans": [{"Node Type": "Seq Scan", "Parent Relationship": "Outer", "Parallel Aware": false, "Relation Name": "votes", "Schema": "public", "Alias": "v", "Startup Cost": 0.0, "Total Cost": 2280.95, "Plan Rows": 12058, "Plan Width": 4, "Actual Startup Time": 0.026, "Actual Total Time": 9.012, "Actual Rows": 12022, "Actual Loops": 1, "Output": ["v.id", "v.postid", "v.votetypeid", "v.creationdate", "v.userid", "v.bountyamount"], "Filter": "(v.votetypeid = 5)", "Rows Removed by Filter": 102854}, {"Node Type": "Hash", "Parent Relationship": "Inner", "Parallel Aware": false, "Startup Cost": 67.76, "Total Cost": 67.76, "Plan Rows": 3876, "Plan Width": 4, "Actual Startup Time": 2.101, "Actual Total Time": 2.102, "Actual Rows": 3876, "Actual Loops": 1, "Output": ["pl.relatedpostid"], "Hash Buckets": 4096, "Original Hash Buckets": 4096, "Hash Batches": 1, "Original Hash Batches": 1, "Peak Memory Usage": 169, "Plans": [{"Node Type": "Seq Scan", "Parent Relationship": "Outer", "Parallel Aware": false, "Relation Name": "postlinks", "Schema": "public", "Alias": "pl", "Startup Cost": 0.0, "Total Cost": 67.76, "Plan Rows": 3876, "Plan Width": 4, "Actual Startup Time": 0.012, "Actual Total Time": 1.037, "Actual Rows": 3876, "Actual Loops": 1, "Output": ["pl.relatedpostid"]}]}]}, {"Node Type": "Hash", "Parent Relationship": "Inner", "Parallel Aware": false, "Startup Cost": 701.0, "Total Cost": 701.0, "Plan Rows": 32080, "Plan Width": 4, "Actual Startup Time": 13.134, "Actual Total Time": 13.134, "Actual Rows": 32080, "Actual Loops": 1, "Output": ["p.id"], "Hash Buckets": 32768, "Original Hash Buckets": 32768, "Hash Batches": 1, "Original Hash Batches": 1, "Peak Memory Usage": 1384, "Plans": [{"Node Type": "Seq Scan", "Parent Relationship": "Outer", "Parallel Aware": false, "Relation Name": "posts", "Schema": "public", "Alias": "p", "Startup Cost": 0.0, "Total Cost": 701.0, "Plan Rows": 32080, "Plan Width": 4, "Actual Startup Time": 0.008, "Actual Total Time": 7.141, "Actual Rows": 32080, "Actual Loops": 1, "Output": ["p.id"], "Filter": "(p.commentcount >= 0)", "Rows Removed by Filter": 0}]}]}, {"Node Type": "Index Scan", "Parent Relationship": "Inner", "Parallel Aware": false, "Scan Direction": "Forward", "Index Name": "idx_posthistory_postid", "Relation Name": "posthistory", "Schema": "public", "Alias": "ph", "Startup Cost": 0.29, "Total Cost": 0.47, "Plan Rows": 1, "Plan Width": 4, "Actual Startup Time": 0.002, "Actual Total Time": 0.002, "Actual Rows": 1, "Actual Loops": 1736, "Output": ["ph.id", "ph.posthistorytypeid", "ph.postid", "ph.creationdate", "ph.userid"], "Index Cond": "(ph.postid = p.id)", "Rows Removed by Index Recheck": 0, "Filter": "(ph.posthistorytypeid = 2)", "Rows Removed by Filter": 2}]}, {"Node Type": "Index Scan", "Parent Relationship": "Inner", "Parallel Aware": false, "Scan Direction": "Forward", "Index Name": "idx_comments_postid", "Relation Name": "comments", "Schema": "public", "Alias": "c", "Startup Cost": 0.29, "Total Cost": 0.4, "Plan Rows": 2, "Plan Width": 8, "Actual Startup Time": 0.001, "Actual Total Time": 0.002, "Actual Rows": 1, "Actual Loops": 879, "Output": ["c.id", "c.postid", "c.score", "c.creationdate", "c.userid"], "Index Cond": "(c.postid = p.id)", "Rows Removed by Index Recheck": 0}]}, {"Node Type": "Index Only Scan", "Parent Relationship": "Inner", "Parallel Aware": false, "Scan Direction": "Forward", "Index Name": "idx_badges_userid", "Relation Name": "badges", "Schema": "public", "Alias": "b", "Startup Cost": 0.29, "Total Cost": 0.33, "Plan Rows": 2, "Plan Width": 4, "Actual Startup Time": 0.001, "Actual Total Time": 0.005, "Actual Rows": 68, "Actual Loops": 853, "Output": ["b.userid"], "Index Cond": "(b.userid = c.userid)", "Rows Removed by Index Recheck": 0, "Heap Fetches": 0}]}]}, "Planning Time": 170.858, "Triggers": [], "Execution Time": 42.483}]
q83#####[{"Plan": {"Node Type": "Aggregate", "Strategy": "Plain", "Partial Mode": "Simple", "Parallel Aware": false, "Startup Cost": 19115.82, "Total Cost": 19115.83, "Plan Rows": 1, "Plan Width": 8, "Actual Startup Time": 117.538, "Actual Total Time": 117.546, "Actual Rows": 1, "Actual Loops": 1, "Output": ["count(*)"], "Plans": [{"Node Type": "Hash Join", "Parent Relationship": "Outer", "Parallel Aware": false, "Join Type": "Inner", "Startup Cost": 6589.78, "Total Cost": 17941.66, "Plan Rows": 469663, "Plan Width": 0, "Actual Startup Time": 45.713, "Actual Total Time": 100.871, "Actual Rows": 370988, "Actual Loops": 1, "Inner Unique": false, "Hash Cond": "(ph.userid = b.userid)", "Plans": [{"Node Type": "Seq Scan", "Parent Relationship": "Outer", "Parallel Aware": false, "Relation Name": "posthistory", "Schema": "public", "Alias": "ph", "Startup Cost": 0.0, "Total Cost": 2110.32, "Plan Rows": 31614, "Plan Width": 4, "Actual Startup Time": 0.018, "Actual Total Time": 13.553, "Actual Rows": 31703, "Actual Loops": 1, "Output": ["ph.id", "ph.posthistorytypeid", "ph.postid", "ph.creationdate", "ph.userid"], "Filter": "(ph.posthistorytypeid = 2)", "Rows Removed by Filter": 74563}, {"Node Type": "Hash", "Parent Relationship": "Inner", "Parallel Aware": false, "Startup Cost": 6266.38, "Total Cost": 6266.38, "Plan Rows": 25872, "Plan Width": 16, "Actual Startup Time": 45.499, "Actual Total Time": 45.506, "Actual Rows": 3813, "Actual Loops": 1, "Output": ["b.userid", "p.owneruserid", "u.id", "v.userid"], "Hash Buckets": 32768, "Original Hash Buckets": 32768, "Hash Batches": 1, "Original Hash Batches": 1, "Peak Memory Usage": 435, "Plans": [{"Node Type": "Hash Join", "Parent Relationship": "Outer", "Parallel Aware": false, "Join Type": "Inner", "Startup Cost": 1629.27, "Total Cost": 6266.38, "Plan Rows": 25872, "Plan Width": 16, "Actual Startup Time": 14.904, "Actual Total Time": 44.683, "Actual Rows": 3813, "Actual Loops": 1, "Output": ["b.userid", "p.owneruserid", "u.id", "v.userid"], "Inner Unique": false, "Hash Cond": "(u.id = b.userid)", "Plans": [{"Node Type": "Hash Join", "Parent Relationship": "Outer", "Parallel Aware": false, "Join Type": "Inner", "Startup Cost": 585.13, "Total Cost": 3165.48, "Plan Rows": 105668, "Plan Width": 8, "Actual Startup Time": 5.225, "Actual Total Time": 34.232, "Actual Rows": 2837, "Actual Loops": 1, "Output": ["u.id", "v.userid"], "Inner Unique": true, "Hash Cond": "(v.userid = u.id)", "Plans": [{"Node Type": "Seq Scan", "Parent Relationship": "Outer", "Parallel Aware": false, "Relation Name": "votes", "Schema": "public", "Alias": "v", "Startup Cost": 0.0, "Total Cost": 2280.95, "Plan Rows": 114020, "Plan Width": 4, "Actual Startup Time": 0.015, "Actual Total Time": 16.824, "Actual Rows": 114808, "Actual Loops": 1, "Output": ["v.id", "v.postid", "v.votetypeid", "v.creationdate", "v.userid", "v.bountyamount"], "Filter": "(v.creationdate >= 1279555200)", "Rows Removed by Filter": 68}, {"Node Type": "Hash", "Parent Relationship": "Inner", "Parallel Aware": false, "Startup Cost": 421.61, "Total Cost": 421.61, "Plan Rows": 13082, "Plan Width": 4, "Actual Startup Time": 5.113, "Actual Total Time": 5.114, "Actual Rows": 13180, "Actual Loops": 1, "Output": ["u.id"], "Hash Buckets": 16384, "Original Hash Buckets": 16384, "Hash Batches": 1, "Original Hash Batches": 1, "Peak Memory Usage": 592, "Plans": [{"Node Type": "Seq Scan", "Parent Relationship": "Outer", "Parallel Aware": false, "Relation Name": "users", "Schema": "public", "Alias": "u", "Startup Cost": 0.0, "Total Cost": 421.61, "Plan Rows": 13082, "Plan Width": 4, "Actual Startup Time": 0.011, "Actual Total Time": 3.075, "Actual Rows": 13180, "Actual Loops": 1, "Output": ["u.id"], "Filter": "((u.creationdate <= 1407381525) AND (u.downvotes <= 0) AND (u.downvotes >= 0) AND (u.reputation >= 1) AND (u.upvotes <= 439))", "Rows Removed by Filter": 936}]}]}, {"Node Type": "Hash", "Parent Relationship": "Inner", "Parallel Aware": false, "Startup Cost": 1009.47, "Total Cost": 1009.47, "Plan Rows": 2773, "Plan Width": 8, "Actual Startup Time": 9.535, "Actual Total Time": 9.539, "Actual Rows": 3886, "Actual Loops": 1, "Output": ["b.userid", "p.owneruserid"], "Hash Buckets": 4096, "Original Hash Buckets": 4096, "Hash Batches": 1, "Original Hash Batches": 1, "Peak Memory Usage": 184, "Plans": [{"Node Type": "Nested Loop", "Parent Relationship": "Outer", "Parallel Aware": false, "Join Type": "Inner", "Startup Cost": 808.69, "Total Cost": 1009.47, "Plan Rows": 2773, "Plan Width": 8, "Actual Startup Time": 5.993, "Actual Total Time": 8.876, "Actual Rows": 3886, "Actual Loops": 1, "Output": ["b.userid", "p.owneruserid"], "Inner Unique": false, "Plans": [{"Node Type": "Hash Join", "Parent Relationship": "Outer", "Parallel Aware": false, "Join Type": "Inner", "Startup Cost": 808.4, "Total Cost": 895.11, "Plan Rows": 239, "Plan Width": 4, "Actual Startup Time": 5.969, "Actual Total Time": 7.168, "Actual Rows": 393, "Actual Loops": 1, "Output": ["p.owneruserid"], "Inner Unique": true, "Hash Cond": "(pl.relatedpostid = p.id)", "Plans": [{"Node Type": "Seq Scan", "Parent Relationship": "Outer", "Parallel Aware": false, "Relation Name": "postlinks", "Schema": "public", "Alias": "pl", "Startup Cost": 0.0, "Total Cost": 77.45, "Plan Rows": 3526, "Plan Width": 4, "Actual Startup Time": 0.007, "Actual Total Time": 0.791, "Actual Rows": 3526, "Actual Loops": 1, "Output": ["pl.id", "pl.creationdate", "pl.postid", "pl.relatedpostid", "pl.linktypeid"], "Filter": "(pl.linktypeid = 1)", "Rows Removed by Filter": 350}, {"Node Type": "Hash", "Parent Relationship": "Inner", "Parallel Aware": false, "Startup Cost": 781.2, "Total Cost": 781.2, "Plan Rows": 2176, "Plan Width": 8, "Actual Startup Time": 5.93, "Actual Total Time": 5.931, "Actual Rows": 4451, "Actual Loops": 1, "Output": ["p.owneruserid", "p.id"], "Hash Buckets": 8192, "Original Hash Buckets": 4096, "Hash Batches": 1, "Original Hash Batches": 1, "Peak Memory Usage": 238, "Plans": [{"Node Type": "Seq Scan", "Parent Relationship": "Outer", "Parallel Aware": false, "Relation Name": "posts", "Schema": "public", "Alias": "p", "Startup Cost": 0.0, "Total Cost": 781.2, "Plan Rows": 2176, "Plan Width": 8, "Actual Startup Time": 0.006, "Actual Total Time": 5.078, "Actual Rows": 4451, "Actual Loops": 1, "Output": ["p.owneruserid", "p.id"], "Filter": "((p.answercount >= 0) AND (p.favoritecount >= 0))", "Rows Removed by Filter": 27629}]}]}, {"Node Type": "Index Only Scan", "Parent Relationship": "Inner", "Parallel Aware": false, "Scan Direction": "Forward", "Index Name": "idx_badges_userid", "Relation Name": "badges", "Schema": "public", "Alias": "b", "Startup Cost": 0.29, "Total Cost": 0.46, "Plan Rows": 2, "Plan Width": 4, "Actual Startup Time": 0.002, "Actual Total Time": 0.003, "Actual Rows": 10, "Actual Loops": 393, "Output": ["b.userid"], "Index Cond": "(b.userid = p.owneruserid)", "Rows Removed by Index Recheck": 0, "Heap Fetches": 0}]}]}]}]}]}]}, "Planning Time": 182.623, "Triggers": [], "Execution Time": 117.648}]
q68#####[{"Plan": {"Node Type": "Aggregate", "Strategy": "Plain", "Partial Mode": "Simple", "Parallel Aware": false, "Startup Cost": 6078.78, "Total Cost": 6078.79, "Plan Rows": 1, "Plan Width": 8, "Actual Startup Time": 52.405, "Actual Total Time": 52.41, "Actual Rows": 1, "Actual Loops": 1, "Output": ["count(*)"], "Plans": [{"Node Type": "Merge Join", "Parent Relationship": "Outer", "Parallel Aware": false, "Join Type": "Inner", "Startup Cost": 5051.69, "Total Cost": 5970.54, "Plan Rows": 43298, "Plan Width": 0, "Actual Startup Time": 42.636, "Actual Total Time": 50.415, "Actual Rows": 61067, "Actual Loops": 1, "Inner Unique": false, "Merge Cond": "(v.userid = b.userid)", "Plans": [{"Node Type": "Index Only Scan", "Parent Relationship": "Outer", "Parallel Aware": false, "Scan Direction": "Forward", "Index Name": "idx_votes_userid", "Relation Name": "votes", "Schema": "public", "Alias": "v", "Startup Cost": 0.29, "Total Cost": 2163.43, "Plan Rows": 114876, "Plan Width": 4, "Actual Startup Time": 0.015, "Actual Total Time": 6.419, "Actual Rows": 114580, "Actual Loops": 1, "Output": ["v.userid"], "Heap Fetches": 0}, {"Node Type": "Sort", "Parent Relationship": "Inner", "Parallel Aware": false, "Startup Cost": 2870.46, "Total Cost": 2881.14, "Plan Rows": 4269, "Plan Width": 12, "Actual Startup Time": 33.188, "Actual Total Time": 35.049, "Actual Rows": 61160, "Actual Loops": 1, "Output": ["b.userid", "p.owneruserid", "u.id"], "Sort Key": ["b.userid"], "Sort Method": "quicksort", "Sort Space Used": 52, "Sort Space Type": "Memory", "Plans": [{"Node Type": "Hash Join", "Parent Relationship": "Outer", "Parallel Aware": false, "Join Type": "Inner", "Startup Cost": 1649.36, "Total Cost": 2613.05, "Plan Rows": 4269, "Plan Width": 12, "Actual Startup Time": 25.042, "Actual Total Time": 33.091, "Actual Rows": 588, "Actual Loops": 1, "Output": ["b.userid", "p.owneruserid", "u.id"], "Inner Unique": false, "Hash Cond": "(b.userid = p.owneruserid)", "Plans": [{"Node Type": "Hash Join", "Parent Relationship": "Outer", "Parallel Aware": false, "Join Type": "Inner", "Startup Cost": 456.9, "Total Cost": 1031.58, "Plan Rows": 27706, "Plan Width": 8, "Actual Startup Time": 8.448, "Actual Total Time": 15.925, "Actual Rows": 8732, "Actual Loops": 1, "Output": ["b.userid", "u.id"], "Inner Unique": true, "Hash Cond": "(b.userid = u.id)", "Plans": [{"Node Type": "Seq Scan", "Parent Relationship": "Outer", "Parallel Aware": false, "Relation Name": "badges", "Schema": "public", "Alias": "b", "Startup Cost": 0.0, "Total Cost": 501.93, "Plan Rows": 27706, "Plan Width": 4, "Actual Startup Time": 0.026, "Actual Total Time": 3.349, "Actual Rows": 27710, "Actual Loops": 1, "Output": ["b.id", "b.userid", "b.date"], "Filter": "(b.date <= 1409996002)", "Rows Removed by Filter": 284}, {"Node Type": "Hash", "Parent Relationship": "Inner", "Parallel Aware": false, "Startup Cost": 280.45, "Total Cost": 280.45, "Plan Rows": 14116, "Plan Width": 4, "Actual Startup Time": 8.392, "Actual Total Time": 8.393, "Actual Rows": 14116, "Actual Loops": 1, "Output": ["u.id"], "Hash Buckets": 16384, "Original Hash Buckets": 16384, "Hash Batches": 1, "Original Hash Batches": 1, "Peak Memory Usage": 625, "Plans": [{"Node Type": "Seq Scan", "Parent Relationship": "Outer", "Parallel Aware": false, "Relation Name": "users", "Schema": "public", "Alias": "u", "Startup Cost": 0.0, "Total Cost": 280.45, "Plan Rows": 14116, "Plan Width": 4, "Actual Startup Time": 0.016, "Actual Total Time": 4.226, "Actual Rows": 14116, "Actual Loops": 1, "Output": ["u.id"], "Filter": "(u.reputation >= 1)", "Rows Removed by Filter": 0}]}]}, {"Node Type": "Hash", "Parent Relationship": "Inner", "Parallel Aware": false, "Startup Cost": 1187.81, "Total Cost": 1187.81, "Plan Rows": 372, "Plan Width": 4, "Actual Startup Time": 16.468, "Actual Total Time": 16.47, "Actual Rows": 78, "Actual Loops": 1, "Output": ["p.owneruserid"], "Hash Buckets": 1024, "Original Hash Buckets": 1024, "Hash Batches": 1, "Original Hash Batches": 1, "Peak Memory Usage": 11, "Plans": [{"Node Type": "Hash Join", "Parent Relationship": "Outer", "Parallel Aware": false, "Join Type": "Inner", "Startup Cost": 1180.09, "Total Cost": 1187.81, "Plan Rows": 372, "Plan Width": 4, "Actual Startup Time": 16.36, "Actual Total Time": 16.454, "Actual Rows": 78, "Actual Loops": 1, "Output": ["p.owneruserid"], "Inner Unique": true, "Hash Cond": "(t.excerptpostid = p.id)", "Plans": [{"Node Type": "Seq Scan", "Parent Relationship": "Outer", "Parallel Aware": false, "Relation Name": "tags", "Schema": "public", "Alias": "t", "Startup Cost": 0.0, "Total Cost": 6.74, "Plan Rows": 374, "Plan Width": 4, "Actual Startup Time": 0.013, "Actual Total Time": 0.047, "Actual Rows": 374, "Actual Loops": 1, "Output": ["t.id", "t.count", "t.excerptpostid"]}, {"Node Type": "Hash", "Parent Relationship": "Inner", "Parallel Aware": false, "Startup Cost": 781.2, "Total Cost": 781.2, "Plan Rows": 31911, "Plan Width": 8, "Actual Startup Time": 16.008, "Actual Total Time": 16.009, "Actual Rows": 31915, "Actual Loops": 1, "Output": ["p.owneruserid", "p.id"], "Hash Buckets": 32768, "Original Hash Buckets": 32768, "Hash Batches": 1, "Original Hash Batches": 1, "Peak Memory Usage": 1503, "Plans": [{"Node Type": "Seq Scan", "Parent Relationship": "Outer", "Parallel Aware": false, "Relation Name": "posts", "Schema": "public", "Alias": "p", "Startup Cost": 0.0, "Total Cost": 781.2, "Plan Rows": 31911, "Plan Width": 8, "Actual Startup Time": 0.008, "Actual Total Time": 8.855, "Actual Rows": 31915, "Actual Loops": 1, "Output": ["p.owneruserid", "p.id"], "Filter": "((p.commentcount <= 13) AND (p.commentcount >= 0))", "Rows Removed by Filter": 165}]}]}]}]}]}]}]}, "Planning Time": 113.816, "Triggers": [], "Execution Time": 52.597}]
q54#####[{"Plan": {"Node Type": "Aggregate", "Strategy": "Plain", "Partial Mode": "Simple", "Parallel Aware": false, "Startup Cost": 526787.65, "Total Cost": 526787.66, "Plan Rows": 1, "Plan Width": 8, "Actual Startup Time": 248702.844, "Actual Total Time": 248702.851, "Actual Rows": 1, "Actual Loops": 1, "Output": ["count(*)"], "Plans": [{"Node Type": "Hash Join", "Parent Relationship": "Outer", "Parallel Aware": false, "Join Type": "Inner", "Startup Cost": 13110.24, "Total Cost": 49936.37, "Plan Rows": 190740510, "Plan Width": 0, "Actual Startup Time": 868.356, "Actual Total Time": 172831.578, "Actual Rows": 2263957167, "Actual Loops": 1, "Inner Unique": false, "Hash Cond": "(c.userid = b.userid)", "Plans": [{"Node Type": "Hash Join", "Parent Relationship": "Outer", "Parallel Aware": false, "Join Type": "Inner", "Startup Cost": 1204.31, "Total Cost": 5017.82, "Plan Rows": 134348, "Plan Width": 8, "Actual Startup Time": 16.004, "Actual Total Time": 86.582, "Actual Rows": 132712, "Actual Loops": 1, "Output": ["c.userid", "u.id"], "Inner Unique": true, "Hash Cond": "(c.userid = u.id)", "Plans": [{"Node Type": "Seq Scan", "Parent Relationship": "Outer", "Parallel Aware": false, "Relation Name": "comments", "Schema": "public", "Alias": "c", "Startup Cost": 0.0, "Total Cost": 3460.81, "Plan Rows": 134348, "Plan Width": 4, "Actual Startup Time": 0.012, "Actual Total Time": 27.451, "Actual Rows": 134887, "Actual Loops": 1, "Output": ["c.id", "c.postid", "c.score", "c.creationdate", "c.userid"], "Filter": "(c.score = 0)", "Rows Removed by Filter": 39418}, {"Node Type": "Hash", "Parent Relationship": "Inner", "Parallel Aware": false, "Startup Cost": 700.25, "Total Cost": 700.25, "Plan Rows": 40325, "Plan Width": 4, "Actual Startup Time": 15.771, "Actual Total Time": 15.773, "Actual Rows": 40325, "Actual Loops": 1, "Output": ["u.id"], "Hash Buckets": 65536, "Original Hash Buckets": 65536, "Hash Batches": 1, "Original Hash Batches": 1, "Peak Memory Usage": 1930, "Plans": [{"Node Type": "Seq Scan", "Parent Relationship": "Outer", "Parallel Aware": false, "Relation Name": "users", "Schema": "public", "Alias": "u", "Startup Cost": 0.0, "Total Cost": 700.25, "Plan Rows": 40325, "Plan Width": 4, "Actual Startup Time": 0.011, "Actual Total Time": 6.977, "Actual Rows": 40325, "Actual Loops": 1, "Output": ["u.id"]}]}]}, {"Node Type": "Hash", "Parent Relationship": "Inner", "Parallel Aware": false, "Startup Cost": 11744.77, "Total Cost": 11744.77, "Plan Rows": 12892, "Plan Width": 12, "Actual Startup Time": 852.141, "Actual Total Time": 852.144, "Actual Rows": 3360391, "Actual Loops": 1, "Output": ["b.userid", "ph.userid", "p.owneruserid"], "Hash Buckets": 131072, "Original Hash Buckets": 16384, "Hash Batches": 4, "Original Hash Batches": 1, "Peak Memory Usage": 71626, "Plans": [{"Node Type": "Nested Loop", "Parent Relationship": "Outer", "Parallel Aware": false, "Join Type": "Inner", "Startup Cost": 0.71, "Total Cost": 11744.77, "Plan Rows": 12892, "Plan Width": 12, "Actual Startup Time": 0.12, "Actual Total Time": 446.347, "Actual Rows": 3360391, "Actual Loops": 1, "Output": ["b.userid", "ph.userid", "p.owneruserid"], "Inner Unique": false, "Plans": [{"Node Type": "Nested Loop", "Parent Relationship": "Outer", "Parallel Aware": false, "Join Type": "Inner", "Startup Cost": 0.29, "Total Cost": 3503.14, "Plan Rows": 6790, "Plan Width": 8, "Actual Startup Time": 0.098, "Actual Total Time": 15.497, "Actual Rows": 8897, "Actual Loops": 1, "Output": ["b.userid", "p.owneruserid"], "Inner Unique": false, "Plans": [{"Node Type": "Seq Scan", "Parent Relationship": "Outer", "Parallel Aware": false, "Relation Name": "posts", "Schema": "public", "Alias": "p", "Startup Cost": 0.0, "Total Cost": 2929.46, "Plan Rows": 193, "Plan Width": 4, "Actual Startup Time": 0.069, "Actual Total Time": 11.914, "Actual Rows": 879, "Actual Loops": 1, "Output": ["p.id", "p.posttypeid", "p.creationdate", "p.score", "p.viewcount", "p.owneruserid", "p.answercount", "p.commentcount", "p.favoritecount", "p.lasteditoruserid"], "Filter": "((p.creationdate <= 1410141496) AND (p.viewcount <= 4157) AND (p.viewcount >= 0) AND (p.favoritecount = 0) AND (p.posttypeid = 1))", "Rows Removed by Filter": 91097}, {"Node Type": "Index Only Scan", "Parent Relationship": "Inner", "Parallel Aware": false, "Scan Direction": "Forward", "Index Name": "idx_badges_userid", "Relation Name": "badges", "Schema": "public", "Alias": "b", "Startup Cost": 0.29, "Total Cost": 2.93, "Plan Rows": 4, "Plan Width": 4, "Actual Startup Time": 0.002, "Actual Total Time": 0.003, "Actual Rows": 10, "Actual Loops": 879, "Output": ["b.userid"], "Index Cond": "(b.userid = p.owneruserid)", "Rows Removed by Index Recheck": 0, "Heap Fetches": 0}]}, {"Node Type": "Index Only Scan", "Parent Relationship": "Inner", "Parallel Aware": false, "Scan Direction": "Forward", "Index Name": "idx_posthistory_userid", "Relation Name": "posthistory", "Schema": "public", "Alias": "ph", "Startup Cost": 0.42, "Total Cost": 0.93, "Plan Rows": 28, "Plan Width": 4, "Actual Startup Time": 0.002, "Actual Total Time": 0.022, "Actual Rows": 378, "Actual Loops": 8897, "Output": ["ph.userid"], "Index Cond": "(ph.userid = b.userid)", "Rows Removed by Index Recheck": 0, "Heap Fetches": 0}]}]}]}]}, "Planning Time": 147.889, "Triggers": [], "Execution Time": 248703.057}]
q40#####[{"Plan": {"Node Type": "Aggregate", "Strategy": "Plain", "Partial Mode": "Simple", "Parallel Aware": false, "Startup Cost": 15559.55, "Total Cost": 15559.56, "Plan Rows": 1, "Plan Width": 8, "Actual Startup Time": 224.707, "Actual Total Time": 224.712, "Actual Rows": 1, "Actual Loops": 1, "Output": ["count(*)"], "Plans": [{"Node Type": "Hash Join", "Parent Relationship": "Outer", "Parallel Aware": false, "Join Type": "Inner", "Startup Cost": 6191.11, "Total Cost": 13771.16, "Plan Rows": 715358, "Plan Width": 0, "Actual Startup Time": 62.998, "Actual Total Time": 200.693, "Actual Rows": 596487, "Actual Loops": 1, "Inner Unique": false, "Hash Cond": "(p.owneruserid = b.userid)", "Plans": [{"Node Type": "Hash Join", "Parent Relationship": "Outer", "Parallel Aware": false, "Join Type": "Inner", "Startup Cost": 2775.03, "Total Cost": 10149.05, "Plan Rows": 2152, "Plan Width": 4, "Actual Startup Time": 16.042, "Actual Total Time": 89.704, "Actual Rows": 93059, "Actual Loops": 1, "Output": ["p.owneruserid"], "Inner Unique": true, "Hash Cond": "(v.postid = p.id)", "Plans": [{"Node Type": "Seq Scan", "Parent Relationship": "Outer", "Parallel Aware": false, "Relation Name": "votes", "Schema": "public", "Alias": "v", "Startup Cost": 0.0, "Total Cost": 6513.8, "Plan Rows": 327686, "Plan Width": 4, "Actual Startup Time": 0.023, "Actual Total Time": 36.575, "Actual Rows": 327888, "Actual Loops": 1, "Output": ["v.id", "v.postid", "v.votetypeid", "v.creationdate", "v.userid", "v.bountyamount"], "Filter": "(v.creationdate <= 1410451200)", "Rows Removed by Filter": 176}, {"Node Type": "Hash", "Parent Relationship": "Inner", "Parallel Aware": false, "Startup Cost": 2699.52, "Total Cost": 2699.52, "Plan Rows": 6041, "Plan Width": 8, "Actual Startup Time": 15.984, "Actual Total Time": 15.985, "Actual Rows": 13093, "Actual Loops": 1, "Output": ["p.owneruserid", "p.id"], "Hash Buckets": 16384, "Original Hash Buckets": 8192, "Hash Batches": 1, "Original Hash Batches": 1, "Peak Memory Usage": 640, "Plans": [{"Node Type": "Seq Scan", "Parent Relationship": "Outer", "Parallel Aware": false, "Relation Name": "posts", "Schema": "public", "Alias": "p", "Startup Cost": 0.0, "Total Cost": 2699.52, "Plan Rows": 6041, "Plan Width": 8, "Actual Startup Time": 0.011, "Actual Total Time": 13.986, "Actual Rows": 13093, "Actual Loops": 1, "Output": ["p.owneruserid", "p.id"], "Filter": "((p.favoritecount <= 20) AND (p.favoritecount >= 0) AND (p.score >= '-1'::integer) AND (p.posttypeid = 1))", "Rows Removed by Filter": 78883}]}]}, {"Node Type": "Hash", "Parent Relationship": "Inner", "Parallel Aware": false, "Startup Cost": 3321.78, "Total Cost": 3321.78, "Plan Rows": 7544, "Plan Width": 8, "Actual Startup Time": 42.635, "Actual Total Time": 42.637, "Actual Rows": 60506, "Actual Loops": 1, "Output": ["b.userid", "u.id"], "Hash Buckets": 65536, "Original Hash Buckets": 8192, "Hash Batches": 1, "Original Hash Batches": 1, "Peak Memory Usage": 2876, "Plans": [{"Node Type": "Hash Join", "Parent Relationship": "Outer", "Parallel Aware": false, "Join Type": "Inner", "Startup Cost": 1485.05, "Total Cost": 3321.78, "Plan Rows": 7544, "Plan Width": 8, "Actual Startup Time": 14.251, "Actual Total Time": 35.086, "Actual Rows": 60506, "Actual Loops": 1, "Output": ["b.userid", "u.id"], "Inner Unique": true, "Hash Cond": "(b.userid = u.id)", "Plans": [{"Node Type": "Seq Scan", "Parent Relationship": "Outer", "Parallel Aware": false, "Relation Name": "badges", "Schema": "public", "Alias": "b", "Startup Cost": 0.0, "Total Cost": 1629.76, "Plan Rows": 78834, "Plan Width": 4, "Actual Startup Time": 0.117, "Actual Total Time": 8.967, "Actual Rows": 78564, "Actual Loops": 1, "Output": ["b.id", "b.userid", "b.date"], "Filter": "((b.date <= 1409758569) AND (b.date >= 1279623742))", "Rows Removed by Filter": 1287}, {"Node Type": "Hash", "Parent Relationship": "Inner", "Parallel Aware": false, "Startup Cost": 1002.69, "Total Cost": 1002.69, "Plan Rows": 38589, "Plan Width": 4, "Actual Startup Time": 13.226, "Actual Total Time": 13.226, "Actual Rows": 38651, "Actual Loops": 1, "Output": ["u.id"], "Hash Buckets": 65536, "Original Hash Buckets": 65536, "Hash Batches": 1, "Original Hash Batches": 1, "Peak Memory Usage": 1871, "Plans": [{"Node Type": "Seq Scan", "Parent Relationship": "Outer", "Parallel Aware": false, "Relation Name": "users", "Schema": "public", "Alias": "u", "Startup Cost": 0.0, "Total Cost": 1002.69, "Plan Rows": 38589, "Plan Width": 4, "Actual Startup Time": 0.297, "Actual Total Time": 7.537, "Actual Rows": 38651, "Actual Loops": 1, "Output": ["u.id"], "Filter": "((u.creationdate >= 1290713651) AND (u.downvotes <= 2) AND (u.upvotes >= 0))", "Rows Removed by Filter": 1674}]}]}]}]}]}, "Planning Time": 93.079, "Triggers": [], "Execution Time": 225.14}]
q78#####[{"Plan": {"Node Type": "Aggregate", "Strategy": "Plain", "Partial Mode": "Simple", "Parallel Aware": false, "Startup Cost": 15065.56, "Total Cost": 15065.57, "Plan Rows": 1, "Plan Width": 8, "Actual Startup Time": 78.176, "Actual Total Time": 78.181, "Actual Rows": 1, "Actual Loops": 1, "Output": ["count(*)"], "Plans": [{"Node Type": "Nested Loop", "Parent Relationship": "Outer", "Parallel Aware": false, "Join Type": "Inner", "Startup Cost": 3142.17, "Total Cost": 14927.78, "Plan Rows": 55110, "Plan Width": 0, "Actual Startup Time": 26.771, "Actual Total Time": 78.126, "Actual Rows": 469, "Actual Loops": 1, "Inner Unique": false, "Plans": [{"Node Type": "Nested Loop", "Parent Relationship": "Outer", "Parallel Aware": false, "Join Type": "Inner", "Startup Cost": 3141.87, "Total Cost": 10414.34, "Plan Rows": 698, "Plan Width": 8, "Actual Startup Time": 22.522, "Actual Total Time": 77.151, "Actual Rows": 365, "Actual Loops": 1, "Output": ["c.userid", "u.id"], "Inner Unique": true, "Plans": [{"Node Type": "Nested Loop", "Parent Relationship": "Outer", "Parallel Aware": false, "Join Type": "Inner", "Startup Cost": 3141.58, "Total Cost": 10172.87, "Plan Rows": 732, "Plan Width": 4, "Actual Startup Time": 20.721, "Actual Total Time": 72.727, "Actual Rows": 1444, "Actual Loops": 1, "Output": ["c.userid"], "Inner Unique": false, "Join Filter": "(p.id = c.postid)", "Rows Removed by Join Filter": 0, "Plans": [{"Node Type": "Hash Join", "Parent Relationship": "Outer", "Parallel Aware": false, "Join Type": "Inner", "Startup Cost": 3141.16, "Total Cost": 10017.49, "Plan Rows": 210, "Plan Width": 12, "Actual Startup Time": 19.91, "Actual Total Time": 67.353, "Actual Rows": 670, "Actual Loops": 1, "Output": ["ph.postid", "pl.postid", "p.id"], "Inner Unique": false, "Hash Cond": "(ph.postid = p.id)", "Plans": [{"Node Type": "Seq Scan", "Parent Relationship": "Outer", "Parallel Aware": false, "Relation Name": "posthistory", "Schema": "public", "Alias": "ph", "Startup Cost": 0.0, "Total Cost": 6019.84, "Plan Rows": 43629, "Plan Width": 4, "Actual Startup Time": 0.028, "Actual Total Time": 40.36, "Actual Rows": 42921, "Actual Loops": 1, "Output": ["ph.id", "ph.posthistorytypeid", "ph.postid", "ph.creationdate", "ph.userid"], "Filter": "(ph.posthistorytypeid = 1)", "Rows Removed by Filter": 260266}, {"Node Type": "Hash", "Parent Relationship": "Inner", "Parallel Aware": false, "Startup Cost": 2752.41, "Total Cost": 2752.41, "Plan Rows": 31100, "Plan Width": 8, "Actual Startup Time": 19.744, "Actual Total Time": 19.746, "Actual Rows": 670, "Actual Loops": 1, "Output": ["pl.postid", "p.id"], "Hash Buckets": 32768, "Original Hash Buckets": 32768, "Hash Batches": 1, "Original Hash Batches": 1, "Peak Memory Usage": 283, "Plans": [{"Node Type": "Hash Join", "Parent Relationship": "Outer", "Parallel Aware": false, "Join Type": "Inner", "Startup Cost": 2505.37, "Total Cost": 2752.41, "Plan Rows": 31100, "Plan Width": 8, "Actual Startup Time": 16.103, "Actual Total Time": 19.562, "Actual Rows": 670, "Actual Loops": 1, "Output": ["pl.postid", "p.id"], "Inner Unique": true, "Hash Cond": "(pl.postid = p.id)", "Plans": [{"Node Type": "Seq Scan", "Parent Relationship": "Outer", "Parallel Aware": false, "Relation Name": "postlinks", "Schema": "public", "Alias": "pl", "Startup Cost": 0.0, "Total Cost": 220.78, "Plan Rows": 10007, "Plan Width": 4, "Actual Startup Time": 0.209, "Actual Total Time": 2.049, "Actual Rows": 10006, "Actual Loops": 1, "Output": ["pl.id", "pl.creationdate", "pl.postid", "pl.relatedpostid", "pl.linktypeid"], "Filter": "(pl.creationdate >= 1320268175)", "Rows Removed by Filter": 1096}, {"Node Type": "Hash", "Parent Relationship": "Inner", "Parallel Aware": false, "Startup Cost": 2469.58, "Total Cost": 2469.58, "Plan Rows": 2863, "Plan Width": 4, "Actual Startup Time": 15.861, "Actual Total Time": 15.862, "Actual Rows": 2637, "Actual Loops": 1, "Output": ["p.id"], "Hash Buckets": 4096, "Original Hash Buckets": 4096, "Hash Batches": 1, "Original Hash Batches": 1, "Peak Memory Usage": 125, "Plans": [{"Node Type": "Seq Scan", "Parent Relationship": "Outer", "Parallel Aware": false, "Relation Name": "posts", "Schema": "public", "Alias": "p", "Startup Cost": 0.0, "Total Cost": 2469.58, "Plan Rows": 2863, "Plan Width": 4, "Actual Startup Time": 0.014, "Actual Total Time": 15.277, "Actual Rows": 2637, "Actual Loops": 1, "Output": ["p.id"], "Filter": "((p.viewcount <= 4937) AND (p.posttypeid = 1) AND (p.score = 4))", "Rows Removed by Filter": 89339}]}]}]}]}, {"Node Type": "Index Scan", "Parent Relationship": "Inner", "Parallel Aware": false, "Scan Direction": "Forward", "Index Name": "idx_comments_postid", "Relation Name": "comments", "Schema": "public", "Alias": "c", "Startup Cost": 0.42, "Total Cost": 0.7, "Plan Rows": 3, "Plan Width": 8, "Actual Startup Time": 0.006, "Actual Total Time": 0.007, "Actual Rows": 2, "Actual Loops": 670, "Output": ["c.id", "c.postid", "c.score", "c.creationdate", "c.userid"], "Index Cond": "(c.postid = ph.postid)", "Rows Removed by Index Recheck": 0, "Filter": "((c.creationdate <= 1410336563) AND (c.creationdate >= 1280752068) AND (c.score = 0))", "Rows Removed by Filter": 1}]}, {"Node Type": "Index Scan", "Parent Relationship": "Inner", "Parallel Aware": false, "Scan Direction": "Forward", "Index Name": "users_pkey", "Relation Name": "users", "Schema": "public", "Alias": "u", "Startup Cost": 0.29, "Total Cost": 0.33, "Plan Rows": 1, "Plan Width": 4, "Actual Startup Time": 0.003, "Actual Total Time": 0.003, "Actual Rows": 0, "Actual Loops": 1444, "Output": ["u.id", "u.reputation", "u.creationdate", "u.views", "u.upvotes", "u.downvotes"], "Index Cond": "(u.id = c.userid)", "Rows Removed by Index Recheck": 0, "Filter": "((u.downvotes >= 0) AND (u.reputation <= 270) AND (u.views <= 51) AND (u.views >= 0))", "Rows Removed by Filter": 1}]}, {"Node Type": "Index Only Scan", "Parent Relationship": "Inner", "Parallel Aware": false, "Scan Direction": "Forward", "Index Name": "idx_votes_userid", "Relation Name": "votes", "Schema": "public", "Alias": "v", "Startup Cost": 0.3, "Total Cost": 4.23, "Plan Rows": 224, "Plan Width": 4, "Actual Startup Time": 0.002, "Actual Total Time": 0.002, "Actual Rows": 1, "Actual Loops": 365, "Output": ["v.userid"], "Index Cond": "(v.userid = c.userid)", "Rows Removed by Index Recheck": 0, "Heap Fetches": 0}]}]}, "Planning Time": 130.568, "Triggers": [], "Execution Time": 78.317}]
q44#####[{"Plan": {"Node Type": "Aggregate", "Strategy": "Plain", "Partial Mode": "Simple", "Parallel Aware": false, "Startup Cost": 119406.06, "Total Cost": 119406.07, "Plan Rows": 1, "Plan Width": 8, "Actual Startup Time": 66985.764, "Actual Total Time": 66985.772, "Actual Rows": 1, "Actual Loops": 1, "Output": ["count(*)"], "Plans": [{"Node Type": "Hash Join", "Parent Relationship": "Outer", "Parallel Aware": false, "Join Type": "Inner", "Startup Cost": 34545.97, "Total Cost": 42763.41, "Plan Rows": 30657062, "Plan Width": 0, "Actual Startup Time": 654.477, "Actual Total Time": 46858.677, "Actual Rows": 612456179, "Actual Loops": 1, "Inner Unique": false, "Hash Cond": "(p.owneruserid = b.userid)", "Plans": [{"Node Type": "Seq Scan", "Parent Relationship": "Outer", "Parallel Aware": false, "Relation Name": "posts", "Schema": "public", "Alias": "p", "Startup Cost": 0.0, "Total Cost": 941.6, "Plan Rows": 31478, "Plan Width": 4, "Actual Startup Time": 0.019, "Actual Total Time": 4.426, "Actual Rows": 31819, "Actual Loops": 1, "Output": ["p.id", "p.posttypeid", "p.creationdate", "p.score", "p.viewcount", "p.owneruserid", "p.answercount", "p.commentcount", "p.favoritecount", "p.lasteditoruserid"], "Filter": "((p.creationdate <= 1410353550) AND (p.creationdate >= 1279543236) AND (p.score <= 29) AND (p.score >= '-1'::integer))", "Rows Removed by Filter": 261}, {"Node Type": "Hash", "Parent Relationship": "Inner", "Parallel Aware": false, "Startup Cost": 34252.04, "Total Cost": 34252.04, "Plan Rows": 23515, "Plan Width": 16, "Actual Startup Time": 654.285, "Actual Total Time": 654.29, "Actual Rows": 2107584, "Actual Loops": 1, "Output": ["b.userid", "c.userid", "u.id", "v.userid"], "Hash Buckets": 131072, "Original Hash Buckets": 32768, "Hash Batches": 16, "Original Hash Batches": 1, "Peak Memory Usage": 95339, "Plans": [{"Node Type": "Hash Join", "Parent Relationship": "Outer", "Parallel Aware": false, "Join Type": "Inner", "Startup Cost": 4958.04, "Total Cost": 34252.04, "Plan Rows": 23515, "Plan Width": 16, "Actual Startup Time": 41.201, "Actual Total Time": 367.889, "Actual Rows": 2107584, "Actual Loops": 1, "Output": ["b.userid", "c.userid", "u.id", "v.userid"], "Inner Unique": false, "Hash Cond": "(b.userid = u.id)", "Plans": [{"Node Type": "Nested Loop", "Parent Relationship": "Outer", "Parallel Aware": false, "Join Type": "Inner", "Startup Cost": 0.29, "Total Cost": 5187.57, "Plan Rows": 236113, "Plan Width": 8, "Actual Startup Time": 0.056, "Actual Total Time": 89.848, "Actual Rows": 212197, "Actual Loops": 1, "Output": ["b.userid", "c.userid"], "Inner Unique": false, "Plans": [{"Node Type": "Seq Scan", "Parent Relationship": "Outer", "Parallel Aware": false, "Relation Name": "comments", "Schema": "public", "Alias": "c", "Startup Cost": 0.0, "Total Cost": 1214.1, "Plan Rows": 8833, "Plan Width": 4, "Actual Startup Time": 0.014, "Actual Total Time": 5.029, "Actual Rows": 8764, "Actual Loops": 1, "Output": ["c.id", "c.postid", "c.score", "c.creationdate", "c.userid"], "Filter": "(c.score = 1)", "Rows Removed by Filter": 52364}, {"Node Type": "Index Scan", "Parent Relationship": "Inner", "Parallel Aware": false, "Scan Direction": "Forward", "Index Name": "idx_badges_userid", "Relation Name": "badges", "Schema": "public", "Alias": "b", "Startup Cost": 0.29, "Total Cost": 0.43, "Plan Rows": 2, "Plan Width": 4, "Actual Startup Time": 0.001, "Actual Total Time": 0.008, "Actual Rows": 24, "Actual Loops": 8764, "Output": ["b.id", "b.userid", "b.date"], "Index Cond": "(b.userid = c.userid)", "Rows Removed by Index Recheck": 0, "Filter": "(b.date <= 1408964746)", "Rows Removed by Filter": 0}]}, {"Node Type": "Hash", "Parent Relationship": "Inner", "Parallel Aware": false, "Startup Cost": 3106.71, "Total Cost": 3106.71, "Plan Rows": 112804, "Plan Width": 8, "Actual Startup Time": 40.352, "Actual Total Time": 40.355, "Actual Rows": 2904, "Actual Loops": 1, "Output": ["u.id", "v.userid"], "Hash Buckets": 131072, "Original Hash Buckets": 131072, "Hash Batches": 2, "Original Hash Batches": 2, "Peak Memory Usage": 1090, "Plans": [{"Node Type": "Hash Join", "Parent Relationship": "Outer", "Parallel Aware": false, "Join Type": "Inner", "Startup Cost": 524.54, "Total Cost": 3106.71, "Plan Rows": 112804, "Plan Width": 8, "Actual Startup Time": 5.639, "Actual Total Time": 39.39, "Actual Rows": 2904, "Actual Loops": 1, "Output": ["u.id", "v.userid"], "Inner Unique": true, "Hash Cond": "(v.userid = u.id)", "Plans": [{"Node Type": "Seq Scan", "Parent Relationship": "Outer", "Parallel Aware": false, "Relation Name": "votes", "Schema": "public", "Alias": "v", "Startup Cost": 0.0, "Total Cost": 2280.95, "Plan Rows": 114714, "Plan Width": 4, "Actual Startup Time": 0.006, "Actual Total Time": 21.506, "Actual Rows": 114720, "Actual Loops": 1, "Output": ["v.id", "v.postid", "v.votetypeid", "v.creationdate", "v.userid", "v.bountyamount"], "Filter": "(v.bountyamount <= 50)", "Rows Removed by Filter": 156}, {"Node Type": "Hash", "Parent Relationship": "Inner", "Parallel Aware": false, "Startup Cost": 351.03, "Total Cost": 351.03, "Plan Rows": 13881, "Plan Width": 4, "Actual Startup Time": 5.536, "Actual Total Time": 5.537, "Actual Rows": 13862, "Actual Loops": 1, "Output": ["u.id"], "Hash Buckets": 16384, "Original Hash Buckets": 16384, "Hash Batches": 1, "Original Hash Batches": 1, "Peak Memory Usage": 616, "Plans": [{"Node Type": "Seq Scan", "Parent Relationship": "Outer", "Parallel Aware": false, "Relation Name": "users", "Schema": "public", "Alias": "u", "Startup Cost": 0.0, "Total Cost": 351.03, "Plan Rows": 13881, "Plan Width": 4, "Actual Startup Time": 0.014, "Actual Total Time": 3.081, "Actual Rows": 13862, "Actual Loops": 1, "Output": ["u.id"], "Filter": "((u.creationdate <= 1410077186) AND (u.creationdate >= 1280568776) AND (u.downvotes <= 11))", "Rows Removed by Filter": 254}]}]}]}]}]}]}]}, "Planning Time": 144.795, "Triggers": [], "Execution Time": 66986.048}]
q50#####[{"Plan": {"Node Type": "Aggregate", "Strategy": "Plain", "Partial Mode": "Simple", "Parallel Aware": false, "Startup Cost": 2775.48, "Total Cost": 2775.49, "Plan Rows": 1, "Plan Width": 8, "Actual Startup Time": 9.761, "Actual Total Time": 9.765, "Actual Rows": 1, "Actual Loops": 1, "Output": ["count(*)"], "Plans": [{"Node Type": "Nested Loop", "Parent Relationship": "Outer", "Parallel Aware": false, "Join Type": "Inner", "Startup Cost": 917.16, "Total Cost": 2696.75, "Plan Rows": 31491, "Plan Width": 0, "Actual Startup Time": 6.622, "Actual Total Time": 9.728, "Actual Rows": 565, "Actual Loops": 1, "Inner Unique": false, "Join Filter": "(p.owneruserid = b.userid)", "Rows Removed by Join Filter": 0, "Plans": [{"Node Type": "Nested Loop", "Parent Relationship": "Outer", "Parallel Aware": false, "Join Type": "Inner", "Startup Cost": 916.87, "Total Cost": 1692.68, "Plan Rows": 2717, "Plan Width": 8, "Actual Startup Time": 6.602, "Actual Total Time": 9.33, "Actual Rows": 133, "Actual Loops": 1, "Output": ["p.owneruserid", "u.id"], "Inner Unique": false, "Join Filter": "(p.id = c.postid)", "Rows Removed by Join Filter": 0, "Plans": [{"Node Type": "Nested Loop", "Parent Relationship": "Outer", "Parallel Aware": false, "Join Type": "Inner", "Startup Cost": 916.58, "Total Cost": 1230.76, "Plan Rows": 1195, "Plan Width": 20, "Actual Startup Time": 6.106, "Actual Total Time": 8.698, "Actual Rows": 145, "Actual Loops": 1, "Output": ["pl.relatedpostid", "p.owneruserid", "p.id", "u.id", "v.postid"], "Inner Unique": false, "Plans": [{"Node Type": "Nested Loop", "Parent Relationship": "Outer", "Parallel Aware": false, "Join Type": "Inner", "Startup Cost": 916.29, "Total Cost": 1225.05, "Plan Rows": 4, "Plan Width": 16, "Actual Startup Time": 6.083, "Actual Total Time": 7.945, "Actual Rows": 56, "Actual Loops": 1, "Output": ["pl.relatedpostid", "p.owneruserid", "p.id", "u.id"], "Inner Unique": true, "Plans": [{"Node Type": "Hash Join", "Parent Relationship": "Outer", "Parallel Aware": false, "Join Type": "Inner", "Startup Cost": 916.0, "Total Cost": 1012.2, "Plan Rows": 470, "Plan Width": 12, "Actual Startup Time": 5.983, "Actual Total Time": 7.209, "Actual Rows": 262, "Actual Loops": 1, "Output": ["pl.relatedpostid", "p.owneruserid", "p.id"], "Inner Unique": true, "Hash Cond": "(pl.relatedpostid = p.id)", "Plans": [{"Node Type": "Seq Scan", "Parent Relationship": "Outer", "Parallel Aware": false, "Relation Name": "postlinks", "Schema": "public", "Alias": "pl", "Startup Cost": 0.0, "Total Cost": 87.14, "Plan Rows": 3453, "Plan Width": 4, "Actual Startup Time": 0.016, "Actual Total Time": 0.811, "Actual Rows": 3447, "Actual Loops": 1, "Output": ["pl.id", "pl.creationdate", "pl.postid", "pl.relatedpostid", "pl.linktypeid"], "Filter": "((pl.creationdate >= 1299840629) AND (pl.linktypeid = 1))", "Rows Removed by Filter": 429}, {"Node Type": "Hash", "Parent Relationship": "Inner", "Parallel Aware": false, "Startup Cost": 861.4, "Total Cost": 861.4, "Plan Rows": 4368, "Plan Width": 8, "Actual Startup Time": 5.921, "Actual Total Time": 5.922, "Actual Rows": 4076, "Actual Loops": 1, "Output": ["p.owneruserid", "p.id"], "Hash Buckets": 8192, "Original Hash Buckets": 8192, "Hash Batches": 1, "Original Hash Batches": 1, "Peak Memory Usage": 224, "Plans": [{"Node Type": "Seq Scan", "Parent Relationship": "Outer", "Parallel Aware": false, "Relation Name": "posts", "Schema": "public", "Alias": "p", "Startup Cost": 0.0, "Total Cost": 861.4, "Plan Rows": 4368, "Plan Width": 8, "Actual Startup Time": 0.005, "Actual Total Time": 5.224, "Actual Rows": 4076, "Actual Loops": 1, "Output": ["p.owneruserid", "p.id"], "Filter": "((p.favoritecount >= 0) AND (p.score <= 13) AND (p.score >= 0))", "Rows Removed by Filter": 28004}]}]}, {"Node Type": "Index Scan", "Parent Relationship": "Inner", "Parallel Aware": false, "Scan Direction": "Forward", "Index Name": "users_pkey", "Relation Name": "users", "Schema": "public", "Alias": "u", "Startup Cost": 0.29, "Total Cost": 0.45, "Plan Rows": 1, "Plan Width": 4, "Actual Startup Time": 0.003, "Actual Total Time": 0.003, "Actual Rows": 0, "Actual Loops": 262, "Output": ["u.id", "u.reputation", "u.creationdate", "u.views", "u.upvotes", "u.downvotes"], "Index Cond": "(u.id = p.owneruserid)", "Rows Removed by Index Recheck": 0, "Filter": "((u.creationdate <= 1409540079) AND (u.creationdate >= 1297885322) AND (u.reputation >= 1))", "Rows Removed by Filter": 0}]}, {"Node Type": "Index Scan", "Parent Relationship": "Inner", "Parallel Aware": false, "Scan Direction": "Forward", "Index Name": "idx_votes_postid", "Relation Name": "votes", "Schema": "public", "Alias": "v", "Startup Cost": 0.29, "Total Cost": 1.4, "Plan Rows": 3, "Plan Width": 4, "Actual Startup Time": 0.008, "Actual Total Time": 0.013, "Actual Rows": 3, "Actual Loops": 56, "Output": ["v.id", "v.postid", "v.votetypeid", "v.creationdate", "v.userid", "v.bountyamount"], "Index Cond": "(v.postid = p.id)", "Rows Removed by Index Recheck": 0, "Filter": "((v.creationdate <= 1410364800) AND (v.votetypeid = 2))", "Rows Removed by Filter": 1}]}, {"Node Type": "Index Scan", "Parent Relationship": "Inner", "Parallel Aware": false, "Scan Direction": "Forward", "Index Name": "idx_comments_postid", "Relation Name": "comments", "Schema": "public", "Alias": "c", "Startup Cost": 0.29, "Total Cost": 0.36, "Plan Rows": 2, "Plan Width": 4, "Actual Startup Time": 0.003, "Actual Total Time": 0.004, "Actual Rows": 1, "Actual Loops": 145, "Output": ["c.id", "c.postid", "c.score", "c.creationdate", "c.userid"], "Index Cond": "(c.postid = v.postid)", "Rows Removed by Index Recheck": 0, "Filter": "((c.creationdate <= 1410440134) AND (c.creationdate >= 1281068499))", "Rows Removed by Filter": 0}]}, {"Node Type": "Index Only Scan", "Parent Relationship": "Inner", "Parallel Aware": false, "Scan Direction": "Forward", "Index Name": "idx_badges_userid", "Relation Name": "badges", "Schema": "public", "Alias": "b", "Startup Cost": 0.29, "Total Cost": 0.34, "Plan Rows": 2, "Plan Width": 4, "Actual Startup Time": 0.002, "Actual Total Time": 0.002, "Actual Rows": 4, "Actual Loops": 133, "Output": ["b.userid"], "Index Cond": "(b.userid = u.id)", "Rows Removed by Index Recheck": 0, "Heap Fetches": 0}]}]}, "Planning Time": 159.086, "Triggers": [], "Execution Time": 9.857}]
q87#####[{"Plan": {"Node Type": "Aggregate", "Strategy": "Plain", "Partial Mode": "Simple", "Parallel Aware": false, "Startup Cost": 93369.14, "Total Cost": 93369.15, "Plan Rows": 1, "Plan Width": 8, "Actual Startup Time": 3569.82, "Actual Total Time": 3569.823, "Actual Rows": 1, "Actual Loops": 1, "Output": ["count(*)"], "Plans": [{"Node Type": "Nested Loop", "Parent Relationship": "Outer", "Parallel Aware": false, "Join Type": "Inner", "Startup Cost": 1305.42, "Total Cost": 64187.42, "Plan Rows": 11672689, "Plan Width": 0, "Actual Startup Time": 12.444, "Actual Total Time": 3192.256, "Actual Rows": 10223864, "Actual Loops": 1, "Inner Unique": false, "Plans": [{"Node Type": "Hash Join", "Parent Relationship": "Outer", "Parallel Aware": false, "Join Type": "Inner", "Startup Cost": 1305.12, "Total Cost": 5551.03, "Plan Rows": 133066, "Plan Width": 8, "Actual Startup Time": 12.409, "Actual Total Time": 73.755, "Actual Rows": 132504, "Actual Loops": 1, "Output": ["c.userid", "u.id"], "Inner Unique": true, "Hash Cond": "(c.userid = u.id)", "Plans": [{"Node Type": "Seq Scan", "Parent Relationship": "Outer", "Parallel Aware": false, "Relation Name": "comments", "Schema": "public", "Alias": "c", "Startup Cost": 0.0, "Total Cost": 3896.57, "Plan Rows": 133066, "Plan Width": 4, "Actual Startup Time": 0.054, "Actual Total Time": 28.411, "Actual Rows": 134659, "Actual Loops": 1, "Output": ["c.id", "c.postid", "c.score", "c.creationdate", "c.userid"], "Filter": "((c.creationdate >= 1279925209) AND (c.score = 0))", "Rows Removed by Filter": 39646}, {"Node Type": "Hash", "Parent Relationship": "Inner", "Parallel Aware": false, "Startup Cost": 801.06, "Total Cost": 801.06, "Plan Rows": 40325, "Plan Width": 4, "Actual Startup Time": 12.218, "Actual Total Time": 12.219, "Actual Rows": 40325, "Actual Loops": 1, "Output": ["u.id"], "Hash Buckets": 65536, "Original Hash Buckets": 65536, "Hash Batches": 1, "Original Hash Batches": 1, "Peak Memory Usage": 1930, "Plans": [{"Node Type": "Seq Scan", "Parent Relationship": "Outer", "Parallel Aware": false, "Relation Name": "users", "Schema": "public", "Alias": "u", "Startup Cost": 0.0, "Total Cost": 801.06, "Plan Rows": 40325, "Plan Width": 4, "Actual Startup Time": 0.011, "Actual Total Time": 6.488, "Actual Rows": 40325, "Actual Loops": 1, "Output": ["u.id"], "Filter": "(u.upvotes >= 0)", "Rows Removed by Filter": 0}]}]}, {"Node Type": "Index Scan", "Parent Relationship": "Inner", "Parallel Aware": false, "Scan Direction": "Forward", "Index Name": "idx_badges_userid", "Relation Name": "badges", "Schema": "public", "Alias": "b", "Startup Cost": 0.29, "Total Cost": 0.4, "Plan Rows": 4, "Plan Width": 4, "Actual Startup Time": 0.001, "Actual Total Time": 0.019, "Actual Rows": 77, "Actual Loops": 132504, "Output": ["b.id", "b.userid", "b.date"], "Index Cond": "(b.userid = c.userid)", "Rows Removed by Index Recheck": 0, "Filter": "((b.date <= 1410505896) AND (b.date >= 1279542846))", "Rows Removed by Filter": 0}]}]}, "Planning Time": 77.243, "Triggers": [], "Execution Time": 3569.905}]
q93#####[{"Plan": {"Node Type": "Aggregate", "Strategy": "Plain", "Partial Mode": "Simple", "Parallel Aware": false, "Startup Cost": 14105.2, "Total Cost": 14105.21, "Plan Rows": 1, "Plan Width": 8, "Actual Startup Time": 350.761, "Actual Total Time": 350.765, "Actual Rows": 1, "Actual Loops": 1, "Output": ["count(*)"], "Plans": [{"Node Type": "Merge Join", "Parent Relationship": "Outer", "Parallel Aware": false, "Join Type": "Inner", "Startup Cost": 7386.45, "Total Cost": 8020.81, "Plan Rows": 2433759, "Plan Width": 0, "Actual Startup Time": 42.519, "Actual Total Time": 275.862, "Actual Rows": 2201555, "Actual Loops": 1, "Inner Unique": false, "Merge Cond": "(v.userid = b.userid)", "Plans": [{"Node Type": "Index Only Scan", "Parent Relationship": "Outer", "Parallel Aware": false, "Scan Direction": "Forward", "Index Name": "idx_votes_userid", "Relation Name": "votes", "Schema": "public", "Alias": "v", "Startup Cost": 0.29, "Total Cost": 2163.43, "Plan Rows": 114876, "Plan Width": 4, "Actual Startup Time": 0.009, "Actual Total Time": 6.445, "Actual Rows": 114843, "Actual Loops": 1, "Output": ["v.userid"], "Heap Fetches": 0}, {"Node Type": "Sort", "Parent Relationship": "Inner", "Parallel Aware": false, "Startup Cost": 5205.23, "Total Cost": 5211.23, "Plan Rows": 2399, "Plan Width": 12, "Actual Startup Time": 33.235, "Actual Total Time": 99.943, "Actual Rows": 2212204, "Actual Loops": 1, "Output": ["b.userid", "c.userid", "u.id"], "Sort Key": ["b.userid"], "Sort Method": "quicksort", "Sort Space Used": 3219, "Sort Space Type": "Memory", "Plans": [{"Node Type": "Nested Loop", "Parent Relationship": "Outer", "Parallel Aware": false, "Join Type": "Inner", "Startup Cost": 457.11, "Total Cost": 5070.55, "Plan Rows": 2399, "Plan Width": 12, "Actual Startup Time": 9.894, "Actual Total Time": 27.323, "Actual Rows": 39527, "Actual Loops": 1, "Output": ["b.userid", "c.userid", "u.id"], "Inner Unique": false, "Join Filter": "(c.userid = b.userid)", "Rows Removed by Join Filter": 0, "Plans": [{"Node Type": "Hash Join", "Parent Relationship": "Outer", "Parallel Aware": false, "Join Type": "Inner", "Startup Cost": 456.83, "Total Cost": 1846.73, "Plan Rows": 8749, "Plan Width": 8, "Actual Startup Time": 9.842, "Actual Total Time": 17.312, "Actual Rows": 2742, "Actual Loops": 1, "Output": ["c.userid", "u.id"], "Inner Unique": true, "Hash Cond": "(c.userid = u.id)", "Plans": [{"Node Type": "Seq Scan", "Parent Relationship": "Outer", "Parallel Aware": false, "Relation Name": "comments", "Schema": "public", "Alias": "c", "Startup Cost": 0.0, "Total Cost": 1366.92, "Plan Rows": 8753, "Plan Width": 4, "Actual Startup Time": 0.023, "Actual Total Time": 6.203, "Actual Rows": 8762, "Actual Loops": 1, "Output": ["c.id", "c.postid", "c.score", "c.creationdate", "c.userid"], "Filter": "((c.creationdate >= 1279639048) AND (c.score = 1))", "Rows Removed by Filter": 52366}, {"Node Type": "Hash", "Parent Relationship": "Inner", "Parallel Aware": false, "Startup Cost": 280.45, "Total Cost": 280.45, "Plan Rows": 14110, "Plan Width": 4, "Actual Startup Time": 9.8, "Actual Total Time": 9.801, "Actual Rows": 14093, "Actual Loops": 1, "Output": ["u.id"], "Hash Buckets": 16384, "Original Hash Buckets": 16384, "Hash Batches": 1, "Original Hash Batches": 1, "Peak Memory Usage": 624, "Plans": [{"Node Type": "Seq Scan", "Parent Relationship": "Outer", "Parallel Aware": false, "Relation Name": "users", "Schema": "public", "Alias": "u", "Startup Cost": 0.0, "Total Cost": 280.45, "Plan Rows": 14110, "Plan Width": 4, "Actual Startup Time": 0.01, "Actual Total Time": 5.117, "Actual Rows": 14093, "Actual Loops": 1, "Output": ["u.id"], "Filter": "(u.creationdate >= 1279560449)", "Rows Removed by Filter": 23}]}]}, {"Node Type": "Index Only Scan", "Parent Relationship": "Inner", "Parallel Aware": false, "Scan Direction": "Forward", "Index Name": "idx_badges_userid", "Relation Name": "badges", "Schema": "public", "Alias": "b", "Startup Cost": 0.29, "Total Cost": 0.34, "Plan Rows": 2, "Plan Width": 4, "Actual Startup Time": 0.001, "Actual Total Time": 0.002, "Actual Rows": 14, "Actual Loops": 2742, "Output": ["b.userid"], "Index Cond": "(b.userid = u.id)", "Rows Removed by Index Recheck": 0, "Heap Fetches": 0}]}]}]}]}, "Planning Time": 94.471, "Triggers": [], "Execution Time": 351.008}]
q145#####[{"Plan": {"Node Type": "Aggregate", "Strategy": "Plain", "Partial Mode": "Simple", "Parallel Aware": false, "Startup Cost": 106694.7, "Total Cost": 106694.71, "Plan Rows": 1, "Plan Width": 8, "Actual Startup Time": 51.678, "Actual Total Time": 51.682, "Actual Rows": 1, "Actual Loops": 1, "Output": ["count(*)"], "Plans": [{"Node Type": "Hash Join", "Parent Relationship": "Outer", "Parallel Aware": false, "Join Type": "Inner", "Startup Cost": 4649.49, "Total Cost": 9087.52, "Plan Rows": 39042872, "Plan Width": 0, "Actual Startup Time": 35.19, "Actual Total Time": 49.2, "Actual Rows": 69695, "Actual Loops": 1, "Inner Unique": false, "Hash Cond": "(p.owneruserid = u.id)", "Plans": [{"Node Type": "Seq Scan", "Parent Relationship": "Outer", "Parallel Aware": false, "Relation Name": "posts", "Schema": "public", "Alias": "p", "Startup Cost": 0.0, "Total Cost": 781.2, "Plan Rows": 31869, "Plan Width": 4, "Actual Startup Time": 0.039, "Actual Total Time": 4.438, "Actual Rows": 31873, "Actual Loops": 1, "Output": ["p.owneruserid"], "Filter": "((p.commentcount <= 12) AND (p.commentcount >= 0))", "Rows Removed by Filter": 207}, {"Node Type": "Hash", "Parent Relationship": "Inner", "Parallel Aware": false, "Startup Cost": 2785.61, "Total Cost": 2785.61, "Plan Rows": 113590, "Plan Width": 8, "Actual Startup Time": 33.728, "Actual Total Time": 33.731, "Actual Rows": 3150, "Actual Loops": 1, "Output": ["u.id", "v.userid"], "Hash Buckets": 131072, "Original Hash Buckets": 131072, "Hash Batches": 2, "Original Hash Batches": 2, "Peak Memory Usage": 1099, "Plans": [{"Node Type": "Hash Join", "Parent Relationship": "Outer", "Parallel Aware": false, "Join Type": "Inner", "Startup Cost": 490.22, "Total Cost": 2785.61, "Plan Rows": 113590, "Plan Width": 8, "Actual Startup Time": 10.227, "Actual Total Time": 32.935, "Actual Rows": 3150, "Actual Loops": 1, "Output": ["u.id", "v.userid"], "Inner Unique": true, "Hash Cond": "(v.userid = u.id)", "Plans": [{"Node Type": "Seq Scan", "Parent Relationship": "Outer", "Parallel Aware": false, "Relation Name": "votes", "Schema": "public", "Alias": "v", "Startup Cost": 0.0, "Total Cost": 1993.76, "Plan Rows": 114876, "Plan Width": 4, "Actual Startup Time": 0.019, "Actual Total Time": 8.87, "Actual Rows": 114876, "Actual Loops": 1, "Output": ["v.id", "v.postid", "v.votetypeid", "v.creationdate", "v.userid", "v.bountyamount"]}, {"Node Type": "Hash", "Parent Relationship": "Inner", "Parallel Aware": false, "Startup Cost": 315.74, "Total Cost": 315.74, "Plan Rows": 13958, "Plan Width": 4, "Actual Startup Time": 10.157, "Actual Total Time": 10.159, "Actual Rows": 13934, "Actual Loops": 1, "Output": ["u.id"], "Hash Buckets": 16384, "Original Hash Buckets": 16384, "Hash Batches": 1, "Original Hash Batches": 1, "Peak Memory Usage": 618, "Plans": [{"Node Type": "Seq Scan", "Parent Relationship": "Outer", "Parallel Aware": false, "Relation Name": "users", "Schema": "public", "Alias": "u", "Startup Cost": 0.0, "Total Cost": 315.74, "Plan Rows": 13958, "Plan Width": 4, "Actual Startup Time": 0.017, "Actual Total Time": 5.558, "Actual Rows": 13934, "Actual Loops": 1, "Output": ["u.id"], "Filter": "((u.creationdate <= 1410162902) AND (u.creationdate >= 1279744686))", "Rows Removed by Filter": 182}]}]}]}]}]}, "Planning Time": 51.263, "Triggers": [], "Execution Time": 51.806}]
q144#####[{"Plan": {"Node Type": "Aggregate", "Strategy": "Plain", "Partial Mode": "Simple", "Parallel Aware": false, "Startup Cost": 6263.21, "Total Cost": 6263.22, "Plan Rows": 1, "Plan Width": 8, "Actual Startup Time": 55.76, "Actual Total Time": 55.765, "Actual Rows": 1, "Actual Loops": 1, "Output": ["count(*)"], "Plans": [{"Node Type": "Hash Join", "Parent Relationship": "Outer", "Parallel Aware": false, "Join Type": "Inner", "Startup Cost": 3607.12, "Total Cost": 6099.78, "Plan Rows": 65369, "Plan Width": 0, "Actual Startup Time": 22.648, "Actual Total Time": 52.455, "Actual Rows": 48489, "Actual Loops": 1, "Inner Unique": false, "Hash Cond": "(c.userid = b.userid)", "Plans": [{"Node Type": "Hash Join", "Parent Relationship": "Outer", "Parallel Aware": false, "Join Type": "Inner", "Startup Cost": 516.33, "Total Cost": 1855.08, "Plan Rows": 44474, "Plan Width": 8, "Actual Startup Time": 5.241, "Actual Total Time": 26.696, "Actual Rows": 9803, "Actual Loops": 1, "Output": ["c.userid", "u.id"], "Inner Unique": true, "Hash Cond": "(c.userid = u.id)", "Plans": [{"Node Type": "Seq Scan", "Parent Relationship": "Outer", "Parallel Aware": false, "Relation Name": "comments", "Schema": "public", "Alias": "c", "Startup Cost": 0.0, "Total Cost": 1214.1, "Plan Rows": 47474, "Plan Width": 4, "Actual Startup Time": 0.018, "Actual Total Time": 11.516, "Actual Rows": 47508, "Actual Loops": 1, "Output": ["c.id", "c.postid", "c.score", "c.creationdate", "c.userid"], "Filter": "(c.score = 0)", "Rows Removed by Filter": 13620}, {"Node Type": "Hash", "Parent Relationship": "Inner", "Parallel Aware": false, "Startup Cost": 351.03, "Total Cost": 351.03, "Plan Rows": 13224, "Plan Width": 4, "Actual Startup Time": 5.191, "Actual Total Time": 5.192, "Actual Rows": 13184, "Actual Loops": 1, "Output": ["u.id"], "Hash Buckets": 16384, "Original Hash Buckets": 16384, "Hash Batches": 1, "Original Hash Batches": 1, "Peak Memory Usage": 592, "Plans": [{"Node Type": "Seq Scan", "Parent Relationship": "Outer", "Parallel Aware": false, "Relation Name": "users", "Schema": "public", "Alias": "u", "Startup Cost": 0.0, "Total Cost": 351.03, "Plan Rows": 13224, "Plan Width": 4, "Actual Startup Time": 0.01, "Actual Total Time": 3.034, "Actual Rows": 13184, "Actual Loops": 1, "Output": ["u.id"], "Filter": "((u.creationdate <= 1407639699) AND (u.creationdate >= 1282784491) AND (u.downvotes <= 57))", "Rows Removed by Filter": 932}]}]}, {"Node Type": "Hash", "Parent Relationship": "Inner", "Parallel Aware": false, "Startup Cost": 3072.04, "Total Cost": 3072.04, "Plan Rows": 1500, "Plan Width": 8, "Actual Startup Time": 17.38, "Actual Total Time": 17.382, "Actual Rows": 3354, "Actual Loops": 1, "Output": ["b.userid", "v.userid"], "Hash Buckets": 4096, "Original Hash Buckets": 2048, "Hash Batches": 1, "Original Hash Batches": 1, "Peak Memory Usage": 164, "Plans": [{"Node Type": "Nested Loop", "Parent Relationship": "Outer", "Parallel Aware": false, "Join Type": "Inner", "Startup Cost": 0.29, "Total Cost": 3072.04, "Plan Rows": 1500, "Plan Width": 8, "Actual Startup Time": 0.047, "Actual Total Time": 16.685, "Actual Rows": 3354, "Actual Loops": 1, "Output": ["b.userid", "v.userid"], "Inner Unique": false, "Plans": [{"Node Type": "Seq Scan", "Parent Relationship": "Outer", "Parallel Aware": false, "Relation Name": "votes", "Schema": "public", "Alias": "v", "Startup Cost": 0.0, "Total Cost": 2568.14, "Plan Rows": 607, "Plan Width": 4, "Actual Startup Time": 0.01, "Actual Total Time": 14.819, "Actual Rows": 523, "Actual Loops": 1, "Output": ["v.id", "v.postid", "v.votetypeid", "v.creationdate", "v.userid", "v.bountyamount"], "Filter": "((v.bountyamount >= 0) AND (v.creationdate <= 1410364800))", "Rows Removed by Filter": 114353}, {"Node Type": "Index Only Scan", "Parent Relationship": "Inner", "Parallel Aware": false, "Scan Direction": "Forward", "Index Name": "idx_badges_userid", "Relation Name": "badges", "Schema": "public", "Alias": "b", "Startup Cost": 0.29, "Total Cost": 0.81, "Plan Rows": 2, "Plan Width": 4, "Actual Startup Time": 0.002, "Actual Total Time": 0.003, "Actual Rows": 6, "Actual Loops": 523, "Output": ["b.userid"], "Index Cond": "(b.userid = v.userid)", "Rows Removed by Index Recheck": 0, "Heap Fetches": 0}]}]}]}]}, "Planning Time": 91.283, "Triggers": [], "Execution Time": 55.847}]
q92#####[{"Plan": {"Node Type": "Aggregate", "Strategy": "Plain", "Partial Mode": "Simple", "Parallel Aware": false, "Startup Cost": 9260.47, "Total Cost": 9260.48, "Plan Rows": 1, "Plan Width": 8, "Actual Startup Time": 85.879, "Actual Total Time": 85.884, "Actual Rows": 1, "Actual Loops": 1, "Output": ["count(*)"], "Plans": [{"Node Type": "Hash Join", "Parent Relationship": "Outer", "Parallel Aware": false, "Join Type": "Inner", "Startup Cost": 7408.56, "Total Cost": 9125.8, "Plan Rows": 53869, "Plan Width": 0, "Actual Startup Time": 75.743, "Actual Total Time": 85.565, "Actual Rows": 7728, "Actual Loops": 1, "Inner Unique": false, "Hash Cond": "(c.postid = p.id)", "Plans": [{"Node Type": "Seq Scan", "Parent Relationship": "Outer", "Parallel Aware": false, "Relation Name": "comments", "Schema": "public", "Alias": "c", "Startup Cost": 0.0, "Total Cost": 1214.1, "Plan Rows": 47474, "Plan Width": 4, "Actual Startup Time": 0.018, "Actual Total Time": 5.86, "Actual Rows": 47508, "Actual Loops": 1, "Output": ["c.id", "c.postid", "c.score", "c.creationdate", "c.userid"], "Filter": "(c.score = 0)", "Rows Removed by Filter": 13620}, {"Node Type": "Hash", "Parent Relationship": "Inner", "Parallel Aware": false, "Startup Cost": 7133.95, "Total Cost": 7133.95, "Plan Rows": 21969, "Plan Width": 16, "Actual Startup Time": 75.681, "Actual Total Time": 75.685, "Actual Rows": 6781, "Actual Loops": 1, "Output": ["ph.postid", "pl.postid", "p.id", "v.postid"], "Hash Buckets": 32768, "Original Hash Buckets": 32768, "Hash Batches": 1, "Original Hash Batches": 1, "Peak Memory Usage": 574, "Plans": [{"Node Type": "Hash Join", "Parent Relationship": "Outer", "Parallel Aware": false, "Join Type": "Inner", "Startup Cost": 3668.72, "Total Cost": 7133.95, "Plan Rows": 21969, "Plan Width": 16, "Actual Startup Time": 22.795, "Actual Total Time": 73.812, "Actual Rows": 6781, "Actual Loops": 1, "Output": ["ph.postid", "pl.postid", "p.id", "v.postid"], "Inner Unique": false, "Hash Cond": "(p.id = ph.postid)", "Plans": [{"Node Type": "Hash Join", "Parent Relationship": "Outer", "Parallel Aware": false, "Join Type": "Inner", "Startup Cost": 1021.8, "Total Cost": 3317.14, "Plan Rows": 108593, "Plan Width": 8, "Actual Startup Time": 10.416, "Actual Total Time": 55.221, "Actual Rows": 37682, "Actual Loops": 1, "Output": ["p.id", "v.postid"], "Inner Unique": true, "Hash Cond": "(v.postid = p.id)", "Plans": [{"Node Type": "Seq Scan", "Parent Relationship": "Outer", "Parallel Aware": false, "Relation Name": "votes", "Schema": "public", "Alias": "v", "Startup Cost": 0.0, "Total Cost": 1993.76, "Plan Rows": 114876, "Plan Width": 4, "Actual Startup Time": 0.004, "Actual Total Time": 12.348, "Actual Rows": 114876, "Actual Loops": 1, "Output": ["v.id", "v.postid", "v.votetypeid", "v.creationdate", "v.userid", "v.bountyamount"]}, {"Node Type": "Hash", "Parent Relationship": "Inner", "Parallel Aware": false, "Startup Cost": 620.8, "Total Cost": 620.8, "Plan Rows": 32080, "Plan Width": 4, "Actual Startup Time": 10.275, "Actual Total Time": 10.276, "Actual Rows": 32080, "Actual Loops": 1, "Output": ["p.id"], "Hash Buckets": 32768, "Original Hash Buckets": 32768, "Hash Batches": 1, "Original Hash Batches": 1, "Peak Memory Usage": 1384, "Plans": [{"Node Type": "Seq Scan", "Parent Relationship": "Outer", "Parallel Aware": false, "Relation Name": "posts", "Schema": "public", "Alias": "p", "Startup Cost": 0.0, "Total Cost": 620.8, "Plan Rows": 32080, "Plan Width": 4, "Actual Startup Time": 0.009, "Actual Total Time": 4.734, "Actual Rows": 32080, "Actual Loops": 1, "Output": ["p.id"]}]}]}, {"Node Type": "Hash", "Parent Relationship": "Inner", "Parallel Aware": false, "Startup Cost": 2535.86, "Total Cost": 2535.86, "Plan Rows": 8885, "Plan Width": 8, "Actual Startup Time": 12.233, "Actual Total Time": 12.235, "Actual Rows": 8065, "Actual Loops": 1, "Output": ["ph.postid", "pl.postid"], "Hash Buckets": 16384, "Original Hash Buckets": 16384, "Hash Batches": 1, "Original Hash Batches": 1, "Peak Memory Usage": 444, "Plans": [{"Node Type": "Nested Loop", "Parent Relationship": "Outer", "Parallel Aware": false, "Join Type": "Inner", "Startup Cost": 0.29, "Total Cost": 2535.86, "Plan Rows": 8885, "Plan Width": 8, "Actual Startup Time": 0.034, "Actual Total Time": 10.607, "Actual Rows": 8065, "Actual Loops": 1, "Output": ["ph.postid", "pl.postid"], "Inner Unique": false, "Plans": [{"Node Type": "Seq Scan", "Parent Relationship": "Outer", "Parallel Aware": false, "Relation Name": "postlinks", "Schema": "public", "Alias": "pl", "Startup Cost": 0.0, "Total Cost": 87.14, "Plan Rows": 3674, "Plan Width": 4, "Actual Startup Time": 0.007, "Actual Total Time": 0.975, "Actual Rows": 3679, "Actual Loops": 1, "Output": ["pl.id", "pl.creationdate", "pl.postid", "pl.relatedpostid", "pl.linktypeid"], "Filter": "((pl.creationdate <= 1408709065) AND (pl.creationdate >= 1300745914))", "Rows Removed by Filter": 197}, {"Node Type": "Index Only Scan", "Parent Relationship": "Inner", "Parallel Aware": false, "Scan Direction": "Forward", "Index Name": "idx_posthistory_postid", "Relation Name": "posthistory", "Schema": "public", "Alias": "ph", "Startup Cost": 0.29, "Total Cost": 0.65, "Plan Rows": 2, "Plan Width": 4, "Actual Startup Time": 0.002, "Actual Total Time": 0.002, "Actual Rows": 2, "Actual Loops": 3679, "Output": ["ph.postid"], "Index Cond": "(ph.postid = pl.postid)", "Rows Removed by Index Recheck": 0, "Heap Fetches": 0}]}]}]}]}]}]}, "Planning Time": 136.72, "Triggers": [], "Execution Time": 85.978}]
q86#####[{"Plan": {"Node Type": "Aggregate", "Strategy": "Plain", "Partial Mode": "Simple", "Parallel Aware": false, "Startup Cost": 3276.91, "Total Cost": 3276.92, "Plan Rows": 1, "Plan Width": 8, "Actual Startup Time": 20.336, "Actual Total Time": 20.339, "Actual Rows": 1, "Actual Loops": 1, "Output": ["count(*)"], "Plans": [{"Node Type": "Nested Loop", "Parent Relationship": "Outer", "Parallel Aware": false, "Join Type": "Inner", "Startup Cost": 1512.99, "Total Cost": 3255.69, "Plan Rows": 8486, "Plan Width": 0, "Actual Startup Time": 17.324, "Actual Total Time": 20.313, "Actual Rows": 252, "Actual Loops": 1, "Inner Unique": false, "Plans": [{"Node Type": "Hash Join", "Parent Relationship": "Outer", "Parallel Aware": false, "Join Type": "Inner", "Startup Cost": 1512.7, "Total Cost": 1600.81, "Plan Rows": 3848, "Plan Width": 8, "Actual Startup Time": 17.244, "Actual Total Time": 18.818, "Actual Rows": 248, "Actual Loops": 1, "Output": ["pl.relatedpostid", "p.id"], "Inner Unique": true, "Hash Cond": "(p.owneruserid = u.id)", "Plans": [{"Node Type": "Hash Join", "Parent Relationship": "Outer", "Parallel Aware": false, "Join Type": "Inner", "Startup Cost": 1021.8, "Total Cost": 1099.73, "Plan Rows": 3876, "Plan Width": 12, "Actual Startup Time": 12.217, "Actual Total Time": 13.581, "Actual Rows": 1134, "Actual Loops": 1, "Output": ["pl.relatedpostid", "p.id", "p.owneruserid"], "Inner Unique": true, "Hash Cond": "(pl.relatedpostid = p.id)", "Plans": [{"Node Type": "Seq Scan", "Parent Relationship": "Outer", "Parallel Aware": false, "Relation Name": "postlinks", "Schema": "public", "Alias": "pl", "Startup Cost": 0.0, "Total Cost": 67.76, "Plan Rows": 3876, "Plan Width": 4, "Actual Startup Time": 0.005, "Actual Total Time": 0.417, "Actual Rows": 3876, "Actual Loops": 1, "Output": ["pl.id", "pl.creationdate", "pl.postid", "pl.relatedpostid", "pl.linktypeid"]}, {"Node Type": "Hash", "Parent Relationship": "Inner", "Parallel Aware": false, "Startup Cost": 620.8, "Total Cost": 620.8, "Plan Rows": 32080, "Plan Width": 8, "Actual Startup Time": 12.056, "Actual Total Time": 12.057, "Actual Rows": 32080, "Actual Loops": 1, "Output": ["p.id", "p.owneruserid"], "Hash Buckets": 32768, "Original Hash Buckets": 32768, "Hash Batches": 1, "Original Hash Batches": 1, "Peak Memory Usage": 1510, "Plans": [{"Node Type": "Seq Scan", "Parent Relationship": "Outer", "Parallel Aware": false, "Relation Name": "posts", "Schema": "public", "Alias": "p", "Startup Cost": 0.0, "Total Cost": 620.8, "Plan Rows": 32080, "Plan Width": 8, "Actual Startup Time": 0.005, "Actual Total Time": 6.069, "Actual Rows": 32080, "Actual Loops": 1, "Output": ["p.id", "p.owneruserid"]}]}]}, {"Node Type": "Hash", "Parent Relationship": "Inner", "Parallel Aware": false, "Startup Cost": 315.74, "Total Cost": 315.74, "Plan Rows": 14013, "Plan Width": 4, "Actual Startup Time": 4.997, "Actual Total Time": 4.998, "Actual Rows": 13972, "Actual Loops": 1, "Output": ["u.id"], "Hash Buckets": 16384, "Original Hash Buckets": 16384, "Hash Batches": 1, "Original Hash Batches": 1, "Peak Memory Usage": 620, "Plans": [{"Node Type": "Seq Scan", "Parent Relationship": "Outer", "Parallel Aware": false, "Relation Name": "users", "Schema": "public", "Alias": "u", "Startup Cost": 0.0, "Total Cost": 315.74, "Plan Rows": 14013, "Plan Width": 4, "Actual Startup Time": 0.015, "Actual Total Time": 2.707, "Actual Rows": 13972, "Actual Loops": 1, "Output": ["u.id"], "Filter": "((u.creationdate >= 1282397258) AND (u.upvotes >= 0))", "Rows Removed by Filter": 144}]}]}, {"Node Type": "Index Scan", "Parent Relationship": "Inner", "Parallel Aware": false, "Scan Direction": "Forward", "Index Name": "idx_comments_postid", "Relation Name": "comments", "Schema": "public", "Alias": "c", "Startup Cost": 0.29, "Total Cost": 0.41, "Plan Rows": 2, "Plan Width": 4, "Actual Startup Time": 0.004, "Actual Total Time": 0.006, "Actual Rows": 1, "Actual Loops": 248, "Output": ["c.id", "c.postid", "c.score", "c.creationdate", "c.userid"], "Index Cond": "(c.postid = p.id)", "Rows Removed by Index Recheck": 0, "Filter": "((c.creationdate <= 1408960765) AND (c.creationdate >= 1279681537))", "Rows Removed by Filter": 0}]}]}, "Planning Time": 100.348, "Triggers": [], "Execution Time": 20.443}]
q51#####[{"Plan": {"Node Type": "Aggregate", "Strategy": "Plain", "Partial Mode": "Simple", "Parallel Aware": false, "Startup Cost": 12578.68, "Total Cost": 12578.69, "Plan Rows": 1, "Plan Width": 8, "Actual Startup Time": 432.872, "Actual Total Time": 432.877, "Actual Rows": 1, "Actual Loops": 1, "Output": ["count(*)"], "Plans": [{"Node Type": "Hash Join", "Parent Relationship": "Outer", "Parallel Aware": false, "Join Type": "Inner", "Startup Cost": 2973.75, "Total Cost": 8262.52, "Plan Rows": 1726465, "Plan Width": 0, "Actual Startup Time": 35.374, "Actual Total Time": 365.185, "Actual Rows": 2061933, "Actual Loops": 1, "Inner Unique": false, "Hash Cond": "(b.userid = u.id)", "Plans": [{"Node Type": "Nested Loop", "Parent Relationship": "Outer", "Parallel Aware": false, "Join Type": "Inner", "Startup Cost": 0.58, "Total Cost": 3203.16, "Plan Rows": 186922, "Plan Width": 12, "Actual Startup Time": 0.153, "Actual Total Time": 177.031, "Actual Rows": 90622, "Actual Loops": 1, "Output": ["b.userid", "c.userid", "p.owneruserid"], "Inner Unique": false, "Plans": [{"Node Type": "Nested Loop", "Parent Relationship": "Outer", "Parallel Aware": false, "Join Type": "Inner", "Startup Cost": 0.29, "Total Cost": 1955.88, "Plan Rows": 2160, "Plan Width": 8, "Actual Startup Time": 0.105, "Actual Total Time": 5.086, "Actual Rows": 3511, "Actual Loops": 1, "Output": ["b.userid", "p.owneruserid"], "Inner Unique": false, "Plans": [{"Node Type": "Seq Scan", "Parent Relationship": "Outer", "Parallel Aware": false, "Relation Name": "posts", "Schema": "public", "Alias": "p", "Startup Cost": 0.0, "Total Cost": 1021.8, "Plan Rows": 1863, "Plan Width": 4, "Actual Startup Time": 0.026, "Actual Total Time": 3.163, "Actual Rows": 717, "Actual Loops": 1, "Output": ["p.id", "p.posttypeid", "p.creationdate", "p.score", "p.viewcount", "p.owneruserid", "p.answercount", "p.commentcount", "p.favoritecount", "p.lasteditoruserid"], "Filter": "((p.favoritecount >= 0) AND (p.score <= 23) AND (p.score >= '-2'::integer) AND (p.viewcount <= 2432) AND (p.commentcount = 0))", "Rows Removed by Filter": 31363}, {"Node Type": "Index Only Scan", "Parent Relationship": "Inner", "Parallel Aware": false, "Scan Direction": "Forward", "Index Name": "idx_badges_userid", "Relation Name": "badges", "Schema": "public", "Alias": "b", "Startup Cost": 0.29, "Total Cost": 0.48, "Plan Rows": 2, "Plan Width": 4, "Actual Startup Time": 0.002, "Actual Total Time": 0.002, "Actual Rows": 5, "Actual Loops": 717, "Output": ["b.userid"], "Index Cond": "(b.userid = p.owneruserid)", "Rows Removed by Index Recheck": 0, "Heap Fetches": 0}]}, {"Node Type": "Index Scan", "Parent Relationship": "Inner", "Parallel Aware": false, "Scan Direction": "Forward", "Index Name": "idx_comments_userid", "Relation Name": "comments", "Schema": "public", "Alias": "c", "Startup Cost": 0.29, "Total Cost": 0.57, "Plan Rows": 1, "Plan Width": 4, "Actual Startup Time": 0.003, "Actual Total Time": 0.047, "Actual Rows": 26, "Actual Loops": 3511, "Output": ["c.id", "c.postid", "c.score", "c.creationdate", "c.userid"], "Index Cond": "(c.userid = b.userid)", "Rows Removed by Index Recheck": 0, "Filter": "(c.score = 1)", "Rows Removed by Filter": 225}]}, {"Node Type": "Hash", "Parent Relationship": "Inner", "Parallel Aware": false, "Startup Cost": 2842.41, "Total Cost": 2842.41, "Plan Rows": 10461, "Plan Width": 8, "Actual Startup Time": 33.736, "Actual Total Time": 33.739, "Actual Rows": 2588, "Actual Loops": 1, "Output": ["u.id", "v.userid"], "Hash Buckets": 16384, "Original Hash Buckets": 16384, "Hash Batches": 1, "Original Hash Batches": 1, "Peak Memory Usage": 230, "Plans": [{"Node Type": "Hash Join", "Parent Relationship": "Outer", "Parallel Aware": false, "Join Type": "Inner", "Startup Cost": 547.01, "Total Cost": 2842.41, "Plan Rows": 10461, "Plan Width": 8, "Actual Startup Time": 9.731, "Actual Total Time": 33.251, "Actual Rows": 2588, "Actual Loops": 1, "Output": ["u.id", "v.userid"], "Inner Unique": true, "Hash Cond": "(v.userid = u.id)", "Plans": [{"Node Type": "Seq Scan", "Parent Relationship": "Outer", "Parallel Aware": false, "Relation Name": "votes", "Schema": "public", "Alias": "v", "Startup Cost": 0.0, "Total Cost": 1993.76, "Plan Rows": 114876, "Plan Width": 4, "Actual Startup Time": 0.017, "Actual Total Time": 9.128, "Actual Rows": 114876, "Actual Loops": 1, "Output": ["v.id", "v.postid", "v.votetypeid", "v.creationdate", "v.userid", "v.bountyamount"]}, {"Node Type": "Hash", "Parent Relationship": "Inner", "Parallel Aware": false, "Startup Cost": 386.32, "Total Cost": 386.32, "Plan Rows": 12855, "Plan Width": 4, "Actual Startup Time": 9.642, "Actual Total Time": 9.643, "Actual Rows": 13010, "Actual Loops": 1, "Output": ["u.id"], "Hash Buckets": 16384, "Original Hash Buckets": 16384, "Hash Batches": 1, "Original Hash Batches": 1, "Peak Memory Usage": 586, "Plans": [{"Node Type": "Seq Scan", "Parent Relationship": "Outer", "Parallel Aware": false, "Relation Name": "users", "Schema": "public", "Alias": "u", "Startup Cost": 0.0, "Total Cost": 386.32, "Plan Rows": 12855, "Plan Width": 4, "Actual Startup Time": 0.015, "Actual Total Time": 5.683, "Actual Rows": 13010, "Actual Loops": 1, "Output": ["u.id"], "Filter": "((u.reputation <= 113) AND (u.reputation >= 1) AND (u.views <= 51) AND (u.views >= 0))", "Rows Removed by Filter": 1106}]}]}]}]}]}, "Planning Time": 152.368, "Triggers": [], "Execution Time": 433.001}]
q45#####[{"Plan": {"Node Type": "Aggregate", "Strategy": "Plain", "Partial Mode": "Simple", "Parallel Aware": false, "Startup Cost": 13905.27, "Total Cost": 13905.28, "Plan Rows": 1, "Plan Width": 8, "Actual Startup Time": 52.689, "Actual Total Time": 52.693, "Actual Rows": 1, "Actual Loops": 1, "Output": ["count(*)"], "Plans": [{"Node Type": "Hash Join", "Parent Relationship": "Outer", "Parallel Aware": false, "Join Type": "Inner", "Startup Cost": 4619.42, "Total Cost": 13162.1, "Plan Rows": 297268, "Plan Width": 0, "Actual Startup Time": 41.38, "Actual Total Time": 51.887, "Actual Rows": 24091, "Actual Loops": 1, "Inner Unique": false, "Hash Cond": "(p.owneruserid = b.userid)", "Plans": [{"Node Type": "Hash Join", "Parent Relationship": "Outer", "Parallel Aware": false, "Join Type": "Inner", "Startup Cost": 3176.3, "Total Cost": 4683.9, "Plan Rows": 26207, "Plan Width": 4, "Actual Startup Time": 17.207, "Actual Total Time": 25.731, "Actual Rows": 5236, "Actual Loops": 1, "Output": ["p.owneruserid"], "Inner Unique": false, "Hash Cond": "(c.postid = p.id)", "Plans": [{"Node Type": "Seq Scan", "Parent Relationship": "Outer", "Parallel Aware": false, "Relation Name": "comments", "Schema": "public", "Alias": "c", "Startup Cost": 0.0, "Total Cost": 1061.28, "Plan Rows": 61128, "Plan Width": 4, "Actual Startup Time": 0.015, "Actual Total Time": 3.383, "Actual Rows": 61128, "Actual Loops": 1, "Output": ["c.id", "c.postid", "c.score", "c.creationdate", "c.userid"]}, {"Node Type": "Hash", "Parent Relationship": "Inner", "Parallel Aware": false, "Startup Cost": 3033.89, "Total Cost": 3033.89, "Plan Rows": 11393, "Plan Width": 16, "Actual Startup Time": 17.063, "Actual Total Time": 17.065, "Actual Rows": 4679, "Actual Loops": 1, "Output": ["pl.relatedpostid", "p.owneruserid", "p.id", "v.postid"], "Hash Buckets": 16384, "Original Hash Buckets": 16384, "Hash Batches": 1, "Original Hash Batches": 1, "Peak Memory Usage": 348, "Plans": [{"Node Type": "Nested Loop", "Parent Relationship": "Outer", "Parallel Aware": false, "Join Type": "Inner", "Startup Cost": 1175.79, "Total Cost": 3033.89, "Plan Rows": 11393, "Plan Width": 16, "Actual Startup Time": 10.747, "Actual Total Time": 16.415, "Actual Rows": 4679, "Actual Loops": 1, "Output": ["pl.relatedpostid", "p.owneruserid", "p.id", "v.postid"], "Inner Unique": false, "Plans": [{"Node Type": "Hash Join", "Parent Relationship": "Outer", "Parallel Aware": false, "Join Type": "Inner", "Startup Cost": 1175.5, "Total Cost": 1261.94, "Plan Rows": 3366, "Plan Width": 12, "Actual Startup Time": 10.714, "Actual Total Time": 11.737, "Actual Rows": 829, "Actual Loops": 1, "Output": ["pl.relatedpostid", "p.owneruserid", "p.id"], "Inner Unique": true, "Hash Cond": "(pl.relatedpostid = p.id)", "Plans": [{"Node Type": "Seq Scan", "Parent Relationship": "Outer", "Parallel Aware": false, "Relation Name": "postlinks", "Schema": "public", "Alias": "pl", "Startup Cost": 0.0, "Total Cost": 77.45, "Plan Rows": 3423, "Plan Width": 4, "Actual Startup Time": 0.006, "Actual Total Time": 0.544, "Actual Rows": 3423, "Actual Loops": 1, "Output": ["pl.id", "pl.creationdate", "pl.postid", "pl.relatedpostid", "pl.linktypeid"], "Filter": "(pl.creationdate <= 1403672706)", "Rows Removed by Filter": 453}, {"Node Type": "Hash", "Parent Relationship": "Inner", "Parallel Aware": false, "Startup Cost": 781.2, "Total Cost": 781.2, "Plan Rows": 31544, "Plan Width": 8, "Actual Startup Time": 10.485, "Actual Total Time": 10.486, "Actual Rows": 31538, "Actual Loops": 1, "Output": ["p.owneruserid", "p.id"], "Hash Buckets": 32768, "Original Hash Buckets": 32768, "Hash Batches": 1, "Original Hash Batches": 1, "Peak Memory Usage": 1488, "Plans": [{"Node Type": "Seq Scan", "Parent Relationship": "Outer", "Parallel Aware": false, "Relation Name": "posts", "Schema": "public", "Alias": "p", "Startup Cost": 0.0, "Total Cost": 781.2, "Plan Rows": 31544, "Plan Width": 8, "Actual Startup Time": 0.006, "Actual Total Time": 5.907, "Actual Rows": 31538, "Actual Loops": 1, "Output": ["p.owneruserid", "p.id"], "Filter": "((p.score <= 14) AND (p.score >= '-1'::integer))", "Rows Removed by Filter": 542}]}]}, {"Node Type": "Index Scan", "Parent Relationship": "Inner", "Parallel Aware": false, "Scan Direction": "Forward", "Index Name": "idx_votes_postid", "Relation Name": "votes", "Schema": "public", "Alias": "v", "Startup Cost": 0.29, "Total Cost": 0.5, "Plan Rows": 3, "Plan Width": 4, "Actual Startup Time": 0.002, "Actual Total Time": 0.005, "Actual Rows": 6, "Actual Loops": 829, "Output": ["v.id", "v.postid", "v.votetypeid", "v.creationdate", "v.userid", "v.bountyamount"], "Index Cond": "(v.postid = p.id)", "Rows Removed by Index Recheck": 0, "Filter": "(v.creationdate >= 1233504000)", "Rows Removed by Filter": 0}]}]}]}, {"Node Type": "Hash", "Parent Relationship": "Inner", "Parallel Aware": false, "Startup Cost": 1100.73, "Total Cost": 1100.73, "Plan Rows": 27391, "Plan Width": 8, "Actual Startup Time": 24.016, "Actual Total Time": 24.017, "Actual Rows": 8635, "Actual Loops": 1, "Output": ["b.userid", "u.id"], "Hash Buckets": 32768, "Original Hash Buckets": 32768, "Hash Batches": 1, "Original Hash Batches": 1, "Peak Memory Usage": 594, "Plans": [{"Node Type": "Hash Join", "Parent Relationship": "Outer", "Parallel Aware": false, "Join Type": "Inner", "Startup Cost": 456.9, "Total Cost": 1100.73, "Plan Rows": 27391, "Plan Width": 8, "Actual Startup Time": 9.132, "Actual Total Time": 21.625, "Actual Rows": 8635, "Actual Loops": 1, "Output": ["b.userid", "u.id"], "Inner Unique": true, "Hash Cond": "(b.userid = u.id)", "Plans": [{"Node Type": "Seq Scan", "Parent Relationship": "Outer", "Parallel Aware": false, "Relation Name": "badges", "Schema": "public", "Alias": "b", "Startup Cost": 0.0, "Total Cost": 571.91, "Plan Rows": 27391, "Plan Width": 4, "Actual Startup Time": 0.038, "Actual Total Time": 6.332, "Actual Rows": 27330, "Actual Loops": 1, "Output": ["b.id", "b.userid", "b.date"], "Filter": "((b.date <= 1409597482) AND (b.date >= 1280883031))", "Rows Removed by Filter": 664}, {"Node Type": "Hash", "Parent Relationship": "Inner", "Parallel Aware": false, "Startup Cost": 280.45, "Total Cost": 280.45, "Plan Rows": 14116, "Plan Width": 4, "Actual Startup Time": 8.897, "Actual Total Time": 8.898, "Actual Rows": 14116, "Actual Loops": 1, "Output": ["u.id"], "Hash Buckets": 16384, "Original Hash Buckets": 16384, "Hash Batches": 1, "Original Hash Batches": 1, "Peak Memory Usage": 625, "Plans": [{"Node Type": "Seq Scan", "Parent Relationship": "Outer", "Parallel Aware": false, "Relation Name": "users", "Schema": "public", "Alias": "u", "Startup Cost": 0.0, "Total Cost": 280.45, "Plan Rows": 14116, "Plan Width": 4, "Actual Startup Time": 0.018, "Actual Total Time": 4.679, "Actual Rows": 14116, "Actual Loops": 1, "Output": ["u.id"], "Filter": "(u.downvotes >= 0)", "Rows Removed by Filter": 0}]}]}]}]}]}, "Planning Time": 163.097, "Triggers": [], "Execution Time": 52.892}]
q79#####[{"Plan": {"Node Type": "Aggregate", "Strategy": "Plain", "Partial Mode": "Simple", "Parallel Aware": false, "Startup Cost": 29753.93, "Total Cost": 29753.94, "Plan Rows": 1, "Plan Width": 8, "Actual Startup Time": 230.251, "Actual Total Time": 230.252, "Actual Rows": 1, "Actual Loops": 1, "Output": ["count(*)"], "Plans": [{"Node Type": "Merge Join", "Parent Relationship": "Outer", "Parallel Aware": false, "Join Type": "Inner", "Startup Cost": 5115.59, "Total Cost": 26169.94, "Plan Rows": 1433593, "Plan Width": 0, "Actual Startup Time": 22.993, "Actual Total Time": 190.323, "Actual Rows": 1206138, "Actual Loops": 1, "Inner Unique": false, "Merge Cond": "(c.userid = v.userid)", "Plans": [{"Node Type": "Index Scan", "Parent Relationship": "Outer", "Parallel Aware": false, "Scan Direction": "Forward", "Index Name": "idx_comments_userid", "Relation Name": "comments", "Schema": "public", "Alias": "c", "Startup Cost": 0.29, "Total Cost": 3237.49, "Plan Rows": 47474, "Plan Width": 4, "Actual Startup Time": 0.04, "Actual Total Time": 22.068, "Actual Rows": 47506, "Actual Loops": 1, "Output": ["c.id", "c.postid", "c.score", "c.creationdate", "c.userid"], "Filter": "(c.score = 0)", "Rows Removed by Filter": 13618}, {"Node Type": "Index Only Scan", "Parent Relationship": "Inner", "Parallel Aware": false, "Scan Direction": "Forward", "Index Name": "idx_votes_userid", "Relation Name": "votes", "Schema": "public", "Alias": "v", "Startup Cost": 0.29, "Total Cost": 2163.43, "Plan Rows": 114876, "Plan Width": 4, "Actual Startup Time": 0.011, "Actual Total Time": 76.085, "Actual Rows": 1312174, "Actual Loops": 1, "Output": ["v.userid"], "Heap Fetches": 0}]}]}, "Planning Time": 47.72, "Triggers": [], "Execution Time": 230.386}]
q53#####[{"Plan": {"Node Type": "Aggregate", "Strategy": "Plain", "Partial Mode": "Simple", "Parallel Aware": false, "Startup Cost": 47798251.7, "Total Cost": 47798251.71, "Plan Rows": 1, "Plan Width": 8, "Actual Startup Time": 2646.714, "Actual Total Time": 2646.72, "Actual Rows": 1, "Actual Loops": 1, "Output": ["count(*)"], "Plans": [{"Node Type": "Hash Join", "Parent Relationship": "Outer", "Parallel Aware": false, "Join Type": "Inner", "Startup Cost": 4922.57, "Total Cost": 27823506.04, "Plan Rows": 7989898262, "Plan Width": 0, "Actual Startup Time": 38.879, "Actual Total Time": 2493.511, "Actual Rows": 3978850, "Actual Loops": 1, "Inner Unique": false, "Hash Cond": "(c.userid = u.id)", "Plans": [{"Node Type": "Nested Loop", "Parent Relationship": "Outer", "Parallel Aware": false, "Join Type": "Inner", "Startup Cost": 0.58, "Total Cost": 386368.65, "Plan Rows": 264962227, "Plan Width": 12, "Actual Startup Time": 0.081, "Actual Total Time": 1532.846, "Actual Rows": 10824587, "Actual Loops": 1, "Output": ["c.userid", "ph.userid", "p.owneruserid"], "Inner Unique": false, "Plans": [{"Node Type": "Nested Loop", "Parent Relationship": "Outer", "Parallel Aware": false, "Join Type": "Inner", "Startup Cost": 0.29, "Total Cost": 9682.98, "Plan Rows": 638582, "Plan Width": 8, "Actual Startup Time": 0.063, "Actual Total Time": 135.892, "Actual Rows": 79359, "Actual Loops": 1, "Output": ["ph.userid", "p.owneruserid"], "Inner Unique": false, "Plans": [{"Node Type": "Seq Scan", "Parent Relationship": "Outer", "Parallel Aware": false, "Relation Name": "posthistory", "Schema": "public", "Alias": "ph", "Startup Cost": 0.0, "Total Cost": 2110.32, "Plan Rows": 15692, "Plan Width": 4, "Actual Startup Time": 0.017, "Actual Total Time": 9.204, "Actual Rows": 15523, "Actual Loops": 1, "Output": ["ph.id", "ph.posthistorytypeid", "ph.postid", "ph.creationdate", "ph.userid"], "Filter": "(ph.posthistorytypeid = 3)", "Rows Removed by Filter": 90743}, {"Node Type": "Index Scan", "Parent Relationship": "Inner", "Parallel Aware": false, "Scan Direction": "Forward", "Index Name": "idx_posts_owneruserid", "Relation Name": "posts", "Schema": "public", "Alias": "p", "Startup Cost": 0.29, "Total Cost": 0.47, "Plan Rows": 1, "Plan Width": 4, "Actual Startup Time": 0.002, "Actual Total Time": 0.008, "Actual Rows": 5, "Actual Loops": 15523, "Output": ["p.id", "p.posttypeid", "p.creationdate", "p.score", "p.viewcount", "p.owneruserid", "p.answercount", "p.commentcount", "p.favoritecount", "p.lasteditoruserid"], "Index Cond": "(p.owneruserid = ph.userid)", "Rows Removed by Index Recheck": 0, "Filter": "((p.answercount <= 4) AND (p.answercount >= 0) AND (p.commentcount >= 0) AND (p.favoritecount <= 2) AND (p.score <= 13))", "Rows Removed by Filter": 14}]}, {"Node Type": "Index Only Scan", "Parent Relationship": "Inner", "Parallel Aware": false, "Scan Direction": "Forward", "Index Name": "idx_comments_userid", "Relation Name": "comments", "Schema": "public", "Alias": "c", "Startup Cost": 0.29, "Total Cost": 0.49, "Plan Rows": 10, "Plan Width": 4, "Actual Startup Time": 0.001, "Actual Total Time": 0.008, "Actual Rows": 136, "Actual Loops": 79359, "Output": ["c.userid"], "Index Cond": "(c.userid = p.owneruserid)", "Rows Removed by Index Recheck": 0, "Heap Fetches": 0}]}, {"Node Type": "Hash", "Parent Relationship": "Inner", "Parallel Aware": false, "Startup Cost": 3039.06, "Total Cost": 3039.06, "Plan Rows": 114714, "Plan Width": 8, "Actual Startup Time": 38.059, "Actual Total Time": 38.062, "Actual Rows": 3144, "Actual Loops": 1, "Output": ["u.id", "v.userid"], "Hash Buckets": 131072, "Original Hash Buckets": 131072, "Hash Batches": 2, "Original Hash Batches": 2, "Peak Memory Usage": 1098, "Plans": [{"Node Type": "Hash Join", "Parent Relationship": "Outer", "Parallel Aware": false, "Join Type": "Inner", "Startup Cost": 456.9, "Total Cost": 3039.06, "Plan Rows": 114714, "Plan Width": 8, "Actual Startup Time": 5.039, "Actual Total Time": 37.12, "Actual Rows": 3144, "Actual Loops": 1, "Output": ["u.id", "v.userid"], "Inner Unique": true, "Hash Cond": "(v.userid = u.id)", "Plans": [{"Node Type": "Seq Scan", "Parent Relationship": "Outer", "Parallel Aware": false, "Relation Name": "votes", "Schema": "public", "Alias": "v", "Startup Cost": 0.0, "Total Cost": 2280.95, "Plan Rows": 114714, "Plan Width": 4, "Actual Startup Time": 0.012, "Actual Total Time": 20.738, "Actual Rows": 114720, "Actual Loops": 1, "Output": ["v.id", "v.postid", "v.votetypeid", "v.creationdate", "v.userid", "v.bountyamount"], "Filter": "(v.bountyamount <= 50)", "Rows Removed by Filter": 156}, {"Node Type": "Hash", "Parent Relationship": "Inner", "Parallel Aware": false, "Startup Cost": 280.45, "Total Cost": 280.45, "Plan Rows": 14116, "Plan Width": 4, "Actual Startup Time": 5.0, "Actual Total Time": 5.001, "Actual Rows": 14116, "Actual Loops": 1, "Output": ["u.id"], "Hash Buckets": 16384, "Original Hash Buckets": 16384, "Hash Batches": 1, "Original Hash Batches": 1, "Peak Memory Usage": 625, "Plans": [{"Node Type": "Seq Scan", "Parent Relationship": "Outer", "Parallel Aware": false, "Relation Name": "users", "Schema": "public", "Alias": "u", "Startup Cost": 0.0, "Total Cost": 280.45, "Plan Rows": 14116, "Plan Width": 4, "Actual Startup Time": 0.009, "Actual Total Time": 2.643, "Actual Rows": 14116, "Actual Loops": 1, "Output": ["u.id"], "Filter": "(u.downvotes >= 0)", "Rows Removed by Filter": 0}]}]}]}]}]}, "Planning Time": 144.141, "Triggers": [], "Execution Time": 2646.839}]
q47#####[{"Plan": {"Node Type": "Aggregate", "Strategy": "Plain", "Partial Mode": "Simple", "Parallel Aware": false, "Startup Cost": 7452.1, "Total Cost": 7452.11, "Plan Rows": 1, "Plan Width": 8, "Actual Startup Time": 44.893, "Actual Total Time": 44.896, "Actual Rows": 1, "Actual Loops": 1, "Output": ["count(*)"], "Plans": [{"Node Type": "Hash Join", "Parent Relationship": "Outer", "Parallel Aware": false, "Join Type": "Inner", "Startup Cost": 1214.42, "Total Cost": 7435.3, "Plan Rows": 6721, "Plan Width": 0, "Actual Startup Time": 12.695, "Actual Total Time": 44.672, "Actual Rows": 3570, "Actual Loops": 1, "Inner Unique": true, "Hash Cond": "(ph.postid = p.id)", "Plans": [{"Node Type": "Hash Join", "Parent Relationship": "Outer", "Parallel Aware": false, "Join Type": "Inner", "Startup Cost": 116.21, "Total Cost": 3898.75, "Plan Rows": 928800, "Plan Width": 8, "Actual Startup Time": 1.311, "Actual Total Time": 31.75, "Actual Rows": 8423, "Actual Loops": 1, "Output": ["ph.postid", "pl.postid"], "Inner Unique": false, "Hash Cond": "(ph.postid = pl.postid)", "Plans": [{"Node Type": "Seq Scan", "Parent Relationship": "Outer", "Parallel Aware": false, "Relation Name": "posthistory", "Schema": "public", "Alias": "ph", "Startup Cost": 0.0, "Total Cost": 2110.32, "Plan Rows": 105289, "Plan Width": 4, "Actual Startup Time": 0.014, "Actual Total Time": 18.183, "Actual Rows": 106183, "Actual Loops": 1, "Output": ["ph.id", "ph.posthistorytypeid", "ph.postid", "ph.creationdate", "ph.userid"], "Filter": "(ph.creationdate >= 1279557000)", "Rows Removed by Filter": 83}, {"Node Type": "Hash", "Parent Relationship": "Inner", "Parallel Aware": false, "Startup Cost": 67.76, "Total Cost": 67.76, "Plan Rows": 3876, "Plan Width": 4, "Actual Startup Time": 1.275, "Actual Total Time": 1.276, "Actual Rows": 3876, "Actual Loops": 1, "Output": ["pl.postid"], "Hash Buckets": 4096, "Original Hash Buckets": 4096, "Hash Batches": 1, "Original Hash Batches": 1, "Peak Memory Usage": 169, "Plans": [{"Node Type": "Seq Scan", "Parent Relationship": "Outer", "Parallel Aware": false, "Relation Name": "postlinks", "Schema": "public", "Alias": "pl", "Startup Cost": 0.0, "Total Cost": 67.76, "Plan Rows": 3876, "Plan Width": 4, "Actual Startup Time": 0.012, "Actual Total Time": 0.696, "Actual Rows": 3876, "Actual Loops": 1, "Output": ["pl.postid"]}]}]}, {"Node Type": "Hash", "Parent Relationship": "Inner", "Parallel Aware": false, "Startup Cost": 701.0, "Total Cost": 701.0, "Plan Rows": 31777, "Plan Width": 4, "Actual Startup Time": 11.287, "Actual Total Time": 11.288, "Actual Rows": 32061, "Actual Loops": 1, "Output": ["p.id"], "Hash Buckets": 32768, "Original Hash Buckets": 32768, "Hash Batches": 1, "Original Hash Batches": 1, "Peak Memory Usage": 1384, "Plans": [{"Node Type": "Seq Scan", "Parent Relationship": "Outer", "Parallel Aware": false, "Relation Name": "posts", "Schema": "public", "Alias": "p", "Startup Cost": 0.0, "Total Cost": 701.0, "Plan Rows": 31777, "Plan Width": 4, "Actual Startup Time": 0.005, "Actual Total Time": 5.777, "Actual Rows": 32061, "Actual Loops": 1, "Output": ["p.id"], "Filter": "(p.creationdate >= 1279541317)", "Rows Removed by Filter": 19}]}]}]}, "Planning Time": 71.055, "Triggers": [], "Execution Time": 44.976}]
q90#####[{"Plan": {"Node Type": "Aggregate", "Strategy": "Plain", "Partial Mode": "Simple", "Parallel Aware": false, "Startup Cost": 55464.8, "Total Cost": 55464.81, "Plan Rows": 1, "Plan Width": 8, "Actual Startup Time": 46.559, "Actual Total Time": 46.562, "Actual Rows": 1, "Actual Loops": 1, "Output": ["count(*)"], "Plans": [{"Node Type": "Hash Join", "Parent Relationship": "Outer", "Parallel Aware": false, "Join Type": "Inner", "Startup Cost": 4637.25, "Total Cost": 7444.87, "Plan Rows": 19207973, "Plan Width": 0, "Actual Startup Time": 34.804, "Actual Total Time": 45.113, "Actual Rows": 34181, "Actual Loops": 1, "Inner Unique": false, "Hash Cond": "(p.owneruserid = u.id)", "Plans": [{"Node Type": "Seq Scan", "Parent Relationship": "Outer", "Parallel Aware": false, "Relation Name": "posts", "Schema": "public", "Alias": "p", "Startup Cost": 0.0, "Total Cost": 781.2, "Plan Rows": 15503, "Plan Width": 4, "Actual Startup Time": 0.02, "Actual Total Time": 4.377, "Actual Rows": 15521, "Actual Loops": 1, "Output": ["p.owneruserid"], "Filter": "((p.creationdate <= 1409064026) AND (p.posttypeid = 2))", "Rows Removed by Filter": 16559}, {"Node Type": "Hash", "Parent Relationship": "Inner", "Parallel Aware": false, "Startup Cost": 2752.3, "Total Cost": 2752.3, "Plan Rows": 114876, "Plan Width": 8, "Actual Startup Time": 34.133, "Actual Total Time": 34.134, "Actual Rows": 3198, "Actual Loops": 1, "Output": ["u.id", "v.userid"], "Hash Buckets": 131072, "Original Hash Buckets": 131072, "Hash Batches": 2, "Original Hash Batches": 2, "Peak Memory Usage": 1100, "Plans": [{"Node Type": "Hash Join", "Parent Relationship": "Outer", "Parallel Aware": false, "Join Type": "Inner", "Startup Cost": 456.9, "Total Cost": 2752.3, "Plan Rows": 114876, "Plan Width": 8, "Actual Startup Time": 4.946, "Actual Total Time": 33.239, "Actual Rows": 3198, "Actual Loops": 1, "Output": ["u.id", "v.userid"], "Inner Unique": true, "Hash Cond": "(v.userid = u.id)", "Plans": [{"Node Type": "Seq Scan", "Parent Relationship": "Outer", "Parallel Aware": false, "Relation Name": "votes", "Schema": "public", "Alias": "v", "Startup Cost": 0.0, "Total Cost": 1993.76, "Plan Rows": 114876, "Plan Width": 4, "Actual Startup Time": 0.01, "Actual Total Time": 10.241, "Actual Rows": 114876, "Actual Loops": 1, "Output": ["v.id", "v.postid", "v.votetypeid", "v.creationdate", "v.userid", "v.bountyamount"]}, {"Node Type": "Hash", "Parent Relationship": "Inner", "Parallel Aware": false, "Startup Cost": 280.45, "Total Cost": 280.45, "Plan Rows": 14116, "Plan Width": 4, "Actual Startup Time": 4.91, "Actual Total Time": 4.911, "Actual Rows": 14116, "Actual Loops": 1, "Output": ["u.id"], "Hash Buckets": 16384, "Original Hash Buckets": 16384, "Hash Batches": 1, "Original Hash Batches": 1, "Peak Memory Usage": 625, "Plans": [{"Node Type": "Seq Scan", "Parent Relationship": "Outer", "Parallel Aware": false, "Relation Name": "users", "Schema": "public", "Alias": "u", "Startup Cost": 0.0, "Total Cost": 280.45, "Plan Rows": 14116, "Plan Width": 4, "Actual Startup Time": 0.01, "Actual Total Time": 2.561, "Actual Rows": 14116, "Actual Loops": 1, "Output": ["u.id"], "Filter": "(u.views >= 0)", "Rows Removed by Filter": 0}]}]}]}]}]}, "Planning Time": 93.744, "Triggers": [], "Execution Time": 46.624}]
q84#####[{"Plan": {"Node Type": "Aggregate", "Strategy": "Plain", "Partial Mode": "Simple", "Parallel Aware": false, "Startup Cost": 1655.55, "Total Cost": 1655.56, "Plan Rows": 1, "Plan Width": 8, "Actual Startup Time": 13.46, "Actual Total Time": 13.463, "Actual Rows": 1, "Actual Loops": 1, "Output": ["count(*)"], "Plans": [{"Node Type": "Hash Join", "Parent Relationship": "Outer", "Parallel Aware": false, "Join Type": "Inner", "Startup Cost": 1557.81, "Total Cost": 1645.91, "Plan Rows": 3858, "Plan Width": 0, "Actual Startup Time": 12.07, "Actual Total Time": 13.434, "Actual Rows": 522, "Actual Loops": 1, "Inner Unique": true, "Hash Cond": "(p.owneruserid = u.id)", "Plans": [{"Node Type": "Hash Join", "Parent Relationship": "Outer", "Parallel Aware": false, "Join Type": "Inner", "Startup Cost": 1101.5, "Total Cost": 1179.43, "Plan Rows": 3871, "Plan Width": 4, "Actual Startup Time": 8.964, "Actual Total Time": 10.078, "Actual Rows": 1519, "Actual Loops": 1, "Output": ["p.owneruserid"], "Inner Unique": true, "Hash Cond": "(pl.postid = p.id)", "Plans": [{"Node Type": "Seq Scan", "Parent Relationship": "Outer", "Parallel Aware": false, "Relation Name": "postlinks", "Schema": "public", "Alias": "pl", "Startup Cost": 0.0, "Total Cost": 67.76, "Plan Rows": 3876, "Plan Width": 4, "Actual Startup Time": 0.004, "Actual Total Time": 0.34, "Actual Rows": 3876, "Actual Loops": 1, "Output": ["pl.id", "pl.creationdate", "pl.postid", "pl.relatedpostid", "pl.linktypeid"]}, {"Node Type": "Hash", "Parent Relationship": "Inner", "Parallel Aware": false, "Startup Cost": 701.0, "Total Cost": 701.0, "Plan Rows": 32040, "Plan Width": 8, "Actual Startup Time": 8.832, "Actual Total Time": 8.833, "Actual Rows": 32042, "Actual Loops": 1, "Output": ["p.id", "p.owneruserid"], "Hash Buckets": 32768, "Original Hash Buckets": 32768, "Hash Batches": 1, "Original Hash Batches": 1, "Peak Memory Usage": 1508, "Plans": [{"Node Type": "Seq Scan", "Parent Relationship": "Outer", "Parallel Aware": false, "Relation Name": "posts", "Schema": "public", "Alias": "p", "Startup Cost": 0.0, "Total Cost": 701.0, "Plan Rows": 32040, "Plan Width": 8, "Actual Startup Time": 0.004, "Actual Total Time": 4.802, "Actual Rows": 32042, "Actual Loops": 1, "Output": ["p.id", "p.owneruserid"], "Filter": "(p.commentcount <= 17)", "Rows Removed by Filter": 38}]}]}, {"Node Type": "Hash", "Parent Relationship": "Inner", "Parallel Aware": false, "Startup Cost": 280.45, "Total Cost": 280.45, "Plan Rows": 14069, "Plan Width": 4, "Actual Startup Time": 3.083, "Actual Total Time": 3.083, "Actual Rows": 14083, "Actual Loops": 1, "Output": ["u.id"], "Hash Buckets": 16384, "Original Hash Buckets": 16384, "Hash Batches": 1, "Original Hash Batches": 1, "Peak Memory Usage": 624, "Plans": [{"Node Type": "Seq Scan", "Parent Relationship": "Outer", "Parallel Aware": false, "Relation Name": "users", "Schema": "public", "Alias": "u", "Startup Cost": 0.0, "Total Cost": 280.45, "Plan Rows": 14069, "Plan Width": 4, "Actual Startup Time": 0.013, "Actual Total Time": 1.671, "Actual Rows": 14083, "Actual Loops": 1, "Output": ["u.id"], "Filter": "(u.creationdate <= 1410477136)", "Rows Removed by Filter": 33}]}]}]}, "Planning Time": 78.222, "Triggers": [], "Execution Time": 13.542}]
q8#####[{"Plan": {"Node Type": "Aggregate", "Strategy": "Plain", "Partial Mode": "Simple", "Parallel Aware": false, "Startup Cost": 4388.79, "Total Cost": 4388.8, "Plan Rows": 1, "Plan Width": 8, "Actual Startup Time": 44.278, "Actual Total Time": 44.281, "Actual Rows": 1, "Actual Loops": 1, "Output": ["count(*)"], "Plans": [{"Node Type": "Hash Join", "Parent Relationship": "Outer", "Parallel Aware": false, "Join Type": "Inner", "Startup Cost": 2926.88, "Total Cost": 3688.54, "Plan Rows": 280100, "Plan Width": 0, "Actual Startup Time": 34.183, "Actual Total Time": 43.068, "Actual Rows": 21678, "Actual Loops": 1, "Inner Unique": false, "Hash Cond": "(b.userid = u.id)", "Plans": [{"Node Type": "Seq Scan", "Parent Relationship": "Outer", "Parallel Aware": false, "Relation Name": "badges", "Schema": "public", "Alias": "b", "Startup Cost": 0.0, "Total Cost": 431.94, "Plan Rows": 27994, "Plan Width": 4, "Actual Startup Time": 0.015, "Actual Total Time": 2.347, "Actual Rows": 27994, "Actual Loops": 1, "Output": ["b.id", "b.userid", "b.date"]}, {"Node Type": "Hash", "Parent Relationship": "Inner", "Parallel Aware": false, "Startup Cost": 2785.21, "Total Cost": 2785.21, "Plan Rows": 11333, "Plan Width": 8, "Actual Startup Time": 34.141, "Actual Total Time": 34.143, "Actual Rows": 2874, "Actual Loops": 1, "Output": ["u.id", "v.userid"], "Hash Buckets": 16384, "Original Hash Buckets": 16384, "Hash Batches": 1, "Original Hash Batches": 1, "Peak Memory Usage": 241, "Plans": [{"Node Type": "Hash Join", "Parent Relationship": "Outer", "Parallel Aware": false, "Join Type": "Inner", "Startup Cost": 489.82, "Total Cost": 2785.21, "Plan Rows": 11333, "Plan Width": 8, "Actual Startup Time": 5.32, "Actual Total Time": 33.562, "Actual Rows": 2874, "Actual Loops": 1, "Output": ["u.id", "v.userid"], "Inner Unique": true, "Hash Cond": "(v.userid = u.id)", "Plans": [{"Node Type": "Seq Scan", "Parent Relationship": "Outer", "Parallel Aware": false, "Relation Name": "votes", "Schema": "public", "Alias": "v", "Startup Cost": 0.0, "Total Cost": 1993.76, "Plan Rows": 114876, "Plan Width": 4, "Actual Startup Time": 0.009, "Actual Total Time": 10.217, "Actual Rows": 114876, "Actual Loops": 1, "Output": ["v.id", "v.postid", "v.votetypeid", "v.creationdate", "v.userid", "v.bountyamount"]}, {"Node Type": "Hash", "Parent Relationship": "Inner", "Parallel Aware": false, "Startup Cost": 315.74, "Total Cost": 315.74, "Plan Rows": 13926, "Plan Width": 4, "Actual Startup Time": 5.285, "Actual Total Time": 5.286, "Actual Rows": 13926, "Actual Loops": 1, "Output": ["u.id"], "Hash Buckets": 16384, "Original Hash Buckets": 16384, "Hash Batches": 1, "Original Hash Batches": 1, "Peak Memory Usage": 618, "Plans": [{"Node Type": "Seq Scan", "Parent Relationship": "Outer", "Parallel Aware": false, "Relation Name": "users", "Schema": "public", "Alias": "u", "Startup Cost": 0.0, "Total Cost": 315.74, "Plan Rows": 13926, "Plan Width": 4, "Actual Startup Time": 0.011, "Actual Total Time": 2.893, "Actual Rows": 13926, "Actual Loops": 1, "Output": ["u.id"], "Filter": "((u.downvotes <= 0) AND (u.downvotes >= 0))", "Rows Removed by Filter": 190}]}]}]}]}]}, "Planning Time": 87.749, "Triggers": [], "Execution Time": 44.367}]
q146#####[{"Plan": {"Node Type": "Aggregate", "Strategy": "Plain", "Partial Mode": "Simple", "Parallel Aware": false, "Startup Cost": 6501.82, "Total Cost": 6501.83, "Plan Rows": 1, "Plan Width": 8, "Actual Startup Time": 43.58, "Actual Total Time": 43.584, "Actual Rows": 1, "Actual Loops": 1, "Output": ["count(*)"], "Plans": [{"Node Type": "Hash Join", "Parent Relationship": "Outer", "Parallel Aware": false, "Join Type": "Inner", "Startup Cost": 3861.88, "Total Cost": 6334.52, "Plan Rows": 66921, "Plan Width": 0, "Actual Startup Time": 24.034, "Actual Total Time": 42.99, "Actual Rows": 10465, "Actual Loops": 1, "Inner Unique": false, "Hash Cond": "(c.userid = b.userid)", "Plans": [{"Node Type": "Hash Join", "Parent Relationship": "Outer", "Parallel Aware": false, "Join Type": "Inner", "Startup Cost": 488.38, "Total Cost": 1827.13, "Plan Rows": 46448, "Plan Width": 8, "Actual Startup Time": 5.125, "Actual Total Time": 22.035, "Actual Rows": 8140, "Actual Loops": 1, "Output": ["c.userid", "u.id"], "Inner Unique": true, "Hash Cond": "(c.userid = u.id)", "Plans": [{"Node Type": "Seq Scan", "Parent Relationship": "Outer", "Parallel Aware": false, "Relation Name": "comments", "Schema": "public", "Alias": "c", "Startup Cost": 0.0, "Total Cost": 1214.1, "Plan Rows": 47474, "Plan Width": 4, "Actual Startup Time": 0.017, "Actual Total Time": 9.16, "Actual Rows": 47508, "Actual Loops": 1, "Output": ["c.id", "c.postid", "c.score", "c.creationdate", "c.userid"], "Filter": "(c.score = 0)", "Rows Removed by Filter": 13620}, {"Node Type": "Hash", "Parent Relationship": "Inner", "Parallel Aware": false, "Startup Cost": 315.74, "Total Cost": 315.74, "Plan Rows": 13811, "Plan Width": 4, "Actual Startup Time": 5.076, "Actual Total Time": 5.078, "Actual Rows": 13811, "Actual Loops": 1, "Output": ["u.id"], "Hash Buckets": 16384, "Original Hash Buckets": 16384, "Hash Batches": 1, "Original Hash Batches": 1, "Peak Memory Usage": 614, "Plans": [{"Node Type": "Seq Scan", "Parent Relationship": "Outer", "Parallel Aware": false, "Relation Name": "users", "Schema": "public", "Alias": "u", "Startup Cost": 0.0, "Total Cost": 315.74, "Plan Rows": 13811, "Plan Width": 4, "Actual Startup Time": 0.01, "Actual Total Time": 2.805, "Actual Rows": 13811, "Actual Loops": 1, "Output": ["u.id"], "Filter": "((u.upvotes <= 18) AND (u.upvotes >= 0))", "Rows Removed by Filter": 305}]}]}, {"Node Type": "Hash", "Parent Relationship": "Inner", "Parallel Aware": false, "Startup Cost": 3355.12, "Total Cost": 3355.12, "Plan Rows": 1471, "Plan Width": 8, "Actual Startup Time": 18.88, "Actual Total Time": 18.881, "Actual Rows": 3468, "Actual Loops": 1, "Output": ["b.userid", "v.userid"], "Hash Buckets": 4096, "Original Hash Buckets": 2048, "Hash Batches": 1, "Original Hash Batches": 1, "Peak Memory Usage": 168, "Plans": [{"Node Type": "Nested Loop", "Parent Relationship": "Outer", "Parallel Aware": false, "Join Type": "Inner", "Startup Cost": 0.29, "Total Cost": 3355.12, "Plan Rows": 1471, "Plan Width": 8, "Actual Startup Time": 0.042, "Actual Total Time": 18.158, "Actual Rows": 3468, "Actual Loops": 1, "Output": ["b.userid", "v.userid"], "Inner Unique": false, "Plans": [{"Node Type": "Seq Scan", "Parent Relationship": "Outer", "Parallel Aware": false, "Relation Name": "votes", "Schema": "public", "Alias": "v", "Startup Cost": 0.0, "Total Cost": 2855.33, "Plan Rows": 595, "Plan Width": 4, "Actual Startup Time": 0.009, "Actual Total Time": 16.079, "Actual Rows": 628, "Actual Loops": 1, "Output": ["v.id", "v.postid", "v.votetypeid", "v.creationdate", "v.userid", "v.bountyamount"], "Filter": "((v.bountyamount <= 300) AND (v.bountyamount >= 0) AND (v.creationdate >= 1280332800))", "Rows Removed by Filter": 114248}, {"Node Type": "Index Only Scan", "Parent Relationship": "Inner", "Parallel Aware": false, "Scan Direction": "Forward", "Index Name": "idx_badges_userid", "Relation Name": "badges", "Schema": "public", "Alias": "b", "Startup Cost": 0.29, "Total Cost": 0.82, "Plan Rows": 2, "Plan Width": 4, "Actual Startup Time": 0.002, "Actual Total Time": 0.003, "Actual Rows": 6, "Actual Loops": 628, "Output": ["b.userid"], "Index Cond": "(b.userid = v.userid)", "Rows Removed by Index Recheck": 0, "Heap Fetches": 0}]}]}]}]}, "Planning Time": 128.855, "Triggers": [], "Execution Time": 43.663}]
q9#####[{"Plan": {"Node Type": "Aggregate", "Strategy": "Plain", "Partial Mode": "Simple", "Parallel Aware": false, "Startup Cost": 3890.03, "Total Cost": 3890.04, "Plan Rows": 1, "Plan Width": 8, "Actual Startup Time": 24.481, "Actual Total Time": 24.484, "Actual Rows": 1, "Actual Loops": 1, "Output": ["count(*)"], "Plans": [{"Node Type": "Nested Loop", "Parent Relationship": "Outer", "Parallel Aware": false, "Join Type": "Inner", "Startup Cost": 3374.33, "Total Cost": 3874.26, "Plan Rows": 6306, "Plan Width": 0, "Actual Startup Time": 24.417, "Actual Total Time": 24.479, "Actual Rows": 2, "Actual Loops": 1, "Inner Unique": false, "Plans": [{"Node Type": "Nested Loop", "Parent Relationship": "Outer", "Parallel Aware": false, "Join Type": "Inner", "Startup Cost": 3374.04, "Total Cost": 3794.36, "Plan Rows": 230, "Plan Width": 4, "Actual Startup Time": 24.392, "Actual Total Time": 24.451, "Actual Rows": 2, "Actual Loops": 1, "Output": ["c.userid"], "Inner Unique": false, "Plans": [{"Node Type": "Hash Join", "Parent Relationship": "Outer", "Parallel Aware": false, "Join Type": "Inner", "Startup Cost": 3373.75, "Total Cost": 3751.09, "Plan Rows": 101, "Plan Width": 20, "Actual Startup Time": 23.576, "Actual Total Time": 24.411, "Actual Rows": 9, "Actual Loops": 1, "Output": ["c.userid", "c.postid", "pl.relatedpostid", "p.id", "v.postid"], "Inner Unique": true, "Hash Cond": "(c.postid = p.id)", "Plans": [{"Node Type": "Nested Loop", "Parent Relationship": "Outer", "Parallel Aware": false, "Join Type": "Inner", "Startup Cost": 2320.98, "Total Cost": 2642.66, "Plan Rows": 21200, "Plan Width": 16, "Actual Startup Time": 12.847, "Actual Total Time": 15.247, "Actual Rows": 75, "Actual Loops": 1, "Output": ["c.userid", "c.postid", "pl.relatedpostid", "v.postid"], "Inner Unique": false, "Plans": [{"Node Type": "Merge Join", "Parent Relationship": "Outer", "Parallel Aware": false, "Join Type": "Inner", "Startup Cost": 2320.69, "Total Cost": 2438.7, "Plan Rows": 210, "Plan Width": 8, "Actual Startup Time": 12.826, "Actual Total Time": 14.919, "Actual Rows": 29, "Actual Loops": 1, "Output": ["pl.relatedpostid", "v.postid"], "Inner Unique": false, "Merge Cond": "(pl.relatedpostid = v.postid)", "Plans": [{"Node Type": "Index Only Scan", "Parent Relationship": "Outer", "Parallel Aware": false, "Scan Direction": "Forward", "Index Name": "idx_postlinks_relatedpostid", "Relation Name": "postlinks", "Schema": "public", "Alias": "pl", "Startup Cost": 0.28, "Total Cost": 102.42, "Plan Rows": 3876, "Plan Width": 4, "Actual Startup Time": 0.029, "Actual Total Time": 1.772, "Actual Rows": 3876, "Actual Loops": 1, "Output": ["pl.relatedpostid"], "Heap Fetches": 0}, {"Node Type": "Sort", "Parent Relationship": "Inner", "Parallel Aware": false, "Startup Cost": 2320.41, "Total Cost": 2322.45, "Plan Rows": 816, "Plan Width": 4, "Actual Startup Time": 12.769, "Actual Total Time": 12.82, "Actual Rows": 823, "Actual Loops": 1, "Output": ["v.postid"], "Sort Key": ["v.postid"], "Sort Method": "quicksort", "Sort Space Used": 63, "Sort Space Type": "Memory", "Plans": [{"Node Type": "Seq Scan", "Parent Relationship": "Outer", "Parallel Aware": false, "Relation Name": "votes", "Schema": "public", "Alias": "v", "Startup Cost": 0.0, "Total Cost": 2280.95, "Plan Rows": 816, "Plan Width": 4, "Actual Startup Time": 0.033, "Actual Total Time": 12.538, "Actual Rows": 813, "Actual Loops": 1, "Output": ["v.postid"], "Filter": "(v.votetypeid = 15)", "Rows Removed by Filter": 114063}]}]}, {"Node Type": "Index Scan", "Parent Relationship": "Inner", "Parallel Aware": false, "Scan Direction": "Forward", "Index Name": "idx_comments_postid", "Relation Name": "comments", "Schema": "public", "Alias": "c", "Startup Cost": 0.29, "Total Cost": 0.95, "Plan Rows": 2, "Plan Width": 8, "Actual Startup Time": 0.006, "Actual Total Time": 0.011, "Actual Rows": 3, "Actual Loops": 29, "Output": ["c.id", "c.postid", "c.score", "c.creationdate", "c.userid"], "Index Cond": "(c.postid = pl.relatedpostid)", "Rows Removed by Index Recheck": 0, "Filter": "(c.creationdate >= 1279732783)", "Rows Removed by Filter": 0}]}, {"Node Type": "Hash", "Parent Relationship": "Inner", "Parallel Aware": false, "Startup Cost": 861.4, "Total Cost": 861.4, "Plan Rows": 15309, "Plan Width": 4, "Actual Startup Time": 9.069, "Actual Total Time": 9.07, "Actual Rows": 15124, "Actual Loops": 1, "Output": ["p.id"], "Hash Buckets": 16384, "Original Hash Buckets": 16384, "Hash Batches": 1, "Original Hash Batches": 1, "Peak Memory Usage": 660, "Plans": [{"Node Type": "Seq Scan", "Parent Relationship": "Outer", "Parallel Aware": false, "Relation Name": "posts", "Schema": "public", "Alias": "p", "Startup Cost": 0.0, "Total Cost": 861.4, "Plan Rows": 15309, "Plan Width": 4, "Actual Startup Time": 0.015, "Actual Total Time": 6.454, "Actual Rows": 15124, "Actual Loops": 1, "Output": ["p.id"], "Filter": "((p.commentcount <= 9) AND (p.score >= '-1'::integer) AND (p.viewcount >= 0))", "Rows Removed by Filter": 16956}]}]}, {"Node Type": "Index Scan", "Parent Relationship": "Inner", "Parallel Aware": false, "Scan Direction": "Forward", "Index Name": "idx_posthistory_postid", "Relation Name": "posthistory", "Schema": "public", "Alias": "ph", "Startup Cost": 0.29, "Total Cost": 0.41, "Plan Rows": 2, "Plan Width": 4, "Actual Startup Time": 0.003, "Actual Total Time": 0.004, "Actual Rows": 0, "Actual Loops": 9, "Output": ["ph.id", "ph.posthistorytypeid", "ph.postid", "ph.creationdate", "ph.userid"], "Index Cond": "(ph.postid = c.postid)", "Rows Removed by Index Recheck": 0, "Filter": "((ph.creationdate <= 1407344445) AND (ph.creationdate >= 1284975915))", "Rows Removed by Filter": 0}]}, {"Node Type": "Index Only Scan", "Parent Relationship": "Inner", "Parallel Aware": false, "Scan Direction": "Forward", "Index Name": "idx_badges_userid", "Relation Name": "badges", "Schema": "public", "Alias": "b", "Startup Cost": 0.29, "Total Cost": 0.33, "Plan Rows": 2, "Plan Width": 4, "Actual Startup Time": 0.012, "Actual Total Time": 0.013, "Actual Rows": 1, "Actual Loops": 2, "Output": ["b.userid"], "Index Cond": "(b.userid = c.userid)", "Rows Removed by Index Recheck": 0, "Heap Fetches": 0}]}]}, "Planning Time": 265.054, "Triggers": [], "Execution Time": 24.657}]
q85#####[{"Plan": {"Node Type": "Aggregate", "Strategy": "Plain", "Partial Mode": "Simple", "Parallel Aware": false, "Startup Cost": 1068.78, "Total Cost": 1068.79, "Plan Rows": 1, "Plan Width": 8, "Actual Startup Time": 6.475, "Actual Total Time": 6.479, "Actual Rows": 1, "Actual Loops": 1, "Output": ["count(*)"], "Plans": [{"Node Type": "Nested Loop", "Parent Relationship": "Outer", "Parallel Aware": false, "Join Type": "Inner", "Startup Cost": 869.36, "Total Cost": 1064.87, "Plan Rows": 1563, "Plan Width": 0, "Actual Startup Time": 6.12, "Actual Total Time": 6.473, "Actual Rows": 18, "Actual Loops": 1, "Inner Unique": false, "Join Filter": "(p.owneruserid = b.userid)", "Rows Removed by Join Filter": 0, "Plans": [{"Node Type": "Nested Loop", "Parent Relationship": "Outer", "Parallel Aware": false, "Join Type": "Inner", "Startup Cost": 869.08, "Total Cost": 1015.05, "Plan Rows": 135, "Plan Width": 8, "Actual Startup Time": 6.112, "Actual Total Time": 6.444, "Actual Rows": 6, "Actual Loops": 1, "Output": ["p.owneruserid", "u.id"], "Inner Unique": true, "Plans": [{"Node Type": "Nested Loop", "Parent Relationship": "Outer", "Parallel Aware": false, "Join Type": "Inner", "Startup Cost": 868.79, "Total Cost": 996.81, "Plan Rows": 13, "Plan Width": 4, "Actual Startup Time": 5.177, "Actual Total Time": 6.373, "Actual Rows": 14, "Actual Loops": 1, "Output": ["p.owneruserid"], "Inner Unique": false, "Join Filter": "(p.id = c.postid)", "Rows Removed by Join Filter": 0, "Plans": [{"Node Type": "Hash Join", "Parent Relationship": "Outer", "Parallel Aware": false, "Join Type": "Inner", "Startup Cost": 868.5, "Total Cost": 964.64, "Plan Rows": 61, "Plan Width": 12, "Actual Startup Time": 5.159, "Actual Total Time": 6.262, "Actual Rows": 14, "Actual Loops": 1, "Output": ["pl.relatedpostid", "p.owneruserid", "p.id"], "Inner Unique": true, "Hash Cond": "(pl.relatedpostid = p.id)", "Plans": [{"Node Type": "Seq Scan", "Parent Relationship": "Outer", "Parallel Aware": false, "Relation Name": "postlinks", "Schema": "public", "Alias": "pl", "Startup Cost": 0.0, "Total Cost": 87.14, "Plan Rows": 3430, "Plan Width": 4, "Actual Startup Time": 0.02, "Actual Total Time": 0.816, "Actual Rows": 3421, "Actual Loops": 1, "Output": ["pl.id", "pl.creationdate", "pl.postid", "pl.relatedpostid", "pl.linktypeid"], "Filter": "((pl.creationdate >= 1302593039) AND (pl.linktypeid = 1))", "Rows Removed by Filter": 455}, {"Node Type": "Hash", "Parent Relationship": "Inner", "Parallel Aware": false, "Startup Cost": 861.4, "Total Cost": 861.4, "Plan Rows": 568, "Plan Width": 8, "Actual Startup Time": 5.087, "Actual Total Time": 5.088, "Actual Rows": 358, "Actual Loops": 1, "Output": ["p.owneruserid", "p.id"], "Hash Buckets": 1024, "Original Hash Buckets": 1024, "Hash Batches": 1, "Original Hash Batches": 1, "Peak Memory Usage": 22, "Plans": [{"Node Type": "Seq Scan", "Parent Relationship": "Outer", "Parallel Aware": false, "Relation Name": "posts", "Schema": "public", "Alias": "p", "Startup Cost": 0.0, "Total Cost": 861.4, "Plan Rows": 568, "Plan Width": 8, "Actual Startup Time": 0.007, "Actual Total Time": 5.024, "Actual Rows": 358, "Actual Loops": 1, "Output": ["p.owneruserid", "p.id"], "Filter": "((p.favoritecount >= 0) AND (p.viewcount >= 0) AND (p.score = 1))", "Rows Removed by Filter": 31722}]}]}, {"Node Type": "Index Only Scan", "Parent Relationship": "Inner", "Parallel Aware": false, "Scan Direction": "Forward", "Index Name": "idx_comments_postid", "Relation Name": "comments", "Schema": "public", "Alias": "c", "Startup Cost": 0.29, "Total Cost": 0.5, "Plan Rows": 2, "Plan Width": 4, "Actual Startup Time": 0.007, "Actual Total Time": 0.007, "Actual Rows": 1, "Actual Loops": 14, "Output": ["c.postid"], "Index Cond": "(c.postid = pl.relatedpostid)", "Rows Removed by Index Recheck": 0, "Heap Fetches": 0}]}, {"Node Type": "Index Scan", "Parent Relationship": "Inner", "Parallel Aware": false, "Scan Direction": "Forward", "Index Name": "users_pkey", "Relation Name": "users", "Schema": "public", "Alias": "u", "Startup Cost": 0.29, "Total Cost": 1.4, "Plan Rows": 1, "Plan Width": 4, "Actual Startup Time": 0.005, "Actual Total Time": 0.005, "Actual Rows": 0, "Actual Loops": 14, "Output": ["u.id", "u.reputation", "u.creationdate", "u.views", "u.upvotes", "u.downvotes"], "Index Cond": "(u.id = p.owneruserid)", "Rows Removed by Index Recheck": 0, "Filter": "(u.creationdate >= 1297159897)", "Rows Removed by Filter": 0}]}, {"Node Type": "Index Only Scan", "Parent Relationship": "Inner", "Parallel Aware": false, "Scan Direction": "Forward", "Index Name": "idx_badges_userid", "Relation Name": "badges", "Schema": "public", "Alias": "b", "Startup Cost": 0.29, "Total Cost": 0.34, "Plan Rows": 2, "Plan Width": 4, "Actual Startup Time": 0.004, "Actual Total Time": 0.004, "Actual Rows": 3, "Actual Loops": 6, "Output": ["b.userid"], "Index Cond": "(b.userid = u.id)", "Rows Removed by Index Recheck": 0, "Heap Fetches": 0}]}]}, "Planning Time": 104.437, "Triggers": [], "Execution Time": 6.559}]
q91#####[{"Plan": {"Node Type": "Aggregate", "Strategy": "Plain", "Partial Mode": "Simple", "Parallel Aware": false, "Startup Cost": 1381.54, "Total Cost": 1381.55, "Plan Rows": 1, "Plan Width": 8, "Actual Startup Time": 43.591, "Actual Total Time": 43.594, "Actual Rows": 1, "Actual Loops": 1, "Output": ["count(*)"], "Plans": [{"Node Type": "Nested Loop", "Parent Relationship": "Outer", "Parallel Aware": false, "Join Type": "Inner", "Startup Cost": 1022.66, "Total Cost": 1380.98, "Plan Rows": 223, "Plan Width": 0, "Actual Startup Time": 30.894, "Actual Total Time": 43.587, "Actual Rows": 28, "Actual Loops": 1, "Inner Unique": false, "Join Filter": "(b.userid = v.userid)", "Rows Removed by Join Filter": 0, "Plans": [{"Node Type": "Nested Loop", "Parent Relationship": "Outer", "Parallel Aware": false, "Join Type": "Inner", "Startup Cost": 1022.37, "Total Cost": 1292.3, "Plan Rows": 42, "Plan Width": 12, "Actual Startup Time": 11.957, "Actual Total Time": 12.952, "Actual Rows": 549, "Actual Loops": 1, "Output": ["b.userid", "p.owneruserid", "u.id"], "Inner Unique": false, "Plans": [{"Node Type": "Nested Loop", "Parent Relationship": "Outer", "Parallel Aware": false, "Join Type": "Inner", "Startup Cost": 1022.08, "Total Cost": 1153.67, "Plan Rows": 369, "Plan Width": 8, "Actual Startup Time": 11.888, "Actual Total Time": 12.297, "Actual Rows": 25, "Actual Loops": 1, "Output": ["p.owneruserid", "u.id"], "Inner Unique": true, "Plans": [{"Node Type": "Hash Join", "Parent Relationship": "Outer", "Parallel Aware": false, "Join Type": "Inner", "Startup Cost": 1021.8, "Total Cost": 1029.52, "Plan Rows": 374, "Plan Width": 4, "Actual Startup Time": 11.858, "Actual Total Time": 11.981, "Actual Rows": 78, "Actual Loops": 1, "Output": ["p.owneruserid"], "Inner Unique": true, "Hash Cond": "(t.excerptpostid = p.id)", "Plans": [{"Node Type": "Seq Scan", "Parent Relationship": "Outer", "Parallel Aware": false, "Relation Name": "tags", "Schema": "public", "Alias": "t", "Startup Cost": 0.0, "Total Cost": 6.74, "Plan Rows": 374, "Plan Width": 4, "Actual Startup Time": 0.01, "Actual Total Time": 0.053, "Actual Rows": 374, "Actual Loops": 1, "Output": ["t.id", "t.count", "t.excerptpostid"]}, {"Node Type": "Hash", "Parent Relationship": "Inner", "Parallel Aware": false, "Startup Cost": 620.8, "Total Cost": 620.8, "Plan Rows": 32080, "Plan Width": 8, "Actual Startup Time": 11.796, "Actual Total Time": 11.797, "Actual Rows": 32080, "Actual Loops": 1, "Output": ["p.owneruserid", "p.id"], "Hash Buckets": 32768, "Original Hash Buckets": 32768, "Hash Batches": 1, "Original Hash Batches": 1, "Peak Memory Usage": 1510, "Plans": [{"Node Type": "Seq Scan", "Parent Relationship": "Outer", "Parallel Aware": false, "Relation Name": "posts", "Schema": "public", "Alias": "p", "Startup Cost": 0.0, "Total Cost": 620.8, "Plan Rows": 32080, "Plan Width": 8, "Actual Startup Time": 0.011, "Actual Total Time": 5.78, "Actual Rows": 32080, "Actual Loops": 1, "Output": ["p.owneruserid", "p.id"]}]}]}, {"Node Type": "Index Scan", "Parent Relationship": "Inner", "Parallel Aware": false, "Scan Direction": "Forward", "Index Name": "users_pkey", "Relation Name": "users", "Schema": "public", "Alias": "u", "Startup Cost": 0.29, "Total Cost": 0.33, "Plan Rows": 1, "Plan Width": 4, "Actual Startup Time": 0.004, "Actual Total Time": 0.004, "Actual Rows": 0, "Actual Loops": 78, "Output": ["u.id", "u.reputation", "u.creationdate", "u.views", "u.upvotes", "u.downvotes"], "Index Cond": "(u.id = p.owneruserid)", "Rows Removed by Index Recheck": 0, "Filter": "((u.creationdate <= 1410068801) AND (u.upvotes >= 0) AND (u.views <= 515) AND (u.views >= 0))", "Rows Removed by Filter": 0}]}, {"Node Type": "Index Scan", "Parent Relationship": "Inner", "Parallel Aware": false, "Scan Direction": "Forward", "Index Name": "idx_badges_userid", "Relation Name": "badges", "Schema": "public", "Alias": "b", "Startup Cost": 0.29, "Total Cost": 0.36, "Plan Rows": 2, "Plan Width": 4, "Actual Startup Time": 0.005, "Actual Total Time": 0.023, "Actual Rows": 22, "Actual Loops": 25, "Output": ["b.id", "b.userid", "b.date"], "Index Cond": "(b.userid = p.owneruserid)", "Rows Removed by Index Recheck": 0, "Filter": "(b.date <= 1410497782)", "Rows Removed by Filter": 0}]}, {"Node Type": "Index Scan", "Parent Relationship": "Inner", "Parallel Aware": false, "Scan Direction": "Forward", "Index Name": "idx_votes_userid", "Relation Name": "votes", "Schema": "public", "Alias": "v", "Startup Cost": 0.29, "Total Cost": 2.1, "Plan Rows": 1, "Plan Width": 4, "Actual Startup Time": 0.055, "Actual Total Time": 0.056, "Actual Rows": 0, "Actual Loops": 549, "Output": ["v.id", "v.postid", "v.votetypeid", "v.creationdate", "v.userid", "v.bountyamount"], "Index Cond": "(v.userid = p.owneruserid)", "Rows Removed by Index Recheck": 0, "Filter": "((v.bountyamount <= 200) AND (v.bountyamount >= 0))", "Rows Removed by Filter": 111}]}]}, "Planning Time": 121.488, "Triggers": [], "Execution Time": 43.672}]
q46#####[{"Plan": {"Node Type": "Aggregate", "Strategy": "Plain", "Partial Mode": "Simple", "Parallel Aware": false, "Startup Cost": 9327.49, "Total Cost": 9327.5, "Plan Rows": 1, "Plan Width": 8, "Actual Startup Time": 58.439, "Actual Total Time": 58.444, "Actual Rows": 1, "Actual Loops": 1, "Output": ["count(*)"], "Plans": [{"Node Type": "Hash Join", "Parent Relationship": "Outer", "Parallel Aware": false, "Join Type": "Inner", "Startup Cost": 6327.72, "Total Cost": 9281.17, "Plan Rows": 18528, "Plan Width": 0, "Actual Startup Time": 43.739, "Actual Total Time": 58.414, "Actual Rows": 493, "Actual Loops": 1, "Inner Unique": false, "Hash Cond": "(ph.postid = c.postid)", "Plans": [{"Node Type": "Seq Scan", "Parent Relationship": "Outer", "Parallel Aware": false, "Relation Name": "posthistory", "Schema": "public", "Alias": "ph", "Startup Cost": 0.0, "Total Cost": 2110.32, "Plan Rows": 105257, "Plan Width": 4, "Actual Startup Time": 0.028, "Actual Total Time": 9.818, "Actual Rows": 105714, "Actual Loops": 1, "Output": ["ph.id", "ph.posthistorytypeid", "ph.postid", "ph.creationdate", "ph.userid"], "Filter": "(ph.creationdate >= 1281035693)", "Rows Removed by Filter": 552}, {"Node Type": "Hash", "Parent Relationship": "Inner", "Parallel Aware": false, "Startup Cost": 6231.08, "Total Cost": 6231.08, "Plan Rows": 7731, "Plan Width": 12, "Actual Startup Time": 43.483, "Actual Total Time": 43.487, "Actual Rows": 168, "Actual Loops": 1, "Output": ["c.postid", "pl.relatedpostid", "p.id"], "Hash Buckets": 8192, "Original Hash Buckets": 8192, "Hash Batches": 1, "Original Hash Batches": 1, "Peak Memory Usage": 72, "Plans": [{"Node Type": "Hash Join", "Parent Relationship": "Outer", "Parallel Aware": false, "Join Type": "Inner", "Startup Cost": 3861.3, "Total Cost": 6231.08, "Plan Rows": 7731, "Plan Width": 12, "Actual Startup Time": 41.85, "Actual Total Time": 43.457, "Actual Rows": 168, "Actual Loops": 1, "Output": ["c.postid", "pl.relatedpostid", "p.id"], "Inner Unique": true, "Hash Cond": "(c.postid = p.id)", "Plans": [{"Node Type": "Hash Join", "Parent Relationship": "Outer", "Parallel Aware": false, "Join Type": "Inner", "Startup Cost": 2680.5, "Total Cost": 5029.91, "Plan Rows": 7758, "Plan Width": 8, "Actual Startup Time": 22.835, "Actual Total Time": 24.376, "Actual Rows": 449, "Actual Loops": 1, "Output": ["c.postid", "pl.relatedpostid"], "Inner Unique": true, "Hash Cond": "(c.userid = u.id)", "Plans": [{"Node Type": "Hash Join", "Parent Relationship": "Outer", "Parallel Aware": false, "Join Type": "Inner", "Startup Cost": 2121.92, "Total Cost": 2384.62, "Plan Rows": 794700, "Plan Width": 12, "Actual Startup Time": 16.948, "Actual Total Time": 18.219, "Actual Rows": 3302, "Actual Loops": 1, "Output": ["c.postid", "c.userid", "pl.relatedpostid"], "Inner Unique": false, "Hash Cond": "(pl.relatedpostid = c.postid)", "Plans": [{"Node Type": "Seq Scan", "Parent Relationship": "Outer", "Parallel Aware": false, "Relation Name": "postlinks", "Schema": "public", "Alias": "pl", "Startup Cost": 0.0, "Total Cost": 77.45, "Plan Rows": 3526, "Plan Width": 4, "Actual Startup Time": 0.005, "Actual Total Time": 0.546, "Actual Rows": 3526, "Actual Loops": 1, "Output": ["pl.id", "pl.creationdate", "pl.postid", "pl.relatedpostid", "pl.linktypeid"], "Filter": "(pl.linktypeid = 1)", "Rows Removed by Filter": 350}, {"Node Type": "Hash", "Parent Relationship": "Inner", "Parallel Aware": false, "Startup Cost": 1366.92, "Total Cost": 1366.92, "Plan Rows": 60400, "Plan Width": 8, "Actual Startup Time": 16.639, "Actual Total Time": 16.639, "Actual Rows": 60938, "Actual Loops": 1, "Output": ["c.postid", "c.userid"], "Hash Buckets": 65536, "Original Hash Buckets": 65536, "Hash Batches": 1, "Original Hash Batches": 1, "Peak Memory Usage": 2893, "Plans": [{"Node Type": "Seq Scan", "Parent Relationship": "Outer", "Parallel Aware": false, "Relation Name": "comments", "Schema": "public", "Alias": "c", "Startup Cost": 0.0, "Total Cost": 1366.92, "Plan Rows": 60400, "Plan Width": 8, "Actual Startup Time": 0.011, "Actual Total Time": 9.031, "Actual Rows": 60938, "Actual Loops": 1, "Output": ["c.postid", "c.userid"], "Filter": "((c.creationdate <= 1410414189) AND (c.creationdate >= 1278822305))", "Rows Removed by Filter": 190}]}]}, {"Node Type": "Hash", "Parent Relationship": "Inner", "Parallel Aware": false, "Startup Cost": 386.32, "Total Cost": 386.32, "Plan Rows": 13781, "Plan Width": 4, "Actual Startup Time": 5.751, "Actual Total Time": 5.751, "Actual Rows": 13898, "Actual Loops": 1, "Output": ["u.id"], "Hash Buckets": 16384, "Original Hash Buckets": 16384, "Hash Batches": 1, "Original Hash Batches": 1, "Peak Memory Usage": 617, "Plans": [{"Node Type": "Seq Scan", "Parent Relationship": "Outer", "Parallel Aware": false, "Relation Name": "users", "Schema": "public", "Alias": "u", "Startup Cost": 0.0, "Total Cost": 386.32, "Plan Rows": 13781, "Plan Width": 4, "Actual Startup Time": 0.014, "Actual Total Time": 3.459, "Actual Rows": 13898, "Actual Loops": 1, "Output": ["u.id"], "Filter": "((u.downvotes <= 0) AND (u.downvotes >= 0) AND (u.reputation <= 491) AND (u.reputation >= 1))", "Rows Removed by Filter": 218}]}]}, {"Node Type": "Hash", "Parent Relationship": "Inner", "Parallel Aware": false, "Startup Cost": 781.2, "Total Cost": 781.2, "Plan Rows": 31968, "Plan Width": 4, "Actual Startup Time": 18.958, "Actual Total Time": 18.958, "Actual Rows": 31971, "Actual Loops": 1, "Output": ["p.id"], "Hash Buckets": 32768, "Original Hash Buckets": 32768, "Hash Batches": 1, "Original Hash Batches": 1, "Peak Memory Usage": 1380, "Plans": [{"Node Type": "Seq Scan", "Parent Relationship": "Outer", "Parallel Aware": false, "Relation Name": "posts", "Schema": "public", "Alias": "p", "Startup Cost": 0.0, "Total Cost": 781.2, "Plan Rows": 31968, "Plan Width": 4, "Actual Startup Time": 0.027, "Actual Total Time": 10.506, "Actual Rows": 31971, "Actual Loops": 1, "Output": ["p.id"], "Filter": "((p.commentcount <= 14) AND (p.commentcount >= 0))", "Rows Removed by Filter": 109}]}]}]}]}]}, "Planning Time": 174.301, "Triggers": [], "Execution Time": 58.616}]
q52#####[{"Plan": {"Node Type": "Aggregate", "Strategy": "Plain", "Partial Mode": "Simple", "Parallel Aware": false, "Startup Cost": 3971754.84, "Total Cost": 3971754.85, "Plan Rows": 1, "Plan Width": 8, "Actual Startup Time": 207843.256, "Actual Total Time": 207843.259, "Actual Rows": 1, "Actual Loops": 1, "Output": ["count(*)"], "Plans": [{"Node Type": "Nested Loop", "Parent Relationship": "Outer", "Parallel Aware": false, "Join Type": "Inner", "Startup Cost": 4878.29, "Total Cost": 1720789.19, "Plan Rows": 900386260, "Plan Width": 0, "Actual Startup Time": 36.313, "Actual Total Time": 185134.188, "Actual Rows": 620755461, "Actual Loops": 1, "Inner Unique": false, "Join Filter": "(c.userid = ph.userid)", "Rows Removed by Join Filter": 0, "Plans": [{"Node Type": "Hash Join", "Parent Relationship": "Outer", "Parallel Aware": false, "Join Type": "Inner", "Startup Cost": 4877.99, "Total Cost": 511649.71, "Plan Rows": 1789364, "Plan Width": 12, "Actual Startup Time": 36.257, "Actual Total Time": 466.815, "Actual Rows": 248952, "Actual Loops": 1, "Output": ["c.userid", "u.id", "v.userid"], "Inner Unique": true, "Hash Cond": "(c.userid = u.id)", "Plans": [{"Node Type": "Merge Join", "Parent Relationship": "Outer", "Parallel Aware": false, "Join Type": "Inner", "Startup Cost": 4282.1, "Total Cost": 35373.92, "Plan Rows": 181157000, "Plan Width": 8, "Actual Startup Time": 26.142, "Actual Total Time": 324.31, "Actual Rows": 1462600, "Actual Loops": 1, "Output": ["c.userid", "v.userid"], "Inner Unique": false, "Merge Cond": "(v.userid = c.userid)", "Plans": [{"Node Type": "Index Scan", "Parent Relationship": "Outer", "Parallel Aware": false, "Scan Direction": "Forward", "Index Name": "idx_votes_userid", "Relation Name": "votes", "Schema": "public", "Alias": "v", "Startup Cost": 0.29, "Total Cost": 4526.29, "Plan Rows": 113849, "Plan Width": 4, "Actual Startup Time": 0.028, "Actual Total Time": 28.122, "Actual Rows": 114466, "Actual Loops": 1, "Output": ["v.id", "v.postid", "v.votetypeid", "v.creationdate", "v.userid", "v.bountyamount"], "Filter": "((v.creationdate <= 1410451200) AND (v.creationdate >= 1280073600))", "Rows Removed by Filter": 410}, {"Node Type": "Materialize", "Parent Relationship": "Inner", "Parallel Aware": false, "Startup Cost": 0.29, "Total Cost": 3541.64, "Plan Rows": 60532, "Plan Width": 4, "Actual Startup Time": 0.035, "Actual Total Time": 108.327, "Actual Rows": 1486015, "Actual Loops": 1, "Output": ["c.id", "c.postid", "c.score", "c.creationdate", "c.userid"], "Plans": [{"Node Type": "Index Scan", "Parent Relationship": "Outer", "Parallel Aware": false, "Scan Direction": "Forward", "Index Name": "idx_comments_userid", "Relation Name": "comments", "Schema": "public", "Alias": "c", "Startup Cost": 0.29, "Total Cost": 3390.31, "Plan Rows": 60532, "Plan Width": 4, "Actual Startup Time": 0.03, "Actual Total Time": 27.506, "Actual Rows": 60773, "Actual Loops": 1, "Output": ["c.id", "c.postid", "c.score", "c.creationdate", "c.userid"], "Filter": "((c.creationdate <= 1410607615) AND (c.creationdate >= 1281616426))", "Rows Removed by Filter": 329}]}]}, {"Node Type": "Hash", "Parent Relationship": "Inner", "Parallel Aware": false, "Startup Cost": 421.61, "Total Cost": 421.61, "Plan Rows": 13943, "Plan Width": 4, "Actual Startup Time": 9.322, "Actual Total Time": 9.322, "Actual Rows": 13997, "Actual Loops": 1, "Output": ["u.id"], "Hash Buckets": 16384, "Original Hash Buckets": 16384, "Hash Batches": 1, "Original Hash Batches": 1, "Peak Memory Usage": 621, "Plans": [{"Node Type": "Seq Scan", "Parent Relationship": "Outer", "Parallel Aware": false, "Relation Name": "users", "Schema": "public", "Alias": "u", "Startup Cost": 0.0, "Total Cost": 421.61, "Plan Rows": 13943, "Plan Width": 4, "Actual Startup Time": 0.019, "Actual Total Time": 6.072, "Actual Rows": 13997, "Actual Loops": 1, "Output": ["u.id"], "Filter": "((u.downvotes <= 1) AND (u.downvotes >= 0) AND (u.upvotes <= 123) AND (u.views <= 783) AND (u.views >= 0))", "Rows Removed by Filter": 119}]}]}, {"Node Type": "Index Scan", "Parent Relationship": "Inner", "Parallel Aware": false, "Scan Direction": "Forward", "Index Name": "idx_posthistory_userid", "Relation Name": "posthistory", "Schema": "public", "Alias": "ph", "Startup Cost": 0.29, "Total Cost": 0.55, "Plan Rows": 10, "Plan Width": 4, "Actual Startup Time": 0.003, "Actual Total Time": 0.519, "Actual Rows": 2493, "Actual Loops": 248952, "Output": ["ph.id", "ph.posthistorytypeid", "ph.postid", "ph.creationdate", "ph.userid"], "Index Cond": "(ph.userid = v.userid)", "Rows Removed by Index Recheck": 0, "Filter": "((ph.creationdate <= 1408264643) AND (ph.creationdate >= 1302504369))", "Rows Removed by Filter": 30}]}]}, "Planning Time": 71.391, "Triggers": [], "Execution Time": 207843.424}]
q69#####[{"Plan": {"Node Type": "Aggregate", "Strategy": "Plain", "Partial Mode": "Simple", "Parallel Aware": false, "Startup Cost": 93491.14, "Total Cost": 93491.15, "Plan Rows": 1, "Plan Width": 8, "Actual Startup Time": 13778.186, "Actual Total Time": 13778.192, "Actual Rows": 1, "Actual Loops": 1, "Output": ["count(*)"], "Plans": [{"Node Type": "Hash Join", "Parent Relationship": "Outer", "Parallel Aware": false, "Join Type": "Inner", "Startup Cost": 10534.4, "Total Cost": 79705.76, "Plan Rows": 5514150, "Plan Width": 0, "Actual Startup Time": 529.151, "Actual Total Time": 9878.768, "Actual Rows": 118555332, "Actual Loops": 1, "Inner Unique": false, "Hash Cond": "(b.userid = u.id)", "Plans": [{"Node Type": "Merge Join", "Parent Relationship": "Outer", "Parallel Aware": false, "Join Type": "Inner", "Startup Cost": 5712.13, "Total Cost": 16776.25, "Plan Rows": 604396, "Plan Width": 12, "Actual Startup Time": 23.548, "Actual Total Time": 529.635, "Actual Rows": 3821493, "Actual Loops": 1, "Output": ["b.userid", "ph.userid", "p.owneruserid"], "Inner Unique": false, "Merge Cond": "(b.userid = ph.userid)", "Plans": [{"Node Type": "Merge Join", "Parent Relationship": "Outer", "Parallel Aware": false, "Join Type": "Inner", "Startup Cost": 1489.81, "Total Cost": 3616.1, "Plan Rows": 44410, "Plan Width": 8, "Actual Startup Time": 9.223, "Actual Total Time": 23.348, "Actual Rows": 14613, "Actual Loops": 1, "Output": ["b.userid", "p.owneruserid"], "Inner Unique": false, "Merge Cond": "(b.userid = p.owneruserid)", "Plans": [{"Node Type": "Index Scan", "Parent Relationship": "Outer", "Parallel Aware": false, "Scan Direction": "Forward", "Index Name": "idx_badges_userid", "Relation Name": "badges", "Schema": "public", "Alias": "b", "Startup Cost": 0.29, "Total Cost": 1394.18, "Plan Rows": 27811, "Plan Width": 4, "Actual Startup Time": 0.022, "Actual Total Time": 10.752, "Actual Rows": 27425, "Actual Loops": 1, "Output": ["b.id", "b.userid", "b.date"], "Filter": "(b.date <= 1410229475)", "Rows Removed by Filter": 47}, {"Node Type": "Sort", "Parent Relationship": "Inner", "Parallel Aware": false, "Startup Cost": 1487.7, "Total Cost": 1497.34, "Plan Rows": 3856, "Plan Width": 4, "Actual Startup Time": 9.192, "Actual Total Time": 9.855, "Actual Rows": 14788, "Actual Loops": 1, "Output": ["p.owneruserid"], "Sort Key": ["p.owneruserid"], "Sort Method": "quicksort", "Sort Space Used": 101, "Sort Space Type": "Memory", "Plans": [{"Node Type": "Hash Join", "Parent Relationship": "Outer", "Parallel Aware": false, "Join Type": "Inner", "Startup Cost": 1180.09, "Total Cost": 1258.02, "Plan Rows": 3856, "Plan Width": 4, "Actual Startup Time": 8.188, "Actual Total Time": 8.997, "Actual Rows": 1127, "Actual Loops": 1, "Output": ["p.owneruserid"], "Inner Unique": true, "Hash Cond": "(pl.relatedpostid = p.id)", "Plans": [{"Node Type": "Seq Scan", "Parent Relationship": "Outer", "Parallel Aware": false, "Relation Name": "postlinks", "Schema": "public", "Alias": "pl", "Startup Cost": 0.0, "Total Cost": 67.76, "Plan Rows": 3876, "Plan Width": 4, "Actual Startup Time": 0.005, "Actual Total Time": 0.272, "Actual Rows": 3876, "Actual Loops": 1, "Output": ["pl.id", "pl.creationdate", "pl.postid", "pl.relatedpostid", "pl.linktypeid"]}, {"Node Type": "Hash", "Parent Relationship": "Inner", "Parallel Aware": false, "Startup Cost": 781.2, "Total Cost": 781.2, "Plan Rows": 31911, "Plan Width": 8, "Actual Startup Time": 8.054, "Actual Total Time": 8.055, "Actual Rows": 31915, "Actual Loops": 1, "Output": ["p.owneruserid", "p.id"], "Hash Buckets": 32768, "Original Hash Buckets": 32768, "Hash Batches": 1, "Original Hash Batches": 1, "Peak Memory Usage": 1503, "Plans": [{"Node Type": "Seq Scan", "Parent Relationship": "Outer", "Parallel Aware": false, "Relation Name": "posts", "Schema": "public", "Alias": "p", "Startup Cost": 0.0, "Total Cost": 781.2, "Plan Rows": 31911, "Plan Width": 8, "Actual Startup Time": 0.004, "Actual Total Time": 4.591, "Actual Rows": 31915, "Actual Loops": 1, "Output": ["p.owneruserid", "p.id"], "Filter": "((p.commentcount <= 13) AND (p.commentcount >= 0))", "Rows Removed by Filter": 165}]}]}]}]}, {"Node Type": "Sort", "Parent Relationship": "Inner", "Parallel Aware": false, "Startup Cost": 4098.02, "Total Cost": 4157.27, "Plan Rows": 23699, "Plan Width": 4, "Actual Startup Time": 14.295, "Actual Total Time": 146.105, "Actual Rows": 3838298, "Actual Loops": 1, "Output": ["ph.userid"], "Sort Key": ["ph.userid"], "Sort Method": "quicksort", "Sort Space Used": 1899, "Sort Space Type": "Memory", "Plans": [{"Node Type": "Seq Scan", "Parent Relationship": "Outer", "Parallel Aware": false, "Relation Name": "posthistory", "Schema": "public", "Alias": "ph", "Startup Cost": 0.0, "Total Cost": 2375.99, "Plan Rows": 23699, "Plan Width": 4, "Actual Startup Time": 0.009, "Actual Total Time": 10.179, "Actual Rows": 24125, "Actual Loops": 1, "Output": ["ph.userid"], "Filter": "((ph.creationdate <= 1407892810) AND (ph.posthistorytypeid = 5))", "Rows Removed by Filter": 82141}]}]}, {"Node Type": "Hash", "Parent Relationship": "Inner", "Parallel Aware": false, "Startup Cost": 3126.58, "Total Cost": 3126.58, "Plan Rows": 103335, "Plan Width": 8, "Actual Startup Time": 28.025, "Actual Total Time": 28.026, "Actual Rows": 3020, "Actual Loops": 1, "Output": ["u.id", "v.userid"], "Hash Buckets": 131072, "Original Hash Buckets": 131072, "Hash Batches": 2, "Original Hash Batches": 2, "Peak Memory Usage": 1095, "Plans": [{"Node Type": "Hash Join", "Parent Relationship": "Outer", "Parallel Aware": false, "Join Type": "Inner", "Startup Cost": 546.23, "Total Cost": 3126.58, "Plan Rows": 103335, "Plan Width": 8, "Actual Startup Time": 7.02, "Actual Total Time": 27.43, "Actual Rows": 3020, "Actual Loops": 1, "Output": ["u.id", "v.userid"], "Inner Unique": true, "Hash Cond": "(v.userid = u.id)", "Plans": [{"Node Type": "Seq Scan", "Parent Relationship": "Outer", "Parallel Aware": false, "Relation Name": "votes", "Schema": "public", "Alias": "v", "Startup Cost": 0.0, "Total Cost": 2280.95, "Plan Rows": 114022, "Plan Width": 4, "Actual Startup Time": 0.015, "Actual Total Time": 12.451, "Actual Rows": 114866, "Actual Loops": 1, "Output": ["v.id", "v.postid", "v.votetypeid", "v.creationdate", "v.userid", "v.bountyamount"], "Filter": "(v.creationdate >= 1279468800)", "Rows Removed by Filter": 10}, {"Node Type": "Hash", "Parent Relationship": "Inner", "Parallel Aware": false, "Startup Cost": 386.32, "Total Cost": 386.32, "Plan Rows": 12793, "Plan Width": 4, "Actual Startup Time": 6.982, "Actual Total Time": 6.983, "Actual Rows": 12743, "Actual Loops": 1, "Output": ["u.id"], "Hash Buckets": 16384, "Original Hash Buckets": 16384, "Hash Batches": 1, "Original Hash Batches": 1, "Peak Memory Usage": 576, "Plans": [{"Node Type": "Seq Scan", "Parent Relationship": "Outer", "Parallel Aware": false, "Relation Name": "users", "Schema": "public", "Alias": "u", "Startup Cost": 0.0, "Total Cost": 386.32, "Plan Rows": 12793, "Plan Width": 4, "Actual Startup Time": 0.009, "Actual Total Time": 4.506, "Actual Rows": 12743, "Actual Loops": 1, "Output": ["u.id"], "Filter": "((u.creationdate <= 1406013322) AND (u.creationdate >= 1280912393) AND (u.downvotes >= 0) AND (u.views >= 0))", "Rows Removed by Filter": 1373}]}]}]}]}]}, "Planning Time": 207.513, "Triggers": [], "Execution Time": 13778.506}]