q7#####[{"Plan": {"Node Type": "Aggregate", "Strategy": "Sorted", "Partial Mode": "Simple", "Parallel Aware": false, "Startup Cost": 43240.2, "Total Cost": 43250.31, "Plan Rows": 289, "Plan Width": 98, "Actual Startup Time": 1.142, "Actual Total Time": 1.149, "Actual Rows": 0, "Actual Loops": 1, "Output": ["n1.n_name", "n2.n_name", "(date_part('year'::text, (lineitem.l_shipdate)::timestamp without time zone))", "sum((lineitem.l_extendedprice * ('1'::numeric - lineitem.l_discount)))"], "Group Key": ["n1.n_name", "n2.n_name", "(date_part('year'::text, (lineitem.l_shipdate)::timestamp without time zone))"], "Plans": [{"Node Type": "Sort", "Parent Relationship": "Outer", "Parallel Aware": false, "Startup Cost": 43240.2, "Total Cost": 43240.92, "Plan Rows": 289, "Plan Width": 78, "Actual Startup Time": 1.141, "Actual Total Time": 1.148, "Actual Rows": 0, "Actual Loops": 1, "Output": ["n1.n_name", "n2.n_name", "(date_part('year'::text, (lineitem.l_shipdate)::timestamp without time zone))", "lineitem.l_extendedprice", "lineitem.l_discount"], "Sort Key": ["n1.n_name", "n2.n_name", "(date_part('year'::text, (lineitem.l_shipdate)::timestamp without time zone))"], "Sort Method": "quicksort", "Sort Space Used": 25, "Sort Space Type": "Memory", "Plans": [{"Node Type": "Hash Join", "Parent Relationship": "Outer", "Parallel Aware": false, "Join Type": "Inner", "Startup Cost": 401.41, "Total Cost": 43228.38, "Plan Rows": 289, "Plan Width": 78, "Actual Startup Time": 1.088, "Actual Total Time": 1.095, "Actual Rows": 0, "Actual Loops": 1, "Output": ["n1.n_name", "n2.n_name", "date_part('year'::text, (lineitem.l_shipdate)::timestamp without time zone)", "lineitem.l_extendedprice", "lineitem.l_discount"], "Inner Unique": false, "Hash Cond": "(lineitem.l_suppkey = supplier.s_suppkey)", "Join Filter": "(((n1.n_name = 'algeria'::bpchar) AND (n2.n_name = 'russia'::bpchar)) OR ((n1.n_name = 'russia'::bpchar) AND (n2.n_name = 'algeria'::bpchar)))", "Rows Removed by Join Filter": 0, "Plans": [{"Node Type": "Nested Loop", "Parent Relationship": "Outer", "Parallel Aware": false, "Join Type": "Inner", "Startup Cost": 18.57, "Total Cost": 42746.19, "Plan Rows": 23038, "Plan Width": 49, "Actual Startup Time": 1.087, "Actual Total Time": 1.093, "Actual Rows": 0, "Actual Loops": 1, "Output": ["lineitem.l_shipdate", "lineitem.l_extendedprice", "lineitem.l_discount", "lineitem.l_suppkey", "n2.n_name"], "Inner Unique": false, "Plans": [{"Node Type": "Nested Loop", "Parent Relationship": "Outer", "Parallel Aware": false, "Join Type": "Inner", "Startup Cost": 18.14, "Total Cost": 11370.24, "Plan Rows": 37500, "Plan Width": 33, "Actual Startup Time": 1.087, "Actual Total Time": 1.091, "Actual Rows": 0, "Actual Loops": 1, "Output": ["orders.o_orderkey", "n2.n_name"], "Inner Unique": false, "Plans": [{"Node Type": "Hash Join", "Parent Relationship": "Outer", "Parallel Aware": false, "Join Type": "Inner", "Startup Cost": 17.71, "Total Cost": 5702.71, "Plan Rows": 3750, "Plan Width": 33, "Actual Startup Time": 1.086, "Actual Total Time": 1.091, "Actual Rows": 0, "Actual Loops": 1, "Output": ["customer.c_custkey", "n2.n_name"], "Inner Unique": false, "Hash Cond": "(customer.c_nationkey = n2.n_nationkey)", "Plans": [{"Node Type": "Seq Scan", "Parent Relationship": "Outer", "Parallel Aware": false, "Relation Name": "customer", "Schema": "public", "Alias": "customer", "Startup Cost": 0.0, "Total Cost": 5085.0, "Plan Rows": 150000, "Plan Width": 8, "Actual Startup Time": 1.016, "Actual Total Time": 1.016, "Actual Rows": 1, "Actual Loops": 1, "Output": ["customer.c_custkey", "customer.c_name", "customer.c_address", "customer.c_nationkey", "customer.c_phone", "customer.c_acctbal", "customer.c_mktsegment", "customer.c_comment"]}, {"Node Type": "Hash", "Parent Relationship": "Inner", "Parallel Aware": false, "Startup Cost": 17.65, "Total Cost": 17.65, "Plan Rows": 5, "Plan Width": 33, "Actual Startup Time": 0.035, "Actual Total Time": 0.038, "Actual Rows": 0, "Actual Loops": 1, "Output": ["n2.n_name", "n2.n_nationkey"], "Hash Buckets": 1024, "Original Hash Buckets": 1024, "Hash Batches": 1, "Original Hash Batches": 1, "Peak Memory Usage": 8, "Plans": [{"Node Type": "Seq Scan", "Parent Relationship": "Outer", "Parallel Aware": false, "Relation Name": "nation", "Schema": "public", "Alias": "n2", "Startup Cost": 0.0, "Total Cost": 17.65, "Plan Rows": 5, "Plan Width": 33, "Actual Startup Time": 0.034, "Actual Total Time": 0.034, "Actual Rows": 0, "Actual Loops": 1, "Output": ["n2.n_name", "n2.n_nationkey"], "Filter": "((n2.n_name = 'russia'::bpchar) OR (n2.n_name = 'algeria'::bpchar))", "Rows Removed by Filter": 25}]}]}, {"Node Type": "Index Scan", "Parent Relationship": "Inner", "Parallel Aware": false, "Scan Direction": "Forward", "Index Name": "idx_orders_custkey", "Relation Name": "orders", "Schema": "public", "Alias": "orders", "Startup Cost": 0.43, "Total Cost": 1.39, "Plan Rows": 12, "Plan Width": 8, "Actual Startup Time": 0.0, "Actual Total Time": 0.0, "Actual Rows": 0, "Actual Loops": 0, "Output": ["orders.o_orderkey", "orders.o_custkey", "orders.o_orderstatus", "orders.o_totalprice", "orders.o_orderdate", "orders.o_orderpriority", "orders.o_clerk", "orders.o_shippriority", "orders.o_comment"], "Index Cond": "(orders.o_custkey = customer.c_custkey)", "Rows Removed by Index Recheck": 0}]}, {"Node Type": "Index Scan", "Parent Relationship": "Inner", "Parallel Aware": false, "Scan Direction": "Forward", "Index Name": "idx_lineitem_orderkey", "Relation Name": "lineitem", "Schema": "public", "Alias": "lineitem", "Startup Cost": 0.43, "Total Cost": 0.83, "Plan Rows": 1, "Plan Width": 24, "Actual Startup Time": 0.0, "Actual Total Time": 0.0, "Actual Rows": 0, "Actual Loops": 0, "Output": ["lineitem.l_orderkey", "lineitem.l_partkey", "lineitem.l_suppkey", "lineitem.l_linenumber", "lineitem.l_quantity", "lineitem.l_extendedprice", "lineitem.l_discount", "lineitem.l_tax", "lineitem.l_returnflag", "lineitem.l_linestatus", "lineitem.l_shipdate", "lineitem.l_commitdate", "lineitem.l_receiptdate", "lineitem.l_shipinstruct", "lineitem.l_shipmode", "lineitem.l_comment"], "Index Cond": "(lineitem.l_orderkey = orders.o_orderkey)", "Rows Removed by Index Recheck": 0, "Filter": "((lineitem.l_shipdate >= '1995-01-01'::date) AND (lineitem.l_shipdate <= '1996-12-31'::date))", "Rows Removed by Filter": 0}]}, {"Node Type": "Hash", "Parent Relationship": "Inner", "Parallel Aware": false, "Startup Cost": 379.71, "Total Cost": 379.71, "Plan Rows": 250, "Plan Width": 33, "Actual Startup Time": 0.0, "Actual Total Time": 0.0, "Actual Rows": 0, "Actual Loops": 0, "Output": ["supplier.s_suppkey", "n1.n_name"], "Plans": [{"Node Type": "Hash Join", "Parent Relationship": "Outer", "Parallel Aware": false, "Join Type": "Inner", "Startup Cost": 17.71, "Total Cost": 379.71, "Plan Rows": 250, "Plan Width": 33, "Actual Startup Time": 0.0, "Actual Total Time": 0.0, "Actual Rows": 0, "Actual Loops": 0, "Output": ["supplier.s_suppkey", "n1.n_name"], "Inner Unique": false, "Hash Cond": "(supplier.s_nationkey = n1.n_nationkey)", "Plans": [{"Node Type": "Seq Scan", "Parent Relationship": "Outer", "Parallel Aware": false, "Relation Name": "supplier", "Schema": "public", "Alias": "supplier", "Startup Cost": 0.0, "Total Cost": 322.0, "Plan Rows": 10000, "Plan Width": 8, "Actual Startup Time": 0.0, "Actual Total Time": 0.0, "Actual Rows": 0, "Actual Loops": 0, "Output": ["supplier.s_suppkey", "supplier.s_name", "supplier.s_address", "supplier.s_nationkey", "supplier.s_phone", "supplier.s_acctbal", "supplier.s_comment"]}, {"Node Type": "Hash", "Parent Relationship": "Inner", "Parallel Aware": false, "Startup Cost": 17.65, "Total Cost": 17.65, "Plan Rows": 5, "Plan Width": 33, "Actual Startup Time": 0.0, "Actual Total Time": 0.0, "Actual Rows": 0, "Actual Loops": 0, "Output": ["n1.n_name", "n1.n_nationkey"], "Plans": [{"Node Type": "Seq Scan", "Parent Relationship": "Outer", "Parallel Aware": false, "Relation Name": "nation", "Schema": "public", "Alias": "n1", "Startup Cost": 0.0, "Total Cost": 17.65, "Plan Rows": 5, "Plan Width": 33, "Actual Startup Time": 0.0, "Actual Total Time": 0.0, "Actual Rows": 0, "Actual Loops": 0, "Output": ["n1.n_name", "n1.n_nationkey"], "Filter": "((n1.n_name = 'algeria'::bpchar) OR (n1.n_name = 'russia'::bpchar))", "Rows Removed by Filter": 0}]}]}]}]}]}]}, "Planning Time": 3.419, "Triggers": [], "Execution Time": 1.35}]
q20#####[{"Plan": {"Node Type": "Sort", "Parallel Aware": false, "Startup Cost": 107457.9, "Total Cost": 107458.0, "Plan Rows": 40, "Plan Width": 51, "Actual Startup Time": 6.184, "Actual Total Time": 6.189, "Actual Rows": 0, "Actual Loops": 1, "Output": ["supplier.s_name", "supplier.s_address"], "Sort Key": ["supplier.s_name"], "Sort Method": "quicksort", "Sort Space Used": 25, "Sort Space Type": "Memory", "Plans": [{"Node Type": "Nested Loop", "Parent Relationship": "Outer", "Parallel Aware": false, "Join Type": "Semi", "Startup Cost": 1.13, "Total Cost": 107456.83, "Plan Rows": 40, "Plan Width": 51, "Actual Startup Time": 6.145, "Actual Total Time": 6.149, "Actual Rows": 0, "Actual Loops": 1, "Output": ["supplier.s_name", "supplier.s_address"], "Inner Unique": false, "Plans": [{"Node Type": "Nested Loop", "Parent Relationship": "Outer", "Parallel Aware": false, "Join Type": "Inner", "Startup Cost": 0.29, "Total Cost": 961.82, "Plan Rows": 150, "Plan Width": 55, "Actual Startup Time": 6.144, "Actual Total Time": 6.145, "Actual Rows": 0, "Actual Loops": 1, "Output": ["supplier.s_name", "supplier.s_address", "supplier.s_suppkey"], "Inner Unique": false, "Join Filter": "(supplier.s_nationkey = nation.n_nationkey)", "Rows Removed by Join Filter": 0, "Plans": [{"Node Type": "Index Scan", "Parent Relationship": "Outer", "Parallel Aware": false, "Scan Direction": "Forward", "Index Name": "idx_supplier_suppkey", "Relation Name": "supplier", "Schema": "public", "Alias": "supplier", "Startup Cost": 0.29, "Total Cost": 495.44, "Plan Rows": 10000, "Plan Width": 59, "Actual Startup Time": 0.031, "Actual Total Time": 4.009, "Actual Rows": 10000, "Actual Loops": 1, "Output": ["supplier.s_suppkey", "supplier.s_name", "supplier.s_address", "supplier.s_nationkey", "supplier.s_phone", "supplier.s_acctbal", "supplier.s_comment"]}, {"Node Type": "Materialize", "Parent Relationship": "Inner", "Parallel Aware": false, "Startup Cost": 0.0, "Total Cost": 16.39, "Plan Rows": 3, "Plan Width": 4, "Actual Startup Time": 0.0, "Actual Total Time": 0.0, "Actual Rows": 0, "Actual Loops": 10000, "Output": ["nation.n_nationkey"], "Plans": [{"Node Type": "Seq Scan", "Parent Relationship": "Outer", "Parallel Aware": false, "Relation Name": "nation", "Schema": "public", "Alias": "nation", "Startup Cost": 0.0, "Total Cost": 16.38, "Plan Rows": 3, "Plan Width": 4, "Actual Startup Time": 0.018, "Actual Total Time": 0.019, "Actual Rows": 0, "Actual Loops": 1, "Output": ["nation.n_nationkey"], "Filter": "(nation.n_name = 'brazil'::bpchar)", "Rows Removed by Filter": 25}]}]}, {"Node Type": "Nested Loop", "Parent Relationship": "Inner", "Parallel Aware": false, "Join Type": "Semi", "Startup Cost": 0.84, "Total Cost": 709.96, "Plan Rows": 1, "Plan Width": 4, "Actual Startup Time": 0.0, "Actual Total Time": 0.0, "Actual Rows": 0, "Actual Loops": 0, "Output": ["partsupp.ps_suppkey"], "Inner Unique": false, "Plans": [{"Node Type": "Index Scan", "Parent Relationship": "Outer", "Parallel Aware": false, "Scan Direction": "Forward", "Index Name": "idx_partsupp_suppkey", "Relation Name": "partsupp", "Schema": "public", "Alias": "partsupp", "Startup Cost": 0.42, "Total Cost": 696.1, "Plan Rows": 27, "Plan Width": 8, "Actual Startup Time": 0.0, "Actual Total Time": 0.0, "Actual Rows": 0, "Actual Loops": 0, "Output": ["partsupp.ps_partkey", "partsupp.ps_suppkey", "partsupp.ps_availqty", "partsupp.ps_supplycost", "partsupp.ps_comment"], "Index Cond": "(partsupp.ps_suppkey = supplier.s_suppkey)", "Rows Removed by Index Recheck": 0, "Filter": "((partsupp.ps_availqty)::numeric > (SubPlan 1))", "Rows Removed by Filter": 0, "Plans": [{"Node Type": "Aggregate", "Strategy": "Plain", "Partial Mode": "Simple", "Parent Relationship": "SubPlan", "Subplan Name": "SubPlan 1", "Parallel Aware": false, "Startup Cost": 8.46, "Total Cost": 8.47, "Plan Rows": 1, "Plan Width": 32, "Actual Startup Time": 0.0, "Actual Total Time": 0.0, "Actual Rows": 0, "Actual Loops": 0, "Output": ["(0.5 * sum(lineitem.l_quantity))"], "Plans": [{"Node Type": "Index Scan", "Parent Relationship": "Outer", "Parallel Aware": false, "Scan Direction": "Forward", "Index Name": "idx_lineitem_partkey_suppkey", "Relation Name": "lineitem", "Schema": "public", "Alias": "lineitem", "Startup Cost": 0.43, "Total Cost": 8.46, "Plan Rows": 1, "Plan Width": 4, "Actual Startup Time": 0.0, "Actual Total Time": 0.0, "Actual Rows": 0, "Actual Loops": 0, "Output": ["lineitem.l_orderkey", "lineitem.l_partkey", "lineitem.l_suppkey", "lineitem.l_linenumber", "lineitem.l_quantity", "lineitem.l_extendedprice", "lineitem.l_discount", "lineitem.l_tax", "lineitem.l_returnflag", "lineitem.l_linestatus", "lineitem.l_shipdate", "lineitem.l_commitdate", "lineitem.l_receiptdate", "lineitem.l_shipinstruct", "lineitem.l_shipmode", "lineitem.l_comment"], "Index Cond": "((lineitem.l_partkey = partsupp.ps_partkey) AND (lineitem.l_suppkey = partsupp.ps_suppkey))", "Rows Removed by Index Recheck": 0, "Filter": "((lineitem.l_shipdate >= '1993-01-01'::date) AND (lineitem.l_shipdate < '1994-01-01 00:00:00'::timestamp without time zone))", "Rows Removed by Filter": 0}]}]}, {"Node Type": "Index Scan", "Parent Relationship": "Inner", "Parallel Aware": false, "Scan Direction": "Forward", "Index Name": "idx_part_partkey", "Relation Name": "part", "Schema": "public", "Alias": "part", "Startup Cost": 0.42, "Total Cost": 0.51, "Plan Rows": 1, "Plan Width": 4, "Actual Startup Time": 0.0, "Actual Total Time": 0.0, "Actual Rows": 0, "Actual Loops": 0, "Output": ["part.p_partkey", "part.p_name", "part.p_mfgr", "part.p_brand", "part.p_type", "part.p_size", "part.p_container", "part.p_retailprice", "part.p_comment"], "Index Cond": "(part.p_partkey = partsupp.ps_partkey)", "Rows Removed by Index Recheck": 0, "Filter": "((part.p_name)::text ~~ 'yellow%'::text)", "Rows Removed by Filter": 0}]}]}]}, "Planning Time": 4.39, "Triggers": [], "Execution Time": 6.317}]
q2#####[{"Plan": {"Node Type": "Limit", "Parallel Aware": false, "Startup Cost": 7520.7, "Total Cost": 7520.71, "Plan Rows": 1, "Plan Width": 195, "Actual Startup Time": 45.253, "Actual Total Time": 45.258, "Actual Rows": 0, "Actual Loops": 1, "Output": ["supplier.s_acctbal", "supplier.s_name", "nation.n_name", "part.p_partkey", "part.p_mfgr", "supplier.s_address", "supplier.s_phone", "supplier.s_comment"], "Plans": [{"Node Type": "Sort", "Parent Relationship": "Outer", "Parallel Aware": false, "Startup Cost": 7520.7, "Total Cost": 7520.71, "Plan Rows": 1, "Plan Width": 195, "Actual Startup Time": 45.252, "Actual Total Time": 45.256, "Actual Rows": 0, "Actual Loops": 1, "Output": ["supplier.s_acctbal", "supplier.s_name", "nation.n_name", "part.p_partkey", "part.p_mfgr", "supplier.s_address", "supplier.s_phone", "supplier.s_comment"], "Sort Key": ["supplier.s_acctbal DESC", "nation.n_name", "supplier.s_name", "part.p_partkey"], "Sort Method": "quicksort", "Sort Space Used": 25, "Sort Space Type": "Memory", "Plans": [{"Node Type": "Nested Loop", "Parent Relationship": "Outer", "Parallel Aware": false, "Join Type": "Inner", "Startup Cost": 0.71, "Total Cost": 7520.69, "Plan Rows": 1, "Plan Width": 195, "Actual Startup Time": 45.198, "Actual Total Time": 45.202, "Actual Rows": 0, "Actual Loops": 1, "Output": ["supplier.s_acctbal", "supplier.s_name", "nation.n_name", "part.p_partkey", "part.p_mfgr", "supplier.s_address", "supplier.s_phone", "supplier.s_comment"], "Inner Unique": false, "Join Filter": "(nation.n_regionkey = region.r_regionkey)", "Rows Removed by Join Filter": 0, "Plans": [{"Node Type": "Nested Loop", "Parent Relationship": "Outer", "Parallel Aware": false, "Join Type": "Inner", "Startup Cost": 0.71, "Total Cost": 7504.05, "Plan Rows": 3, "Plan Width": 199, "Actual Startup Time": 45.198, "Actual Total Time": 45.201, "Actual Rows": 0, "Actual Loops": 1, "Output": ["part.p_partkey", "part.p_mfgr", "supplier.s_acctbal", "supplier.s_name", "supplier.s_address", "supplier.s_phone", "supplier.s_comment", "nation.n_name", "nation.n_regionkey"], "Inner Unique": false, "Join Filter": "(supplier.s_nationkey = nation.n_nationkey)", "Rows Removed by Join Filter": 0, "Plans": [{"Node Type": "Nested Loop", "Parent Relationship": "Outer", "Parallel Aware": false, "Join Type": "Inner", "Startup Cost": 0.71, "Total Cost": 7482.57, "Plan Rows": 1, "Plan Width": 170, "Actual Startup Time": 45.197, "Actual Total Time": 45.2, "Actual Rows": 0, "Actual Loops": 1, "Output": ["part.p_partkey", "part.p_mfgr", "supplier.s_acctbal", "supplier.s_name", "supplier.s_address", "supplier.s_phone", "supplier.s_comment", "supplier.s_nationkey"], "Inner Unique": false, "Plans": [{"Node Type": "Nested Loop", "Parent Relationship": "Outer", "Parallel Aware": false, "Join Type": "Inner", "Startup Cost": 0.42, "Total Cost": 7482.26, "Plan Rows": 1, "Plan Width": 34, "Actual Startup Time": 45.197, "Actual Total Time": 45.2, "Actual Rows": 0, "Actual Loops": 1, "Output": ["part.p_partkey", "part.p_mfgr", "partsupp.ps_suppkey"], "Inner Unique": false, "Plans": [{"Node Type": "Seq Scan", "Parent Relationship": "Outer", "Parallel Aware": false, "Relation Name": "part", "Schema": "public", "Alias": "part", "Startup Cost": 0.0, "Total Cost": 7101.0, "Plan Rows": 1, "Plan Width": 30, "Actual Startup Time": 45.196, "Actual Total Time": 45.196, "Actual Rows": 0, "Actual Loops": 1, "Output": ["part.p_partkey", "part.p_name", "part.p_mfgr", "part.p_brand", "part.p_type", "part.p_size", "part.p_container", "part.p_retailprice", "part.p_comment"], "Filter": "(((part.p_type)::text ~~ '%nickel'::text) AND (part.p_size = 18))", "Rows Removed by Filter": 200000}, {"Node Type": "Index Scan", "Parent Relationship": "Inner", "Parallel Aware": false, "Scan Direction": "Forward", "Index Name": "idx_partsupp_partkey", "Relation Name": "partsupp", "Schema": "public", "Alias": "partsupp", "Startup Cost": 0.42, "Total Cost": 381.25, "Plan Rows": 1, "Plan Width": 14, "Actual Startup Time": 0.0, "Actual Total Time": 0.0, "Actual Rows": 0, "Actual Loops": 0, "Output": ["partsupp.ps_partkey", "partsupp.ps_suppkey", "partsupp.ps_availqty", "partsupp.ps_supplycost", "partsupp.ps_comment"], "Index Cond": "(partsupp.ps_partkey = part.p_partkey)", "Rows Removed by Index Recheck": 0, "Filter": "((SubPlan 1) = partsupp.ps_supplycost)", "Rows Removed by Filter": 0, "Plans": [{"Node Type": "Aggregate", "Strategy": "Plain", "Partial Mode": "Simple", "Parent Relationship": "SubPlan", "Subplan Name": "SubPlan 1", "Parallel Aware": false, "Startup Cost": 71.33, "Total Cost": 71.34, "Plan Rows": 1, "Plan Width": 32, "Actual Startup Time": 0.0, "Actual Total Time": 0.0, "Actual Rows": 0, "Actual Loops": 0, "Output": ["min(partsupp_1.ps_supplycost)"], "Plans": [{"Node Type": "Nested Loop", "Parent Relationship": "Outer", "Parallel Aware": false, "Join Type": "Inner", "Startup Cost": 1.01, "Total Cost": 71.33, "Plan Rows": 1, "Plan Width": 6, "Actual Startup Time": 0.0, "Actual Total Time": 0.0, "Actual Rows": 0, "Actual Loops": 0, "Output": ["partsupp_1.ps_supplycost"], "Inner Unique": false, "Plans": [{"Node Type": "Nested Loop", "Parent Relationship": "Outer", "Parallel Aware": false, "Join Type": "Inner", "Startup Cost": 0.86, "Total Cost": 67.25, "Plan Rows": 13, "Plan Width": 10, "Actual Startup Time": 0.0, "Actual Total Time": 0.0, "Actual Rows": 0, "Actual Loops": 0, "Output": ["partsupp_1.ps_supplycost", "nation_1.n_regionkey"], "Inner Unique": false, "Plans": [{"Node Type": "Nested Loop", "Parent Relationship": "Outer", "Parallel Aware": false, "Join Type": "Inner", "Startup Cost": 0.71, "Total Cost": 66.07, "Plan Rows": 5, "Plan Width": 10, "Actual Startup Time": 0.0, "Actual Total Time": 0.0, "Actual Rows": 0, "Actual Loops": 0, "Output": ["partsupp_1.ps_supplycost", "supplier_1.s_nationkey"], "Inner Unique": false, "Plans": [{"Node Type": "Index Scan", "Parent Relationship": "Outer", "Parallel Aware": false, "Scan Direction": "Forward", "Index Name": "idx_partsupp_partkey_suppkey", "Relation Name": "partsupp", "Schema": "public", "Alias": "partsupp_1", "Startup Cost": 0.42, "Total Cost": 24.51, "Plan Rows": 5, "Plan Width": 10, "Actual Startup Time": 0.0, "Actual Total Time": 0.0, "Actual Rows": 0, "Actual Loops": 0, "Output": ["partsupp_1.ps_partkey", "partsupp_1.ps_suppkey", "partsupp_1.ps_availqty", "partsupp_1.ps_supplycost", "partsupp_1.ps_comment"], "Index Cond": "(partsupp_1.ps_partkey = part.p_partkey)", "Rows Removed by Index Recheck": 0}, {"Node Type": "Index Scan", "Parent Relationship": "Inner", "Parallel Aware": false, "Scan Direction": "Forward", "Index Name": "idx_supplier_suppkey", "Relation Name": "supplier", "Schema": "public", "Alias": "supplier_1", "Startup Cost": 0.29, "Total Cost": 8.3, "Plan Rows": 1, "Plan Width": 8, "Actual Startup Time": 0.0, "Actual Total Time": 0.0, "Actual Rows": 0, "Actual Loops": 0, "Output": ["supplier_1.s_suppkey", "supplier_1.s_name", "supplier_1.s_address", "supplier_1.s_nationkey", "supplier_1.s_phone", "supplier_1.s_acctbal", "supplier_1.s_comment"], "Index Cond": "(supplier_1.s_suppkey = partsupp_1.ps_suppkey)", "Rows Removed by Index Recheck": 0}]}, {"Node Type": "Index Scan", "Parent Relationship": "Inner", "Parallel Aware": false, "Scan Direction": "Forward", "Index Name": "idx_nation_nationkey", "Relation Name": "nation", "Schema": "public", "Alias": "nation_1", "Startup Cost": 0.15, "Total Cost": 0.2, "Plan Rows": 3, "Plan Width": 8, "Actual Startup Time": 0.0, "Actual Total Time": 0.0, "Actual Rows": 0, "Actual Loops": 0, "Output": ["nation_1.n_nationkey", "nation_1.n_name", "nation_1.n_regionkey", "nation_1.n_comment"], "Index Cond": "(nation_1.n_nationkey = supplier_1.s_nationkey)", "Rows Removed by Index Recheck": 0}]}, {"Node Type": "Index Scan", "Parent Relationship": "Inner", "Parallel Aware": false, "Scan Direction": "Forward", "Index Name": "idx_region_regionkey", "Relation Name": "region", "Schema": "public", "Alias": "region_1", "Startup Cost": 0.15, "Total Cost": 0.3, "Plan Rows": 1, "Plan Width": 4, "Actual Startup Time": 0.0, "Actual Total Time": 0.0, "Actual Rows": 0, "Actual Loops": 0, "Output": ["region_1.r_regionkey", "region_1.r_name", "region_1.r_comment"], "Index Cond": "(region_1.r_regionkey = nation_1.n_regionkey)", "Rows Removed by Index Recheck": 0, "Filter": "(region_1.r_name = 'america'::bpchar)", "Rows Removed by Filter": 0}]}]}]}]}, {"Node Type": "Index Scan", "Parent Relationship": "Inner", "Parallel Aware": false, "Scan Direction": "Forward", "Index Name": "idx_supplier_suppkey", "Relation Name": "supplier", "Schema": "public", "Alias": "supplier", "Startup Cost": 0.29, "Total Cost": 0.3, "Plan Rows": 1, "Plan Width": 144, "Actual Startup Time": 0.0, "Actual Total Time": 0.0, "Actual Rows": 0, "Actual Loops": 0, "Output": ["supplier.s_suppkey", "supplier.s_name", "supplier.s_address", "supplier.s_nationkey", "supplier.s_phone", "supplier.s_acctbal", "supplier.s_comment"], "Index Cond": "(supplier.s_suppkey = partsupp.ps_suppkey)", "Rows Removed by Index Recheck": 0}]}, {"Node Type": "Seq Scan", "Parent Relationship": "Inner", "Parallel Aware": false, "Relation Name": "nation", "Schema": "public", "Alias": "nation", "Startup Cost": 0.0, "Total Cost": 15.1, "Plan Rows": 510, "Plan Width": 37, "Actual Startup Time": 0.0, "Actual Total Time": 0.0, "Actual Rows": 0, "Actual Loops": 0, "Output": ["nation.n_nationkey", "nation.n_name", "nation.n_regionkey", "nation.n_comment"]}]}, {"Node Type": "Materialize", "Parent Relationship": "Inner", "Parallel Aware": false, "Startup Cost": 0.0, "Total Cost": 16.52, "Plan Rows": 3, "Plan Width": 4, "Actual Startup Time": 0.0, "Actual Total Time": 0.0, "Actual Rows": 0, "Actual Loops": 0, "Output": ["region.r_regionkey"], "Plans": [{"Node Type": "Seq Scan", "Parent Relationship": "Outer", "Parallel Aware": false, "Relation Name": "region", "Schema": "public", "Alias": "region", "Startup Cost": 0.0, "Total Cost": 16.5, "Plan Rows": 3, "Plan Width": 4, "Actual Startup Time": 0.0, "Actual Total Time": 0.0, "Actual Rows": 0, "Actual Loops": 0, "Output": ["region.r_regionkey"], "Filter": "(region.r_name = 'america'::bpchar)", "Rows Removed by Filter": 0}]}]}]}]}, "Planning Time": 6.732, "Triggers": [], "Execution Time": 45.425}]
q19#####[{"Plan": {"Node Type": "Aggregate", "Strategy": "Plain", "Partial Mode": "Simple", "Parallel Aware": false, "Startup Cost": 12746.58, "Total Cost": 12746.59, "Plan Rows": 1, "Plan Width": 32, "Actual Startup Time": 60.502, "Actual Total Time": 60.505, "Actual Rows": 1, "Actual Loops": 1, "Output": ["sum((lineitem.l_extendedprice * ('1'::numeric - lineitem.l_discount)))"], "Plans": [{"Node Type": "Nested Loop", "Parent Relationship": "Outer", "Parallel Aware": false, "Join Type": "Inner", "Startup Cost": 4.7, "Total Cost": 12746.57, "Plan Rows": 1, "Plan Width": 12, "Actual Startup Time": 60.498, "Actual Total Time": 60.5, "Actual Rows": 0, "Actual Loops": 1, "Output": ["lineitem.l_extendedprice", "lineitem.l_discount"], "Inner Unique": false, "Plans": [{"Node Type": "Seq Scan", "Parent Relationship": "Outer", "Parallel Aware": false, "Relation Name": "part", "Schema": "public", "Alias": "part", "Startup Cost": 0.0, "Total Cost": 12601.0, "Plan Rows": 1, "Plan Width": 30, "Actual Startup Time": 60.497, "Actual Total Time": 60.497, "Actual Rows": 0, "Actual Loops": 1, "Output": ["part.p_partkey", "part.p_name", "part.p_mfgr", "part.p_brand", "part.p_type", "part.p_size", "part.p_container", "part.p_retailprice", "part.p_comment"], "Filter": "((part.p_size >= 1) AND (((part.p_brand = 'brand#25'::bpchar) AND (part.p_container = ANY ('{\"sm case\",\"sm box\",\"sm pack\",\"sm pkg\"}'::bpchar[])) AND (part.p_size <= 5)) OR ((part.p_brand = 'brand#11'::bpchar) AND (part.p_container = ANY ('{\"med bag\",\"med box\",\"med pkg\",\"med pack\"}'::bpchar[])) AND (part.p_size <= 10)) OR ((part.p_brand = 'brand#24'::bpchar) AND (part.p_container = ANY ('{\"lg case\",\"lg box\",\"lg pack\",\"lg pkg\"}'::bpchar[])) AND (part.p_size <= 15))))", "Rows Removed by Filter": 200000}, {"Node Type": "Bitmap Heap Scan", "Parent Relationship": "Inner", "Parallel Aware": false, "Relation Name": "lineitem", "Schema": "public", "Alias": "lineitem", "Startup Cost": 4.7, "Total Cost": 145.56, "Plan Rows": 1, "Plan Width": 20, "Actual Startup Time": 0.0, "Actual Total Time": 0.0, "Actual Rows": 0, "Actual Loops": 0, "Output": ["lineitem.l_orderkey", "lineitem.l_partkey", "lineitem.l_suppkey", "lineitem.l_linenumber", "lineitem.l_quantity", "lineitem.l_extendedprice", "lineitem.l_discount", "lineitem.l_tax", "lineitem.l_returnflag", "lineitem.l_linestatus", "lineitem.l_shipdate", "lineitem.l_commitdate", "lineitem.l_receiptdate", "lineitem.l_shipinstruct", "lineitem.l_shipmode", "lineitem.l_comment"], "Recheck Cond": "(lineitem.l_partkey = part.p_partkey)", "Rows Removed by Index Recheck": 0, "Filter": "((lineitem.l_shipmode = ANY ('{air,\"air reg\"}'::bpchar[])) AND (lineitem.l_shipinstruct = 'deliver in person'::bpchar) AND (((lineitem.l_quantity >= '6'::numeric) AND (lineitem.l_quantity <= '16'::numeric)) OR ((lineitem.l_quantity >= '11'::numeric) AND (lineitem.l_quantity <= '21'::numeric)) OR ((lineitem.l_quantity >= '25'::numeric) AND (lineitem.l_quantity <= '35'::numeric))) AND (((part.p_brand = 'brand#25'::bpchar) AND (part.p_container = ANY ('{\"sm case\",\"sm box\",\"sm pack\",\"sm pkg\"}'::bpchar[])) AND (lineitem.l_quantity >= '6'::numeric) AND (lineitem.l_quantity <= '16'::numeric) AND (part.p_size <= 5)) OR ((part.p_brand = 'brand#11'::bpchar) AND (part.p_container = ANY ('{\"med bag\",\"med box\",\"med pkg\",\"med pack\"}'::bpchar[])) AND (lineitem.l_quantity >= '11'::numeric) AND (lineitem.l_quantity <= '21'::numeric) AND (part.p_size <= 10)) OR ((part.p_brand = 'brand#24'::bpchar) AND (part.p_container = ANY ('{\"lg case\",\"lg box\",\"lg pack\",\"lg pkg\"}'::bpchar[])) AND (lineitem.l_quantity >= '25'::numeric) AND (lineitem.l_quantity <= '35'::numeric) AND (part.p_size <= 15))))", "Rows Removed by Filter": 0, "Exact Heap Blocks": 0, "Lossy Heap Blocks": 0, "Plans": [{"Node Type": "Bitmap Index Scan", "Parent Relationship": "Outer", "Parallel Aware": false, "Index Name": "idx_lineitem_partkey_suppkey", "Startup Cost": 0.0, "Total Cost": 4.7, "Plan Rows": 35, "Plan Width": 0, "Actual Startup Time": 0.0, "Actual Total Time": 0.0, "Actual Rows": 0, "Actual Loops": 0, "Index Cond": "(lineitem.l_partkey = part.p_partkey)"}]}]}]}, "Planning Time": 3.459, "Triggers": [], "Execution Time": 60.61}]
q22#####[{"Plan": {"Node Type": "Aggregate", "Strategy": "Sorted", "Partial Mode": "Simple", "Parallel Aware": false, "Startup Cost": 16629.34, "Total Cost": 16636.41, "Plan Rows": 257, "Plan Width": 72, "Actual Startup Time": 249.951, "Actual Total Time": 249.958, "Actual Rows": 4, "Actual Loops": 1, "Output": ["(\"substring\"((customer.c_phone)::text, 1, 2))", "count(*)", "sum(customer.c_acctbal)"], "Group Key": ["(\"substring\"((customer.c_phone)::text, 1, 2))"], "Plans": [{"Node Type": "Aggregate", "Strategy": "Plain", "Partial Mode": "Simple", "Parent Relationship": "InitPlan", "Subplan Name": "InitPlan 1 (returns $0)", "Parallel Aware": false, "Startup Cost": 7534.57, "Total Cost": 7534.58, "Plan Rows": 1, "Plan Width": 32, "Actual Startup Time": 166.904, "Actual Total Time": 166.905, "Actual Rows": 1, "Actual Loops": 1, "Output": ["avg(customer_1.c_acctbal)"], "Plans": [{"Node Type": "Seq Scan", "Parent Relationship": "Outer", "Parallel Aware": false, "Relation Name": "customer", "Schema": "public", "Alias": "customer_1", "Startup Cost": 0.0, "Total Cost": 7522.5, "Plan Rows": 4827, "Plan Width": 6, "Actual Startup Time": 0.012, "Actual Total Time": 161.599, "Actual Rows": 38542, "Actual Loops": 1, "Output": ["customer_1.c_custkey", "customer_1.c_name", "customer_1.c_address", "customer_1.c_nationkey", "customer_1.c_phone", "customer_1.c_acctbal", "customer_1.c_mktsegment", "customer_1.c_comment"], "Filter": "((customer_1.c_acctbal > 0.00) AND (\"substring\"((customer_1.c_phone)::text, 1, 2) = ANY ('{12,15,26,24,16,25,34}'::text[])))", "Rows Removed by Filter": 111458}]}, {"Node Type": "Sort", "Parent Relationship": "Outer", "Parallel Aware": false, "Startup Cost": 9094.76, "Total Cost": 9095.4, "Plan Rows": 257, "Plan Width": 38, "Actual Startup Time": 249.942, "Actual Total Time": 249.943, "Actual Rows": 5, "Actual Loops": 1, "Output": ["(\"substring\"((customer.c_phone)::text, 1, 2))", "customer.c_acctbal"], "Sort Key": ["(\"substring\"((customer.c_phone)::text, 1, 2))"], "Sort Method": "quicksort", "Sort Space Used": 25, "Sort Space Type": "Memory", "Plans": [{"Node Type": "Nested Loop", "Parent Relationship": "Outer", "Parallel Aware": false, "Join Type": "Anti", "Startup Cost": 0.43, "Total Cost": 9084.47, "Plan Rows": 257, "Plan Width": 38, "Actual Startup Time": 180.165, "Actual Total Time": 249.89, "Actual Rows": 5, "Actual Loops": 1, "Output": ["\"substring\"((customer.c_phone)::text, 1, 2)", "customer.c_acctbal"], "Inner Unique": false, "Plans": [{"Node Type": "Seq Scan", "Parent Relationship": "Outer", "Parallel Aware": false, "Relation Name": "customer", "Schema": "public", "Alias": "customer", "Startup Cost": 0.0, "Total Cost": 7522.5, "Plan Rows": 1750, "Plan Width": 26, "Actual Startup Time": 167.661, "Actual Total Time": 218.503, "Actual Rows": 18614, "Actual Loops": 1, "Output": ["customer.c_custkey", "customer.c_name", "customer.c_address", "customer.c_nationkey", "customer.c_phone", "customer.c_acctbal", "customer.c_mktsegment", "customer.c_comment"], "Filter": "((customer.c_acctbal > $0) AND (\"substring\"((customer.c_phone)::text, 1, 2) = ANY ('{12,15,26,24,16,25,34}'::text[])))", "Rows Removed by Filter": 131386}, {"Node Type": "Index Only Scan", "Parent Relationship": "Inner", "Parallel Aware": false, "Scan Direction": "Forward", "Index Name": "idx_orders_custkey", "Relation Name": "orders", "Schema": "public", "Alias": "orders", "Startup Cost": 0.43, "Total Cost": 3.49, "Plan Rows": 12, "Plan Width": 4, "Actual Startup Time": 0.001, "Actual Total Time": 0.001, "Actual Rows": 1, "Actual Loops": 18614, "Output": ["orders.o_custkey"], "Index Cond": "(orders.o_custkey = customer.c_custkey)", "Rows Removed by Index Recheck": 0, "Heap Fetches": 0}]}]}]}, "Planning Time": 3.173, "Triggers": [], "Execution Time": 250.09}]
q3#####[{"Plan": {"Node Type": "Limit", "Parallel Aware": false, "Startup Cost": 5518.27, "Total Cost": 5518.29, "Plan Rows": 6, "Plan Width": 44, "Actual Startup Time": 37.716, "Actual Total Time": 37.718, "Actual Rows": 0, "Actual Loops": 1, "Output": ["lineitem.l_orderkey", "(sum((lineitem.l_extendedprice * ('1'::numeric - lineitem.l_discount))))", "orders.o_orderdate", "orders.o_shippriority"], "Plans": [{"Node Type": "Sort", "Parent Relationship": "Outer", "Parallel Aware": false, "Startup Cost": 5518.27, "Total Cost": 5518.29, "Plan Rows": 6, "Plan Width": 44, "Actual Startup Time": 37.715, "Actual Total Time": 37.717, "Actual Rows": 0, "Actual Loops": 1, "Output": ["lineitem.l_orderkey", "(sum((lineitem.l_extendedprice * ('1'::numeric - lineitem.l_discount))))", "orders.o_orderdate", "orders.o_shippriority"], "Sort Key": ["(sum((lineitem.l_extendedprice * ('1'::numeric - lineitem.l_discount)))) DESC", "orders.o_orderdate"], "Sort Method": "quicksort", "Sort Space Used": 25, "Sort Space Type": "Memory", "Plans": [{"Node Type": "Aggregate", "Strategy": "Sorted", "Partial Mode": "Simple", "Parent Relationship": "Outer", "Parallel Aware": false, "Startup Cost": 5518.02, "Total Cost": 5518.2, "Plan Rows": 6, "Plan Width": 44, "Actual Startup Time": 37.681, "Actual Total Time": 37.683, "Actual Rows": 0, "Actual Loops": 1, "Output": ["lineitem.l_orderkey", "sum((lineitem.l_extendedprice * ('1'::numeric - lineitem.l_discount)))", "orders.o_orderdate", "orders.o_shippriority"], "Group Key": ["lineitem.l_orderkey", "orders.o_orderdate", "orders.o_shippriority"], "Plans": [{"Node Type": "Sort", "Parent Relationship": "Outer", "Parallel Aware": false, "Startup Cost": 5518.02, "Total Cost": 5518.03, "Plan Rows": 6, "Plan Width": 24, "Actual Startup Time": 37.68, "Actual Total Time": 37.682, "Actual Rows": 0, "Actual Loops": 1, "Output": ["lineitem.l_orderkey", "orders.o_orderdate", "orders.o_shippriority", "lineitem.l_extendedprice", "lineitem.l_discount"], "Sort Key": ["lineitem.l_orderkey", "orders.o_orderdate", "orders.o_shippriority"], "Sort Method": "quicksort", "Sort Space Used": 25, "Sort Space Type": "Memory", "Plans": [{"Node Type": "Nested Loop", "Parent Relationship": "Outer", "Parallel Aware": false, "Join Type": "Inner", "Startup Cost": 4.95, "Total Cost": 5517.94, "Plan Rows": 6, "Plan Width": 24, "Actual Startup Time": 37.659, "Actual Total Time": 37.66, "Actual Rows": 0, "Actual Loops": 1, "Output": ["lineitem.l_orderkey", "orders.o_orderdate", "orders.o_shippriority", "lineitem.l_extendedprice", "lineitem.l_discount"], "Inner Unique": false, "Plans": [{"Node Type": "Nested Loop", "Parent Relationship": "Outer", "Parallel Aware": false, "Join Type": "Inner", "Startup Cost": 4.52, "Total Cost": 5511.99, "Plan Rows": 5, "Plan Width": 12, "Actual Startup Time": 37.658, "Actual Total Time": 37.659, "Actual Rows": 0, "Actual Loops": 1, "Output": ["orders.o_orderdate", "orders.o_shippriority", "orders.o_orderkey"], "Inner Unique": false, "Plans": [{"Node Type": "Seq Scan", "Parent Relationship": "Outer", "Parallel Aware": false, "Relation Name": "customer", "Schema": "public", "Alias": "customer", "Startup Cost": 0.0, "Total Cost": 5460.0, "Plan Rows": 1, "Plan Width": 4, "Actual Startup Time": 37.657, "Actual Total Time": 37.658, "Actual Rows": 0, "Actual Loops": 1, "Output": ["customer.c_custkey", "customer.c_name", "customer.c_address", "customer.c_nationkey", "customer.c_phone", "customer.c_acctbal", "customer.c_mktsegment", "customer.c_comment"], "Filter": "(customer.c_mktsegment = 'building'::bpchar)", "Rows Removed by Filter": 150000}, {"Node Type": "Bitmap Heap Scan", "Parent Relationship": "Inner", "Parallel Aware": false, "Relation Name": "orders", "Schema": "public", "Alias": "orders", "Startup Cost": 4.52, "Total Cost": 51.93, "Plan Rows": 6, "Plan Width": 16, "Actual Startup Time": 0.0, "Actual Total Time": 0.0, "Actual Rows": 0, "Actual Loops": 0, "Output": ["orders.o_orderkey", "orders.o_custkey", "orders.o_orderstatus", "orders.o_totalprice", "orders.o_orderdate", "orders.o_orderpriority", "orders.o_clerk", "orders.o_shippriority", "orders.o_comment"], "Recheck Cond": "(orders.o_custkey = customer.c_custkey)", "Rows Removed by Index Recheck": 0, "Filter": "(orders.o_orderdate < '1995-03-10'::date)", "Rows Removed by Filter": 0, "Exact Heap Blocks": 0, "Lossy Heap Blocks": 0, "Plans": [{"Node Type": "Bitmap Index Scan", "Parent Relationship": "Outer", "Parallel Aware": false, "Index Name": "idx_orders_custkey", "Startup Cost": 0.0, "Total Cost": 4.52, "Plan Rows": 12, "Plan Width": 0, "Actual Startup Time": 0.0, "Actual Total Time": 0.0, "Actual Rows": 0, "Actual Loops": 0, "Index Cond": "(orders.o_custkey = customer.c_custkey)"}]}]}, {"Node Type": "Index Scan", "Parent Relationship": "Inner", "Parallel Aware": false, "Scan Direction": "Forward", "Index Name": "idx_lineitem_orderkey", "Relation Name": "lineitem", "Schema": "public", "Alias": "lineitem", "Startup Cost": 0.43, "Total Cost": 1.18, "Plan Rows": 1, "Plan Width": 16, "Actual Startup Time": 0.0, "Actual Total Time": 0.0, "Actual Rows": 0, "Actual Loops": 0, "Output": ["lineitem.l_orderkey", "lineitem.l_partkey", "lineitem.l_suppkey", "lineitem.l_linenumber", "lineitem.l_quantity", "lineitem.l_extendedprice", "lineitem.l_discount", "lineitem.l_tax", "lineitem.l_returnflag", "lineitem.l_linestatus", "lineitem.l_shipdate", "lineitem.l_commitdate", "lineitem.l_receiptdate", "lineitem.l_shipinstruct", "lineitem.l_shipmode", "lineitem.l_comment"], "Index Cond": "(lineitem.l_orderkey = orders.o_orderkey)", "Rows Removed by Index Recheck": 0, "Filter": "(lineitem.l_shipdate > '1995-03-10'::date)", "Rows Removed by Filter": 0}]}]}]}]}]}, "Planning Time": 2.886, "Triggers": [], "Execution Time": 37.835}]
q8#####[{"Plan": {"Node Type": "Aggregate", "Strategy": "Sorted", "Partial Mode": "Simple", "Parallel Aware": false, "Startup Cost": 45447.15, "Total Cost": 45467.13, "Plan Rows": 444, "Plan Width": 40, "Actual Startup Time": 0.189, "Actual Total Time": 0.198, "Actual Rows": 0, "Actual Loops": 1, "Output": ["(date_part('year'::text, (orders.o_orderdate)::timestamp without time zone))", "(sum(CASE WHEN (n2.n_name = 'russia'::bpchar) THEN (lineitem.l_extendedprice * ('1'::numeric - lineitem.l_discount)) ELSE '0'::numeric END) / sum((lineitem.l_extendedprice * ('1'::numeric - lineitem.l_discount))))"], "Group Key": ["(date_part('year'::text, (orders.o_orderdate)::timestamp without time zone))"], "Plans": [{"Node Type": "Sort", "Parent Relationship": "Outer", "Parallel Aware": false, "Startup Cost": 45447.15, "Total Cost": 45448.26, "Plan Rows": 444, "Plan Width": 49, "Actual Startup Time": 0.188, "Actual Total Time": 0.196, "Actual Rows": 0, "Actual Loops": 1, "Output": ["(date_part('year'::text, (orders.o_orderdate)::timestamp without time zone))", "n2.n_name", "lineitem.l_extendedprice", "lineitem.l_discount"], "Sort Key": ["(date_part('year'::text, (orders.o_orderdate)::timestamp without time zone))"], "Sort Method": "quicksort", "Sort Space Used": 25, "Sort Space Type": "Memory", "Plans": [{"Node Type": "Hash Join", "Parent Relationship": "Outer", "Parallel Aware": false, "Join Type": "Inner", "Startup Cost": 6652.44, "Total Cost": 45427.62, "Plan Rows": 444, "Plan Width": 49, "Actual Startup Time": 0.135, "Actual Total Time": 0.143, "Actual Rows": 0, "Actual Loops": 1, "Output": ["date_part('year'::text, (orders.o_orderdate)::timestamp without time zone)", "n2.n_name", "lineitem.l_extendedprice", "lineitem.l_discount"], "Inner Unique": false, "Hash Cond": "(supplier.s_nationkey = n2.n_nationkey)", "Plans": [{"Node Type": "Nested Loop", "Parent Relationship": "Outer", "Parallel Aware": false, "Join Type": "Inner", "Startup Cost": 6630.97, "Total Cost": 45387.96, "Plan Rows": 174, "Plan Width": 20, "Actual Startup Time": 0.043, "Actual Total Time": 0.051, "Actual Rows": 0, "Actual Loops": 1, "Output": ["lineitem.l_extendedprice", "lineitem.l_discount", "supplier.s_nationkey", "orders.o_orderdate"], "Inner Unique": false, "Plans": [{"Node Type": "Hash Join", "Parent Relationship": "Outer", "Parallel Aware": false, "Join Type": "Inner", "Startup Cost": 6630.68, "Total Cost": 45333.56, "Plan Rows": 174, "Plan Width": 20, "Actual Startup Time": 0.043, "Actual Total Time": 0.05, "Actual Rows": 0, "Actual Loops": 1, "Output": ["lineitem.l_extendedprice", "lineitem.l_discount", "lineitem.l_suppkey", "orders.o_orderdate"], "Inner Unique": false, "Hash Cond": "(lineitem.l_partkey = part.p_partkey)", "Plans": [{"Node Type": "Nested Loop", "Parent Relationship": "Outer", "Parallel Aware": false, "Join Type": "Inner", "Startup Cost": 17.69, "Total Cost": 38582.66, "Plan Rows": 36312, "Plan Width": 24, "Actual Startup Time": 0.042, "Actual Total Time": 0.049, "Actual Rows": 0, "Actual Loops": 1, "Output": ["lineitem.l_extendedprice", "lineitem.l_discount", "lineitem.l_partkey", "lineitem.l_suppkey", "orders.o_orderdate"], "Inner Unique": false, "Plans": [{"Node Type": "Nested Loop", "Parent Relationship": "Outer", "Parallel Aware": false, "Join Type": "Inner", "Startup Cost": 17.26, "Total Cost": 10146.46, "Plan Rows": 17233, "Plan Width": 8, "Actual Startup Time": 0.042, "Actual Total Time": 0.048, "Actual Rows": 0, "Actual Loops": 1, "Output": ["orders.o_orderdate", "orders.o_orderkey"], "Inner Unique": false, "Plans": [{"Node Type": "Nested Loop", "Parent Relationship": "Outer", "Parallel Aware": false, "Join Type": "Inner", "Startup Cost": 16.83, "Total Cost": 1589.15, "Plan Rows": 5738, "Plan Width": 4, "Actual Startup Time": 0.042, "Actual Total Time": 0.048, "Actual Rows": 0, "Actual Loops": 1, "Output": ["customer.c_custkey"], "Inner Unique": false, "Plans": [{"Node Type": "Hash Join", "Parent Relationship": "Outer", "Parallel Aware": false, "Join Type": "Inner", "Startup Cost": 16.54, "Total Cost": 33.63, "Plan Rows": 8, "Plan Width": 4, "Actual Startup Time": 0.042, "Actual Total Time": 0.047, "Actual Rows": 0, "Actual Loops": 1, "Output": ["n1.n_nationkey"], "Inner Unique": false, "Hash Cond": "(n1.n_regionkey = region.r_regionkey)", "Plans": [{"Node Type": "Seq Scan", "Parent Relationship": "Outer", "Parallel Aware": false, "Relation Name": "nation", "Schema": "public", "Alias": "n1", "Startup Cost": 0.0, "Total Cost": 15.1, "Plan Rows": 510, "Plan Width": 8, "Actual Startup Time": 0.004, "Actual Total Time": 0.005, "Actual Rows": 1, "Actual Loops": 1, "Output": ["n1.n_nationkey", "n1.n_name", "n1.n_regionkey", "n1.n_comment"]}, {"Node Type": "Hash", "Parent Relationship": "Inner", "Parallel Aware": false, "Startup Cost": 16.5, "Total Cost": 16.5, "Plan Rows": 3, "Plan Width": 4, "Actual Startup Time": 0.008, "Actual Total Time": 0.013, "Actual Rows": 0, "Actual Loops": 1, "Output": ["region.r_regionkey"], "Hash Buckets": 1024, "Original Hash Buckets": 1024, "Hash Batches": 1, "Original Hash Batches": 1, "Peak Memory Usage": 8, "Plans": [{"Node Type": "Seq Scan", "Parent Relationship": "Outer", "Parallel Aware": false, "Relation Name": "region", "Schema": "public", "Alias": "region", "Startup Cost": 0.0, "Total Cost": 16.5, "Plan Rows": 3, "Plan Width": 4, "Actual Startup Time": 0.008, "Actual Total Time": 0.008, "Actual Rows": 0, "Actual Loops": 1, "Output": ["region.r_regionkey"], "Filter": "(region.r_name = 'europe'::bpchar)", "Rows Removed by Filter": 5}]}]}, {"Node Type": "Index Scan", "Parent Relationship": "Inner", "Parallel Aware": false, "Scan Direction": "Forward", "Index Name": "idx_customer_nationkey", "Relation Name": "customer", "Schema": "public", "Alias": "customer", "Startup Cost": 0.29, "Total Cost": 134.44, "Plan Rows": 6000, "Plan Width": 8, "Actual Startup Time": 0.0, "Actual Total Time": 0.0, "Actual Rows": 0, "Actual Loops": 0, "Output": ["customer.c_custkey", "customer.c_name", "customer.c_address", "customer.c_nationkey", "customer.c_phone", "customer.c_acctbal", "customer.c_mktsegment", "customer.c_comment"], "Index Cond": "(customer.c_nationkey = n1.n_nationkey)", "Rows Removed by Index Recheck": 0}]}, {"Node Type": "Index Scan", "Parent Relationship": "Inner", "Parallel Aware": false, "Scan Direction": "Forward", "Index Name": "idx_orders_custkey", "Relation Name": "orders", "Schema": "public", "Alias": "orders", "Startup Cost": 0.43, "Total Cost": 1.45, "Plan Rows": 4, "Plan Width": 12, "Actual Startup Time": 0.0, "Actual Total Time": 0.0, "Actual Rows": 0, "Actual Loops": 0, "Output": ["orders.o_orderkey", "orders.o_custkey", "orders.o_orderstatus", "orders.o_totalprice", "orders.o_orderdate", "orders.o_orderpriority", "orders.o_clerk", "orders.o_shippriority", "orders.o_comment"], "Index Cond": "(orders.o_custkey = customer.c_custkey)", "Rows Removed by Index Recheck": 0, "Filter": "((orders.o_orderdate >= '1995-01-01'::date) AND (orders.o_orderdate <= '1996-12-31'::date))", "Rows Removed by Filter": 0}]}, {"Node Type": "Index Scan", "Parent Relationship": "Inner", "Parallel Aware": false, "Scan Direction": "Forward", "Index Name": "idx_lineitem_orderkey", "Relation Name": "lineitem", "Schema": "public", "Alias": "lineitem", "Startup Cost": 0.43, "Total Cost": 1.63, "Plan Rows": 2, "Plan Width": 24, "Actual Startup Time": 0.0, "Actual Total Time": 0.0, "Actual Rows": 0, "Actual Loops": 0, "Output": ["lineitem.l_orderkey", "lineitem.l_partkey", "lineitem.l_suppkey", "lineitem.l_linenumber", "lineitem.l_quantity", "lineitem.l_extendedprice", "lineitem.l_discount", "lineitem.l_tax", "lineitem.l_returnflag", "lineitem.l_linestatus", "lineitem.l_shipdate", "lineitem.l_commitdate", "lineitem.l_receiptdate", "lineitem.l_shipinstruct", "lineitem.l_shipmode", "lineitem.l_comment"], "Index Cond": "(lineitem.l_orderkey = orders.o_orderkey)", "Rows Removed by Index Recheck": 0}]}, {"Node Type": "Hash", "Parent Relationship": "Inner", "Parallel Aware": false, "Startup Cost": 6601.0, "Total Cost": 6601.0, "Plan Rows": 959, "Plan Width": 4, "Actual Startup Time": 0.0, "Actual Total Time": 0.0, "Actual Rows": 0, "Actual Loops": 0, "Output": ["part.p_partkey"], "Plans": [{"Node Type": "Seq Scan", "Parent Relationship": "Outer", "Parallel Aware": false, "Relation Name": "part", "Schema": "public", "Alias": "part", "Startup Cost": 0.0, "Total Cost": 6601.0, "Plan Rows": 959, "Plan Width": 4, "Actual Startup Time": 0.0, "Actual Total Time": 0.0, "Actual Rows": 0, "Actual Loops": 0, "Output": ["part.p_partkey"], "Filter": "((part.p_type)::text = 'economy brushed brass'::text)", "Rows Removed by Filter": 0}]}]}, {"Node Type": "Index Scan", "Parent Relationship": "Inner", "Parallel Aware": false, "Scan Direction": "Forward", "Index Name": "idx_supplier_suppkey", "Relation Name": "supplier", "Schema": "public", "Alias": "supplier", "Startup Cost": 0.29, "Total Cost": 0.3, "Plan Rows": 1, "Plan Width": 8, "Actual Startup Time": 0.0, "Actual Total Time": 0.0, "Actual Rows": 0, "Actual Loops": 0, "Output": ["supplier.s_suppkey", "supplier.s_name", "supplier.s_address", "supplier.s_nationkey", "supplier.s_phone", "supplier.s_acctbal", "supplier.s_comment"], "Index Cond": "(supplier.s_suppkey = lineitem.l_suppkey)", "Rows Removed by Index Recheck": 0}]}, {"Node Type": "Hash", "Parent Relationship": "Inner", "Parallel Aware": false, "Startup Cost": 15.1, "Total Cost": 15.1, "Plan Rows": 510, "Plan Width": 33, "Actual Startup Time": 0.04, "Actual Total Time": 0.04, "Actual Rows": 25, "Actual Loops": 1, "Output": ["n2.n_name", "n2.n_nationkey"], "Hash Buckets": 1024, "Original Hash Buckets": 1024, "Hash Batches": 1, "Original Hash Batches": 1, "Peak Memory Usage": 10, "Plans": [{"Node Type": "Seq Scan", "Parent Relationship": "Outer", "Parallel Aware": false, "Relation Name": "nation", "Schema": "public", "Alias": "n2", "Startup Cost": 0.0, "Total Cost": 15.1, "Plan Rows": 510, "Plan Width": 33, "Actual Startup Time": 0.019, "Actual Total Time": 0.025, "Actual Rows": 25, "Actual Loops": 1, "Output": ["n2.n_name", "n2.n_nationkey"]}]}]}]}]}, "Planning Time": 5.156, "Triggers": [], "Execution Time": 0.538}]
q17#####[{"Plan": {"Node Type": "Aggregate", "Strategy": "Plain", "Partial Mode": "Simple", "Parallel Aware": false, "Startup Cost": 12264.99, "Total Cost": 12265.0, "Plan Rows": 1, "Plan Width": 32, "Actual Startup Time": 46.494, "Actual Total Time": 46.497, "Actual Rows": 1, "Actual Loops": 1, "Output": ["(sum(lineitem.l_extendedprice) / 7.0)"], "Plans": [{"Node Type": "Nested Loop", "Parent Relationship": "Outer", "Parallel Aware": false, "Join Type": "Inner", "Startup Cost": 0.43, "Total Cost": 12264.96, "Plan Rows": 10, "Plan Width": 8, "Actual Startup Time": 46.491, "Actual Total Time": 46.493, "Actual Rows": 0, "Actual Loops": 1, "Output": ["lineitem.l_extendedprice"], "Inner Unique": false, "Plans": [{"Node Type": "Seq Scan", "Parent Relationship": "Outer", "Parallel Aware": false, "Relation Name": "part", "Schema": "public", "Alias": "part", "Startup Cost": 0.0, "Total Cost": 7101.0, "Plan Rows": 1, "Plan Width": 4, "Actual Startup Time": 46.49, "Actual Total Time": 46.49, "Actual Rows": 0, "Actual Loops": 1, "Output": ["part.p_partkey", "part.p_name", "part.p_mfgr", "part.p_brand", "part.p_type", "part.p_size", "part.p_container", "part.p_retailprice", "part.p_comment"], "Filter": "((part.p_brand = 'brand#31'::bpchar) AND (part.p_container = 'lg jar'::bpchar))", "Rows Removed by Filter": 200000}, {"Node Type": "Index Scan", "Parent Relationship": "Inner", "Parallel Aware": false, "Scan Direction": "Forward", "Index Name": "idx_lineitem_partkey_suppkey", "Relation Name": "lineitem", "Schema": "public", "Alias": "lineitem", "Startup Cost": 0.43, "Total Cost": 5163.84, "Plan Rows": 12, "Plan Width": 16, "Actual Startup Time": 0.0, "Actual Total Time": 0.0, "Actual Rows": 0, "Actual Loops": 0, "Output": ["lineitem.l_orderkey", "lineitem.l_partkey", "lineitem.l_suppkey", "lineitem.l_linenumber", "lineitem.l_quantity", "lineitem.l_extendedprice", "lineitem.l_discount", "lineitem.l_tax", "lineitem.l_returnflag", "lineitem.l_linestatus", "lineitem.l_shipdate", "lineitem.l_commitdate", "lineitem.l_receiptdate", "lineitem.l_shipinstruct", "lineitem.l_shipmode", "lineitem.l_comment"], "Index Cond": "(lineitem.l_partkey = part.p_partkey)", "Rows Removed by Index Recheck": 0, "Filter": "(lineitem.l_quantity < (SubPlan 1))", "Rows Removed by Filter": 0, "Plans": [{"Node Type": "Aggregate", "Strategy": "Plain", "Partial Mode": "Simple", "Parent Relationship": "SubPlan", "Subplan Name": "SubPlan 1", "Parallel Aware": false, "Startup Cost": 143.38, "Total Cost": 143.39, "Plan Rows": 1, "Plan Width": 32, "Actual Startup Time": 0.0, "Actual Total Time": 0.0, "Actual Rows": 0, "Actual Loops": 0, "Output": ["(0.2 * avg(lineitem_1.l_quantity))"], "Plans": [{"Node Type": "Bitmap Heap Scan", "Parent Relationship": "Outer", "Parallel Aware": false, "Relation Name": "lineitem", "Schema": "public", "Alias": "lineitem_1", "Startup Cost": 4.7, "Total Cost": 143.29, "Plan Rows": 35, "Plan Width": 4, "Actual Startup Time": 0.0, "Actual Total Time": 0.0, "Actual Rows": 0, "Actual Loops": 0, "Output": ["lineitem_1.l_orderkey", "lineitem_1.l_partkey", "lineitem_1.l_suppkey", "lineitem_1.l_linenumber", "lineitem_1.l_quantity", "lineitem_1.l_extendedprice", "lineitem_1.l_discount", "lineitem_1.l_tax", "lineitem_1.l_returnflag", "lineitem_1.l_linestatus", "lineitem_1.l_shipdate", "lineitem_1.l_commitdate", "lineitem_1.l_receiptdate", "lineitem_1.l_shipinstruct", "lineitem_1.l_shipmode", "lineitem_1.l_comment"], "Recheck Cond": "(lineitem_1.l_partkey = part.p_partkey)", "Rows Removed by Index Recheck": 0, "Exact Heap Blocks": 0, "Lossy Heap Blocks": 0, "Plans": [{"Node Type": "Bitmap Index Scan", "Parent Relationship": "Outer", "Parallel Aware": false, "Index Name": "idx_lineitem_partkey_suppkey", "Startup Cost": 0.0, "Total Cost": 4.7, "Plan Rows": 35, "Plan Width": 0, "Actual Startup Time": 0.0, "Actual Total Time": 0.0, "Actual Rows": 0, "Actual Loops": 0, "Index Cond": "(lineitem_1.l_partkey = part.p_partkey)"}]}]}]}]}]}, "Planning Time": 2.082, "Triggers": [], "Execution Time": 46.672}]
q16#####[{"Plan": {"Node Type": "Sort", "Parallel Aware": false, "Startup Cost": 42734.67, "Total Cost": 42773.3, "Plan Rows": 15454, "Plan Width": 44, "Actual Startup Time": 522.189, "Actual Total Time": 522.888, "Actual Rows": 16216, "Actual Loops": 1, "Output": ["part.p_brand", "part.p_type", "part.p_size", "(count(DISTINCT partsupp.ps_suppkey))"], "Sort Key": ["(count(DISTINCT partsupp.ps_suppkey)) DESC", "part.p_brand", "part.p_type", "part.p_size"], "Sort Method": "quicksort", "Sort Space Used": 1667, "Sort Space Type": "Memory", "Plans": [{"Node Type": "Aggregate", "Strategy": "Sorted", "Partial Mode": "Simple", "Parent Relationship": "Outer", "Parallel Aware": false, "Startup Cost": 40816.41, "Total Cost": 41659.4, "Plan Rows": 15454, "Plan Width": 44, "Actual Startup Time": 457.544, "Actual Total Time": 507.459, "Actual Rows": 16216, "Actual Loops": 1, "Output": ["part.p_brand", "part.p_type", "part.p_size", "count(DISTINCT partsupp.ps_suppkey)"], "Group Key": ["part.p_brand", "part.p_type", "part.p_size"], "Plans": [{"Node Type": "Sort", "Parent Relationship": "Outer", "Parallel Aware": false, "Startup Cost": 40816.41, "Total Cost": 40954.1, "Plan Rows": 55076, "Plan Width": 40, "Actual Startup Time": 457.522, "Actual Total Time": 467.512, "Actual Rows": 112770, "Actual Loops": 1, "Output": ["part.p_brand", "part.p_type", "part.p_size", "partsupp.ps_suppkey"], "Sort Key": ["part.p_brand", "part.p_type", "part.p_size"], "Sort Method": "quicksort", "Sort Space Used": 11883, "Sort Space Type": "Memory", "Plans": [{"Node Type": "Hash Join", "Parent Relationship": "Outer", "Parallel Aware": false, "Join Type": "Inner", "Startup Cost": 9792.65, "Total Cost": 36479.41, "Plan Rows": 55076, "Plan Width": 40, "Actual Startup Time": 76.181, "Actual Total Time": 317.11, "Actual Rows": 112770, "Actual Loops": 1, "Output": ["part.p_brand", "part.p_type", "part.p_size", "partsupp.ps_suppkey"], "Inner Unique": false, "Hash Cond": "(partsupp.ps_partkey = part.p_partkey)", "Plans": [{"Node Type": "Index Only Scan", "Parent Relationship": "Outer", "Parallel Aware": false, "Scan Direction": "Forward", "Index Name": "idx_partsupp_partkey_suppkey", "Relation Name": "partsupp", "Schema": "public", "Alias": "partsupp", "Startup Cost": 347.43, "Total Cost": 24983.43, "Plan Rows": 400000, "Plan Width": 8, "Actual Startup Time": 7.596, "Actual Total Time": 136.208, "Actual Rows": 800000, "Actual Loops": 1, "Output": ["partsupp.ps_partkey", "partsupp.ps_suppkey"], "Filter": "(NOT (hashed SubPlan 1))", "Rows Removed by Filter": 0, "Heap Fetches": 0, "Plans": [{"Node Type": "Seq Scan", "Parent Relationship": "SubPlan", "Subplan Name": "SubPlan 1", "Parallel Aware": false, "Relation Name": "supplier", "Schema": "public", "Alias": "supplier", "Startup Cost": 0.0, "Total Cost": 347.0, "Plan Rows": 1, "Plan Width": 4, "Actual Startup Time": 7.491, "Actual Total Time": 7.491, "Actual Rows": 0, "Actual Loops": 1, "Output": ["supplier.s_suppkey"], "Filter": "((supplier.s_comment)::text ~~ '%customer%complaints%'::text)", "Rows Removed by Filter": 10000}]}, {"Node Type": "Hash", "Parent Relationship": "Inner", "Parallel Aware": false, "Startup Cost": 9101.0, "Total Cost": 9101.0, "Plan Rows": 27538, "Plan Width": 40, "Actual Startup Time": 68.336, "Actual Total Time": 68.338, "Actual Rows": 28212, "Actual Loops": 1, "Output": ["part.p_brand", "part.p_type", "part.p_size", "part.p_partkey"], "Hash Buckets": 32768, "Original Hash Buckets": 32768, "Hash Batches": 1, "Original Hash Batches": 1, "Peak Memory Usage": 2302, "Plans": [{"Node Type": "Seq Scan", "Parent Relationship": "Outer", "Parallel Aware": false, "Relation Name": "part", "Schema": "public", "Alias": "part", "Startup Cost": 0.0, "Total Cost": 9101.0, "Plan Rows": 27538, "Plan Width": 40, "Actual Startup Time": 0.027, "Actual Total Time": 61.012, "Actual Rows": 28212, "Actual Loops": 1, "Output": ["part.p_brand", "part.p_type", "part.p_size", "part.p_partkey"], "Filter": "((part.p_brand <> 'brand#33'::bpchar) AND ((part.p_type)::text !~~ 'standard anodized%'::text) AND (part.p_size = ANY ('{15,50,4,8,14,34,29,13}'::integer[])))", "Rows Removed by Filter": 171788}]}]}]}]}]}, "Planning Time": 2.424, "Triggers": [], "Execution Time": 524.138}]
q5#####[{"Plan": {"Node Type": "Sort", "Parallel Aware": false, "Startup Cost": 34933.5, "Total Cost": 34934.0, "Plan Rows": 200, "Plan Width": 61, "Actual Startup Time": 0.123, "Actual Total Time": 0.128, "Actual Rows": 0, "Actual Loops": 1, "Output": ["nation.n_name", "(sum((lineitem.l_extendedprice * ('1'::numeric - lineitem.l_discount))))"], "Sort Key": ["(sum((lineitem.l_extendedprice * ('1'::numeric - lineitem.l_discount)))) DESC"], "Sort Method": "quicksort", "Sort Space Used": 25, "Sort Space Type": "Memory", "Plans": [{"Node Type": "Aggregate", "Strategy": "Sorted", "Partial Mode": "Simple", "Parent Relationship": "Outer", "Parallel Aware": false, "Startup Cost": 34913.32, "Total Cost": 34925.86, "Plan Rows": 200, "Plan Width": 61, "Actual Startup Time": 0.087, "Actual Total Time": 0.091, "Actual Rows": 0, "Actual Loops": 1, "Output": ["nation.n_name", "sum((lineitem.l_extendedprice * ('1'::numeric - lineitem.l_discount)))"], "Group Key": ["nation.n_name"], "Plans": [{"Node Type": "Sort", "Parent Relationship": "Outer", "Parallel Aware": false, "Startup Cost": 34913.32, "Total Cost": 34915.33, "Plan Rows": 803, "Plan Width": 41, "Actual Startup Time": 0.086, "Actual Total Time": 0.09, "Actual Rows": 0, "Actual Loops": 1, "Output": ["nation.n_name", "lineitem.l_extendedprice", "lineitem.l_discount"], "Sort Key": ["nation.n_name"], "Sort Method": "quicksort", "Sort Space Used": 25, "Sort Space Type": "Memory", "Plans": [{"Node Type": "Hash Join", "Parent Relationship": "Outer", "Parallel Aware": false, "Join Type": "Inner", "Startup Cost": 473.3, "Total Cost": 34874.58, "Plan Rows": 803, "Plan Width": 41, "Actual Startup Time": 0.051, "Actual Total Time": 0.055, "Actual Rows": 0, "Actual Loops": 1, "Output": ["nation.n_name", "lineitem.l_extendedprice", "lineitem.l_discount"], "Inner Unique": false, "Hash Cond": "((lineitem.l_suppkey = supplier.s_suppkey) AND (customer.c_nationkey = supplier.s_nationkey))", "Plans": [{"Node Type": "Nested Loop", "Parent Relationship": "Outer", "Parallel Aware": false, "Join Type": "Inner", "Startup Cost": 1.3, "Total Cost": 34260.6, "Plan Rows": 17860, "Plan Width": 53, "Actual Startup Time": 0.051, "Actual Total Time": 0.052, "Actual Rows": 0, "Actual Loops": 1, "Output": ["customer.c_nationkey", "lineitem.l_extendedprice", "lineitem.l_discount", "lineitem.l_suppkey", "nation.n_name", "nation.n_nationkey"], "Inner Unique": false, "Plans": [{"Node Type": "Nested Loop", "Parent Relationship": "Outer", "Parallel Aware": false, "Join Type": "Inner", "Startup Cost": 0.87, "Total Cost": 10093.32, "Plan Rows": 8476, "Plan Width": 41, "Actual Startup Time": 0.051, "Actual Total Time": 0.052, "Actual Rows": 0, "Actual Loops": 1, "Output": ["customer.c_nationkey", "orders.o_orderkey", "nation.n_name", "nation.n_nationkey"], "Inner Unique": false, "Plans": [{"Node Type": "Nested Loop", "Parent Relationship": "Outer", "Parallel Aware": false, "Join Type": "Inner", "Startup Cost": 0.44, "Total Cost": 1650.78, "Plan Rows": 5738, "Plan Width": 41, "Actual Startup Time": 0.05, "Actual Total Time": 0.051, "Actual Rows": 0, "Actual Loops": 1, "Output": ["customer.c_custkey", "customer.c_nationkey", "nation.n_name", "nation.n_nationkey"], "Inner Unique": false, "Plans": [{"Node Type": "Nested Loop", "Parent Relationship": "Outer", "Parallel Aware": false, "Join Type": "Inner", "Startup Cost": 0.15, "Total Cost": 95.25, "Plan Rows": 8, "Plan Width": 33, "Actual Startup Time": 0.05, "Actual Total Time": 0.051, "Actual Rows": 0, "Actual Loops": 1, "Output": ["nation.n_name", "nation.n_nationkey"], "Inner Unique": false, "Join Filter": "(nation.n_regionkey = region.r_regionkey)", "Rows Removed by Join Filter": 0, "Plans": [{"Node Type": "Index Scan", "Parent Relationship": "Outer", "Parallel Aware": false, "Scan Direction": "Forward", "Index Name": "idx_nation_nationkey", "Relation Name": "nation", "Schema": "public", "Alias": "nation", "Startup Cost": 0.15, "Total Cost": 55.8, "Plan Rows": 510, "Plan Width": 37, "Actual Startup Time": 0.018, "Actual Total Time": 0.025, "Actual Rows": 25, "Actual Loops": 1, "Output": ["nation.n_nationkey", "nation.n_name", "nation.n_regionkey", "nation.n_comment"]}, {"Node Type": "Materialize", "Parent Relationship": "Inner", "Parallel Aware": false, "Startup Cost": 0.0, "Total Cost": 16.52, "Plan Rows": 3, "Plan Width": 4, "Actual Startup Time": 0.001, "Actual Total Time": 0.001, "Actual Rows": 0, "Actual Loops": 25, "Output": ["region.r_regionkey"], "Plans": [{"Node Type": "Seq Scan", "Parent Relationship": "Outer", "Parallel Aware": false, "Relation Name": "region", "Schema": "public", "Alias": "region", "Startup Cost": 0.0, "Total Cost": 16.5, "Plan Rows": 3, "Plan Width": 4, "Actual Startup Time": 0.015, "Actual Total Time": 0.015, "Actual Rows": 0, "Actual Loops": 1, "Output": ["region.r_regionkey"], "Filter": "(region.r_name = 'africa'::bpchar)", "Rows Removed by Filter": 5}]}]}, {"Node Type": "Index Scan", "Parent Relationship": "Inner", "Parallel Aware": false, "Scan Direction": "Forward", "Index Name": "idx_customer_nationkey", "Relation Name": "customer", "Schema": "public", "Alias": "customer", "Startup Cost": 0.29, "Total Cost": 134.44, "Plan Rows": 6000, "Plan Width": 8, "Actual Startup Time": 0.0, "Actual Total Time": 0.0, "Actual Rows": 0, "Actual Loops": 0, "Output": ["customer.c_custkey", "customer.c_name", "customer.c_address", "customer.c_nationkey", "customer.c_phone", "customer.c_acctbal", "customer.c_mktsegment", "customer.c_comment"], "Index Cond": "(customer.c_nationkey = nation.n_nationkey)", "Rows Removed by Index Recheck": 0}]}, {"Node Type": "Index Scan", "Parent Relationship": "Inner", "Parallel Aware": false, "Scan Direction": "Forward", "Index Name": "idx_orders_custkey", "Relation Name": "orders", "Schema": "public", "Alias": "orders", "Startup Cost": 0.43, "Total Cost": 1.45, "Plan Rows": 2, "Plan Width": 8, "Actual Startup Time": 0.0, "Actual Total Time": 0.0, "Actual Rows": 0, "Actual Loops": 0, "Output": ["orders.o_orderkey", "orders.o_custkey", "orders.o_orderstatus", "orders.o_totalprice", "orders.o_orderdate", "orders.o_orderpriority", "orders.o_clerk", "orders.o_shippriority", "orders.o_comment"], "Index Cond": "(orders.o_custkey = customer.c_custkey)", "Rows Removed by Index Recheck": 0, "Filter": "((orders.o_orderdate >= '1994-01-01'::date) AND (orders.o_orderdate < '1995-01-01 00:00:00'::timestamp without time zone))", "Rows Removed by Filter": 0}]}, {"Node Type": "Index Scan", "Parent Relationship": "Inner", "Parallel Aware": false, "Scan Direction": "Forward", "Index Name": "idx_lineitem_orderkey", "Relation Name": "lineitem", "Schema": "public", "Alias": "lineitem", "Startup Cost": 0.43, "Total Cost": 2.83, "Plan Rows": 2, "Plan Width": 20, "Actual Startup Time": 0.0, "Actual Total Time": 0.0, "Actual Rows": 0, "Actual Loops": 0, "Output": ["lineitem.l_orderkey", "lineitem.l_partkey", "lineitem.l_suppkey", "lineitem.l_linenumber", "lineitem.l_quantity", "lineitem.l_extendedprice", "lineitem.l_discount", "lineitem.l_tax", "lineitem.l_returnflag", "lineitem.l_linestatus", "lineitem.l_shipdate", "lineitem.l_commitdate", "lineitem.l_receiptdate", "lineitem.l_shipinstruct", "lineitem.l_shipmode", "lineitem.l_comment"], "Index Cond": "(lineitem.l_orderkey = orders.o_orderkey)", "Rows Removed by Index Recheck": 0}]}, {"Node Type": "Hash", "Parent Relationship": "Inner", "Parallel Aware": false, "Startup Cost": 322.0, "Total Cost": 322.0, "Plan Rows": 10000, "Plan Width": 8, "Actual Startup Time": 0.0, "Actual Total Time": 0.0, "Actual Rows": 0, "Actual Loops": 0, "Output": ["supplier.s_suppkey", "supplier.s_nationkey"], "Plans": [{"Node Type": "Seq Scan", "Parent Relationship": "Outer", "Parallel Aware": false, "Relation Name": "supplier", "Schema": "public", "Alias": "supplier", "Startup Cost": 0.0, "Total Cost": 322.0, "Plan Rows": 10000, "Plan Width": 8, "Actual Startup Time": 0.0, "Actual Total Time": 0.0, "Actual Rows": 0, "Actual Loops": 0, "Output": ["supplier.s_suppkey", "supplier.s_nationkey"]}]}]}]}]}]}, "Planning Time": 3.99, "Triggers": [], "Execution Time": 0.266}]
q11#####[{"Plan": {"Node Type": "Sort", "Parallel Aware": false, "Startup Cost": 4514.02, "Total Cost": 4524.02, "Plan Rows": 4000, "Plan Width": 36, "Actual Startup Time": 0.155, "Actual Total Time": 0.157, "Actual Rows": 0, "Actual Loops": 1, "Output": ["partsupp.ps_partkey", "(sum((partsupp.ps_supplycost * (partsupp.ps_availqty)::numeric)))"], "Sort Key": ["(sum((partsupp.ps_supplycost * (partsupp.ps_availqty)::numeric))) DESC"], "Sort Method": "quicksort", "Sort Space Used": 25, "Sort Space Type": "Memory", "Plans": [{"Node Type": "Aggregate", "Strategy": "Plain", "Partial Mode": "Simple", "Parent Relationship": "InitPlan", "Subplan Name": "InitPlan 1 (returns $1)", "Parallel Aware": false, "Startup Cost": 1972.35, "Total Cost": 1972.36, "Plan Rows": 1, "Plan Width": 32, "Actual Startup Time": 0.0, "Actual Total Time": 0.0, "Actual Rows": 0, "Actual Loops": 0, "Output": ["(sum((partsupp_1.ps_supplycost * (partsupp_1.ps_availqty)::numeric)) * 0.0001000000)"], "Plans": [{"Node Type": "Nested Loop", "Parent Relationship": "Outer", "Parallel Aware": false, "Join Type": "Inner", "Startup Cost": 16.84, "Total Cost": 1882.35, "Plan Rows": 12000, "Plan Width": 10, "Actual Startup Time": 0.0, "Actual Total Time": 0.0, "Actual Rows": 0, "Actual Loops": 0, "Output": ["partsupp_1.ps_supplycost", "partsupp_1.ps_availqty"], "Inner Unique": false, "Plans": [{"Node Type": "Hash Join", "Parent Relationship": "Outer", "Parallel Aware": false, "Join Type": "Inner", "Startup Cost": 16.41, "Total Cost": 377.41, "Plan Rows": 150, "Plan Width": 4, "Actual Startup Time": 0.0, "Actual Total Time": 0.0, "Actual Rows": 0, "Actual Loops": 0, "Output": ["supplier_1.s_suppkey"], "Inner Unique": false, "Hash Cond": "(supplier_1.s_nationkey = nation_1.n_nationkey)", "Plans": [{"Node Type": "Seq Scan", "Parent Relationship": "Outer", "Parallel Aware": false, "Relation Name": "supplier", "Schema": "public", "Alias": "supplier_1", "Startup Cost": 0.0, "Total Cost": 322.0, "Plan Rows": 10000, "Plan Width": 8, "Actual Startup Time": 0.0, "Actual Total Time": 0.0, "Actual Rows": 0, "Actual Loops": 0, "Output": ["supplier_1.s_suppkey", "supplier_1.s_name", "supplier_1.s_address", "supplier_1.s_nationkey", "supplier_1.s_phone", "supplier_1.s_acctbal", "supplier_1.s_comment"]}, {"Node Type": "Hash", "Parent Relationship": "Inner", "Parallel Aware": false, "Startup Cost": 16.38, "Total Cost": 16.38, "Plan Rows": 3, "Plan Width": 4, "Actual Startup Time": 0.0, "Actual Total Time": 0.0, "Actual Rows": 0, "Actual Loops": 0, "Output": ["nation_1.n_nationkey"], "Plans": [{"Node Type": "Seq Scan", "Parent Relationship": "Outer", "Parallel Aware": false, "Relation Name": "nation", "Schema": "public", "Alias": "nation_1", "Startup Cost": 0.0, "Total Cost": 16.38, "Plan Rows": 3, "Plan Width": 4, "Actual Startup Time": 0.0, "Actual Total Time": 0.0, "Actual Rows": 0, "Actual Loops": 0, "Output": ["nation_1.n_nationkey"], "Filter": "(nation_1.n_name = 'germany'::bpchar)", "Rows Removed by Filter": 0}]}]}, {"Node Type": "Index Scan", "Parent Relationship": "Inner", "Parallel Aware": false, "Scan Direction": "Forward", "Index Name": "idx_partsupp_suppkey", "Relation Name": "partsupp", "Schema": "public", "Alias": "partsupp_1", "Startup Cost": 0.42, "Total Cost": 9.22, "Plan Rows": 81, "Plan Width": 14, "Actual Startup Time": 0.0, "Actual Total Time": 0.0, "Actual Rows": 0, "Actual Loops": 0, "Output": ["partsupp_1.ps_partkey", "partsupp_1.ps_suppkey", "partsupp_1.ps_availqty", "partsupp_1.ps_supplycost", "partsupp_1.ps_comment"], "Index Cond": "(partsupp_1.ps_suppkey = supplier_1.s_suppkey)", "Rows Removed by Index Recheck": 0}]}]}, {"Node Type": "Aggregate", "Strategy": "Hashed", "Partial Mode": "Simple", "Parent Relationship": "Outer", "Parallel Aware": false, "Startup Cost": 2092.35, "Total Cost": 2302.35, "Plan Rows": 4000, "Plan Width": 36, "Actual Startup Time": 0.118, "Actual Total Time": 0.119, "Actual Rows": 0, "Actual Loops": 1, "Output": ["partsupp.ps_partkey", "sum((partsupp.ps_supplycost * (partsupp.ps_availqty)::numeric))"], "Group Key": ["partsupp.ps_partkey"], "Filter": "(sum((partsupp.ps_supplycost * (partsupp.ps_availqty)::numeric)) > $1)", "Planned Partitions": 0, "HashAgg Batches": 1, "Peak Memory Usage": 409, "Disk Usage": 0, "Rows Removed by Filter": 0, "Plans": [{"Node Type": "Nested Loop", "Parent Relationship": "Outer", "Parallel Aware": false, "Join Type": "Inner", "Startup Cost": 16.84, "Total Cost": 1882.35, "Plan Rows": 12000, "Plan Width": 14, "Actual Startup Time": 0.048, "Actual Total Time": 0.049, "Actual Rows": 0, "Actual Loops": 1, "Output": ["partsupp.ps_partkey", "partsupp.ps_supplycost", "partsupp.ps_availqty"], "Inner Unique": false, "Plans": [{"Node Type": "Hash Join", "Parent Relationship": "Outer", "Parallel Aware": false, "Join Type": "Inner", "Startup Cost": 16.41, "Total Cost": 377.41, "Plan Rows": 150, "Plan Width": 4, "Actual Startup Time": 0.047, "Actual Total Time": 0.048, "Actual Rows": 0, "Actual Loops": 1, "Output": ["supplier.s_suppkey"], "Inner Unique": false, "Hash Cond": "(supplier.s_nationkey = nation.n_nationkey)", "Plans": [{"Node Type": "Seq Scan", "Parent Relationship": "Outer", "Parallel Aware": false, "Relation Name": "supplier", "Schema": "public", "Alias": "supplier", "Startup Cost": 0.0, "Total Cost": 322.0, "Plan Rows": 10000, "Plan Width": 8, "Actual Startup Time": 0.015, "Actual Total Time": 0.015, "Actual Rows": 1, "Actual Loops": 1, "Output": ["supplier.s_suppkey", "supplier.s_name", "supplier.s_address", "supplier.s_nationkey", "supplier.s_phone", "supplier.s_acctbal", "supplier.s_comment"]}, {"Node Type": "Hash", "Parent Relationship": "Inner", "Parallel Aware": false, "Startup Cost": 16.38, "Total Cost": 16.38, "Plan Rows": 3, "Plan Width": 4, "Actual Startup Time": 0.017, "Actual Total Time": 0.018, "Actual Rows": 0, "Actual Loops": 1, "Output": ["nation.n_nationkey"], "Hash Buckets": 1024, "Original Hash Buckets": 1024, "Hash Batches": 1, "Original Hash Batches": 1, "Peak Memory Usage": 8, "Plans": [{"Node Type": "Seq Scan", "Parent Relationship": "Outer", "Parallel Aware": false, "Relation Name": "nation", "Schema": "public", "Alias": "nation", "Startup Cost": 0.0, "Total Cost": 16.38, "Plan Rows": 3, "Plan Width": 4, "Actual Startup Time": 0.017, "Actual Total Time": 0.017, "Actual Rows": 0, "Actual Loops": 1, "Output": ["nation.n_nationkey"], "Filter": "(nation.n_name = 'germany'::bpchar)", "Rows Removed by Filter": 25}]}]}, {"Node Type": "Index Scan", "Parent Relationship": "Inner", "Parallel Aware": false, "Scan Direction": "Forward", "Index Name": "idx_partsupp_suppkey", "Relation Name": "partsupp", "Schema": "public", "Alias": "partsupp", "Startup Cost": 0.42, "Total Cost": 9.22, "Plan Rows": 81, "Plan Width": 18, "Actual Startup Time": 0.0, "Actual Total Time": 0.0, "Actual Rows": 0, "Actual Loops": 0, "Output": ["partsupp.ps_partkey", "partsupp.ps_suppkey", "partsupp.ps_availqty", "partsupp.ps_supplycost", "partsupp.ps_comment"], "Index Cond": "(partsupp.ps_suppkey = supplier.s_suppkey)", "Rows Removed by Index Recheck": 0}]}]}]}, "Planning Time": 2.998, "Triggers": [], "Execution Time": 0.655}]
q21#####[{"Plan": {"Node Type": "Limit", "Parallel Aware": false, "Startup Cost": 45322.43, "Total Cost": 45322.44, "Plan Rows": 1, "Plan Width": 34, "Actual Startup Time": 1662.846, "Actual Total Time": 1662.849, "Actual Rows": 0, "Actual Loops": 1, "Output": ["supplier.s_name", "(count(*))"], "Plans": [{"Node Type": "Sort", "Parent Relationship": "Outer", "Parallel Aware": false, "Startup Cost": 45322.43, "Total Cost": 45322.44, "Plan Rows": 1, "Plan Width": 34, "Actual Startup Time": 1662.844, "Actual Total Time": 1662.847, "Actual Rows": 0, "Actual Loops": 1, "Output": ["supplier.s_name", "(count(*))"], "Sort Key": ["(count(*)) DESC", "supplier.s_name"], "Sort Method": "quicksort", "Sort Space Used": 25, "Sort Space Type": "Memory", "Plans": [{"Node Type": "Aggregate", "Strategy": "Sorted", "Partial Mode": "Simple", "Parent Relationship": "Outer", "Parallel Aware": false, "Startup Cost": 45322.4, "Total Cost": 45322.42, "Plan Rows": 1, "Plan Width": 34, "Actual Startup Time": 1662.775, "Actual Total Time": 1662.778, "Actual Rows": 0, "Actual Loops": 1, "Output": ["supplier.s_name", "count(*)"], "Group Key": ["supplier.s_name"], "Plans": [{"Node Type": "Sort", "Parent Relationship": "Outer", "Parallel Aware": false, "Startup Cost": 45322.4, "Total Cost": 45322.41, "Plan Rows": 1, "Plan Width": 26, "Actual Startup Time": 1662.774, "Actual Total Time": 1662.777, "Actual Rows": 0, "Actual Loops": 1, "Output": ["supplier.s_name"], "Sort Key": ["supplier.s_name"], "Sort Method": "quicksort", "Sort Space Used": 25, "Sort Space Type": "Memory", "Plans": [{"Node Type": "Nested Loop", "Parent Relationship": "Outer", "Parallel Aware": false, "Join Type": "Anti", "Startup Cost": 1.3, "Total Cost": 45322.39, "Plan Rows": 1, "Plan Width": 26, "Actual Startup Time": 1662.763, "Actual Total Time": 1662.766, "Actual Rows": 0, "Actual Loops": 1, "Output": ["supplier.s_name"], "Inner Unique": false, "Plans": [{"Node Type": "Nested Loop", "Parent Relationship": "Outer", "Parallel Aware": false, "Join Type": "Semi", "Startup Cost": 0.86, "Total Cost": 45321.65, "Plan Rows": 1, "Plan Width": 34, "Actual Startup Time": 1662.763, "Actual Total Time": 1662.765, "Actual Rows": 0, "Actual Loops": 1, "Output": ["supplier.s_name", "l1.l_suppkey", "l1.l_orderkey"], "Inner Unique": false, "Join Filter": "(orders.o_orderkey = l2.l_orderkey)", "Rows Removed by Join Filter": 0, "Plans": [{"Node Type": "Nested Loop", "Parent Relationship": "Outer", "Parallel Aware": false, "Join Type": "Inner", "Startup Cost": 0.43, "Total Cost": 45320.89, "Plan Rows": 1, "Plan Width": 38, "Actual Startup Time": 1662.763, "Actual Total Time": 1662.764, "Actual Rows": 0, "Actual Loops": 1, "Output": ["supplier.s_name", "l1.l_suppkey", "l1.l_orderkey", "orders.o_orderkey"], "Inner Unique": false, "Join Filter": "(supplier.s_nationkey = nation.n_nationkey)", "Rows Removed by Join Filter": 0, "Plans": [{"Node Type": "Nested Loop", "Parent Relationship": "Outer", "Parallel Aware": false, "Join Type": "Inner", "Startup Cost": 0.43, "Total Cost": 45304.48, "Plan Rows": 1, "Plan Width": 42, "Actual Startup Time": 1662.762, "Actual Total Time": 1662.764, "Actual Rows": 0, "Actual Loops": 1, "Output": ["supplier.s_name", "supplier.s_nationkey", "l1.l_suppkey", "l1.l_orderkey", "orders.o_orderkey"], "Inner Unique": false, "Join Filter": "(l1.l_suppkey = supplier.s_suppkey)", "Rows Removed by Join Filter": 0, "Plans": [{"Node Type": "Nested Loop", "Parent Relationship": "Outer", "Parallel Aware": false, "Join Type": "Inner", "Startup Cost": 0.43, "Total Cost": 44857.48, "Plan Rows": 1, "Plan Width": 12, "Actual Startup Time": 1662.762, "Actual Total Time": 1662.763, "Actual Rows": 0, "Actual Loops": 1, "Output": ["l1.l_suppkey", "l1.l_orderkey", "orders.o_orderkey"], "Inner Unique": false, "Plans": [{"Node Type": "Seq Scan", "Parent Relationship": "Outer", "Parallel Aware": false, "Relation Name": "orders", "Schema": "public", "Alias": "orders", "Startup Cost": 0.0, "Total Cost": 44845.0, "Plan Rows": 1, "Plan Width": 4, "Actual Startup Time": 1662.761, "Actual Total Time": 1662.762, "Actual Rows": 0, "Actual Loops": 1, "Output": ["orders.o_orderkey", "orders.o_custkey", "orders.o_orderstatus", "orders.o_totalprice", "orders.o_orderdate", "orders.o_orderpriority", "orders.o_clerk", "orders.o_shippriority", "orders.o_comment"], "Filter": "(orders.o_orderstatus = 'f'::bpchar)", "Rows Removed by Filter": 1500000}, {"Node Type": "Index Scan", "Parent Relationship": "Inner", "Parallel Aware": false, "Scan Direction": "Forward", "Index Name": "idx_lineitem_orderkey", "Relation Name": "lineitem", "Schema": "public", "Alias": "l1", "Startup Cost": 0.43, "Total Cost": 12.47, "Plan Rows": 1, "Plan Width": 8, "Actual Startup Time": 0.0, "Actual Total Time": 0.0, "Actual Rows": 0, "Actual Loops": 0, "Output": ["l1.l_orderkey", "l1.l_partkey", "l1.l_suppkey", "l1.l_linenumber", "l1.l_quantity", "l1.l_extendedprice", "l1.l_discount", "l1.l_tax", "l1.l_returnflag", "l1.l_linestatus", "l1.l_shipdate", "l1.l_commitdate", "l1.l_receiptdate", "l1.l_shipinstruct", "l1.l_shipmode", "l1.l_comment"], "Index Cond": "(l1.l_orderkey = orders.o_orderkey)", "Rows Removed by Index Recheck": 0, "Filter": "(l1.l_receiptdate > l1.l_commitdate)", "Rows Removed by Filter": 0}]}, {"Node Type": "Seq Scan", "Parent Relationship": "Inner", "Parallel Aware": false, "Relation Name": "supplier", "Schema": "public", "Alias": "supplier", "Startup Cost": 0.0, "Total Cost": 322.0, "Plan Rows": 10000, "Plan Width": 34, "Actual Startup Time": 0.0, "Actual Total Time": 0.0, "Actual Rows": 0, "Actual Loops": 0, "Output": ["supplier.s_suppkey", "supplier.s_name", "supplier.s_address", "supplier.s_nationkey", "supplier.s_phone", "supplier.s_acctbal", "supplier.s_comment"]}]}, {"Node Type": "Seq Scan", "Parent Relationship": "Inner", "Parallel Aware": false, "Relation Name": "nation", "Schema": "public", "Alias": "nation", "Startup Cost": 0.0, "Total Cost": 16.38, "Plan Rows": 3, "Plan Width": 4, "Actual Startup Time": 0.0, "Actual Total Time": 0.0, "Actual Rows": 0, "Actual Loops": 0, "Output": ["nation.n_nationkey", "nation.n_name", "nation.n_regionkey", "nation.n_comment"], "Filter": "(nation.n_name = 'algeria'::bpchar)", "Rows Removed by Filter": 0}]}, {"Node Type": "Index Scan", "Parent Relationship": "Inner", "Parallel Aware": false, "Scan Direction": "Forward", "Index Name": "idx_lineitem_orderkey", "Relation Name": "lineitem", "Schema": "public", "Alias": "l2", "Startup Cost": 0.43, "Total Cost": 0.73, "Plan Rows": 2, "Plan Width": 8, "Actual Startup Time": 0.0, "Actual Total Time": 0.0, "Actual Rows": 0, "Actual Loops": 0, "Output": ["l2.l_orderkey", "l2.l_partkey", "l2.l_suppkey", "l2.l_linenumber", "l2.l_quantity", "l2.l_extendedprice", "l2.l_discount", "l2.l_tax", "l2.l_returnflag", "l2.l_linestatus", "l2.l_shipdate", "l2.l_commitdate", "l2.l_receiptdate", "l2.l_shipinstruct", "l2.l_shipmode", "l2.l_comment"], "Index Cond": "(l2.l_orderkey = l1.l_orderkey)", "Rows Removed by Index Recheck": 0, "Filter": "(l2.l_suppkey <> l1.l_suppkey)", "Rows Removed by Filter": 0}]}, {"Node Type": "Index Scan", "Parent Relationship": "Inner", "Parallel Aware": false, "Scan Direction": "Forward", "Index Name": "idx_lineitem_orderkey", "Relation Name": "lineitem", "Schema": "public", "Alias": "l3", "Startup Cost": 0.43, "Total Cost": 0.74, "Plan Rows": 1, "Plan Width": 8, "Actual Startup Time": 0.0, "Actual Total Time": 0.0, "Actual Rows": 0, "Actual Loops": 0, "Output": ["l3.l_orderkey", "l3.l_partkey", "l3.l_suppkey", "l3.l_linenumber", "l3.l_quantity", "l3.l_extendedprice", "l3.l_discount", "l3.l_tax", "l3.l_returnflag", "l3.l_linestatus", "l3.l_shipdate", "l3.l_commitdate", "l3.l_receiptdate", "l3.l_shipinstruct", "l3.l_shipmode", "l3.l_comment"], "Index Cond": "(l3.l_orderkey = l1.l_orderkey)", "Rows Removed by Index Recheck": 0, "Filter": "((l3.l_receiptdate > l3.l_commitdate) AND (l3.l_suppkey <> l1.l_suppkey))", "Rows Removed by Filter": 0}]}]}]}]}]}, "Planning Time": 5.084, "Triggers": [], "Execution Time": 1663.023}]
q9#####[{"Plan": {"Node Type": "Aggregate", "Strategy": "Sorted", "Partial Mode": "Simple", "Parallel Aware": false, "Startup Cost": 99568.38, "Total Cost": 99578.24, "Plan Rows": 263, "Plan Width": 69, "Actual Startup Time": 1517.574, "Actual Total Time": 1517.61, "Actual Rows": 31, "Actual Loops": 1, "Output": ["nation.n_name", "(date_part('year'::text, (orders.o_orderdate)::timestamp without time zone))", "sum(((lineitem.l_extendedprice * ('1'::numeric - lineitem.l_discount)) - (partsupp.ps_supplycost * lineitem.l_quantity)))"], "Group Key": ["nation.n_name", "(date_part('year'::text, (orders.o_orderdate)::timestamp without time zone))"], "Plans": [{"Node Type": "Sort", "Parent Relationship": "Outer", "Parallel Aware": false, "Startup Cost": 99568.38, "Total Cost": 99569.03, "Plan Rows": 263, "Plan Width": 59, "Actual Startup Time": 1517.558, "Actual Total Time": 1517.563, "Actual Rows": 32, "Actual Loops": 1, "Output": ["nation.n_name", "(date_part('year'::text, (orders.o_orderdate)::timestamp without time zone))", "lineitem.l_extendedprice", "lineitem.l_discount", "partsupp.ps_supplycost", "lineitem.l_quantity"], "Sort Key": ["nation.n_name", "(date_part('year'::text, (orders.o_orderdate)::timestamp without time zone)) DESC"], "Sort Method": "quicksort", "Sort Space Used": 29, "Sort Space Type": "Memory", "Plans": [{"Node Type": "Nested Loop", "Parent Relationship": "Outer", "Parallel Aware": false, "Join Type": "Inner", "Startup Cost": 6779.05, "Total Cost": 99557.81, "Plan Rows": 263, "Plan Width": 59, "Actual Startup Time": 206.13, "Actual Total Time": 1517.36, "Actual Rows": 32, "Actual Loops": 1, "Output": ["nation.n_name", "date_part('year'::text, (orders.o_orderdate)::timestamp without time zone)", "lineitem.l_extendedprice", "lineitem.l_discount", "partsupp.ps_supplycost", "lineitem.l_quantity"], "Inner Unique": false, "Plans": [{"Node Type": "Nested Loop", "Parent Relationship": "Outer", "Parallel Aware": false, "Join Type": "Inner", "Startup Cost": 6778.91, "Total Cost": 99532.31, "Plan Rows": 103, "Plan Width": 30, "Actual Startup Time": 206.11, "Actual Total Time": 1517.006, "Actual Rows": 33, "Actual Loops": 1, "Output": ["lineitem.l_extendedprice", "lineitem.l_discount", "lineitem.l_quantity", "supplier.s_nationkey", "partsupp.ps_supplycost", "orders.o_orderdate"], "Inner Unique": false, "Plans": [{"Node Type": "Nested Loop", "Parent Relationship": "Outer", "Parallel Aware": false, "Join Type": "Inner", "Startup Cost": 6778.62, "Total Cost": 99499.79, "Plan Rows": 104, "Plan Width": 34, "Actual Startup Time": 206.09, "Actual Total Time": 1516.535, "Actual Rows": 33, "Actual Loops": 1, "Output": ["lineitem.l_extendedprice", "lineitem.l_discount", "lineitem.l_quantity", "lineitem.l_suppkey", "partsupp.ps_supplycost", "partsupp.ps_suppkey", "orders.o_orderdate"], "Inner Unique": false, "Plans": [{"Node Type": "Nested Loop", "Parent Relationship": "Outer", "Parallel Aware": false, "Join Type": "Inner", "Startup Cost": 6778.19, "Total Cost": 99405.71, "Plan Rows": 198, "Plan Width": 34, "Actual Startup Time": 83.287, "Actual Total Time": 1510.567, "Actual Rows": 121, "Actual Loops": 1, "Output": ["lineitem.l_extendedprice", "lineitem.l_discount", "lineitem.l_quantity", "lineitem.l_suppkey", "lineitem.l_orderkey", "partsupp.ps_supplycost", "partsupp.ps_suppkey"], "Inner Unique": false, "Plans": [{"Node Type": "Hash Join", "Parent Relationship": "Outer", "Parallel Aware": false, "Join Type": "Inner", "Startup Cost": 6777.76, "Total Cost": 35794.4, "Plan Rows": 56564, "Plan Width": 18, "Actual Startup Time": 64.26, "Actual Total Time": 1094.768, "Actual Rows": 43626, "Actual Loops": 1, "Output": ["part.p_partkey", "partsupp.ps_supplycost", "partsupp.ps_suppkey", "partsupp.ps_partkey"], "Inner Unique": false, "Hash Cond": "(partsupp.ps_partkey = part.p_partkey)", "Plans": [{"Node Type": "Seq Scan", "Parent Relationship": "Outer", "Parallel Aware": false, "Relation Name": "partsupp", "Schema": "public", "Alias": "partsupp", "Startup Cost": 0.0, "Total Cost": 25451.0, "Plan Rows": 800000, "Plan Width": 14, "Actual Startup Time": 2.425, "Actual Total Time": 782.831, "Actual Rows": 800000, "Actual Loops": 1, "Output": ["partsupp.ps_partkey", "partsupp.ps_suppkey", "partsupp.ps_availqty", "partsupp.ps_supplycost", "partsupp.ps_comment"]}, {"Node Type": "Hash", "Parent Relationship": "Inner", "Parallel Aware": false, "Startup Cost": 6601.0, "Total Cost": 6601.0, "Plan Rows": 14141, "Plan Width": 4, "Actual Startup Time": 61.696, "Actual Total Time": 61.697, "Actual Rows": 10887, "Actual Loops": 1, "Output": ["part.p_partkey"], "Hash Buckets": 16384, "Original Hash Buckets": 16384, "Hash Batches": 1, "Original Hash Batches": 1, "Peak Memory Usage": 511, "Plans": [{"Node Type": "Seq Scan", "Parent Relationship": "Outer", "Parallel Aware": false, "Relation Name": "part", "Schema": "public", "Alias": "part", "Startup Cost": 0.0, "Total Cost": 6601.0, "Plan Rows": 14141, "Plan Width": 4, "Actual Startup Time": 0.035, "Actual Total Time": 59.008, "Actual Rows": 10887, "Actual Loops": 1, "Output": ["part.p_partkey"], "Filter": "((part.p_name)::text ~~ '%sandy%'::text)", "Rows Removed by Filter": 189113}]}]}, {"Node Type": "Index Scan", "Parent Relationship": "Inner", "Parallel Aware": false, "Scan Direction": "Forward", "Index Name": "idx_lineitem_partkey_suppkey", "Relation Name": "lineitem", "Schema": "public", "Alias": "lineitem", "Startup Cost": 0.43, "Total Cost": 1.11, "Plan Rows": 1, "Plan Width": 28, "Actual Startup Time": 0.009, "Actual Total Time": 0.009, "Actual Rows": 0, "Actual Loops": 43626, "Output": ["lineitem.l_orderkey", "lineitem.l_partkey", "lineitem.l_suppkey", "lineitem.l_linenumber", "lineitem.l_quantity", "lineitem.l_extendedprice", "lineitem.l_discount", "lineitem.l_tax", "lineitem.l_returnflag", "lineitem.l_linestatus", "lineitem.l_shipdate", "lineitem.l_commitdate", "lineitem.l_receiptdate", "lineitem.l_shipinstruct", "lineitem.l_shipmode", "lineitem.l_comment"], "Index Cond": "((lineitem.l_partkey = partsupp.ps_partkey) AND (lineitem.l_suppkey = partsupp.ps_suppkey))", "Rows Removed by Index Recheck": 0}]}, {"Node Type": "Index Scan", "Parent Relationship": "Inner", "Parallel Aware": false, "Scan Direction": "Forward", "Index Name": "idx_orders_orderkey", "Relation Name": "orders", "Schema": "public", "Alias": "orders", "Startup Cost": 0.43, "Total Cost": 0.47, "Plan Rows": 1, "Plan Width": 8, "Actual Startup Time": 0.047, "Actual Total Time": 0.047, "Actual Rows": 0, "Actual Loops": 121, "Output": ["orders.o_orderkey", "orders.o_custkey", "orders.o_orderstatus", "orders.o_totalprice", "orders.o_orderdate", "orders.o_orderpriority", "orders.o_clerk", "orders.o_shippriority", "orders.o_comment"], "Index Cond": "(orders.o_orderkey = lineitem.l_orderkey)", "Rows Removed by Index Recheck": 0}]}, {"Node Type": "Index Scan", "Parent Relationship": "Inner", "Parallel Aware": false, "Scan Direction": "Forward", "Index Name": "idx_supplier_suppkey", "Relation Name": "supplier", "Schema": "public", "Alias": "supplier", "Startup Cost": 0.29, "Total Cost": 0.3, "Plan Rows": 1, "Plan Width": 8, "Actual Startup Time": 0.011, "Actual Total Time": 0.011, "Actual Rows": 1, "Actual Loops": 33, "Output": ["supplier.s_suppkey", "supplier.s_name", "supplier.s_address", "supplier.s_nationkey", "supplier.s_phone", "supplier.s_acctbal", "supplier.s_comment"], "Index Cond": "(supplier.s_suppkey = lineitem.l_suppkey)", "Rows Removed by Index Recheck": 0}]}, {"Node Type": "Index Scan", "Parent Relationship": "Inner", "Parallel Aware": false, "Scan Direction": "Forward", "Index Name": "idx_nation_nationkey", "Relation Name": "nation", "Schema": "public", "Alias": "nation", "Startup Cost": 0.15, "Total Cost": 0.2, "Plan Rows": 3, "Plan Width": 33, "Actual Startup Time": 0.004, "Actual Total Time": 0.005, "Actual Rows": 1, "Actual Loops": 33, "Output": ["nation.n_nationkey", "nation.n_name", "nation.n_regionkey", "nation.n_comment"], "Index Cond": "(nation.n_nationkey = supplier.s_nationkey)", "Rows Removed by Index Recheck": 0}]}]}]}, "Planning Time": 7.536, "Triggers": [], "Execution Time": 1517.885}]
q13#####[{"Plan": {"Node Type": "Sort", "Parallel Aware": false, "Startup Cost": 81942.88, "Total Cost": 81943.38, "Plan Rows": 200, "Plan Width": 16, "Actual Startup Time": 2186.231, "Actual Total Time": 2186.236, "Actual Rows": 37, "Actual Loops": 1, "Output": ["(count(orders.o_orderkey))", "(count(*))"], "Sort Key": ["(count(*)) DESC", "(count(orders.o_orderkey)) DESC"], "Sort Method": "quicksort", "Sort Space Used": 26, "Sort Space Type": "Memory", "Plans": [{"Node Type": "Aggregate", "Strategy": "Hashed", "Partial Mode": "Simple", "Parent Relationship": "Outer", "Parallel Aware": false, "Startup Cost": 81933.24, "Total Cost": 81935.24, "Plan Rows": 200, "Plan Width": 16, "Actual Startup Time": 2186.185, "Actual Total Time": 2186.192, "Actual Rows": 37, "Actual Loops": 1, "Output": ["(count(orders.o_orderkey))", "count(*)"], "Group Key": ["count(orders.o_orderkey)"], "Planned Partitions": 0, "HashAgg Batches": 1, "Peak Memory Usage": 40, "Disk Usage": 0, "Plans": [{"Node Type": "Aggregate", "Strategy": "Hashed", "Partial Mode": "Simple", "Parent Relationship": "Outer", "Parallel Aware": false, "Startup Cost": 78183.24, "Total Cost": 79683.24, "Plan Rows": 150000, "Plan Width": 12, "Actual Startup Time": 2134.866, "Actual Total Time": 2167.363, "Actual Rows": 150000, "Actual Loops": 1, "Output": ["customer.c_custkey", "count(orders.o_orderkey)"], "Group Key": ["customer.c_custkey"], "Planned Partitions": 0, "HashAgg Batches": 1, "Peak Memory Usage": 22545, "Disk Usage": 0, "Plans": [{"Node Type": "Hash Join", "Parent Relationship": "Outer", "Parallel Aware": false, "Join Type": "Right", "Startup Cost": 5781.42, "Total Cost": 70834.75, "Plan Rows": 1469697, "Plan Width": 8, "Actual Startup Time": 54.912, "Actual Total Time": 1510.062, "Actual Rows": 1483965, "Actual Loops": 1, "Output": ["customer.c_custkey", "orders.o_orderkey"], "Inner Unique": false, "Hash Cond": "(orders.o_custkey = customer.c_custkey)", "Plans": [{"Node Type": "Seq Scan", "Parent Relationship": "Outer", "Parallel Aware": false, "Relation Name": "orders", "Schema": "public", "Alias": "orders", "Startup Cost": 0.0, "Total Cost": 44845.0, "Plan Rows": 1469697, "Plan Width": 8, "Actual Startup Time": 0.026, "Actual Total Time": 694.919, "Actual Rows": 1483941, "Actual Loops": 1, "Output": ["orders.o_orderkey", "orders.o_custkey", "orders.o_orderstatus", "orders.o_totalprice", "orders.o_orderdate", "orders.o_orderpriority", "orders.o_clerk", "orders.o_shippriority", "orders.o_comment"], "Filter": "((orders.o_comment)::text !~~ '%express%packages%'::text)", "Rows Removed by Filter": 16059}, {"Node Type": "Hash", "Parent Relationship": "Inner", "Parallel Aware": false, "Startup Cost": 3906.42, "Total Cost": 3906.42, "Plan Rows": 150000, "Plan Width": 4, "Actual Startup Time": 53.302, "Actual Total Time": 53.303, "Actual Rows": 150000, "Actual Loops": 1, "Output": ["customer.c_custkey"], "Hash Buckets": 262144, "Original Hash Buckets": 262144, "Hash Batches": 1, "Original Hash Batches": 1, "Peak Memory Usage": 7322, "Plans": [{"Node Type": "Index Only Scan", "Parent Relationship": "Outer", "Parallel Aware": false, "Scan Direction": "Forward", "Index Name": "idx_customer_custkey", "Relation Name": "customer", "Schema": "public", "Alias": "customer", "Startup Cost": 0.42, "Total Cost": 3906.42, "Plan Rows": 150000, "Plan Width": 4, "Actual Startup Time": 0.031, "Actual Total Time": 20.568, "Actual Rows": 150000, "Actual Loops": 1, "Output": ["customer.c_custkey"], "Heap Fetches": 0}]}]}]}]}]}, "Planning Time": 1.852, "Triggers": [], "Execution Time": 2193.643}]
q14#####[{"Plan": {"Node Type": "Aggregate", "Strategy": "Plain", "Partial Mode": "Simple", "Parallel Aware": false, "Startup Cost": 213253.99, "Total Cost": 213254.0, "Plan Rows": 1, "Plan Width": 32, "Actual Startup Time": 3079.042, "Actual Total Time": 3079.044, "Actual Rows": 1, "Actual Loops": 1, "Output": ["((100.00 * sum(CASE WHEN ((part.p_type)::text ~~ 'promo%'::text) THEN (lineitem.l_extendedprice * ('1'::numeric - lineitem.l_discount)) ELSE '0'::numeric END)) / sum((lineitem.l_extendedprice * ('1'::numeric - lineitem.l_discount))))"], "Plans": [{"Node Type": "Hash Join", "Parent Relationship": "Outer", "Parallel Aware": false, "Join Type": "Inner", "Startup Cost": 8601.0, "Total Cost": 212078.8, "Plan Rows": 67153, "Plan Width": 33, "Actual Startup Time": 114.204, "Actual Total Time": 3035.818, "Actual Rows": 71363, "Actual Loops": 1, "Output": ["part.p_type", "lineitem.l_extendedprice", "lineitem.l_discount"], "Inner Unique": false, "Hash Cond": "(lineitem.l_partkey = part.p_partkey)", "Plans": [{"Node Type": "Seq Scan", "Parent Relationship": "Outer", "Parallel Aware": false, "Relation Name": "lineitem", "Schema": "public", "Alias": "lineitem", "Startup Cost": 0.0, "Total Cost": 202554.45, "Plan Rows": 67153, "Plan Width": 16, "Actual Startup Time": 0.031, "Actual Total Time": 2866.797, "Actual Rows": 71363, "Actual Loops": 1, "Output": ["lineitem.l_orderkey", "lineitem.l_partkey", "lineitem.l_suppkey", "lineitem.l_linenumber", "lineitem.l_quantity", "lineitem.l_extendedprice", "lineitem.l_discount", "lineitem.l_tax", "lineitem.l_returnflag", "lineitem.l_linestatus", "lineitem.l_shipdate", "lineitem.l_commitdate", "lineitem.l_receiptdate", "lineitem.l_shipinstruct", "lineitem.l_shipmode", "lineitem.l_comment"], "Filter": "((lineitem.l_shipdate >= '1994-01-01'::date) AND (lineitem.l_shipdate < '1994-02-01 00:00:00'::timestamp without time zone))", "Rows Removed by Filter": 5929852}, {"Node Type": "Hash", "Parent Relationship": "Inner", "Parallel Aware": false, "Startup Cost": 6101.0, "Total Cost": 6101.0, "Plan Rows": 200000, "Plan Width": 25, "Actual Startup Time": 113.026, "Actual Total Time": 113.027, "Actual Rows": 200000, "Actual Loops": 1, "Output": ["part.p_type", "part.p_partkey"], "Hash Buckets": 262144, "Original Hash Buckets": 262144, "Hash Batches": 1, "Original Hash Batches": 1, "Peak Memory Usage": 13617, "Plans": [{"Node Type": "Seq Scan", "Parent Relationship": "Outer", "Parallel Aware": false, "Relation Name": "part", "Schema": "public", "Alias": "part", "Startup Cost": 0.0, "Total Cost": 6101.0, "Plan Rows": 200000, "Plan Width": 25, "Actual Startup Time": 0.015, "Actual Total Time": 55.78, "Actual Rows": 200000, "Actual Loops": 1, "Output": ["part.p_type", "part.p_partkey"]}]}]}]}, "Planning Time": 2.054, "Triggers": [], "Execution Time": 3079.282}]
q10#####[{"Plan": {"Node Type": "Limit", "Parallel Aware": false, "Startup Cost": 187582.73, "Total Cost": 187582.74, "Plan Rows": 3, "Plan Width": 205, "Actual Startup Time": 2269.149, "Actual Total Time": 2269.151, "Actual Rows": 0, "Actual Loops": 1, "Output": ["customer.c_custkey", "customer.c_name", "(sum((lineitem.l_extendedprice * ('1'::numeric - lineitem.l_discount))))", "customer.c_acctbal", "nation.n_name", "customer.c_address", "customer.c_phone", "customer.c_comment"], "Plans": [{"Node Type": "Sort", "Parent Relationship": "Outer", "Parallel Aware": false, "Startup Cost": 187582.73, "Total Cost": 187582.74, "Plan Rows": 3, "Plan Width": 205, "Actual Startup Time": 2269.147, "Actual Total Time": 2269.149, "Actual Rows": 0, "Actual Loops": 1, "Output": ["customer.c_custkey", "customer.c_name", "(sum((lineitem.l_extendedprice * ('1'::numeric - lineitem.l_discount))))", "customer.c_acctbal", "nation.n_name", "customer.c_address", "customer.c_phone", "customer.c_comment"], "Sort Key": ["(sum((lineitem.l_extendedprice * ('1'::numeric - lineitem.l_discount)))) DESC"], "Sort Method": "quicksort", "Sort Space Used": 25, "Sort Space Type": "Memory", "Plans": [{"Node Type": "Aggregate", "Strategy": "Sorted", "Partial Mode": "Simple", "Parent Relationship": "Outer", "Parallel Aware": false, "Startup Cost": 187582.59, "Total Cost": 187582.71, "Plan Rows": 3, "Plan Width": 205, "Actual Startup Time": 2269.124, "Actual Total Time": 2269.126, "Actual Rows": 0, "Actual Loops": 1, "Output": ["customer.c_custkey", "customer.c_name", "sum((lineitem.l_extendedprice * ('1'::numeric - lineitem.l_discount)))", "customer.c_acctbal", "nation.n_name", "customer.c_address", "customer.c_phone", "customer.c_comment"], "Group Key": ["customer.c_custkey", "customer.c_name", "customer.c_acctbal", "customer.c_phone", "nation.n_name", "customer.c_address", "customer.c_comment"], "Plans": [{"Node Type": "Sort", "Parent Relationship": "Outer", "Parallel Aware": false, "Startup Cost": 187582.59, "Total Cost": 187582.59, "Plan Rows": 3, "Plan Width": 185, "Actual Startup Time": 2269.123, "Actual Total Time": 2269.125, "Actual Rows": 0, "Actual Loops": 1, "Output": ["customer.c_custkey", "customer.c_name", "customer.c_acctbal", "nation.n_name", "customer.c_address", "customer.c_phone", "customer.c_comment", "lineitem.l_extendedprice", "lineitem.l_discount"], "Sort Key": ["customer.c_custkey", "customer.c_name", "customer.c_acctbal", "customer.c_phone", "nation.n_name", "customer.c_address", "customer.c_comment"], "Sort Method": "quicksort", "Sort Space Used": 25, "Sort Space Type": "Memory", "Plans": [{"Node Type": "Nested Loop", "Parent Relationship": "Outer", "Parallel Aware": false, "Join Type": "Inner", "Startup Cost": 0.85, "Total Cost": 187582.56, "Plan Rows": 3, "Plan Width": 185, "Actual Startup Time": 2269.096, "Actual Total Time": 2269.097, "Actual Rows": 0, "Actual Loops": 1, "Output": ["customer.c_custkey", "customer.c_name", "customer.c_acctbal", "nation.n_name", "customer.c_address", "customer.c_phone", "customer.c_comment", "lineitem.l_extendedprice", "lineitem.l_discount"], "Inner Unique": false, "Join Filter": "(customer.c_nationkey = nation.n_nationkey)", "Rows Removed by Join Filter": 0, "Plans": [{"Node Type": "Nested Loop", "Parent Relationship": "Outer", "Parallel Aware": false, "Join Type": "Inner", "Startup Cost": 0.85, "Total Cost": 187561.09, "Plan Rows": 1, "Plan Width": 160, "Actual Startup Time": 2269.095, "Actual Total Time": 2269.097, "Actual Rows": 0, "Actual Loops": 1, "Output": ["customer.c_custkey", "customer.c_name", "customer.c_acctbal", "customer.c_address", "customer.c_phone", "customer.c_comment", "customer.c_nationkey", "lineitem.l_extendedprice", "lineitem.l_discount"], "Inner Unique": false, "Plans": [{"Node Type": "Nested Loop", "Parent Relationship": "Outer", "Parallel Aware": false, "Join Type": "Inner", "Startup Cost": 0.43, "Total Cost": 187560.33, "Plan Rows": 1, "Plan Width": 16, "Actual Startup Time": 2269.095, "Actual Total Time": 2269.096, "Actual Rows": 0, "Actual Loops": 1, "Output": ["orders.o_custkey", "lineitem.l_extendedprice", "lineitem.l_discount"], "Inner Unique": false, "Plans": [{"Node Type": "Seq Scan", "Parent Relationship": "Outer", "Parallel Aware": false, "Relation Name": "lineitem", "Schema": "public", "Alias": "lineitem", "Startup Cost": 0.0, "Total Cost": 187551.88, "Plan Rows": 1, "Plan Width": 16, "Actual Startup Time": 2269.094, "Actual Total Time": 2269.095, "Actual Rows": 0, "Actual Loops": 1, "Output": ["lineitem.l_orderkey", "lineitem.l_partkey", "lineitem.l_suppkey", "lineitem.l_linenumber", "lineitem.l_quantity", "lineitem.l_extendedprice", "lineitem.l_discount", "lineitem.l_tax", "lineitem.l_returnflag", "lineitem.l_linestatus", "lineitem.l_shipdate", "lineitem.l_commitdate", "lineitem.l_receiptdate", "lineitem.l_shipinstruct", "lineitem.l_shipmode", "lineitem.l_comment"], "Filter": "(lineitem.l_returnflag = 'r'::bpchar)", "Rows Removed by Filter": 6001215}, {"Node Type": "Index Scan", "Parent Relationship": "Inner", "Parallel Aware": false, "Scan Direction": "Forward", "Index Name": "idx_orders_orderkey", "Relation Name": "orders", "Schema": "public", "Alias": "orders", "Startup Cost": 0.43, "Total Cost": 8.45, "Plan Rows": 1, "Plan Width": 8, "Actual Startup Time": 0.0, "Actual Total Time": 0.0, "Actual Rows": 0, "Actual Loops": 0, "Output": ["orders.o_orderkey", "orders.o_custkey", "orders.o_orderstatus", "orders.o_totalprice", "orders.o_orderdate", "orders.o_orderpriority", "orders.o_clerk", "orders.o_shippriority", "orders.o_comment"], "Index Cond": "(orders.o_orderkey = lineitem.l_orderkey)", "Rows Removed by Index Recheck": 0, "Filter": "((orders.o_orderdate >= '1993-06-01'::date) AND (orders.o_orderdate < '1993-09-01 00:00:00'::timestamp without time zone))", "Rows Removed by Filter": 0}]}, {"Node Type": "Index Scan", "Parent Relationship": "Inner", "Parallel Aware": false, "Scan Direction": "Forward", "Index Name": "idx_customer_custkey", "Relation Name": "customer", "Schema": "public", "Alias": "customer", "Startup Cost": 0.42, "Total Cost": 0.74, "Plan Rows": 1, "Plan Width": 148, "Actual Startup Time": 0.0, "Actual Total Time": 0.0, "Actual Rows": 0, "Actual Loops": 0, "Output": ["customer.c_custkey", "customer.c_name", "customer.c_address", "customer.c_nationkey", "customer.c_phone", "customer.c_acctbal", "customer.c_mktsegment", "customer.c_comment"], "Index Cond": "(customer.c_custkey = orders.o_custkey)", "Rows Removed by Index Recheck": 0}]}, {"Node Type": "Seq Scan", "Parent Relationship": "Inner", "Parallel Aware": false, "Relation Name": "nation", "Schema": "public", "Alias": "nation", "Startup Cost": 0.0, "Total Cost": 15.1, "Plan Rows": 510, "Plan Width": 33, "Actual Startup Time": 0.0, "Actual Total Time": 0.0, "Actual Rows": 0, "Actual Loops": 0, "Output": ["nation.n_nationkey", "nation.n_name", "nation.n_regionkey", "nation.n_comment"]}]}]}]}]}]}, "Planning Time": 3.326, "Triggers": [], "Execution Time": 2269.292}]
q12#####[{"Plan": {"Node Type": "Aggregate", "Strategy": "Sorted", "Partial Mode": "Simple", "Parallel Aware": false, "Startup Cost": 247570.64, "Total Cost": 247570.67, "Plan Rows": 1, "Plan Width": 27, "Actual Startup Time": 2834.041, "Actual Total Time": 2834.043, "Actual Rows": 0, "Actual Loops": 1, "Output": ["lineitem.l_shipmode", "sum(CASE WHEN ((orders.o_orderpriority = '1-urgent'::bpchar) OR (orders.o_orderpriority = '2-high'::bpchar)) THEN 1 ELSE 0 END)", "sum(CASE WHEN ((orders.o_orderpriority <> '1-urgent'::bpchar) AND (orders.o_orderpriority <> '2-high'::bpchar)) THEN 1 ELSE 0 END)"], "Group Key": ["lineitem.l_shipmode"], "Plans": [{"Node Type": "Sort", "Parent Relationship": "Outer", "Parallel Aware": false, "Startup Cost": 247570.64, "Total Cost": 247570.64, "Plan Rows": 1, "Plan Width": 27, "Actual Startup Time": 2834.04, "Actual Total Time": 2834.041, "Actual Rows": 0, "Actual Loops": 1, "Output": ["lineitem.l_shipmode", "orders.o_orderpriority"], "Sort Key": ["lineitem.l_shipmode"], "Sort Method": "quicksort", "Sort Space Used": 25, "Sort Space Type": "Memory", "Plans": [{"Node Type": "Nested Loop", "Parent Relationship": "Outer", "Parallel Aware": false, "Join Type": "Inner", "Startup Cost": 0.43, "Total Cost": 247570.63, "Plan Rows": 1, "Plan Width": 27, "Actual Startup Time": 2834.005, "Actual Total Time": 2834.007, "Actual Rows": 0, "Actual Loops": 1, "Output": ["lineitem.l_shipmode", "orders.o_orderpriority"], "Inner Unique": false, "Plans": [{"Node Type": "Seq Scan", "Parent Relationship": "Outer", "Parallel Aware": false, "Relation Name": "lineitem", "Schema": "public", "Alias": "lineitem", "Startup Cost": 0.0, "Total Cost": 247562.17, "Plan Rows": 1, "Plan Width": 15, "Actual Startup Time": 2834.005, "Actual Total Time": 2834.005, "Actual Rows": 0, "Actual Loops": 1, "Output": ["lineitem.l_orderkey", "lineitem.l_partkey", "lineitem.l_suppkey", "lineitem.l_linenumber", "lineitem.l_quantity", "lineitem.l_extendedprice", "lineitem.l_discount", "lineitem.l_tax", "lineitem.l_returnflag", "lineitem.l_linestatus", "lineitem.l_shipdate", "lineitem.l_commitdate", "lineitem.l_receiptdate", "lineitem.l_shipinstruct", "lineitem.l_shipmode", "lineitem.l_comment"], "Filter": "((lineitem.l_shipmode = ANY ('{ship,air}'::bpchar[])) AND (lineitem.l_commitdate < lineitem.l_receiptdate) AND (lineitem.l_shipdate < lineitem.l_commitdate) AND (lineitem.l_receiptdate >= '1993-01-01'::date) AND (lineitem.l_receiptdate < '1994-01-01 00:00:00'::timestamp without time zone))", "Rows Removed by Filter": 6001215}, {"Node Type": "Index Scan", "Parent Relationship": "Inner", "Parallel Aware": false, "Scan Direction": "Forward", "Index Name": "idx_orders_orderkey", "Relation Name": "orders", "Schema": "public", "Alias": "orders", "Startup Cost": 0.43, "Total Cost": 8.45, "Plan Rows": 1, "Plan Width": 20, "Actual Startup Time": 0.0, "Actual Total Time": 0.0, "Actual Rows": 0, "Actual Loops": 0, "Output": ["orders.o_orderkey", "orders.o_custkey", "orders.o_orderstatus", "orders.o_totalprice", "orders.o_orderdate", "orders.o_orderpriority", "orders.o_clerk", "orders.o_shippriority", "orders.o_comment"], "Index Cond": "(orders.o_orderkey = lineitem.l_orderkey)", "Rows Removed by Index Recheck": 0}]}]}]}, "Planning Time": 1.634, "Triggers": [], "Execution Time": 2834.121}]
q6#####[{"Plan": {"Node Type": "Aggregate", "Strategy": "Plain", "Partial Mode": "Simple", "Parallel Aware": false, "Startup Cost": 248364.42, "Total Cost": 248364.43, "Plan Rows": 1, "Plan Width": 32, "Actual Startup Time": 3558.191, "Actual Total Time": 3558.192, "Actual Rows": 1, "Actual Loops": 1, "Output": ["sum((l_extendedprice * l_discount))"], "Plans": [{"Node Type": "Seq Scan", "Parent Relationship": "Outer", "Parallel Aware": false, "Relation Name": "lineitem", "Schema": "public", "Alias": "lineitem", "Startup Cost": 0.0, "Total Cost": 247562.17, "Plan Rows": 160449, "Plan Width": 12, "Actual Startup Time": 1.28, "Actual Total Time": 3488.481, "Actual Rows": 160666, "Actual Loops": 1, "Output": ["l_orderkey", "l_partkey", "l_suppkey", "l_linenumber", "l_quantity", "l_extendedprice", "l_discount", "l_tax", "l_returnflag", "l_linestatus", "l_shipdate", "l_commitdate", "l_receiptdate", "l_shipinstruct", "l_shipmode", "l_comment"], "Filter": "((lineitem.l_shipdate >= '1994-01-01'::date) AND (lineitem.l_shipdate < '1995-01-01 00:00:00'::timestamp without time zone) AND (lineitem.l_discount >= 0.01) AND (lineitem.l_discount <= 0.03) AND (lineitem.l_quantity < '25'::numeric))", "Rows Removed by Filter": 5840549}]}, "Planning Time": 1.684, "Triggers": [], "Execution Time": 3558.249}]
q4#####[{"Plan": {"Node Type": "Sort", "Parallel Aware": false, "Startup Cost": 261975.71, "Total Cost": 261975.72, "Plan Rows": 5, "Plan Width": 24, "Actual Startup Time": 3919.698, "Actual Total Time": 3919.701, "Actual Rows": 5, "Actual Loops": 1, "Output": ["orders.o_orderpriority", "(count(*))"], "Sort Key": ["orders.o_orderpriority"], "Sort Method": "quicksort", "Sort Space Used": 25, "Sort Space Type": "Memory", "Plans": [{"Node Type": "Aggregate", "Strategy": "Hashed", "Partial Mode": "Simple", "Parent Relationship": "Outer", "Parallel Aware": false, "Startup Cost": 261975.6, "Total Cost": 261975.65, "Plan Rows": 5, "Plan Width": 24, "Actual Startup Time": 3919.616, "Actual Total Time": 3919.619, "Actual Rows": 5, "Actual Loops": 1, "Output": ["orders.o_orderpriority", "count(*)"], "Group Key": ["orders.o_orderpriority"], "Planned Partitions": 0, "HashAgg Batches": 1, "Peak Memory Usage": 24, "Disk Usage": 0, "Plans": [{"Node Type": "Hash Join", "Parent Relationship": "Outer", "Parallel Aware": false, "Join Type": "Semi", "Startup Cost": 212556.16, "Total Cost": 261780.35, "Plan Rows": 39050, "Plan Width": 16, "Actual Startup Time": 3683.465, "Actual Total Time": 3915.883, "Actual Rows": 21612, "Actual Loops": 1, "Output": ["orders.o_orderpriority"], "Inner Unique": false, "Hash Cond": "(orders.o_orderkey = lineitem.l_orderkey)", "Plans": [{"Node Type": "Seq Scan", "Parent Relationship": "Outer", "Parallel Aware": false, "Relation Name": "orders", "Schema": "public", "Alias": "orders", "Startup Cost": 0.0, "Total Cost": 48595.0, "Plan Rows": 55597, "Plan Width": 20, "Actual Startup Time": 2.416, "Actual Total Time": 212.314, "Actual Rows": 55638, "Actual Loops": 1, "Output": ["orders.o_orderkey", "orders.o_custkey", "orders.o_orderstatus", "orders.o_totalprice", "orders.o_orderdate", "orders.o_orderpriority", "orders.o_clerk", "orders.o_shippriority", "orders.o_comment"], "Filter": "((orders.o_orderdate >= '1994-07-01'::date) AND (orders.o_orderdate < '1994-10-01 00:00:00'::timestamp without time zone))", "Rows Removed by Filter": 1444362}, {"Node Type": "Hash", "Parent Relationship": "Inner", "Parallel Aware": false, "Startup Cost": 187551.88, "Total Cost": 187551.88, "Plan Rows": 2000343, "Plan Width": 4, "Actual Startup Time": 3668.612, "Actual Total Time": 3668.613, "Actual Rows": 3035904, "Actual Loops": 1, "Output": ["lineitem.l_orderkey"], "Hash Buckets": 4194304, "Original Hash Buckets": 2097152, "Hash Batches": 1, "Original Hash Batches": 1, "Peak Memory Usage": 139499, "Plans": [{"Node Type": "Seq Scan", "Parent Relationship": "Outer", "Parallel Aware": false, "Relation Name": "lineitem", "Schema": "public", "Alias": "lineitem", "Startup Cost": 0.0, "Total Cost": 187551.88, "Plan Rows": 2000343, "Plan Width": 4, "Actual Startup Time": 0.036, "Actual Total Time": 2779.677, "Actual Rows": 3035904, "Actual Loops": 1, "Output": ["lineitem.l_orderkey"], "Filter": "(lineitem.l_commitdate < lineitem.l_receiptdate)", "Rows Removed by Filter": 2965311}]}]}]}]}, "Planning Time": 1.793, "Triggers": [], "Execution Time": 3922.06}]
q1#####[{"Plan": {"Node Type": "Sort", "Parallel Aware": false, "Startup Cost": 423199.04, "Total Cost": 423199.05, "Plan Rows": 6, "Plan Width": 236, "Actual Startup Time": 6351.46, "Actual Total Time": 6351.462, "Actual Rows": 6, "Actual Loops": 1, "Output": ["l_returnflag", "l_linestatus", "(sum(l_quantity))", "(sum(l_extendedprice))", "(sum((l_extendedprice * ('1'::numeric - l_discount))))", "(sum(((l_extendedprice * ('1'::numeric - l_discount)) * ('1'::numeric + l_tax))))", "(avg(l_quantity))", "(avg(l_extendedprice))", "(avg(l_discount))", "(count(*))"], "Sort Key": ["lineitem.l_returnflag", "lineitem.l_linestatus"], "Sort Method": "quicksort", "Sort Space Used": 25, "Sort Space Type": "Memory", "Plans": [{"Node Type": "Aggregate", "Strategy": "Hashed", "Partial Mode": "Simple", "Parent Relationship": "Outer", "Parallel Aware": false, "Startup Cost": 423198.8, "Total Cost": 423198.96, "Plan Rows": 6, "Plan Width": 236, "Actual Startup Time": 6351.393, "Actual Total Time": 6351.404, "Actual Rows": 6, "Actual Loops": 1, "Output": ["l_returnflag", "l_linestatus", "sum(l_quantity)", "sum(l_extendedprice)", "sum((l_extendedprice * ('1'::numeric - l_discount)))", "sum(((l_extendedprice * ('1'::numeric - l_discount)) * ('1'::numeric + l_tax)))", "avg(l_quantity)", "avg(l_extendedprice)", "avg(l_discount)", "count(*)"], "Group Key": ["lineitem.l_returnflag", "lineitem.l_linestatus"], "Planned Partitions": 0, "HashAgg Batches": 1, "Peak Memory Usage": 32, "Disk Usage": 0, "Plans": [{"Node Type": "Seq Scan", "Parent Relationship": "Outer", "Parallel Aware": false, "Relation Name": "lineitem", "Schema": "public", "Alias": "lineitem", "Startup Cost": 0.0, "Total Cost": 187551.88, "Plan Rows": 5891173, "Plan Width": 24, "Actual Startup Time": 0.038, "Actual Total Time": 987.481, "Actual Rows": 5894173, "Actual Loops": 1, "Output": ["l_orderkey", "l_partkey", "l_suppkey", "l_linenumber", "l_quantity", "l_extendedprice", "l_discount", "l_tax", "l_returnflag", "l_linestatus", "l_shipdate", "l_commitdate", "l_receiptdate", "l_shipinstruct", "l_shipmode", "l_comment"], "Filter": "(lineitem.l_shipdate <= '1998-09-18 00:00:00'::timestamp without time zone)", "Rows Removed by Filter": 107042}]}]}, "Planning Time": 0.917, "Triggers": [], "Execution Time": 6351.628}]
q18#####[{"Plan": {"Node Type": "Limit", "Parallel Aware": false, "Startup Cost": 690062.56, "Total Cost": 690062.81, "Plan Rows": 100, "Plan Width": 71, "Actual Startup Time": 7729.253, "Actual Total Time": 7729.259, "Actual Rows": 4, "Actual Loops": 1, "Output": ["customer.c_name", "customer.c_custkey", "orders.o_orderkey", "orders.o_orderdate", "orders.o_totalprice", "(sum(lineitem.l_quantity))"], "Plans": [{"Node Type": "Sort", "Parent Relationship": "Outer", "Parallel Aware": false, "Startup Cost": 690062.56, "Total Cost": 695063.42, "Plan Rows": 2000343, "Plan Width": 71, "Actual Startup Time": 7729.251, "Actual Total Time": 7729.257, "Actual Rows": 4, "Actual Loops": 1, "Output": ["customer.c_name", "customer.c_custkey", "orders.o_orderkey", "orders.o_orderdate", "orders.o_totalprice", "(sum(lineitem.l_quantity))"], "Sort Key": ["orders.o_totalprice DESC", "orders.o_orderdate"], "Sort Method": "quicksort", "Sort Space Used": 25, "Sort Space Type": "Memory", "Plans": [{"Node Type": "Aggregate", "Strategy": "Hashed", "Partial Mode": "Simple", "Parent Relationship": "Outer", "Parallel Aware": false, "Startup Cost": 588606.6, "Total Cost": 613610.89, "Plan Rows": 2000343, "Plan Width": 71, "Actual Startup Time": 7720.159, "Actual Total Time": 7729.203, "Actual Rows": 4, "Actual Loops": 1, "Output": ["customer.c_name", "customer.c_custkey", "orders.o_orderkey", "orders.o_orderdate", "orders.o_totalprice", "sum(lineitem.l_quantity)"], "Group Key": ["orders.o_totalprice", "orders.o_orderdate", "customer.c_name", "customer.c_custkey", "orders.o_orderkey"], "Planned Partitions": 0, "HashAgg Batches": 1, "Peak Memory Usage": 98329, "Disk Usage": 0, "Plans": [{"Node Type": "Hash Join", "Parent Relationship": "Outer", "Parallel Aware": false, "Join Type": "Inner", "Startup Cost": 343544.87, "Total Cost": 558601.46, "Plan Rows": 2000343, "Plan Width": 43, "Actual Startup Time": 6609.241, "Actual Total Time": 7719.74, "Actual Rows": 37, "Actual Loops": 1, "Output": ["customer.c_name", "customer.c_custkey", "orders.o_orderkey", "orders.o_orderdate", "orders.o_totalprice", "lineitem.l_quantity"], "Inner Unique": false, "Hash Cond": "(lineitem.l_orderkey = orders.o_orderkey)", "Plans": [{"Node Type": "Seq Scan", "Parent Relationship": "Outer", "Parallel Aware": false, "Relation Name": "lineitem", "Schema": "public", "Alias": "lineitem", "Startup Cost": 0.0, "Total Cost": 172549.3, "Plan Rows": 6001030, "Plan Width": 8, "Actual Startup Time": 0.021, "Actual Total Time": 301.55, "Actual Rows": 6001215, "Actual Loops": 1, "Output": ["lineitem.l_orderkey", "lineitem.l_partkey", "lineitem.l_suppkey", "lineitem.l_linenumber", "lineitem.l_quantity", "lineitem.l_extendedprice", "lineitem.l_discount", "lineitem.l_tax", "lineitem.l_returnflag", "lineitem.l_linestatus", "lineitem.l_shipdate", "lineitem.l_commitdate", "lineitem.l_receiptdate", "lineitem.l_shipinstruct", "lineitem.l_shipmode", "lineitem.l_comment"]}, {"Node Type": "Hash", "Parent Relationship": "Inner", "Parallel Aware": false, "Startup Cost": 331678.48, "Total Cost": 331678.48, "Plan Rows": 949311, "Plan Width": 43, "Actual Startup Time": 6567.112, "Actual Total Time": 6567.116, "Actual Rows": 4, "Actual Loops": 1, "Output": ["customer.c_name", "customer.c_custkey", "orders.o_orderkey", "orders.o_orderdate", "orders.o_totalprice", "lineitem_1.l_orderkey"], "Hash Buckets": 1048576, "Original Hash Buckets": 1048576, "Hash Batches": 1, "Original Hash Batches": 1, "Peak Memory Usage": 8193, "Plans": [{"Node Type": "Hash Join", "Parent Relationship": "Outer", "Parallel Aware": false, "Join Type": "Inner", "Startup Cost": 273592.94, "Total Cost": 331678.48, "Plan Rows": 949311, "Plan Width": 43, "Actual Startup Time": 6393.62, "Actual Total Time": 6567.1, "Actual Rows": 4, "Actual Loops": 1, "Output": ["customer.c_name", "customer.c_custkey", "orders.o_orderkey", "orders.o_orderdate", "orders.o_totalprice", "lineitem_1.l_orderkey"], "Inner Unique": false, "Hash Cond": "(orders.o_custkey = customer.c_custkey)", "Plans": [{"Node Type": "Hash Join", "Parent Relationship": "Outer", "Parallel Aware": false, "Join Type": "Inner", "Startup Cost": 266632.94, "Total Cost": 311665.45, "Plan Rows": 949311, "Plan Width": 24, "Actual Startup Time": 6315.006, "Actual Total Time": 6488.479, "Actual Rows": 4, "Actual Loops": 1, "Output": ["orders.o_orderkey", "orders.o_orderdate", "orders.o_totalprice", "orders.o_custkey", "lineitem_1.l_orderkey"], "Inner Unique": true, "Hash Cond": "(orders.o_orderkey = lineitem_1.l_orderkey)", "Plans": [{"Node Type": "Seq Scan", "Parent Relationship": "Outer", "Parallel Aware": false, "Relation Name": "orders", "Schema": "public", "Alias": "orders", "Startup Cost": 0.0, "Total Cost": 41095.0, "Plan Rows": 1500000, "Plan Width": 20, "Actual Startup Time": 0.006, "Actual Total Time": 79.785, "Actual Rows": 1500000, "Actual Loops": 1, "Output": ["orders.o_orderkey", "orders.o_custkey", "orders.o_orderstatus", "orders.o_totalprice", "orders.o_orderdate", "orders.o_orderpriority", "orders.o_clerk", "orders.o_shippriority", "orders.o_comment"]}, {"Node Type": "Hash", "Parent Relationship": "Inner", "Parallel Aware": false, "Startup Cost": 254766.55, "Total Cost": 254766.55, "Plan Rows": 949311, "Plan Width": 4, "Actual Startup Time": 6165.945, "Actual Total Time": 6165.946, "Actual Rows": 10, "Actual Loops": 1, "Output": ["lineitem_1.l_orderkey"], "Hash Buckets": 1048576, "Original Hash Buckets": 1048576, "Hash Batches": 1, "Original Hash Batches": 1, "Peak Memory Usage": 8193, "Plans": [{"Node Type": "Aggregate", "Strategy": "Hashed", "Partial Mode": "Simple", "Parent Relationship": "Outer", "Parallel Aware": false, "Startup Cost": 202554.45, "Total Cost": 245273.44, "Plan Rows": 949311, "Plan Width": 4, "Actual Startup Time": 4670.112, "Actual Total Time": 6165.911, "Actual Rows": 10, "Actual Loops": 1, "Output": ["lineitem_1.l_orderkey"], "Group Key": ["lineitem_1.l_orderkey"], "Filter": "(sum(lineitem_1.l_quantity) > '312'::numeric)", "Planned Partitions": 0, "HashAgg Batches": 1, "Peak Memory Usage": 1171473, "Disk Usage": 0, "Rows Removed by Filter": 3643714, "Plans": [{"Node Type": "Seq Scan", "Parent Relationship": "Outer", "Parallel Aware": false, "Relation Name": "lineitem", "Schema": "public", "Alias": "lineitem_1", "Startup Cost": 0.0, "Total Cost": 172549.3, "Plan Rows": 6001030, "Plan Width": 8, "Actual Startup Time": 0.01, "Actual Total Time": 739.208, "Actual Rows": 6001215, "Actual Loops": 1, "Output": ["lineitem_1.l_orderkey", "lineitem_1.l_partkey", "lineitem_1.l_suppkey", "lineitem_1.l_linenumber", "lineitem_1.l_quantity", "lineitem_1.l_extendedprice", "lineitem_1.l_discount", "lineitem_1.l_tax", "lineitem_1.l_returnflag", "lineitem_1.l_linestatus", "lineitem_1.l_shipdate", "lineitem_1.l_commitdate", "lineitem_1.l_receiptdate", "lineitem_1.l_shipinstruct", "lineitem_1.l_shipmode", "lineitem_1.l_comment"]}]}]}]}, {"Node Type": "Hash", "Parent Relationship": "Inner", "Parallel Aware": false, "Startup Cost": 5085.0, "Total Cost": 5085.0, "Plan Rows": 150000, "Plan Width": 23, "Actual Startup Time": 77.67, "Actual Total Time": 77.67, "Actual Rows": 150000, "Actual Loops": 1, "Output": ["customer.c_name", "customer.c_custkey"], "Hash Buckets": 262144, "Original Hash Buckets": 262144, "Hash Batches": 1, "Original Hash Batches": 1, "Peak Memory Usage": 10252, "Plans": [{"Node Type": "Seq Scan", "Parent Relationship": "Outer", "Parallel Aware": false, "Relation Name": "customer", "Schema": "public", "Alias": "customer", "Startup Cost": 0.0, "Total Cost": 5085.0, "Plan Rows": 150000, "Plan Width": 23, "Actual Startup Time": 0.016, "Actual Total Time": 36.04, "Actual Rows": 150000, "Actual Loops": 1, "Output": ["customer.c_name", "customer.c_custkey"]}]}]}]}]}]}]}]}, "Planning Time": 3.428, "Triggers": [], "Execution Time": 7887.573}]