q20#####[{"Plan": {"Node Type": "Sort", "Parallel Aware": false, "Startup Cost": 88622.1, "Total Cost": 88622.2, "Plan Rows": 40, "Plan Width": 51, "Actual Startup Time": 0.098, "Actual Total Time": 0.101, "Actual Rows": 0, "Actual Loops": 1, "Output": ["supplier.s_name", "supplier.s_address"], "Sort Key": ["supplier.s_name"], "Sort Method": "quicksort", "Sort Space Used": 25, "Sort Space Type": "Memory", "Plans": [{"Node Type": "Hash Join", "Parent Relationship": "Outer", "Parallel Aware": false, "Join Type": "Semi", "Startup Cost": 88259.1, "Total Cost": 88621.04, "Plan Rows": 40, "Plan Width": 51, "Actual Startup Time": 0.062, "Actual Total Time": 0.064, "Actual Rows": 0, "Actual Loops": 1, "Output": ["supplier.s_name", "supplier.s_address"], "Inner Unique": false, "Hash Cond": "(supplier.s_suppkey = partsupp.ps_suppkey)", "Plans": [{"Node Type": "Hash Join", "Parent Relationship": "Outer", "Parallel Aware": false, "Join Type": "Inner", "Startup Cost": 16.41, "Total Cost": 377.41, "Plan Rows": 150, "Plan Width": 55, "Actual Startup Time": 0.062, "Actual Total Time": 0.063, "Actual Rows": 0, "Actual Loops": 1, "Output": ["supplier.s_name", "supplier.s_address", "supplier.s_suppkey"], "Inner Unique": false, "Hash Cond": "(supplier.s_nationkey = nation.n_nationkey)", "Plans": [{"Node Type": "Seq Scan", "Parent Relationship": "Outer", "Parallel Aware": false, "Relation Name": "supplier", "Schema": "public", "Alias": "supplier", "Startup Cost": 0.0, "Total Cost": 322.0, "Plan Rows": 10000, "Plan Width": 59, "Actual Startup Time": 0.022, "Actual Total Time": 0.022, "Actual Rows": 1, "Actual Loops": 1, "Output": ["supplier.s_suppkey", "supplier.s_name", "supplier.s_address", "supplier.s_nationkey", "supplier.s_phone", "supplier.s_acctbal", "supplier.s_comment"]}, {"Node Type": "Hash", "Parent Relationship": "Inner", "Parallel Aware": false, "Startup Cost": 16.38, "Total Cost": 16.38, "Plan Rows": 3, "Plan Width": 4, "Actual Startup Time": 0.025, "Actual Total Time": 0.026, "Actual Rows": 0, "Actual Loops": 1, "Output": ["nation.n_nationkey"], "Hash Buckets": 1024, "Original Hash Buckets": 1024, "Hash Batches": 1, "Original Hash Batches": 1, "Peak Memory Usage": 8, "Plans": [{"Node Type": "Seq Scan", "Parent Relationship": "Outer", "Parallel Aware": false, "Relation Name": "nation", "Schema": "public", "Alias": "nation", "Startup Cost": 0.0, "Total Cost": 16.38, "Plan Rows": 3, "Plan Width": 4, "Actual Startup Time": 0.025, "Actual Total Time": 0.025, "Actual Rows": 0, "Actual Loops": 1, "Output": ["nation.n_nationkey"], "Filter": "(nation.n_name = 'brazil'::bpchar)", "Rows Removed by Filter": 25}]}]}, {"Node Type": "Hash", "Parent Relationship": "Inner", "Parallel Aware": false, "Startup Cost": 88209.03, "Total Cost": 88209.03, "Plan Rows": 2693, "Plan Width": 4, "Actual Startup Time": 0.0, "Actual Total Time": 0.0, "Actual Rows": 0, "Actual Loops": 0, "Output": ["partsupp.ps_suppkey"], "Plans": [{"Node Type": "Nested Loop", "Parent Relationship": "Outer", "Parallel Aware": false, "Join Type": "Inner", "Startup Cost": 6602.48, "Total Cost": 88209.03, "Plan Rows": 2693, "Plan Width": 4, "Actual Startup Time": 0.0, "Actual Total Time": 0.0, "Actual Rows": 0, "Actual Loops": 0, "Output": ["partsupp.ps_suppkey"], "Inner Unique": false, "Plans": [{"Node Type": "Aggregate", "Strategy": "Hashed", "Partial Mode": "Simple", "Parent Relationship": "Outer", "Parallel Aware": false, "Startup Cost": 6602.05, "Total Cost": 6622.25, "Plan Rows": 2020, "Plan Width": 4, "Actual Startup Time": 0.0, "Actual Total Time": 0.0, "Actual Rows": 0, "Actual Loops": 0, "Output": ["part.p_partkey"], "Group Key": ["part.p_partkey"], "Planned Partitions": 0, "Plans": [{"Node Type": "Seq Scan", "Parent Relationship": "Outer", "Parallel Aware": false, "Relation Name": "part", "Schema": "public", "Alias": "part", "Startup Cost": 0.0, "Total Cost": 6597.0, "Plan Rows": 2020, "Plan Width": 4, "Actual Startup Time": 0.0, "Actual Total Time": 0.0, "Actual Rows": 0, "Actual Loops": 0, "Output": ["part.p_partkey", "part.p_name", "part.p_mfgr", "part.p_brand", "part.p_type", "part.p_size", "part.p_container", "part.p_retailprice", "part.p_comment"], "Filter": "((part.p_name)::text ~~ 'yellow%'::text)", "Rows Removed by Filter": 0}]}, {"Node Type": "Index Scan", "Parent Relationship": "Inner", "Parallel Aware": false, "Scan Direction": "Forward", "Index Name": "idx_partsupp_partkey", "Relation Name": "partsupp", "Schema": "public", "Alias": "partsupp", "Startup Cost": 0.42, "Total Cost": 40.38, "Plan Rows": 1, "Plan Width": 8, "Actual Startup Time": 0.0, "Actual Total Time": 0.0, "Actual Rows": 0, "Actual Loops": 0, "Output": ["partsupp.ps_partkey", "partsupp.ps_suppkey", "partsupp.ps_availqty", "partsupp.ps_supplycost", "partsupp.ps_comment"], "Index Cond": "(partsupp.ps_partkey = part.p_partkey)", "Rows Removed by Index Recheck": 0, "Filter": "((partsupp.ps_availqty)::numeric > (SubPlan 1))", "Rows Removed by Filter": 0, "Plans": [{"Node Type": "Aggregate", "Strategy": "Plain", "Partial Mode": "Simple", "Parent Relationship": "SubPlan", "Subplan Name": "SubPlan 1", "Parallel Aware": false, "Startup Cost": 8.46, "Total Cost": 8.47, "Plan Rows": 1, "Plan Width": 32, "Actual Startup Time": 0.0, "Actual Total Time": 0.0, "Actual Rows": 0, "Actual Loops": 0, "Output": ["(0.5 * sum(lineitem.l_quantity))"], "Plans": [{"Node Type": "Index Scan", "Parent Relationship": "Outer", "Parallel Aware": false, "Scan Direction": "Forward", "Index Name": "idx_lineitem_partkey_suppkey", "Relation Name": "lineitem", "Schema": "public", "Alias": "lineitem", "Startup Cost": 0.43, "Total Cost": 8.46, "Plan Rows": 1, "Plan Width": 5, "Actual Startup Time": 0.0, "Actual Total Time": 0.0, "Actual Rows": 0, "Actual Loops": 0, "Output": ["lineitem.l_orderkey", "lineitem.l_partkey", "lineitem.l_suppkey", "lineitem.l_linenumber", "lineitem.l_quantity", "lineitem.l_extendedprice", "lineitem.l_discount", "lineitem.l_tax", "lineitem.l_returnflag", "lineitem.l_linestatus", "lineitem.l_shipdate", "lineitem.l_commitdate", "lineitem.l_receiptdate", "lineitem.l_shipinstruct", "lineitem.l_shipmode", "lineitem.l_comment"], "Index Cond": "((lineitem.l_partkey = partsupp.ps_partkey) AND (lineitem.l_suppkey = partsupp.ps_suppkey))", "Rows Removed by Index Recheck": 0, "Filter": "((lineitem.l_shipdate >= '1993-01-01'::date) AND (lineitem.l_shipdate < '1994-01-01 00:00:00'::timestamp without time zone))", "Rows Removed by Filter": 0}]}]}]}]}]}]}, "Planning Time": 6.298, "Triggers": [], "Execution Time": 0.374}]
q5#####[{"Plan": {"Node Type": "Sort", "Parallel Aware": false, "Startup Cost": 37497.26, "Total Cost": 37497.76, "Plan Rows": 200, "Plan Width": 61, "Actual Startup Time": 0.16, "Actual Total Time": 0.165, "Actual Rows": 0, "Actual Loops": 1, "Output": ["nation.n_name", "(sum((lineitem.l_extendedprice * ('1'::numeric - lineitem.l_discount))))"], "Sort Key": ["(sum((lineitem.l_extendedprice * ('1'::numeric - lineitem.l_discount)))) DESC"], "Sort Method": "quicksort", "Sort Space Used": 25, "Sort Space Type": "Memory", "Plans": [{"Node Type": "Aggregate", "Strategy": "Sorted", "Partial Mode": "Simple", "Parent Relationship": "Outer", "Parallel Aware": false, "Startup Cost": 37470.28, "Total Cost": 37489.62, "Plan Rows": 200, "Plan Width": 61, "Actual Startup Time": 0.118, "Actual Total Time": 0.122, "Actual Rows": 0, "Actual Loops": 1, "Output": ["nation.n_name", "sum((lineitem.l_extendedprice * ('1'::numeric - lineitem.l_discount)))"], "Group Key": ["nation.n_name"], "Plans": [{"Node Type": "Sort", "Parent Relationship": "Outer", "Parallel Aware": false, "Startup Cost": 37470.28, "Total Cost": 37473.65, "Plan Rows": 1347, "Plan Width": 41, "Actual Startup Time": 0.118, "Actual Total Time": 0.122, "Actual Rows": 0, "Actual Loops": 1, "Output": ["nation.n_name", "lineitem.l_extendedprice", "lineitem.l_discount"], "Sort Key": ["nation.n_name"], "Sort Method": "quicksort", "Sort Space Used": 25, "Sort Space Type": "Memory", "Plans": [{"Node Type": "Hash Join", "Parent Relationship": "Outer", "Parallel Aware": false, "Join Type": "Inner", "Startup Cost": 473.3, "Total Cost": 37400.27, "Plan Rows": 1347, "Plan Width": 41, "Actual Startup Time": 0.076, "Actual Total Time": 0.081, "Actual Rows": 0, "Actual Loops": 1, "Output": ["nation.n_name", "lineitem.l_extendedprice", "lineitem.l_discount"], "Inner Unique": false, "Hash Cond": "((lineitem.l_suppkey = supplier.s_suppkey) AND (customer.c_nationkey = supplier.s_nationkey))", "Plans": [{"Node Type": "Nested Loop", "Parent Relationship": "Outer", "Parallel Aware": false, "Join Type": "Inner", "Startup Cost": 1.3, "Total Cost": 36661.71, "Plan Rows": 33745, "Plan Width": 53, "Actual Startup Time": 0.076, "Actual Total Time": 0.077, "Actual Rows": 0, "Actual Loops": 1, "Output": ["customer.c_nationkey", "lineitem.l_extendedprice", "lineitem.l_discount", "lineitem.l_suppkey", "nation.n_name", "nation.n_nationkey"], "Inner Unique": false, "Plans": [{"Node Type": "Nested Loop", "Parent Relationship": "Outer", "Parallel Aware": false, "Join Type": "Inner", "Startup Cost": 0.87, "Total Cost": 10799.96, "Plan Rows": 8435, "Plan Width": 41, "Actual Startup Time": 0.075, "Actual Total Time": 0.076, "Actual Rows": 0, "Actual Loops": 1, "Output": ["customer.c_nationkey", "orders.o_orderkey", "nation.n_name", "nation.n_nationkey"], "Inner Unique": false, "Plans": [{"Node Type": "Nested Loop", "Parent Relationship": "Outer", "Parallel Aware": false, "Join Type": "Inner", "Startup Cost": 0.44, "Total Cost": 1650.52, "Plan Rows": 5738, "Plan Width": 41, "Actual Startup Time": 0.075, "Actual Total Time": 0.076, "Actual Rows": 0, "Actual Loops": 1, "Output": ["customer.c_custkey", "customer.c_nationkey", "nation.n_name", "nation.n_nationkey"], "Inner Unique": false, "Plans": [{"Node Type": "Nested Loop", "Parent Relationship": "Outer", "Parallel Aware": false, "Join Type": "Inner", "Startup Cost": 0.15, "Total Cost": 95.25, "Plan Rows": 8, "Plan Width": 33, "Actual Startup Time": 0.075, "Actual Total Time": 0.076, "Actual Rows": 0, "Actual Loops": 1, "Output": ["nation.n_name", "nation.n_nationkey"], "Inner Unique": false, "Join Filter": "(nation.n_regionkey = region.r_regionkey)", "Rows Removed by Join Filter": 0, "Plans": [{"Node Type": "Index Scan", "Parent Relationship": "Outer", "Parallel Aware": false, "Scan Direction": "Forward", "Index Name": "idx_nation_nationkey", "Relation Name": "nation", "Schema": "public", "Alias": "nation", "Startup Cost": 0.15, "Total Cost": 55.8, "Plan Rows": 510, "Plan Width": 37, "Actual Startup Time": 0.036, "Actual Total Time": 0.046, "Actual Rows": 25, "Actual Loops": 1, "Output": ["nation.n_nationkey", "nation.n_name", "nation.n_regionkey", "nation.n_comment"]}, {"Node Type": "Materialize", "Parent Relationship": "Inner", "Parallel Aware": false, "Startup Cost": 0.0, "Total Cost": 16.52, "Plan Rows": 3, "Plan Width": 4, "Actual Startup Time": 0.001, "Actual Total Time": 0.001, "Actual Rows": 0, "Actual Loops": 25, "Output": ["region.r_regionkey"], "Plans": [{"Node Type": "Seq Scan", "Parent Relationship": "Outer", "Parallel Aware": false, "Relation Name": "region", "Schema": "public", "Alias": "region", "Startup Cost": 0.0, "Total Cost": 16.5, "Plan Rows": 3, "Plan Width": 4, "Actual Startup Time": 0.019, "Actual Total Time": 0.019, "Actual Rows": 0, "Actual Loops": 1, "Output": ["region.r_regionkey"], "Filter": "(region.r_name = 'africa'::bpchar)", "Rows Removed by Filter": 5}]}]}, {"Node Type": "Index Scan", "Parent Relationship": "Inner", "Parallel Aware": false, "Scan Direction": "Forward", "Index Name": "idx_customer_nationkey", "Relation Name": "customer", "Schema": "public", "Alias": "customer", "Startup Cost": 0.29, "Total Cost": 134.41, "Plan Rows": 6000, "Plan Width": 8, "Actual Startup Time": 0.0, "Actual Total Time": 0.0, "Actual Rows": 0, "Actual Loops": 0, "Output": ["customer.c_custkey", "customer.c_name", "customer.c_address", "customer.c_nationkey", "customer.c_phone", "customer.c_acctbal", "customer.c_mktsegment", "customer.c_comment"], "Index Cond": "(customer.c_nationkey = nation.n_nationkey)", "Rows Removed by Index Recheck": 0}]}, {"Node Type": "Index Scan", "Parent Relationship": "Inner", "Parallel Aware": false, "Scan Direction": "Forward", "Index Name": "idx_orders_custkey", "Relation Name": "orders", "Schema": "public", "Alias": "orders", "Startup Cost": 0.43, "Total Cost": 1.56, "Plan Rows": 3, "Plan Width": 8, "Actual Startup Time": 0.0, "Actual Total Time": 0.0, "Actual Rows": 0, "Actual Loops": 0, "Output": ["orders.o_orderkey", "orders.o_custkey", "orders.o_orderstatus", "orders.o_totalprice", "orders.o_orderdate", "orders.o_orderpriority", "orders.o_clerk", "orders.o_shippriority", "orders.o_comment"], "Index Cond": "(orders.o_custkey = customer.c_custkey)", "Rows Removed by Index Recheck": 0, "Filter": "((orders.o_orderdate >= '1994-01-01'::date) AND (orders.o_orderdate < '1995-01-01 00:00:00'::timestamp without time zone))", "Rows Removed by Filter": 0}]}, {"Node Type": "Index Scan", "Parent Relationship": "Inner", "Parallel Aware": false, "Scan Direction": "Forward", "Index Name": "idx_lineitem_orderkey", "Relation Name": "lineitem", "Schema": "public", "Alias": "lineitem", "Startup Cost": 0.43, "Total Cost": 2.91, "Plan Rows": 16, "Plan Width": 20, "Actual Startup Time": 0.0, "Actual Total Time": 0.0, "Actual Rows": 0, "Actual Loops": 0, "Output": ["lineitem.l_orderkey", "lineitem.l_partkey", "lineitem.l_suppkey", "lineitem.l_linenumber", "lineitem.l_quantity", "lineitem.l_extendedprice", "lineitem.l_discount", "lineitem.l_tax", "lineitem.l_returnflag", "lineitem.l_linestatus", "lineitem.l_shipdate", "lineitem.l_commitdate", "lineitem.l_receiptdate", "lineitem.l_shipinstruct", "lineitem.l_shipmode", "lineitem.l_comment"], "Index Cond": "(lineitem.l_orderkey = orders.o_orderkey)", "Rows Removed by Index Recheck": 0}]}, {"Node Type": "Hash", "Parent Relationship": "Inner", "Parallel Aware": false, "Startup Cost": 322.0, "Total Cost": 322.0, "Plan Rows": 10000, "Plan Width": 8, "Actual Startup Time": 0.0, "Actual Total Time": 0.0, "Actual Rows": 0, "Actual Loops": 0, "Output": ["supplier.s_suppkey", "supplier.s_nationkey"], "Plans": [{"Node Type": "Seq Scan", "Parent Relationship": "Outer", "Parallel Aware": false, "Relation Name": "supplier", "Schema": "public", "Alias": "supplier", "Startup Cost": 0.0, "Total Cost": 322.0, "Plan Rows": 10000, "Plan Width": 8, "Actual Startup Time": 0.0, "Actual Total Time": 0.0, "Actual Rows": 0, "Actual Loops": 0, "Output": ["supplier.s_suppkey", "supplier.s_nationkey"]}]}]}]}]}]}, "Planning Time": 7.529, "Triggers": [], "Execution Time": 0.331}]
q2#####[{"Plan": {"Node Type": "Limit", "Parallel Aware": false, "Startup Cost": 7327.31, "Total Cost": 7327.31, "Plan Rows": 1, "Plan Width": 195, "Actual Startup Time": 66.754, "Actual Total Time": 66.759, "Actual Rows": 0, "Actual Loops": 1, "Output": ["supplier.s_acctbal", "supplier.s_name", "nation.n_name", "part.p_partkey", "part.p_mfgr", "supplier.s_address", "supplier.s_phone", "supplier.s_comment"], "Plans": [{"Node Type": "Sort", "Parent Relationship": "Outer", "Parallel Aware": false, "Startup Cost": 7327.31, "Total Cost": 7327.31, "Plan Rows": 1, "Plan Width": 195, "Actual Startup Time": 66.752, "Actual Total Time": 66.757, "Actual Rows": 0, "Actual Loops": 1, "Output": ["supplier.s_acctbal", "supplier.s_name", "nation.n_name", "part.p_partkey", "part.p_mfgr", "supplier.s_address", "supplier.s_phone", "supplier.s_comment"], "Sort Key": ["supplier.s_acctbal DESC", "nation.n_name", "supplier.s_name", "part.p_partkey"], "Sort Method": "quicksort", "Sort Space Used": 25, "Sort Space Type": "Memory", "Plans": [{"Node Type": "Nested Loop", "Parent Relationship": "Outer", "Parallel Aware": false, "Join Type": "Inner", "Startup Cost": 0.71, "Total Cost": 7327.3, "Plan Rows": 1, "Plan Width": 195, "Actual Startup Time": 66.701, "Actual Total Time": 66.706, "Actual Rows": 0, "Actual Loops": 1, "Output": ["supplier.s_acctbal", "supplier.s_name", "nation.n_name", "part.p_partkey", "part.p_mfgr", "supplier.s_address", "supplier.s_phone", "supplier.s_comment"], "Inner Unique": false, "Join Filter": "(nation.n_regionkey = region.r_regionkey)", "Rows Removed by Join Filter": 0, "Plans": [{"Node Type": "Nested Loop", "Parent Relationship": "Outer", "Parallel Aware": false, "Join Type": "Inner", "Startup Cost": 0.71, "Total Cost": 7310.66, "Plan Rows": 3, "Plan Width": 199, "Actual Startup Time": 66.7, "Actual Total Time": 66.705, "Actual Rows": 0, "Actual Loops": 1, "Output": ["part.p_partkey", "part.p_mfgr", "supplier.s_acctbal", "supplier.s_name", "supplier.s_address", "supplier.s_phone", "supplier.s_comment", "nation.n_name", "nation.n_regionkey"], "Inner Unique": false, "Join Filter": "(supplier.s_nationkey = nation.n_nationkey)", "Rows Removed by Join Filter": 0, "Plans": [{"Node Type": "Nested Loop", "Parent Relationship": "Outer", "Parallel Aware": false, "Join Type": "Inner", "Startup Cost": 0.71, "Total Cost": 7289.18, "Plan Rows": 1, "Plan Width": 170, "Actual Startup Time": 66.7, "Actual Total Time": 66.704, "Actual Rows": 0, "Actual Loops": 1, "Output": ["part.p_partkey", "part.p_mfgr", "supplier.s_acctbal", "supplier.s_name", "supplier.s_address", "supplier.s_phone", "supplier.s_comment", "supplier.s_nationkey"], "Inner Unique": false, "Plans": [{"Node Type": "Nested Loop", "Parent Relationship": "Outer", "Parallel Aware": false, "Join Type": "Inner", "Startup Cost": 0.42, "Total Cost": 7288.87, "Plan Rows": 1, "Plan Width": 34, "Actual Startup Time": 66.699, "Actual Total Time": 66.703, "Actual Rows": 0, "Actual Loops": 1, "Output": ["part.p_partkey", "part.p_mfgr", "partsupp.ps_suppkey"], "Inner Unique": false, "Plans": [{"Node Type": "Seq Scan", "Parent Relationship": "Outer", "Parallel Aware": false, "Relation Name": "part", "Schema": "public", "Alias": "part", "Startup Cost": 0.0, "Total Cost": 7097.0, "Plan Rows": 1, "Plan Width": 30, "Actual Startup Time": 66.699, "Actual Total Time": 66.699, "Actual Rows": 0, "Actual Loops": 1, "Output": ["part.p_partkey", "part.p_name", "part.p_mfgr", "part.p_brand", "part.p_type", "part.p_size", "part.p_container", "part.p_retailprice", "part.p_comment"], "Filter": "(((part.p_type)::text ~~ '%nickel'::text) AND (part.p_size = 18))", "Rows Removed by Filter": 200000}, {"Node Type": "Index Scan", "Parent Relationship": "Inner", "Parallel Aware": false, "Scan Direction": "Forward", "Index Name": "idx_partsupp_partkey", "Relation Name": "partsupp", "Schema": "public", "Alias": "partsupp", "Startup Cost": 0.42, "Total Cost": 191.86, "Plan Rows": 1, "Plan Width": 14, "Actual Startup Time": 0.0, "Actual Total Time": 0.0, "Actual Rows": 0, "Actual Loops": 0, "Output": ["partsupp.ps_partkey", "partsupp.ps_suppkey", "partsupp.ps_availqty", "partsupp.ps_supplycost", "partsupp.ps_comment"], "Index Cond": "(partsupp.ps_partkey = part.p_partkey)", "Rows Removed by Index Recheck": 0, "Filter": "((SubPlan 1) = partsupp.ps_supplycost)", "Rows Removed by Filter": 0, "Plans": [{"Node Type": "Aggregate", "Strategy": "Plain", "Partial Mode": "Simple", "Parent Relationship": "SubPlan", "Subplan Name": "SubPlan 1", "Parallel Aware": false, "Startup Cost": 45.83, "Total Cost": 45.84, "Plan Rows": 1, "Plan Width": 32, "Actual Startup Time": 0.0, "Actual Total Time": 0.0, "Actual Rows": 0, "Actual Loops": 0, "Output": ["min(partsupp_1.ps_supplycost)"], "Plans": [{"Node Type": "Nested Loop", "Parent Relationship": "Outer", "Parallel Aware": false, "Join Type": "Inner", "Startup Cost": 1.01, "Total Cost": 45.83, "Plan Rows": 1, "Plan Width": 6, "Actual Startup Time": 0.0, "Actual Total Time": 0.0, "Actual Rows": 0, "Actual Loops": 0, "Output": ["partsupp_1.ps_supplycost"], "Inner Unique": false, "Plans": [{"Node Type": "Nested Loop", "Parent Relationship": "Outer", "Parallel Aware": false, "Join Type": "Inner", "Startup Cost": 0.86, "Total Cost": 42.68, "Plan Rows": 10, "Plan Width": 10, "Actual Startup Time": 0.0, "Actual Total Time": 0.0, "Actual Rows": 0, "Actual Loops": 0, "Output": ["partsupp_1.ps_supplycost", "nation_1.n_regionkey"], "Inner Unique": false, "Plans": [{"Node Type": "Nested Loop", "Parent Relationship": "Outer", "Parallel Aware": false, "Join Type": "Inner", "Startup Cost": 0.71, "Total Cost": 41.75, "Plan Rows": 4, "Plan Width": 10, "Actual Startup Time": 0.0, "Actual Total Time": 0.0, "Actual Rows": 0, "Actual Loops": 0, "Output": ["partsupp_1.ps_supplycost", "supplier_1.s_nationkey"], "Inner Unique": false, "Plans": [{"Node Type": "Index Scan", "Parent Relationship": "Outer", "Parallel Aware": false, "Scan Direction": "Forward", "Index Name": "idx_partsupp_partkey", "Relation Name": "partsupp", "Schema": "public", "Alias": "partsupp_1", "Startup Cost": 0.42, "Total Cost": 8.5, "Plan Rows": 4, "Plan Width": 10, "Actual Startup Time": 0.0, "Actual Total Time": 0.0, "Actual Rows": 0, "Actual Loops": 0, "Output": ["partsupp_1.ps_partkey", "partsupp_1.ps_suppkey", "partsupp_1.ps_availqty", "partsupp_1.ps_supplycost", "partsupp_1.ps_comment"], "Index Cond": "(partsupp_1.ps_partkey = part.p_partkey)", "Rows Removed by Index Recheck": 0}, {"Node Type": "Index Scan", "Parent Relationship": "Inner", "Parallel Aware": false, "Scan Direction": "Forward", "Index Name": "idx_supplier_suppkey", "Relation Name": "supplier", "Schema": "public", "Alias": "supplier_1", "Startup Cost": 0.29, "Total Cost": 8.3, "Plan Rows": 1, "Plan Width": 8, "Actual Startup Time": 0.0, "Actual Total Time": 0.0, "Actual Rows": 0, "Actual Loops": 0, "Output": ["supplier_1.s_suppkey", "supplier_1.s_name", "supplier_1.s_address", "supplier_1.s_nationkey", "supplier_1.s_phone", "supplier_1.s_acctbal", "supplier_1.s_comment"], "Index Cond": "(supplier_1.s_suppkey = partsupp_1.ps_suppkey)", "Rows Removed by Index Recheck": 0}]}, {"Node Type": "Index Scan", "Parent Relationship": "Inner", "Parallel Aware": false, "Scan Direction": "Forward", "Index Name": "idx_nation_nationkey", "Relation Name": "nation", "Schema": "public", "Alias": "nation_1", "Startup Cost": 0.15, "Total Cost": 0.2, "Plan Rows": 3, "Plan Width": 8, "Actual Startup Time": 0.0, "Actual Total Time": 0.0, "Actual Rows": 0, "Actual Loops": 0, "Output": ["nation_1.n_nationkey", "nation_1.n_name", "nation_1.n_regionkey", "nation_1.n_comment"], "Index Cond": "(nation_1.n_nationkey = supplier_1.s_nationkey)", "Rows Removed by Index Recheck": 0}]}, {"Node Type": "Index Scan", "Parent Relationship": "Inner", "Parallel Aware": false, "Scan Direction": "Forward", "Index Name": "idx_region_regionkey", "Relation Name": "region", "Schema": "public", "Alias": "region_1", "Startup Cost": 0.15, "Total Cost": 0.3, "Plan Rows": 1, "Plan Width": 4, "Actual Startup Time": 0.0, "Actual Total Time": 0.0, "Actual Rows": 0, "Actual Loops": 0, "Output": ["region_1.r_regionkey", "region_1.r_name", "region_1.r_comment"], "Index Cond": "(region_1.r_regionkey = nation_1.n_regionkey)", "Rows Removed by Index Recheck": 0, "Filter": "(region_1.r_name = 'america'::bpchar)", "Rows Removed by Filter": 0}]}]}]}]}, {"Node Type": "Index Scan", "Parent Relationship": "Inner", "Parallel Aware": false, "Scan Direction": "Forward", "Index Name": "idx_supplier_suppkey", "Relation Name": "supplier", "Schema": "public", "Alias": "supplier", "Startup Cost": 0.29, "Total Cost": 0.3, "Plan Rows": 1, "Plan Width": 144, "Actual Startup Time": 0.0, "Actual Total Time": 0.0, "Actual Rows": 0, "Actual Loops": 0, "Output": ["supplier.s_suppkey", "supplier.s_name", "supplier.s_address", "supplier.s_nationkey", "supplier.s_phone", "supplier.s_acctbal", "supplier.s_comment"], "Index Cond": "(supplier.s_suppkey = partsupp.ps_suppkey)", "Rows Removed by Index Recheck": 0}]}, {"Node Type": "Seq Scan", "Parent Relationship": "Inner", "Parallel Aware": false, "Relation Name": "nation", "Schema": "public", "Alias": "nation", "Startup Cost": 0.0, "Total Cost": 15.1, "Plan Rows": 510, "Plan Width": 37, "Actual Startup Time": 0.0, "Actual Total Time": 0.0, "Actual Rows": 0, "Actual Loops": 0, "Output": ["nation.n_nationkey", "nation.n_name", "nation.n_regionkey", "nation.n_comment"]}]}, {"Node Type": "Materialize", "Parent Relationship": "Inner", "Parallel Aware": false, "Startup Cost": 0.0, "Total Cost": 16.52, "Plan Rows": 3, "Plan Width": 4, "Actual Startup Time": 0.0, "Actual Total Time": 0.0, "Actual Rows": 0, "Actual Loops": 0, "Output": ["region.r_regionkey"], "Plans": [{"Node Type": "Seq Scan", "Parent Relationship": "Outer", "Parallel Aware": false, "Relation Name": "region", "Schema": "public", "Alias": "region", "Startup Cost": 0.0, "Total Cost": 16.5, "Plan Rows": 3, "Plan Width": 4, "Actual Startup Time": 0.0, "Actual Total Time": 0.0, "Actual Rows": 0, "Actual Loops": 0, "Output": ["region.r_regionkey"], "Filter": "(region.r_name = 'america'::bpchar)", "Rows Removed by Filter": 0}]}]}]}]}, "Planning Time": 4.821, "Triggers": [], "Execution Time": 66.946}]
q19#####[{"Plan": {"Node Type": "Aggregate", "Strategy": "Plain", "Partial Mode": "Simple", "Parallel Aware": false, "Startup Cost": 12726.54, "Total Cost": 12726.55, "Plan Rows": 1, "Plan Width": 32, "Actual Startup Time": 80.674, "Actual Total Time": 80.676, "Actual Rows": 1, "Actual Loops": 1, "Output": ["sum((lineitem.l_extendedprice * ('1'::numeric - lineitem.l_discount)))"], "Plans": [{"Node Type": "Nested Loop", "Parent Relationship": "Outer", "Parallel Aware": false, "Join Type": "Inner", "Startup Cost": 4.67, "Total Cost": 12726.53, "Plan Rows": 1, "Plan Width": 12, "Actual Startup Time": 80.671, "Actual Total Time": 80.672, "Actual Rows": 0, "Actual Loops": 1, "Output": ["lineitem.l_extendedprice", "lineitem.l_discount"], "Inner Unique": false, "Plans": [{"Node Type": "Seq Scan", "Parent Relationship": "Outer", "Parallel Aware": false, "Relation Name": "part", "Schema": "public", "Alias": "part", "Startup Cost": 0.0, "Total Cost": 12597.0, "Plan Rows": 1, "Plan Width": 30, "Actual Startup Time": 80.67, "Actual Total Time": 80.67, "Actual Rows": 0, "Actual Loops": 1, "Output": ["part.p_partkey", "part.p_name", "part.p_mfgr", "part.p_brand", "part.p_type", "part.p_size", "part.p_container", "part.p_retailprice", "part.p_comment"], "Filter": "((part.p_size >= 1) AND (((part.p_brand = 'brand#25'::bpchar) AND (part.p_container = ANY ('{\"sm case\",\"sm box\",\"sm pack\",\"sm pkg\"}'::bpchar[])) AND (part.p_size <= 5)) OR ((part.p_brand = 'brand#11'::bpchar) AND (part.p_container = ANY ('{\"med bag\",\"med box\",\"med pkg\",\"med pack\"}'::bpchar[])) AND (part.p_size <= 10)) OR ((part.p_brand = 'brand#24'::bpchar) AND (part.p_container = ANY ('{\"lg case\",\"lg box\",\"lg pack\",\"lg pkg\"}'::bpchar[])) AND (part.p_size <= 15))))", "Rows Removed by Filter": 200000}, {"Node Type": "Bitmap Heap Scan", "Parent Relationship": "Inner", "Parallel Aware": false, "Relation Name": "lineitem", "Schema": "public", "Alias": "lineitem", "Startup Cost": 4.67, "Total Cost": 129.52, "Plan Rows": 1, "Plan Width": 21, "Actual Startup Time": 0.0, "Actual Total Time": 0.0, "Actual Rows": 0, "Actual Loops": 0, "Output": ["lineitem.l_orderkey", "lineitem.l_partkey", "lineitem.l_suppkey", "lineitem.l_linenumber", "lineitem.l_quantity", "lineitem.l_extendedprice", "lineitem.l_discount", "lineitem.l_tax", "lineitem.l_returnflag", "lineitem.l_linestatus", "lineitem.l_shipdate", "lineitem.l_commitdate", "lineitem.l_receiptdate", "lineitem.l_shipinstruct", "lineitem.l_shipmode", "lineitem.l_comment"], "Recheck Cond": "(lineitem.l_partkey = part.p_partkey)", "Rows Removed by Index Recheck": 0, "Filter": "((lineitem.l_shipmode = ANY ('{air,\"air reg\"}'::bpchar[])) AND (lineitem.l_shipinstruct = 'deliver in person'::bpchar) AND (((lineitem.l_quantity >= '6'::numeric) AND (lineitem.l_quantity <= '16'::numeric)) OR ((lineitem.l_quantity >= '11'::numeric) AND (lineitem.l_quantity <= '21'::numeric)) OR ((lineitem.l_quantity >= '25'::numeric) AND (lineitem.l_quantity <= '35'::numeric))) AND (((part.p_brand = 'brand#25'::bpchar) AND (part.p_container = ANY ('{\"sm case\",\"sm box\",\"sm pack\",\"sm pkg\"}'::bpchar[])) AND (lineitem.l_quantity >= '6'::numeric) AND (lineitem.l_quantity <= '16'::numeric) AND (part.p_size <= 5)) OR ((part.p_brand = 'brand#11'::bpchar) AND (part.p_container = ANY ('{\"med bag\",\"med box\",\"med pkg\",\"med pack\"}'::bpchar[])) AND (lineitem.l_quantity >= '11'::numeric) AND (lineitem.l_quantity <= '21'::numeric) AND (part.p_size <= 10)) OR ((part.p_brand = 'brand#24'::bpchar) AND (part.p_container = ANY ('{\"lg case\",\"lg box\",\"lg pack\",\"lg pkg\"}'::bpchar[])) AND (lineitem.l_quantity >= '25'::numeric) AND (lineitem.l_quantity <= '35'::numeric) AND (part.p_size <= 15))))", "Rows Removed by Filter": 0, "Exact Heap Blocks": 0, "Lossy Heap Blocks": 0, "Plans": [{"Node Type": "Bitmap Index Scan", "Parent Relationship": "Outer", "Parallel Aware": false, "Index Name": "idx_lineitem_partkey_suppkey", "Startup Cost": 0.0, "Total Cost": 4.67, "Plan Rows": 31, "Plan Width": 0, "Actual Startup Time": 0.0, "Actual Total Time": 0.0, "Actual Rows": 0, "Actual Loops": 0, "Index Cond": "(lineitem.l_partkey = part.p_partkey)"}]}]}]}, "Planning Time": 2.932, "Triggers": [], "Execution Time": 80.784}]
q22#####[{"Plan": {"Node Type": "Aggregate", "Strategy": "Sorted", "Partial Mode": "Simple", "Parallel Aware": false, "Startup Cost": 16350.66, "Total Cost": 16370.9, "Plan Rows": 736, "Plan Width": 72, "Actual Startup Time": 181.624, "Actual Total Time": 182.464, "Actual Rows": 7, "Actual Loops": 1, "Output": ["(\"substring\"((customer.c_phone)::text, 1, 2))", "count(*)", "sum(customer.c_acctbal)"], "Group Key": ["(\"substring\"((customer.c_phone)::text, 1, 2))"], "Plans": [{"Node Type": "Aggregate", "Strategy": "Plain", "Partial Mode": "Simple", "Parent Relationship": "InitPlan", "Subplan Name": "InitPlan 1 (returns $0)", "Parallel Aware": false, "Startup Cost": 7534.4, "Total Cost": 7534.41, "Plan Rows": 1, "Plan Width": 32, "Actual Startup Time": 109.435, "Actual Total Time": 109.435, "Actual Rows": 1, "Actual Loops": 1, "Output": ["avg(customer_1.c_acctbal)"], "Plans": [{"Node Type": "Seq Scan", "Parent Relationship": "Outer", "Parallel Aware": false, "Relation Name": "customer", "Schema": "public", "Alias": "customer_1", "Startup Cost": 0.0, "Total Cost": 7522.5, "Plan Rows": 4761, "Plan Width": 6, "Actual Startup Time": 0.014, "Actual Total Time": 104.131, "Actual Rows": 38076, "Actual Loops": 1, "Output": ["customer_1.c_custkey", "customer_1.c_name", "customer_1.c_address", "customer_1.c_nationkey", "customer_1.c_phone", "customer_1.c_acctbal", "customer_1.c_mktsegment", "customer_1.c_comment"], "Filter": "((customer_1.c_acctbal > 0.00) AND (\"substring\"((customer_1.c_phone)::text, 1, 2) = ANY ('{12,15,26,24,16,25,34}'::text[])))", "Rows Removed by Filter": 111924}]}, {"Node Type": "Sort", "Parent Relationship": "Outer", "Parallel Aware": false, "Startup Cost": 8816.24, "Total Cost": 8818.08, "Plan Rows": 736, "Plan Width": 38, "Actual Startup Time": 181.48, "Actual Total Time": 181.675, "Actual Rows": 6232, "Actual Loops": 1, "Output": ["(\"substring\"((customer.c_phone)::text, 1, 2))", "customer.c_acctbal"], "Sort Key": ["(\"substring\"((customer.c_phone)::text, 1, 2))"], "Sort Method": "quicksort", "Sort Space Used": 485, "Sort Space Type": "Memory", "Plans": [{"Node Type": "Nested Loop", "Parent Relationship": "Outer", "Parallel Aware": false, "Join Type": "Anti", "Startup Cost": 0.43, "Total Cost": 8781.2, "Plan Rows": 736, "Plan Width": 38, "Actual Startup Time": 109.496, "Actual Total Time": 180.057, "Actual Rows": 6232, "Actual Loops": 1, "Output": ["\"substring\"((customer.c_phone)::text, 1, 2)", "customer.c_acctbal"], "Inner Unique": false, "Plans": [{"Node Type": "Seq Scan", "Parent Relationship": "Outer", "Parallel Aware": false, "Relation Name": "customer", "Schema": "public", "Alias": "customer", "Startup Cost": 0.0, "Total Cost": 7522.5, "Plan Rows": 1750, "Plan Width": 26, "Actual Startup Time": 109.473, "Actual Total Time": 149.583, "Actual Rows": 19026, "Actual Loops": 1, "Output": ["customer.c_custkey", "customer.c_name", "customer.c_address", "customer.c_nationkey", "customer.c_phone", "customer.c_acctbal", "customer.c_mktsegment", "customer.c_comment"], "Filter": "((customer.c_acctbal > $0) AND (\"substring\"((customer.c_phone)::text, 1, 2) = ANY ('{12,15,26,24,16,25,34}'::text[])))", "Rows Removed by Filter": 130974}, {"Node Type": "Index Only Scan", "Parent Relationship": "Inner", "Parallel Aware": false, "Scan Direction": "Forward", "Index Name": "idx_orders_custkey", "Relation Name": "orders", "Schema": "public", "Alias": "orders", "Startup Cost": 0.43, "Total Cost": 3.59, "Plan Rows": 17, "Plan Width": 4, "Actual Startup Time": 0.001, "Actual Total Time": 0.001, "Actual Rows": 1, "Actual Loops": 19026, "Output": ["orders.o_custkey"], "Index Cond": "(orders.o_custkey = customer.c_custkey)", "Rows Removed by Index Recheck": 0, "Heap Fetches": 0}]}]}]}, "Planning Time": 2.551, "Triggers": [], "Execution Time": 182.656}]
q4#####[{"Plan": {"Node Type": "Aggregate", "Strategy": "Sorted", "Partial Mode": "Simple", "Parallel Aware": false, "Startup Cost": 127580.27, "Total Cost": 127685.85, "Plan Rows": 5, "Plan Width": 24, "Actual Startup Time": 590.925, "Actual Total Time": 595.63, "Actual Rows": 5, "Actual Loops": 1, "Output": ["orders.o_orderpriority", "count(*)"], "Group Key": ["orders.o_orderpriority"], "Plans": [{"Node Type": "Sort", "Parent Relationship": "Outer", "Parallel Aware": false, "Startup Cost": 127580.27, "Total Cost": 127615.45, "Plan Rows": 14071, "Plan Width": 16, "Actual Startup Time": 589.731, "Actual Total Time": 591.399, "Actual Rows": 52618, "Actual Loops": 1, "Output": ["orders.o_orderpriority"], "Sort Key": ["orders.o_orderpriority"], "Sort Method": "quicksort", "Sort Space Used": 4003, "Sort Space Type": "Memory", "Plans": [{"Node Type": "Nested Loop", "Parent Relationship": "Outer", "Parallel Aware": false, "Join Type": "Semi", "Startup Cost": 0.43, "Total Cost": 126610.75, "Plan Rows": 14071, "Plan Width": 16, "Actual Startup Time": 0.055, "Actual Total Time": 577.494, "Actual Rows": 52618, "Actual Loops": 1, "Output": ["orders.o_orderpriority"], "Inner Unique": false, "Plans": [{"Node Type": "Seq Scan", "Parent Relationship": "Outer", "Parallel Aware": false, "Relation Name": "orders", "Schema": "public", "Alias": "orders", "Startup Cost": 0.0, "Total Cost": 48595.0, "Plan Rows": 55332, "Plan Width": 20, "Actual Startup Time": 0.026, "Actual Total Time": 268.56, "Actual Rows": 57384, "Actual Loops": 1, "Output": ["orders.o_orderkey", "orders.o_custkey", "orders.o_orderstatus", "orders.o_totalprice", "orders.o_orderdate", "orders.o_orderpriority", "orders.o_clerk", "orders.o_shippriority", "orders.o_comment"], "Filter": "((orders.o_orderdate >= '1994-07-01'::date) AND (orders.o_orderdate < '1994-10-01 00:00:00'::timestamp without time zone))", "Rows Removed by Filter": 1442616}, {"Node Type": "Index Scan", "Parent Relationship": "Inner", "Parallel Aware": false, "Scan Direction": "Forward", "Index Name": "idx_lineitem_orderkey", "Relation Name": "lineitem", "Schema": "public", "Alias": "lineitem", "Startup Cost": 0.43, "Total Cost": 4.65, "Plan Rows": 5, "Plan Width": 4, "Actual Startup Time": 0.005, "Actual Total Time": 0.005, "Actual Rows": 1, "Actual Loops": 57384, "Output": ["lineitem.l_orderkey", "lineitem.l_partkey", "lineitem.l_suppkey", "lineitem.l_linenumber", "lineitem.l_quantity", "lineitem.l_extendedprice", "lineitem.l_discount", "lineitem.l_tax", "lineitem.l_returnflag", "lineitem.l_linestatus", "lineitem.l_shipdate", "lineitem.l_commitdate", "lineitem.l_receiptdate", "lineitem.l_shipinstruct", "lineitem.l_shipmode", "lineitem.l_comment"], "Index Cond": "(lineitem.l_orderkey = orders.o_orderkey)", "Rows Removed by Index Recheck": 0, "Filter": "(lineitem.l_commitdate < lineitem.l_receiptdate)", "Rows Removed by Filter": 1}]}]}]}, "Planning Time": 2.166, "Triggers": [], "Execution Time": 595.981}]
q3#####[{"Plan": {"Node Type": "Limit", "Parallel Aware": false, "Startup Cost": 5539.85, "Total Cost": 5539.87, "Plan Rows": 10, "Plan Width": 44, "Actual Startup Time": 39.812, "Actual Total Time": 39.814, "Actual Rows": 0, "Actual Loops": 1, "Output": ["lineitem.l_orderkey", "(sum((lineitem.l_extendedprice * ('1'::numeric - lineitem.l_discount))))", "orders.o_orderdate", "orders.o_shippriority"], "Plans": [{"Node Type": "Sort", "Parent Relationship": "Outer", "Parallel Aware": false, "Startup Cost": 5539.85, "Total Cost": 5539.88, "Plan Rows": 11, "Plan Width": 44, "Actual Startup Time": 39.811, "Actual Total Time": 39.813, "Actual Rows": 0, "Actual Loops": 1, "Output": ["lineitem.l_orderkey", "(sum((lineitem.l_extendedprice * ('1'::numeric - lineitem.l_discount))))", "orders.o_orderdate", "orders.o_shippriority"], "Sort Key": ["(sum((lineitem.l_extendedprice * ('1'::numeric - lineitem.l_discount)))) DESC", "orders.o_orderdate"], "Sort Method": "quicksort", "Sort Space Used": 25, "Sort Space Type": "Memory", "Plans": [{"Node Type": "Aggregate", "Strategy": "Sorted", "Partial Mode": "Simple", "Parent Relationship": "Outer", "Parallel Aware": false, "Startup Cost": 5539.33, "Total Cost": 5539.66, "Plan Rows": 11, "Plan Width": 44, "Actual Startup Time": 39.771, "Actual Total Time": 39.772, "Actual Rows": 0, "Actual Loops": 1, "Output": ["lineitem.l_orderkey", "sum((lineitem.l_extendedprice * ('1'::numeric - lineitem.l_discount)))", "orders.o_orderdate", "orders.o_shippriority"], "Group Key": ["lineitem.l_orderkey", "orders.o_orderdate", "orders.o_shippriority"], "Plans": [{"Node Type": "Sort", "Parent Relationship": "Outer", "Parallel Aware": false, "Startup Cost": 5539.33, "Total Cost": 5539.36, "Plan Rows": 11, "Plan Width": 24, "Actual Startup Time": 39.77, "Actual Total Time": 39.771, "Actual Rows": 0, "Actual Loops": 1, "Output": ["lineitem.l_orderkey", "orders.o_orderdate", "orders.o_shippriority", "lineitem.l_extendedprice", "lineitem.l_discount"], "Sort Key": ["lineitem.l_orderkey", "orders.o_orderdate", "orders.o_shippriority"], "Sort Method": "quicksort", "Sort Space Used": 25, "Sort Space Type": "Memory", "Plans": [{"Node Type": "Nested Loop", "Parent Relationship": "Outer", "Parallel Aware": false, "Join Type": "Inner", "Startup Cost": 4.99, "Total Cost": 5539.14, "Plan Rows": 11, "Plan Width": 24, "Actual Startup Time": 39.743, "Actual Total Time": 39.744, "Actual Rows": 0, "Actual Loops": 1, "Output": ["lineitem.l_orderkey", "orders.o_orderdate", "orders.o_shippriority", "lineitem.l_extendedprice", "lineitem.l_discount"], "Inner Unique": false, "Plans": [{"Node Type": "Nested Loop", "Parent Relationship": "Outer", "Parallel Aware": false, "Join Type": "Inner", "Startup Cost": 4.56, "Total Cost": 5531.59, "Plan Rows": 5, "Plan Width": 12, "Actual Startup Time": 39.743, "Actual Total Time": 39.744, "Actual Rows": 0, "Actual Loops": 1, "Output": ["orders.o_orderdate", "orders.o_shippriority", "orders.o_orderkey"], "Inner Unique": false, "Plans": [{"Node Type": "Seq Scan", "Parent Relationship": "Outer", "Parallel Aware": false, "Relation Name": "customer", "Schema": "public", "Alias": "customer", "Startup Cost": 0.0, "Total Cost": 5460.0, "Plan Rows": 1, "Plan Width": 4, "Actual Startup Time": 39.742, "Actual Total Time": 39.743, "Actual Rows": 0, "Actual Loops": 1, "Output": ["customer.c_custkey", "customer.c_name", "customer.c_address", "customer.c_nationkey", "customer.c_phone", "customer.c_acctbal", "customer.c_mktsegment", "customer.c_comment"], "Filter": "(customer.c_mktsegment = 'building'::bpchar)", "Rows Removed by Filter": 150000}, {"Node Type": "Bitmap Heap Scan", "Parent Relationship": "Inner", "Parallel Aware": false, "Relation Name": "orders", "Schema": "public", "Alias": "orders", "Startup Cost": 4.56, "Total Cost": 71.51, "Plan Rows": 8, "Plan Width": 16, "Actual Startup Time": 0.0, "Actual Total Time": 0.0, "Actual Rows": 0, "Actual Loops": 0, "Output": ["orders.o_orderkey", "orders.o_custkey", "orders.o_orderstatus", "orders.o_totalprice", "orders.o_orderdate", "orders.o_orderpriority", "orders.o_clerk", "orders.o_shippriority", "orders.o_comment"], "Recheck Cond": "(orders.o_custkey = customer.c_custkey)", "Rows Removed by Index Recheck": 0, "Filter": "(orders.o_orderdate < '1995-03-10'::date)", "Rows Removed by Filter": 0, "Exact Heap Blocks": 0, "Lossy Heap Blocks": 0, "Plans": [{"Node Type": "Bitmap Index Scan", "Parent Relationship": "Outer", "Parallel Aware": false, "Index Name": "idx_orders_custkey", "Startup Cost": 0.0, "Total Cost": 4.56, "Plan Rows": 17, "Plan Width": 0, "Actual Startup Time": 0.0, "Actual Total Time": 0.0, "Actual Rows": 0, "Actual Loops": 0, "Index Cond": "(orders.o_custkey = customer.c_custkey)"}]}]}, {"Node Type": "Index Scan", "Parent Relationship": "Inner", "Parallel Aware": false, "Scan Direction": "Forward", "Index Name": "idx_lineitem_orderkey", "Relation Name": "lineitem", "Schema": "public", "Alias": "lineitem", "Startup Cost": 0.43, "Total Cost": 1.43, "Plan Rows": 8, "Plan Width": 16, "Actual Startup Time": 0.0, "Actual Total Time": 0.0, "Actual Rows": 0, "Actual Loops": 0, "Output": ["lineitem.l_orderkey", "lineitem.l_partkey", "lineitem.l_suppkey", "lineitem.l_linenumber", "lineitem.l_quantity", "lineitem.l_extendedprice", "lineitem.l_discount", "lineitem.l_tax", "lineitem.l_returnflag", "lineitem.l_linestatus", "lineitem.l_shipdate", "lineitem.l_commitdate", "lineitem.l_receiptdate", "lineitem.l_shipinstruct", "lineitem.l_shipmode", "lineitem.l_comment"], "Index Cond": "(lineitem.l_orderkey = orders.o_orderkey)", "Rows Removed by Index Recheck": 0, "Filter": "(lineitem.l_shipdate > '1995-03-10'::date)", "Rows Removed by Filter": 0}]}]}]}]}]}, "Planning Time": 2.717, "Triggers": [], "Execution Time": 39.967}]
q8#####[{"Plan": {"Node Type": "Aggregate", "Strategy": "Sorted", "Partial Mode": "Simple", "Parallel Aware": false, "Startup Cost": 52060.67, "Total Cost": 52114.04, "Plan Rows": 1186, "Plan Width": 40, "Actual Startup Time": 0.226, "Actual Total Time": 0.235, "Actual Rows": 0, "Actual Loops": 1, "Output": ["(date_part('year'::text, (orders.o_orderdate)::timestamp without time zone))", "(sum(CASE WHEN (n2.n_name = 'russia'::bpchar) THEN (lineitem.l_extendedprice * ('1'::numeric - lineitem.l_discount)) ELSE '0'::numeric END) / sum((lineitem.l_extendedprice * ('1'::numeric - lineitem.l_discount))))"], "Group Key": ["(date_part('year'::text, (orders.o_orderdate)::timestamp without time zone))"], "Plans": [{"Node Type": "Sort", "Parent Relationship": "Outer", "Parallel Aware": false, "Startup Cost": 52060.67, "Total Cost": 52063.64, "Plan Rows": 1186, "Plan Width": 49, "Actual Startup Time": 0.225, "Actual Total Time": 0.234, "Actual Rows": 0, "Actual Loops": 1, "Output": ["(date_part('year'::text, (orders.o_orderdate)::timestamp without time zone))", "n2.n_name", "lineitem.l_extendedprice", "lineitem.l_discount"], "Sort Key": ["(date_part('year'::text, (orders.o_orderdate)::timestamp without time zone))"], "Sort Method": "quicksort", "Sort Space Used": 25, "Sort Space Type": "Memory", "Plans": [{"Node Type": "Hash Join", "Parent Relationship": "Outer", "Parallel Aware": false, "Join Type": "Inner", "Startup Cost": 6652.98, "Total Cost": 52000.12, "Plan Rows": 1186, "Plan Width": 49, "Actual Startup Time": 0.17, "Actual Total Time": 0.179, "Actual Rows": 0, "Actual Loops": 1, "Output": ["date_part('year'::text, (orders.o_orderdate)::timestamp without time zone)", "n2.n_name", "lineitem.l_extendedprice", "lineitem.l_discount"], "Inner Unique": false, "Hash Cond": "(supplier.s_nationkey = n2.n_nationkey)", "Plans": [{"Node Type": "Nested Loop", "Parent Relationship": "Outer", "Parallel Aware": false, "Join Type": "Inner", "Startup Cost": 6631.5, "Total Cost": 51930.05, "Plan Rows": 465, "Plan Width": 20, "Actual Startup Time": 0.062, "Actual Total Time": 0.07, "Actual Rows": 0, "Actual Loops": 1, "Output": ["lineitem.l_extendedprice", "lineitem.l_discount", "supplier.s_nationkey", "orders.o_orderdate"], "Inner Unique": false, "Plans": [{"Node Type": "Hash Join", "Parent Relationship": "Outer", "Parallel Aware": false, "Join Type": "Inner", "Startup Cost": 6631.22, "Total Cost": 51784.34, "Plan Rows": 466, "Plan Width": 20, "Actual Startup Time": 0.062, "Actual Total Time": 0.069, "Actual Rows": 0, "Actual Loops": 1, "Output": ["lineitem.l_extendedprice", "lineitem.l_discount", "lineitem.l_suppkey", "orders.o_orderdate"], "Inner Unique": false, "Hash Cond": "(lineitem.l_partkey = part.p_partkey)", "Plans": [{"Node Type": "Nested Loop", "Parent Relationship": "Outer", "Parallel Aware": false, "Join Type": "Inner", "Startup Cost": 17.69, "Total Cost": 44901.81, "Plan Rows": 70494, "Plan Width": 24, "Actual Startup Time": 0.061, "Actual Total Time": 0.068, "Actual Rows": 0, "Actual Loops": 1, "Output": ["lineitem.l_extendedprice", "lineitem.l_discount", "lineitem.l_partkey", "lineitem.l_suppkey", "orders.o_orderdate"], "Inner Unique": false, "Plans": [{"Node Type": "Nested Loop", "Parent Relationship": "Outer", "Parallel Aware": false, "Join Type": "Inner", "Startup Cost": 17.26, "Total Cost": 10853.09, "Plan Rows": 17620, "Plan Width": 8, "Actual Startup Time": 0.061, "Actual Total Time": 0.068, "Actual Rows": 0, "Actual Loops": 1, "Output": ["orders.o_orderdate", "orders.o_orderkey"], "Inner Unique": false, "Plans": [{"Node Type": "Nested Loop", "Parent Relationship": "Outer", "Parallel Aware": false, "Join Type": "Inner", "Startup Cost": 16.83, "Total Cost": 1588.9, "Plan Rows": 5738, "Plan Width": 4, "Actual Startup Time": 0.061, "Actual Total Time": 0.067, "Actual Rows": 0, "Actual Loops": 1, "Output": ["customer.c_custkey"], "Inner Unique": false, "Plans": [{"Node Type": "Hash Join", "Parent Relationship": "Outer", "Parallel Aware": false, "Join Type": "Inner", "Startup Cost": 16.54, "Total Cost": 33.63, "Plan Rows": 8, "Plan Width": 4, "Actual Startup Time": 0.06, "Actual Total Time": 0.066, "Actual Rows": 0, "Actual Loops": 1, "Output": ["n1.n_nationkey"], "Inner Unique": false, "Hash Cond": "(n1.n_regionkey = region.r_regionkey)", "Plans": [{"Node Type": "Seq Scan", "Parent Relationship": "Outer", "Parallel Aware": false, "Relation Name": "nation", "Schema": "public", "Alias": "n1", "Startup Cost": 0.0, "Total Cost": 15.1, "Plan Rows": 510, "Plan Width": 8, "Actual Startup Time": 0.005, "Actual Total Time": 0.005, "Actual Rows": 1, "Actual Loops": 1, "Output": ["n1.n_nationkey", "n1.n_name", "n1.n_regionkey", "n1.n_comment"]}, {"Node Type": "Hash", "Parent Relationship": "Inner", "Parallel Aware": false, "Startup Cost": 16.5, "Total Cost": 16.5, "Plan Rows": 3, "Plan Width": 4, "Actual Startup Time": 0.025, "Actual Total Time": 0.029, "Actual Rows": 0, "Actual Loops": 1, "Output": ["region.r_regionkey"], "Hash Buckets": 1024, "Original Hash Buckets": 1024, "Hash Batches": 1, "Original Hash Batches": 1, "Peak Memory Usage": 8, "Plans": [{"Node Type": "Seq Scan", "Parent Relationship": "Outer", "Parallel Aware": false, "Relation Name": "region", "Schema": "public", "Alias": "region", "Startup Cost": 0.0, "Total Cost": 16.5, "Plan Rows": 3, "Plan Width": 4, "Actual Startup Time": 0.024, "Actual Total Time": 0.024, "Actual Rows": 0, "Actual Loops": 1, "Output": ["region.r_regionkey"], "Filter": "(region.r_name = 'europe'::bpchar)", "Rows Removed by Filter": 5}]}]}, {"Node Type": "Index Scan", "Parent Relationship": "Inner", "Parallel Aware": false, "Scan Direction": "Forward", "Index Name": "idx_customer_nationkey", "Relation Name": "customer", "Schema": "public", "Alias": "customer", "Startup Cost": 0.29, "Total Cost": 134.41, "Plan Rows": 6000, "Plan Width": 8, "Actual Startup Time": 0.0, "Actual Total Time": 0.0, "Actual Rows": 0, "Actual Loops": 0, "Output": ["customer.c_custkey", "customer.c_name", "customer.c_address", "customer.c_nationkey", "customer.c_phone", "customer.c_acctbal", "customer.c_mktsegment", "customer.c_comment"], "Index Cond": "(customer.c_nationkey = n1.n_nationkey)", "Rows Removed by Index Recheck": 0}]}, {"Node Type": "Index Scan", "Parent Relationship": "Inner", "Parallel Aware": false, "Scan Direction": "Forward", "Index Name": "idx_orders_custkey", "Relation Name": "orders", "Schema": "public", "Alias": "orders", "Startup Cost": 0.43, "Total Cost": 1.56, "Plan Rows": 5, "Plan Width": 12, "Actual Startup Time": 0.0, "Actual Total Time": 0.0, "Actual Rows": 0, "Actual Loops": 0, "Output": ["orders.o_orderkey", "orders.o_custkey", "orders.o_orderstatus", "orders.o_totalprice", "orders.o_orderdate", "orders.o_orderpriority", "orders.o_clerk", "orders.o_shippriority", "orders.o_comment"], "Index Cond": "(orders.o_custkey = customer.c_custkey)", "Rows Removed by Index Recheck": 0, "Filter": "((orders.o_orderdate >= '1995-01-01'::date) AND (orders.o_orderdate <= '1996-12-31'::date))", "Rows Removed by Filter": 0}]}, {"Node Type": "Index Scan", "Parent Relationship": "Inner", "Parallel Aware": false, "Scan Direction": "Forward", "Index Name": "idx_lineitem_orderkey", "Relation Name": "lineitem", "Schema": "public", "Alias": "lineitem", "Startup Cost": 0.43, "Total Cost": 1.77, "Plan Rows": 16, "Plan Width": 24, "Actual Startup Time": 0.0, "Actual Total Time": 0.0, "Actual Rows": 0, "Actual Loops": 0, "Output": ["lineitem.l_orderkey", "lineitem.l_partkey", "lineitem.l_suppkey", "lineitem.l_linenumber", "lineitem.l_quantity", "lineitem.l_extendedprice", "lineitem.l_discount", "lineitem.l_tax", "lineitem.l_returnflag", "lineitem.l_linestatus", "lineitem.l_shipdate", "lineitem.l_commitdate", "lineitem.l_receiptdate", "lineitem.l_shipinstruct", "lineitem.l_shipmode", "lineitem.l_comment"], "Index Cond": "(lineitem.l_orderkey = orders.o_orderkey)", "Rows Removed by Index Recheck": 0}]}, {"Node Type": "Hash", "Parent Relationship": "Inner", "Parallel Aware": false, "Startup Cost": 6597.0, "Total Cost": 6597.0, "Plan Rows": 1322, "Plan Width": 4, "Actual Startup Time": 0.0, "Actual Total Time": 0.0, "Actual Rows": 0, "Actual Loops": 0, "Output": ["part.p_partkey"], "Plans": [{"Node Type": "Seq Scan", "Parent Relationship": "Outer", "Parallel Aware": false, "Relation Name": "part", "Schema": "public", "Alias": "part", "Startup Cost": 0.0, "Total Cost": 6597.0, "Plan Rows": 1322, "Plan Width": 4, "Actual Startup Time": 0.0, "Actual Total Time": 0.0, "Actual Rows": 0, "Actual Loops": 0, "Output": ["part.p_partkey"], "Filter": "((part.p_type)::text = 'economy brushed brass'::text)", "Rows Removed by Filter": 0}]}]}, {"Node Type": "Index Scan", "Parent Relationship": "Inner", "Parallel Aware": false, "Scan Direction": "Forward", "Index Name": "idx_supplier_suppkey", "Relation Name": "supplier", "Schema": "public", "Alias": "supplier", "Startup Cost": 0.29, "Total Cost": 0.3, "Plan Rows": 1, "Plan Width": 8, "Actual Startup Time": 0.0, "Actual Total Time": 0.0, "Actual Rows": 0, "Actual Loops": 0, "Output": ["supplier.s_suppkey", "supplier.s_name", "supplier.s_address", "supplier.s_nationkey", "supplier.s_phone", "supplier.s_acctbal", "supplier.s_comment"], "Index Cond": "(supplier.s_suppkey = lineitem.l_suppkey)", "Rows Removed by Index Recheck": 0}]}, {"Node Type": "Hash", "Parent Relationship": "Inner", "Parallel Aware": false, "Startup Cost": 15.1, "Total Cost": 15.1, "Plan Rows": 510, "Plan Width": 33, "Actual Startup Time": 0.057, "Actual Total Time": 0.057, "Actual Rows": 25, "Actual Loops": 1, "Output": ["n2.n_name", "n2.n_nationkey"], "Hash Buckets": 1024, "Original Hash Buckets": 1024, "Hash Batches": 1, "Original Hash Batches": 1, "Peak Memory Usage": 10, "Plans": [{"Node Type": "Seq Scan", "Parent Relationship": "Outer", "Parallel Aware": false, "Relation Name": "nation", "Schema": "public", "Alias": "n2", "Startup Cost": 0.0, "Total Cost": 15.1, "Plan Rows": 510, "Plan Width": 33, "Actual Startup Time": 0.034, "Actual Total Time": 0.041, "Actual Rows": 25, "Actual Loops": 1, "Output": ["n2.n_name", "n2.n_nationkey"]}]}]}]}]}, "Planning Time": 5.159, "Triggers": [], "Execution Time": 0.603}]
q6#####[{"Plan": {"Node Type": "Aggregate", "Strategy": "Plain", "Partial Mode": "Simple", "Parallel Aware": false, "Startup Cost": 248159.42, "Total Cost": 248159.43, "Plan Rows": 1, "Plan Width": 32, "Actual Startup Time": 1324.791, "Actual Total Time": 1324.792, "Actual Rows": 1, "Actual Loops": 1, "Output": ["sum((l_extendedprice * l_discount))"], "Plans": [{"Node Type": "Seq Scan", "Parent Relationship": "Outer", "Parallel Aware": false, "Relation Name": "lineitem", "Schema": "public", "Alias": "lineitem", "Startup Cost": 0.0, "Total Cost": 247532.09, "Plan Rows": 125466, "Plan Width": 12, "Actual Startup Time": 0.035, "Actual Total Time": 1300.404, "Actual Rows": 118909, "Actual Loops": 1, "Output": ["l_orderkey", "l_partkey", "l_suppkey", "l_linenumber", "l_quantity", "l_extendedprice", "l_discount", "l_tax", "l_returnflag", "l_linestatus", "l_shipdate", "l_commitdate", "l_receiptdate", "l_shipinstruct", "l_shipmode", "l_comment"], "Filter": "((lineitem.l_shipdate >= '1994-01-01'::date) AND (lineitem.l_shipdate < '1995-01-01 00:00:00'::timestamp without time zone) AND (lineitem.l_discount >= 0.01) AND (lineitem.l_discount <= 0.03) AND (lineitem.l_quantity < '25'::numeric))", "Rows Removed by Filter": 5882306}]}, "Planning Time": 2.418, "Triggers": [], "Execution Time": 1324.853}]
q7#####[{"Plan": {"Node Type": "Aggregate", "Strategy": "Sorted", "Partial Mode": "Simple", "Parallel Aware": false, "Startup Cost": 56295.29, "Total Cost": 56315.45, "Plan Rows": 576, "Plan Width": 98, "Actual Startup Time": 0.108, "Actual Total Time": 0.113, "Actual Rows": 0, "Actual Loops": 1, "Output": ["n1.n_name", "n2.n_name", "(date_part('year'::text, (lineitem.l_shipdate)::timestamp without time zone))", "sum((lineitem.l_extendedprice * ('1'::numeric - lineitem.l_discount)))"], "Group Key": ["n1.n_name", "n2.n_name", "(date_part('year'::text, (lineitem.l_shipdate)::timestamp without time zone))"], "Plans": [{"Node Type": "Sort", "Parent Relationship": "Outer", "Parallel Aware": false, "Startup Cost": 56295.29, "Total Cost": 56296.73, "Plan Rows": 576, "Plan Width": 78, "Actual Startup Time": 0.107, "Actual Total Time": 0.112, "Actual Rows": 0, "Actual Loops": 1, "Output": ["n1.n_name", "n2.n_name", "(date_part('year'::text, (lineitem.l_shipdate)::timestamp without time zone))", "lineitem.l_extendedprice", "lineitem.l_discount"], "Sort Key": ["n1.n_name", "n2.n_name", "(date_part('year'::text, (lineitem.l_shipdate)::timestamp without time zone))"], "Sort Method": "quicksort", "Sort Space Used": 25, "Sort Space Type": "Memory", "Plans": [{"Node Type": "Hash Join", "Parent Relationship": "Outer", "Parallel Aware": false, "Join Type": "Inner", "Startup Cost": 401.41, "Total Cost": 56268.88, "Plan Rows": 576, "Plan Width": 78, "Actual Startup Time": 0.056, "Actual Total Time": 0.061, "Actual Rows": 0, "Actual Loops": 1, "Output": ["n1.n_name", "n2.n_name", "date_part('year'::text, (lineitem.l_shipdate)::timestamp without time zone)", "lineitem.l_extendedprice", "lineitem.l_discount"], "Inner Unique": false, "Hash Cond": "(lineitem.l_suppkey = supplier.s_suppkey)", "Join Filter": "(((n1.n_name = 'algeria'::bpchar) AND (n2.n_name = 'russia'::bpchar)) OR ((n1.n_name = 'russia'::bpchar) AND (n2.n_name = 'algeria'::bpchar)))", "Rows Removed by Join Filter": 0, "Plans": [{"Node Type": "Nested Loop", "Parent Relationship": "Outer", "Parallel Aware": false, "Join Type": "Inner", "Startup Cost": 18.57, "Total Cost": 55688.01, "Plan Rows": 45928, "Plan Width": 49, "Actual Startup Time": 0.056, "Actual Total Time": 0.06, "Actual Rows": 0, "Actual Loops": 1, "Output": ["lineitem.l_shipdate", "lineitem.l_extendedprice", "lineitem.l_discount", "lineitem.l_suppkey", "n2.n_name"], "Inner Unique": false, "Plans": [{"Node Type": "Nested Loop", "Parent Relationship": "Outer", "Parallel Aware": false, "Join Type": "Inner", "Startup Cost": 18.14, "Total Cost": 11888.46, "Plan Rows": 37500, "Plan Width": 33, "Actual Startup Time": 0.056, "Actual Total Time": 0.059, "Actual Rows": 0, "Actual Loops": 1, "Output": ["orders.o_orderkey", "n2.n_name"], "Inner Unique": false, "Plans": [{"Node Type": "Hash Join", "Parent Relationship": "Outer", "Parallel Aware": false, "Join Type": "Inner", "Startup Cost": 17.71, "Total Cost": 5702.71, "Plan Rows": 3750, "Plan Width": 33, "Actual Startup Time": 0.055, "Actual Total Time": 0.059, "Actual Rows": 0, "Actual Loops": 1, "Output": ["customer.c_custkey", "n2.n_name"], "Inner Unique": false, "Hash Cond": "(customer.c_nationkey = n2.n_nationkey)", "Plans": [{"Node Type": "Seq Scan", "Parent Relationship": "Outer", "Parallel Aware": false, "Relation Name": "customer", "Schema": "public", "Alias": "customer", "Startup Cost": 0.0, "Total Cost": 5085.0, "Plan Rows": 150000, "Plan Width": 8, "Actual Startup Time": 0.013, "Actual Total Time": 0.014, "Actual Rows": 1, "Actual Loops": 1, "Output": ["customer.c_custkey", "customer.c_name", "customer.c_address", "customer.c_nationkey", "customer.c_phone", "customer.c_acctbal", "customer.c_mktsegment", "customer.c_comment"]}, {"Node Type": "Hash", "Parent Relationship": "Inner", "Parallel Aware": false, "Startup Cost": 17.65, "Total Cost": 17.65, "Plan Rows": 5, "Plan Width": 33, "Actual Startup Time": 0.023, "Actual Total Time": 0.025, "Actual Rows": 0, "Actual Loops": 1, "Output": ["n2.n_name", "n2.n_nationkey"], "Hash Buckets": 1024, "Original Hash Buckets": 1024, "Hash Batches": 1, "Original Hash Batches": 1, "Peak Memory Usage": 8, "Plans": [{"Node Type": "Seq Scan", "Parent Relationship": "Outer", "Parallel Aware": false, "Relation Name": "nation", "Schema": "public", "Alias": "n2", "Startup Cost": 0.0, "Total Cost": 17.65, "Plan Rows": 5, "Plan Width": 33, "Actual Startup Time": 0.022, "Actual Total Time": 0.022, "Actual Rows": 0, "Actual Loops": 1, "Output": ["n2.n_name", "n2.n_nationkey"], "Filter": "((n2.n_name = 'russia'::bpchar) OR (n2.n_name = 'algeria'::bpchar))", "Rows Removed by Filter": 25}]}]}, {"Node Type": "Index Scan", "Parent Relationship": "Inner", "Parallel Aware": false, "Scan Direction": "Forward", "Index Name": "idx_orders_custkey", "Relation Name": "orders", "Schema": "public", "Alias": "orders", "Startup Cost": 0.43, "Total Cost": 1.48, "Plan Rows": 17, "Plan Width": 8, "Actual Startup Time": 0.0, "Actual Total Time": 0.0, "Actual Rows": 0, "Actual Loops": 0, "Output": ["orders.o_orderkey", "orders.o_custkey", "orders.o_orderstatus", "orders.o_totalprice", "orders.o_orderdate", "orders.o_orderpriority", "orders.o_clerk", "orders.o_shippriority", "orders.o_comment"], "Index Cond": "(orders.o_custkey = customer.c_custkey)", "Rows Removed by Index Recheck": 0}]}, {"Node Type": "Index Scan", "Parent Relationship": "Inner", "Parallel Aware": false, "Scan Direction": "Forward", "Index Name": "idx_lineitem_orderkey", "Relation Name": "lineitem", "Schema": "public", "Alias": "lineitem", "Startup Cost": 0.43, "Total Cost": 1.12, "Plan Rows": 5, "Plan Width": 24, "Actual Startup Time": 0.0, "Actual Total Time": 0.0, "Actual Rows": 0, "Actual Loops": 0, "Output": ["lineitem.l_orderkey", "lineitem.l_partkey", "lineitem.l_suppkey", "lineitem.l_linenumber", "lineitem.l_quantity", "lineitem.l_extendedprice", "lineitem.l_discount", "lineitem.l_tax", "lineitem.l_returnflag", "lineitem.l_linestatus", "lineitem.l_shipdate", "lineitem.l_commitdate", "lineitem.l_receiptdate", "lineitem.l_shipinstruct", "lineitem.l_shipmode", "lineitem.l_comment"], "Index Cond": "(lineitem.l_orderkey = orders.o_orderkey)", "Rows Removed by Index Recheck": 0, "Filter": "((lineitem.l_shipdate >= '1995-01-01'::date) AND (lineitem.l_shipdate <= '1996-12-31'::date))", "Rows Removed by Filter": 0}]}, {"Node Type": "Hash", "Parent Relationship": "Inner", "Parallel Aware": false, "Startup Cost": 379.71, "Total Cost": 379.71, "Plan Rows": 250, "Plan Width": 33, "Actual Startup Time": 0.0, "Actual Total Time": 0.0, "Actual Rows": 0, "Actual Loops": 0, "Output": ["supplier.s_suppkey", "n1.n_name"], "Plans": [{"Node Type": "Hash Join", "Parent Relationship": "Outer", "Parallel Aware": false, "Join Type": "Inner", "Startup Cost": 17.71, "Total Cost": 379.71, "Plan Rows": 250, "Plan Width": 33, "Actual Startup Time": 0.0, "Actual Total Time": 0.0, "Actual Rows": 0, "Actual Loops": 0, "Output": ["supplier.s_suppkey", "n1.n_name"], "Inner Unique": false, "Hash Cond": "(supplier.s_nationkey = n1.n_nationkey)", "Plans": [{"Node Type": "Seq Scan", "Parent Relationship": "Outer", "Parallel Aware": false, "Relation Name": "supplier", "Schema": "public", "Alias": "supplier", "Startup Cost": 0.0, "Total Cost": 322.0, "Plan Rows": 10000, "Plan Width": 8, "Actual Startup Time": 0.0, "Actual Total Time": 0.0, "Actual Rows": 0, "Actual Loops": 0, "Output": ["supplier.s_suppkey", "supplier.s_name", "supplier.s_address", "supplier.s_nationkey", "supplier.s_phone", "supplier.s_acctbal", "supplier.s_comment"]}, {"Node Type": "Hash", "Parent Relationship": "Inner", "Parallel Aware": false, "Startup Cost": 17.65, "Total Cost": 17.65, "Plan Rows": 5, "Plan Width": 33, "Actual Startup Time": 0.0, "Actual Total Time": 0.0, "Actual Rows": 0, "Actual Loops": 0, "Output": ["n1.n_name", "n1.n_nationkey"], "Plans": [{"Node Type": "Seq Scan", "Parent Relationship": "Outer", "Parallel Aware": false, "Relation Name": "nation", "Schema": "public", "Alias": "n1", "Startup Cost": 0.0, "Total Cost": 17.65, "Plan Rows": 5, "Plan Width": 33, "Actual Startup Time": 0.0, "Actual Total Time": 0.0, "Actual Rows": 0, "Actual Loops": 0, "Output": ["n1.n_name", "n1.n_nationkey"], "Filter": "((n1.n_name = 'algeria'::bpchar) OR (n1.n_name = 'russia'::bpchar))", "Rows Removed by Filter": 0}]}]}]}]}]}]}, "Planning Time": 5.411, "Triggers": [], "Execution Time": 0.281}]
q17#####[{"Plan": {"Node Type": "Aggregate", "Strategy": "Plain", "Partial Mode": "Simple", "Parallel Aware": false, "Startup Cost": 11182.06, "Total Cost": 11182.07, "Plan Rows": 1, "Plan Width": 32, "Actual Startup Time": 67.372, "Actual Total Time": 67.375, "Actual Rows": 1, "Actual Loops": 1, "Output": ["(sum(lineitem.l_extendedprice) / 7.0)"], "Plans": [{"Node Type": "Nested Loop", "Parent Relationship": "Outer", "Parallel Aware": false, "Join Type": "Inner", "Startup Cost": 0.43, "Total Cost": 11182.03, "Plan Rows": 10, "Plan Width": 8, "Actual Startup Time": 67.369, "Actual Total Time": 67.371, "Actual Rows": 0, "Actual Loops": 1, "Output": ["lineitem.l_extendedprice"], "Inner Unique": false, "Plans": [{"Node Type": "Seq Scan", "Parent Relationship": "Outer", "Parallel Aware": false, "Relation Name": "part", "Schema": "public", "Alias": "part", "Startup Cost": 0.0, "Total Cost": 7097.0, "Plan Rows": 1, "Plan Width": 4, "Actual Startup Time": 67.368, "Actual Total Time": 67.369, "Actual Rows": 0, "Actual Loops": 1, "Output": ["part.p_partkey", "part.p_name", "part.p_mfgr", "part.p_brand", "part.p_type", "part.p_size", "part.p_container", "part.p_retailprice", "part.p_comment"], "Filter": "((part.p_brand = 'brand#31'::bpchar) AND (part.p_container = 'lg jar'::bpchar))", "Rows Removed by Filter": 200000}, {"Node Type": "Index Scan", "Parent Relationship": "Inner", "Parallel Aware": false, "Scan Direction": "Forward", "Index Name": "idx_lineitem_partkey_suppkey", "Relation Name": "lineitem", "Schema": "public", "Alias": "lineitem", "Startup Cost": 0.43, "Total Cost": 4084.93, "Plan Rows": 10, "Plan Width": 17, "Actual Startup Time": 0.0, "Actual Total Time": 0.0, "Actual Rows": 0, "Actual Loops": 0, "Output": ["lineitem.l_orderkey", "lineitem.l_partkey", "lineitem.l_suppkey", "lineitem.l_linenumber", "lineitem.l_quantity", "lineitem.l_extendedprice", "lineitem.l_discount", "lineitem.l_tax", "lineitem.l_returnflag", "lineitem.l_linestatus", "lineitem.l_shipdate", "lineitem.l_commitdate", "lineitem.l_receiptdate", "lineitem.l_shipinstruct", "lineitem.l_shipmode", "lineitem.l_comment"], "Index Cond": "(lineitem.l_partkey = part.p_partkey)", "Rows Removed by Index Recheck": 0, "Filter": "(lineitem.l_quantity < (SubPlan 1))", "Rows Removed by Filter": 0, "Plans": [{"Node Type": "Aggregate", "Strategy": "Plain", "Partial Mode": "Simple", "Parent Relationship": "SubPlan", "Subplan Name": "SubPlan 1", "Parallel Aware": false, "Startup Cost": 127.6, "Total Cost": 127.61, "Plan Rows": 1, "Plan Width": 32, "Actual Startup Time": 0.0, "Actual Total Time": 0.0, "Actual Rows": 0, "Actual Loops": 0, "Output": ["(0.2 * avg(lineitem_1.l_quantity))"], "Plans": [{"Node Type": "Bitmap Heap Scan", "Parent Relationship": "Outer", "Parallel Aware": false, "Relation Name": "lineitem", "Schema": "public", "Alias": "lineitem_1", "Startup Cost": 4.67, "Total Cost": 127.52, "Plan Rows": 31, "Plan Width": 5, "Actual Startup Time": 0.0, "Actual Total Time": 0.0, "Actual Rows": 0, "Actual Loops": 0, "Output": ["lineitem_1.l_orderkey", "lineitem_1.l_partkey", "lineitem_1.l_suppkey", "lineitem_1.l_linenumber", "lineitem_1.l_quantity", "lineitem_1.l_extendedprice", "lineitem_1.l_discount", "lineitem_1.l_tax", "lineitem_1.l_returnflag", "lineitem_1.l_linestatus", "lineitem_1.l_shipdate", "lineitem_1.l_commitdate", "lineitem_1.l_receiptdate", "lineitem_1.l_shipinstruct", "lineitem_1.l_shipmode", "lineitem_1.l_comment"], "Recheck Cond": "(lineitem_1.l_partkey = part.p_partkey)", "Rows Removed by Index Recheck": 0, "Exact Heap Blocks": 0, "Lossy Heap Blocks": 0, "Plans": [{"Node Type": "Bitmap Index Scan", "Parent Relationship": "Outer", "Parallel Aware": false, "Index Name": "idx_lineitem_partkey_suppkey", "Startup Cost": 0.0, "Total Cost": 4.67, "Plan Rows": 31, "Plan Width": 0, "Actual Startup Time": 0.0, "Actual Total Time": 0.0, "Actual Rows": 0, "Actual Loops": 0, "Index Cond": "(lineitem_1.l_partkey = part.p_partkey)"}]}]}]}]}]}, "Planning Time": 2.406, "Triggers": [], "Execution Time": 67.486}]
q11#####[{"Plan": {"Node Type": "Sort", "Parallel Aware": false, "Startup Cost": 4484.37, "Total Cost": 4494.37, "Plan Rows": 3998, "Plan Width": 36, "Actual Startup Time": 0.127, "Actual Total Time": 0.129, "Actual Rows": 0, "Actual Loops": 1, "Output": ["partsupp.ps_partkey", "(sum((partsupp.ps_supplycost * (partsupp.ps_availqty)::numeric)))"], "Sort Key": ["(sum((partsupp.ps_supplycost * (partsupp.ps_availqty)::numeric))) DESC"], "Sort Method": "quicksort", "Sort Space Used": 25, "Sort Space Type": "Memory", "Plans": [{"Node Type": "Aggregate", "Strategy": "Plain", "Partial Mode": "Simple", "Parent Relationship": "InitPlan", "Subplan Name": "InitPlan 1 (returns $1)", "Parallel Aware": false, "Startup Cost": 1957.67, "Total Cost": 1957.69, "Plan Rows": 1, "Plan Width": 32, "Actual Startup Time": 0.0, "Actual Total Time": 0.0, "Actual Rows": 0, "Actual Loops": 0, "Output": ["(sum((partsupp_1.ps_supplycost * (partsupp_1.ps_availqty)::numeric)) * 0.0001000000)"], "Plans": [{"Node Type": "Nested Loop", "Parent Relationship": "Outer", "Parallel Aware": false, "Join Type": "Inner", "Startup Cost": 16.84, "Total Cost": 1867.72, "Plan Rows": 11994, "Plan Width": 10, "Actual Startup Time": 0.0, "Actual Total Time": 0.0, "Actual Rows": 0, "Actual Loops": 0, "Output": ["partsupp_1.ps_supplycost", "partsupp_1.ps_availqty"], "Inner Unique": false, "Plans": [{"Node Type": "Hash Join", "Parent Relationship": "Outer", "Parallel Aware": false, "Join Type": "Inner", "Startup Cost": 16.41, "Total Cost": 377.41, "Plan Rows": 150, "Plan Width": 4, "Actual Startup Time": 0.0, "Actual Total Time": 0.0, "Actual Rows": 0, "Actual Loops": 0, "Output": ["supplier_1.s_suppkey"], "Inner Unique": false, "Hash Cond": "(supplier_1.s_nationkey = nation_1.n_nationkey)", "Plans": [{"Node Type": "Seq Scan", "Parent Relationship": "Outer", "Parallel Aware": false, "Relation Name": "supplier", "Schema": "public", "Alias": "supplier_1", "Startup Cost": 0.0, "Total Cost": 322.0, "Plan Rows": 10000, "Plan Width": 8, "Actual Startup Time": 0.0, "Actual Total Time": 0.0, "Actual Rows": 0, "Actual Loops": 0, "Output": ["supplier_1.s_suppkey", "supplier_1.s_name", "supplier_1.s_address", "supplier_1.s_nationkey", "supplier_1.s_phone", "supplier_1.s_acctbal", "supplier_1.s_comment"]}, {"Node Type": "Hash", "Parent Relationship": "Inner", "Parallel Aware": false, "Startup Cost": 16.38, "Total Cost": 16.38, "Plan Rows": 3, "Plan Width": 4, "Actual Startup Time": 0.0, "Actual Total Time": 0.0, "Actual Rows": 0, "Actual Loops": 0, "Output": ["nation_1.n_nationkey"], "Plans": [{"Node Type": "Seq Scan", "Parent Relationship": "Outer", "Parallel Aware": false, "Relation Name": "nation", "Schema": "public", "Alias": "nation_1", "Startup Cost": 0.0, "Total Cost": 16.38, "Plan Rows": 3, "Plan Width": 4, "Actual Startup Time": 0.0, "Actual Total Time": 0.0, "Actual Rows": 0, "Actual Loops": 0, "Output": ["nation_1.n_nationkey"], "Filter": "(nation_1.n_name = 'germany'::bpchar)", "Rows Removed by Filter": 0}]}]}, {"Node Type": "Index Scan", "Parent Relationship": "Inner", "Parallel Aware": false, "Scan Direction": "Forward", "Index Name": "idx_partsupp_suppkey", "Relation Name": "partsupp", "Schema": "public", "Alias": "partsupp_1", "Startup Cost": 0.42, "Total Cost": 9.14, "Plan Rows": 80, "Plan Width": 14, "Actual Startup Time": 0.0, "Actual Total Time": 0.0, "Actual Rows": 0, "Actual Loops": 0, "Output": ["partsupp_1.ps_partkey", "partsupp_1.ps_suppkey", "partsupp_1.ps_availqty", "partsupp_1.ps_supplycost", "partsupp_1.ps_comment"], "Index Cond": "(partsupp_1.ps_suppkey = supplier_1.s_suppkey)", "Rows Removed by Index Recheck": 0}]}]}, {"Node Type": "Aggregate", "Strategy": "Hashed", "Partial Mode": "Simple", "Parent Relationship": "Outer", "Parallel Aware": false, "Startup Cost": 2077.61, "Total Cost": 2287.51, "Plan Rows": 3998, "Plan Width": 36, "Actual Startup Time": 0.096, "Actual Total Time": 0.097, "Actual Rows": 0, "Actual Loops": 1, "Output": ["partsupp.ps_partkey", "sum((partsupp.ps_supplycost * (partsupp.ps_availqty)::numeric))"], "Group Key": ["partsupp.ps_partkey"], "Filter": "(sum((partsupp.ps_supplycost * (partsupp.ps_availqty)::numeric)) > $1)", "Planned Partitions": 0, "HashAgg Batches": 1, "Peak Memory Usage": 409, "Disk Usage": 0, "Rows Removed by Filter": 0, "Plans": [{"Node Type": "Nested Loop", "Parent Relationship": "Outer", "Parallel Aware": false, "Join Type": "Inner", "Startup Cost": 16.84, "Total Cost": 1867.72, "Plan Rows": 11994, "Plan Width": 14, "Actual Startup Time": 0.045, "Actual Total Time": 0.046, "Actual Rows": 0, "Actual Loops": 1, "Output": ["partsupp.ps_partkey", "partsupp.ps_supplycost", "partsupp.ps_availqty"], "Inner Unique": false, "Plans": [{"Node Type": "Hash Join", "Parent Relationship": "Outer", "Parallel Aware": false, "Join Type": "Inner", "Startup Cost": 16.41, "Total Cost": 377.41, "Plan Rows": 150, "Plan Width": 4, "Actual Startup Time": 0.045, "Actual Total Time": 0.046, "Actual Rows": 0, "Actual Loops": 1, "Output": ["supplier.s_suppkey"], "Inner Unique": false, "Hash Cond": "(supplier.s_nationkey = nation.n_nationkey)", "Plans": [{"Node Type": "Seq Scan", "Parent Relationship": "Outer", "Parallel Aware": false, "Relation Name": "supplier", "Schema": "public", "Alias": "supplier", "Startup Cost": 0.0, "Total Cost": 322.0, "Plan Rows": 10000, "Plan Width": 8, "Actual Startup Time": 0.016, "Actual Total Time": 0.016, "Actual Rows": 1, "Actual Loops": 1, "Output": ["supplier.s_suppkey", "supplier.s_name", "supplier.s_address", "supplier.s_nationkey", "supplier.s_phone", "supplier.s_acctbal", "supplier.s_comment"]}, {"Node Type": "Hash", "Parent Relationship": "Inner", "Parallel Aware": false, "Startup Cost": 16.38, "Total Cost": 16.38, "Plan Rows": 3, "Plan Width": 4, "Actual Startup Time": 0.017, "Actual Total Time": 0.017, "Actual Rows": 0, "Actual Loops": 1, "Output": ["nation.n_nationkey"], "Hash Buckets": 1024, "Original Hash Buckets": 1024, "Hash Batches": 1, "Original Hash Batches": 1, "Peak Memory Usage": 8, "Plans": [{"Node Type": "Seq Scan", "Parent Relationship": "Outer", "Parallel Aware": false, "Relation Name": "nation", "Schema": "public", "Alias": "nation", "Startup Cost": 0.0, "Total Cost": 16.38, "Plan Rows": 3, "Plan Width": 4, "Actual Startup Time": 0.016, "Actual Total Time": 0.016, "Actual Rows": 0, "Actual Loops": 1, "Output": ["nation.n_nationkey"], "Filter": "(nation.n_name = 'germany'::bpchar)", "Rows Removed by Filter": 25}]}]}, {"Node Type": "Index Scan", "Parent Relationship": "Inner", "Parallel Aware": false, "Scan Direction": "Forward", "Index Name": "idx_partsupp_suppkey", "Relation Name": "partsupp", "Schema": "public", "Alias": "partsupp", "Startup Cost": 0.42, "Total Cost": 9.14, "Plan Rows": 80, "Plan Width": 18, "Actual Startup Time": 0.0, "Actual Total Time": 0.0, "Actual Rows": 0, "Actual Loops": 0, "Output": ["partsupp.ps_partkey", "partsupp.ps_suppkey", "partsupp.ps_availqty", "partsupp.ps_supplycost", "partsupp.ps_comment"], "Index Cond": "(partsupp.ps_suppkey = supplier.s_suppkey)", "Rows Removed by Index Recheck": 0}]}]}]}, "Planning Time": 1.449, "Triggers": [], "Execution Time": 0.524}]
q16#####[{"Plan": {"Node Type": "Sort", "Parallel Aware": false, "Startup Cost": 41940.81, "Total Cost": 41981.84, "Plan Rows": 16413, "Plan Width": 44, "Actual Startup Time": 473.134, "Actual Total Time": 473.808, "Actual Rows": 19611, "Actual Loops": 1, "Output": ["part.p_brand", "part.p_type", "part.p_size", "(count(DISTINCT partsupp.ps_suppkey))"], "Sort Key": ["(count(DISTINCT partsupp.ps_suppkey)) DESC", "part.p_brand", "part.p_type", "part.p_size"], "Sort Method": "quicksort", "Sort Space Used": 2318, "Sort Space Type": "Memory", "Plans": [{"Node Type": "Aggregate", "Strategy": "Sorted", "Partial Mode": "Simple", "Parent Relationship": "Outer", "Parallel Aware": false, "Startup Cost": 39838.13, "Total Cost": 40791.69, "Plan Rows": 16413, "Plan Width": 44, "Actual Startup Time": 398.508, "Actual Total Time": 451.111, "Actual Rows": 19611, "Actual Loops": 1, "Output": ["part.p_brand", "part.p_type", "part.p_size", "count(DISTINCT partsupp.ps_suppkey)"], "Group Key": ["part.p_brand", "part.p_type", "part.p_size"], "Plans": [{"Node Type": "Sort", "Parent Relationship": "Outer", "Parallel Aware": false, "Startup Cost": 39838.13, "Total Cost": 39996.02, "Plan Rows": 63154, "Plan Width": 40, "Actual Startup Time": 398.491, "Actual Total Time": 409.805, "Actual Rows": 127828, "Actual Loops": 1, "Output": ["part.p_brand", "part.p_type", "part.p_size", "partsupp.ps_suppkey"], "Sort Key": ["part.p_brand", "part.p_type", "part.p_size"], "Sort Method": "quicksort", "Sort Space Used": 13059, "Sort Space Type": "Memory", "Plans": [{"Node Type": "Hash Join", "Parent Relationship": "Outer", "Parallel Aware": false, "Join Type": "Inner", "Startup Cost": 9839.14, "Total Cost": 34802.68, "Plan Rows": 63154, "Plan Width": 40, "Actual Startup Time": 83.331, "Actual Total Time": 261.641, "Actual Rows": 127828, "Actual Loops": 1, "Output": ["part.p_brand", "part.p_type", "part.p_size", "partsupp.ps_suppkey"], "Inner Unique": false, "Hash Cond": "(partsupp.ps_partkey = part.p_partkey)", "Plans": [{"Node Type": "Index Only Scan", "Parent Relationship": "Outer", "Parallel Aware": false, "Scan Direction": "Forward", "Index Name": "idx_partsupp_partkey_suppkey", "Relation Name": "partsupp", "Schema": "public", "Alias": "partsupp", "Startup Cost": 347.43, "Total Cost": 23179.43, "Plan Rows": 400000, "Plan Width": 8, "Actual Startup Time": 7.809, "Actual Total Time": 107.074, "Actual Rows": 800000, "Actual Loops": 1, "Output": ["partsupp.ps_partkey", "partsupp.ps_suppkey"], "Filter": "(NOT (hashed SubPlan 1))", "Rows Removed by Filter": 0, "Heap Fetches": 0, "Plans": [{"Node Type": "Seq Scan", "Parent Relationship": "SubPlan", "Subplan Name": "SubPlan 1", "Parallel Aware": false, "Relation Name": "supplier", "Schema": "public", "Alias": "supplier", "Startup Cost": 0.0, "Total Cost": 347.0, "Plan Rows": 1, "Plan Width": 4, "Actual Startup Time": 7.102, "Actual Total Time": 7.102, "Actual Rows": 0, "Actual Loops": 1, "Output": ["supplier.s_suppkey"], "Filter": "((supplier.s_comment)::text ~~ '%customer%complaints%'::text)", "Rows Removed by Filter": 10000}]}, {"Node Type": "Hash", "Parent Relationship": "Inner", "Parallel Aware": false, "Startup Cost": 9097.0, "Total Cost": 9097.0, "Plan Rows": 31577, "Plan Width": 40, "Actual Startup Time": 75.226, "Actual Total Time": 75.228, "Actual Rows": 31957, "Actual Loops": 1, "Output": ["part.p_brand", "part.p_type", "part.p_size", "part.p_partkey"], "Hash Buckets": 32768, "Original Hash Buckets": 32768, "Hash Batches": 1, "Original Hash Batches": 1, "Peak Memory Usage": 2569, "Plans": [{"Node Type": "Seq Scan", "Parent Relationship": "Outer", "Parallel Aware": false, "Relation Name": "part", "Schema": "public", "Alias": "part", "Startup Cost": 0.0, "Total Cost": 9097.0, "Plan Rows": 31577, "Plan Width": 40, "Actual Startup Time": 0.028, "Actual Total Time": 67.491, "Actual Rows": 31957, "Actual Loops": 1, "Output": ["part.p_brand", "part.p_type", "part.p_size", "part.p_partkey"], "Filter": "((part.p_brand <> 'brand#33'::bpchar) AND ((part.p_type)::text !~~ 'standard anodized%'::text) AND (part.p_size = ANY ('{15,50,4,8,14,34,29,13}'::integer[])))", "Rows Removed by Filter": 168043}]}]}]}]}]}, "Planning Time": 1.376, "Triggers": [], "Execution Time": 475.321}]
q21#####[{"Plan": {"Node Type": "Limit", "Parallel Aware": false, "Startup Cost": 45319.5, "Total Cost": 45319.51, "Plan Rows": 1, "Plan Width": 34, "Actual Startup Time": 269.182, "Actual Total Time": 269.185, "Actual Rows": 0, "Actual Loops": 1, "Output": ["supplier.s_name", "(count(*))"], "Plans": [{"Node Type": "Sort", "Parent Relationship": "Outer", "Parallel Aware": false, "Startup Cost": 45319.5, "Total Cost": 45319.51, "Plan Rows": 1, "Plan Width": 34, "Actual Startup Time": 269.18, "Actual Total Time": 269.183, "Actual Rows": 0, "Actual Loops": 1, "Output": ["supplier.s_name", "(count(*))"], "Sort Key": ["(count(*)) DESC", "supplier.s_name"], "Sort Method": "quicksort", "Sort Space Used": 25, "Sort Space Type": "Memory", "Plans": [{"Node Type": "Aggregate", "Strategy": "Sorted", "Partial Mode": "Simple", "Parent Relationship": "Outer", "Parallel Aware": false, "Startup Cost": 45319.47, "Total Cost": 45319.49, "Plan Rows": 1, "Plan Width": 34, "Actual Startup Time": 269.111, "Actual Total Time": 269.114, "Actual Rows": 0, "Actual Loops": 1, "Output": ["supplier.s_name", "count(*)"], "Group Key": ["supplier.s_name"], "Plans": [{"Node Type": "Sort", "Parent Relationship": "Outer", "Parallel Aware": false, "Startup Cost": 45319.47, "Total Cost": 45319.48, "Plan Rows": 1, "Plan Width": 26, "Actual Startup Time": 269.11, "Actual Total Time": 269.112, "Actual Rows": 0, "Actual Loops": 1, "Output": ["supplier.s_name"], "Sort Key": ["supplier.s_name"], "Sort Method": "quicksort", "Sort Space Used": 25, "Sort Space Type": "Memory", "Plans": [{"Node Type": "Nested Loop", "Parent Relationship": "Outer", "Parallel Aware": false, "Join Type": "Anti", "Startup Cost": 1.3, "Total Cost": 45319.46, "Plan Rows": 1, "Plan Width": 26, "Actual Startup Time": 269.093, "Actual Total Time": 269.095, "Actual Rows": 0, "Actual Loops": 1, "Output": ["supplier.s_name"], "Inner Unique": false, "Plans": [{"Node Type": "Nested Loop", "Parent Relationship": "Outer", "Parallel Aware": false, "Join Type": "Semi", "Startup Cost": 0.86, "Total Cost": 45318.41, "Plan Rows": 1, "Plan Width": 34, "Actual Startup Time": 269.093, "Actual Total Time": 269.095, "Actual Rows": 0, "Actual Loops": 1, "Output": ["supplier.s_name", "l1.l_suppkey", "l1.l_orderkey"], "Inner Unique": false, "Join Filter": "(orders.o_orderkey = l2.l_orderkey)", "Rows Removed by Join Filter": 0, "Plans": [{"Node Type": "Nested Loop", "Parent Relationship": "Outer", "Parallel Aware": false, "Join Type": "Inner", "Startup Cost": 0.43, "Total Cost": 45317.22, "Plan Rows": 1, "Plan Width": 38, "Actual Startup Time": 269.092, "Actual Total Time": 269.094, "Actual Rows": 0, "Actual Loops": 1, "Output": ["supplier.s_name", "l1.l_suppkey", "l1.l_orderkey", "orders.o_orderkey"], "Inner Unique": false, "Join Filter": "(supplier.s_nationkey = nation.n_nationkey)", "Rows Removed by Join Filter": 0, "Plans": [{"Node Type": "Nested Loop", "Parent Relationship": "Outer", "Parallel Aware": false, "Join Type": "Inner", "Startup Cost": 0.43, "Total Cost": 45300.8, "Plan Rows": 1, "Plan Width": 42, "Actual Startup Time": 269.092, "Actual Total Time": 269.093, "Actual Rows": 0, "Actual Loops": 1, "Output": ["supplier.s_name", "supplier.s_nationkey", "l1.l_suppkey", "l1.l_orderkey", "orders.o_orderkey"], "Inner Unique": false, "Join Filter": "(l1.l_suppkey = supplier.s_suppkey)", "Rows Removed by Join Filter": 0, "Plans": [{"Node Type": "Nested Loop", "Parent Relationship": "Outer", "Parallel Aware": false, "Join Type": "Inner", "Startup Cost": 0.43, "Total Cost": 44853.8, "Plan Rows": 1, "Plan Width": 12, "Actual Startup Time": 269.092, "Actual Total Time": 269.093, "Actual Rows": 0, "Actual Loops": 1, "Output": ["l1.l_suppkey", "l1.l_orderkey", "orders.o_orderkey"], "Inner Unique": false, "Plans": [{"Node Type": "Seq Scan", "Parent Relationship": "Outer", "Parallel Aware": false, "Relation Name": "orders", "Schema": "public", "Alias": "orders", "Startup Cost": 0.0, "Total Cost": 44845.0, "Plan Rows": 1, "Plan Width": 4, "Actual Startup Time": 269.091, "Actual Total Time": 269.091, "Actual Rows": 0, "Actual Loops": 1, "Output": ["orders.o_orderkey", "orders.o_custkey", "orders.o_orderstatus", "orders.o_totalprice", "orders.o_orderdate", "orders.o_orderpriority", "orders.o_clerk", "orders.o_shippriority", "orders.o_comment"], "Filter": "(orders.o_orderstatus = 'f'::bpchar)", "Rows Removed by Filter": 1500000}, {"Node Type": "Index Scan", "Parent Relationship": "Inner", "Parallel Aware": false, "Scan Direction": "Forward", "Index Name": "idx_lineitem_orderkey", "Relation Name": "lineitem", "Schema": "public", "Alias": "l1", "Startup Cost": 0.43, "Total Cost": 8.75, "Plan Rows": 5, "Plan Width": 8, "Actual Startup Time": 0.0, "Actual Total Time": 0.0, "Actual Rows": 0, "Actual Loops": 0, "Output": ["l1.l_orderkey", "l1.l_partkey", "l1.l_suppkey", "l1.l_linenumber", "l1.l_quantity", "l1.l_extendedprice", "l1.l_discount", "l1.l_tax", "l1.l_returnflag", "l1.l_linestatus", "l1.l_shipdate", "l1.l_commitdate", "l1.l_receiptdate", "l1.l_shipinstruct", "l1.l_shipmode", "l1.l_comment"], "Index Cond": "(l1.l_orderkey = orders.o_orderkey)", "Rows Removed by Index Recheck": 0, "Filter": "(l1.l_receiptdate > l1.l_commitdate)", "Rows Removed by Filter": 0}]}, {"Node Type": "Seq Scan", "Parent Relationship": "Inner", "Parallel Aware": false, "Relation Name": "supplier", "Schema": "public", "Alias": "supplier", "Startup Cost": 0.0, "Total Cost": 322.0, "Plan Rows": 10000, "Plan Width": 34, "Actual Startup Time": 0.0, "Actual Total Time": 0.0, "Actual Rows": 0, "Actual Loops": 0, "Output": ["supplier.s_suppkey", "supplier.s_name", "supplier.s_address", "supplier.s_nationkey", "supplier.s_phone", "supplier.s_acctbal", "supplier.s_comment"]}]}, {"Node Type": "Seq Scan", "Parent Relationship": "Inner", "Parallel Aware": false, "Relation Name": "nation", "Schema": "public", "Alias": "nation", "Startup Cost": 0.0, "Total Cost": 16.38, "Plan Rows": 3, "Plan Width": 4, "Actual Startup Time": 0.0, "Actual Total Time": 0.0, "Actual Rows": 0, "Actual Loops": 0, "Output": ["nation.n_nationkey", "nation.n_name", "nation.n_regionkey", "nation.n_comment"], "Filter": "(nation.n_name = 'algeria'::bpchar)", "Rows Removed by Filter": 0}]}, {"Node Type": "Index Scan", "Parent Relationship": "Inner", "Parallel Aware": false, "Scan Direction": "Forward", "Index Name": "idx_lineitem_orderkey", "Relation Name": "lineitem", "Schema": "public", "Alias": "l2", "Startup Cost": 0.43, "Total Cost": 1.0, "Plan Rows": 16, "Plan Width": 8, "Actual Startup Time": 0.0, "Actual Total Time": 0.0, "Actual Rows": 0, "Actual Loops": 0, "Output": ["l2.l_orderkey", "l2.l_partkey", "l2.l_suppkey", "l2.l_linenumber", "l2.l_quantity", "l2.l_extendedprice", "l2.l_discount", "l2.l_tax", "l2.l_returnflag", "l2.l_linestatus", "l2.l_shipdate", "l2.l_commitdate", "l2.l_receiptdate", "l2.l_shipinstruct", "l2.l_shipmode", "l2.l_comment"], "Index Cond": "(l2.l_orderkey = l1.l_orderkey)", "Rows Removed by Index Recheck": 0, "Filter": "(l2.l_suppkey <> l1.l_suppkey)", "Rows Removed by Filter": 0}]}, {"Node Type": "Index Scan", "Parent Relationship": "Inner", "Parallel Aware": false, "Scan Direction": "Forward", "Index Name": "idx_lineitem_orderkey", "Relation Name": "lineitem", "Schema": "public", "Alias": "l3", "Startup Cost": 0.43, "Total Cost": 1.04, "Plan Rows": 5, "Plan Width": 8, "Actual Startup Time": 0.0, "Actual Total Time": 0.0, "Actual Rows": 0, "Actual Loops": 0, "Output": ["l3.l_orderkey", "l3.l_partkey", "l3.l_suppkey", "l3.l_linenumber", "l3.l_quantity", "l3.l_extendedprice", "l3.l_discount", "l3.l_tax", "l3.l_returnflag", "l3.l_linestatus", "l3.l_shipdate", "l3.l_commitdate", "l3.l_receiptdate", "l3.l_shipinstruct", "l3.l_shipmode", "l3.l_comment"], "Index Cond": "(l3.l_orderkey = l1.l_orderkey)", "Rows Removed by Index Recheck": 0, "Filter": "((l3.l_receiptdate > l3.l_commitdate) AND (l3.l_suppkey <> l1.l_suppkey))", "Rows Removed by Filter": 0}]}]}]}]}]}, "Planning Time": 5.787, "Triggers": [], "Execution Time": 269.411}]
q14#####[{"Plan": {"Node Type": "Aggregate", "Strategy": "Plain", "Partial Mode": "Simple", "Parallel Aware": false, "Startup Cost": 213713.56, "Total Cost": 213713.57, "Plan Rows": 1, "Plan Width": 32, "Actual Startup Time": 1486.723, "Actual Total Time": 1486.726, "Actual Rows": 1, "Actual Loops": 1, "Output": ["((100.00 * sum(CASE WHEN ((part.p_type)::text ~~ 'promo%'::text) THEN (lineitem.l_extendedprice * ('1'::numeric - lineitem.l_discount)) ELSE '0'::numeric END)) / sum((lineitem.l_extendedprice * ('1'::numeric - lineitem.l_discount))))"], "Plans": [{"Node Type": "Hash Join", "Parent Relationship": "Outer", "Parallel Aware": false, "Join Type": "Inner", "Startup Cost": 8597.0, "Total Cost": 212260.82, "Plan Rows": 83013, "Plan Width": 33, "Actual Startup Time": 93.69, "Actual Total Time": 1457.879, "Actual Rows": 76742, "Actual Loops": 1, "Output": ["part.p_type", "lineitem.l_extendedprice", "lineitem.l_discount"], "Inner Unique": false, "Hash Cond": "(lineitem.l_partkey = part.p_partkey)", "Plans": [{"Node Type": "Seq Scan", "Parent Relationship": "Outer", "Parallel Aware": false, "Relation Name": "lineitem", "Schema": "public", "Alias": "lineitem", "Startup Cost": 0.0, "Total Cost": 202522.39, "Plan Rows": 83013, "Plan Width": 16, "Actual Startup Time": 0.034, "Actual Total Time": 1322.728, "Actual Rows": 76742, "Actual Loops": 1, "Output": ["lineitem.l_orderkey", "lineitem.l_partkey", "lineitem.l_suppkey", "lineitem.l_linenumber", "lineitem.l_quantity", "lineitem.l_extendedprice", "lineitem.l_discount", "lineitem.l_tax", "lineitem.l_returnflag", "lineitem.l_linestatus", "lineitem.l_shipdate", "lineitem.l_commitdate", "lineitem.l_receiptdate", "lineitem.l_shipinstruct", "lineitem.l_shipmode", "lineitem.l_comment"], "Filter": "((lineitem.l_shipdate >= '1994-01-01'::date) AND (lineitem.l_shipdate < '1994-02-01 00:00:00'::timestamp without time zone))", "Rows Removed by Filter": 5924473}, {"Node Type": "Hash", "Parent Relationship": "Inner", "Parallel Aware": false, "Startup Cost": 6097.0, "Total Cost": 6097.0, "Plan Rows": 200000, "Plan Width": 25, "Actual Startup Time": 91.501, "Actual Total Time": 91.502, "Actual Rows": 200000, "Actual Loops": 1, "Output": ["part.p_type", "part.p_partkey"], "Hash Buckets": 262144, "Original Hash Buckets": 262144, "Hash Batches": 1, "Original Hash Batches": 1, "Peak Memory Usage": 13600, "Plans": [{"Node Type": "Seq Scan", "Parent Relationship": "Outer", "Parallel Aware": false, "Relation Name": "part", "Schema": "public", "Alias": "part", "Startup Cost": 0.0, "Total Cost": 6097.0, "Plan Rows": 200000, "Plan Width": 25, "Actual Startup Time": 0.023, "Actual Total Time": 50.529, "Actual Rows": 200000, "Actual Loops": 1, "Output": ["part.p_type", "part.p_partkey"]}]}]}]}, "Planning Time": 2.53, "Triggers": [], "Execution Time": 1487.051}]
q12#####[{"Plan": {"Node Type": "Aggregate", "Strategy": "Sorted", "Partial Mode": "Simple", "Parallel Aware": false, "Startup Cost": 247540.56, "Total Cost": 247540.59, "Plan Rows": 1, "Plan Width": 27, "Actual Startup Time": 1495.633, "Actual Total Time": 1495.634, "Actual Rows": 0, "Actual Loops": 1, "Output": ["lineitem.l_shipmode", "sum(CASE WHEN ((orders.o_orderpriority = '1-urgent'::bpchar) OR (orders.o_orderpriority = '2-high'::bpchar)) THEN 1 ELSE 0 END)", "sum(CASE WHEN ((orders.o_orderpriority <> '1-urgent'::bpchar) AND (orders.o_orderpriority <> '2-high'::bpchar)) THEN 1 ELSE 0 END)"], "Group Key": ["lineitem.l_shipmode"], "Plans": [{"Node Type": "Sort", "Parent Relationship": "Outer", "Parallel Aware": false, "Startup Cost": 247540.56, "Total Cost": 247540.56, "Plan Rows": 1, "Plan Width": 27, "Actual Startup Time": 1495.632, "Actual Total Time": 1495.633, "Actual Rows": 0, "Actual Loops": 1, "Output": ["lineitem.l_shipmode", "orders.o_orderpriority"], "Sort Key": ["lineitem.l_shipmode"], "Sort Method": "quicksort", "Sort Space Used": 25, "Sort Space Type": "Memory", "Plans": [{"Node Type": "Nested Loop", "Parent Relationship": "Outer", "Parallel Aware": false, "Join Type": "Inner", "Startup Cost": 0.43, "Total Cost": 247540.55, "Plan Rows": 1, "Plan Width": 27, "Actual Startup Time": 1495.592, "Actual Total Time": 1495.593, "Actual Rows": 0, "Actual Loops": 1, "Output": ["lineitem.l_shipmode", "orders.o_orderpriority"], "Inner Unique": false, "Plans": [{"Node Type": "Seq Scan", "Parent Relationship": "Outer", "Parallel Aware": false, "Relation Name": "lineitem", "Schema": "public", "Alias": "lineitem", "Startup Cost": 0.0, "Total Cost": 247532.09, "Plan Rows": 1, "Plan Width": 15, "Actual Startup Time": 1495.591, "Actual Total Time": 1495.591, "Actual Rows": 0, "Actual Loops": 1, "Output": ["lineitem.l_orderkey", "lineitem.l_partkey", "lineitem.l_suppkey", "lineitem.l_linenumber", "lineitem.l_quantity", "lineitem.l_extendedprice", "lineitem.l_discount", "lineitem.l_tax", "lineitem.l_returnflag", "lineitem.l_linestatus", "lineitem.l_shipdate", "lineitem.l_commitdate", "lineitem.l_receiptdate", "lineitem.l_shipinstruct", "lineitem.l_shipmode", "lineitem.l_comment"], "Filter": "((lineitem.l_shipmode = ANY ('{ship,air}'::bpchar[])) AND (lineitem.l_commitdate < lineitem.l_receiptdate) AND (lineitem.l_shipdate < lineitem.l_commitdate) AND (lineitem.l_receiptdate >= '1993-01-01'::date) AND (lineitem.l_receiptdate < '1994-01-01 00:00:00'::timestamp without time zone))", "Rows Removed by Filter": 6001215}, {"Node Type": "Index Scan", "Parent Relationship": "Inner", "Parallel Aware": false, "Scan Direction": "Forward", "Index Name": "idx_orders_orderkey", "Relation Name": "orders", "Schema": "public", "Alias": "orders", "Startup Cost": 0.43, "Total Cost": 8.45, "Plan Rows": 1, "Plan Width": 20, "Actual Startup Time": 0.0, "Actual Total Time": 0.0, "Actual Rows": 0, "Actual Loops": 0, "Output": ["orders.o_orderkey", "orders.o_custkey", "orders.o_orderstatus", "orders.o_totalprice", "orders.o_orderdate", "orders.o_orderpriority", "orders.o_clerk", "orders.o_shippriority", "orders.o_comment"], "Index Cond": "(orders.o_orderkey = lineitem.l_orderkey)", "Rows Removed by Index Recheck": 0}]}]}]}, "Planning Time": 0.997, "Triggers": [], "Execution Time": 1495.713}]
q10#####[{"Plan": {"Node Type": "Limit", "Parallel Aware": false, "Startup Cost": 187549.99, "Total Cost": 187549.99, "Plan Rows": 3, "Plan Width": 205, "Actual Startup Time": 1422.41, "Actual Total Time": 1422.413, "Actual Rows": 0, "Actual Loops": 1, "Output": ["customer.c_custkey", "customer.c_name", "(sum((lineitem.l_extendedprice * ('1'::numeric - lineitem.l_discount))))", "customer.c_acctbal", "nation.n_name", "customer.c_address", "customer.c_phone", "customer.c_comment"], "Plans": [{"Node Type": "Sort", "Parent Relationship": "Outer", "Parallel Aware": false, "Startup Cost": 187549.99, "Total Cost": 187549.99, "Plan Rows": 3, "Plan Width": 205, "Actual Startup Time": 1422.409, "Actual Total Time": 1422.412, "Actual Rows": 0, "Actual Loops": 1, "Output": ["customer.c_custkey", "customer.c_name", "(sum((lineitem.l_extendedprice * ('1'::numeric - lineitem.l_discount))))", "customer.c_acctbal", "nation.n_name", "customer.c_address", "customer.c_phone", "customer.c_comment"], "Sort Key": ["(sum((lineitem.l_extendedprice * ('1'::numeric - lineitem.l_discount)))) DESC"], "Sort Method": "quicksort", "Sort Space Used": 25, "Sort Space Type": "Memory", "Plans": [{"Node Type": "Aggregate", "Strategy": "Sorted", "Partial Mode": "Simple", "Parent Relationship": "Outer", "Parallel Aware": false, "Startup Cost": 187549.84, "Total Cost": 187549.96, "Plan Rows": 3, "Plan Width": 205, "Actual Startup Time": 1422.385, "Actual Total Time": 1422.387, "Actual Rows": 0, "Actual Loops": 1, "Output": ["customer.c_custkey", "customer.c_name", "sum((lineitem.l_extendedprice * ('1'::numeric - lineitem.l_discount)))", "customer.c_acctbal", "nation.n_name", "customer.c_address", "customer.c_phone", "customer.c_comment"], "Group Key": ["customer.c_custkey", "customer.c_name", "customer.c_acctbal", "customer.c_phone", "nation.n_name", "customer.c_address", "customer.c_comment"], "Plans": [{"Node Type": "Sort", "Parent Relationship": "Outer", "Parallel Aware": false, "Startup Cost": 187549.84, "Total Cost": 187549.85, "Plan Rows": 3, "Plan Width": 185, "Actual Startup Time": 1422.384, "Actual Total Time": 1422.386, "Actual Rows": 0, "Actual Loops": 1, "Output": ["customer.c_custkey", "customer.c_name", "customer.c_acctbal", "nation.n_name", "customer.c_address", "customer.c_phone", "customer.c_comment", "lineitem.l_extendedprice", "lineitem.l_discount"], "Sort Key": ["customer.c_custkey", "customer.c_name", "customer.c_acctbal", "customer.c_phone", "nation.n_name", "customer.c_address", "customer.c_comment"], "Sort Method": "quicksort", "Sort Space Used": 25, "Sort Space Type": "Memory", "Plans": [{"Node Type": "Nested Loop", "Parent Relationship": "Outer", "Parallel Aware": false, "Join Type": "Inner", "Startup Cost": 0.85, "Total Cost": 187549.82, "Plan Rows": 3, "Plan Width": 185, "Actual Startup Time": 1422.348, "Actual Total Time": 1422.35, "Actual Rows": 0, "Actual Loops": 1, "Output": ["customer.c_custkey", "customer.c_name", "customer.c_acctbal", "nation.n_name", "customer.c_address", "customer.c_phone", "customer.c_comment", "lineitem.l_extendedprice", "lineitem.l_discount"], "Inner Unique": false, "Join Filter": "(customer.c_nationkey = nation.n_nationkey)", "Rows Removed by Join Filter": 0, "Plans": [{"Node Type": "Nested Loop", "Parent Relationship": "Outer", "Parallel Aware": false, "Join Type": "Inner", "Startup Cost": 0.85, "Total Cost": 187528.34, "Plan Rows": 1, "Plan Width": 160, "Actual Startup Time": 1422.348, "Actual Total Time": 1422.35, "Actual Rows": 0, "Actual Loops": 1, "Output": ["customer.c_custkey", "customer.c_name", "customer.c_acctbal", "customer.c_address", "customer.c_phone", "customer.c_comment", "customer.c_nationkey", "lineitem.l_extendedprice", "lineitem.l_discount"], "Inner Unique": false, "Plans": [{"Node Type": "Nested Loop", "Parent Relationship": "Outer", "Parallel Aware": false, "Join Type": "Inner", "Startup Cost": 0.43, "Total Cost": 187527.62, "Plan Rows": 1, "Plan Width": 16, "Actual Startup Time": 1422.348, "Actual Total Time": 1422.349, "Actual Rows": 0, "Actual Loops": 1, "Output": ["orders.o_custkey", "lineitem.l_extendedprice", "lineitem.l_discount"], "Inner Unique": false, "Plans": [{"Node Type": "Seq Scan", "Parent Relationship": "Outer", "Parallel Aware": false, "Relation Name": "lineitem", "Schema": "public", "Alias": "lineitem", "Startup Cost": 0.0, "Total Cost": 187519.16, "Plan Rows": 1, "Plan Width": 16, "Actual Startup Time": 1422.347, "Actual Total Time": 1422.347, "Actual Rows": 0, "Actual Loops": 1, "Output": ["lineitem.l_orderkey", "lineitem.l_partkey", "lineitem.l_suppkey", "lineitem.l_linenumber", "lineitem.l_quantity", "lineitem.l_extendedprice", "lineitem.l_discount", "lineitem.l_tax", "lineitem.l_returnflag", "lineitem.l_linestatus", "lineitem.l_shipdate", "lineitem.l_commitdate", "lineitem.l_receiptdate", "lineitem.l_shipinstruct", "lineitem.l_shipmode", "lineitem.l_comment"], "Filter": "(lineitem.l_returnflag = 'r'::bpchar)", "Rows Removed by Filter": 6001215}, {"Node Type": "Index Scan", "Parent Relationship": "Inner", "Parallel Aware": false, "Scan Direction": "Forward", "Index Name": "idx_orders_orderkey", "Relation Name": "orders", "Schema": "public", "Alias": "orders", "Startup Cost": 0.43, "Total Cost": 8.45, "Plan Rows": 1, "Plan Width": 8, "Actual Startup Time": 0.0, "Actual Total Time": 0.0, "Actual Rows": 0, "Actual Loops": 0, "Output": ["orders.o_orderkey", "orders.o_custkey", "orders.o_orderstatus", "orders.o_totalprice", "orders.o_orderdate", "orders.o_orderpriority", "orders.o_clerk", "orders.o_shippriority", "orders.o_comment"], "Index Cond": "(orders.o_orderkey = lineitem.l_orderkey)", "Rows Removed by Index Recheck": 0, "Filter": "((orders.o_orderdate >= '1993-06-01'::date) AND (orders.o_orderdate < '1993-09-01 00:00:00'::timestamp without time zone))", "Rows Removed by Filter": 0}]}, {"Node Type": "Index Scan", "Parent Relationship": "Inner", "Parallel Aware": false, "Scan Direction": "Forward", "Index Name": "idx_customer_custkey", "Relation Name": "customer", "Schema": "public", "Alias": "customer", "Startup Cost": 0.42, "Total Cost": 0.71, "Plan Rows": 1, "Plan Width": 148, "Actual Startup Time": 0.0, "Actual Total Time": 0.0, "Actual Rows": 0, "Actual Loops": 0, "Output": ["customer.c_custkey", "customer.c_name", "customer.c_address", "customer.c_nationkey", "customer.c_phone", "customer.c_acctbal", "customer.c_mktsegment", "customer.c_comment"], "Index Cond": "(customer.c_custkey = orders.o_custkey)", "Rows Removed by Index Recheck": 0}]}, {"Node Type": "Seq Scan", "Parent Relationship": "Inner", "Parallel Aware": false, "Relation Name": "nation", "Schema": "public", "Alias": "nation", "Startup Cost": 0.0, "Total Cost": 15.1, "Plan Rows": 510, "Plan Width": 33, "Actual Startup Time": 0.0, "Actual Total Time": 0.0, "Actual Rows": 0, "Actual Loops": 0, "Output": ["nation.n_nationkey", "nation.n_name", "nation.n_regionkey", "nation.n_comment"]}]}]}]}]}]}, "Planning Time": 1.87, "Triggers": [], "Execution Time": 1422.544}]
q13#####[{"Plan": {"Node Type": "Sort", "Parallel Aware": false, "Startup Cost": 82508.25, "Total Cost": 82508.75, "Plan Rows": 200, "Plan Width": 16, "Actual Startup Time": 1774.146, "Actual Total Time": 1774.15, "Actual Rows": 42, "Actual Loops": 1, "Output": ["(count(orders.o_orderkey))", "(count(*))"], "Sort Key": ["(count(*)) DESC", "(count(orders.o_orderkey)) DESC"], "Sort Method": "quicksort", "Sort Space Used": 26, "Sort Space Type": "Memory", "Plans": [{"Node Type": "Aggregate", "Strategy": "Hashed", "Partial Mode": "Simple", "Parent Relationship": "Outer", "Parallel Aware": false, "Startup Cost": 82498.61, "Total Cost": 82500.61, "Plan Rows": 200, "Plan Width": 16, "Actual Startup Time": 1774.105, "Actual Total Time": 1774.113, "Actual Rows": 42, "Actual Loops": 1, "Output": ["(count(orders.o_orderkey))", "count(*)"], "Group Key": ["count(orders.o_orderkey)"], "Planned Partitions": 0, "HashAgg Batches": 1, "Peak Memory Usage": 40, "Disk Usage": 0, "Plans": [{"Node Type": "Aggregate", "Strategy": "Hashed", "Partial Mode": "Simple", "Parent Relationship": "Outer", "Parallel Aware": false, "Startup Cost": 78748.61, "Total Cost": 80248.61, "Plan Rows": 150000, "Plan Width": 12, "Actual Startup Time": 1728.536, "Actual Total Time": 1758.331, "Actual Rows": 150000, "Actual Loops": 1, "Output": ["customer.c_custkey", "count(orders.o_orderkey)"], "Group Key": ["customer.c_custkey"], "Planned Partitions": 0, "HashAgg Batches": 1, "Peak Memory Usage": 22545, "Disk Usage": 0, "Plans": [{"Node Type": "Hash Join", "Parent Relationship": "Outer", "Parallel Aware": false, "Join Type": "Right", "Startup Cost": 5781.42, "Total Cost": 71249.36, "Plan Rows": 1499850, "Plan Width": 8, "Actual Startup Time": 57.909, "Actual Total Time": 1236.962, "Actual Rows": 1533945, "Actual Loops": 1, "Output": ["customer.c_custkey", "orders.o_orderkey"], "Inner Unique": false, "Hash Cond": "(orders.o_custkey = customer.c_custkey)", "Plans": [{"Node Type": "Seq Scan", "Parent Relationship": "Outer", "Parallel Aware": false, "Relation Name": "orders", "Schema": "public", "Alias": "orders", "Startup Cost": 0.0, "Total Cost": 44845.0, "Plan Rows": 1499850, "Plan Width": 8, "Actual Startup Time": 0.022, "Actual Total Time": 594.881, "Actual Rows": 1483941, "Actual Loops": 1, "Output": ["orders.o_orderkey", "orders.o_custkey", "orders.o_orderstatus", "orders.o_totalprice", "orders.o_orderdate", "orders.o_orderpriority", "orders.o_clerk", "orders.o_shippriority", "orders.o_comment"], "Filter": "((orders.o_comment)::text !~~ '%express%packages%'::text)", "Rows Removed by Filter": 16059}, {"Node Type": "Hash", "Parent Relationship": "Inner", "Parallel Aware": false, "Startup Cost": 3906.42, "Total Cost": 3906.42, "Plan Rows": 150000, "Plan Width": 4, "Actual Startup Time": 56.721, "Actual Total Time": 56.722, "Actual Rows": 150000, "Actual Loops": 1, "Output": ["customer.c_custkey"], "Hash Buckets": 262144, "Original Hash Buckets": 262144, "Hash Batches": 1, "Original Hash Batches": 1, "Peak Memory Usage": 7322, "Plans": [{"Node Type": "Index Only Scan", "Parent Relationship": "Outer", "Parallel Aware": false, "Scan Direction": "Forward", "Index Name": "idx_customer_custkey", "Relation Name": "customer", "Schema": "public", "Alias": "customer", "Startup Cost": 0.42, "Total Cost": 3906.42, "Plan Rows": 150000, "Plan Width": 4, "Actual Startup Time": 0.026, "Actual Total Time": 22.247, "Actual Rows": 150000, "Actual Loops": 1, "Output": ["customer.c_custkey"], "Heap Fetches": 0}]}]}]}]}]}, "Planning Time": 1.057, "Triggers": [], "Execution Time": 1778.95}]
q18#####[{"Plan": {"Node Type": "Limit", "Parallel Aware": false, "Startup Cost": 450603.63, "Total Cost": 450603.88, "Plan Rows": 100, "Plan Width": 71, "Actual Startup Time": 4016.533, "Actual Total Time": 4016.539, "Actual Rows": 10, "Actual Loops": 1, "Output": ["customer.c_name", "customer.c_custkey", "orders.o_orderkey", "orders.o_orderdate", "orders.o_totalprice", "(sum(lineitem.l_quantity))"], "Plans": [{"Node Type": "Sort", "Parent Relationship": "Outer", "Parallel Aware": false, "Startup Cost": 450603.63, "Total Cost": 451875.42, "Plan Rows": 508714, "Plan Width": 71, "Actual Startup Time": 4016.532, "Actual Total Time": 4016.537, "Actual Rows": 10, "Actual Loops": 1, "Output": ["customer.c_name", "customer.c_custkey", "orders.o_orderkey", "orders.o_orderdate", "orders.o_totalprice", "(sum(lineitem.l_quantity))"], "Sort Key": ["orders.o_totalprice DESC", "orders.o_orderdate"], "Sort Method": "quicksort", "Sort Space Used": 25, "Sort Space Type": "Memory", "Plans": [{"Node Type": "Aggregate", "Strategy": "Hashed", "Partial Mode": "Simple", "Parent Relationship": "Outer", "Parallel Aware": false, "Startup Cost": 424802.02, "Total Cost": 431160.95, "Plan Rows": 508714, "Plan Width": 71, "Actual Startup Time": 4014.08, "Actual Total Time": 4016.478, "Actual Rows": 10, "Actual Loops": 1, "Output": ["customer.c_name", "customer.c_custkey", "orders.o_orderkey", "orders.o_orderdate", "orders.o_totalprice", "sum(lineitem.l_quantity)"], "Group Key": ["orders.o_totalprice", "orders.o_orderdate", "customer.c_name", "customer.c_custkey", "orders.o_orderkey"], "Planned Partitions": 0, "HashAgg Batches": 1, "Peak Memory Usage": 24601, "Disk Usage": 0, "Plans": [{"Node Type": "Nested Loop", "Parent Relationship": "Outer", "Parallel Aware": false, "Join Type": "Inner", "Startup Cost": 218065.54, "Total Cost": 417171.31, "Plan Rows": 508714, "Plan Width": 44, "Actual Startup Time": 3768.699, "Actual Total Time": 4013.959, "Actual Rows": 70, "Actual Loops": 1, "Output": ["customer.c_name", "customer.c_custkey", "orders.o_orderkey", "orders.o_orderdate", "orders.o_totalprice", "lineitem.l_quantity"], "Inner Unique": false, "Plans": [{"Node Type": "Hash Join", "Parent Relationship": "Outer", "Parallel Aware": false, "Join Type": "Inner", "Startup Cost": 218065.1, "Total Cost": 264845.94, "Plan Rows": 127151, "Plan Width": 43, "Actual Startup Time": 3768.665, "Actual Total Time": 4013.758, "Actual Rows": 10, "Actual Loops": 1, "Output": ["customer.c_name", "customer.c_custkey", "orders.o_orderkey", "orders.o_orderdate", "orders.o_totalprice", "lineitem_1.l_orderkey"], "Inner Unique": false, "Hash Cond": "(orders.o_custkey = customer.c_custkey)", "Plans": [{"Node Type": "Hash Join", "Parent Relationship": "Outer", "Parallel Aware": false, "Join Type": "Inner", "Startup Cost": 211105.1, "Total Cost": 256137.61, "Plan Rows": 127151, "Plan Width": 24, "Actual Startup Time": 3711.273, "Actual Total Time": 3956.348, "Actual Rows": 10, "Actual Loops": 1, "Output": ["orders.o_orderkey", "orders.o_orderdate", "orders.o_totalprice", "orders.o_custkey", "lineitem_1.l_orderkey"], "Inner Unique": true, "Hash Cond": "(orders.o_orderkey = lineitem_1.l_orderkey)", "Plans": [{"Node Type": "Seq Scan", "Parent Relationship": "Outer", "Parallel Aware": false, "Relation Name": "orders", "Schema": "public", "Alias": "orders", "Startup Cost": 0.0, "Total Cost": 41095.0, "Plan Rows": 1500000, "Plan Width": 20, "Actual Startup Time": 0.011, "Actual Total Time": 81.789, "Actual Rows": 1500000, "Actual Loops": 1, "Output": ["orders.o_orderkey", "orders.o_custkey", "orders.o_orderstatus", "orders.o_totalprice", "orders.o_orderdate", "orders.o_orderpriority", "orders.o_clerk", "orders.o_shippriority", "orders.o_comment"]}, {"Node Type": "Hash", "Parent Relationship": "Inner", "Parallel Aware": false, "Startup Cost": 209515.72, "Total Cost": 209515.72, "Plan Rows": 127151, "Plan Width": 4, "Actual Startup Time": 3641.417, "Actual Total Time": 3641.418, "Actual Rows": 10, "Actual Loops": 1, "Output": ["lineitem_1.l_orderkey"], "Hash Buckets": 131072, "Original Hash Buckets": 131072, "Hash Batches": 1, "Original Hash Batches": 1, "Peak Memory Usage": 1025, "Plans": [{"Node Type": "Aggregate", "Strategy": "Hashed", "Partial Mode": "Simple", "Parent Relationship": "Outer", "Parallel Aware": false, "Startup Cost": 202522.4, "Total Cost": 208244.21, "Plan Rows": 127151, "Plan Width": 4, "Actual Startup Time": 3043.426, "Actual Total Time": 3641.392, "Actual Rows": 10, "Actual Loops": 1, "Output": ["lineitem_1.l_orderkey"], "Group Key": ["lineitem_1.l_orderkey"], "Filter": "(sum(lineitem_1.l_quantity) > '312'::numeric)", "Planned Partitions": 0, "HashAgg Batches": 1, "Peak Memory Usage": 450577, "Disk Usage": 0, "Rows Removed by Filter": 1499990, "Plans": [{"Node Type": "Seq Scan", "Parent Relationship": "Outer", "Parallel Aware": false, "Relation Name": "lineitem", "Schema": "public", "Alias": "lineitem_1", "Startup Cost": 0.0, "Total Cost": 172515.93, "Plan Rows": 6001293, "Plan Width": 9, "Actual Startup Time": 0.005, "Actual Total Time": 487.922, "Actual Rows": 6001215, "Actual Loops": 1, "Output": ["lineitem_1.l_orderkey", "lineitem_1.l_partkey", "lineitem_1.l_suppkey", "lineitem_1.l_linenumber", "lineitem_1.l_quantity", "lineitem_1.l_extendedprice", "lineitem_1.l_discount", "lineitem_1.l_tax", "lineitem_1.l_returnflag", "lineitem_1.l_linestatus", "lineitem_1.l_shipdate", "lineitem_1.l_commitdate", "lineitem_1.l_receiptdate", "lineitem_1.l_shipinstruct", "lineitem_1.l_shipmode", "lineitem_1.l_comment"]}]}]}]}, {"Node Type": "Hash", "Parent Relationship": "Inner", "Parallel Aware": false, "Startup Cost": 5085.0, "Total Cost": 5085.0, "Plan Rows": 150000, "Plan Width": 23, "Actual Startup Time": 56.464, "Actual Total Time": 56.465, "Actual Rows": 150000, "Actual Loops": 1, "Output": ["customer.c_name", "customer.c_custkey"], "Hash Buckets": 262144, "Original Hash Buckets": 262144, "Hash Batches": 1, "Original Hash Batches": 1, "Peak Memory Usage": 10252, "Plans": [{"Node Type": "Seq Scan", "Parent Relationship": "Outer", "Parallel Aware": false, "Relation Name": "customer", "Schema": "public", "Alias": "customer", "Startup Cost": 0.0, "Total Cost": 5085.0, "Plan Rows": 150000, "Plan Width": 23, "Actual Startup Time": 0.021, "Actual Total Time": 31.847, "Actual Rows": 150000, "Actual Loops": 1, "Output": ["customer.c_name", "customer.c_custkey"]}]}]}, {"Node Type": "Index Scan", "Parent Relationship": "Inner", "Parallel Aware": false, "Scan Direction": "Forward", "Index Name": "idx_lineitem_orderkey", "Relation Name": "lineitem", "Schema": "public", "Alias": "lineitem", "Startup Cost": 0.43, "Total Cost": 1.04, "Plan Rows": 16, "Plan Width": 9, "Actual Startup Time": 0.015, "Actual Total Time": 0.017, "Actual Rows": 7, "Actual Loops": 10, "Output": ["lineitem.l_orderkey", "lineitem.l_partkey", "lineitem.l_suppkey", "lineitem.l_linenumber", "lineitem.l_quantity", "lineitem.l_extendedprice", "lineitem.l_discount", "lineitem.l_tax", "lineitem.l_returnflag", "lineitem.l_linestatus", "lineitem.l_shipdate", "lineitem.l_commitdate", "lineitem.l_receiptdate", "lineitem.l_shipinstruct", "lineitem.l_shipmode", "lineitem.l_comment"], "Index Cond": "(lineitem.l_orderkey = orders.o_orderkey)", "Rows Removed by Index Recheck": 0}]}]}]}]}, "Planning Time": 2.431, "Triggers": [], "Execution Time": 4052.017}]
q9#####[{"Plan": {"Node Type": "Aggregate", "Strategy": "Sorted", "Partial Mode": "Simple", "Parallel Aware": false, "Startup Cost": 61970.14, "Total Cost": 61977.11, "Plan Rows": 186, "Plan Width": 69, "Actual Startup Time": 3736.421, "Actual Total Time": 3936.776, "Actual Rows": 175, "Actual Loops": 1, "Output": ["nation.n_name", "(date_part('year'::text, (orders.o_orderdate)::timestamp without time zone))", "sum(((lineitem.l_extendedprice * ('1'::numeric - lineitem.l_discount)) - (partsupp.ps_supplycost * lineitem.l_quantity)))"], "Group Key": ["nation.n_name", "(date_part('year'::text, (orders.o_orderdate)::timestamp without time zone))"], "Plans": [{"Node Type": "Sort", "Parent Relationship": "Outer", "Parallel Aware": false, "Startup Cost": 61970.14, "Total Cost": 61970.6, "Plan Rows": 186, "Plan Width": 60, "Actual Startup Time": 3735.63, "Actual Total Time": 3760.121, "Actual Rows": 326696, "Actual Loops": 1, "Output": ["nation.n_name", "(date_part('year'::text, (orders.o_orderdate)::timestamp without time zone))", "lineitem.l_extendedprice", "lineitem.l_discount", "partsupp.ps_supplycost", "lineitem.l_quantity"], "Sort Key": ["nation.n_name", "(date_part('year'::text, (orders.o_orderdate)::timestamp without time zone)) DESC"], "Sort Method": "quicksort", "Sort Space Used": 58230, "Sort Space Type": "Memory", "Plans": [{"Node Type": "Nested Loop", "Parent Relationship": "Outer", "Parallel Aware": false, "Join Type": "Inner", "Startup Cost": 1.57, "Total Cost": 61963.13, "Plan Rows": 186, "Plan Width": 60, "Actual Startup Time": 1.841, "Actual Total Time": 3578.383, "Actual Rows": 326696, "Actual Loops": 1, "Output": ["nation.n_name", "date_part('year'::text, (orders.o_orderdate)::timestamp without time zone)", "lineitem.l_extendedprice", "lineitem.l_discount", "partsupp.ps_supplycost", "lineitem.l_quantity"], "Inner Unique": false, "Join Filter": "(supplier.s_nationkey = nation.n_nationkey)", "Rows Removed by Join Filter": 7840704, "Plans": [{"Node Type": "Seq Scan", "Parent Relationship": "Outer", "Parallel Aware": false, "Relation Name": "nation", "Schema": "public", "Alias": "nation", "Startup Cost": 0.0, "Total Cost": 15.1, "Plan Rows": 510, "Plan Width": 33, "Actual Startup Time": 0.036, "Actual Total Time": 0.063, "Actual Rows": 25, "Actual Loops": 1, "Output": ["nation.n_nationkey", "nation.n_name", "nation.n_regionkey", "nation.n_comment"]}, {"Node Type": "Materialize", "Parent Relationship": "Inner", "Parallel Aware": false, "Startup Cost": 1.57, "Total Cost": 61388.83, "Plan Rows": 73, "Plan Width": 31, "Actual Startup Time": 0.011, "Actual Total Time": 118.226, "Actual Rows": 326696, "Actual Loops": 25, "Output": ["lineitem.l_extendedprice", "lineitem.l_discount", "lineitem.l_quantity", "supplier.s_nationkey", "partsupp.ps_supplycost", "orders.o_orderdate"], "Plans": [{"Node Type": "Nested Loop", "Parent Relationship": "Outer", "Parallel Aware": false, "Join Type": "Inner", "Startup Cost": 1.57, "Total Cost": 61388.47, "Plan Rows": 73, "Plan Width": 31, "Actual Startup Time": 0.275, "Actual Total Time": 2608.703, "Actual Rows": 326696, "Actual Loops": 1, "Output": ["lineitem.l_extendedprice", "lineitem.l_discount", "lineitem.l_quantity", "supplier.s_nationkey", "partsupp.ps_supplycost", "orders.o_orderdate"], "Inner Unique": false, "Plans": [{"Node Type": "Nested Loop", "Parent Relationship": "Outer", "Parallel Aware": false, "Join Type": "Inner", "Startup Cost": 1.14, "Total Cost": 61353.78, "Plan Rows": 73, "Plan Width": 31, "Actual Startup Time": 0.193, "Actual Total Time": 1410.291, "Actual Rows": 326696, "Actual Loops": 1, "Output": ["lineitem.l_extendedprice", "lineitem.l_discount", "lineitem.l_quantity", "lineitem.l_orderkey", "supplier.s_nationkey", "partsupp.ps_supplycost"], "Inner Unique": false, "Plans": [{"Node Type": "Nested Loop", "Parent Relationship": "Outer", "Parallel Aware": false, "Join Type": "Inner", "Startup Cost": 0.86, "Total Cost": 61330.96, "Plan Rows": 73, "Plan Width": 35, "Actual Startup Time": 0.163, "Actual Total Time": 999.137, "Actual Rows": 326696, "Actual Loops": 1, "Output": ["lineitem.l_extendedprice", "lineitem.l_discount", "lineitem.l_quantity", "lineitem.l_suppkey", "lineitem.l_orderkey", "partsupp.ps_supplycost", "partsupp.ps_suppkey"], "Inner Unique": false, "Plans": [{"Node Type": "Nested Loop", "Parent Relationship": "Outer", "Parallel Aware": false, "Join Type": "Inner", "Startup Cost": 0.42, "Total Cost": 35344.18, "Plan Rows": 24244, "Plan Width": 18, "Actual Startup Time": 0.11, "Actual Total Time": 106.034, "Actual Rows": 43548, "Actual Loops": 1, "Output": ["part.p_partkey", "partsupp.ps_supplycost", "partsupp.ps_suppkey", "partsupp.ps_partkey"], "Inner Unique": false, "Plans": [{"Node Type": "Seq Scan", "Parent Relationship": "Outer", "Parallel Aware": false, "Relation Name": "part", "Schema": "public", "Alias": "part", "Startup Cost": 0.0, "Total Cost": 6597.0, "Plan Rows": 6061, "Plan Width": 4, "Actual Startup Time": 0.037, "Actual Total Time": 49.199, "Actual Rows": 10887, "Actual Loops": 1, "Output": ["part.p_partkey", "part.p_name", "part.p_mfgr", "part.p_brand", "part.p_type", "part.p_size", "part.p_container", "part.p_retailprice", "part.p_comment"], "Filter": "((part.p_name)::text ~~ '%sandy%'::text)", "Rows Removed by Filter": 189113}, {"Node Type": "Index Scan", "Parent Relationship": "Inner", "Parallel Aware": false, "Scan Direction": "Forward", "Index Name": "idx_partsupp_partkey", "Relation Name": "partsupp", "Schema": "public", "Alias": "partsupp", "Startup Cost": 0.42, "Total Cost": 4.7, "Plan Rows": 4, "Plan Width": 14, "Actual Startup Time": 0.004, "Actual Total Time": 0.005, "Actual Rows": 4, "Actual Loops": 10887, "Output": ["partsupp.ps_partkey", "partsupp.ps_suppkey", "partsupp.ps_availqty", "partsupp.ps_supplycost", "partsupp.ps_comment"], "Index Cond": "(partsupp.ps_partkey = part.p_partkey)", "Rows Removed by Index Recheck": 0}]}, {"Node Type": "Index Scan", "Parent Relationship": "Inner", "Parallel Aware": false, "Scan Direction": "Forward", "Index Name": "idx_lineitem_partkey_suppkey", "Relation Name": "lineitem", "Schema": "public", "Alias": "lineitem", "Startup Cost": 0.43, "Total Cost": 1.06, "Plan Rows": 1, "Plan Width": 29, "Actual Startup Time": 0.004, "Actual Total Time": 0.019, "Actual Rows": 8, "Actual Loops": 43548, "Output": ["lineitem.l_orderkey", "lineitem.l_partkey", "lineitem.l_suppkey", "lineitem.l_linenumber", "lineitem.l_quantity", "lineitem.l_extendedprice", "lineitem.l_discount", "lineitem.l_tax", "lineitem.l_returnflag", "lineitem.l_linestatus", "lineitem.l_shipdate", "lineitem.l_commitdate", "lineitem.l_receiptdate", "lineitem.l_shipinstruct", "lineitem.l_shipmode", "lineitem.l_comment"], "Index Cond": "((lineitem.l_partkey = partsupp.ps_partkey) AND (lineitem.l_suppkey = partsupp.ps_suppkey))", "Rows Removed by Index Recheck": 0}]}, {"Node Type": "Index Scan", "Parent Relationship": "Inner", "Parallel Aware": false, "Scan Direction": "Forward", "Index Name": "idx_supplier_suppkey", "Relation Name": "supplier", "Schema": "public", "Alias": "supplier", "Startup Cost": 0.29, "Total Cost": 0.3, "Plan Rows": 1, "Plan Width": 8, "Actual Startup Time": 0.001, "Actual Total Time": 0.001, "Actual Rows": 1, "Actual Loops": 326696, "Output": ["supplier.s_suppkey", "supplier.s_name", "supplier.s_address", "supplier.s_nationkey", "supplier.s_phone", "supplier.s_acctbal", "supplier.s_comment"], "Index Cond": "(supplier.s_suppkey = lineitem.l_suppkey)", "Rows Removed by Index Recheck": 0}]}, {"Node Type": "Index Scan", "Parent Relationship": "Inner", "Parallel Aware": false, "Scan Direction": "Forward", "Index Name": "idx_orders_orderkey", "Relation Name": "orders", "Schema": "public", "Alias": "orders", "Startup Cost": 0.43, "Total Cost": 0.47, "Plan Rows": 1, "Plan Width": 8, "Actual Startup Time": 0.003, "Actual Total Time": 0.003, "Actual Rows": 1, "Actual Loops": 326696, "Output": ["orders.o_orderkey", "orders.o_custkey", "orders.o_orderstatus", "orders.o_totalprice", "orders.o_orderdate", "orders.o_orderpriority", "orders.o_clerk", "orders.o_shippriority", "orders.o_comment"], "Index Cond": "(orders.o_orderkey = lineitem.l_orderkey)", "Rows Removed by Index Recheck": 0}]}]}]}]}]}, "Planning Time": 6.229, "Triggers": [], "Execution Time": 3945.099}]
q1#####[{"Plan": {"Node Type": "Sort", "Parallel Aware": false, "Startup Cost": 425246.89, "Total Cost": 425246.9, "Plan Rows": 6, "Plan Width": 236, "Actual Startup Time": 6589.094, "Actual Total Time": 6589.095, "Actual Rows": 4, "Actual Loops": 1, "Output": ["l_returnflag", "l_linestatus", "(sum(l_quantity))", "(sum(l_extendedprice))", "(sum((l_extendedprice * ('1'::numeric - l_discount))))", "(sum(((l_extendedprice * ('1'::numeric - l_discount)) * ('1'::numeric + l_tax))))", "(avg(l_quantity))", "(avg(l_extendedprice))", "(avg(l_discount))", "(count(*))"], "Sort Key": ["lineitem.l_returnflag", "lineitem.l_linestatus"], "Sort Method": "quicksort", "Sort Space Used": 25, "Sort Space Type": "Memory", "Plans": [{"Node Type": "Aggregate", "Strategy": "Hashed", "Partial Mode": "Simple", "Parent Relationship": "Outer", "Parallel Aware": false, "Startup Cost": 425246.64, "Total Cost": 425246.81, "Plan Rows": 6, "Plan Width": 236, "Actual Startup Time": 6589.027, "Actual Total Time": 6589.034, "Actual Rows": 4, "Actual Loops": 1, "Output": ["l_returnflag", "l_linestatus", "sum(l_quantity)", "sum(l_extendedprice)", "sum((l_extendedprice * ('1'::numeric - l_discount)))", "sum(((l_extendedprice * ('1'::numeric - l_discount)) * ('1'::numeric + l_tax)))", "avg(l_quantity)", "avg(l_extendedprice)", "avg(l_discount)", "count(*)"], "Group Key": ["lineitem.l_returnflag", "lineitem.l_linestatus"], "Planned Partitions": 0, "HashAgg Batches": 1, "Peak Memory Usage": 24, "Disk Usage": 0, "Plans": [{"Node Type": "Seq Scan", "Parent Relationship": "Outer", "Parallel Aware": false, "Relation Name": "lineitem", "Schema": "public", "Alias": "lineitem", "Startup Cost": 0.0, "Total Cost": 187519.16, "Plan Rows": 5943187, "Plan Width": 25, "Actual Startup Time": 0.028, "Actual Total Time": 1291.068, "Actual Rows": 5943992, "Actual Loops": 1, "Output": ["l_orderkey", "l_partkey", "l_suppkey", "l_linenumber", "l_quantity", "l_extendedprice", "l_discount", "l_tax", "l_returnflag", "l_linestatus", "l_shipdate", "l_commitdate", "l_receiptdate", "l_shipinstruct", "l_shipmode", "l_comment"], "Filter": "(lineitem.l_shipdate <= '1998-09-18 00:00:00'::timestamp without time zone)", "Rows Removed by Filter": 57223}]}]}, "Planning Time": 1.824, "Triggers": [], "Execution Time": 6589.289}]